<?xml version="1.0" encoding="UTF-8"?>
<testsuites name="Nạp tiền" time="423.886" tests="11" failures="0" errors="7">
   <testsuite name="Nạp tiền" tests="11" failures="0" errors="7" time="423.886" skipped="0" timestamp="12-10-2024T21:53:03" hostname="mac - 192.168.1.10" id="Test Suites/Quản lý tài khoản merchant/Nạp tiền">
      <properties>
         <property name="deviceName" value=""/>
         <property name="devicePlatform"/>
         <property name="logFolder" value="/Users/mac/Documents/test/Cms9Pay/Reports/20241012_215257/Qu\u1EA3n l\u00FD t\u00E0i kho\u1EA3n merchant/N\u1EA1p ti\u1EC1n/20241012_215258"/>
         <property name="logFiles" value="/Users/mac/Documents/test/Cms9Pay/Reports/20241012_215257/Qu\u1EA3n l\u00FD t\u00E0i kho\u1EA3n merchant/N\u1EA1p ti\u1EC1n/20241012_215258/execution0.log"/>
         <property name="attachments" value=""/>
         <property name="hostName" value="mac - 192.168.1.10"/>
         <property name="os" value="Mac OS X 64bit"/>
         <property name="katalonVersion" value="9.7.2.223"/>
         <property name="browser" value="Chrome 129.0.0.0"/>
         <property name="hostAddress" value="192.168.1.10"/>
         <property name="sessionId" value="2a314a411441f744e23b47efc9a22d76"/>
         <property name="seleniumVersion" value="3.141.59"/>
         <property name="proxyInformation" value="ProxyInformation { proxyOption=NO_PROXY, proxyServerType=HTTP, username=, password=********, proxyServerAddress=, proxyServerPort=0, executionList=&quot;&quot;, isApplyToDesiredCapabilities=true }"/>
         <property name="platform" value="Mac OS X"/>
      </properties>
      <testcase name="Test Cases/Quản lý tài khoản merchant/Quản lý danh sách tài khoản/Nạp tiền/TC_01_Kiểm tra mở màn hình nạp tiền" time="18.559" classname="Test Cases/Quản lý tài khoản merchant/Quản lý danh sách tài khoản/Nạp tiền/TC_01_Kiểm tra mở màn hình nạp tiền" status="PASSED">
         <system-out><![CDATA[12-10-2024T21:53:03 - [TEST_CASE][PASSED] - Test Cases/Quản lý tài khoản merchant/Quản lý danh sách tài khoản/Nạp tiền/TC_01_Kiểm tra mở màn hình nạp tiền: Test Cases/Quản lý tài khoản merchant/Quản lý danh sách tài khoản/Nạp tiền/TC_01_Kiểm tra mở màn hình nạp tiền

12-10-2024T21:53:03 - [TEST_STEP][PASSED] - Start listener action : sampleBeforeTestCase: Navigate to 'https://stg-cms-console.9pay.mobi/login' successfully

12-10-2024T21:53:03 - [TEST_STEP][PASSED] - testCaseId = testCaseContext.getTestCaseId(): null

12-10-2024T21:53:03 - [TEST_STEP][PASSED] - url = <not implemented yet for class: org.codehaus.groovy.ast.expr.EmptyExpression>: null

12-10-2024T21:53:03 - [TEST_STEP][PASSED] - if (testCaseId == "Test Cases/Quản lý tài khoản merchant/Quản lý dịch vụ merchant/TC_14_Kiểm tra thay đổi sau khi cấu hình VA trên MCV"): null

12-10-2024T21:53:03 - [TEST_STEP][PASSED] - else: null

12-10-2024T21:53:03 - [TEST_STEP][PASSED] - url = "https://stg-cms-console.9pay.mobi/login": null

12-10-2024T21:53:03 - [TEST_STEP][PASSED] - openBrowser(""): Browser is opened with url: ''

12-10-2024T21:53:04 - [MESSAGE][INFO] - Starting 'Chrome' driver

12-10-2024T21:53:04 - [MESSAGE][INFO] - Action delay is set to 0 milliseconds

12-10-2024T21:53:05 - [MESSAGE][PASSED] - Browser is opened with url: ''

12-10-2024T21:53:05 - [TEST_STEP][PASSED] - maximizeWindow(): Current window maximized

12-10-2024T21:53:05 - [MESSAGE][PASSED] - Current window maximized

12-10-2024T21:53:05 - [TEST_STEP][PASSED] - navigateToUrl(url): Navigate to 'https://stg-cms-console.9pay.mobi/login' successfully

12-10-2024T21:53:10 - [MESSAGE][PASSED] - Navigate to 'https://stg-cms-console.9pay.mobi/login' successfully

12-10-2024T21:53:10 - [TEST_STEP][PASSED] - driver = getWebDriver(): null

12-10-2024T21:53:10 - [TEST_STEP][PASSED] - callTestCase(findTestCase("Test Cases/Login/LoginCommon"), [:], STOP_ON_FAILURE): Call Test Case 'Test Cases/Login/LoginCommon' successfully

12-10-2024T21:53:10 - [TEST_CASE][PASSED] - Test Cases/Login/LoginCommon: Test Cases/Login/LoginCommon

12-10-2024T21:53:10 - [TEST_STEP][PASSED] - driver = getWebDriver(): null

12-10-2024T21:53:10 - [TEST_STEP][PASSED] - sendKeys(findTestObject("Quản lý tài khoản merchant/Quản lý dịch vụ merchant/userNameTextbox"), userAccount): Keys 'dannt@9pay.vn' sent to object: 'Object Repository/Quản lý tài khoản merchant/Quản lý dịch vụ merchant/userNameTextbox'

12-10-2024T21:53:11 - [MESSAGE][PASSED] - Keys 'dannt@9pay.vn' sent to object: 'Object Repository/Quản lý tài khoản merchant/Quản lý dịch vụ merchant/userNameTextbox'

12-10-2024T21:53:11 - [TEST_STEP][PASSED] - sendKeys(findTestObject("Quản lý tài khoản merchant/Quản lý dịch vụ merchant/passwordTextbox"), password): Keys 'dannt@9pay.vn' sent to object: 'Object Repository/Quản lý tài khoản merchant/Quản lý dịch vụ merchant/passwordTextbox'

12-10-2024T21:53:11 - [MESSAGE][PASSED] - Keys 'dannt@9pay.vn' sent to object: 'Object Repository/Quản lý tài khoản merchant/Quản lý dịch vụ merchant/passwordTextbox'

12-10-2024T21:53:11 - [TEST_STEP][PASSED] - click(findTestObject("Quản lý tài khoản merchant/Quản lý dịch vụ merchant/loginButton")): Object: 'Object Repository/Quản lý tài khoản merchant/Quản lý dịch vụ merchant/loginButton' is clicked on

12-10-2024T21:53:11 - [MESSAGE][PASSED] - Object: 'Object Repository/Quản lý tài khoản merchant/Quản lý dịch vụ merchant/loginButton' is clicked on

12-10-2024T21:53:11 - [MESSAGE][PASSED] - Call Test Case 'Test Cases/Login/LoginCommon' successfully

12-10-2024T21:53:11 - [TEST_STEP][PASSED] - waitForElementVisible(findTestObject("Trang chủ/userName"), 20, STOP_ON_FAILURE): Object 'Object Repository/Trang chủ/userName' is visible

12-10-2024T21:53:15 - [MESSAGE][PASSED] - Object 'Object Repository/Trang chủ/userName' is visible

12-10-2024T21:53:15 - [TEST_STEP][PASSED] - callTestCase(findTestCase("Test Cases/Quản lý tài khoản merchant/Quản lý danh sách tài khoản/CustomFunctions Deposit"), [:], STOP_ON_FAILURE): Call Test Case 'Test Cases/Quản lý tài khoản merchant/Quản lý danh sách tài khoản/CustomFunctions Deposit' successfully

12-10-2024T21:53:15 - [TEST_CASE][PASSED] - Test Cases/Quản lý tài khoản merchant/Quản lý danh sách tài khoản/CustomFunctions Deposit: Test Cases/Quản lý tài khoản merchant/Quản lý danh sách tài khoản/CustomFunctions Deposit

12-10-2024T21:53:15 - [TEST_STEP][PASSED] - driver = getWebDriver(): null

12-10-2024T21:53:15 - [TEST_STEP][PASSED] - element1 = driver.findElement(By.xpath("//span[contains(text(),'Quản lý tài khoản merchant')]")): null

12-10-2024T21:53:15 - [TEST_STEP][PASSED] - actions = new org.openqa.selenium.interactions.Actions(driver): null

12-10-2024T21:53:15 - [TEST_STEP][PASSED] - click().perform(): null

12-10-2024T21:53:15 - [TEST_STEP][PASSED] - wait = new org.openqa.selenium.support.ui.WebDriverWait(com.kms.katalon.core.webui.driver.DriverFactory.getWebDriver(), 15): null

12-10-2024T21:53:15 - [TEST_STEP][PASSED] - xpath(xpathManagerListAccount))).click(): null

12-10-2024T21:53:16 - [MESSAGE][PASSED] - Call Test Case 'Test Cases/Quản lý tài khoản merchant/Quản lý danh sách tài khoản/CustomFunctions Deposit' successfully

12-10-2024T21:53:16 - [TEST_STEP][PASSED] - wait = new org.openqa.selenium.support.ui.WebDriverWait(com.kms.katalon.core.webui.driver.DriverFactory.getWebDriver(), 20): null

12-10-2024T21:53:16 - [TEST_STEP][PASSED] - userCode = wait.until(ExpectedConditions.visibilityOfElementLocated(By.xpath(xpathUserCode))): null

12-10-2024T21:53:19 - [TEST_STEP][PASSED] - println(userCode.getText()): null

12-10-2024T21:53:19 - [TEST_STEP][PASSED] - accountBtn = wait.until(ExpectedConditions.elementToBeClickable(By.xpath(xpathBtnAccount))): null

12-10-2024T21:53:19 - [TEST_STEP][PASSED] - accountBtn.click(): null

12-10-2024T21:53:19 - [TEST_STEP][PASSED] - searchTextbox = wait.until(ExpectedConditions.elementToBeClickable(By.xpath(xpathSearchTextbox))): null

12-10-2024T21:53:19 - [TEST_STEP][PASSED] - searchTextbox.sendKeys(username): null

12-10-2024T21:53:19 - [TEST_STEP][PASSED] - xpath(xpathOption)).click(): null

12-10-2024T21:53:20 - [TEST_STEP][PASSED] - xpath(xpathBtnSearch)).click(): null

12-10-2024T21:53:20 - [TEST_STEP][PASSED] - Assert.assertEquals(xpath(xpathAccountName)).getText(), username): null

12-10-2024T21:53:21 - [TEST_STEP][PASSED] - xpath(xpathBtnDeposit)).click(): null

12-10-2024T21:53:21 - [TEST_STEP][PASSED] - Assert.assertEquals(xpath(xpathTitle)).getText(), titleText): null

12-10-2024T21:53:22 - [TEST_STEP][PASSED] - Start listener action : sampleAfterTestCase: null

12-10-2024T21:53:22 - [TEST_STEP][PASSED] - testCaseId = testCaseContext.getTestCaseId(): null

12-10-2024T21:53:22 - [TEST_STEP][PASSED] - if (testCaseId == "Test Cases/Quản lý tài khoản merchant/Quản lý dịch vụ merchant/TC_13_Kiểm tra chức năng xác nhận cấu hình thay đổi VA"): null]]></system-out>
         <system-err><![CDATA[]]></system-err>
      </testcase>
      <testcase name="Test Cases/Quản lý tài khoản merchant/Quản lý danh sách tài khoản/Nạp tiền/TC_02_Kiểm tra khi để trống các trường trong màn Nạp tiền" time="29.392" classname="Test Cases/Quản lý tài khoản merchant/Quản lý danh sách tài khoản/Nạp tiền/TC_02_Kiểm tra khi để trống các trường trong màn Nạp tiền" status="PASSED">
         <system-out><![CDATA[12-10-2024T21:53:22 - [TEST_CASE][PASSED] - Test Cases/Quản lý tài khoản merchant/Quản lý danh sách tài khoản/Nạp tiền/TC_02_Kiểm tra khi để trống các trường trong màn Nạp tiền: Test Cases/Quản lý tài khoản merchant/Quản lý danh sách tài khoản/Nạp tiền/TC_02_Kiểm tra khi để trống các trường trong màn Nạp tiền

12-10-2024T21:53:22 - [TEST_STEP][PASSED] - Start listener action : sampleBeforeTestCase: Navigate to 'https://stg-cms-console.9pay.mobi/login' successfully

12-10-2024T21:53:22 - [TEST_STEP][PASSED] - testCaseId = testCaseContext.getTestCaseId(): null

12-10-2024T21:53:22 - [TEST_STEP][PASSED] - url = <not implemented yet for class: org.codehaus.groovy.ast.expr.EmptyExpression>: null

12-10-2024T21:53:22 - [TEST_STEP][PASSED] - if (testCaseId == "Test Cases/Quản lý tài khoản merchant/Quản lý dịch vụ merchant/TC_14_Kiểm tra thay đổi sau khi cấu hình VA trên MCV"): null

12-10-2024T21:53:22 - [TEST_STEP][PASSED] - else: null

12-10-2024T21:53:22 - [TEST_STEP][PASSED] - url = "https://stg-cms-console.9pay.mobi/login": null

12-10-2024T21:53:22 - [TEST_STEP][PASSED] - openBrowser(""): Browser is opened with url: ''

12-10-2024T21:53:22 - [MESSAGE][WARNING] - A browser is already opened. Closing browser and opening a new one

12-10-2024T21:53:22 - [MESSAGE][INFO] - Starting 'Chrome' driver

12-10-2024T21:53:22 - [MESSAGE][INFO] - Action delay is set to 0 milliseconds

12-10-2024T21:53:23 - [MESSAGE][PASSED] - Browser is opened with url: ''

12-10-2024T21:53:23 - [TEST_STEP][PASSED] - maximizeWindow(): Current window maximized

12-10-2024T21:53:23 - [MESSAGE][PASSED] - Current window maximized

12-10-2024T21:53:23 - [TEST_STEP][PASSED] - navigateToUrl(url): Navigate to 'https://stg-cms-console.9pay.mobi/login' successfully

12-10-2024T21:53:25 - [MESSAGE][PASSED] - Navigate to 'https://stg-cms-console.9pay.mobi/login' successfully

12-10-2024T21:53:25 - [TEST_STEP][PASSED] - driver = getWebDriver(): null

12-10-2024T21:53:25 - [TEST_STEP][PASSED] - callTestCase(findTestCase("Test Cases/Login/LoginCommon"), [:], STOP_ON_FAILURE): Call Test Case 'Test Cases/Login/LoginCommon' successfully

12-10-2024T21:53:25 - [TEST_CASE][PASSED] - Test Cases/Login/LoginCommon: Test Cases/Login/LoginCommon

12-10-2024T21:53:25 - [TEST_STEP][PASSED] - driver = getWebDriver(): null

12-10-2024T21:53:25 - [TEST_STEP][PASSED] - sendKeys(findTestObject("Quản lý tài khoản merchant/Quản lý dịch vụ merchant/userNameTextbox"), userAccount): Keys 'dannt@9pay.vn' sent to object: 'Object Repository/Quản lý tài khoản merchant/Quản lý dịch vụ merchant/userNameTextbox'

12-10-2024T21:53:26 - [MESSAGE][PASSED] - Keys 'dannt@9pay.vn' sent to object: 'Object Repository/Quản lý tài khoản merchant/Quản lý dịch vụ merchant/userNameTextbox'

12-10-2024T21:53:26 - [TEST_STEP][PASSED] - sendKeys(findTestObject("Quản lý tài khoản merchant/Quản lý dịch vụ merchant/passwordTextbox"), password): Keys 'dannt@9pay.vn' sent to object: 'Object Repository/Quản lý tài khoản merchant/Quản lý dịch vụ merchant/passwordTextbox'

12-10-2024T21:53:26 - [MESSAGE][PASSED] - Keys 'dannt@9pay.vn' sent to object: 'Object Repository/Quản lý tài khoản merchant/Quản lý dịch vụ merchant/passwordTextbox'

12-10-2024T21:53:26 - [TEST_STEP][PASSED] - click(findTestObject("Quản lý tài khoản merchant/Quản lý dịch vụ merchant/loginButton")): Object: 'Object Repository/Quản lý tài khoản merchant/Quản lý dịch vụ merchant/loginButton' is clicked on

12-10-2024T21:53:26 - [MESSAGE][PASSED] - Object: 'Object Repository/Quản lý tài khoản merchant/Quản lý dịch vụ merchant/loginButton' is clicked on

12-10-2024T21:53:26 - [MESSAGE][PASSED] - Call Test Case 'Test Cases/Login/LoginCommon' successfully

12-10-2024T21:53:26 - [TEST_STEP][PASSED] - waitForElementVisible(findTestObject("Trang chủ/userName"), 20, STOP_ON_FAILURE): Object 'Object Repository/Trang chủ/userName' is visible

12-10-2024T21:53:28 - [MESSAGE][PASSED] - Object 'Object Repository/Trang chủ/userName' is visible

12-10-2024T21:53:28 - [TEST_STEP][PASSED] - callTestCase(findTestCase("Test Cases/Quản lý tài khoản merchant/Quản lý danh sách tài khoản/CustomFunctions Deposit"), [:], STOP_ON_FAILURE): Call Test Case 'Test Cases/Quản lý tài khoản merchant/Quản lý danh sách tài khoản/CustomFunctions Deposit' successfully

12-10-2024T21:53:28 - [TEST_CASE][PASSED] - Test Cases/Quản lý tài khoản merchant/Quản lý danh sách tài khoản/CustomFunctions Deposit: Test Cases/Quản lý tài khoản merchant/Quản lý danh sách tài khoản/CustomFunctions Deposit

12-10-2024T21:53:28 - [TEST_STEP][PASSED] - driver = getWebDriver(): null

12-10-2024T21:53:28 - [TEST_STEP][PASSED] - element1 = driver.findElement(By.xpath("//span[contains(text(),'Quản lý tài khoản merchant')]")): null

12-10-2024T21:53:35 - [TEST_STEP][PASSED] - actions = new org.openqa.selenium.interactions.Actions(driver): null

12-10-2024T21:53:35 - [TEST_STEP][PASSED] - click().perform(): null

12-10-2024T21:53:36 - [TEST_STEP][PASSED] - wait = new org.openqa.selenium.support.ui.WebDriverWait(com.kms.katalon.core.webui.driver.DriverFactory.getWebDriver(), 15): null

12-10-2024T21:53:36 - [TEST_STEP][PASSED] - xpath(xpathManagerListAccount))).click(): null

12-10-2024T21:53:36 - [MESSAGE][PASSED] - Call Test Case 'Test Cases/Quản lý tài khoản merchant/Quản lý danh sách tài khoản/CustomFunctions Deposit' successfully

12-10-2024T21:53:36 - [TEST_STEP][PASSED] - wait = new org.openqa.selenium.support.ui.WebDriverWait(com.kms.katalon.core.webui.driver.DriverFactory.getWebDriver(), 20): null

12-10-2024T21:53:36 - [TEST_STEP][PASSED] - userCode = wait.until(ExpectedConditions.visibilityOfElementLocated(By.xpath(xpathUserCode))): null

12-10-2024T21:53:43 - [TEST_STEP][PASSED] - println(userCode.getText()): null

12-10-2024T21:53:43 - [TEST_STEP][PASSED] - xpath(xpathBtnAccount))).click(): null

12-10-2024T21:53:43 - [TEST_STEP][PASSED] - searchTextbox = wait.until(ExpectedConditions.elementToBeClickable(By.xpath(xpathSearchTextbox))): null

12-10-2024T21:53:43 - [TEST_STEP][PASSED] - searchTextbox.sendKeys("dannt11"): null

12-10-2024T21:53:44 - [TEST_STEP][PASSED] - xpath(xpathOption)).click(): null

12-10-2024T21:53:44 - [TEST_STEP][PASSED] - xpath(xpathBtnSearch)).click(): null

12-10-2024T21:53:44 - [TEST_STEP][PASSED] - wait.until(ExpectedConditions.visibilityOfElementLocated(By.xpath(xpathAccountName))): null

12-10-2024T21:53:45 - [TEST_STEP][PASSED] - Assert.assertEquals(xpath(xpathAccountName)).getText(), username): null

12-10-2024T21:53:45 - [TEST_STEP][PASSED] - xpath(xpathBtnDeposit)).click(): null

12-10-2024T21:53:46 - [TEST_STEP][PASSED] - textFiled = wait.until(ExpectedConditions.visibilityOfElementLocated(By.xpath(xpathTextAccount))): null

12-10-2024T21:53:51 - [TEST_STEP][PASSED] - xpath(xpathBtnContinue)).click(): null

12-10-2024T21:53:51 - [TEST_STEP][PASSED] - Assert.assertEquals(xpath(xpathErrorWallet)).getText(), errorWallet): null

12-10-2024T21:53:51 - [TEST_STEP][PASSED] - Start listener action : sampleAfterTestCase: null

12-10-2024T21:53:51 - [TEST_STEP][PASSED] - testCaseId = testCaseContext.getTestCaseId(): null

12-10-2024T21:53:51 - [TEST_STEP][PASSED] - if (testCaseId == "Test Cases/Quản lý tài khoản merchant/Quản lý dịch vụ merchant/TC_13_Kiểm tra chức năng xác nhận cấu hình thay đổi VA"): null]]></system-out>
         <system-err><![CDATA[]]></system-err>
      </testcase>
      <testcase name="Test Cases/Quản lý tài khoản merchant/Quản lý danh sách tài khoản/Nạp tiền/TC_03_Kiểm tra khi chọn ví và không chọn kì đối soát" time="30.507" classname="Test Cases/Quản lý tài khoản merchant/Quản lý danh sách tài khoản/Nạp tiền/TC_03_Kiểm tra khi chọn ví và không chọn kì đối soát" status="PASSED">
         <system-out><![CDATA[12-10-2024T21:53:51 - [TEST_CASE][PASSED] - Test Cases/Quản lý tài khoản merchant/Quản lý danh sách tài khoản/Nạp tiền/TC_03_Kiểm tra khi chọn ví và không chọn kì đối soát: Test Cases/Quản lý tài khoản merchant/Quản lý danh sách tài khoản/Nạp tiền/TC_03_Kiểm tra khi chọn ví và không chọn kì đối soát

12-10-2024T21:53:51 - [TEST_STEP][PASSED] - Start listener action : sampleBeforeTestCase: Navigate to 'https://stg-cms-console.9pay.mobi/login' successfully

12-10-2024T21:53:51 - [TEST_STEP][PASSED] - testCaseId = testCaseContext.getTestCaseId(): null

12-10-2024T21:53:51 - [TEST_STEP][PASSED] - url = <not implemented yet for class: org.codehaus.groovy.ast.expr.EmptyExpression>: null

12-10-2024T21:53:51 - [TEST_STEP][PASSED] - if (testCaseId == "Test Cases/Quản lý tài khoản merchant/Quản lý dịch vụ merchant/TC_14_Kiểm tra thay đổi sau khi cấu hình VA trên MCV"): null

12-10-2024T21:53:51 - [TEST_STEP][PASSED] - else: null

12-10-2024T21:53:51 - [TEST_STEP][PASSED] - url = "https://stg-cms-console.9pay.mobi/login": null

12-10-2024T21:53:51 - [TEST_STEP][PASSED] - openBrowser(""): Browser is opened with url: ''

12-10-2024T21:53:51 - [MESSAGE][WARNING] - A browser is already opened. Closing browser and opening a new one

12-10-2024T21:53:51 - [MESSAGE][INFO] - Starting 'Chrome' driver

12-10-2024T21:53:51 - [MESSAGE][INFO] - Action delay is set to 0 milliseconds

12-10-2024T21:53:52 - [MESSAGE][PASSED] - Browser is opened with url: ''

12-10-2024T21:53:52 - [TEST_STEP][PASSED] - maximizeWindow(): Current window maximized

12-10-2024T21:53:52 - [MESSAGE][PASSED] - Current window maximized

12-10-2024T21:53:52 - [TEST_STEP][PASSED] - navigateToUrl(url): Navigate to 'https://stg-cms-console.9pay.mobi/login' successfully

12-10-2024T21:53:56 - [MESSAGE][PASSED] - Navigate to 'https://stg-cms-console.9pay.mobi/login' successfully

12-10-2024T21:53:56 - [TEST_STEP][PASSED] - driver = getWebDriver(): null

12-10-2024T21:53:56 - [TEST_STEP][PASSED] - callTestCase(findTestCase("Test Cases/Login/LoginCommon"), [:], STOP_ON_FAILURE): Call Test Case 'Test Cases/Login/LoginCommon' successfully

12-10-2024T21:53:56 - [TEST_CASE][PASSED] - Test Cases/Login/LoginCommon: Test Cases/Login/LoginCommon

12-10-2024T21:53:56 - [TEST_STEP][PASSED] - driver = getWebDriver(): null

12-10-2024T21:53:56 - [TEST_STEP][PASSED] - sendKeys(findTestObject("Quản lý tài khoản merchant/Quản lý dịch vụ merchant/userNameTextbox"), userAccount): Keys 'dannt@9pay.vn' sent to object: 'Object Repository/Quản lý tài khoản merchant/Quản lý dịch vụ merchant/userNameTextbox'

12-10-2024T21:53:57 - [MESSAGE][PASSED] - Keys 'dannt@9pay.vn' sent to object: 'Object Repository/Quản lý tài khoản merchant/Quản lý dịch vụ merchant/userNameTextbox'

12-10-2024T21:53:57 - [TEST_STEP][PASSED] - sendKeys(findTestObject("Quản lý tài khoản merchant/Quản lý dịch vụ merchant/passwordTextbox"), password): Keys 'dannt@9pay.vn' sent to object: 'Object Repository/Quản lý tài khoản merchant/Quản lý dịch vụ merchant/passwordTextbox'

12-10-2024T21:53:57 - [MESSAGE][PASSED] - Keys 'dannt@9pay.vn' sent to object: 'Object Repository/Quản lý tài khoản merchant/Quản lý dịch vụ merchant/passwordTextbox'

12-10-2024T21:53:57 - [TEST_STEP][PASSED] - click(findTestObject("Quản lý tài khoản merchant/Quản lý dịch vụ merchant/loginButton")): Object: 'Object Repository/Quản lý tài khoản merchant/Quản lý dịch vụ merchant/loginButton' is clicked on

12-10-2024T21:53:57 - [MESSAGE][PASSED] - Object: 'Object Repository/Quản lý tài khoản merchant/Quản lý dịch vụ merchant/loginButton' is clicked on

12-10-2024T21:53:57 - [MESSAGE][PASSED] - Call Test Case 'Test Cases/Login/LoginCommon' successfully

12-10-2024T21:53:57 - [TEST_STEP][PASSED] - waitForElementVisible(findTestObject("Trang chủ/userName"), 20, STOP_ON_FAILURE): Object 'Object Repository/Trang chủ/userName' is visible

12-10-2024T21:53:59 - [MESSAGE][PASSED] - Object 'Object Repository/Trang chủ/userName' is visible

12-10-2024T21:53:59 - [TEST_STEP][PASSED] - callTestCase(findTestCase("Test Cases/Quản lý tài khoản merchant/Quản lý danh sách tài khoản/CustomFunctions Deposit"), [:], STOP_ON_FAILURE): Call Test Case 'Test Cases/Quản lý tài khoản merchant/Quản lý danh sách tài khoản/CustomFunctions Deposit' successfully

12-10-2024T21:53:59 - [TEST_CASE][PASSED] - Test Cases/Quản lý tài khoản merchant/Quản lý danh sách tài khoản/CustomFunctions Deposit: Test Cases/Quản lý tài khoản merchant/Quản lý danh sách tài khoản/CustomFunctions Deposit

12-10-2024T21:53:59 - [TEST_STEP][PASSED] - driver = getWebDriver(): null

12-10-2024T21:53:59 - [TEST_STEP][PASSED] - element1 = driver.findElement(By.xpath("//span[contains(text(),'Quản lý tài khoản merchant')]")): null

12-10-2024T21:54:01 - [TEST_STEP][PASSED] - actions = new org.openqa.selenium.interactions.Actions(driver): null

12-10-2024T21:54:01 - [TEST_STEP][PASSED] - click().perform(): null

12-10-2024T21:54:01 - [TEST_STEP][PASSED] - wait = new org.openqa.selenium.support.ui.WebDriverWait(com.kms.katalon.core.webui.driver.DriverFactory.getWebDriver(), 15): null

12-10-2024T21:54:01 - [TEST_STEP][PASSED] - xpath(xpathManagerListAccount))).click(): null

12-10-2024T21:54:01 - [MESSAGE][PASSED] - Call Test Case 'Test Cases/Quản lý tài khoản merchant/Quản lý danh sách tài khoản/CustomFunctions Deposit' successfully

12-10-2024T21:54:01 - [TEST_STEP][PASSED] - wait = new org.openqa.selenium.support.ui.WebDriverWait(com.kms.katalon.core.webui.driver.DriverFactory.getWebDriver(), 20): null

12-10-2024T21:54:01 - [TEST_STEP][PASSED] - xpath(xpathBtnAccount))).click(): null

12-10-2024T21:54:13 - [TEST_STEP][PASSED] - searchTextbox = wait.until(ExpectedConditions.elementToBeClickable(By.xpath(xpathSearchTextbox))): null

12-10-2024T21:54:13 - [TEST_STEP][PASSED] - searchTextbox.sendKeys("dannt11"): null

12-10-2024T21:54:13 - [TEST_STEP][PASSED] - xpath(xpathOption)).click(): null

12-10-2024T21:54:14 - [TEST_STEP][PASSED] - xpath(xpathBtnSearch)).click(): null

12-10-2024T21:54:14 - [TEST_STEP][PASSED] - wait.until(ExpectedConditions.visibilityOfElementLocated(By.xpath(xpathAccountName))): null

12-10-2024T21:54:15 - [TEST_STEP][PASSED] - Assert.assertEquals(xpath(xpathAccountName)).getText(), username): null

12-10-2024T21:54:15 - [TEST_STEP][PASSED] - xpath(xpathBtnDeposit)).click(): null

12-10-2024T21:54:15 - [TEST_STEP][PASSED] - wait.until(ExpectedConditions.visibilityOfElementLocated(By.xpath(xpathTextAccount))): null

12-10-2024T21:54:20 - [TEST_STEP][PASSED] - xpath(xpathChonVi)).click(): null

12-10-2024T21:54:21 - [TEST_STEP][PASSED] - xpath(xpathThuHo3)).click(): null

12-10-2024T21:54:21 - [TEST_STEP][PASSED] - xpath(xpathBtnContinue)).click(): null

12-10-2024T21:54:21 - [TEST_STEP][PASSED] - Assert.assertEquals(xpath(xpathChonKiDoiSoat)).getText(), "Vui lòng chọn kỳ đối soát"): null

12-10-2024T21:54:22 - [TEST_STEP][PASSED] - Start listener action : sampleAfterTestCase: null

12-10-2024T21:54:22 - [TEST_STEP][PASSED] - testCaseId = testCaseContext.getTestCaseId(): null

12-10-2024T21:54:22 - [TEST_STEP][PASSED] - if (testCaseId == "Test Cases/Quản lý tài khoản merchant/Quản lý dịch vụ merchant/TC_13_Kiểm tra chức năng xác nhận cấu hình thay đổi VA"): null]]></system-out>
         <system-err><![CDATA[]]></system-err>
      </testcase>
      <testcase name="Test Cases/Quản lý tài khoản merchant/Quản lý danh sách tài khoản/Nạp tiền/TC_04_Không nhập số tiền và nhấn Xác nhận" time="29.425" classname="Test Cases/Quản lý tài khoản merchant/Quản lý danh sách tài khoản/Nạp tiền/TC_04_Không nhập số tiền và nhấn Xác nhận" status="ERROR">
         <error type="ERROR" message="Test Cases/Quản lý tài khoản merchant/Quản lý danh sách tài khoản/Nạp tiền/TC_04_Không nhập số tiền và nhấn Xác nhận FAILED.&#xa;Reason:&#xa;org.openqa.selenium.NoSuchElementException: no such element: Unable to locate element: {&quot;method&quot;:&quot;xpath&quot;,&quot;selector&quot;:&quot;//button[contains(text(),'Đồng ý')]&quot;}&#xa;  (Session info: chrome=129.0.6668.91)&#xa;For documentation on this error, please visit: https://www.seleniumhq.org/exceptions/no_such_element.html&#xa;Build info: version: '3.141.59', revision: 'unknown', time: 'unknown'&#xa;System info: host: 'Aidan', ip: '2405:4803:fd90:9ef0:35c5:6ea1:b1e8:64e8%en0', os.name: 'Mac OS X', os.arch: 'aarch64', os.version: '15.0.1', java.version: '17.0.7'&#xa;Driver info: com.kms.katalon.selenium.driver.CChromeDriver&#xa;Capabilities {acceptInsecureCerts: false, browserName: chrome, browserVersion: 129.0.6668.91, chrome: {chromedriverVersion: 128.0.6613.84 (606aa55c7d68..., userDataDir: /var/folders/t5/b7k67ybj7gz...}, fedcm:accounts: true, goog:chromeOptions: {debuggerAddress: localhost:50769}, javascriptEnabled: true, networkConnectionEnabled: false, pageLoadStrategy: normal, platform: MAC, platformName: MAC, proxy: Proxy(), setWindowRect: true, strictFileInteractability: false, timeouts: {implicit: 0, pageLoad: 300000, script: 30000}, unhandledPromptBehavior: dismiss and notify, webauthn:extension:credBlob: true, webauthn:extension:largeBlob: true, webauthn:extension:minPinLength: true, webauthn:extension:prf: true, webauthn:virtualAuthenticators: true}&#xa;Session ID: a046e7cd38a1ffe655d123492bf15c91&#xa;*** Element info: {Using=xpath, value=//button[contains(text(),'Đồng ý')]}&#xa;	at jdk.internal.reflect.GeneratedConstructorAccessor22.newInstance(Unknown Source)&#xa;	at java.base/jdk.internal.reflect.DelegatingConstructorAccessorImpl.newInstance(DelegatingConstructorAccessorImpl.java:45)&#xa;	at org.openqa.selenium.remote.http.W3CHttpResponseCodec.createException(W3CHttpResponseCodec.java:187)&#xa;	at org.openqa.selenium.remote.http.W3CHttpResponseCodec.decode(W3CHttpResponseCodec.java:122)&#xa;	at org.openqa.selenium.remote.http.W3CHttpResponseCodec.decode(W3CHttpResponseCodec.java:49)&#xa;	at org.openqa.selenium.remote.HttpCommandExecutor.execute(HttpCommandExecutor.java:158)&#xa;	at org.openqa.selenium.remote.service.DriverCommandExecutor.execute(DriverCommandExecutor.java:83)&#xa;	at org.openqa.selenium.remote.RemoteWebDriver.execute(RemoteWebDriver.java:552)&#xa;	at com.kms.katalon.selenium.driver.CChromeDriver.execute(CChromeDriver.java:19)&#xa;	at org.openqa.selenium.remote.RemoteWebDriver.findElement(RemoteWebDriver.java:323)&#xa;	at org.openqa.selenium.remote.RemoteWebDriver.findElementByXPath(RemoteWebDriver.java:428)&#xa;	at org.openqa.selenium.By$ByXPath.findElement(By.java:353)&#xa;	at org.openqa.selenium.remote.RemoteWebDriver.findElement(RemoteWebDriver.java:315)&#xa;	at jdk.internal.reflect.GeneratedMethodAccessor9.invoke(Unknown Source)&#xa;	at java.base/jdk.internal.reflect.DelegatingMethodAccessorImpl.invoke(DelegatingMethodAccessorImpl.java:43)&#xa;	at org.openqa.selenium.support.events.EventFiringWebDriver.lambda$new$1(EventFiringWebDriver.java:105)&#xa;	at jdk.proxy2/jdk.proxy2.$Proxy22.findElement(Unknown Source)&#xa;	at org.openqa.selenium.support.events.EventFiringWebDriver.findElement(EventFiringWebDriver.java:194)&#xa;	at TC_04_Không nhập số tiền và nhấn Xác nhận.run(TC_04_Không nhập số tiền và nhấn Xác nhận:43)&#xa;	at com.kms.katalon.core.main.ScriptEngine.run(ScriptEngine.java:194)&#xa;	at com.kms.katalon.core.main.ScriptEngine.runScriptAsRawText(ScriptEngine.java:119)&#xa;	at com.kms.katalon.core.main.TestCaseExecutor.runScript(TestCaseExecutor.java:448)&#xa;	at com.kms.katalon.core.main.TestCaseExecutor.doExecute(TestCaseExecutor.java:439)&#xa;	at com.kms.katalon.core.main.TestCaseExecutor.processExecutionPhase(TestCaseExecutor.java:418)&#xa;	at com.kms.katalon.core.main.TestCaseExecutor.accessMainPhase(TestCaseExecutor.java:410)&#xa;	at com.kms.katalon.core.main.TestCaseExecutor.execute(TestCaseExecutor.java:285)&#xa;	at com.kms.katalon.core.common.CommonExecutor.accessTestCaseMainPhase(CommonExecutor.java:65)&#xa;	at com.kms.katalon.core.main.TestSuiteExecutor.accessTestSuiteMainPhase(TestSuiteExecutor.java:150)&#xa;	at com.kms.katalon.core.main.TestSuiteExecutor.execute(TestSuiteExecutor.java:106)&#xa;	at com.kms.katalon.core.main.TestCaseMain.startTestSuite(TestCaseMain.java:180)&#xa;	at TempTestSuite1728744778676.run(TempTestSuite1728744778676.groovy:35)&#xa;	at java.base/jdk.internal.reflect.NativeMethodAccessorImpl.invoke0(Native Method)&#xa;	at java.base/jdk.internal.reflect.NativeMethodAccessorImpl.invoke(NativeMethodAccessorImpl.java:77)&#xa;	at java.base/jdk.internal.reflect.DelegatingMethodAccessorImpl.invoke(DelegatingMethodAccessorImpl.java:43)&#xa;"/>
         <system-out><![CDATA[12-10-2024T21:54:22 - [TEST_CASE][ERROR] - Test Cases/Quản lý tài khoản merchant/Quản lý danh sách tài khoản/Nạp tiền/TC_04_Không nhập số tiền và nhấn Xác nhận: Test Cases/Quản lý tài khoản merchant/Quản lý danh sách tài khoản/Nạp tiền/TC_04_Không nhập số tiền và nhấn Xác nhận FAILED.
Reason:
org.openqa.selenium.NoSuchElementException: no such element: Unable to locate element: {"method":"xpath","selector":"//button[contains(text(),'Đồng ý')]"}
  (Session info: chrome=129.0.6668.91)
For documentation on this error, please visit: https://www.seleniumhq.org/exceptions/no_such_element.html
Build info: version: '3.141.59', revision: 'unknown', time: 'unknown'
System info: host: 'Aidan', ip: '2405:4803:fd90:9ef0:35c5:6ea1:b1e8:64e8%en0', os.name: 'Mac OS X', os.arch: 'aarch64', os.version: '15.0.1', java.version: '17.0.7'
Driver info: com.kms.katalon.selenium.driver.CChromeDriver
Capabilities {acceptInsecureCerts: false, browserName: chrome, browserVersion: 129.0.6668.91, chrome: {chromedriverVersion: 128.0.6613.84 (606aa55c7d68..., userDataDir: /var/folders/t5/b7k67ybj7gz...}, fedcm:accounts: true, goog:chromeOptions: {debuggerAddress: localhost:50769}, javascriptEnabled: true, networkConnectionEnabled: false, pageLoadStrategy: normal, platform: MAC, platformName: MAC, proxy: Proxy(), setWindowRect: true, strictFileInteractability: false, timeouts: {implicit: 0, pageLoad: 300000, script: 30000}, unhandledPromptBehavior: dismiss and notify, webauthn:extension:credBlob: true, webauthn:extension:largeBlob: true, webauthn:extension:minPinLength: true, webauthn:extension:prf: true, webauthn:virtualAuthenticators: true}
Session ID: a046e7cd38a1ffe655d123492bf15c91
*** Element info: {Using=xpath, value=//button[contains(text(),'Đồng ý')]}
	at jdk.internal.reflect.GeneratedConstructorAccessor22.newInstance(Unknown Source)
	at java.base/jdk.internal.reflect.DelegatingConstructorAccessorImpl.newInstance(DelegatingConstructorAccessorImpl.java:45)
	at org.openqa.selenium.remote.http.W3CHttpResponseCodec.createException(W3CHttpResponseCodec.java:187)
	at org.openqa.selenium.remote.http.W3CHttpResponseCodec.decode(W3CHttpResponseCodec.java:122)
	at org.openqa.selenium.remote.http.W3CHttpResponseCodec.decode(W3CHttpResponseCodec.java:49)
	at org.openqa.selenium.remote.HttpCommandExecutor.execute(HttpCommandExecutor.java:158)
	at org.openqa.selenium.remote.service.DriverCommandExecutor.execute(DriverCommandExecutor.java:83)
	at org.openqa.selenium.remote.RemoteWebDriver.execute(RemoteWebDriver.java:552)
	at com.kms.katalon.selenium.driver.CChromeDriver.execute(CChromeDriver.java:19)
	at org.openqa.selenium.remote.RemoteWebDriver.findElement(RemoteWebDriver.java:323)
	at org.openqa.selenium.remote.RemoteWebDriver.findElementByXPath(RemoteWebDriver.java:428)
	at org.openqa.selenium.By$ByXPath.findElement(By.java:353)
	at org.openqa.selenium.remote.RemoteWebDriver.findElement(RemoteWebDriver.java:315)
	at jdk.internal.reflect.GeneratedMethodAccessor9.invoke(Unknown Source)
	at java.base/jdk.internal.reflect.DelegatingMethodAccessorImpl.invoke(DelegatingMethodAccessorImpl.java:43)
	at org.openqa.selenium.support.events.EventFiringWebDriver.lambda$new$1(EventFiringWebDriver.java:105)
	at jdk.proxy2/jdk.proxy2.$Proxy22.findElement(Unknown Source)
	at org.openqa.selenium.support.events.EventFiringWebDriver.findElement(EventFiringWebDriver.java:194)
	at TC_04_Không nhập số tiền và nhấn Xác nhận.run(TC_04_Không nhập số tiền và nhấn Xác nhận:43)
	at com.kms.katalon.core.main.ScriptEngine.run(ScriptEngine.java:194)
	at com.kms.katalon.core.main.ScriptEngine.runScriptAsRawText(ScriptEngine.java:119)
	at com.kms.katalon.core.main.TestCaseExecutor.runScript(TestCaseExecutor.java:448)
	at com.kms.katalon.core.main.TestCaseExecutor.doExecute(TestCaseExecutor.java:439)
	at com.kms.katalon.core.main.TestCaseExecutor.processExecutionPhase(TestCaseExecutor.java:418)
	at com.kms.katalon.core.main.TestCaseExecutor.accessMainPhase(TestCaseExecutor.java:410)
	at com.kms.katalon.core.main.TestCaseExecutor.execute(TestCaseExecutor.java:285)
	at com.kms.katalon.core.common.CommonExecutor.accessTestCaseMainPhase(CommonExecutor.java:65)
	at com.kms.katalon.core.main.TestSuiteExecutor.accessTestSuiteMainPhase(TestSuiteExecutor.java:150)
	at com.kms.katalon.core.main.TestSuiteExecutor.execute(TestSuiteExecutor.java:106)
	at com.kms.katalon.core.main.TestCaseMain.startTestSuite(TestCaseMain.java:180)
	at TempTestSuite1728744778676.run(TempTestSuite1728744778676.groovy:35)
	at java.base/jdk.internal.reflect.NativeMethodAccessorImpl.invoke0(Native Method)
	at java.base/jdk.internal.reflect.NativeMethodAccessorImpl.invoke(NativeMethodAccessorImpl.java:77)
	at java.base/jdk.internal.reflect.DelegatingMethodAccessorImpl.invoke(DelegatingMethodAccessorImpl.java:43)


12-10-2024T21:54:22 - [TEST_STEP][PASSED] - Start listener action : sampleBeforeTestCase: Navigate to 'https://stg-cms-console.9pay.mobi/login' successfully

12-10-2024T21:54:22 - [TEST_STEP][PASSED] - testCaseId = testCaseContext.getTestCaseId(): null

12-10-2024T21:54:22 - [TEST_STEP][PASSED] - url = <not implemented yet for class: org.codehaus.groovy.ast.expr.EmptyExpression>: null

12-10-2024T21:54:22 - [TEST_STEP][PASSED] - if (testCaseId == "Test Cases/Quản lý tài khoản merchant/Quản lý dịch vụ merchant/TC_14_Kiểm tra thay đổi sau khi cấu hình VA trên MCV"): null

12-10-2024T21:54:22 - [TEST_STEP][PASSED] - else: null

12-10-2024T21:54:22 - [TEST_STEP][PASSED] - url = "https://stg-cms-console.9pay.mobi/login": null

12-10-2024T21:54:22 - [TEST_STEP][PASSED] - openBrowser(""): Browser is opened with url: ''

12-10-2024T21:54:22 - [MESSAGE][WARNING] - A browser is already opened. Closing browser and opening a new one

12-10-2024T21:54:22 - [MESSAGE][INFO] - Starting 'Chrome' driver

12-10-2024T21:54:22 - [MESSAGE][INFO] - Action delay is set to 0 milliseconds

12-10-2024T21:54:23 - [MESSAGE][PASSED] - Browser is opened with url: ''

12-10-2024T21:54:23 - [TEST_STEP][PASSED] - maximizeWindow(): Current window maximized

12-10-2024T21:54:23 - [MESSAGE][PASSED] - Current window maximized

12-10-2024T21:54:23 - [TEST_STEP][PASSED] - navigateToUrl(url): Navigate to 'https://stg-cms-console.9pay.mobi/login' successfully

12-10-2024T21:54:26 - [MESSAGE][PASSED] - Navigate to 'https://stg-cms-console.9pay.mobi/login' successfully

12-10-2024T21:54:26 - [TEST_STEP][PASSED] - driver = getWebDriver(): null

12-10-2024T21:54:26 - [TEST_STEP][PASSED] - callTestCase(findTestCase("Test Cases/Login/LoginCommon"), [:], STOP_ON_FAILURE): Call Test Case 'Test Cases/Login/LoginCommon' successfully

12-10-2024T21:54:26 - [TEST_CASE][PASSED] - Test Cases/Login/LoginCommon: Test Cases/Login/LoginCommon

12-10-2024T21:54:26 - [TEST_STEP][PASSED] - driver = getWebDriver(): null

12-10-2024T21:54:26 - [TEST_STEP][PASSED] - sendKeys(findTestObject("Quản lý tài khoản merchant/Quản lý dịch vụ merchant/userNameTextbox"), userAccount): Keys 'dannt@9pay.vn' sent to object: 'Object Repository/Quản lý tài khoản merchant/Quản lý dịch vụ merchant/userNameTextbox'

12-10-2024T21:54:26 - [MESSAGE][PASSED] - Keys 'dannt@9pay.vn' sent to object: 'Object Repository/Quản lý tài khoản merchant/Quản lý dịch vụ merchant/userNameTextbox'

12-10-2024T21:54:26 - [TEST_STEP][PASSED] - sendKeys(findTestObject("Quản lý tài khoản merchant/Quản lý dịch vụ merchant/passwordTextbox"), password): Keys 'dannt@9pay.vn' sent to object: 'Object Repository/Quản lý tài khoản merchant/Quản lý dịch vụ merchant/passwordTextbox'

12-10-2024T21:54:27 - [MESSAGE][PASSED] - Keys 'dannt@9pay.vn' sent to object: 'Object Repository/Quản lý tài khoản merchant/Quản lý dịch vụ merchant/passwordTextbox'

12-10-2024T21:54:27 - [TEST_STEP][PASSED] - click(findTestObject("Quản lý tài khoản merchant/Quản lý dịch vụ merchant/loginButton")): Object: 'Object Repository/Quản lý tài khoản merchant/Quản lý dịch vụ merchant/loginButton' is clicked on

12-10-2024T21:54:27 - [MESSAGE][PASSED] - Object: 'Object Repository/Quản lý tài khoản merchant/Quản lý dịch vụ merchant/loginButton' is clicked on

12-10-2024T21:54:27 - [MESSAGE][PASSED] - Call Test Case 'Test Cases/Login/LoginCommon' successfully

12-10-2024T21:54:27 - [TEST_STEP][PASSED] - waitForElementVisible(findTestObject("Trang chủ/userName"), 20, STOP_ON_FAILURE): Object 'Object Repository/Trang chủ/userName' is visible

12-10-2024T21:54:29 - [MESSAGE][PASSED] - Object 'Object Repository/Trang chủ/userName' is visible

12-10-2024T21:54:29 - [TEST_STEP][PASSED] - callTestCase(findTestCase("Test Cases/Quản lý tài khoản merchant/Quản lý danh sách tài khoản/CustomFunctions Deposit"), [:], STOP_ON_FAILURE): Call Test Case 'Test Cases/Quản lý tài khoản merchant/Quản lý danh sách tài khoản/CustomFunctions Deposit' successfully

12-10-2024T21:54:29 - [TEST_CASE][PASSED] - Test Cases/Quản lý tài khoản merchant/Quản lý danh sách tài khoản/CustomFunctions Deposit: Test Cases/Quản lý tài khoản merchant/Quản lý danh sách tài khoản/CustomFunctions Deposit

12-10-2024T21:54:29 - [TEST_STEP][PASSED] - driver = getWebDriver(): null

12-10-2024T21:54:29 - [TEST_STEP][PASSED] - element1 = driver.findElement(By.xpath("//span[contains(text(),'Quản lý tài khoản merchant')]")): null

12-10-2024T21:54:30 - [TEST_STEP][PASSED] - actions = new org.openqa.selenium.interactions.Actions(driver): null

12-10-2024T21:54:30 - [TEST_STEP][PASSED] - click().perform(): null

12-10-2024T21:54:31 - [TEST_STEP][PASSED] - wait = new org.openqa.selenium.support.ui.WebDriverWait(com.kms.katalon.core.webui.driver.DriverFactory.getWebDriver(), 15): null

12-10-2024T21:54:31 - [TEST_STEP][PASSED] - xpath(xpathManagerListAccount))).click(): null

12-10-2024T21:54:31 - [MESSAGE][PASSED] - Call Test Case 'Test Cases/Quản lý tài khoản merchant/Quản lý danh sách tài khoản/CustomFunctions Deposit' successfully

12-10-2024T21:54:31 - [TEST_STEP][PASSED] - wait = new org.openqa.selenium.support.ui.WebDriverWait(com.kms.katalon.core.webui.driver.DriverFactory.getWebDriver(), 20): null

12-10-2024T21:54:31 - [TEST_STEP][PASSED] - userCode = wait.until(ExpectedConditions.visibilityOfElementLocated(By.xpath(xpathUserCode))): null

12-10-2024T21:54:34 - [TEST_STEP][PASSED] - xpath(xpathBtnAccount))).click(): null

12-10-2024T21:54:34 - [TEST_STEP][PASSED] - searchTextbox = wait.until(ExpectedConditions.elementToBeClickable(By.xpath(xpathSearchTextbox))): null

12-10-2024T21:54:35 - [TEST_STEP][PASSED] - searchTextbox.sendKeys(username): null

12-10-2024T21:54:35 - [TEST_STEP][PASSED] - xpath(xpathOption)).click(): null

12-10-2024T21:54:35 - [TEST_STEP][PASSED] - xpath(xpathBtnSearch)).click(): null

12-10-2024T21:54:35 - [TEST_STEP][PASSED] - wait.until(ExpectedConditions.visibilityOfElementLocated(By.xpath(xpathAccountName))): null

12-10-2024T21:54:36 - [TEST_STEP][PASSED] - xpath(xpathBtnDeposit)).click(): null

12-10-2024T21:54:37 - [TEST_STEP][PASSED] - wait.until(ExpectedConditions.visibilityOfElementLocated(By.xpath(xpathTextAccount))): null

12-10-2024T21:54:49 - [TEST_STEP][PASSED] - xpath(xpathChonVi)).click(): null

12-10-2024T21:54:49 - [TEST_STEP][PASSED] - xpath(xpathThuHo3)).click(): null

12-10-2024T21:54:49 - [TEST_STEP][PASSED] - xpath(xpathDay)).click(): null

12-10-2024T21:54:50 - [TEST_STEP][PASSED] - xpath(xpathHomQua)).click(): null

12-10-2024T21:54:50 - [TEST_STEP][PASSED] - xpath(xpathBtnContinue)).click(): null

12-10-2024T21:54:50 - [TEST_STEP][ERROR] - xpath(xpathCfBtn)).click(): Test Cases/Quản lý tài khoản merchant/Quản lý danh sách tài khoản/Nạp tiền/TC_04_Không nhập số tiền và nhấn Xác nhận FAILED.
Reason:
org.openqa.selenium.NoSuchElementException: no such element: Unable to locate element: {"method":"xpath","selector":"//button[contains(text(),'Đồng ý')]"}
  (Session info: chrome=129.0.6668.91)
For documentation on this error, please visit: https://www.seleniumhq.org/exceptions/no_such_element.html
Build info: version: '3.141.59', revision: 'unknown', time: 'unknown'
System info: host: 'Aidan', ip: '2405:4803:fd90:9ef0:35c5:6ea1:b1e8:64e8%en0', os.name: 'Mac OS X', os.arch: 'aarch64', os.version: '15.0.1', java.version: '17.0.7'
Driver info: com.kms.katalon.selenium.driver.CChromeDriver
Capabilities {acceptInsecureCerts: false, browserName: chrome, browserVersion: 129.0.6668.91, chrome: {chromedriverVersion: 128.0.6613.84 (606aa55c7d68..., userDataDir: /var/folders/t5/b7k67ybj7gz...}, fedcm:accounts: true, goog:chromeOptions: {debuggerAddress: localhost:50769}, javascriptEnabled: true, networkConnectionEnabled: false, pageLoadStrategy: normal, platform: MAC, platformName: MAC, proxy: Proxy(), setWindowRect: true, strictFileInteractability: false, timeouts: {implicit: 0, pageLoad: 300000, script: 30000}, unhandledPromptBehavior: dismiss and notify, webauthn:extension:credBlob: true, webauthn:extension:largeBlob: true, webauthn:extension:minPinLength: true, webauthn:extension:prf: true, webauthn:virtualAuthenticators: true}
Session ID: a046e7cd38a1ffe655d123492bf15c91
*** Element info: {Using=xpath, value=//button[contains(text(),'Đồng ý')]}
	at jdk.internal.reflect.GeneratedConstructorAccessor22.newInstance(Unknown Source)
	at java.base/jdk.internal.reflect.DelegatingConstructorAccessorImpl.newInstance(DelegatingConstructorAccessorImpl.java:45)
	at org.openqa.selenium.remote.http.W3CHttpResponseCodec.createException(W3CHttpResponseCodec.java:187)
	at org.openqa.selenium.remote.http.W3CHttpResponseCodec.decode(W3CHttpResponseCodec.java:122)
	at org.openqa.selenium.remote.http.W3CHttpResponseCodec.decode(W3CHttpResponseCodec.java:49)
	at org.openqa.selenium.remote.HttpCommandExecutor.execute(HttpCommandExecutor.java:158)
	at org.openqa.selenium.remote.service.DriverCommandExecutor.execute(DriverCommandExecutor.java:83)
	at org.openqa.selenium.remote.RemoteWebDriver.execute(RemoteWebDriver.java:552)
	at com.kms.katalon.selenium.driver.CChromeDriver.execute(CChromeDriver.java:19)
	at org.openqa.selenium.remote.RemoteWebDriver.findElement(RemoteWebDriver.java:323)
	at org.openqa.selenium.remote.RemoteWebDriver.findElementByXPath(RemoteWebDriver.java:428)
	at org.openqa.selenium.By$ByXPath.findElement(By.java:353)
	at org.openqa.selenium.remote.RemoteWebDriver.findElement(RemoteWebDriver.java:315)
	at jdk.internal.reflect.GeneratedMethodAccessor9.invoke(Unknown Source)
	at java.base/jdk.internal.reflect.DelegatingMethodAccessorImpl.invoke(DelegatingMethodAccessorImpl.java:43)
	at org.openqa.selenium.support.events.EventFiringWebDriver.lambda$new$1(EventFiringWebDriver.java:105)
	at jdk.proxy2/jdk.proxy2.$Proxy22.findElement(Unknown Source)
	at org.openqa.selenium.support.events.EventFiringWebDriver.findElement(EventFiringWebDriver.java:194)
	at TC_04_Không nhập số tiền và nhấn Xác nhận.run(TC_04_Không nhập số tiền và nhấn Xác nhận:43)
	at com.kms.katalon.core.main.ScriptEngine.run(ScriptEngine.java:194)
	at com.kms.katalon.core.main.ScriptEngine.runScriptAsRawText(ScriptEngine.java:119)
	at com.kms.katalon.core.main.TestCaseExecutor.runScript(TestCaseExecutor.java:448)
	at com.kms.katalon.core.main.TestCaseExecutor.doExecute(TestCaseExecutor.java:439)
	at com.kms.katalon.core.main.TestCaseExecutor.processExecutionPhase(TestCaseExecutor.java:418)
	at com.kms.katalon.core.main.TestCaseExecutor.accessMainPhase(TestCaseExecutor.java:410)
	at com.kms.katalon.core.main.TestCaseExecutor.execute(TestCaseExecutor.java:285)
	at com.kms.katalon.core.common.CommonExecutor.accessTestCaseMainPhase(CommonExecutor.java:65)
	at com.kms.katalon.core.main.TestSuiteExecutor.accessTestSuiteMainPhase(TestSuiteExecutor.java:150)
	at com.kms.katalon.core.main.TestSuiteExecutor.execute(TestSuiteExecutor.java:106)
	at com.kms.katalon.core.main.TestCaseMain.startTestSuite(TestCaseMain.java:180)
	at TempTestSuite1728744778676.run(TempTestSuite1728744778676.groovy:35)
	at java.base/jdk.internal.reflect.NativeMethodAccessorImpl.invoke0(Native Method)
	at java.base/jdk.internal.reflect.NativeMethodAccessorImpl.invoke(NativeMethodAccessorImpl.java:77)
	at java.base/jdk.internal.reflect.DelegatingMethodAccessorImpl.invoke(DelegatingMethodAccessorImpl.java:43)


12-10-2024T21:54:51 - [MESSAGE][ERROR] - Test Cases/Quản lý tài khoản merchant/Quản lý danh sách tài khoản/Nạp tiền/TC_04_Không nhập số tiền và nhấn Xác nhận FAILED.
Reason:
org.openqa.selenium.NoSuchElementException: no such element: Unable to locate element: {"method":"xpath","selector":"//button[contains(text(),'Đồng ý')]"}
  (Session info: chrome=129.0.6668.91)
For documentation on this error, please visit: https://www.seleniumhq.org/exceptions/no_such_element.html
Build info: version: '3.141.59', revision: 'unknown', time: 'unknown'
System info: host: 'Aidan', ip: '2405:4803:fd90:9ef0:35c5:6ea1:b1e8:64e8%en0', os.name: 'Mac OS X', os.arch: 'aarch64', os.version: '15.0.1', java.version: '17.0.7'
Driver info: com.kms.katalon.selenium.driver.CChromeDriver
Capabilities {acceptInsecureCerts: false, browserName: chrome, browserVersion: 129.0.6668.91, chrome: {chromedriverVersion: 128.0.6613.84 (606aa55c7d68..., userDataDir: /var/folders/t5/b7k67ybj7gz...}, fedcm:accounts: true, goog:chromeOptions: {debuggerAddress: localhost:50769}, javascriptEnabled: true, networkConnectionEnabled: false, pageLoadStrategy: normal, platform: MAC, platformName: MAC, proxy: Proxy(), setWindowRect: true, strictFileInteractability: false, timeouts: {implicit: 0, pageLoad: 300000, script: 30000}, unhandledPromptBehavior: dismiss and notify, webauthn:extension:credBlob: true, webauthn:extension:largeBlob: true, webauthn:extension:minPinLength: true, webauthn:extension:prf: true, webauthn:virtualAuthenticators: true}
Session ID: a046e7cd38a1ffe655d123492bf15c91
*** Element info: {Using=xpath, value=//button[contains(text(),'Đồng ý')]}
	at jdk.internal.reflect.GeneratedConstructorAccessor22.newInstance(Unknown Source)
	at java.base/jdk.internal.reflect.DelegatingConstructorAccessorImpl.newInstance(DelegatingConstructorAccessorImpl.java:45)
	at org.openqa.selenium.remote.http.W3CHttpResponseCodec.createException(W3CHttpResponseCodec.java:187)
	at org.openqa.selenium.remote.http.W3CHttpResponseCodec.decode(W3CHttpResponseCodec.java:122)
	at org.openqa.selenium.remote.http.W3CHttpResponseCodec.decode(W3CHttpResponseCodec.java:49)
	at org.openqa.selenium.remote.HttpCommandExecutor.execute(HttpCommandExecutor.java:158)
	at org.openqa.selenium.remote.service.DriverCommandExecutor.execute(DriverCommandExecutor.java:83)
	at org.openqa.selenium.remote.RemoteWebDriver.execute(RemoteWebDriver.java:552)
	at com.kms.katalon.selenium.driver.CChromeDriver.execute(CChromeDriver.java:19)
	at org.openqa.selenium.remote.RemoteWebDriver.findElement(RemoteWebDriver.java:323)
	at org.openqa.selenium.remote.RemoteWebDriver.findElementByXPath(RemoteWebDriver.java:428)
	at org.openqa.selenium.By$ByXPath.findElement(By.java:353)
	at org.openqa.selenium.remote.RemoteWebDriver.findElement(RemoteWebDriver.java:315)
	at jdk.internal.reflect.GeneratedMethodAccessor9.invoke(Unknown Source)
	at java.base/jdk.internal.reflect.DelegatingMethodAccessorImpl.invoke(DelegatingMethodAccessorImpl.java:43)
	at org.openqa.selenium.support.events.EventFiringWebDriver.lambda$new$1(EventFiringWebDriver.java:105)
	at jdk.proxy2/jdk.proxy2.$Proxy22.findElement(Unknown Source)
	at org.openqa.selenium.support.events.EventFiringWebDriver.findElement(EventFiringWebDriver.java:194)
	at TC_04_Không nhập số tiền và nhấn Xác nhận.run(TC_04_Không nhập số tiền và nhấn Xác nhận:43)
	at com.kms.katalon.core.main.ScriptEngine.run(ScriptEngine.java:194)
	at com.kms.katalon.core.main.ScriptEngine.runScriptAsRawText(ScriptEngine.java:119)
	at com.kms.katalon.core.main.TestCaseExecutor.runScript(TestCaseExecutor.java:448)
	at com.kms.katalon.core.main.TestCaseExecutor.doExecute(TestCaseExecutor.java:439)
	at com.kms.katalon.core.main.TestCaseExecutor.processExecutionPhase(TestCaseExecutor.java:418)
	at com.kms.katalon.core.main.TestCaseExecutor.accessMainPhase(TestCaseExecutor.java:410)
	at com.kms.katalon.core.main.TestCaseExecutor.execute(TestCaseExecutor.java:285)
	at com.kms.katalon.core.common.CommonExecutor.accessTestCaseMainPhase(CommonExecutor.java:65)
	at com.kms.katalon.core.main.TestSuiteExecutor.accessTestSuiteMainPhase(TestSuiteExecutor.java:150)
	at com.kms.katalon.core.main.TestSuiteExecutor.execute(TestSuiteExecutor.java:106)
	at com.kms.katalon.core.main.TestCaseMain.startTestSuite(TestCaseMain.java:180)
	at TempTestSuite1728744778676.run(TempTestSuite1728744778676.groovy:35)
	at java.base/jdk.internal.reflect.NativeMethodAccessorImpl.invoke0(Native Method)
	at java.base/jdk.internal.reflect.NativeMethodAccessorImpl.invoke(NativeMethodAccessorImpl.java:77)
	at java.base/jdk.internal.reflect.DelegatingMethodAccessorImpl.invoke(DelegatingMethodAccessorImpl.java:43)


12-10-2024T21:54:51 - [TEST_STEP][PASSED] - Start listener action : sampleAfterTestCase: null

12-10-2024T21:54:51 - [TEST_STEP][PASSED] - testCaseId = testCaseContext.getTestCaseId(): null

12-10-2024T21:54:51 - [TEST_STEP][PASSED] - if (testCaseId == "Test Cases/Quản lý tài khoản merchant/Quản lý dịch vụ merchant/TC_13_Kiểm tra chức năng xác nhận cấu hình thay đổi VA"): null]]></system-out>
         <system-err><![CDATA[12-10-2024T21:54:22 - [TEST_CASE][ERROR] - Test Cases/Quản lý tài khoản merchant/Quản lý danh sách tài khoản/Nạp tiền/TC_04_Không nhập số tiền và nhấn Xác nhận: Test Cases/Quản lý tài khoản merchant/Quản lý danh sách tài khoản/Nạp tiền/TC_04_Không nhập số tiền và nhấn Xác nhận FAILED.
Reason:
org.openqa.selenium.NoSuchElementException: no such element: Unable to locate element: {"method":"xpath","selector":"//button[contains(text(),'Đồng ý')]"}
  (Session info: chrome=129.0.6668.91)
For documentation on this error, please visit: https://www.seleniumhq.org/exceptions/no_such_element.html
Build info: version: '3.141.59', revision: 'unknown', time: 'unknown'
System info: host: 'Aidan', ip: '2405:4803:fd90:9ef0:35c5:6ea1:b1e8:64e8%en0', os.name: 'Mac OS X', os.arch: 'aarch64', os.version: '15.0.1', java.version: '17.0.7'
Driver info: com.kms.katalon.selenium.driver.CChromeDriver
Capabilities {acceptInsecureCerts: false, browserName: chrome, browserVersion: 129.0.6668.91, chrome: {chromedriverVersion: 128.0.6613.84 (606aa55c7d68..., userDataDir: /var/folders/t5/b7k67ybj7gz...}, fedcm:accounts: true, goog:chromeOptions: {debuggerAddress: localhost:50769}, javascriptEnabled: true, networkConnectionEnabled: false, pageLoadStrategy: normal, platform: MAC, platformName: MAC, proxy: Proxy(), setWindowRect: true, strictFileInteractability: false, timeouts: {implicit: 0, pageLoad: 300000, script: 30000}, unhandledPromptBehavior: dismiss and notify, webauthn:extension:credBlob: true, webauthn:extension:largeBlob: true, webauthn:extension:minPinLength: true, webauthn:extension:prf: true, webauthn:virtualAuthenticators: true}
Session ID: a046e7cd38a1ffe655d123492bf15c91
*** Element info: {Using=xpath, value=//button[contains(text(),'Đồng ý')]}
	at jdk.internal.reflect.GeneratedConstructorAccessor22.newInstance(Unknown Source)
	at java.base/jdk.internal.reflect.DelegatingConstructorAccessorImpl.newInstance(DelegatingConstructorAccessorImpl.java:45)
	at org.openqa.selenium.remote.http.W3CHttpResponseCodec.createException(W3CHttpResponseCodec.java:187)
	at org.openqa.selenium.remote.http.W3CHttpResponseCodec.decode(W3CHttpResponseCodec.java:122)
	at org.openqa.selenium.remote.http.W3CHttpResponseCodec.decode(W3CHttpResponseCodec.java:49)
	at org.openqa.selenium.remote.HttpCommandExecutor.execute(HttpCommandExecutor.java:158)
	at org.openqa.selenium.remote.service.DriverCommandExecutor.execute(DriverCommandExecutor.java:83)
	at org.openqa.selenium.remote.RemoteWebDriver.execute(RemoteWebDriver.java:552)
	at com.kms.katalon.selenium.driver.CChromeDriver.execute(CChromeDriver.java:19)
	at org.openqa.selenium.remote.RemoteWebDriver.findElement(RemoteWebDriver.java:323)
	at org.openqa.selenium.remote.RemoteWebDriver.findElementByXPath(RemoteWebDriver.java:428)
	at org.openqa.selenium.By$ByXPath.findElement(By.java:353)
	at org.openqa.selenium.remote.RemoteWebDriver.findElement(RemoteWebDriver.java:315)
	at jdk.internal.reflect.GeneratedMethodAccessor9.invoke(Unknown Source)
	at java.base/jdk.internal.reflect.DelegatingMethodAccessorImpl.invoke(DelegatingMethodAccessorImpl.java:43)
	at org.openqa.selenium.support.events.EventFiringWebDriver.lambda$new$1(EventFiringWebDriver.java:105)
	at jdk.proxy2/jdk.proxy2.$Proxy22.findElement(Unknown Source)
	at org.openqa.selenium.support.events.EventFiringWebDriver.findElement(EventFiringWebDriver.java:194)
	at TC_04_Không nhập số tiền và nhấn Xác nhận.run(TC_04_Không nhập số tiền và nhấn Xác nhận:43)
	at com.kms.katalon.core.main.ScriptEngine.run(ScriptEngine.java:194)
	at com.kms.katalon.core.main.ScriptEngine.runScriptAsRawText(ScriptEngine.java:119)
	at com.kms.katalon.core.main.TestCaseExecutor.runScript(TestCaseExecutor.java:448)
	at com.kms.katalon.core.main.TestCaseExecutor.doExecute(TestCaseExecutor.java:439)
	at com.kms.katalon.core.main.TestCaseExecutor.processExecutionPhase(TestCaseExecutor.java:418)
	at com.kms.katalon.core.main.TestCaseExecutor.accessMainPhase(TestCaseExecutor.java:410)
	at com.kms.katalon.core.main.TestCaseExecutor.execute(TestCaseExecutor.java:285)
	at com.kms.katalon.core.common.CommonExecutor.accessTestCaseMainPhase(CommonExecutor.java:65)
	at com.kms.katalon.core.main.TestSuiteExecutor.accessTestSuiteMainPhase(TestSuiteExecutor.java:150)
	at com.kms.katalon.core.main.TestSuiteExecutor.execute(TestSuiteExecutor.java:106)
	at com.kms.katalon.core.main.TestCaseMain.startTestSuite(TestCaseMain.java:180)
	at TempTestSuite1728744778676.run(TempTestSuite1728744778676.groovy:35)
	at java.base/jdk.internal.reflect.NativeMethodAccessorImpl.invoke0(Native Method)
	at java.base/jdk.internal.reflect.NativeMethodAccessorImpl.invoke(NativeMethodAccessorImpl.java:77)
	at java.base/jdk.internal.reflect.DelegatingMethodAccessorImpl.invoke(DelegatingMethodAccessorImpl.java:43)]]></system-err>
      </testcase>
      <testcase name="Test Cases/Quản lý tài khoản merchant/Quản lý danh sách tài khoản/Nạp tiền/TC_05_Nhập số tiền là ký tự đặc biệt và chữ nhấn Xác Nhận" time="60.629" classname="Test Cases/Quản lý tài khoản merchant/Quản lý danh sách tài khoản/Nạp tiền/TC_05_Nhập số tiền là ký tự đặc biệt và chữ nhấn Xác Nhận" status="ERROR">
         <error type="ERROR" message="Test Cases/Quản lý tài khoản merchant/Quản lý danh sách tài khoản/Nạp tiền/TC_05_Nhập số tiền là ký tự đặc biệt và chữ nhấn Xác Nhận FAILED.&#xa;Reason:&#xa;org.openqa.selenium.TimeoutException: Expected condition failed: waiting for visibility of element located by By.xpath: //p[contains(text(),'Đã tồn tại kỳ đối soát trước đó, Bạn có chắc chắn ')] (tried for 20 second(s) with 500 milliseconds interval)&#xa;	at org.openqa.selenium.support.ui.WebDriverWait.timeoutException(WebDriverWait.java:95)&#xa;	at org.openqa.selenium.support.ui.FluentWait.until(FluentWait.java:272)&#xa;	at TC_05_Nhập số tiền là ký tự đặc biệt và chữ nhấn Xác Nhận.run(TC_05_Nhập số tiền là ký tự đặc biệt và chữ nhấn Xác Nhận:40)&#xa;	at com.kms.katalon.core.main.ScriptEngine.run(ScriptEngine.java:194)&#xa;	at com.kms.katalon.core.main.ScriptEngine.runScriptAsRawText(ScriptEngine.java:119)&#xa;	at com.kms.katalon.core.main.TestCaseExecutor.runScript(TestCaseExecutor.java:448)&#xa;	at com.kms.katalon.core.main.TestCaseExecutor.doExecute(TestCaseExecutor.java:439)&#xa;	at com.kms.katalon.core.main.TestCaseExecutor.processExecutionPhase(TestCaseExecutor.java:418)&#xa;	at com.kms.katalon.core.main.TestCaseExecutor.accessMainPhase(TestCaseExecutor.java:410)&#xa;	at com.kms.katalon.core.main.TestCaseExecutor.execute(TestCaseExecutor.java:285)&#xa;	at com.kms.katalon.core.common.CommonExecutor.accessTestCaseMainPhase(CommonExecutor.java:65)&#xa;	at com.kms.katalon.core.main.TestSuiteExecutor.accessTestSuiteMainPhase(TestSuiteExecutor.java:150)&#xa;	at com.kms.katalon.core.main.TestSuiteExecutor.execute(TestSuiteExecutor.java:106)&#xa;	at com.kms.katalon.core.main.TestCaseMain.startTestSuite(TestCaseMain.java:180)&#xa;	at TempTestSuite1728744778676.run(TempTestSuite1728744778676.groovy:35)&#xa;	at java.base/jdk.internal.reflect.NativeMethodAccessorImpl.invoke0(Native Method)&#xa;	at java.base/jdk.internal.reflect.NativeMethodAccessorImpl.invoke(NativeMethodAccessorImpl.java:77)&#xa;	at java.base/jdk.internal.reflect.DelegatingMethodAccessorImpl.invoke(DelegatingMethodAccessorImpl.java:43)&#xa;Caused by: org.openqa.selenium.NoSuchElementException: no such element: Unable to locate element: {&quot;method&quot;:&quot;xpath&quot;,&quot;selector&quot;:&quot;//p[contains(text(),'Đã tồn tại kỳ đối soát trước đó, Bạn có chắc chắn ')]&quot;}&#xa;  (Session info: chrome=129.0.6668.91)&#xa;For documentation on this error, please visit: https://www.seleniumhq.org/exceptions/no_such_element.html&#xa;Build info: version: '3.141.59', revision: 'unknown', time: 'unknown'&#xa;System info: host: 'Aidan', ip: '2405:4803:fd90:9ef0:35c5:6ea1:b1e8:64e8%en0', os.name: 'Mac OS X', os.arch: 'aarch64', os.version: '15.0.1', java.version: '17.0.7'&#xa;Driver info: com.kms.katalon.selenium.driver.CChromeDriver&#xa;Capabilities {acceptInsecureCerts: false, browserName: chrome, browserVersion: 129.0.6668.91, chrome: {chromedriverVersion: 128.0.6613.84 (606aa55c7d68..., userDataDir: /var/folders/t5/b7k67ybj7gz...}, fedcm:accounts: true, goog:chromeOptions: {debuggerAddress: localhost:50794}, javascriptEnabled: true, networkConnectionEnabled: false, pageLoadStrategy: normal, platform: MAC, platformName: MAC, proxy: Proxy(), setWindowRect: true, strictFileInteractability: false, timeouts: {implicit: 0, pageLoad: 300000, script: 30000}, unhandledPromptBehavior: dismiss and notify, webauthn:extension:credBlob: true, webauthn:extension:largeBlob: true, webauthn:extension:minPinLength: true, webauthn:extension:prf: true, webauthn:virtualAuthenticators: true}&#xa;Session ID: f037f0ee765c3fa16dc7fecc7839ca77&#xa;*** Element info: {Using=xpath, value=//p[contains(text(),'Đã tồn tại kỳ đối soát trước đó, Bạn có chắc chắn ')]}&#xa;	at jdk.internal.reflect.GeneratedConstructorAccessor22.newInstance(Unknown Source)&#xa;	at java.base/jdk.internal.reflect.DelegatingConstructorAccessorImpl.newInstance(DelegatingConstructorAccessorImpl.java:45)&#xa;	at org.openqa.selenium.remote.http.W3CHttpResponseCodec.createException(W3CHttpResponseCodec.java:187)&#xa;	at org.openqa.selenium.remote.http.W3CHttpResponseCodec.decode(W3CHttpResponseCodec.java:122)&#xa;	at org.openqa.selenium.remote.http.W3CHttpResponseCodec.decode(W3CHttpResponseCodec.java:49)&#xa;	at org.openqa.selenium.remote.HttpCommandExecutor.execute(HttpCommandExecutor.java:158)&#xa;	at org.openqa.selenium.remote.service.DriverCommandExecutor.execute(DriverCommandExecutor.java:83)&#xa;	at org.openqa.selenium.remote.RemoteWebDriver.execute(RemoteWebDriver.java:552)&#xa;	at com.kms.katalon.selenium.driver.CChromeDriver.execute(CChromeDriver.java:19)&#xa;	at org.openqa.selenium.remote.RemoteWebDriver.findElement(RemoteWebDriver.java:323)&#xa;	at org.openqa.selenium.remote.RemoteWebDriver.findElementByXPath(RemoteWebDriver.java:428)&#xa;	at org.openqa.selenium.By$ByXPath.findElement(By.java:353)&#xa;	at org.openqa.selenium.remote.RemoteWebDriver.findElement(RemoteWebDriver.java:315)&#xa;	at jdk.internal.reflect.GeneratedMethodAccessor9.invoke(Unknown Source)&#xa;	at java.base/jdk.internal.reflect.DelegatingMethodAccessorImpl.invoke(DelegatingMethodAccessorImpl.java:43)&#xa;	at org.openqa.selenium.support.events.EventFiringWebDriver.lambda$new$1(EventFiringWebDriver.java:105)&#xa;	at jdk.proxy2/jdk.proxy2.$Proxy22.findElement(Unknown Source)&#xa;	at org.openqa.selenium.support.events.EventFiringWebDriver.findElement(EventFiringWebDriver.java:194)&#xa;	at org.openqa.selenium.support.ui.ExpectedConditions$7.apply(ExpectedConditions.java:205)&#xa;	at org.openqa.selenium.support.ui.ExpectedConditions$7.apply(ExpectedConditions.java:201)&#xa;	at org.openqa.selenium.support.ui.FluentWait.until(FluentWait.java:249)&#xa;	... 16 more&#xa;"/>
         <system-out><![CDATA[12-10-2024T21:54:51 - [TEST_CASE][ERROR] - Test Cases/Quản lý tài khoản merchant/Quản lý danh sách tài khoản/Nạp tiền/TC_05_Nhập số tiền là ký tự đặc biệt và chữ nhấn Xác Nhận: Test Cases/Quản lý tài khoản merchant/Quản lý danh sách tài khoản/Nạp tiền/TC_05_Nhập số tiền là ký tự đặc biệt và chữ nhấn Xác Nhận FAILED.
Reason:
org.openqa.selenium.TimeoutException: Expected condition failed: waiting for visibility of element located by By.xpath: //p[contains(text(),'Đã tồn tại kỳ đối soát trước đó, Bạn có chắc chắn ')] (tried for 20 second(s) with 500 milliseconds interval)
	at org.openqa.selenium.support.ui.WebDriverWait.timeoutException(WebDriverWait.java:95)
	at org.openqa.selenium.support.ui.FluentWait.until(FluentWait.java:272)
	at TC_05_Nhập số tiền là ký tự đặc biệt và chữ nhấn Xác Nhận.run(TC_05_Nhập số tiền là ký tự đặc biệt và chữ nhấn Xác Nhận:40)
	at com.kms.katalon.core.main.ScriptEngine.run(ScriptEngine.java:194)
	at com.kms.katalon.core.main.ScriptEngine.runScriptAsRawText(ScriptEngine.java:119)
	at com.kms.katalon.core.main.TestCaseExecutor.runScript(TestCaseExecutor.java:448)
	at com.kms.katalon.core.main.TestCaseExecutor.doExecute(TestCaseExecutor.java:439)
	at com.kms.katalon.core.main.TestCaseExecutor.processExecutionPhase(TestCaseExecutor.java:418)
	at com.kms.katalon.core.main.TestCaseExecutor.accessMainPhase(TestCaseExecutor.java:410)
	at com.kms.katalon.core.main.TestCaseExecutor.execute(TestCaseExecutor.java:285)
	at com.kms.katalon.core.common.CommonExecutor.accessTestCaseMainPhase(CommonExecutor.java:65)
	at com.kms.katalon.core.main.TestSuiteExecutor.accessTestSuiteMainPhase(TestSuiteExecutor.java:150)
	at com.kms.katalon.core.main.TestSuiteExecutor.execute(TestSuiteExecutor.java:106)
	at com.kms.katalon.core.main.TestCaseMain.startTestSuite(TestCaseMain.java:180)
	at TempTestSuite1728744778676.run(TempTestSuite1728744778676.groovy:35)
	at java.base/jdk.internal.reflect.NativeMethodAccessorImpl.invoke0(Native Method)
	at java.base/jdk.internal.reflect.NativeMethodAccessorImpl.invoke(NativeMethodAccessorImpl.java:77)
	at java.base/jdk.internal.reflect.DelegatingMethodAccessorImpl.invoke(DelegatingMethodAccessorImpl.java:43)
Caused by: org.openqa.selenium.NoSuchElementException: no such element: Unable to locate element: {"method":"xpath","selector":"//p[contains(text(),'Đã tồn tại kỳ đối soát trước đó, Bạn có chắc chắn ')]"}
  (Session info: chrome=129.0.6668.91)
For documentation on this error, please visit: https://www.seleniumhq.org/exceptions/no_such_element.html
Build info: version: '3.141.59', revision: 'unknown', time: 'unknown'
System info: host: 'Aidan', ip: '2405:4803:fd90:9ef0:35c5:6ea1:b1e8:64e8%en0', os.name: 'Mac OS X', os.arch: 'aarch64', os.version: '15.0.1', java.version: '17.0.7'
Driver info: com.kms.katalon.selenium.driver.CChromeDriver
Capabilities {acceptInsecureCerts: false, browserName: chrome, browserVersion: 129.0.6668.91, chrome: {chromedriverVersion: 128.0.6613.84 (606aa55c7d68..., userDataDir: /var/folders/t5/b7k67ybj7gz...}, fedcm:accounts: true, goog:chromeOptions: {debuggerAddress: localhost:50794}, javascriptEnabled: true, networkConnectionEnabled: false, pageLoadStrategy: normal, platform: MAC, platformName: MAC, proxy: Proxy(), setWindowRect: true, strictFileInteractability: false, timeouts: {implicit: 0, pageLoad: 300000, script: 30000}, unhandledPromptBehavior: dismiss and notify, webauthn:extension:credBlob: true, webauthn:extension:largeBlob: true, webauthn:extension:minPinLength: true, webauthn:extension:prf: true, webauthn:virtualAuthenticators: true}
Session ID: f037f0ee765c3fa16dc7fecc7839ca77
*** Element info: {Using=xpath, value=//p[contains(text(),'Đã tồn tại kỳ đối soát trước đó, Bạn có chắc chắn ')]}
	at jdk.internal.reflect.GeneratedConstructorAccessor22.newInstance(Unknown Source)
	at java.base/jdk.internal.reflect.DelegatingConstructorAccessorImpl.newInstance(DelegatingConstructorAccessorImpl.java:45)
	at org.openqa.selenium.remote.http.W3CHttpResponseCodec.createException(W3CHttpResponseCodec.java:187)
	at org.openqa.selenium.remote.http.W3CHttpResponseCodec.decode(W3CHttpResponseCodec.java:122)
	at org.openqa.selenium.remote.http.W3CHttpResponseCodec.decode(W3CHttpResponseCodec.java:49)
	at org.openqa.selenium.remote.HttpCommandExecutor.execute(HttpCommandExecutor.java:158)
	at org.openqa.selenium.remote.service.DriverCommandExecutor.execute(DriverCommandExecutor.java:83)
	at org.openqa.selenium.remote.RemoteWebDriver.execute(RemoteWebDriver.java:552)
	at com.kms.katalon.selenium.driver.CChromeDriver.execute(CChromeDriver.java:19)
	at org.openqa.selenium.remote.RemoteWebDriver.findElement(RemoteWebDriver.java:323)
	at org.openqa.selenium.remote.RemoteWebDriver.findElementByXPath(RemoteWebDriver.java:428)
	at org.openqa.selenium.By$ByXPath.findElement(By.java:353)
	at org.openqa.selenium.remote.RemoteWebDriver.findElement(RemoteWebDriver.java:315)
	at jdk.internal.reflect.GeneratedMethodAccessor9.invoke(Unknown Source)
	at java.base/jdk.internal.reflect.DelegatingMethodAccessorImpl.invoke(DelegatingMethodAccessorImpl.java:43)
	at org.openqa.selenium.support.events.EventFiringWebDriver.lambda$new$1(EventFiringWebDriver.java:105)
	at jdk.proxy2/jdk.proxy2.$Proxy22.findElement(Unknown Source)
	at org.openqa.selenium.support.events.EventFiringWebDriver.findElement(EventFiringWebDriver.java:194)
	at org.openqa.selenium.support.ui.ExpectedConditions$7.apply(ExpectedConditions.java:205)
	at org.openqa.selenium.support.ui.ExpectedConditions$7.apply(ExpectedConditions.java:201)
	at org.openqa.selenium.support.ui.FluentWait.until(FluentWait.java:249)
	... 16 more


12-10-2024T21:54:51 - [TEST_STEP][PASSED] - Start listener action : sampleBeforeTestCase: Navigate to 'https://stg-cms-console.9pay.mobi/login' successfully

12-10-2024T21:54:51 - [TEST_STEP][PASSED] - testCaseId = testCaseContext.getTestCaseId(): null

12-10-2024T21:54:51 - [TEST_STEP][PASSED] - url = <not implemented yet for class: org.codehaus.groovy.ast.expr.EmptyExpression>: null

12-10-2024T21:54:51 - [TEST_STEP][PASSED] - if (testCaseId == "Test Cases/Quản lý tài khoản merchant/Quản lý dịch vụ merchant/TC_14_Kiểm tra thay đổi sau khi cấu hình VA trên MCV"): null

12-10-2024T21:54:51 - [TEST_STEP][PASSED] - else: null

12-10-2024T21:54:51 - [TEST_STEP][PASSED] - url = "https://stg-cms-console.9pay.mobi/login": null

12-10-2024T21:54:51 - [TEST_STEP][PASSED] - openBrowser(""): Browser is opened with url: ''

12-10-2024T21:54:51 - [MESSAGE][WARNING] - A browser is already opened. Closing browser and opening a new one

12-10-2024T21:54:51 - [MESSAGE][INFO] - Starting 'Chrome' driver

12-10-2024T21:54:51 - [MESSAGE][INFO] - Action delay is set to 0 milliseconds

12-10-2024T21:54:52 - [MESSAGE][PASSED] - Browser is opened with url: ''

12-10-2024T21:54:52 - [TEST_STEP][PASSED] - maximizeWindow(): Current window maximized

12-10-2024T21:54:52 - [MESSAGE][PASSED] - Current window maximized

12-10-2024T21:54:52 - [TEST_STEP][PASSED] - navigateToUrl(url): Navigate to 'https://stg-cms-console.9pay.mobi/login' successfully

12-10-2024T21:54:59 - [MESSAGE][PASSED] - Navigate to 'https://stg-cms-console.9pay.mobi/login' successfully

12-10-2024T21:54:59 - [TEST_STEP][PASSED] - driver = getWebDriver(): null

12-10-2024T21:54:59 - [TEST_STEP][PASSED] - callTestCase(findTestCase("Test Cases/Login/LoginCommon"), [:], STOP_ON_FAILURE): Call Test Case 'Test Cases/Login/LoginCommon' successfully

12-10-2024T21:54:59 - [TEST_CASE][PASSED] - Test Cases/Login/LoginCommon: Test Cases/Login/LoginCommon

12-10-2024T21:54:59 - [TEST_STEP][PASSED] - driver = getWebDriver(): null

12-10-2024T21:54:59 - [TEST_STEP][PASSED] - sendKeys(findTestObject("Quản lý tài khoản merchant/Quản lý dịch vụ merchant/userNameTextbox"), userAccount): Keys 'dannt@9pay.vn' sent to object: 'Object Repository/Quản lý tài khoản merchant/Quản lý dịch vụ merchant/userNameTextbox'

12-10-2024T21:55:00 - [MESSAGE][PASSED] - Keys 'dannt@9pay.vn' sent to object: 'Object Repository/Quản lý tài khoản merchant/Quản lý dịch vụ merchant/userNameTextbox'

12-10-2024T21:55:00 - [TEST_STEP][PASSED] - sendKeys(findTestObject("Quản lý tài khoản merchant/Quản lý dịch vụ merchant/passwordTextbox"), password): Keys 'dannt@9pay.vn' sent to object: 'Object Repository/Quản lý tài khoản merchant/Quản lý dịch vụ merchant/passwordTextbox'

12-10-2024T21:55:00 - [MESSAGE][PASSED] - Keys 'dannt@9pay.vn' sent to object: 'Object Repository/Quản lý tài khoản merchant/Quản lý dịch vụ merchant/passwordTextbox'

12-10-2024T21:55:00 - [TEST_STEP][PASSED] - click(findTestObject("Quản lý tài khoản merchant/Quản lý dịch vụ merchant/loginButton")): Object: 'Object Repository/Quản lý tài khoản merchant/Quản lý dịch vụ merchant/loginButton' is clicked on

12-10-2024T21:55:00 - [MESSAGE][PASSED] - Object: 'Object Repository/Quản lý tài khoản merchant/Quản lý dịch vụ merchant/loginButton' is clicked on

12-10-2024T21:55:00 - [MESSAGE][PASSED] - Call Test Case 'Test Cases/Login/LoginCommon' successfully

12-10-2024T21:55:00 - [TEST_STEP][PASSED] - waitForElementVisible(findTestObject("Trang chủ/userName"), 20, STOP_ON_FAILURE): Object 'Object Repository/Trang chủ/userName' is visible

12-10-2024T21:55:15 - [MESSAGE][PASSED] - Object 'Object Repository/Trang chủ/userName' is visible

12-10-2024T21:55:15 - [TEST_STEP][PASSED] - callTestCase(findTestCase("Test Cases/Quản lý tài khoản merchant/Quản lý danh sách tài khoản/CustomFunctions Deposit"), [:], STOP_ON_FAILURE): Call Test Case 'Test Cases/Quản lý tài khoản merchant/Quản lý danh sách tài khoản/CustomFunctions Deposit' successfully

12-10-2024T21:55:15 - [TEST_CASE][PASSED] - Test Cases/Quản lý tài khoản merchant/Quản lý danh sách tài khoản/CustomFunctions Deposit: Test Cases/Quản lý tài khoản merchant/Quản lý danh sách tài khoản/CustomFunctions Deposit

12-10-2024T21:55:15 - [TEST_STEP][PASSED] - driver = getWebDriver(): null

12-10-2024T21:55:15 - [TEST_STEP][PASSED] - element1 = driver.findElement(By.xpath("//span[contains(text(),'Quản lý tài khoản merchant')]")): null

12-10-2024T21:55:15 - [TEST_STEP][PASSED] - actions = new org.openqa.selenium.interactions.Actions(driver): null

12-10-2024T21:55:15 - [TEST_STEP][PASSED] - click().perform(): null

12-10-2024T21:55:16 - [TEST_STEP][PASSED] - wait = new org.openqa.selenium.support.ui.WebDriverWait(com.kms.katalon.core.webui.driver.DriverFactory.getWebDriver(), 15): null

12-10-2024T21:55:16 - [TEST_STEP][PASSED] - xpath(xpathManagerListAccount))).click(): null

12-10-2024T21:55:16 - [MESSAGE][PASSED] - Call Test Case 'Test Cases/Quản lý tài khoản merchant/Quản lý danh sách tài khoản/CustomFunctions Deposit' successfully

12-10-2024T21:55:16 - [TEST_STEP][PASSED] - wait = new org.openqa.selenium.support.ui.WebDriverWait(com.kms.katalon.core.webui.driver.DriverFactory.getWebDriver(), 20): null

12-10-2024T21:55:16 - [TEST_STEP][PASSED] - userCode = wait.until(ExpectedConditions.visibilityOfElementLocated(By.xpath(xpathUserCode))): null

12-10-2024T21:55:21 - [TEST_STEP][PASSED] - println(userCode.getText()): null

12-10-2024T21:55:21 - [TEST_STEP][PASSED] - xpath(xpathBtnAccount))).click(): null

12-10-2024T21:55:21 - [TEST_STEP][PASSED] - searchTextbox = wait.until(ExpectedConditions.elementToBeClickable(By.xpath(xpathSearchTextbox))): null

12-10-2024T21:55:22 - [TEST_STEP][PASSED] - searchTextbox.sendKeys(username): null

12-10-2024T21:55:22 - [TEST_STEP][PASSED] - xpath(xpathOption)).click(): null

12-10-2024T21:55:22 - [TEST_STEP][PASSED] - xpath(xpathBtnSearch)).click(): null

12-10-2024T21:55:22 - [TEST_STEP][PASSED] - wait.until(ExpectedConditions.visibilityOfElementLocated(By.xpath(xpathAccountName))): null

12-10-2024T21:55:23 - [TEST_STEP][PASSED] - xpath(xpathBtnDeposit)).click(): null

12-10-2024T21:55:24 - [TEST_STEP][PASSED] - wait.until(ExpectedConditions.visibilityOfElementLocated(By.xpath(xpathTextAccount))): null

12-10-2024T21:55:29 - [TEST_STEP][PASSED] - xpath(xpathChonVi)).click(): null

12-10-2024T21:55:30 - [TEST_STEP][PASSED] - xpath(xpathThuHo3)).click(): null

12-10-2024T21:55:30 - [TEST_STEP][PASSED] - xpath(xpathDay)).click(): null

12-10-2024T21:55:30 - [TEST_STEP][PASSED] - xpath(xpathHomQua)).click(): null

12-10-2024T21:55:31 - [TEST_STEP][PASSED] - xpath(xpathBtnContinue)).click(): null

12-10-2024T21:55:31 - [TEST_STEP][ERROR] - popupDS = wait.until(ExpectedConditions.visibilityOfElementLocated(By.xpath("//p[contains(text(),'Đã tồn tại kỳ đối soát trước đó, Bạn có chắc chắn ')]"))): Test Cases/Quản lý tài khoản merchant/Quản lý danh sách tài khoản/Nạp tiền/TC_05_Nhập số tiền là ký tự đặc biệt và chữ nhấn Xác Nhận FAILED.
Reason:
org.openqa.selenium.TimeoutException: Expected condition failed: waiting for visibility of element located by By.xpath: //p[contains(text(),'Đã tồn tại kỳ đối soát trước đó, Bạn có chắc chắn ')] (tried for 20 second(s) with 500 milliseconds interval)
	at org.openqa.selenium.support.ui.WebDriverWait.timeoutException(WebDriverWait.java:95)
	at org.openqa.selenium.support.ui.FluentWait.until(FluentWait.java:272)
	at TC_05_Nhập số tiền là ký tự đặc biệt và chữ nhấn Xác Nhận.run(TC_05_Nhập số tiền là ký tự đặc biệt và chữ nhấn Xác Nhận:40)
	at com.kms.katalon.core.main.ScriptEngine.run(ScriptEngine.java:194)
	at com.kms.katalon.core.main.ScriptEngine.runScriptAsRawText(ScriptEngine.java:119)
	at com.kms.katalon.core.main.TestCaseExecutor.runScript(TestCaseExecutor.java:448)
	at com.kms.katalon.core.main.TestCaseExecutor.doExecute(TestCaseExecutor.java:439)
	at com.kms.katalon.core.main.TestCaseExecutor.processExecutionPhase(TestCaseExecutor.java:418)
	at com.kms.katalon.core.main.TestCaseExecutor.accessMainPhase(TestCaseExecutor.java:410)
	at com.kms.katalon.core.main.TestCaseExecutor.execute(TestCaseExecutor.java:285)
	at com.kms.katalon.core.common.CommonExecutor.accessTestCaseMainPhase(CommonExecutor.java:65)
	at com.kms.katalon.core.main.TestSuiteExecutor.accessTestSuiteMainPhase(TestSuiteExecutor.java:150)
	at com.kms.katalon.core.main.TestSuiteExecutor.execute(TestSuiteExecutor.java:106)
	at com.kms.katalon.core.main.TestCaseMain.startTestSuite(TestCaseMain.java:180)
	at TempTestSuite1728744778676.run(TempTestSuite1728744778676.groovy:35)
	at java.base/jdk.internal.reflect.NativeMethodAccessorImpl.invoke0(Native Method)
	at java.base/jdk.internal.reflect.NativeMethodAccessorImpl.invoke(NativeMethodAccessorImpl.java:77)
	at java.base/jdk.internal.reflect.DelegatingMethodAccessorImpl.invoke(DelegatingMethodAccessorImpl.java:43)
Caused by: org.openqa.selenium.NoSuchElementException: no such element: Unable to locate element: {"method":"xpath","selector":"//p[contains(text(),'Đã tồn tại kỳ đối soát trước đó, Bạn có chắc chắn ')]"}
  (Session info: chrome=129.0.6668.91)
For documentation on this error, please visit: https://www.seleniumhq.org/exceptions/no_such_element.html
Build info: version: '3.141.59', revision: 'unknown', time: 'unknown'
System info: host: 'Aidan', ip: '2405:4803:fd90:9ef0:35c5:6ea1:b1e8:64e8%en0', os.name: 'Mac OS X', os.arch: 'aarch64', os.version: '15.0.1', java.version: '17.0.7'
Driver info: com.kms.katalon.selenium.driver.CChromeDriver
Capabilities {acceptInsecureCerts: false, browserName: chrome, browserVersion: 129.0.6668.91, chrome: {chromedriverVersion: 128.0.6613.84 (606aa55c7d68..., userDataDir: /var/folders/t5/b7k67ybj7gz...}, fedcm:accounts: true, goog:chromeOptions: {debuggerAddress: localhost:50794}, javascriptEnabled: true, networkConnectionEnabled: false, pageLoadStrategy: normal, platform: MAC, platformName: MAC, proxy: Proxy(), setWindowRect: true, strictFileInteractability: false, timeouts: {implicit: 0, pageLoad: 300000, script: 30000}, unhandledPromptBehavior: dismiss and notify, webauthn:extension:credBlob: true, webauthn:extension:largeBlob: true, webauthn:extension:minPinLength: true, webauthn:extension:prf: true, webauthn:virtualAuthenticators: true}
Session ID: f037f0ee765c3fa16dc7fecc7839ca77
*** Element info: {Using=xpath, value=//p[contains(text(),'Đã tồn tại kỳ đối soát trước đó, Bạn có chắc chắn ')]}
	at jdk.internal.reflect.GeneratedConstructorAccessor22.newInstance(Unknown Source)
	at java.base/jdk.internal.reflect.DelegatingConstructorAccessorImpl.newInstance(DelegatingConstructorAccessorImpl.java:45)
	at org.openqa.selenium.remote.http.W3CHttpResponseCodec.createException(W3CHttpResponseCodec.java:187)
	at org.openqa.selenium.remote.http.W3CHttpResponseCodec.decode(W3CHttpResponseCodec.java:122)
	at org.openqa.selenium.remote.http.W3CHttpResponseCodec.decode(W3CHttpResponseCodec.java:49)
	at org.openqa.selenium.remote.HttpCommandExecutor.execute(HttpCommandExecutor.java:158)
	at org.openqa.selenium.remote.service.DriverCommandExecutor.execute(DriverCommandExecutor.java:83)
	at org.openqa.selenium.remote.RemoteWebDriver.execute(RemoteWebDriver.java:552)
	at com.kms.katalon.selenium.driver.CChromeDriver.execute(CChromeDriver.java:19)
	at org.openqa.selenium.remote.RemoteWebDriver.findElement(RemoteWebDriver.java:323)
	at org.openqa.selenium.remote.RemoteWebDriver.findElementByXPath(RemoteWebDriver.java:428)
	at org.openqa.selenium.By$ByXPath.findElement(By.java:353)
	at org.openqa.selenium.remote.RemoteWebDriver.findElement(RemoteWebDriver.java:315)
	at jdk.internal.reflect.GeneratedMethodAccessor9.invoke(Unknown Source)
	at java.base/jdk.internal.reflect.DelegatingMethodAccessorImpl.invoke(DelegatingMethodAccessorImpl.java:43)
	at org.openqa.selenium.support.events.EventFiringWebDriver.lambda$new$1(EventFiringWebDriver.java:105)
	at jdk.proxy2/jdk.proxy2.$Proxy22.findElement(Unknown Source)
	at org.openqa.selenium.support.events.EventFiringWebDriver.findElement(EventFiringWebDriver.java:194)
	at org.openqa.selenium.support.ui.ExpectedConditions$7.apply(ExpectedConditions.java:205)
	at org.openqa.selenium.support.ui.ExpectedConditions$7.apply(ExpectedConditions.java:201)
	at org.openqa.selenium.support.ui.FluentWait.until(FluentWait.java:249)
	at Script1720716917678.run(Script1720716917678.groovy:40)
	... 15 more


12-10-2024T21:55:52 - [MESSAGE][ERROR] - Test Cases/Quản lý tài khoản merchant/Quản lý danh sách tài khoản/Nạp tiền/TC_05_Nhập số tiền là ký tự đặc biệt và chữ nhấn Xác Nhận FAILED.
Reason:
org.openqa.selenium.TimeoutException: Expected condition failed: waiting for visibility of element located by By.xpath: //p[contains(text(),'Đã tồn tại kỳ đối soát trước đó, Bạn có chắc chắn ')] (tried for 20 second(s) with 500 milliseconds interval)
	at org.openqa.selenium.support.ui.WebDriverWait.timeoutException(WebDriverWait.java:95)
	at org.openqa.selenium.support.ui.FluentWait.until(FluentWait.java:272)
	at TC_05_Nhập số tiền là ký tự đặc biệt và chữ nhấn Xác Nhận.run(TC_05_Nhập số tiền là ký tự đặc biệt và chữ nhấn Xác Nhận:40)
	at com.kms.katalon.core.main.ScriptEngine.run(ScriptEngine.java:194)
	at com.kms.katalon.core.main.ScriptEngine.runScriptAsRawText(ScriptEngine.java:119)
	at com.kms.katalon.core.main.TestCaseExecutor.runScript(TestCaseExecutor.java:448)
	at com.kms.katalon.core.main.TestCaseExecutor.doExecute(TestCaseExecutor.java:439)
	at com.kms.katalon.core.main.TestCaseExecutor.processExecutionPhase(TestCaseExecutor.java:418)
	at com.kms.katalon.core.main.TestCaseExecutor.accessMainPhase(TestCaseExecutor.java:410)
	at com.kms.katalon.core.main.TestCaseExecutor.execute(TestCaseExecutor.java:285)
	at com.kms.katalon.core.common.CommonExecutor.accessTestCaseMainPhase(CommonExecutor.java:65)
	at com.kms.katalon.core.main.TestSuiteExecutor.accessTestSuiteMainPhase(TestSuiteExecutor.java:150)
	at com.kms.katalon.core.main.TestSuiteExecutor.execute(TestSuiteExecutor.java:106)
	at com.kms.katalon.core.main.TestCaseMain.startTestSuite(TestCaseMain.java:180)
	at TempTestSuite1728744778676.run(TempTestSuite1728744778676.groovy:35)
	at java.base/jdk.internal.reflect.NativeMethodAccessorImpl.invoke0(Native Method)
	at java.base/jdk.internal.reflect.NativeMethodAccessorImpl.invoke(NativeMethodAccessorImpl.java:77)
	at java.base/jdk.internal.reflect.DelegatingMethodAccessorImpl.invoke(DelegatingMethodAccessorImpl.java:43)
Caused by: org.openqa.selenium.NoSuchElementException: no such element: Unable to locate element: {"method":"xpath","selector":"//p[contains(text(),'Đã tồn tại kỳ đối soát trước đó, Bạn có chắc chắn ')]"}
  (Session info: chrome=129.0.6668.91)
For documentation on this error, please visit: https://www.seleniumhq.org/exceptions/no_such_element.html
Build info: version: '3.141.59', revision: 'unknown', time: 'unknown'
System info: host: 'Aidan', ip: '2405:4803:fd90:9ef0:35c5:6ea1:b1e8:64e8%en0', os.name: 'Mac OS X', os.arch: 'aarch64', os.version: '15.0.1', java.version: '17.0.7'
Driver info: com.kms.katalon.selenium.driver.CChromeDriver
Capabilities {acceptInsecureCerts: false, browserName: chrome, browserVersion: 129.0.6668.91, chrome: {chromedriverVersion: 128.0.6613.84 (606aa55c7d68..., userDataDir: /var/folders/t5/b7k67ybj7gz...}, fedcm:accounts: true, goog:chromeOptions: {debuggerAddress: localhost:50794}, javascriptEnabled: true, networkConnectionEnabled: false, pageLoadStrategy: normal, platform: MAC, platformName: MAC, proxy: Proxy(), setWindowRect: true, strictFileInteractability: false, timeouts: {implicit: 0, pageLoad: 300000, script: 30000}, unhandledPromptBehavior: dismiss and notify, webauthn:extension:credBlob: true, webauthn:extension:largeBlob: true, webauthn:extension:minPinLength: true, webauthn:extension:prf: true, webauthn:virtualAuthenticators: true}
Session ID: f037f0ee765c3fa16dc7fecc7839ca77
*** Element info: {Using=xpath, value=//p[contains(text(),'Đã tồn tại kỳ đối soát trước đó, Bạn có chắc chắn ')]}
	at jdk.internal.reflect.GeneratedConstructorAccessor22.newInstance(Unknown Source)
	at java.base/jdk.internal.reflect.DelegatingConstructorAccessorImpl.newInstance(DelegatingConstructorAccessorImpl.java:45)
	at org.openqa.selenium.remote.http.W3CHttpResponseCodec.createException(W3CHttpResponseCodec.java:187)
	at org.openqa.selenium.remote.http.W3CHttpResponseCodec.decode(W3CHttpResponseCodec.java:122)
	at org.openqa.selenium.remote.http.W3CHttpResponseCodec.decode(W3CHttpResponseCodec.java:49)
	at org.openqa.selenium.remote.HttpCommandExecutor.execute(HttpCommandExecutor.java:158)
	at org.openqa.selenium.remote.service.DriverCommandExecutor.execute(DriverCommandExecutor.java:83)
	at org.openqa.selenium.remote.RemoteWebDriver.execute(RemoteWebDriver.java:552)
	at com.kms.katalon.selenium.driver.CChromeDriver.execute(CChromeDriver.java:19)
	at org.openqa.selenium.remote.RemoteWebDriver.findElement(RemoteWebDriver.java:323)
	at org.openqa.selenium.remote.RemoteWebDriver.findElementByXPath(RemoteWebDriver.java:428)
	at org.openqa.selenium.By$ByXPath.findElement(By.java:353)
	at org.openqa.selenium.remote.RemoteWebDriver.findElement(RemoteWebDriver.java:315)
	at jdk.internal.reflect.GeneratedMethodAccessor9.invoke(Unknown Source)
	at java.base/jdk.internal.reflect.DelegatingMethodAccessorImpl.invoke(DelegatingMethodAccessorImpl.java:43)
	at org.openqa.selenium.support.events.EventFiringWebDriver.lambda$new$1(EventFiringWebDriver.java:105)
	at jdk.proxy2/jdk.proxy2.$Proxy22.findElement(Unknown Source)
	at org.openqa.selenium.support.events.EventFiringWebDriver.findElement(EventFiringWebDriver.java:194)
	at org.openqa.selenium.support.ui.ExpectedConditions$7.apply(ExpectedConditions.java:205)
	at org.openqa.selenium.support.ui.ExpectedConditions$7.apply(ExpectedConditions.java:201)
	at org.openqa.selenium.support.ui.FluentWait.until(FluentWait.java:249)
	at Script1720716917678.run(Script1720716917678.groovy:40)
	... 15 more


12-10-2024T21:55:52 - [TEST_STEP][PASSED] - Start listener action : sampleAfterTestCase: null

12-10-2024T21:55:52 - [TEST_STEP][PASSED] - testCaseId = testCaseContext.getTestCaseId(): null

12-10-2024T21:55:52 - [TEST_STEP][PASSED] - if (testCaseId == "Test Cases/Quản lý tài khoản merchant/Quản lý dịch vụ merchant/TC_13_Kiểm tra chức năng xác nhận cấu hình thay đổi VA"): null]]></system-out>
         <system-err><![CDATA[12-10-2024T21:54:51 - [TEST_CASE][ERROR] - Test Cases/Quản lý tài khoản merchant/Quản lý danh sách tài khoản/Nạp tiền/TC_05_Nhập số tiền là ký tự đặc biệt và chữ nhấn Xác Nhận: Test Cases/Quản lý tài khoản merchant/Quản lý danh sách tài khoản/Nạp tiền/TC_05_Nhập số tiền là ký tự đặc biệt và chữ nhấn Xác Nhận FAILED.
Reason:
org.openqa.selenium.TimeoutException: Expected condition failed: waiting for visibility of element located by By.xpath: //p[contains(text(),'Đã tồn tại kỳ đối soát trước đó, Bạn có chắc chắn ')] (tried for 20 second(s) with 500 milliseconds interval)
	at org.openqa.selenium.support.ui.WebDriverWait.timeoutException(WebDriverWait.java:95)
	at org.openqa.selenium.support.ui.FluentWait.until(FluentWait.java:272)
	at TC_05_Nhập số tiền là ký tự đặc biệt và chữ nhấn Xác Nhận.run(TC_05_Nhập số tiền là ký tự đặc biệt và chữ nhấn Xác Nhận:40)
	at com.kms.katalon.core.main.ScriptEngine.run(ScriptEngine.java:194)
	at com.kms.katalon.core.main.ScriptEngine.runScriptAsRawText(ScriptEngine.java:119)
	at com.kms.katalon.core.main.TestCaseExecutor.runScript(TestCaseExecutor.java:448)
	at com.kms.katalon.core.main.TestCaseExecutor.doExecute(TestCaseExecutor.java:439)
	at com.kms.katalon.core.main.TestCaseExecutor.processExecutionPhase(TestCaseExecutor.java:418)
	at com.kms.katalon.core.main.TestCaseExecutor.accessMainPhase(TestCaseExecutor.java:410)
	at com.kms.katalon.core.main.TestCaseExecutor.execute(TestCaseExecutor.java:285)
	at com.kms.katalon.core.common.CommonExecutor.accessTestCaseMainPhase(CommonExecutor.java:65)
	at com.kms.katalon.core.main.TestSuiteExecutor.accessTestSuiteMainPhase(TestSuiteExecutor.java:150)
	at com.kms.katalon.core.main.TestSuiteExecutor.execute(TestSuiteExecutor.java:106)
	at com.kms.katalon.core.main.TestCaseMain.startTestSuite(TestCaseMain.java:180)
	at TempTestSuite1728744778676.run(TempTestSuite1728744778676.groovy:35)
	at java.base/jdk.internal.reflect.NativeMethodAccessorImpl.invoke0(Native Method)
	at java.base/jdk.internal.reflect.NativeMethodAccessorImpl.invoke(NativeMethodAccessorImpl.java:77)
	at java.base/jdk.internal.reflect.DelegatingMethodAccessorImpl.invoke(DelegatingMethodAccessorImpl.java:43)
Caused by: org.openqa.selenium.NoSuchElementException: no such element: Unable to locate element: {"method":"xpath","selector":"//p[contains(text(),'Đã tồn tại kỳ đối soát trước đó, Bạn có chắc chắn ')]"}
  (Session info: chrome=129.0.6668.91)
For documentation on this error, please visit: https://www.seleniumhq.org/exceptions/no_such_element.html
Build info: version: '3.141.59', revision: 'unknown', time: 'unknown'
System info: host: 'Aidan', ip: '2405:4803:fd90:9ef0:35c5:6ea1:b1e8:64e8%en0', os.name: 'Mac OS X', os.arch: 'aarch64', os.version: '15.0.1', java.version: '17.0.7'
Driver info: com.kms.katalon.selenium.driver.CChromeDriver
Capabilities {acceptInsecureCerts: false, browserName: chrome, browserVersion: 129.0.6668.91, chrome: {chromedriverVersion: 128.0.6613.84 (606aa55c7d68..., userDataDir: /var/folders/t5/b7k67ybj7gz...}, fedcm:accounts: true, goog:chromeOptions: {debuggerAddress: localhost:50794}, javascriptEnabled: true, networkConnectionEnabled: false, pageLoadStrategy: normal, platform: MAC, platformName: MAC, proxy: Proxy(), setWindowRect: true, strictFileInteractability: false, timeouts: {implicit: 0, pageLoad: 300000, script: 30000}, unhandledPromptBehavior: dismiss and notify, webauthn:extension:credBlob: true, webauthn:extension:largeBlob: true, webauthn:extension:minPinLength: true, webauthn:extension:prf: true, webauthn:virtualAuthenticators: true}
Session ID: f037f0ee765c3fa16dc7fecc7839ca77
*** Element info: {Using=xpath, value=//p[contains(text(),'Đã tồn tại kỳ đối soát trước đó, Bạn có chắc chắn ')]}
	at jdk.internal.reflect.GeneratedConstructorAccessor22.newInstance(Unknown Source)
	at java.base/jdk.internal.reflect.DelegatingConstructorAccessorImpl.newInstance(DelegatingConstructorAccessorImpl.java:45)
	at org.openqa.selenium.remote.http.W3CHttpResponseCodec.createException(W3CHttpResponseCodec.java:187)
	at org.openqa.selenium.remote.http.W3CHttpResponseCodec.decode(W3CHttpResponseCodec.java:122)
	at org.openqa.selenium.remote.http.W3CHttpResponseCodec.decode(W3CHttpResponseCodec.java:49)
	at org.openqa.selenium.remote.HttpCommandExecutor.execute(HttpCommandExecutor.java:158)
	at org.openqa.selenium.remote.service.DriverCommandExecutor.execute(DriverCommandExecutor.java:83)
	at org.openqa.selenium.remote.RemoteWebDriver.execute(RemoteWebDriver.java:552)
	at com.kms.katalon.selenium.driver.CChromeDriver.execute(CChromeDriver.java:19)
	at org.openqa.selenium.remote.RemoteWebDriver.findElement(RemoteWebDriver.java:323)
	at org.openqa.selenium.remote.RemoteWebDriver.findElementByXPath(RemoteWebDriver.java:428)
	at org.openqa.selenium.By$ByXPath.findElement(By.java:353)
	at org.openqa.selenium.remote.RemoteWebDriver.findElement(RemoteWebDriver.java:315)
	at jdk.internal.reflect.GeneratedMethodAccessor9.invoke(Unknown Source)
	at java.base/jdk.internal.reflect.DelegatingMethodAccessorImpl.invoke(DelegatingMethodAccessorImpl.java:43)
	at org.openqa.selenium.support.events.EventFiringWebDriver.lambda$new$1(EventFiringWebDriver.java:105)
	at jdk.proxy2/jdk.proxy2.$Proxy22.findElement(Unknown Source)
	at org.openqa.selenium.support.events.EventFiringWebDriver.findElement(EventFiringWebDriver.java:194)
	at org.openqa.selenium.support.ui.ExpectedConditions$7.apply(ExpectedConditions.java:205)
	at org.openqa.selenium.support.ui.ExpectedConditions$7.apply(ExpectedConditions.java:201)
	at org.openqa.selenium.support.ui.FluentWait.until(FluentWait.java:249)
	... 16 more]]></system-err>
      </testcase>
      <testcase name="Test Cases/Quản lý tài khoản merchant/Quản lý danh sách tài khoản/Nạp tiền/TC_06_KIểm tra khi nhập số tiền đúng và nhấn xác nhận" time="40.342" classname="Test Cases/Quản lý tài khoản merchant/Quản lý danh sách tài khoản/Nạp tiền/TC_06_KIểm tra khi nhập số tiền đúng và nhấn xác nhận" status="ERROR">
         <error type="ERROR" message="Test Cases/Quản lý tài khoản merchant/Quản lý danh sách tài khoản/Nạp tiền/TC_06_KIểm tra khi nhập số tiền đúng và nhấn xác nhận FAILED.&#xa;Reason:&#xa;org.openqa.selenium.ElementNotInteractableException: element not interactable&#xa;  (Session info: chrome=129.0.6668.91)&#xa;Build info: version: '3.141.59', revision: 'unknown', time: 'unknown'&#xa;System info: host: 'Aidan', ip: '2405:4803:fd90:9ef0:35c5:6ea1:b1e8:64e8%en0', os.name: 'Mac OS X', os.arch: 'aarch64', os.version: '15.0.1', java.version: '17.0.7'&#xa;Driver info: com.kms.katalon.selenium.driver.CChromeDriver&#xa;Capabilities {acceptInsecureCerts: false, browserName: chrome, browserVersion: 129.0.6668.91, chrome: {chromedriverVersion: 128.0.6613.84 (606aa55c7d68..., userDataDir: /var/folders/t5/b7k67ybj7gz...}, fedcm:accounts: true, goog:chromeOptions: {debuggerAddress: localhost:50820}, javascriptEnabled: true, networkConnectionEnabled: false, pageLoadStrategy: normal, platform: MAC, platformName: MAC, proxy: Proxy(), setWindowRect: true, strictFileInteractability: false, timeouts: {implicit: 0, pageLoad: 300000, script: 30000}, unhandledPromptBehavior: dismiss and notify, webauthn:extension:credBlob: true, webauthn:extension:largeBlob: true, webauthn:extension:minPinLength: true, webauthn:extension:prf: true, webauthn:virtualAuthenticators: true}&#xa;Session ID: b6f868a50b7eadb50055248a15f84259&#xa;	at java.base/jdk.internal.reflect.NativeConstructorAccessorImpl.newInstance0(Native Method)&#xa;	at java.base/jdk.internal.reflect.NativeConstructorAccessorImpl.newInstance(NativeConstructorAccessorImpl.java:77)&#xa;	at java.base/jdk.internal.reflect.DelegatingConstructorAccessorImpl.newInstance(DelegatingConstructorAccessorImpl.java:45)&#xa;	at org.openqa.selenium.remote.http.W3CHttpResponseCodec.createException(W3CHttpResponseCodec.java:187)&#xa;	at org.openqa.selenium.remote.http.W3CHttpResponseCodec.decode(W3CHttpResponseCodec.java:122)&#xa;	at org.openqa.selenium.remote.http.W3CHttpResponseCodec.decode(W3CHttpResponseCodec.java:49)&#xa;	at org.openqa.selenium.remote.HttpCommandExecutor.execute(HttpCommandExecutor.java:158)&#xa;	at org.openqa.selenium.remote.service.DriverCommandExecutor.execute(DriverCommandExecutor.java:83)&#xa;	at org.openqa.selenium.remote.RemoteWebDriver.execute(RemoteWebDriver.java:552)&#xa;	at com.kms.katalon.selenium.driver.CChromeDriver.execute(CChromeDriver.java:19)&#xa;	at org.openqa.selenium.remote.RemoteWebElement.execute(RemoteWebElement.java:285)&#xa;	at org.openqa.selenium.remote.RemoteWebElement.click(RemoteWebElement.java:84)&#xa;	at jdk.internal.reflect.GeneratedMethodAccessor11.invoke(Unknown Source)&#xa;	at java.base/jdk.internal.reflect.DelegatingMethodAccessorImpl.invoke(DelegatingMethodAccessorImpl.java:43)&#xa;	at org.openqa.selenium.support.events.EventFiringWebDriver$EventFiringWebElement.lambda$new$0(EventFiringWebDriver.java:404)&#xa;	at jdk.proxy2/jdk.proxy2.$Proxy23.click(Unknown Source)&#xa;	at org.openqa.selenium.support.events.EventFiringWebDriver$EventFiringWebElement.click(EventFiringWebDriver.java:417)&#xa;	at TC_06_KIểm tra khi nhập số tiền đúng và nhấn xác nhận.run(TC_06_KIểm tra khi nhập số tiền đúng và nhấn xác nhận:29)&#xa;	at com.kms.katalon.core.main.ScriptEngine.run(ScriptEngine.java:194)&#xa;	at com.kms.katalon.core.main.ScriptEngine.runScriptAsRawText(ScriptEngine.java:119)&#xa;	at com.kms.katalon.core.main.TestCaseExecutor.runScript(TestCaseExecutor.java:448)&#xa;	at com.kms.katalon.core.main.TestCaseExecutor.doExecute(TestCaseExecutor.java:439)&#xa;	at com.kms.katalon.core.main.TestCaseExecutor.processExecutionPhase(TestCaseExecutor.java:418)&#xa;	at com.kms.katalon.core.main.TestCaseExecutor.accessMainPhase(TestCaseExecutor.java:410)&#xa;	at com.kms.katalon.core.main.TestCaseExecutor.execute(TestCaseExecutor.java:285)&#xa;	at com.kms.katalon.core.common.CommonExecutor.accessTestCaseMainPhase(CommonExecutor.java:65)&#xa;	at com.kms.katalon.core.main.TestSuiteExecutor.accessTestSuiteMainPhase(TestSuiteExecutor.java:150)&#xa;	at com.kms.katalon.core.main.TestSuiteExecutor.execute(TestSuiteExecutor.java:106)&#xa;	at com.kms.katalon.core.main.TestCaseMain.startTestSuite(TestCaseMain.java:180)&#xa;	at TempTestSuite1728744778676.run(TempTestSuite1728744778676.groovy:35)&#xa;	at java.base/jdk.internal.reflect.NativeMethodAccessorImpl.invoke0(Native Method)&#xa;	at java.base/jdk.internal.reflect.NativeMethodAccessorImpl.invoke(NativeMethodAccessorImpl.java:77)&#xa;	at java.base/jdk.internal.reflect.DelegatingMethodAccessorImpl.invoke(DelegatingMethodAccessorImpl.java:43)&#xa;"/>
         <system-out><![CDATA[12-10-2024T21:55:52 - [TEST_CASE][ERROR] - Test Cases/Quản lý tài khoản merchant/Quản lý danh sách tài khoản/Nạp tiền/TC_06_KIểm tra khi nhập số tiền đúng và nhấn xác nhận: Test Cases/Quản lý tài khoản merchant/Quản lý danh sách tài khoản/Nạp tiền/TC_06_KIểm tra khi nhập số tiền đúng và nhấn xác nhận FAILED.
Reason:
org.openqa.selenium.ElementNotInteractableException: element not interactable
  (Session info: chrome=129.0.6668.91)
Build info: version: '3.141.59', revision: 'unknown', time: 'unknown'
System info: host: 'Aidan', ip: '2405:4803:fd90:9ef0:35c5:6ea1:b1e8:64e8%en0', os.name: 'Mac OS X', os.arch: 'aarch64', os.version: '15.0.1', java.version: '17.0.7'
Driver info: com.kms.katalon.selenium.driver.CChromeDriver
Capabilities {acceptInsecureCerts: false, browserName: chrome, browserVersion: 129.0.6668.91, chrome: {chromedriverVersion: 128.0.6613.84 (606aa55c7d68..., userDataDir: /var/folders/t5/b7k67ybj7gz...}, fedcm:accounts: true, goog:chromeOptions: {debuggerAddress: localhost:50820}, javascriptEnabled: true, networkConnectionEnabled: false, pageLoadStrategy: normal, platform: MAC, platformName: MAC, proxy: Proxy(), setWindowRect: true, strictFileInteractability: false, timeouts: {implicit: 0, pageLoad: 300000, script: 30000}, unhandledPromptBehavior: dismiss and notify, webauthn:extension:credBlob: true, webauthn:extension:largeBlob: true, webauthn:extension:minPinLength: true, webauthn:extension:prf: true, webauthn:virtualAuthenticators: true}
Session ID: b6f868a50b7eadb50055248a15f84259
	at java.base/jdk.internal.reflect.NativeConstructorAccessorImpl.newInstance0(Native Method)
	at java.base/jdk.internal.reflect.NativeConstructorAccessorImpl.newInstance(NativeConstructorAccessorImpl.java:77)
	at java.base/jdk.internal.reflect.DelegatingConstructorAccessorImpl.newInstance(DelegatingConstructorAccessorImpl.java:45)
	at org.openqa.selenium.remote.http.W3CHttpResponseCodec.createException(W3CHttpResponseCodec.java:187)
	at org.openqa.selenium.remote.http.W3CHttpResponseCodec.decode(W3CHttpResponseCodec.java:122)
	at org.openqa.selenium.remote.http.W3CHttpResponseCodec.decode(W3CHttpResponseCodec.java:49)
	at org.openqa.selenium.remote.HttpCommandExecutor.execute(HttpCommandExecutor.java:158)
	at org.openqa.selenium.remote.service.DriverCommandExecutor.execute(DriverCommandExecutor.java:83)
	at org.openqa.selenium.remote.RemoteWebDriver.execute(RemoteWebDriver.java:552)
	at com.kms.katalon.selenium.driver.CChromeDriver.execute(CChromeDriver.java:19)
	at org.openqa.selenium.remote.RemoteWebElement.execute(RemoteWebElement.java:285)
	at org.openqa.selenium.remote.RemoteWebElement.click(RemoteWebElement.java:84)
	at jdk.internal.reflect.GeneratedMethodAccessor11.invoke(Unknown Source)
	at java.base/jdk.internal.reflect.DelegatingMethodAccessorImpl.invoke(DelegatingMethodAccessorImpl.java:43)
	at org.openqa.selenium.support.events.EventFiringWebDriver$EventFiringWebElement.lambda$new$0(EventFiringWebDriver.java:404)
	at jdk.proxy2/jdk.proxy2.$Proxy23.click(Unknown Source)
	at org.openqa.selenium.support.events.EventFiringWebDriver$EventFiringWebElement.click(EventFiringWebDriver.java:417)
	at TC_06_KIểm tra khi nhập số tiền đúng và nhấn xác nhận.run(TC_06_KIểm tra khi nhập số tiền đúng và nhấn xác nhận:29)
	at com.kms.katalon.core.main.ScriptEngine.run(ScriptEngine.java:194)
	at com.kms.katalon.core.main.ScriptEngine.runScriptAsRawText(ScriptEngine.java:119)
	at com.kms.katalon.core.main.TestCaseExecutor.runScript(TestCaseExecutor.java:448)
	at com.kms.katalon.core.main.TestCaseExecutor.doExecute(TestCaseExecutor.java:439)
	at com.kms.katalon.core.main.TestCaseExecutor.processExecutionPhase(TestCaseExecutor.java:418)
	at com.kms.katalon.core.main.TestCaseExecutor.accessMainPhase(TestCaseExecutor.java:410)
	at com.kms.katalon.core.main.TestCaseExecutor.execute(TestCaseExecutor.java:285)
	at com.kms.katalon.core.common.CommonExecutor.accessTestCaseMainPhase(CommonExecutor.java:65)
	at com.kms.katalon.core.main.TestSuiteExecutor.accessTestSuiteMainPhase(TestSuiteExecutor.java:150)
	at com.kms.katalon.core.main.TestSuiteExecutor.execute(TestSuiteExecutor.java:106)
	at com.kms.katalon.core.main.TestCaseMain.startTestSuite(TestCaseMain.java:180)
	at TempTestSuite1728744778676.run(TempTestSuite1728744778676.groovy:35)
	at java.base/jdk.internal.reflect.NativeMethodAccessorImpl.invoke0(Native Method)
	at java.base/jdk.internal.reflect.NativeMethodAccessorImpl.invoke(NativeMethodAccessorImpl.java:77)
	at java.base/jdk.internal.reflect.DelegatingMethodAccessorImpl.invoke(DelegatingMethodAccessorImpl.java:43)


12-10-2024T21:55:52 - [TEST_STEP][PASSED] - Start listener action : sampleBeforeTestCase: Navigate to 'https://stg-cms-console.9pay.mobi/login' successfully

12-10-2024T21:55:52 - [TEST_STEP][PASSED] - testCaseId = testCaseContext.getTestCaseId(): null

12-10-2024T21:55:52 - [TEST_STEP][PASSED] - url = <not implemented yet for class: org.codehaus.groovy.ast.expr.EmptyExpression>: null

12-10-2024T21:55:52 - [TEST_STEP][PASSED] - if (testCaseId == "Test Cases/Quản lý tài khoản merchant/Quản lý dịch vụ merchant/TC_14_Kiểm tra thay đổi sau khi cấu hình VA trên MCV"): null

12-10-2024T21:55:52 - [TEST_STEP][PASSED] - else: null

12-10-2024T21:55:52 - [TEST_STEP][PASSED] - url = "https://stg-cms-console.9pay.mobi/login": null

12-10-2024T21:55:52 - [TEST_STEP][PASSED] - openBrowser(""): Browser is opened with url: ''

12-10-2024T21:55:52 - [MESSAGE][WARNING] - A browser is already opened. Closing browser and opening a new one

12-10-2024T21:55:52 - [MESSAGE][INFO] - Starting 'Chrome' driver

12-10-2024T21:55:52 - [MESSAGE][INFO] - Action delay is set to 0 milliseconds

12-10-2024T21:55:53 - [MESSAGE][PASSED] - Browser is opened with url: ''

12-10-2024T21:55:53 - [TEST_STEP][PASSED] - maximizeWindow(): Current window maximized

12-10-2024T21:55:53 - [MESSAGE][PASSED] - Current window maximized

12-10-2024T21:55:53 - [TEST_STEP][PASSED] - navigateToUrl(url): Navigate to 'https://stg-cms-console.9pay.mobi/login' successfully

12-10-2024T21:55:56 - [MESSAGE][PASSED] - Navigate to 'https://stg-cms-console.9pay.mobi/login' successfully

12-10-2024T21:55:56 - [TEST_STEP][PASSED] - driver = getWebDriver(): null

12-10-2024T21:55:56 - [TEST_STEP][PASSED] - callTestCase(findTestCase("Test Cases/Login/LoginCommon"), [:], STOP_ON_FAILURE): Call Test Case 'Test Cases/Login/LoginCommon' successfully

12-10-2024T21:55:57 - [TEST_CASE][PASSED] - Test Cases/Login/LoginCommon: Test Cases/Login/LoginCommon

12-10-2024T21:55:57 - [TEST_STEP][PASSED] - driver = getWebDriver(): null

12-10-2024T21:55:57 - [TEST_STEP][PASSED] - sendKeys(findTestObject("Quản lý tài khoản merchant/Quản lý dịch vụ merchant/userNameTextbox"), userAccount): Keys 'dannt@9pay.vn' sent to object: 'Object Repository/Quản lý tài khoản merchant/Quản lý dịch vụ merchant/userNameTextbox'

12-10-2024T21:55:58 - [MESSAGE][PASSED] - Keys 'dannt@9pay.vn' sent to object: 'Object Repository/Quản lý tài khoản merchant/Quản lý dịch vụ merchant/userNameTextbox'

12-10-2024T21:55:58 - [TEST_STEP][PASSED] - sendKeys(findTestObject("Quản lý tài khoản merchant/Quản lý dịch vụ merchant/passwordTextbox"), password): Keys 'dannt@9pay.vn' sent to object: 'Object Repository/Quản lý tài khoản merchant/Quản lý dịch vụ merchant/passwordTextbox'

12-10-2024T21:56:00 - [MESSAGE][PASSED] - Keys 'dannt@9pay.vn' sent to object: 'Object Repository/Quản lý tài khoản merchant/Quản lý dịch vụ merchant/passwordTextbox'

12-10-2024T21:56:00 - [TEST_STEP][PASSED] - click(findTestObject("Quản lý tài khoản merchant/Quản lý dịch vụ merchant/loginButton")): Object: 'Object Repository/Quản lý tài khoản merchant/Quản lý dịch vụ merchant/loginButton' is clicked on

12-10-2024T21:56:02 - [MESSAGE][PASSED] - Object: 'Object Repository/Quản lý tài khoản merchant/Quản lý dịch vụ merchant/loginButton' is clicked on

12-10-2024T21:56:02 - [MESSAGE][PASSED] - Call Test Case 'Test Cases/Login/LoginCommon' successfully

12-10-2024T21:56:02 - [TEST_STEP][PASSED] - waitForElementVisible(findTestObject("Trang chủ/userName"), 20, STOP_ON_FAILURE): Object 'Object Repository/Trang chủ/userName' is visible

12-10-2024T21:56:13 - [MESSAGE][PASSED] - Object 'Object Repository/Trang chủ/userName' is visible

12-10-2024T21:56:13 - [TEST_STEP][PASSED] - callTestCase(findTestCase("Test Cases/Quản lý tài khoản merchant/Quản lý danh sách tài khoản/CustomFunctions Deposit"), [:], STOP_ON_FAILURE): Call Test Case 'Test Cases/Quản lý tài khoản merchant/Quản lý danh sách tài khoản/CustomFunctions Deposit' successfully

12-10-2024T21:56:13 - [TEST_CASE][PASSED] - Test Cases/Quản lý tài khoản merchant/Quản lý danh sách tài khoản/CustomFunctions Deposit: Test Cases/Quản lý tài khoản merchant/Quản lý danh sách tài khoản/CustomFunctions Deposit

12-10-2024T21:56:13 - [TEST_STEP][PASSED] - driver = getWebDriver(): null

12-10-2024T21:56:13 - [TEST_STEP][PASSED] - element1 = driver.findElement(By.xpath("//span[contains(text(),'Quản lý tài khoản merchant')]")): null

12-10-2024T21:56:15 - [TEST_STEP][PASSED] - actions = new org.openqa.selenium.interactions.Actions(driver): null

12-10-2024T21:56:15 - [TEST_STEP][PASSED] - click().perform(): null

12-10-2024T21:56:20 - [TEST_STEP][PASSED] - wait = new org.openqa.selenium.support.ui.WebDriverWait(com.kms.katalon.core.webui.driver.DriverFactory.getWebDriver(), 15): null

12-10-2024T21:56:20 - [TEST_STEP][PASSED] - xpath(xpathManagerListAccount))).click(): null

12-10-2024T21:56:22 - [MESSAGE][PASSED] - Call Test Case 'Test Cases/Quản lý tài khoản merchant/Quản lý danh sách tài khoản/CustomFunctions Deposit' successfully

12-10-2024T21:56:22 - [TEST_STEP][PASSED] - wait = new org.openqa.selenium.support.ui.WebDriverWait(com.kms.katalon.core.webui.driver.DriverFactory.getWebDriver(), 20): null

12-10-2024T21:56:22 - [TEST_STEP][PASSED] - userCode = wait.until(ExpectedConditions.visibilityOfElementLocated(By.xpath(xpathUserCode))): null

12-10-2024T21:56:26 - [TEST_STEP][PASSED] - println(userCode.getText()): null

12-10-2024T21:56:26 - [TEST_STEP][PASSED] - xpath(xpathBtnAccount))).click(): null

12-10-2024T21:56:28 - [TEST_STEP][PASSED] - searchTextbox = wait.until(ExpectedConditions.elementToBeClickable(By.xpath(xpathSearchTextbox))): null

12-10-2024T21:56:30 - [TEST_STEP][PASSED] - searchTextbox.sendKeys("dannt11"): null

12-10-2024T21:56:30 - [TEST_STEP][ERROR] - xpath(xpathOption)).click(): Test Cases/Quản lý tài khoản merchant/Quản lý danh sách tài khoản/Nạp tiền/TC_06_KIểm tra khi nhập số tiền đúng và nhấn xác nhận FAILED.
Reason:
org.openqa.selenium.ElementNotInteractableException: element not interactable
  (Session info: chrome=129.0.6668.91)
Build info: version: '3.141.59', revision: 'unknown', time: 'unknown'
System info: host: 'Aidan', ip: '2405:4803:fd90:9ef0:35c5:6ea1:b1e8:64e8%en0', os.name: 'Mac OS X', os.arch: 'aarch64', os.version: '15.0.1', java.version: '17.0.7'
Driver info: com.kms.katalon.selenium.driver.CChromeDriver
Capabilities {acceptInsecureCerts: false, browserName: chrome, browserVersion: 129.0.6668.91, chrome: {chromedriverVersion: 128.0.6613.84 (606aa55c7d68..., userDataDir: /var/folders/t5/b7k67ybj7gz...}, fedcm:accounts: true, goog:chromeOptions: {debuggerAddress: localhost:50820}, javascriptEnabled: true, networkConnectionEnabled: false, pageLoadStrategy: normal, platform: MAC, platformName: MAC, proxy: Proxy(), setWindowRect: true, strictFileInteractability: false, timeouts: {implicit: 0, pageLoad: 300000, script: 30000}, unhandledPromptBehavior: dismiss and notify, webauthn:extension:credBlob: true, webauthn:extension:largeBlob: true, webauthn:extension:minPinLength: true, webauthn:extension:prf: true, webauthn:virtualAuthenticators: true}
Session ID: b6f868a50b7eadb50055248a15f84259
	at java.base/jdk.internal.reflect.NativeConstructorAccessorImpl.newInstance0(Native Method)
	at java.base/jdk.internal.reflect.NativeConstructorAccessorImpl.newInstance(NativeConstructorAccessorImpl.java:77)
	at java.base/jdk.internal.reflect.DelegatingConstructorAccessorImpl.newInstance(DelegatingConstructorAccessorImpl.java:45)
	at org.openqa.selenium.remote.http.W3CHttpResponseCodec.createException(W3CHttpResponseCodec.java:187)
	at org.openqa.selenium.remote.http.W3CHttpResponseCodec.decode(W3CHttpResponseCodec.java:122)
	at org.openqa.selenium.remote.http.W3CHttpResponseCodec.decode(W3CHttpResponseCodec.java:49)
	at org.openqa.selenium.remote.HttpCommandExecutor.execute(HttpCommandExecutor.java:158)
	at org.openqa.selenium.remote.service.DriverCommandExecutor.execute(DriverCommandExecutor.java:83)
	at org.openqa.selenium.remote.RemoteWebDriver.execute(RemoteWebDriver.java:552)
	at com.kms.katalon.selenium.driver.CChromeDriver.execute(CChromeDriver.java:19)
	at org.openqa.selenium.remote.RemoteWebElement.execute(RemoteWebElement.java:285)
	at org.openqa.selenium.remote.RemoteWebElement.click(RemoteWebElement.java:84)
	at jdk.internal.reflect.GeneratedMethodAccessor11.invoke(Unknown Source)
	at java.base/jdk.internal.reflect.DelegatingMethodAccessorImpl.invoke(DelegatingMethodAccessorImpl.java:43)
	at org.openqa.selenium.support.events.EventFiringWebDriver$EventFiringWebElement.lambda$new$0(EventFiringWebDriver.java:404)
	at jdk.proxy2/jdk.proxy2.$Proxy23.click(Unknown Source)
	at org.openqa.selenium.support.events.EventFiringWebDriver$EventFiringWebElement.click(EventFiringWebDriver.java:417)
	at TC_06_KIểm tra khi nhập số tiền đúng và nhấn xác nhận.run(TC_06_KIểm tra khi nhập số tiền đúng và nhấn xác nhận:29)
	at com.kms.katalon.core.main.ScriptEngine.run(ScriptEngine.java:194)
	at com.kms.katalon.core.main.ScriptEngine.runScriptAsRawText(ScriptEngine.java:119)
	at com.kms.katalon.core.main.TestCaseExecutor.runScript(TestCaseExecutor.java:448)
	at com.kms.katalon.core.main.TestCaseExecutor.doExecute(TestCaseExecutor.java:439)
	at com.kms.katalon.core.main.TestCaseExecutor.processExecutionPhase(TestCaseExecutor.java:418)
	at com.kms.katalon.core.main.TestCaseExecutor.accessMainPhase(TestCaseExecutor.java:410)
	at com.kms.katalon.core.main.TestCaseExecutor.execute(TestCaseExecutor.java:285)
	at com.kms.katalon.core.common.CommonExecutor.accessTestCaseMainPhase(CommonExecutor.java:65)
	at com.kms.katalon.core.main.TestSuiteExecutor.accessTestSuiteMainPhase(TestSuiteExecutor.java:150)
	at com.kms.katalon.core.main.TestSuiteExecutor.execute(TestSuiteExecutor.java:106)
	at com.kms.katalon.core.main.TestCaseMain.startTestSuite(TestCaseMain.java:180)
	at TempTestSuite1728744778676.run(TempTestSuite1728744778676.groovy:35)
	at java.base/jdk.internal.reflect.NativeMethodAccessorImpl.invoke0(Native Method)
	at java.base/jdk.internal.reflect.NativeMethodAccessorImpl.invoke(NativeMethodAccessorImpl.java:77)
	at java.base/jdk.internal.reflect.DelegatingMethodAccessorImpl.invoke(DelegatingMethodAccessorImpl.java:43)


12-10-2024T21:56:32 - [MESSAGE][ERROR] - Test Cases/Quản lý tài khoản merchant/Quản lý danh sách tài khoản/Nạp tiền/TC_06_KIểm tra khi nhập số tiền đúng và nhấn xác nhận FAILED.
Reason:
org.openqa.selenium.ElementNotInteractableException: element not interactable
  (Session info: chrome=129.0.6668.91)
Build info: version: '3.141.59', revision: 'unknown', time: 'unknown'
System info: host: 'Aidan', ip: '2405:4803:fd90:9ef0:35c5:6ea1:b1e8:64e8%en0', os.name: 'Mac OS X', os.arch: 'aarch64', os.version: '15.0.1', java.version: '17.0.7'
Driver info: com.kms.katalon.selenium.driver.CChromeDriver
Capabilities {acceptInsecureCerts: false, browserName: chrome, browserVersion: 129.0.6668.91, chrome: {chromedriverVersion: 128.0.6613.84 (606aa55c7d68..., userDataDir: /var/folders/t5/b7k67ybj7gz...}, fedcm:accounts: true, goog:chromeOptions: {debuggerAddress: localhost:50820}, javascriptEnabled: true, networkConnectionEnabled: false, pageLoadStrategy: normal, platform: MAC, platformName: MAC, proxy: Proxy(), setWindowRect: true, strictFileInteractability: false, timeouts: {implicit: 0, pageLoad: 300000, script: 30000}, unhandledPromptBehavior: dismiss and notify, webauthn:extension:credBlob: true, webauthn:extension:largeBlob: true, webauthn:extension:minPinLength: true, webauthn:extension:prf: true, webauthn:virtualAuthenticators: true}
Session ID: b6f868a50b7eadb50055248a15f84259
	at java.base/jdk.internal.reflect.NativeConstructorAccessorImpl.newInstance0(Native Method)
	at java.base/jdk.internal.reflect.NativeConstructorAccessorImpl.newInstance(NativeConstructorAccessorImpl.java:77)
	at java.base/jdk.internal.reflect.DelegatingConstructorAccessorImpl.newInstance(DelegatingConstructorAccessorImpl.java:45)
	at org.openqa.selenium.remote.http.W3CHttpResponseCodec.createException(W3CHttpResponseCodec.java:187)
	at org.openqa.selenium.remote.http.W3CHttpResponseCodec.decode(W3CHttpResponseCodec.java:122)
	at org.openqa.selenium.remote.http.W3CHttpResponseCodec.decode(W3CHttpResponseCodec.java:49)
	at org.openqa.selenium.remote.HttpCommandExecutor.execute(HttpCommandExecutor.java:158)
	at org.openqa.selenium.remote.service.DriverCommandExecutor.execute(DriverCommandExecutor.java:83)
	at org.openqa.selenium.remote.RemoteWebDriver.execute(RemoteWebDriver.java:552)
	at com.kms.katalon.selenium.driver.CChromeDriver.execute(CChromeDriver.java:19)
	at org.openqa.selenium.remote.RemoteWebElement.execute(RemoteWebElement.java:285)
	at org.openqa.selenium.remote.RemoteWebElement.click(RemoteWebElement.java:84)
	at jdk.internal.reflect.GeneratedMethodAccessor11.invoke(Unknown Source)
	at java.base/jdk.internal.reflect.DelegatingMethodAccessorImpl.invoke(DelegatingMethodAccessorImpl.java:43)
	at org.openqa.selenium.support.events.EventFiringWebDriver$EventFiringWebElement.lambda$new$0(EventFiringWebDriver.java:404)
	at jdk.proxy2/jdk.proxy2.$Proxy23.click(Unknown Source)
	at org.openqa.selenium.support.events.EventFiringWebDriver$EventFiringWebElement.click(EventFiringWebDriver.java:417)
	at TC_06_KIểm tra khi nhập số tiền đúng và nhấn xác nhận.run(TC_06_KIểm tra khi nhập số tiền đúng và nhấn xác nhận:29)
	at com.kms.katalon.core.main.ScriptEngine.run(ScriptEngine.java:194)
	at com.kms.katalon.core.main.ScriptEngine.runScriptAsRawText(ScriptEngine.java:119)
	at com.kms.katalon.core.main.TestCaseExecutor.runScript(TestCaseExecutor.java:448)
	at com.kms.katalon.core.main.TestCaseExecutor.doExecute(TestCaseExecutor.java:439)
	at com.kms.katalon.core.main.TestCaseExecutor.processExecutionPhase(TestCaseExecutor.java:418)
	at com.kms.katalon.core.main.TestCaseExecutor.accessMainPhase(TestCaseExecutor.java:410)
	at com.kms.katalon.core.main.TestCaseExecutor.execute(TestCaseExecutor.java:285)
	at com.kms.katalon.core.common.CommonExecutor.accessTestCaseMainPhase(CommonExecutor.java:65)
	at com.kms.katalon.core.main.TestSuiteExecutor.accessTestSuiteMainPhase(TestSuiteExecutor.java:150)
	at com.kms.katalon.core.main.TestSuiteExecutor.execute(TestSuiteExecutor.java:106)
	at com.kms.katalon.core.main.TestCaseMain.startTestSuite(TestCaseMain.java:180)
	at TempTestSuite1728744778676.run(TempTestSuite1728744778676.groovy:35)
	at java.base/jdk.internal.reflect.NativeMethodAccessorImpl.invoke0(Native Method)
	at java.base/jdk.internal.reflect.NativeMethodAccessorImpl.invoke(NativeMethodAccessorImpl.java:77)
	at java.base/jdk.internal.reflect.DelegatingMethodAccessorImpl.invoke(DelegatingMethodAccessorImpl.java:43)


12-10-2024T21:56:32 - [TEST_STEP][PASSED] - Start listener action : sampleAfterTestCase: null

12-10-2024T21:56:32 - [TEST_STEP][PASSED] - testCaseId = testCaseContext.getTestCaseId(): null

12-10-2024T21:56:32 - [TEST_STEP][PASSED] - if (testCaseId == "Test Cases/Quản lý tài khoản merchant/Quản lý dịch vụ merchant/TC_13_Kiểm tra chức năng xác nhận cấu hình thay đổi VA"): null]]></system-out>
         <system-err><![CDATA[12-10-2024T21:55:52 - [TEST_CASE][ERROR] - Test Cases/Quản lý tài khoản merchant/Quản lý danh sách tài khoản/Nạp tiền/TC_06_KIểm tra khi nhập số tiền đúng và nhấn xác nhận: Test Cases/Quản lý tài khoản merchant/Quản lý danh sách tài khoản/Nạp tiền/TC_06_KIểm tra khi nhập số tiền đúng và nhấn xác nhận FAILED.
Reason:
org.openqa.selenium.ElementNotInteractableException: element not interactable
  (Session info: chrome=129.0.6668.91)
Build info: version: '3.141.59', revision: 'unknown', time: 'unknown'
System info: host: 'Aidan', ip: '2405:4803:fd90:9ef0:35c5:6ea1:b1e8:64e8%en0', os.name: 'Mac OS X', os.arch: 'aarch64', os.version: '15.0.1', java.version: '17.0.7'
Driver info: com.kms.katalon.selenium.driver.CChromeDriver
Capabilities {acceptInsecureCerts: false, browserName: chrome, browserVersion: 129.0.6668.91, chrome: {chromedriverVersion: 128.0.6613.84 (606aa55c7d68..., userDataDir: /var/folders/t5/b7k67ybj7gz...}, fedcm:accounts: true, goog:chromeOptions: {debuggerAddress: localhost:50820}, javascriptEnabled: true, networkConnectionEnabled: false, pageLoadStrategy: normal, platform: MAC, platformName: MAC, proxy: Proxy(), setWindowRect: true, strictFileInteractability: false, timeouts: {implicit: 0, pageLoad: 300000, script: 30000}, unhandledPromptBehavior: dismiss and notify, webauthn:extension:credBlob: true, webauthn:extension:largeBlob: true, webauthn:extension:minPinLength: true, webauthn:extension:prf: true, webauthn:virtualAuthenticators: true}
Session ID: b6f868a50b7eadb50055248a15f84259
	at java.base/jdk.internal.reflect.NativeConstructorAccessorImpl.newInstance0(Native Method)
	at java.base/jdk.internal.reflect.NativeConstructorAccessorImpl.newInstance(NativeConstructorAccessorImpl.java:77)
	at java.base/jdk.internal.reflect.DelegatingConstructorAccessorImpl.newInstance(DelegatingConstructorAccessorImpl.java:45)
	at org.openqa.selenium.remote.http.W3CHttpResponseCodec.createException(W3CHttpResponseCodec.java:187)
	at org.openqa.selenium.remote.http.W3CHttpResponseCodec.decode(W3CHttpResponseCodec.java:122)
	at org.openqa.selenium.remote.http.W3CHttpResponseCodec.decode(W3CHttpResponseCodec.java:49)
	at org.openqa.selenium.remote.HttpCommandExecutor.execute(HttpCommandExecutor.java:158)
	at org.openqa.selenium.remote.service.DriverCommandExecutor.execute(DriverCommandExecutor.java:83)
	at org.openqa.selenium.remote.RemoteWebDriver.execute(RemoteWebDriver.java:552)
	at com.kms.katalon.selenium.driver.CChromeDriver.execute(CChromeDriver.java:19)
	at org.openqa.selenium.remote.RemoteWebElement.execute(RemoteWebElement.java:285)
	at org.openqa.selenium.remote.RemoteWebElement.click(RemoteWebElement.java:84)
	at jdk.internal.reflect.GeneratedMethodAccessor11.invoke(Unknown Source)
	at java.base/jdk.internal.reflect.DelegatingMethodAccessorImpl.invoke(DelegatingMethodAccessorImpl.java:43)
	at org.openqa.selenium.support.events.EventFiringWebDriver$EventFiringWebElement.lambda$new$0(EventFiringWebDriver.java:404)
	at jdk.proxy2/jdk.proxy2.$Proxy23.click(Unknown Source)
	at org.openqa.selenium.support.events.EventFiringWebDriver$EventFiringWebElement.click(EventFiringWebDriver.java:417)
	at TC_06_KIểm tra khi nhập số tiền đúng và nhấn xác nhận.run(TC_06_KIểm tra khi nhập số tiền đúng và nhấn xác nhận:29)
	at com.kms.katalon.core.main.ScriptEngine.run(ScriptEngine.java:194)
	at com.kms.katalon.core.main.ScriptEngine.runScriptAsRawText(ScriptEngine.java:119)
	at com.kms.katalon.core.main.TestCaseExecutor.runScript(TestCaseExecutor.java:448)
	at com.kms.katalon.core.main.TestCaseExecutor.doExecute(TestCaseExecutor.java:439)
	at com.kms.katalon.core.main.TestCaseExecutor.processExecutionPhase(TestCaseExecutor.java:418)
	at com.kms.katalon.core.main.TestCaseExecutor.accessMainPhase(TestCaseExecutor.java:410)
	at com.kms.katalon.core.main.TestCaseExecutor.execute(TestCaseExecutor.java:285)
	at com.kms.katalon.core.common.CommonExecutor.accessTestCaseMainPhase(CommonExecutor.java:65)
	at com.kms.katalon.core.main.TestSuiteExecutor.accessTestSuiteMainPhase(TestSuiteExecutor.java:150)
	at com.kms.katalon.core.main.TestSuiteExecutor.execute(TestSuiteExecutor.java:106)
	at com.kms.katalon.core.main.TestCaseMain.startTestSuite(TestCaseMain.java:180)
	at TempTestSuite1728744778676.run(TempTestSuite1728744778676.groovy:35)
	at java.base/jdk.internal.reflect.NativeMethodAccessorImpl.invoke0(Native Method)
	at java.base/jdk.internal.reflect.NativeMethodAccessorImpl.invoke(NativeMethodAccessorImpl.java:77)
	at java.base/jdk.internal.reflect.DelegatingMethodAccessorImpl.invoke(DelegatingMethodAccessorImpl.java:43)]]></system-err>
      </testcase>
      <testcase name="Test Cases/Quản lý tài khoản merchant/Quản lý danh sách tài khoản/Nạp tiền/TC_07_Nhập số tiền đúng và chọn kì đối soát đã có trước đó và nhấn Huỷ" time="52.944" classname="Test Cases/Quản lý tài khoản merchant/Quản lý danh sách tài khoản/Nạp tiền/TC_07_Nhập số tiền đúng và chọn kì đối soát đã có trước đó và nhấn Huỷ" status="ERROR">
         <error type="ERROR" message="Test Cases/Quản lý tài khoản merchant/Quản lý danh sách tài khoản/Nạp tiền/TC_07_Nhập số tiền đúng và chọn kì đối soát đã có trước đó và nhấn Huỷ FAILED.&#xa;Reason:&#xa;org.openqa.selenium.TimeoutException: Expected condition failed: waiting for visibility of element located by By.xpath: //p[contains(text(),'Đã tồn tại kỳ đối soát trước đó, Bạn có chắc chắn ')] (tried for 20 second(s) with 500 milliseconds interval)&#xa;	at org.openqa.selenium.support.ui.WebDriverWait.timeoutException(WebDriverWait.java:95)&#xa;	at org.openqa.selenium.support.ui.FluentWait.until(FluentWait.java:272)&#xa;	at TC_07_Nhập số tiền đúng và chọn kì đối soát đã có trước đó và nhấn Huỷ.run(TC_07_Nhập số tiền đúng và chọn kì đối soát đã có trước đó và nhấn Huỷ:41)&#xa;	at com.kms.katalon.core.main.ScriptEngine.run(ScriptEngine.java:194)&#xa;	at com.kms.katalon.core.main.ScriptEngine.runScriptAsRawText(ScriptEngine.java:119)&#xa;	at com.kms.katalon.core.main.TestCaseExecutor.runScript(TestCaseExecutor.java:448)&#xa;	at com.kms.katalon.core.main.TestCaseExecutor.doExecute(TestCaseExecutor.java:439)&#xa;	at com.kms.katalon.core.main.TestCaseExecutor.processExecutionPhase(TestCaseExecutor.java:418)&#xa;	at com.kms.katalon.core.main.TestCaseExecutor.accessMainPhase(TestCaseExecutor.java:410)&#xa;	at com.kms.katalon.core.main.TestCaseExecutor.execute(TestCaseExecutor.java:285)&#xa;	at com.kms.katalon.core.common.CommonExecutor.accessTestCaseMainPhase(CommonExecutor.java:65)&#xa;	at com.kms.katalon.core.main.TestSuiteExecutor.accessTestSuiteMainPhase(TestSuiteExecutor.java:150)&#xa;	at com.kms.katalon.core.main.TestSuiteExecutor.execute(TestSuiteExecutor.java:106)&#xa;	at com.kms.katalon.core.main.TestCaseMain.startTestSuite(TestCaseMain.java:180)&#xa;	at TempTestSuite1728744778676.run(TempTestSuite1728744778676.groovy:35)&#xa;	at java.base/jdk.internal.reflect.NativeMethodAccessorImpl.invoke0(Native Method)&#xa;	at java.base/jdk.internal.reflect.NativeMethodAccessorImpl.invoke(NativeMethodAccessorImpl.java:77)&#xa;	at java.base/jdk.internal.reflect.DelegatingMethodAccessorImpl.invoke(DelegatingMethodAccessorImpl.java:43)&#xa;Caused by: org.openqa.selenium.NoSuchElementException: no such element: Unable to locate element: {&quot;method&quot;:&quot;xpath&quot;,&quot;selector&quot;:&quot;//p[contains(text(),'Đã tồn tại kỳ đối soát trước đó, Bạn có chắc chắn ')]&quot;}&#xa;  (Session info: chrome=129.0.6668.91)&#xa;For documentation on this error, please visit: https://www.seleniumhq.org/exceptions/no_such_element.html&#xa;Build info: version: '3.141.59', revision: 'unknown', time: 'unknown'&#xa;System info: host: 'Aidan', ip: '2405:4803:fd90:9ef0:35c5:6ea1:b1e8:64e8%en0', os.name: 'Mac OS X', os.arch: 'aarch64', os.version: '15.0.1', java.version: '17.0.7'&#xa;Driver info: com.kms.katalon.selenium.driver.CChromeDriver&#xa;Capabilities {acceptInsecureCerts: false, browserName: chrome, browserVersion: 129.0.6668.91, chrome: {chromedriverVersion: 128.0.6613.84 (606aa55c7d68..., userDataDir: /var/folders/t5/b7k67ybj7gz...}, fedcm:accounts: true, goog:chromeOptions: {debuggerAddress: localhost:50845}, javascriptEnabled: true, networkConnectionEnabled: false, pageLoadStrategy: normal, platform: MAC, platformName: MAC, proxy: Proxy(), setWindowRect: true, strictFileInteractability: false, timeouts: {implicit: 0, pageLoad: 300000, script: 30000}, unhandledPromptBehavior: dismiss and notify, webauthn:extension:credBlob: true, webauthn:extension:largeBlob: true, webauthn:extension:minPinLength: true, webauthn:extension:prf: true, webauthn:virtualAuthenticators: true}&#xa;Session ID: 966ee6337221f2b9cde2bb3c67e52ad5&#xa;*** Element info: {Using=xpath, value=//p[contains(text(),'Đã tồn tại kỳ đối soát trước đó, Bạn có chắc chắn ')]}&#xa;	at jdk.internal.reflect.GeneratedConstructorAccessor22.newInstance(Unknown Source)&#xa;	at java.base/jdk.internal.reflect.DelegatingConstructorAccessorImpl.newInstance(DelegatingConstructorAccessorImpl.java:45)&#xa;	at org.openqa.selenium.remote.http.W3CHttpResponseCodec.createException(W3CHttpResponseCodec.java:187)&#xa;	at org.openqa.selenium.remote.http.W3CHttpResponseCodec.decode(W3CHttpResponseCodec.java:122)&#xa;	at org.openqa.selenium.remote.http.W3CHttpResponseCodec.decode(W3CHttpResponseCodec.java:49)&#xa;	at org.openqa.selenium.remote.HttpCommandExecutor.execute(HttpCommandExecutor.java:158)&#xa;	at org.openqa.selenium.remote.service.DriverCommandExecutor.execute(DriverCommandExecutor.java:83)&#xa;	at org.openqa.selenium.remote.RemoteWebDriver.execute(RemoteWebDriver.java:552)&#xa;	at com.kms.katalon.selenium.driver.CChromeDriver.execute(CChromeDriver.java:19)&#xa;	at org.openqa.selenium.remote.RemoteWebDriver.findElement(RemoteWebDriver.java:323)&#xa;	at org.openqa.selenium.remote.RemoteWebDriver.findElementByXPath(RemoteWebDriver.java:428)&#xa;	at org.openqa.selenium.By$ByXPath.findElement(By.java:353)&#xa;	at org.openqa.selenium.remote.RemoteWebDriver.findElement(RemoteWebDriver.java:315)&#xa;	at jdk.internal.reflect.GeneratedMethodAccessor9.invoke(Unknown Source)&#xa;	at java.base/jdk.internal.reflect.DelegatingMethodAccessorImpl.invoke(DelegatingMethodAccessorImpl.java:43)&#xa;	at org.openqa.selenium.support.events.EventFiringWebDriver.lambda$new$1(EventFiringWebDriver.java:105)&#xa;	at jdk.proxy2/jdk.proxy2.$Proxy22.findElement(Unknown Source)&#xa;	at org.openqa.selenium.support.events.EventFiringWebDriver.findElement(EventFiringWebDriver.java:194)&#xa;	at org.openqa.selenium.support.ui.ExpectedConditions$7.apply(ExpectedConditions.java:205)&#xa;	at org.openqa.selenium.support.ui.ExpectedConditions$7.apply(ExpectedConditions.java:201)&#xa;	at org.openqa.selenium.support.ui.FluentWait.until(FluentWait.java:249)&#xa;	... 16 more&#xa;"/>
         <system-out><![CDATA[12-10-2024T21:56:32 - [TEST_CASE][ERROR] - Test Cases/Quản lý tài khoản merchant/Quản lý danh sách tài khoản/Nạp tiền/TC_07_Nhập số tiền đúng và chọn kì đối soát đã có trước đó và nhấn Huỷ: Test Cases/Quản lý tài khoản merchant/Quản lý danh sách tài khoản/Nạp tiền/TC_07_Nhập số tiền đúng và chọn kì đối soát đã có trước đó và nhấn Huỷ FAILED.
Reason:
org.openqa.selenium.TimeoutException: Expected condition failed: waiting for visibility of element located by By.xpath: //p[contains(text(),'Đã tồn tại kỳ đối soát trước đó, Bạn có chắc chắn ')] (tried for 20 second(s) with 500 milliseconds interval)
	at org.openqa.selenium.support.ui.WebDriverWait.timeoutException(WebDriverWait.java:95)
	at org.openqa.selenium.support.ui.FluentWait.until(FluentWait.java:272)
	at TC_07_Nhập số tiền đúng và chọn kì đối soát đã có trước đó và nhấn Huỷ.run(TC_07_Nhập số tiền đúng và chọn kì đối soát đã có trước đó và nhấn Huỷ:41)
	at com.kms.katalon.core.main.ScriptEngine.run(ScriptEngine.java:194)
	at com.kms.katalon.core.main.ScriptEngine.runScriptAsRawText(ScriptEngine.java:119)
	at com.kms.katalon.core.main.TestCaseExecutor.runScript(TestCaseExecutor.java:448)
	at com.kms.katalon.core.main.TestCaseExecutor.doExecute(TestCaseExecutor.java:439)
	at com.kms.katalon.core.main.TestCaseExecutor.processExecutionPhase(TestCaseExecutor.java:418)
	at com.kms.katalon.core.main.TestCaseExecutor.accessMainPhase(TestCaseExecutor.java:410)
	at com.kms.katalon.core.main.TestCaseExecutor.execute(TestCaseExecutor.java:285)
	at com.kms.katalon.core.common.CommonExecutor.accessTestCaseMainPhase(CommonExecutor.java:65)
	at com.kms.katalon.core.main.TestSuiteExecutor.accessTestSuiteMainPhase(TestSuiteExecutor.java:150)
	at com.kms.katalon.core.main.TestSuiteExecutor.execute(TestSuiteExecutor.java:106)
	at com.kms.katalon.core.main.TestCaseMain.startTestSuite(TestCaseMain.java:180)
	at TempTestSuite1728744778676.run(TempTestSuite1728744778676.groovy:35)
	at java.base/jdk.internal.reflect.NativeMethodAccessorImpl.invoke0(Native Method)
	at java.base/jdk.internal.reflect.NativeMethodAccessorImpl.invoke(NativeMethodAccessorImpl.java:77)
	at java.base/jdk.internal.reflect.DelegatingMethodAccessorImpl.invoke(DelegatingMethodAccessorImpl.java:43)
Caused by: org.openqa.selenium.NoSuchElementException: no such element: Unable to locate element: {"method":"xpath","selector":"//p[contains(text(),'Đã tồn tại kỳ đối soát trước đó, Bạn có chắc chắn ')]"}
  (Session info: chrome=129.0.6668.91)
For documentation on this error, please visit: https://www.seleniumhq.org/exceptions/no_such_element.html
Build info: version: '3.141.59', revision: 'unknown', time: 'unknown'
System info: host: 'Aidan', ip: '2405:4803:fd90:9ef0:35c5:6ea1:b1e8:64e8%en0', os.name: 'Mac OS X', os.arch: 'aarch64', os.version: '15.0.1', java.version: '17.0.7'
Driver info: com.kms.katalon.selenium.driver.CChromeDriver
Capabilities {acceptInsecureCerts: false, browserName: chrome, browserVersion: 129.0.6668.91, chrome: {chromedriverVersion: 128.0.6613.84 (606aa55c7d68..., userDataDir: /var/folders/t5/b7k67ybj7gz...}, fedcm:accounts: true, goog:chromeOptions: {debuggerAddress: localhost:50845}, javascriptEnabled: true, networkConnectionEnabled: false, pageLoadStrategy: normal, platform: MAC, platformName: MAC, proxy: Proxy(), setWindowRect: true, strictFileInteractability: false, timeouts: {implicit: 0, pageLoad: 300000, script: 30000}, unhandledPromptBehavior: dismiss and notify, webauthn:extension:credBlob: true, webauthn:extension:largeBlob: true, webauthn:extension:minPinLength: true, webauthn:extension:prf: true, webauthn:virtualAuthenticators: true}
Session ID: 966ee6337221f2b9cde2bb3c67e52ad5
*** Element info: {Using=xpath, value=//p[contains(text(),'Đã tồn tại kỳ đối soát trước đó, Bạn có chắc chắn ')]}
	at jdk.internal.reflect.GeneratedConstructorAccessor22.newInstance(Unknown Source)
	at java.base/jdk.internal.reflect.DelegatingConstructorAccessorImpl.newInstance(DelegatingConstructorAccessorImpl.java:45)
	at org.openqa.selenium.remote.http.W3CHttpResponseCodec.createException(W3CHttpResponseCodec.java:187)
	at org.openqa.selenium.remote.http.W3CHttpResponseCodec.decode(W3CHttpResponseCodec.java:122)
	at org.openqa.selenium.remote.http.W3CHttpResponseCodec.decode(W3CHttpResponseCodec.java:49)
	at org.openqa.selenium.remote.HttpCommandExecutor.execute(HttpCommandExecutor.java:158)
	at org.openqa.selenium.remote.service.DriverCommandExecutor.execute(DriverCommandExecutor.java:83)
	at org.openqa.selenium.remote.RemoteWebDriver.execute(RemoteWebDriver.java:552)
	at com.kms.katalon.selenium.driver.CChromeDriver.execute(CChromeDriver.java:19)
	at org.openqa.selenium.remote.RemoteWebDriver.findElement(RemoteWebDriver.java:323)
	at org.openqa.selenium.remote.RemoteWebDriver.findElementByXPath(RemoteWebDriver.java:428)
	at org.openqa.selenium.By$ByXPath.findElement(By.java:353)
	at org.openqa.selenium.remote.RemoteWebDriver.findElement(RemoteWebDriver.java:315)
	at jdk.internal.reflect.GeneratedMethodAccessor9.invoke(Unknown Source)
	at java.base/jdk.internal.reflect.DelegatingMethodAccessorImpl.invoke(DelegatingMethodAccessorImpl.java:43)
	at org.openqa.selenium.support.events.EventFiringWebDriver.lambda$new$1(EventFiringWebDriver.java:105)
	at jdk.proxy2/jdk.proxy2.$Proxy22.findElement(Unknown Source)
	at org.openqa.selenium.support.events.EventFiringWebDriver.findElement(EventFiringWebDriver.java:194)
	at org.openqa.selenium.support.ui.ExpectedConditions$7.apply(ExpectedConditions.java:205)
	at org.openqa.selenium.support.ui.ExpectedConditions$7.apply(ExpectedConditions.java:201)
	at org.openqa.selenium.support.ui.FluentWait.until(FluentWait.java:249)
	... 16 more


12-10-2024T21:56:32 - [TEST_STEP][PASSED] - Start listener action : sampleBeforeTestCase: Navigate to 'https://stg-cms-console.9pay.mobi/login' successfully

12-10-2024T21:56:32 - [TEST_STEP][PASSED] - testCaseId = testCaseContext.getTestCaseId(): null

12-10-2024T21:56:32 - [TEST_STEP][PASSED] - url = <not implemented yet for class: org.codehaus.groovy.ast.expr.EmptyExpression>: null

12-10-2024T21:56:32 - [TEST_STEP][PASSED] - if (testCaseId == "Test Cases/Quản lý tài khoản merchant/Quản lý dịch vụ merchant/TC_14_Kiểm tra thay đổi sau khi cấu hình VA trên MCV"): null

12-10-2024T21:56:32 - [TEST_STEP][PASSED] - else: null

12-10-2024T21:56:32 - [TEST_STEP][PASSED] - url = "https://stg-cms-console.9pay.mobi/login": null

12-10-2024T21:56:32 - [TEST_STEP][PASSED] - openBrowser(""): Browser is opened with url: ''

12-10-2024T21:56:32 - [MESSAGE][WARNING] - A browser is already opened. Closing browser and opening a new one

12-10-2024T21:56:32 - [MESSAGE][INFO] - Starting 'Chrome' driver

12-10-2024T21:56:32 - [MESSAGE][INFO] - Action delay is set to 0 milliseconds

12-10-2024T21:56:33 - [MESSAGE][PASSED] - Browser is opened with url: ''

12-10-2024T21:56:33 - [TEST_STEP][PASSED] - maximizeWindow(): Current window maximized

12-10-2024T21:56:33 - [MESSAGE][PASSED] - Current window maximized

12-10-2024T21:56:33 - [TEST_STEP][PASSED] - navigateToUrl(url): Navigate to 'https://stg-cms-console.9pay.mobi/login' successfully

12-10-2024T21:56:38 - [MESSAGE][PASSED] - Navigate to 'https://stg-cms-console.9pay.mobi/login' successfully

12-10-2024T21:56:38 - [TEST_STEP][PASSED] - driver = getWebDriver(): null

12-10-2024T21:56:38 - [TEST_STEP][PASSED] - callTestCase(findTestCase("Test Cases/Login/LoginCommon"), [:], STOP_ON_FAILURE): Call Test Case 'Test Cases/Login/LoginCommon' successfully

12-10-2024T21:56:38 - [TEST_CASE][PASSED] - Test Cases/Login/LoginCommon: Test Cases/Login/LoginCommon

12-10-2024T21:56:38 - [TEST_STEP][PASSED] - driver = getWebDriver(): null

12-10-2024T21:56:38 - [TEST_STEP][PASSED] - sendKeys(findTestObject("Quản lý tài khoản merchant/Quản lý dịch vụ merchant/userNameTextbox"), userAccount): Keys 'dannt@9pay.vn' sent to object: 'Object Repository/Quản lý tài khoản merchant/Quản lý dịch vụ merchant/userNameTextbox'

12-10-2024T21:56:38 - [MESSAGE][PASSED] - Keys 'dannt@9pay.vn' sent to object: 'Object Repository/Quản lý tài khoản merchant/Quản lý dịch vụ merchant/userNameTextbox'

12-10-2024T21:56:38 - [TEST_STEP][PASSED] - sendKeys(findTestObject("Quản lý tài khoản merchant/Quản lý dịch vụ merchant/passwordTextbox"), password): Keys 'dannt@9pay.vn' sent to object: 'Object Repository/Quản lý tài khoản merchant/Quản lý dịch vụ merchant/passwordTextbox'

12-10-2024T21:56:38 - [MESSAGE][PASSED] - Keys 'dannt@9pay.vn' sent to object: 'Object Repository/Quản lý tài khoản merchant/Quản lý dịch vụ merchant/passwordTextbox'

12-10-2024T21:56:38 - [TEST_STEP][PASSED] - click(findTestObject("Quản lý tài khoản merchant/Quản lý dịch vụ merchant/loginButton")): Object: 'Object Repository/Quản lý tài khoản merchant/Quản lý dịch vụ merchant/loginButton' is clicked on

12-10-2024T21:56:39 - [MESSAGE][PASSED] - Object: 'Object Repository/Quản lý tài khoản merchant/Quản lý dịch vụ merchant/loginButton' is clicked on

12-10-2024T21:56:39 - [MESSAGE][PASSED] - Call Test Case 'Test Cases/Login/LoginCommon' successfully

12-10-2024T21:56:39 - [TEST_STEP][PASSED] - waitForElementVisible(findTestObject("Trang chủ/userName"), 20, STOP_ON_FAILURE): Object 'Object Repository/Trang chủ/userName' is visible

12-10-2024T21:56:42 - [MESSAGE][PASSED] - Object 'Object Repository/Trang chủ/userName' is visible

12-10-2024T21:56:42 - [TEST_STEP][PASSED] - callTestCase(findTestCase("Test Cases/Quản lý tài khoản merchant/Quản lý danh sách tài khoản/CustomFunctions Deposit"), [:], STOP_ON_FAILURE): Call Test Case 'Test Cases/Quản lý tài khoản merchant/Quản lý danh sách tài khoản/CustomFunctions Deposit' successfully

12-10-2024T21:56:42 - [TEST_CASE][PASSED] - Test Cases/Quản lý tài khoản merchant/Quản lý danh sách tài khoản/CustomFunctions Deposit: Test Cases/Quản lý tài khoản merchant/Quản lý danh sách tài khoản/CustomFunctions Deposit

12-10-2024T21:56:42 - [TEST_STEP][PASSED] - driver = getWebDriver(): null

12-10-2024T21:56:42 - [TEST_STEP][PASSED] - element1 = driver.findElement(By.xpath("//span[contains(text(),'Quản lý tài khoản merchant')]")): null

12-10-2024T21:56:42 - [TEST_STEP][PASSED] - actions = new org.openqa.selenium.interactions.Actions(driver): null

12-10-2024T21:56:42 - [TEST_STEP][PASSED] - click().perform(): null

12-10-2024T21:56:43 - [TEST_STEP][PASSED] - wait = new org.openqa.selenium.support.ui.WebDriverWait(com.kms.katalon.core.webui.driver.DriverFactory.getWebDriver(), 15): null

12-10-2024T21:56:43 - [TEST_STEP][PASSED] - xpath(xpathManagerListAccount))).click(): null

12-10-2024T21:56:43 - [MESSAGE][PASSED] - Call Test Case 'Test Cases/Quản lý tài khoản merchant/Quản lý danh sách tài khoản/CustomFunctions Deposit' successfully

12-10-2024T21:56:43 - [TEST_STEP][PASSED] - wait = new org.openqa.selenium.support.ui.WebDriverWait(com.kms.katalon.core.webui.driver.DriverFactory.getWebDriver(), 20): null

12-10-2024T21:56:43 - [TEST_STEP][PASSED] - userCode = wait.until(ExpectedConditions.visibilityOfElementLocated(By.xpath(xpathUserCode))): null

12-10-2024T21:56:46 - [TEST_STEP][PASSED] - println(userCode.getText()): null

12-10-2024T21:56:46 - [TEST_STEP][PASSED] - xpath(xpathBtnAccount))).click(): null

12-10-2024T21:56:46 - [TEST_STEP][PASSED] - searchTextbox = wait.until(ExpectedConditions.elementToBeClickable(By.xpath(xpathSearchTextbox))): null

12-10-2024T21:56:47 - [TEST_STEP][PASSED] - searchTextbox.sendKeys("dannt11"): null

12-10-2024T21:56:47 - [TEST_STEP][PASSED] - xpath(xpathDannt11)).click(): null

12-10-2024T21:56:47 - [TEST_STEP][PASSED] - xpath(xpathBtnSearch)).click(): null

12-10-2024T21:56:48 - [TEST_STEP][PASSED] - wait.until(ExpectedConditions.visibilityOfElementLocated(By.xpath(xpathAccountName))): null

12-10-2024T21:56:48 - [TEST_STEP][PASSED] - Assert.assertEquals(xpath(xpathAccountName)).getText(), username): null

12-10-2024T21:56:49 - [TEST_STEP][PASSED] - xpath(xpathBtnDeposit)).click(): null

12-10-2024T21:56:49 - [TEST_STEP][PASSED] - wait.until(ExpectedConditions.visibilityOfElementLocated(By.xpath(xpathTextAccount))): null

12-10-2024T21:57:02 - [TEST_STEP][PASSED] - xpath(xpathChonVi)).click(): null

12-10-2024T21:57:02 - [TEST_STEP][PASSED] - xpath(xpathThuHo3)).click(): null

12-10-2024T21:57:02 - [TEST_STEP][PASSED] - xpath(xpathDay)).click(): null

12-10-2024T21:57:03 - [TEST_STEP][PASSED] - xpath(xpathHomNay)).click(): null

12-10-2024T21:57:03 - [TEST_STEP][PASSED] - xpath(xpathBtnContinue)).click(): null

12-10-2024T21:57:03 - [TEST_STEP][ERROR] - popupDS = wait.until(ExpectedConditions.visibilityOfElementLocated(By.xpath(xpathXacNhanKiDS))): Test Cases/Quản lý tài khoản merchant/Quản lý danh sách tài khoản/Nạp tiền/TC_07_Nhập số tiền đúng và chọn kì đối soát đã có trước đó và nhấn Huỷ FAILED.
Reason:
org.openqa.selenium.TimeoutException: Expected condition failed: waiting for visibility of element located by By.xpath: //p[contains(text(),'Đã tồn tại kỳ đối soát trước đó, Bạn có chắc chắn ')] (tried for 20 second(s) with 500 milliseconds interval)
	at org.openqa.selenium.support.ui.WebDriverWait.timeoutException(WebDriverWait.java:95)
	at org.openqa.selenium.support.ui.FluentWait.until(FluentWait.java:272)
	at TC_07_Nhập số tiền đúng và chọn kì đối soát đã có trước đó và nhấn Huỷ.run(TC_07_Nhập số tiền đúng và chọn kì đối soát đã có trước đó và nhấn Huỷ:41)
	at com.kms.katalon.core.main.ScriptEngine.run(ScriptEngine.java:194)
	at com.kms.katalon.core.main.ScriptEngine.runScriptAsRawText(ScriptEngine.java:119)
	at com.kms.katalon.core.main.TestCaseExecutor.runScript(TestCaseExecutor.java:448)
	at com.kms.katalon.core.main.TestCaseExecutor.doExecute(TestCaseExecutor.java:439)
	at com.kms.katalon.core.main.TestCaseExecutor.processExecutionPhase(TestCaseExecutor.java:418)
	at com.kms.katalon.core.main.TestCaseExecutor.accessMainPhase(TestCaseExecutor.java:410)
	at com.kms.katalon.core.main.TestCaseExecutor.execute(TestCaseExecutor.java:285)
	at com.kms.katalon.core.common.CommonExecutor.accessTestCaseMainPhase(CommonExecutor.java:65)
	at com.kms.katalon.core.main.TestSuiteExecutor.accessTestSuiteMainPhase(TestSuiteExecutor.java:150)
	at com.kms.katalon.core.main.TestSuiteExecutor.execute(TestSuiteExecutor.java:106)
	at com.kms.katalon.core.main.TestCaseMain.startTestSuite(TestCaseMain.java:180)
	at TempTestSuite1728744778676.run(TempTestSuite1728744778676.groovy:35)
	at java.base/jdk.internal.reflect.NativeMethodAccessorImpl.invoke0(Native Method)
	at java.base/jdk.internal.reflect.NativeMethodAccessorImpl.invoke(NativeMethodAccessorImpl.java:77)
	at java.base/jdk.internal.reflect.DelegatingMethodAccessorImpl.invoke(DelegatingMethodAccessorImpl.java:43)
Caused by: org.openqa.selenium.NoSuchElementException: no such element: Unable to locate element: {"method":"xpath","selector":"//p[contains(text(),'Đã tồn tại kỳ đối soát trước đó, Bạn có chắc chắn ')]"}
  (Session info: chrome=129.0.6668.91)
For documentation on this error, please visit: https://www.seleniumhq.org/exceptions/no_such_element.html
Build info: version: '3.141.59', revision: 'unknown', time: 'unknown'
System info: host: 'Aidan', ip: '2405:4803:fd90:9ef0:35c5:6ea1:b1e8:64e8%en0', os.name: 'Mac OS X', os.arch: 'aarch64', os.version: '15.0.1', java.version: '17.0.7'
Driver info: com.kms.katalon.selenium.driver.CChromeDriver
Capabilities {acceptInsecureCerts: false, browserName: chrome, browserVersion: 129.0.6668.91, chrome: {chromedriverVersion: 128.0.6613.84 (606aa55c7d68..., userDataDir: /var/folders/t5/b7k67ybj7gz...}, fedcm:accounts: true, goog:chromeOptions: {debuggerAddress: localhost:50845}, javascriptEnabled: true, networkConnectionEnabled: false, pageLoadStrategy: normal, platform: MAC, platformName: MAC, proxy: Proxy(), setWindowRect: true, strictFileInteractability: false, timeouts: {implicit: 0, pageLoad: 300000, script: 30000}, unhandledPromptBehavior: dismiss and notify, webauthn:extension:credBlob: true, webauthn:extension:largeBlob: true, webauthn:extension:minPinLength: true, webauthn:extension:prf: true, webauthn:virtualAuthenticators: true}
Session ID: 966ee6337221f2b9cde2bb3c67e52ad5
*** Element info: {Using=xpath, value=//p[contains(text(),'Đã tồn tại kỳ đối soát trước đó, Bạn có chắc chắn ')]}
	at jdk.internal.reflect.GeneratedConstructorAccessor22.newInstance(Unknown Source)
	at java.base/jdk.internal.reflect.DelegatingConstructorAccessorImpl.newInstance(DelegatingConstructorAccessorImpl.java:45)
	at org.openqa.selenium.remote.http.W3CHttpResponseCodec.createException(W3CHttpResponseCodec.java:187)
	at org.openqa.selenium.remote.http.W3CHttpResponseCodec.decode(W3CHttpResponseCodec.java:122)
	at org.openqa.selenium.remote.http.W3CHttpResponseCodec.decode(W3CHttpResponseCodec.java:49)
	at org.openqa.selenium.remote.HttpCommandExecutor.execute(HttpCommandExecutor.java:158)
	at org.openqa.selenium.remote.service.DriverCommandExecutor.execute(DriverCommandExecutor.java:83)
	at org.openqa.selenium.remote.RemoteWebDriver.execute(RemoteWebDriver.java:552)
	at com.kms.katalon.selenium.driver.CChromeDriver.execute(CChromeDriver.java:19)
	at org.openqa.selenium.remote.RemoteWebDriver.findElement(RemoteWebDriver.java:323)
	at org.openqa.selenium.remote.RemoteWebDriver.findElementByXPath(RemoteWebDriver.java:428)
	at org.openqa.selenium.By$ByXPath.findElement(By.java:353)
	at org.openqa.selenium.remote.RemoteWebDriver.findElement(RemoteWebDriver.java:315)
	at jdk.internal.reflect.GeneratedMethodAccessor9.invoke(Unknown Source)
	at java.base/jdk.internal.reflect.DelegatingMethodAccessorImpl.invoke(DelegatingMethodAccessorImpl.java:43)
	at org.openqa.selenium.support.events.EventFiringWebDriver.lambda$new$1(EventFiringWebDriver.java:105)
	at jdk.proxy2/jdk.proxy2.$Proxy22.findElement(Unknown Source)
	at org.openqa.selenium.support.events.EventFiringWebDriver.findElement(EventFiringWebDriver.java:194)
	at org.openqa.selenium.support.ui.ExpectedConditions$7.apply(ExpectedConditions.java:205)
	at org.openqa.selenium.support.ui.ExpectedConditions$7.apply(ExpectedConditions.java:201)
	at org.openqa.selenium.support.ui.FluentWait.until(FluentWait.java:249)
	at Script1720717717922.run(Script1720717717922.groovy:41)
	... 15 more


12-10-2024T21:57:25 - [MESSAGE][ERROR] - Test Cases/Quản lý tài khoản merchant/Quản lý danh sách tài khoản/Nạp tiền/TC_07_Nhập số tiền đúng và chọn kì đối soát đã có trước đó và nhấn Huỷ FAILED.
Reason:
org.openqa.selenium.TimeoutException: Expected condition failed: waiting for visibility of element located by By.xpath: //p[contains(text(),'Đã tồn tại kỳ đối soát trước đó, Bạn có chắc chắn ')] (tried for 20 second(s) with 500 milliseconds interval)
	at org.openqa.selenium.support.ui.WebDriverWait.timeoutException(WebDriverWait.java:95)
	at org.openqa.selenium.support.ui.FluentWait.until(FluentWait.java:272)
	at TC_07_Nhập số tiền đúng và chọn kì đối soát đã có trước đó và nhấn Huỷ.run(TC_07_Nhập số tiền đúng và chọn kì đối soát đã có trước đó và nhấn Huỷ:41)
	at com.kms.katalon.core.main.ScriptEngine.run(ScriptEngine.java:194)
	at com.kms.katalon.core.main.ScriptEngine.runScriptAsRawText(ScriptEngine.java:119)
	at com.kms.katalon.core.main.TestCaseExecutor.runScript(TestCaseExecutor.java:448)
	at com.kms.katalon.core.main.TestCaseExecutor.doExecute(TestCaseExecutor.java:439)
	at com.kms.katalon.core.main.TestCaseExecutor.processExecutionPhase(TestCaseExecutor.java:418)
	at com.kms.katalon.core.main.TestCaseExecutor.accessMainPhase(TestCaseExecutor.java:410)
	at com.kms.katalon.core.main.TestCaseExecutor.execute(TestCaseExecutor.java:285)
	at com.kms.katalon.core.common.CommonExecutor.accessTestCaseMainPhase(CommonExecutor.java:65)
	at com.kms.katalon.core.main.TestSuiteExecutor.accessTestSuiteMainPhase(TestSuiteExecutor.java:150)
	at com.kms.katalon.core.main.TestSuiteExecutor.execute(TestSuiteExecutor.java:106)
	at com.kms.katalon.core.main.TestCaseMain.startTestSuite(TestCaseMain.java:180)
	at TempTestSuite1728744778676.run(TempTestSuite1728744778676.groovy:35)
	at java.base/jdk.internal.reflect.NativeMethodAccessorImpl.invoke0(Native Method)
	at java.base/jdk.internal.reflect.NativeMethodAccessorImpl.invoke(NativeMethodAccessorImpl.java:77)
	at java.base/jdk.internal.reflect.DelegatingMethodAccessorImpl.invoke(DelegatingMethodAccessorImpl.java:43)
Caused by: org.openqa.selenium.NoSuchElementException: no such element: Unable to locate element: {"method":"xpath","selector":"//p[contains(text(),'Đã tồn tại kỳ đối soát trước đó, Bạn có chắc chắn ')]"}
  (Session info: chrome=129.0.6668.91)
For documentation on this error, please visit: https://www.seleniumhq.org/exceptions/no_such_element.html
Build info: version: '3.141.59', revision: 'unknown', time: 'unknown'
System info: host: 'Aidan', ip: '2405:4803:fd90:9ef0:35c5:6ea1:b1e8:64e8%en0', os.name: 'Mac OS X', os.arch: 'aarch64', os.version: '15.0.1', java.version: '17.0.7'
Driver info: com.kms.katalon.selenium.driver.CChromeDriver
Capabilities {acceptInsecureCerts: false, browserName: chrome, browserVersion: 129.0.6668.91, chrome: {chromedriverVersion: 128.0.6613.84 (606aa55c7d68..., userDataDir: /var/folders/t5/b7k67ybj7gz...}, fedcm:accounts: true, goog:chromeOptions: {debuggerAddress: localhost:50845}, javascriptEnabled: true, networkConnectionEnabled: false, pageLoadStrategy: normal, platform: MAC, platformName: MAC, proxy: Proxy(), setWindowRect: true, strictFileInteractability: false, timeouts: {implicit: 0, pageLoad: 300000, script: 30000}, unhandledPromptBehavior: dismiss and notify, webauthn:extension:credBlob: true, webauthn:extension:largeBlob: true, webauthn:extension:minPinLength: true, webauthn:extension:prf: true, webauthn:virtualAuthenticators: true}
Session ID: 966ee6337221f2b9cde2bb3c67e52ad5
*** Element info: {Using=xpath, value=//p[contains(text(),'Đã tồn tại kỳ đối soát trước đó, Bạn có chắc chắn ')]}
	at jdk.internal.reflect.GeneratedConstructorAccessor22.newInstance(Unknown Source)
	at java.base/jdk.internal.reflect.DelegatingConstructorAccessorImpl.newInstance(DelegatingConstructorAccessorImpl.java:45)
	at org.openqa.selenium.remote.http.W3CHttpResponseCodec.createException(W3CHttpResponseCodec.java:187)
	at org.openqa.selenium.remote.http.W3CHttpResponseCodec.decode(W3CHttpResponseCodec.java:122)
	at org.openqa.selenium.remote.http.W3CHttpResponseCodec.decode(W3CHttpResponseCodec.java:49)
	at org.openqa.selenium.remote.HttpCommandExecutor.execute(HttpCommandExecutor.java:158)
	at org.openqa.selenium.remote.service.DriverCommandExecutor.execute(DriverCommandExecutor.java:83)
	at org.openqa.selenium.remote.RemoteWebDriver.execute(RemoteWebDriver.java:552)
	at com.kms.katalon.selenium.driver.CChromeDriver.execute(CChromeDriver.java:19)
	at org.openqa.selenium.remote.RemoteWebDriver.findElement(RemoteWebDriver.java:323)
	at org.openqa.selenium.remote.RemoteWebDriver.findElementByXPath(RemoteWebDriver.java:428)
	at org.openqa.selenium.By$ByXPath.findElement(By.java:353)
	at org.openqa.selenium.remote.RemoteWebDriver.findElement(RemoteWebDriver.java:315)
	at jdk.internal.reflect.GeneratedMethodAccessor9.invoke(Unknown Source)
	at java.base/jdk.internal.reflect.DelegatingMethodAccessorImpl.invoke(DelegatingMethodAccessorImpl.java:43)
	at org.openqa.selenium.support.events.EventFiringWebDriver.lambda$new$1(EventFiringWebDriver.java:105)
	at jdk.proxy2/jdk.proxy2.$Proxy22.findElement(Unknown Source)
	at org.openqa.selenium.support.events.EventFiringWebDriver.findElement(EventFiringWebDriver.java:194)
	at org.openqa.selenium.support.ui.ExpectedConditions$7.apply(ExpectedConditions.java:205)
	at org.openqa.selenium.support.ui.ExpectedConditions$7.apply(ExpectedConditions.java:201)
	at org.openqa.selenium.support.ui.FluentWait.until(FluentWait.java:249)
	at Script1720717717922.run(Script1720717717922.groovy:41)
	... 15 more


12-10-2024T21:57:25 - [TEST_STEP][PASSED] - Start listener action : sampleAfterTestCase: null

12-10-2024T21:57:25 - [TEST_STEP][PASSED] - testCaseId = testCaseContext.getTestCaseId(): null

12-10-2024T21:57:25 - [TEST_STEP][PASSED] - if (testCaseId == "Test Cases/Quản lý tài khoản merchant/Quản lý dịch vụ merchant/TC_13_Kiểm tra chức năng xác nhận cấu hình thay đổi VA"): null]]></system-out>
         <system-err><![CDATA[12-10-2024T21:56:32 - [TEST_CASE][ERROR] - Test Cases/Quản lý tài khoản merchant/Quản lý danh sách tài khoản/Nạp tiền/TC_07_Nhập số tiền đúng và chọn kì đối soát đã có trước đó và nhấn Huỷ: Test Cases/Quản lý tài khoản merchant/Quản lý danh sách tài khoản/Nạp tiền/TC_07_Nhập số tiền đúng và chọn kì đối soát đã có trước đó và nhấn Huỷ FAILED.
Reason:
org.openqa.selenium.TimeoutException: Expected condition failed: waiting for visibility of element located by By.xpath: //p[contains(text(),'Đã tồn tại kỳ đối soát trước đó, Bạn có chắc chắn ')] (tried for 20 second(s) with 500 milliseconds interval)
	at org.openqa.selenium.support.ui.WebDriverWait.timeoutException(WebDriverWait.java:95)
	at org.openqa.selenium.support.ui.FluentWait.until(FluentWait.java:272)
	at TC_07_Nhập số tiền đúng và chọn kì đối soát đã có trước đó và nhấn Huỷ.run(TC_07_Nhập số tiền đúng và chọn kì đối soát đã có trước đó và nhấn Huỷ:41)
	at com.kms.katalon.core.main.ScriptEngine.run(ScriptEngine.java:194)
	at com.kms.katalon.core.main.ScriptEngine.runScriptAsRawText(ScriptEngine.java:119)
	at com.kms.katalon.core.main.TestCaseExecutor.runScript(TestCaseExecutor.java:448)
	at com.kms.katalon.core.main.TestCaseExecutor.doExecute(TestCaseExecutor.java:439)
	at com.kms.katalon.core.main.TestCaseExecutor.processExecutionPhase(TestCaseExecutor.java:418)
	at com.kms.katalon.core.main.TestCaseExecutor.accessMainPhase(TestCaseExecutor.java:410)
	at com.kms.katalon.core.main.TestCaseExecutor.execute(TestCaseExecutor.java:285)
	at com.kms.katalon.core.common.CommonExecutor.accessTestCaseMainPhase(CommonExecutor.java:65)
	at com.kms.katalon.core.main.TestSuiteExecutor.accessTestSuiteMainPhase(TestSuiteExecutor.java:150)
	at com.kms.katalon.core.main.TestSuiteExecutor.execute(TestSuiteExecutor.java:106)
	at com.kms.katalon.core.main.TestCaseMain.startTestSuite(TestCaseMain.java:180)
	at TempTestSuite1728744778676.run(TempTestSuite1728744778676.groovy:35)
	at java.base/jdk.internal.reflect.NativeMethodAccessorImpl.invoke0(Native Method)
	at java.base/jdk.internal.reflect.NativeMethodAccessorImpl.invoke(NativeMethodAccessorImpl.java:77)
	at java.base/jdk.internal.reflect.DelegatingMethodAccessorImpl.invoke(DelegatingMethodAccessorImpl.java:43)
Caused by: org.openqa.selenium.NoSuchElementException: no such element: Unable to locate element: {"method":"xpath","selector":"//p[contains(text(),'Đã tồn tại kỳ đối soát trước đó, Bạn có chắc chắn ')]"}
  (Session info: chrome=129.0.6668.91)
For documentation on this error, please visit: https://www.seleniumhq.org/exceptions/no_such_element.html
Build info: version: '3.141.59', revision: 'unknown', time: 'unknown'
System info: host: 'Aidan', ip: '2405:4803:fd90:9ef0:35c5:6ea1:b1e8:64e8%en0', os.name: 'Mac OS X', os.arch: 'aarch64', os.version: '15.0.1', java.version: '17.0.7'
Driver info: com.kms.katalon.selenium.driver.CChromeDriver
Capabilities {acceptInsecureCerts: false, browserName: chrome, browserVersion: 129.0.6668.91, chrome: {chromedriverVersion: 128.0.6613.84 (606aa55c7d68..., userDataDir: /var/folders/t5/b7k67ybj7gz...}, fedcm:accounts: true, goog:chromeOptions: {debuggerAddress: localhost:50845}, javascriptEnabled: true, networkConnectionEnabled: false, pageLoadStrategy: normal, platform: MAC, platformName: MAC, proxy: Proxy(), setWindowRect: true, strictFileInteractability: false, timeouts: {implicit: 0, pageLoad: 300000, script: 30000}, unhandledPromptBehavior: dismiss and notify, webauthn:extension:credBlob: true, webauthn:extension:largeBlob: true, webauthn:extension:minPinLength: true, webauthn:extension:prf: true, webauthn:virtualAuthenticators: true}
Session ID: 966ee6337221f2b9cde2bb3c67e52ad5
*** Element info: {Using=xpath, value=//p[contains(text(),'Đã tồn tại kỳ đối soát trước đó, Bạn có chắc chắn ')]}
	at jdk.internal.reflect.GeneratedConstructorAccessor22.newInstance(Unknown Source)
	at java.base/jdk.internal.reflect.DelegatingConstructorAccessorImpl.newInstance(DelegatingConstructorAccessorImpl.java:45)
	at org.openqa.selenium.remote.http.W3CHttpResponseCodec.createException(W3CHttpResponseCodec.java:187)
	at org.openqa.selenium.remote.http.W3CHttpResponseCodec.decode(W3CHttpResponseCodec.java:122)
	at org.openqa.selenium.remote.http.W3CHttpResponseCodec.decode(W3CHttpResponseCodec.java:49)
	at org.openqa.selenium.remote.HttpCommandExecutor.execute(HttpCommandExecutor.java:158)
	at org.openqa.selenium.remote.service.DriverCommandExecutor.execute(DriverCommandExecutor.java:83)
	at org.openqa.selenium.remote.RemoteWebDriver.execute(RemoteWebDriver.java:552)
	at com.kms.katalon.selenium.driver.CChromeDriver.execute(CChromeDriver.java:19)
	at org.openqa.selenium.remote.RemoteWebDriver.findElement(RemoteWebDriver.java:323)
	at org.openqa.selenium.remote.RemoteWebDriver.findElementByXPath(RemoteWebDriver.java:428)
	at org.openqa.selenium.By$ByXPath.findElement(By.java:353)
	at org.openqa.selenium.remote.RemoteWebDriver.findElement(RemoteWebDriver.java:315)
	at jdk.internal.reflect.GeneratedMethodAccessor9.invoke(Unknown Source)
	at java.base/jdk.internal.reflect.DelegatingMethodAccessorImpl.invoke(DelegatingMethodAccessorImpl.java:43)
	at org.openqa.selenium.support.events.EventFiringWebDriver.lambda$new$1(EventFiringWebDriver.java:105)
	at jdk.proxy2/jdk.proxy2.$Proxy22.findElement(Unknown Source)
	at org.openqa.selenium.support.events.EventFiringWebDriver.findElement(EventFiringWebDriver.java:194)
	at org.openqa.selenium.support.ui.ExpectedConditions$7.apply(ExpectedConditions.java:205)
	at org.openqa.selenium.support.ui.ExpectedConditions$7.apply(ExpectedConditions.java:201)
	at org.openqa.selenium.support.ui.FluentWait.until(FluentWait.java:249)
	... 16 more]]></system-err>
      </testcase>
      <testcase name="Test Cases/Quản lý tài khoản merchant/Quản lý danh sách tài khoản/Nạp tiền/TC_08_Nhập số tiền đúng và chọn kì đối soát đã có trước đó và nhấn xác nhận" time="52.005" classname="Test Cases/Quản lý tài khoản merchant/Quản lý danh sách tài khoản/Nạp tiền/TC_08_Nhập số tiền đúng và chọn kì đối soát đã có trước đó và nhấn xác nhận" status="ERROR">
         <error type="ERROR" message="Test Cases/Quản lý tài khoản merchant/Quản lý danh sách tài khoản/Nạp tiền/TC_08_Nhập số tiền đúng và chọn kì đối soát đã có trước đó và nhấn xác nhận FAILED.&#xa;Reason:&#xa;org.openqa.selenium.TimeoutException: Expected condition failed: waiting for visibility of element located by By.xpath: //p[contains(text(),'Đã tồn tại kỳ đối soát trước đó, Bạn có chắc chắn ')] (tried for 20 second(s) with 500 milliseconds interval)&#xa;	at org.openqa.selenium.support.ui.WebDriverWait.timeoutException(WebDriverWait.java:95)&#xa;	at org.openqa.selenium.support.ui.FluentWait.until(FluentWait.java:272)&#xa;	at TC_08_Nhập số tiền đúng và chọn kì đối soát đã có trước đó và nhấn xác nhận.run(TC_08_Nhập số tiền đúng và chọn kì đối soát đã có trước đó và nhấn xác nhận:40)&#xa;	at com.kms.katalon.core.main.ScriptEngine.run(ScriptEngine.java:194)&#xa;	at com.kms.katalon.core.main.ScriptEngine.runScriptAsRawText(ScriptEngine.java:119)&#xa;	at com.kms.katalon.core.main.TestCaseExecutor.runScript(TestCaseExecutor.java:448)&#xa;	at com.kms.katalon.core.main.TestCaseExecutor.doExecute(TestCaseExecutor.java:439)&#xa;	at com.kms.katalon.core.main.TestCaseExecutor.processExecutionPhase(TestCaseExecutor.java:418)&#xa;	at com.kms.katalon.core.main.TestCaseExecutor.accessMainPhase(TestCaseExecutor.java:410)&#xa;	at com.kms.katalon.core.main.TestCaseExecutor.execute(TestCaseExecutor.java:285)&#xa;	at com.kms.katalon.core.common.CommonExecutor.accessTestCaseMainPhase(CommonExecutor.java:65)&#xa;	at com.kms.katalon.core.main.TestSuiteExecutor.accessTestSuiteMainPhase(TestSuiteExecutor.java:150)&#xa;	at com.kms.katalon.core.main.TestSuiteExecutor.execute(TestSuiteExecutor.java:106)&#xa;	at com.kms.katalon.core.main.TestCaseMain.startTestSuite(TestCaseMain.java:180)&#xa;	at TempTestSuite1728744778676.run(TempTestSuite1728744778676.groovy:35)&#xa;	at java.base/jdk.internal.reflect.NativeMethodAccessorImpl.invoke0(Native Method)&#xa;	at java.base/jdk.internal.reflect.NativeMethodAccessorImpl.invoke(NativeMethodAccessorImpl.java:77)&#xa;	at java.base/jdk.internal.reflect.DelegatingMethodAccessorImpl.invoke(DelegatingMethodAccessorImpl.java:43)&#xa;Caused by: org.openqa.selenium.NoSuchElementException: no such element: Unable to locate element: {&quot;method&quot;:&quot;xpath&quot;,&quot;selector&quot;:&quot;//p[contains(text(),'Đã tồn tại kỳ đối soát trước đó, Bạn có chắc chắn ')]&quot;}&#xa;  (Session info: chrome=129.0.6668.91)&#xa;For documentation on this error, please visit: https://www.seleniumhq.org/exceptions/no_such_element.html&#xa;Build info: version: '3.141.59', revision: 'unknown', time: 'unknown'&#xa;System info: host: 'Aidan', ip: '2405:4803:fd90:9ef0:35c5:6ea1:b1e8:64e8%en0', os.name: 'Mac OS X', os.arch: 'aarch64', os.version: '15.0.1', java.version: '17.0.7'&#xa;Driver info: com.kms.katalon.selenium.driver.CChromeDriver&#xa;Capabilities {acceptInsecureCerts: false, browserName: chrome, browserVersion: 129.0.6668.91, chrome: {chromedriverVersion: 128.0.6613.84 (606aa55c7d68..., userDataDir: /var/folders/t5/b7k67ybj7gz...}, fedcm:accounts: true, goog:chromeOptions: {debuggerAddress: localhost:50871}, javascriptEnabled: true, networkConnectionEnabled: false, pageLoadStrategy: normal, platform: MAC, platformName: MAC, proxy: Proxy(), setWindowRect: true, strictFileInteractability: false, timeouts: {implicit: 0, pageLoad: 300000, script: 30000}, unhandledPromptBehavior: dismiss and notify, webauthn:extension:credBlob: true, webauthn:extension:largeBlob: true, webauthn:extension:minPinLength: true, webauthn:extension:prf: true, webauthn:virtualAuthenticators: true}&#xa;Session ID: cfafd4ad790d8a47f80641580406060e&#xa;*** Element info: {Using=xpath, value=//p[contains(text(),'Đã tồn tại kỳ đối soát trước đó, Bạn có chắc chắn ')]}&#xa;	at jdk.internal.reflect.GeneratedConstructorAccessor22.newInstance(Unknown Source)&#xa;	at java.base/jdk.internal.reflect.DelegatingConstructorAccessorImpl.newInstance(DelegatingConstructorAccessorImpl.java:45)&#xa;	at org.openqa.selenium.remote.http.W3CHttpResponseCodec.createException(W3CHttpResponseCodec.java:187)&#xa;	at org.openqa.selenium.remote.http.W3CHttpResponseCodec.decode(W3CHttpResponseCodec.java:122)&#xa;	at org.openqa.selenium.remote.http.W3CHttpResponseCodec.decode(W3CHttpResponseCodec.java:49)&#xa;	at org.openqa.selenium.remote.HttpCommandExecutor.execute(HttpCommandExecutor.java:158)&#xa;	at org.openqa.selenium.remote.service.DriverCommandExecutor.execute(DriverCommandExecutor.java:83)&#xa;	at org.openqa.selenium.remote.RemoteWebDriver.execute(RemoteWebDriver.java:552)&#xa;	at com.kms.katalon.selenium.driver.CChromeDriver.execute(CChromeDriver.java:19)&#xa;	at org.openqa.selenium.remote.RemoteWebDriver.findElement(RemoteWebDriver.java:323)&#xa;	at org.openqa.selenium.remote.RemoteWebDriver.findElementByXPath(RemoteWebDriver.java:428)&#xa;	at org.openqa.selenium.By$ByXPath.findElement(By.java:353)&#xa;	at org.openqa.selenium.remote.RemoteWebDriver.findElement(RemoteWebDriver.java:315)&#xa;	at jdk.internal.reflect.GeneratedMethodAccessor9.invoke(Unknown Source)&#xa;	at java.base/jdk.internal.reflect.DelegatingMethodAccessorImpl.invoke(DelegatingMethodAccessorImpl.java:43)&#xa;	at org.openqa.selenium.support.events.EventFiringWebDriver.lambda$new$1(EventFiringWebDriver.java:105)&#xa;	at jdk.proxy2/jdk.proxy2.$Proxy22.findElement(Unknown Source)&#xa;	at org.openqa.selenium.support.events.EventFiringWebDriver.findElement(EventFiringWebDriver.java:194)&#xa;	at org.openqa.selenium.support.ui.ExpectedConditions$7.apply(ExpectedConditions.java:205)&#xa;	at org.openqa.selenium.support.ui.ExpectedConditions$7.apply(ExpectedConditions.java:201)&#xa;	at org.openqa.selenium.support.ui.FluentWait.until(FluentWait.java:249)&#xa;	... 16 more&#xa;"/>
         <system-out><![CDATA[12-10-2024T21:57:25 - [TEST_CASE][ERROR] - Test Cases/Quản lý tài khoản merchant/Quản lý danh sách tài khoản/Nạp tiền/TC_08_Nhập số tiền đúng và chọn kì đối soát đã có trước đó và nhấn xác nhận: Test Cases/Quản lý tài khoản merchant/Quản lý danh sách tài khoản/Nạp tiền/TC_08_Nhập số tiền đúng và chọn kì đối soát đã có trước đó và nhấn xác nhận FAILED.
Reason:
org.openqa.selenium.TimeoutException: Expected condition failed: waiting for visibility of element located by By.xpath: //p[contains(text(),'Đã tồn tại kỳ đối soát trước đó, Bạn có chắc chắn ')] (tried for 20 second(s) with 500 milliseconds interval)
	at org.openqa.selenium.support.ui.WebDriverWait.timeoutException(WebDriverWait.java:95)
	at org.openqa.selenium.support.ui.FluentWait.until(FluentWait.java:272)
	at TC_08_Nhập số tiền đúng và chọn kì đối soát đã có trước đó và nhấn xác nhận.run(TC_08_Nhập số tiền đúng và chọn kì đối soát đã có trước đó và nhấn xác nhận:40)
	at com.kms.katalon.core.main.ScriptEngine.run(ScriptEngine.java:194)
	at com.kms.katalon.core.main.ScriptEngine.runScriptAsRawText(ScriptEngine.java:119)
	at com.kms.katalon.core.main.TestCaseExecutor.runScript(TestCaseExecutor.java:448)
	at com.kms.katalon.core.main.TestCaseExecutor.doExecute(TestCaseExecutor.java:439)
	at com.kms.katalon.core.main.TestCaseExecutor.processExecutionPhase(TestCaseExecutor.java:418)
	at com.kms.katalon.core.main.TestCaseExecutor.accessMainPhase(TestCaseExecutor.java:410)
	at com.kms.katalon.core.main.TestCaseExecutor.execute(TestCaseExecutor.java:285)
	at com.kms.katalon.core.common.CommonExecutor.accessTestCaseMainPhase(CommonExecutor.java:65)
	at com.kms.katalon.core.main.TestSuiteExecutor.accessTestSuiteMainPhase(TestSuiteExecutor.java:150)
	at com.kms.katalon.core.main.TestSuiteExecutor.execute(TestSuiteExecutor.java:106)
	at com.kms.katalon.core.main.TestCaseMain.startTestSuite(TestCaseMain.java:180)
	at TempTestSuite1728744778676.run(TempTestSuite1728744778676.groovy:35)
	at java.base/jdk.internal.reflect.NativeMethodAccessorImpl.invoke0(Native Method)
	at java.base/jdk.internal.reflect.NativeMethodAccessorImpl.invoke(NativeMethodAccessorImpl.java:77)
	at java.base/jdk.internal.reflect.DelegatingMethodAccessorImpl.invoke(DelegatingMethodAccessorImpl.java:43)
Caused by: org.openqa.selenium.NoSuchElementException: no such element: Unable to locate element: {"method":"xpath","selector":"//p[contains(text(),'Đã tồn tại kỳ đối soát trước đó, Bạn có chắc chắn ')]"}
  (Session info: chrome=129.0.6668.91)
For documentation on this error, please visit: https://www.seleniumhq.org/exceptions/no_such_element.html
Build info: version: '3.141.59', revision: 'unknown', time: 'unknown'
System info: host: 'Aidan', ip: '2405:4803:fd90:9ef0:35c5:6ea1:b1e8:64e8%en0', os.name: 'Mac OS X', os.arch: 'aarch64', os.version: '15.0.1', java.version: '17.0.7'
Driver info: com.kms.katalon.selenium.driver.CChromeDriver
Capabilities {acceptInsecureCerts: false, browserName: chrome, browserVersion: 129.0.6668.91, chrome: {chromedriverVersion: 128.0.6613.84 (606aa55c7d68..., userDataDir: /var/folders/t5/b7k67ybj7gz...}, fedcm:accounts: true, goog:chromeOptions: {debuggerAddress: localhost:50871}, javascriptEnabled: true, networkConnectionEnabled: false, pageLoadStrategy: normal, platform: MAC, platformName: MAC, proxy: Proxy(), setWindowRect: true, strictFileInteractability: false, timeouts: {implicit: 0, pageLoad: 300000, script: 30000}, unhandledPromptBehavior: dismiss and notify, webauthn:extension:credBlob: true, webauthn:extension:largeBlob: true, webauthn:extension:minPinLength: true, webauthn:extension:prf: true, webauthn:virtualAuthenticators: true}
Session ID: cfafd4ad790d8a47f80641580406060e
*** Element info: {Using=xpath, value=//p[contains(text(),'Đã tồn tại kỳ đối soát trước đó, Bạn có chắc chắn ')]}
	at jdk.internal.reflect.GeneratedConstructorAccessor22.newInstance(Unknown Source)
	at java.base/jdk.internal.reflect.DelegatingConstructorAccessorImpl.newInstance(DelegatingConstructorAccessorImpl.java:45)
	at org.openqa.selenium.remote.http.W3CHttpResponseCodec.createException(W3CHttpResponseCodec.java:187)
	at org.openqa.selenium.remote.http.W3CHttpResponseCodec.decode(W3CHttpResponseCodec.java:122)
	at org.openqa.selenium.remote.http.W3CHttpResponseCodec.decode(W3CHttpResponseCodec.java:49)
	at org.openqa.selenium.remote.HttpCommandExecutor.execute(HttpCommandExecutor.java:158)
	at org.openqa.selenium.remote.service.DriverCommandExecutor.execute(DriverCommandExecutor.java:83)
	at org.openqa.selenium.remote.RemoteWebDriver.execute(RemoteWebDriver.java:552)
	at com.kms.katalon.selenium.driver.CChromeDriver.execute(CChromeDriver.java:19)
	at org.openqa.selenium.remote.RemoteWebDriver.findElement(RemoteWebDriver.java:323)
	at org.openqa.selenium.remote.RemoteWebDriver.findElementByXPath(RemoteWebDriver.java:428)
	at org.openqa.selenium.By$ByXPath.findElement(By.java:353)
	at org.openqa.selenium.remote.RemoteWebDriver.findElement(RemoteWebDriver.java:315)
	at jdk.internal.reflect.GeneratedMethodAccessor9.invoke(Unknown Source)
	at java.base/jdk.internal.reflect.DelegatingMethodAccessorImpl.invoke(DelegatingMethodAccessorImpl.java:43)
	at org.openqa.selenium.support.events.EventFiringWebDriver.lambda$new$1(EventFiringWebDriver.java:105)
	at jdk.proxy2/jdk.proxy2.$Proxy22.findElement(Unknown Source)
	at org.openqa.selenium.support.events.EventFiringWebDriver.findElement(EventFiringWebDriver.java:194)
	at org.openqa.selenium.support.ui.ExpectedConditions$7.apply(ExpectedConditions.java:205)
	at org.openqa.selenium.support.ui.ExpectedConditions$7.apply(ExpectedConditions.java:201)
	at org.openqa.selenium.support.ui.FluentWait.until(FluentWait.java:249)
	... 16 more


12-10-2024T21:57:25 - [TEST_STEP][PASSED] - Start listener action : sampleBeforeTestCase: Navigate to 'https://stg-cms-console.9pay.mobi/login' successfully

12-10-2024T21:57:25 - [TEST_STEP][PASSED] - testCaseId = testCaseContext.getTestCaseId(): null

12-10-2024T21:57:25 - [TEST_STEP][PASSED] - url = <not implemented yet for class: org.codehaus.groovy.ast.expr.EmptyExpression>: null

12-10-2024T21:57:25 - [TEST_STEP][PASSED] - if (testCaseId == "Test Cases/Quản lý tài khoản merchant/Quản lý dịch vụ merchant/TC_14_Kiểm tra thay đổi sau khi cấu hình VA trên MCV"): null

12-10-2024T21:57:25 - [TEST_STEP][PASSED] - else: null

12-10-2024T21:57:25 - [TEST_STEP][PASSED] - url = "https://stg-cms-console.9pay.mobi/login": null

12-10-2024T21:57:25 - [TEST_STEP][PASSED] - openBrowser(""): Browser is opened with url: ''

12-10-2024T21:57:25 - [MESSAGE][WARNING] - A browser is already opened. Closing browser and opening a new one

12-10-2024T21:57:25 - [MESSAGE][INFO] - Starting 'Chrome' driver

12-10-2024T21:57:25 - [MESSAGE][INFO] - Action delay is set to 0 milliseconds

12-10-2024T21:57:26 - [MESSAGE][PASSED] - Browser is opened with url: ''

12-10-2024T21:57:26 - [TEST_STEP][PASSED] - maximizeWindow(): Current window maximized

12-10-2024T21:57:26 - [MESSAGE][PASSED] - Current window maximized

12-10-2024T21:57:26 - [TEST_STEP][PASSED] - navigateToUrl(url): Navigate to 'https://stg-cms-console.9pay.mobi/login' successfully

12-10-2024T21:57:30 - [MESSAGE][PASSED] - Navigate to 'https://stg-cms-console.9pay.mobi/login' successfully

12-10-2024T21:57:30 - [TEST_STEP][PASSED] - driver = getWebDriver(): null

12-10-2024T21:57:30 - [TEST_STEP][PASSED] - callTestCase(findTestCase("Test Cases/Login/LoginCommon"), [:], STOP_ON_FAILURE): Call Test Case 'Test Cases/Login/LoginCommon' successfully

12-10-2024T21:57:30 - [TEST_CASE][PASSED] - Test Cases/Login/LoginCommon: Test Cases/Login/LoginCommon

12-10-2024T21:57:30 - [TEST_STEP][PASSED] - driver = getWebDriver(): null

12-10-2024T21:57:30 - [TEST_STEP][PASSED] - sendKeys(findTestObject("Quản lý tài khoản merchant/Quản lý dịch vụ merchant/userNameTextbox"), userAccount): Keys 'dannt@9pay.vn' sent to object: 'Object Repository/Quản lý tài khoản merchant/Quản lý dịch vụ merchant/userNameTextbox'

12-10-2024T21:57:31 - [MESSAGE][PASSED] - Keys 'dannt@9pay.vn' sent to object: 'Object Repository/Quản lý tài khoản merchant/Quản lý dịch vụ merchant/userNameTextbox'

12-10-2024T21:57:31 - [TEST_STEP][PASSED] - sendKeys(findTestObject("Quản lý tài khoản merchant/Quản lý dịch vụ merchant/passwordTextbox"), password): Keys 'dannt@9pay.vn' sent to object: 'Object Repository/Quản lý tài khoản merchant/Quản lý dịch vụ merchant/passwordTextbox'

12-10-2024T21:57:31 - [MESSAGE][PASSED] - Keys 'dannt@9pay.vn' sent to object: 'Object Repository/Quản lý tài khoản merchant/Quản lý dịch vụ merchant/passwordTextbox'

12-10-2024T21:57:31 - [TEST_STEP][PASSED] - click(findTestObject("Quản lý tài khoản merchant/Quản lý dịch vụ merchant/loginButton")): Object: 'Object Repository/Quản lý tài khoản merchant/Quản lý dịch vụ merchant/loginButton' is clicked on

12-10-2024T21:57:31 - [MESSAGE][PASSED] - Object: 'Object Repository/Quản lý tài khoản merchant/Quản lý dịch vụ merchant/loginButton' is clicked on

12-10-2024T21:57:31 - [MESSAGE][PASSED] - Call Test Case 'Test Cases/Login/LoginCommon' successfully

12-10-2024T21:57:31 - [TEST_STEP][PASSED] - waitForElementVisible(findTestObject("Trang chủ/userName"), 20, STOP_ON_FAILURE): Object 'Object Repository/Trang chủ/userName' is visible

12-10-2024T21:57:32 - [MESSAGE][PASSED] - Object 'Object Repository/Trang chủ/userName' is visible

12-10-2024T21:57:32 - [TEST_STEP][PASSED] - callTestCase(findTestCase("Test Cases/Quản lý tài khoản merchant/Quản lý danh sách tài khoản/CustomFunctions Deposit"), [:], STOP_ON_FAILURE): Call Test Case 'Test Cases/Quản lý tài khoản merchant/Quản lý danh sách tài khoản/CustomFunctions Deposit' successfully

12-10-2024T21:57:32 - [TEST_CASE][PASSED] - Test Cases/Quản lý tài khoản merchant/Quản lý danh sách tài khoản/CustomFunctions Deposit: Test Cases/Quản lý tài khoản merchant/Quản lý danh sách tài khoản/CustomFunctions Deposit

12-10-2024T21:57:32 - [TEST_STEP][PASSED] - driver = getWebDriver(): null

12-10-2024T21:57:32 - [TEST_STEP][PASSED] - element1 = driver.findElement(By.xpath("//span[contains(text(),'Quản lý tài khoản merchant')]")): null

12-10-2024T21:57:35 - [TEST_STEP][PASSED] - actions = new org.openqa.selenium.interactions.Actions(driver): null

12-10-2024T21:57:35 - [TEST_STEP][PASSED] - click().perform(): null

12-10-2024T21:57:35 - [TEST_STEP][PASSED] - wait = new org.openqa.selenium.support.ui.WebDriverWait(com.kms.katalon.core.webui.driver.DriverFactory.getWebDriver(), 15): null

12-10-2024T21:57:35 - [TEST_STEP][PASSED] - xpath(xpathManagerListAccount))).click(): null

12-10-2024T21:57:36 - [MESSAGE][PASSED] - Call Test Case 'Test Cases/Quản lý tài khoản merchant/Quản lý danh sách tài khoản/CustomFunctions Deposit' successfully

12-10-2024T21:57:36 - [TEST_STEP][PASSED] - wait = new org.openqa.selenium.support.ui.WebDriverWait(com.kms.katalon.core.webui.driver.DriverFactory.getWebDriver(), 20): null

12-10-2024T21:57:36 - [TEST_STEP][PASSED] - userCode = wait.until(ExpectedConditions.visibilityOfElementLocated(By.xpath(xpathUserCode))): null

12-10-2024T21:57:39 - [TEST_STEP][PASSED] - println(userCode.getText()): null

12-10-2024T21:57:39 - [TEST_STEP][PASSED] - xpath(xpathBtnAccount))).click(): null

12-10-2024T21:57:39 - [TEST_STEP][PASSED] - searchTextbox = wait.until(ExpectedConditions.elementToBeClickable(By.xpath(xpathSearchTextbox))): null

12-10-2024T21:57:39 - [TEST_STEP][PASSED] - searchTextbox.sendKeys("dannt11"): null

12-10-2024T21:57:39 - [TEST_STEP][PASSED] - xpath(xpathOption)).click(): null

12-10-2024T21:57:40 - [TEST_STEP][PASSED] - xpath(xpathBtnSearch)).click(): null

12-10-2024T21:57:40 - [TEST_STEP][PASSED] - wait.until(ExpectedConditions.visibilityOfElementLocated(By.xpath(xpathAccountName))): null

12-10-2024T21:57:41 - [TEST_STEP][PASSED] - xpath(xpathBtnDeposit)).click(): null

12-10-2024T21:57:41 - [TEST_STEP][PASSED] - wait.until(ExpectedConditions.visibilityOfElementLocated(By.xpath(xpathTextAccount))): null

12-10-2024T21:57:54 - [TEST_STEP][PASSED] - xpath(xpathChonVi)).click(): null

12-10-2024T21:57:54 - [TEST_STEP][PASSED] - xpath(xpathThuHo3)).click(): null

12-10-2024T21:57:54 - [TEST_STEP][PASSED] - xpath(xpathDay)).click(): null

12-10-2024T21:57:55 - [TEST_STEP][PASSED] - xpath(xpathHomNay)).click(): null

12-10-2024T21:57:55 - [TEST_STEP][PASSED] - xpath(xpathBtnContinue)).click(): null

12-10-2024T21:57:56 - [TEST_STEP][ERROR] - popupDS = wait.until(ExpectedConditions.visibilityOfElementLocated(By.xpath(xpathXacNhanKiDS))): Test Cases/Quản lý tài khoản merchant/Quản lý danh sách tài khoản/Nạp tiền/TC_08_Nhập số tiền đúng và chọn kì đối soát đã có trước đó và nhấn xác nhận FAILED.
Reason:
org.openqa.selenium.TimeoutException: Expected condition failed: waiting for visibility of element located by By.xpath: //p[contains(text(),'Đã tồn tại kỳ đối soát trước đó, Bạn có chắc chắn ')] (tried for 20 second(s) with 500 milliseconds interval)
	at org.openqa.selenium.support.ui.WebDriverWait.timeoutException(WebDriverWait.java:95)
	at org.openqa.selenium.support.ui.FluentWait.until(FluentWait.java:272)
	at TC_08_Nhập số tiền đúng và chọn kì đối soát đã có trước đó và nhấn xác nhận.run(TC_08_Nhập số tiền đúng và chọn kì đối soát đã có trước đó và nhấn xác nhận:40)
	at com.kms.katalon.core.main.ScriptEngine.run(ScriptEngine.java:194)
	at com.kms.katalon.core.main.ScriptEngine.runScriptAsRawText(ScriptEngine.java:119)
	at com.kms.katalon.core.main.TestCaseExecutor.runScript(TestCaseExecutor.java:448)
	at com.kms.katalon.core.main.TestCaseExecutor.doExecute(TestCaseExecutor.java:439)
	at com.kms.katalon.core.main.TestCaseExecutor.processExecutionPhase(TestCaseExecutor.java:418)
	at com.kms.katalon.core.main.TestCaseExecutor.accessMainPhase(TestCaseExecutor.java:410)
	at com.kms.katalon.core.main.TestCaseExecutor.execute(TestCaseExecutor.java:285)
	at com.kms.katalon.core.common.CommonExecutor.accessTestCaseMainPhase(CommonExecutor.java:65)
	at com.kms.katalon.core.main.TestSuiteExecutor.accessTestSuiteMainPhase(TestSuiteExecutor.java:150)
	at com.kms.katalon.core.main.TestSuiteExecutor.execute(TestSuiteExecutor.java:106)
	at com.kms.katalon.core.main.TestCaseMain.startTestSuite(TestCaseMain.java:180)
	at TempTestSuite1728744778676.run(TempTestSuite1728744778676.groovy:35)
	at java.base/jdk.internal.reflect.NativeMethodAccessorImpl.invoke0(Native Method)
	at java.base/jdk.internal.reflect.NativeMethodAccessorImpl.invoke(NativeMethodAccessorImpl.java:77)
	at java.base/jdk.internal.reflect.DelegatingMethodAccessorImpl.invoke(DelegatingMethodAccessorImpl.java:43)
Caused by: org.openqa.selenium.NoSuchElementException: no such element: Unable to locate element: {"method":"xpath","selector":"//p[contains(text(),'Đã tồn tại kỳ đối soát trước đó, Bạn có chắc chắn ')]"}
  (Session info: chrome=129.0.6668.91)
For documentation on this error, please visit: https://www.seleniumhq.org/exceptions/no_such_element.html
Build info: version: '3.141.59', revision: 'unknown', time: 'unknown'
System info: host: 'Aidan', ip: '2405:4803:fd90:9ef0:35c5:6ea1:b1e8:64e8%en0', os.name: 'Mac OS X', os.arch: 'aarch64', os.version: '15.0.1', java.version: '17.0.7'
Driver info: com.kms.katalon.selenium.driver.CChromeDriver
Capabilities {acceptInsecureCerts: false, browserName: chrome, browserVersion: 129.0.6668.91, chrome: {chromedriverVersion: 128.0.6613.84 (606aa55c7d68..., userDataDir: /var/folders/t5/b7k67ybj7gz...}, fedcm:accounts: true, goog:chromeOptions: {debuggerAddress: localhost:50871}, javascriptEnabled: true, networkConnectionEnabled: false, pageLoadStrategy: normal, platform: MAC, platformName: MAC, proxy: Proxy(), setWindowRect: true, strictFileInteractability: false, timeouts: {implicit: 0, pageLoad: 300000, script: 30000}, unhandledPromptBehavior: dismiss and notify, webauthn:extension:credBlob: true, webauthn:extension:largeBlob: true, webauthn:extension:minPinLength: true, webauthn:extension:prf: true, webauthn:virtualAuthenticators: true}
Session ID: cfafd4ad790d8a47f80641580406060e
*** Element info: {Using=xpath, value=//p[contains(text(),'Đã tồn tại kỳ đối soát trước đó, Bạn có chắc chắn ')]}
	at jdk.internal.reflect.GeneratedConstructorAccessor22.newInstance(Unknown Source)
	at java.base/jdk.internal.reflect.DelegatingConstructorAccessorImpl.newInstance(DelegatingConstructorAccessorImpl.java:45)
	at org.openqa.selenium.remote.http.W3CHttpResponseCodec.createException(W3CHttpResponseCodec.java:187)
	at org.openqa.selenium.remote.http.W3CHttpResponseCodec.decode(W3CHttpResponseCodec.java:122)
	at org.openqa.selenium.remote.http.W3CHttpResponseCodec.decode(W3CHttpResponseCodec.java:49)
	at org.openqa.selenium.remote.HttpCommandExecutor.execute(HttpCommandExecutor.java:158)
	at org.openqa.selenium.remote.service.DriverCommandExecutor.execute(DriverCommandExecutor.java:83)
	at org.openqa.selenium.remote.RemoteWebDriver.execute(RemoteWebDriver.java:552)
	at com.kms.katalon.selenium.driver.CChromeDriver.execute(CChromeDriver.java:19)
	at org.openqa.selenium.remote.RemoteWebDriver.findElement(RemoteWebDriver.java:323)
	at org.openqa.selenium.remote.RemoteWebDriver.findElementByXPath(RemoteWebDriver.java:428)
	at org.openqa.selenium.By$ByXPath.findElement(By.java:353)
	at org.openqa.selenium.remote.RemoteWebDriver.findElement(RemoteWebDriver.java:315)
	at jdk.internal.reflect.GeneratedMethodAccessor9.invoke(Unknown Source)
	at java.base/jdk.internal.reflect.DelegatingMethodAccessorImpl.invoke(DelegatingMethodAccessorImpl.java:43)
	at org.openqa.selenium.support.events.EventFiringWebDriver.lambda$new$1(EventFiringWebDriver.java:105)
	at jdk.proxy2/jdk.proxy2.$Proxy22.findElement(Unknown Source)
	at org.openqa.selenium.support.events.EventFiringWebDriver.findElement(EventFiringWebDriver.java:194)
	at org.openqa.selenium.support.ui.ExpectedConditions$7.apply(ExpectedConditions.java:205)
	at org.openqa.selenium.support.ui.ExpectedConditions$7.apply(ExpectedConditions.java:201)
	at org.openqa.selenium.support.ui.FluentWait.until(FluentWait.java:249)
	at Script1720717890056.run(Script1720717890056.groovy:40)
	... 15 more


12-10-2024T21:58:17 - [MESSAGE][ERROR] - Test Cases/Quản lý tài khoản merchant/Quản lý danh sách tài khoản/Nạp tiền/TC_08_Nhập số tiền đúng và chọn kì đối soát đã có trước đó và nhấn xác nhận FAILED.
Reason:
org.openqa.selenium.TimeoutException: Expected condition failed: waiting for visibility of element located by By.xpath: //p[contains(text(),'Đã tồn tại kỳ đối soát trước đó, Bạn có chắc chắn ')] (tried for 20 second(s) with 500 milliseconds interval)
	at org.openqa.selenium.support.ui.WebDriverWait.timeoutException(WebDriverWait.java:95)
	at org.openqa.selenium.support.ui.FluentWait.until(FluentWait.java:272)
	at TC_08_Nhập số tiền đúng và chọn kì đối soát đã có trước đó và nhấn xác nhận.run(TC_08_Nhập số tiền đúng và chọn kì đối soát đã có trước đó và nhấn xác nhận:40)
	at com.kms.katalon.core.main.ScriptEngine.run(ScriptEngine.java:194)
	at com.kms.katalon.core.main.ScriptEngine.runScriptAsRawText(ScriptEngine.java:119)
	at com.kms.katalon.core.main.TestCaseExecutor.runScript(TestCaseExecutor.java:448)
	at com.kms.katalon.core.main.TestCaseExecutor.doExecute(TestCaseExecutor.java:439)
	at com.kms.katalon.core.main.TestCaseExecutor.processExecutionPhase(TestCaseExecutor.java:418)
	at com.kms.katalon.core.main.TestCaseExecutor.accessMainPhase(TestCaseExecutor.java:410)
	at com.kms.katalon.core.main.TestCaseExecutor.execute(TestCaseExecutor.java:285)
	at com.kms.katalon.core.common.CommonExecutor.accessTestCaseMainPhase(CommonExecutor.java:65)
	at com.kms.katalon.core.main.TestSuiteExecutor.accessTestSuiteMainPhase(TestSuiteExecutor.java:150)
	at com.kms.katalon.core.main.TestSuiteExecutor.execute(TestSuiteExecutor.java:106)
	at com.kms.katalon.core.main.TestCaseMain.startTestSuite(TestCaseMain.java:180)
	at TempTestSuite1728744778676.run(TempTestSuite1728744778676.groovy:35)
	at java.base/jdk.internal.reflect.NativeMethodAccessorImpl.invoke0(Native Method)
	at java.base/jdk.internal.reflect.NativeMethodAccessorImpl.invoke(NativeMethodAccessorImpl.java:77)
	at java.base/jdk.internal.reflect.DelegatingMethodAccessorImpl.invoke(DelegatingMethodAccessorImpl.java:43)
Caused by: org.openqa.selenium.NoSuchElementException: no such element: Unable to locate element: {"method":"xpath","selector":"//p[contains(text(),'Đã tồn tại kỳ đối soát trước đó, Bạn có chắc chắn ')]"}
  (Session info: chrome=129.0.6668.91)
For documentation on this error, please visit: https://www.seleniumhq.org/exceptions/no_such_element.html
Build info: version: '3.141.59', revision: 'unknown', time: 'unknown'
System info: host: 'Aidan', ip: '2405:4803:fd90:9ef0:35c5:6ea1:b1e8:64e8%en0', os.name: 'Mac OS X', os.arch: 'aarch64', os.version: '15.0.1', java.version: '17.0.7'
Driver info: com.kms.katalon.selenium.driver.CChromeDriver
Capabilities {acceptInsecureCerts: false, browserName: chrome, browserVersion: 129.0.6668.91, chrome: {chromedriverVersion: 128.0.6613.84 (606aa55c7d68..., userDataDir: /var/folders/t5/b7k67ybj7gz...}, fedcm:accounts: true, goog:chromeOptions: {debuggerAddress: localhost:50871}, javascriptEnabled: true, networkConnectionEnabled: false, pageLoadStrategy: normal, platform: MAC, platformName: MAC, proxy: Proxy(), setWindowRect: true, strictFileInteractability: false, timeouts: {implicit: 0, pageLoad: 300000, script: 30000}, unhandledPromptBehavior: dismiss and notify, webauthn:extension:credBlob: true, webauthn:extension:largeBlob: true, webauthn:extension:minPinLength: true, webauthn:extension:prf: true, webauthn:virtualAuthenticators: true}
Session ID: cfafd4ad790d8a47f80641580406060e
*** Element info: {Using=xpath, value=//p[contains(text(),'Đã tồn tại kỳ đối soát trước đó, Bạn có chắc chắn ')]}
	at jdk.internal.reflect.GeneratedConstructorAccessor22.newInstance(Unknown Source)
	at java.base/jdk.internal.reflect.DelegatingConstructorAccessorImpl.newInstance(DelegatingConstructorAccessorImpl.java:45)
	at org.openqa.selenium.remote.http.W3CHttpResponseCodec.createException(W3CHttpResponseCodec.java:187)
	at org.openqa.selenium.remote.http.W3CHttpResponseCodec.decode(W3CHttpResponseCodec.java:122)
	at org.openqa.selenium.remote.http.W3CHttpResponseCodec.decode(W3CHttpResponseCodec.java:49)
	at org.openqa.selenium.remote.HttpCommandExecutor.execute(HttpCommandExecutor.java:158)
	at org.openqa.selenium.remote.service.DriverCommandExecutor.execute(DriverCommandExecutor.java:83)
	at org.openqa.selenium.remote.RemoteWebDriver.execute(RemoteWebDriver.java:552)
	at com.kms.katalon.selenium.driver.CChromeDriver.execute(CChromeDriver.java:19)
	at org.openqa.selenium.remote.RemoteWebDriver.findElement(RemoteWebDriver.java:323)
	at org.openqa.selenium.remote.RemoteWebDriver.findElementByXPath(RemoteWebDriver.java:428)
	at org.openqa.selenium.By$ByXPath.findElement(By.java:353)
	at org.openqa.selenium.remote.RemoteWebDriver.findElement(RemoteWebDriver.java:315)
	at jdk.internal.reflect.GeneratedMethodAccessor9.invoke(Unknown Source)
	at java.base/jdk.internal.reflect.DelegatingMethodAccessorImpl.invoke(DelegatingMethodAccessorImpl.java:43)
	at org.openqa.selenium.support.events.EventFiringWebDriver.lambda$new$1(EventFiringWebDriver.java:105)
	at jdk.proxy2/jdk.proxy2.$Proxy22.findElement(Unknown Source)
	at org.openqa.selenium.support.events.EventFiringWebDriver.findElement(EventFiringWebDriver.java:194)
	at org.openqa.selenium.support.ui.ExpectedConditions$7.apply(ExpectedConditions.java:205)
	at org.openqa.selenium.support.ui.ExpectedConditions$7.apply(ExpectedConditions.java:201)
	at org.openqa.selenium.support.ui.FluentWait.until(FluentWait.java:249)
	at Script1720717890056.run(Script1720717890056.groovy:40)
	... 15 more


12-10-2024T21:58:17 - [TEST_STEP][PASSED] - Start listener action : sampleAfterTestCase: null

12-10-2024T21:58:17 - [TEST_STEP][PASSED] - testCaseId = testCaseContext.getTestCaseId(): null

12-10-2024T21:58:17 - [TEST_STEP][PASSED] - if (testCaseId == "Test Cases/Quản lý tài khoản merchant/Quản lý dịch vụ merchant/TC_13_Kiểm tra chức năng xác nhận cấu hình thay đổi VA"): null]]></system-out>
         <system-err><![CDATA[12-10-2024T21:57:25 - [TEST_CASE][ERROR] - Test Cases/Quản lý tài khoản merchant/Quản lý danh sách tài khoản/Nạp tiền/TC_08_Nhập số tiền đúng và chọn kì đối soát đã có trước đó và nhấn xác nhận: Test Cases/Quản lý tài khoản merchant/Quản lý danh sách tài khoản/Nạp tiền/TC_08_Nhập số tiền đúng và chọn kì đối soát đã có trước đó và nhấn xác nhận FAILED.
Reason:
org.openqa.selenium.TimeoutException: Expected condition failed: waiting for visibility of element located by By.xpath: //p[contains(text(),'Đã tồn tại kỳ đối soát trước đó, Bạn có chắc chắn ')] (tried for 20 second(s) with 500 milliseconds interval)
	at org.openqa.selenium.support.ui.WebDriverWait.timeoutException(WebDriverWait.java:95)
	at org.openqa.selenium.support.ui.FluentWait.until(FluentWait.java:272)
	at TC_08_Nhập số tiền đúng và chọn kì đối soát đã có trước đó và nhấn xác nhận.run(TC_08_Nhập số tiền đúng và chọn kì đối soát đã có trước đó và nhấn xác nhận:40)
	at com.kms.katalon.core.main.ScriptEngine.run(ScriptEngine.java:194)
	at com.kms.katalon.core.main.ScriptEngine.runScriptAsRawText(ScriptEngine.java:119)
	at com.kms.katalon.core.main.TestCaseExecutor.runScript(TestCaseExecutor.java:448)
	at com.kms.katalon.core.main.TestCaseExecutor.doExecute(TestCaseExecutor.java:439)
	at com.kms.katalon.core.main.TestCaseExecutor.processExecutionPhase(TestCaseExecutor.java:418)
	at com.kms.katalon.core.main.TestCaseExecutor.accessMainPhase(TestCaseExecutor.java:410)
	at com.kms.katalon.core.main.TestCaseExecutor.execute(TestCaseExecutor.java:285)
	at com.kms.katalon.core.common.CommonExecutor.accessTestCaseMainPhase(CommonExecutor.java:65)
	at com.kms.katalon.core.main.TestSuiteExecutor.accessTestSuiteMainPhase(TestSuiteExecutor.java:150)
	at com.kms.katalon.core.main.TestSuiteExecutor.execute(TestSuiteExecutor.java:106)
	at com.kms.katalon.core.main.TestCaseMain.startTestSuite(TestCaseMain.java:180)
	at TempTestSuite1728744778676.run(TempTestSuite1728744778676.groovy:35)
	at java.base/jdk.internal.reflect.NativeMethodAccessorImpl.invoke0(Native Method)
	at java.base/jdk.internal.reflect.NativeMethodAccessorImpl.invoke(NativeMethodAccessorImpl.java:77)
	at java.base/jdk.internal.reflect.DelegatingMethodAccessorImpl.invoke(DelegatingMethodAccessorImpl.java:43)
Caused by: org.openqa.selenium.NoSuchElementException: no such element: Unable to locate element: {"method":"xpath","selector":"//p[contains(text(),'Đã tồn tại kỳ đối soát trước đó, Bạn có chắc chắn ')]"}
  (Session info: chrome=129.0.6668.91)
For documentation on this error, please visit: https://www.seleniumhq.org/exceptions/no_such_element.html
Build info: version: '3.141.59', revision: 'unknown', time: 'unknown'
System info: host: 'Aidan', ip: '2405:4803:fd90:9ef0:35c5:6ea1:b1e8:64e8%en0', os.name: 'Mac OS X', os.arch: 'aarch64', os.version: '15.0.1', java.version: '17.0.7'
Driver info: com.kms.katalon.selenium.driver.CChromeDriver
Capabilities {acceptInsecureCerts: false, browserName: chrome, browserVersion: 129.0.6668.91, chrome: {chromedriverVersion: 128.0.6613.84 (606aa55c7d68..., userDataDir: /var/folders/t5/b7k67ybj7gz...}, fedcm:accounts: true, goog:chromeOptions: {debuggerAddress: localhost:50871}, javascriptEnabled: true, networkConnectionEnabled: false, pageLoadStrategy: normal, platform: MAC, platformName: MAC, proxy: Proxy(), setWindowRect: true, strictFileInteractability: false, timeouts: {implicit: 0, pageLoad: 300000, script: 30000}, unhandledPromptBehavior: dismiss and notify, webauthn:extension:credBlob: true, webauthn:extension:largeBlob: true, webauthn:extension:minPinLength: true, webauthn:extension:prf: true, webauthn:virtualAuthenticators: true}
Session ID: cfafd4ad790d8a47f80641580406060e
*** Element info: {Using=xpath, value=//p[contains(text(),'Đã tồn tại kỳ đối soát trước đó, Bạn có chắc chắn ')]}
	at jdk.internal.reflect.GeneratedConstructorAccessor22.newInstance(Unknown Source)
	at java.base/jdk.internal.reflect.DelegatingConstructorAccessorImpl.newInstance(DelegatingConstructorAccessorImpl.java:45)
	at org.openqa.selenium.remote.http.W3CHttpResponseCodec.createException(W3CHttpResponseCodec.java:187)
	at org.openqa.selenium.remote.http.W3CHttpResponseCodec.decode(W3CHttpResponseCodec.java:122)
	at org.openqa.selenium.remote.http.W3CHttpResponseCodec.decode(W3CHttpResponseCodec.java:49)
	at org.openqa.selenium.remote.HttpCommandExecutor.execute(HttpCommandExecutor.java:158)
	at org.openqa.selenium.remote.service.DriverCommandExecutor.execute(DriverCommandExecutor.java:83)
	at org.openqa.selenium.remote.RemoteWebDriver.execute(RemoteWebDriver.java:552)
	at com.kms.katalon.selenium.driver.CChromeDriver.execute(CChromeDriver.java:19)
	at org.openqa.selenium.remote.RemoteWebDriver.findElement(RemoteWebDriver.java:323)
	at org.openqa.selenium.remote.RemoteWebDriver.findElementByXPath(RemoteWebDriver.java:428)
	at org.openqa.selenium.By$ByXPath.findElement(By.java:353)
	at org.openqa.selenium.remote.RemoteWebDriver.findElement(RemoteWebDriver.java:315)
	at jdk.internal.reflect.GeneratedMethodAccessor9.invoke(Unknown Source)
	at java.base/jdk.internal.reflect.DelegatingMethodAccessorImpl.invoke(DelegatingMethodAccessorImpl.java:43)
	at org.openqa.selenium.support.events.EventFiringWebDriver.lambda$new$1(EventFiringWebDriver.java:105)
	at jdk.proxy2/jdk.proxy2.$Proxy22.findElement(Unknown Source)
	at org.openqa.selenium.support.events.EventFiringWebDriver.findElement(EventFiringWebDriver.java:194)
	at org.openqa.selenium.support.ui.ExpectedConditions$7.apply(ExpectedConditions.java:205)
	at org.openqa.selenium.support.ui.ExpectedConditions$7.apply(ExpectedConditions.java:201)
	at org.openqa.selenium.support.ui.FluentWait.until(FluentWait.java:249)
	... 16 more]]></system-err>
      </testcase>
      <testcase name="Test Cases/Quản lý tài khoản merchant/Quản lý danh sách tài khoản/Nạp tiền/TC_09_Kiểm tra khi chọn ví đúng và chọn kỳ đối soát đã tồn tại trước đó" time="25.897" classname="Test Cases/Quản lý tài khoản merchant/Quản lý danh sách tài khoản/Nạp tiền/TC_09_Kiểm tra khi chọn ví đúng và chọn kỳ đối soát đã tồn tại trước đó" status="ERROR">
         <error type="ERROR" message="Test Cases/Quản lý tài khoản merchant/Quản lý danh sách tài khoản/Nạp tiền/TC_09_Kiểm tra khi chọn ví đúng và chọn kỳ đối soát đã tồn tại trước đó FAILED.&#xa;Reason:&#xa;org.openqa.selenium.NoSuchElementException: no such element: Unable to locate element: {&quot;method&quot;:&quot;xpath&quot;,&quot;selector&quot;:&quot;//button[contains(text(),'Đồng ý')]&quot;}&#xa;  (Session info: chrome=129.0.6668.91)&#xa;For documentation on this error, please visit: https://www.seleniumhq.org/exceptions/no_such_element.html&#xa;Build info: version: '3.141.59', revision: 'unknown', time: 'unknown'&#xa;System info: host: 'Aidan', ip: '2405:4803:fd90:9ef0:35c5:6ea1:b1e8:64e8%en0', os.name: 'Mac OS X', os.arch: 'aarch64', os.version: '15.0.1', java.version: '17.0.7'&#xa;Driver info: com.kms.katalon.selenium.driver.CChromeDriver&#xa;Capabilities {acceptInsecureCerts: false, browserName: chrome, browserVersion: 129.0.6668.91, chrome: {chromedriverVersion: 128.0.6613.84 (606aa55c7d68..., userDataDir: /var/folders/t5/b7k67ybj7gz...}, fedcm:accounts: true, goog:chromeOptions: {debuggerAddress: localhost:50902}, javascriptEnabled: true, networkConnectionEnabled: false, pageLoadStrategy: normal, platform: MAC, platformName: MAC, proxy: Proxy(), setWindowRect: true, strictFileInteractability: false, timeouts: {implicit: 0, pageLoad: 300000, script: 30000}, unhandledPromptBehavior: dismiss and notify, webauthn:extension:credBlob: true, webauthn:extension:largeBlob: true, webauthn:extension:minPinLength: true, webauthn:extension:prf: true, webauthn:virtualAuthenticators: true}&#xa;Session ID: 0397c172138dccce7d038a421ebadcdb&#xa;*** Element info: {Using=xpath, value=//button[contains(text(),'Đồng ý')]}&#xa;	at jdk.internal.reflect.GeneratedConstructorAccessor22.newInstance(Unknown Source)&#xa;	at java.base/jdk.internal.reflect.DelegatingConstructorAccessorImpl.newInstance(DelegatingConstructorAccessorImpl.java:45)&#xa;	at org.openqa.selenium.remote.http.W3CHttpResponseCodec.createException(W3CHttpResponseCodec.java:187)&#xa;	at org.openqa.selenium.remote.http.W3CHttpResponseCodec.decode(W3CHttpResponseCodec.java:122)&#xa;	at org.openqa.selenium.remote.http.W3CHttpResponseCodec.decode(W3CHttpResponseCodec.java:49)&#xa;	at org.openqa.selenium.remote.HttpCommandExecutor.execute(HttpCommandExecutor.java:158)&#xa;	at org.openqa.selenium.remote.service.DriverCommandExecutor.execute(DriverCommandExecutor.java:83)&#xa;	at org.openqa.selenium.remote.RemoteWebDriver.execute(RemoteWebDriver.java:552)&#xa;	at com.kms.katalon.selenium.driver.CChromeDriver.execute(CChromeDriver.java:19)&#xa;	at org.openqa.selenium.remote.RemoteWebDriver.findElement(RemoteWebDriver.java:323)&#xa;	at org.openqa.selenium.remote.RemoteWebDriver.findElementByXPath(RemoteWebDriver.java:428)&#xa;	at org.openqa.selenium.By$ByXPath.findElement(By.java:353)&#xa;	at org.openqa.selenium.remote.RemoteWebDriver.findElement(RemoteWebDriver.java:315)&#xa;	at jdk.internal.reflect.GeneratedMethodAccessor9.invoke(Unknown Source)&#xa;	at java.base/jdk.internal.reflect.DelegatingMethodAccessorImpl.invoke(DelegatingMethodAccessorImpl.java:43)&#xa;	at org.openqa.selenium.support.events.EventFiringWebDriver.lambda$new$1(EventFiringWebDriver.java:105)&#xa;	at jdk.proxy2/jdk.proxy2.$Proxy22.findElement(Unknown Source)&#xa;	at org.openqa.selenium.support.events.EventFiringWebDriver.findElement(EventFiringWebDriver.java:194)&#xa;	at TC_09_Kiểm tra khi chọn ví đúng và chọn kỳ đối soát đã tồn tại trước đó.run(TC_09_Kiểm tra khi chọn ví đúng và chọn kỳ đối soát đã tồn tại trước đó:50)&#xa;	at com.kms.katalon.core.main.ScriptEngine.run(ScriptEngine.java:194)&#xa;	at com.kms.katalon.core.main.ScriptEngine.runScriptAsRawText(ScriptEngine.java:119)&#xa;	at com.kms.katalon.core.main.TestCaseExecutor.runScript(TestCaseExecutor.java:448)&#xa;	at com.kms.katalon.core.main.TestCaseExecutor.doExecute(TestCaseExecutor.java:439)&#xa;	at com.kms.katalon.core.main.TestCaseExecutor.processExecutionPhase(TestCaseExecutor.java:418)&#xa;	at com.kms.katalon.core.main.TestCaseExecutor.accessMainPhase(TestCaseExecutor.java:410)&#xa;	at com.kms.katalon.core.main.TestCaseExecutor.execute(TestCaseExecutor.java:285)&#xa;	at com.kms.katalon.core.common.CommonExecutor.accessTestCaseMainPhase(CommonExecutor.java:65)&#xa;	at com.kms.katalon.core.main.TestSuiteExecutor.accessTestSuiteMainPhase(TestSuiteExecutor.java:150)&#xa;	at com.kms.katalon.core.main.TestSuiteExecutor.execute(TestSuiteExecutor.java:106)&#xa;	at com.kms.katalon.core.main.TestCaseMain.startTestSuite(TestCaseMain.java:180)&#xa;	at TempTestSuite1728744778676.run(TempTestSuite1728744778676.groovy:35)&#xa;	at java.base/jdk.internal.reflect.NativeMethodAccessorImpl.invoke0(Native Method)&#xa;	at java.base/jdk.internal.reflect.NativeMethodAccessorImpl.invoke(NativeMethodAccessorImpl.java:77)&#xa;	at java.base/jdk.internal.reflect.DelegatingMethodAccessorImpl.invoke(DelegatingMethodAccessorImpl.java:43)&#xa;"/>
         <system-out><![CDATA[12-10-2024T21:58:17 - [TEST_CASE][ERROR] - Test Cases/Quản lý tài khoản merchant/Quản lý danh sách tài khoản/Nạp tiền/TC_09_Kiểm tra khi chọn ví đúng và chọn kỳ đối soát đã tồn tại trước đó: Test Cases/Quản lý tài khoản merchant/Quản lý danh sách tài khoản/Nạp tiền/TC_09_Kiểm tra khi chọn ví đúng và chọn kỳ đối soát đã tồn tại trước đó FAILED.
Reason:
org.openqa.selenium.NoSuchElementException: no such element: Unable to locate element: {"method":"xpath","selector":"//button[contains(text(),'Đồng ý')]"}
  (Session info: chrome=129.0.6668.91)
For documentation on this error, please visit: https://www.seleniumhq.org/exceptions/no_such_element.html
Build info: version: '3.141.59', revision: 'unknown', time: 'unknown'
System info: host: 'Aidan', ip: '2405:4803:fd90:9ef0:35c5:6ea1:b1e8:64e8%en0', os.name: 'Mac OS X', os.arch: 'aarch64', os.version: '15.0.1', java.version: '17.0.7'
Driver info: com.kms.katalon.selenium.driver.CChromeDriver
Capabilities {acceptInsecureCerts: false, browserName: chrome, browserVersion: 129.0.6668.91, chrome: {chromedriverVersion: 128.0.6613.84 (606aa55c7d68..., userDataDir: /var/folders/t5/b7k67ybj7gz...}, fedcm:accounts: true, goog:chromeOptions: {debuggerAddress: localhost:50902}, javascriptEnabled: true, networkConnectionEnabled: false, pageLoadStrategy: normal, platform: MAC, platformName: MAC, proxy: Proxy(), setWindowRect: true, strictFileInteractability: false, timeouts: {implicit: 0, pageLoad: 300000, script: 30000}, unhandledPromptBehavior: dismiss and notify, webauthn:extension:credBlob: true, webauthn:extension:largeBlob: true, webauthn:extension:minPinLength: true, webauthn:extension:prf: true, webauthn:virtualAuthenticators: true}
Session ID: 0397c172138dccce7d038a421ebadcdb
*** Element info: {Using=xpath, value=//button[contains(text(),'Đồng ý')]}
	at jdk.internal.reflect.GeneratedConstructorAccessor22.newInstance(Unknown Source)
	at java.base/jdk.internal.reflect.DelegatingConstructorAccessorImpl.newInstance(DelegatingConstructorAccessorImpl.java:45)
	at org.openqa.selenium.remote.http.W3CHttpResponseCodec.createException(W3CHttpResponseCodec.java:187)
	at org.openqa.selenium.remote.http.W3CHttpResponseCodec.decode(W3CHttpResponseCodec.java:122)
	at org.openqa.selenium.remote.http.W3CHttpResponseCodec.decode(W3CHttpResponseCodec.java:49)
	at org.openqa.selenium.remote.HttpCommandExecutor.execute(HttpCommandExecutor.java:158)
	at org.openqa.selenium.remote.service.DriverCommandExecutor.execute(DriverCommandExecutor.java:83)
	at org.openqa.selenium.remote.RemoteWebDriver.execute(RemoteWebDriver.java:552)
	at com.kms.katalon.selenium.driver.CChromeDriver.execute(CChromeDriver.java:19)
	at org.openqa.selenium.remote.RemoteWebDriver.findElement(RemoteWebDriver.java:323)
	at org.openqa.selenium.remote.RemoteWebDriver.findElementByXPath(RemoteWebDriver.java:428)
	at org.openqa.selenium.By$ByXPath.findElement(By.java:353)
	at org.openqa.selenium.remote.RemoteWebDriver.findElement(RemoteWebDriver.java:315)
	at jdk.internal.reflect.GeneratedMethodAccessor9.invoke(Unknown Source)
	at java.base/jdk.internal.reflect.DelegatingMethodAccessorImpl.invoke(DelegatingMethodAccessorImpl.java:43)
	at org.openqa.selenium.support.events.EventFiringWebDriver.lambda$new$1(EventFiringWebDriver.java:105)
	at jdk.proxy2/jdk.proxy2.$Proxy22.findElement(Unknown Source)
	at org.openqa.selenium.support.events.EventFiringWebDriver.findElement(EventFiringWebDriver.java:194)
	at TC_09_Kiểm tra khi chọn ví đúng và chọn kỳ đối soát đã tồn tại trước đó.run(TC_09_Kiểm tra khi chọn ví đúng và chọn kỳ đối soát đã tồn tại trước đó:50)
	at com.kms.katalon.core.main.ScriptEngine.run(ScriptEngine.java:194)
	at com.kms.katalon.core.main.ScriptEngine.runScriptAsRawText(ScriptEngine.java:119)
	at com.kms.katalon.core.main.TestCaseExecutor.runScript(TestCaseExecutor.java:448)
	at com.kms.katalon.core.main.TestCaseExecutor.doExecute(TestCaseExecutor.java:439)
	at com.kms.katalon.core.main.TestCaseExecutor.processExecutionPhase(TestCaseExecutor.java:418)
	at com.kms.katalon.core.main.TestCaseExecutor.accessMainPhase(TestCaseExecutor.java:410)
	at com.kms.katalon.core.main.TestCaseExecutor.execute(TestCaseExecutor.java:285)
	at com.kms.katalon.core.common.CommonExecutor.accessTestCaseMainPhase(CommonExecutor.java:65)
	at com.kms.katalon.core.main.TestSuiteExecutor.accessTestSuiteMainPhase(TestSuiteExecutor.java:150)
	at com.kms.katalon.core.main.TestSuiteExecutor.execute(TestSuiteExecutor.java:106)
	at com.kms.katalon.core.main.TestCaseMain.startTestSuite(TestCaseMain.java:180)
	at TempTestSuite1728744778676.run(TempTestSuite1728744778676.groovy:35)
	at java.base/jdk.internal.reflect.NativeMethodAccessorImpl.invoke0(Native Method)
	at java.base/jdk.internal.reflect.NativeMethodAccessorImpl.invoke(NativeMethodAccessorImpl.java:77)
	at java.base/jdk.internal.reflect.DelegatingMethodAccessorImpl.invoke(DelegatingMethodAccessorImpl.java:43)


12-10-2024T21:58:17 - [TEST_STEP][PASSED] - Start listener action : sampleBeforeTestCase: Navigate to 'https://stg-cms-console.9pay.mobi/login' successfully

12-10-2024T21:58:17 - [TEST_STEP][PASSED] - testCaseId = testCaseContext.getTestCaseId(): null

12-10-2024T21:58:17 - [TEST_STEP][PASSED] - url = <not implemented yet for class: org.codehaus.groovy.ast.expr.EmptyExpression>: null

12-10-2024T21:58:17 - [TEST_STEP][PASSED] - if (testCaseId == "Test Cases/Quản lý tài khoản merchant/Quản lý dịch vụ merchant/TC_14_Kiểm tra thay đổi sau khi cấu hình VA trên MCV"): null

12-10-2024T21:58:17 - [TEST_STEP][PASSED] - else: null

12-10-2024T21:58:17 - [TEST_STEP][PASSED] - url = "https://stg-cms-console.9pay.mobi/login": null

12-10-2024T21:58:17 - [TEST_STEP][PASSED] - openBrowser(""): Browser is opened with url: ''

12-10-2024T21:58:17 - [MESSAGE][WARNING] - A browser is already opened. Closing browser and opening a new one

12-10-2024T21:58:17 - [MESSAGE][INFO] - Starting 'Chrome' driver

12-10-2024T21:58:17 - [MESSAGE][INFO] - Action delay is set to 0 milliseconds

12-10-2024T21:58:18 - [MESSAGE][PASSED] - Browser is opened with url: ''

12-10-2024T21:58:18 - [TEST_STEP][PASSED] - maximizeWindow(): Current window maximized

12-10-2024T21:58:18 - [MESSAGE][PASSED] - Current window maximized

12-10-2024T21:58:18 - [TEST_STEP][PASSED] - navigateToUrl(url): Navigate to 'https://stg-cms-console.9pay.mobi/login' successfully

12-10-2024T21:58:23 - [MESSAGE][PASSED] - Navigate to 'https://stg-cms-console.9pay.mobi/login' successfully

12-10-2024T21:58:24 - [TEST_STEP][PASSED] - driver = getWebDriver(): null

12-10-2024T21:58:24 - [TEST_STEP][PASSED] - callTestCase(findTestCase("Test Cases/Login/LoginCommon"), [:], STOP_ON_FAILURE): Call Test Case 'Test Cases/Login/LoginCommon' successfully

12-10-2024T21:58:24 - [TEST_CASE][PASSED] - Test Cases/Login/LoginCommon: Test Cases/Login/LoginCommon

12-10-2024T21:58:24 - [TEST_STEP][PASSED] - driver = getWebDriver(): null

12-10-2024T21:58:24 - [TEST_STEP][PASSED] - sendKeys(findTestObject("Quản lý tài khoản merchant/Quản lý dịch vụ merchant/userNameTextbox"), userAccount): Keys 'dannt@9pay.vn' sent to object: 'Object Repository/Quản lý tài khoản merchant/Quản lý dịch vụ merchant/userNameTextbox'

12-10-2024T21:58:24 - [MESSAGE][PASSED] - Keys 'dannt@9pay.vn' sent to object: 'Object Repository/Quản lý tài khoản merchant/Quản lý dịch vụ merchant/userNameTextbox'

12-10-2024T21:58:24 - [TEST_STEP][PASSED] - sendKeys(findTestObject("Quản lý tài khoản merchant/Quản lý dịch vụ merchant/passwordTextbox"), password): Keys 'dannt@9pay.vn' sent to object: 'Object Repository/Quản lý tài khoản merchant/Quản lý dịch vụ merchant/passwordTextbox'

12-10-2024T21:58:24 - [MESSAGE][PASSED] - Keys 'dannt@9pay.vn' sent to object: 'Object Repository/Quản lý tài khoản merchant/Quản lý dịch vụ merchant/passwordTextbox'

12-10-2024T21:58:24 - [TEST_STEP][PASSED] - click(findTestObject("Quản lý tài khoản merchant/Quản lý dịch vụ merchant/loginButton")): Object: 'Object Repository/Quản lý tài khoản merchant/Quản lý dịch vụ merchant/loginButton' is clicked on

12-10-2024T21:58:25 - [MESSAGE][PASSED] - Object: 'Object Repository/Quản lý tài khoản merchant/Quản lý dịch vụ merchant/loginButton' is clicked on

12-10-2024T21:58:25 - [MESSAGE][PASSED] - Call Test Case 'Test Cases/Login/LoginCommon' successfully

12-10-2024T21:58:25 - [TEST_STEP][PASSED] - waitForElementVisible(findTestObject("Trang chủ/userName"), 20, STOP_ON_FAILURE): Object 'Object Repository/Trang chủ/userName' is visible

12-10-2024T21:58:28 - [MESSAGE][PASSED] - Object 'Object Repository/Trang chủ/userName' is visible

12-10-2024T21:58:28 - [TEST_STEP][PASSED] - callTestCase(findTestCase("Test Cases/Quản lý tài khoản merchant/Quản lý danh sách tài khoản/CustomFunctions Deposit"), [:], STOP_ON_FAILURE): Call Test Case 'Test Cases/Quản lý tài khoản merchant/Quản lý danh sách tài khoản/CustomFunctions Deposit' successfully

12-10-2024T21:58:28 - [TEST_CASE][PASSED] - Test Cases/Quản lý tài khoản merchant/Quản lý danh sách tài khoản/CustomFunctions Deposit: Test Cases/Quản lý tài khoản merchant/Quản lý danh sách tài khoản/CustomFunctions Deposit

12-10-2024T21:58:28 - [TEST_STEP][PASSED] - driver = getWebDriver(): null

12-10-2024T21:58:28 - [TEST_STEP][PASSED] - element1 = driver.findElement(By.xpath("//span[contains(text(),'Quản lý tài khoản merchant')]")): null

12-10-2024T21:58:28 - [TEST_STEP][PASSED] - actions = new org.openqa.selenium.interactions.Actions(driver): null

12-10-2024T21:58:28 - [TEST_STEP][PASSED] - click().perform(): null

12-10-2024T21:58:28 - [TEST_STEP][PASSED] - wait = new org.openqa.selenium.support.ui.WebDriverWait(com.kms.katalon.core.webui.driver.DriverFactory.getWebDriver(), 15): null

12-10-2024T21:58:28 - [TEST_STEP][PASSED] - xpath(xpathManagerListAccount))).click(): null

12-10-2024T21:58:29 - [MESSAGE][PASSED] - Call Test Case 'Test Cases/Quản lý tài khoản merchant/Quản lý danh sách tài khoản/CustomFunctions Deposit' successfully

12-10-2024T21:58:29 - [TEST_STEP][PASSED] - wait = new org.openqa.selenium.support.ui.WebDriverWait(com.kms.katalon.core.webui.driver.DriverFactory.getWebDriver(), 20): null

12-10-2024T21:58:29 - [TEST_STEP][PASSED] - userCode = wait.until(ExpectedConditions.visibilityOfElementLocated(By.xpath(xpathUserCode))): null

12-10-2024T21:58:32 - [TEST_STEP][PASSED] - println(userCode.getText()): null

12-10-2024T21:58:32 - [TEST_STEP][PASSED] - xpath(xpathBtnAccount))).click(): null

12-10-2024T21:58:32 - [TEST_STEP][PASSED] - searchTextbox = wait.until(ExpectedConditions.elementToBeClickable(By.xpath(xpathSearchTextbox))): null

12-10-2024T21:58:32 - [TEST_STEP][PASSED] - searchTextbox.sendKeys("dannt11"): null

12-10-2024T21:58:33 - [TEST_STEP][PASSED] - xpath(xpathOption)).click(): null

12-10-2024T21:58:33 - [TEST_STEP][PASSED] - xpath(xpathBtnSearch)).click(): null

12-10-2024T21:58:33 - [TEST_STEP][PASSED] - wait.until(ExpectedConditions.visibilityOfElementLocated(By.xpath(xpathAccountName))): null

12-10-2024T21:58:34 - [TEST_STEP][PASSED] - startElement = driver.findElement(By.xpath("//strong[contains(text(),'Thu hộ:')]")): null

12-10-2024T21:58:34 - [TEST_STEP][PASSED] - js = driver: null

12-10-2024T21:58:34 - [TEST_STEP][PASSED] - script = "return arguments[0].nextSibling.textContent;": null

12-10-2024T21:58:34 - [TEST_STEP][PASSED] - nextTextNodeContent = js.executeScript(script, startElement): null

12-10-2024T21:58:34 - [TEST_STEP][PASSED] - out.println("Thu ho " + nextTextNodeContent): null

12-10-2024T21:58:34 - [TEST_STEP][PASSED] - numericString = nextTextNodeContent.replaceAll("[^0-9]", ""): null

12-10-2024T21:58:34 - [TEST_STEP][PASSED] - thuHo = Integer.parseInt(numericString): null

12-10-2024T21:58:34 - [TEST_STEP][PASSED] - out.println("Thu ho " + thuHo): null

12-10-2024T21:58:34 - [TEST_STEP][PASSED] - xpath(xpathBtnDeposit)).click(): null

12-10-2024T21:58:35 - [TEST_STEP][PASSED] - wait.until(ExpectedConditions.visibilityOfElementLocated(By.xpath(xpathTextAccount))): null

12-10-2024T21:58:41 - [TEST_STEP][PASSED] - xpath(xpathChonVi)).click(): null

12-10-2024T21:58:41 - [TEST_STEP][PASSED] - xpath(xpathThuHo3)).click(): null

12-10-2024T21:58:41 - [TEST_STEP][PASSED] - xpath(xpathDay)).click(): null

12-10-2024T21:58:42 - [TEST_STEP][PASSED] - xpath(xpathHomNay)).click(): null

12-10-2024T21:58:42 - [TEST_STEP][PASSED] - xpath(xpathBtnContinue)).click(): null

12-10-2024T21:58:42 - [TEST_STEP][ERROR] - xpath(BtnOkXpath)).click(): Test Cases/Quản lý tài khoản merchant/Quản lý danh sách tài khoản/Nạp tiền/TC_09_Kiểm tra khi chọn ví đúng và chọn kỳ đối soát đã tồn tại trước đó FAILED.
Reason:
org.openqa.selenium.NoSuchElementException: no such element: Unable to locate element: {"method":"xpath","selector":"//button[contains(text(),'Đồng ý')]"}
  (Session info: chrome=129.0.6668.91)
For documentation on this error, please visit: https://www.seleniumhq.org/exceptions/no_such_element.html
Build info: version: '3.141.59', revision: 'unknown', time: 'unknown'
System info: host: 'Aidan', ip: '2405:4803:fd90:9ef0:35c5:6ea1:b1e8:64e8%en0', os.name: 'Mac OS X', os.arch: 'aarch64', os.version: '15.0.1', java.version: '17.0.7'
Driver info: com.kms.katalon.selenium.driver.CChromeDriver
Capabilities {acceptInsecureCerts: false, browserName: chrome, browserVersion: 129.0.6668.91, chrome: {chromedriverVersion: 128.0.6613.84 (606aa55c7d68..., userDataDir: /var/folders/t5/b7k67ybj7gz...}, fedcm:accounts: true, goog:chromeOptions: {debuggerAddress: localhost:50902}, javascriptEnabled: true, networkConnectionEnabled: false, pageLoadStrategy: normal, platform: MAC, platformName: MAC, proxy: Proxy(), setWindowRect: true, strictFileInteractability: false, timeouts: {implicit: 0, pageLoad: 300000, script: 30000}, unhandledPromptBehavior: dismiss and notify, webauthn:extension:credBlob: true, webauthn:extension:largeBlob: true, webauthn:extension:minPinLength: true, webauthn:extension:prf: true, webauthn:virtualAuthenticators: true}
Session ID: 0397c172138dccce7d038a421ebadcdb
*** Element info: {Using=xpath, value=//button[contains(text(),'Đồng ý')]}
	at jdk.internal.reflect.GeneratedConstructorAccessor22.newInstance(Unknown Source)
	at java.base/jdk.internal.reflect.DelegatingConstructorAccessorImpl.newInstance(DelegatingConstructorAccessorImpl.java:45)
	at org.openqa.selenium.remote.http.W3CHttpResponseCodec.createException(W3CHttpResponseCodec.java:187)
	at org.openqa.selenium.remote.http.W3CHttpResponseCodec.decode(W3CHttpResponseCodec.java:122)
	at org.openqa.selenium.remote.http.W3CHttpResponseCodec.decode(W3CHttpResponseCodec.java:49)
	at org.openqa.selenium.remote.HttpCommandExecutor.execute(HttpCommandExecutor.java:158)
	at org.openqa.selenium.remote.service.DriverCommandExecutor.execute(DriverCommandExecutor.java:83)
	at org.openqa.selenium.remote.RemoteWebDriver.execute(RemoteWebDriver.java:552)
	at com.kms.katalon.selenium.driver.CChromeDriver.execute(CChromeDriver.java:19)
	at org.openqa.selenium.remote.RemoteWebDriver.findElement(RemoteWebDriver.java:323)
	at org.openqa.selenium.remote.RemoteWebDriver.findElementByXPath(RemoteWebDriver.java:428)
	at org.openqa.selenium.By$ByXPath.findElement(By.java:353)
	at org.openqa.selenium.remote.RemoteWebDriver.findElement(RemoteWebDriver.java:315)
	at jdk.internal.reflect.GeneratedMethodAccessor9.invoke(Unknown Source)
	at java.base/jdk.internal.reflect.DelegatingMethodAccessorImpl.invoke(DelegatingMethodAccessorImpl.java:43)
	at org.openqa.selenium.support.events.EventFiringWebDriver.lambda$new$1(EventFiringWebDriver.java:105)
	at jdk.proxy2/jdk.proxy2.$Proxy22.findElement(Unknown Source)
	at org.openqa.selenium.support.events.EventFiringWebDriver.findElement(EventFiringWebDriver.java:194)
	at TC_09_Kiểm tra khi chọn ví đúng và chọn kỳ đối soát đã tồn tại trước đó.run(TC_09_Kiểm tra khi chọn ví đúng và chọn kỳ đối soát đã tồn tại trước đó:50)
	at com.kms.katalon.core.main.ScriptEngine.run(ScriptEngine.java:194)
	at com.kms.katalon.core.main.ScriptEngine.runScriptAsRawText(ScriptEngine.java:119)
	at com.kms.katalon.core.main.TestCaseExecutor.runScript(TestCaseExecutor.java:448)
	at com.kms.katalon.core.main.TestCaseExecutor.doExecute(TestCaseExecutor.java:439)
	at com.kms.katalon.core.main.TestCaseExecutor.processExecutionPhase(TestCaseExecutor.java:418)
	at com.kms.katalon.core.main.TestCaseExecutor.accessMainPhase(TestCaseExecutor.java:410)
	at com.kms.katalon.core.main.TestCaseExecutor.execute(TestCaseExecutor.java:285)
	at com.kms.katalon.core.common.CommonExecutor.accessTestCaseMainPhase(CommonExecutor.java:65)
	at com.kms.katalon.core.main.TestSuiteExecutor.accessTestSuiteMainPhase(TestSuiteExecutor.java:150)
	at com.kms.katalon.core.main.TestSuiteExecutor.execute(TestSuiteExecutor.java:106)
	at com.kms.katalon.core.main.TestCaseMain.startTestSuite(TestCaseMain.java:180)
	at TempTestSuite1728744778676.run(TempTestSuite1728744778676.groovy:35)
	at java.base/jdk.internal.reflect.NativeMethodAccessorImpl.invoke0(Native Method)
	at java.base/jdk.internal.reflect.NativeMethodAccessorImpl.invoke(NativeMethodAccessorImpl.java:77)
	at java.base/jdk.internal.reflect.DelegatingMethodAccessorImpl.invoke(DelegatingMethodAccessorImpl.java:43)


12-10-2024T21:58:43 - [MESSAGE][ERROR] - Test Cases/Quản lý tài khoản merchant/Quản lý danh sách tài khoản/Nạp tiền/TC_09_Kiểm tra khi chọn ví đúng và chọn kỳ đối soát đã tồn tại trước đó FAILED.
Reason:
org.openqa.selenium.NoSuchElementException: no such element: Unable to locate element: {"method":"xpath","selector":"//button[contains(text(),'Đồng ý')]"}
  (Session info: chrome=129.0.6668.91)
For documentation on this error, please visit: https://www.seleniumhq.org/exceptions/no_such_element.html
Build info: version: '3.141.59', revision: 'unknown', time: 'unknown'
System info: host: 'Aidan', ip: '2405:4803:fd90:9ef0:35c5:6ea1:b1e8:64e8%en0', os.name: 'Mac OS X', os.arch: 'aarch64', os.version: '15.0.1', java.version: '17.0.7'
Driver info: com.kms.katalon.selenium.driver.CChromeDriver
Capabilities {acceptInsecureCerts: false, browserName: chrome, browserVersion: 129.0.6668.91, chrome: {chromedriverVersion: 128.0.6613.84 (606aa55c7d68..., userDataDir: /var/folders/t5/b7k67ybj7gz...}, fedcm:accounts: true, goog:chromeOptions: {debuggerAddress: localhost:50902}, javascriptEnabled: true, networkConnectionEnabled: false, pageLoadStrategy: normal, platform: MAC, platformName: MAC, proxy: Proxy(), setWindowRect: true, strictFileInteractability: false, timeouts: {implicit: 0, pageLoad: 300000, script: 30000}, unhandledPromptBehavior: dismiss and notify, webauthn:extension:credBlob: true, webauthn:extension:largeBlob: true, webauthn:extension:minPinLength: true, webauthn:extension:prf: true, webauthn:virtualAuthenticators: true}
Session ID: 0397c172138dccce7d038a421ebadcdb
*** Element info: {Using=xpath, value=//button[contains(text(),'Đồng ý')]}
	at jdk.internal.reflect.GeneratedConstructorAccessor22.newInstance(Unknown Source)
	at java.base/jdk.internal.reflect.DelegatingConstructorAccessorImpl.newInstance(DelegatingConstructorAccessorImpl.java:45)
	at org.openqa.selenium.remote.http.W3CHttpResponseCodec.createException(W3CHttpResponseCodec.java:187)
	at org.openqa.selenium.remote.http.W3CHttpResponseCodec.decode(W3CHttpResponseCodec.java:122)
	at org.openqa.selenium.remote.http.W3CHttpResponseCodec.decode(W3CHttpResponseCodec.java:49)
	at org.openqa.selenium.remote.HttpCommandExecutor.execute(HttpCommandExecutor.java:158)
	at org.openqa.selenium.remote.service.DriverCommandExecutor.execute(DriverCommandExecutor.java:83)
	at org.openqa.selenium.remote.RemoteWebDriver.execute(RemoteWebDriver.java:552)
	at com.kms.katalon.selenium.driver.CChromeDriver.execute(CChromeDriver.java:19)
	at org.openqa.selenium.remote.RemoteWebDriver.findElement(RemoteWebDriver.java:323)
	at org.openqa.selenium.remote.RemoteWebDriver.findElementByXPath(RemoteWebDriver.java:428)
	at org.openqa.selenium.By$ByXPath.findElement(By.java:353)
	at org.openqa.selenium.remote.RemoteWebDriver.findElement(RemoteWebDriver.java:315)
	at jdk.internal.reflect.GeneratedMethodAccessor9.invoke(Unknown Source)
	at java.base/jdk.internal.reflect.DelegatingMethodAccessorImpl.invoke(DelegatingMethodAccessorImpl.java:43)
	at org.openqa.selenium.support.events.EventFiringWebDriver.lambda$new$1(EventFiringWebDriver.java:105)
	at jdk.proxy2/jdk.proxy2.$Proxy22.findElement(Unknown Source)
	at org.openqa.selenium.support.events.EventFiringWebDriver.findElement(EventFiringWebDriver.java:194)
	at TC_09_Kiểm tra khi chọn ví đúng và chọn kỳ đối soát đã tồn tại trước đó.run(TC_09_Kiểm tra khi chọn ví đúng và chọn kỳ đối soát đã tồn tại trước đó:50)
	at com.kms.katalon.core.main.ScriptEngine.run(ScriptEngine.java:194)
	at com.kms.katalon.core.main.ScriptEngine.runScriptAsRawText(ScriptEngine.java:119)
	at com.kms.katalon.core.main.TestCaseExecutor.runScript(TestCaseExecutor.java:448)
	at com.kms.katalon.core.main.TestCaseExecutor.doExecute(TestCaseExecutor.java:439)
	at com.kms.katalon.core.main.TestCaseExecutor.processExecutionPhase(TestCaseExecutor.java:418)
	at com.kms.katalon.core.main.TestCaseExecutor.accessMainPhase(TestCaseExecutor.java:410)
	at com.kms.katalon.core.main.TestCaseExecutor.execute(TestCaseExecutor.java:285)
	at com.kms.katalon.core.common.CommonExecutor.accessTestCaseMainPhase(CommonExecutor.java:65)
	at com.kms.katalon.core.main.TestSuiteExecutor.accessTestSuiteMainPhase(TestSuiteExecutor.java:150)
	at com.kms.katalon.core.main.TestSuiteExecutor.execute(TestSuiteExecutor.java:106)
	at com.kms.katalon.core.main.TestCaseMain.startTestSuite(TestCaseMain.java:180)
	at TempTestSuite1728744778676.run(TempTestSuite1728744778676.groovy:35)
	at java.base/jdk.internal.reflect.NativeMethodAccessorImpl.invoke0(Native Method)
	at java.base/jdk.internal.reflect.NativeMethodAccessorImpl.invoke(NativeMethodAccessorImpl.java:77)
	at java.base/jdk.internal.reflect.DelegatingMethodAccessorImpl.invoke(DelegatingMethodAccessorImpl.java:43)


12-10-2024T21:58:43 - [TEST_STEP][PASSED] - Start listener action : sampleAfterTestCase: null

12-10-2024T21:58:43 - [TEST_STEP][PASSED] - testCaseId = testCaseContext.getTestCaseId(): null

12-10-2024T21:58:43 - [TEST_STEP][PASSED] - if (testCaseId == "Test Cases/Quản lý tài khoản merchant/Quản lý dịch vụ merchant/TC_13_Kiểm tra chức năng xác nhận cấu hình thay đổi VA"): null]]></system-out>
         <system-err><![CDATA[12-10-2024T21:58:17 - [TEST_CASE][ERROR] - Test Cases/Quản lý tài khoản merchant/Quản lý danh sách tài khoản/Nạp tiền/TC_09_Kiểm tra khi chọn ví đúng và chọn kỳ đối soát đã tồn tại trước đó: Test Cases/Quản lý tài khoản merchant/Quản lý danh sách tài khoản/Nạp tiền/TC_09_Kiểm tra khi chọn ví đúng và chọn kỳ đối soát đã tồn tại trước đó FAILED.
Reason:
org.openqa.selenium.NoSuchElementException: no such element: Unable to locate element: {"method":"xpath","selector":"//button[contains(text(),'Đồng ý')]"}
  (Session info: chrome=129.0.6668.91)
For documentation on this error, please visit: https://www.seleniumhq.org/exceptions/no_such_element.html
Build info: version: '3.141.59', revision: 'unknown', time: 'unknown'
System info: host: 'Aidan', ip: '2405:4803:fd90:9ef0:35c5:6ea1:b1e8:64e8%en0', os.name: 'Mac OS X', os.arch: 'aarch64', os.version: '15.0.1', java.version: '17.0.7'
Driver info: com.kms.katalon.selenium.driver.CChromeDriver
Capabilities {acceptInsecureCerts: false, browserName: chrome, browserVersion: 129.0.6668.91, chrome: {chromedriverVersion: 128.0.6613.84 (606aa55c7d68..., userDataDir: /var/folders/t5/b7k67ybj7gz...}, fedcm:accounts: true, goog:chromeOptions: {debuggerAddress: localhost:50902}, javascriptEnabled: true, networkConnectionEnabled: false, pageLoadStrategy: normal, platform: MAC, platformName: MAC, proxy: Proxy(), setWindowRect: true, strictFileInteractability: false, timeouts: {implicit: 0, pageLoad: 300000, script: 30000}, unhandledPromptBehavior: dismiss and notify, webauthn:extension:credBlob: true, webauthn:extension:largeBlob: true, webauthn:extension:minPinLength: true, webauthn:extension:prf: true, webauthn:virtualAuthenticators: true}
Session ID: 0397c172138dccce7d038a421ebadcdb
*** Element info: {Using=xpath, value=//button[contains(text(),'Đồng ý')]}
	at jdk.internal.reflect.GeneratedConstructorAccessor22.newInstance(Unknown Source)
	at java.base/jdk.internal.reflect.DelegatingConstructorAccessorImpl.newInstance(DelegatingConstructorAccessorImpl.java:45)
	at org.openqa.selenium.remote.http.W3CHttpResponseCodec.createException(W3CHttpResponseCodec.java:187)
	at org.openqa.selenium.remote.http.W3CHttpResponseCodec.decode(W3CHttpResponseCodec.java:122)
	at org.openqa.selenium.remote.http.W3CHttpResponseCodec.decode(W3CHttpResponseCodec.java:49)
	at org.openqa.selenium.remote.HttpCommandExecutor.execute(HttpCommandExecutor.java:158)
	at org.openqa.selenium.remote.service.DriverCommandExecutor.execute(DriverCommandExecutor.java:83)
	at org.openqa.selenium.remote.RemoteWebDriver.execute(RemoteWebDriver.java:552)
	at com.kms.katalon.selenium.driver.CChromeDriver.execute(CChromeDriver.java:19)
	at org.openqa.selenium.remote.RemoteWebDriver.findElement(RemoteWebDriver.java:323)
	at org.openqa.selenium.remote.RemoteWebDriver.findElementByXPath(RemoteWebDriver.java:428)
	at org.openqa.selenium.By$ByXPath.findElement(By.java:353)
	at org.openqa.selenium.remote.RemoteWebDriver.findElement(RemoteWebDriver.java:315)
	at jdk.internal.reflect.GeneratedMethodAccessor9.invoke(Unknown Source)
	at java.base/jdk.internal.reflect.DelegatingMethodAccessorImpl.invoke(DelegatingMethodAccessorImpl.java:43)
	at org.openqa.selenium.support.events.EventFiringWebDriver.lambda$new$1(EventFiringWebDriver.java:105)
	at jdk.proxy2/jdk.proxy2.$Proxy22.findElement(Unknown Source)
	at org.openqa.selenium.support.events.EventFiringWebDriver.findElement(EventFiringWebDriver.java:194)
	at TC_09_Kiểm tra khi chọn ví đúng và chọn kỳ đối soát đã tồn tại trước đó.run(TC_09_Kiểm tra khi chọn ví đúng và chọn kỳ đối soát đã tồn tại trước đó:50)
	at com.kms.katalon.core.main.ScriptEngine.run(ScriptEngine.java:194)
	at com.kms.katalon.core.main.ScriptEngine.runScriptAsRawText(ScriptEngine.java:119)
	at com.kms.katalon.core.main.TestCaseExecutor.runScript(TestCaseExecutor.java:448)
	at com.kms.katalon.core.main.TestCaseExecutor.doExecute(TestCaseExecutor.java:439)
	at com.kms.katalon.core.main.TestCaseExecutor.processExecutionPhase(TestCaseExecutor.java:418)
	at com.kms.katalon.core.main.TestCaseExecutor.accessMainPhase(TestCaseExecutor.java:410)
	at com.kms.katalon.core.main.TestCaseExecutor.execute(TestCaseExecutor.java:285)
	at com.kms.katalon.core.common.CommonExecutor.accessTestCaseMainPhase(CommonExecutor.java:65)
	at com.kms.katalon.core.main.TestSuiteExecutor.accessTestSuiteMainPhase(TestSuiteExecutor.java:150)
	at com.kms.katalon.core.main.TestSuiteExecutor.execute(TestSuiteExecutor.java:106)
	at com.kms.katalon.core.main.TestCaseMain.startTestSuite(TestCaseMain.java:180)
	at TempTestSuite1728744778676.run(TempTestSuite1728744778676.groovy:35)
	at java.base/jdk.internal.reflect.NativeMethodAccessorImpl.invoke0(Native Method)
	at java.base/jdk.internal.reflect.NativeMethodAccessorImpl.invoke(NativeMethodAccessorImpl.java:77)
	at java.base/jdk.internal.reflect.DelegatingMethodAccessorImpl.invoke(DelegatingMethodAccessorImpl.java:43)]]></system-err>
      </testcase>
      <testcase name="Test Cases/Quản lý tài khoản merchant/Quản lý danh sách tài khoản/Nạp tiền/TC_10_Kiểm tra khi chọn ví đúng và chọn loại giao dịch là hoàn phí" time="44.642" classname="Test Cases/Quản lý tài khoản merchant/Quản lý danh sách tài khoản/Nạp tiền/TC_10_Kiểm tra khi chọn ví đúng và chọn loại giao dịch là hoàn phí" status="PASSED">
         <system-out><![CDATA[12-10-2024T21:58:43 - [TEST_CASE][PASSED] - Test Cases/Quản lý tài khoản merchant/Quản lý danh sách tài khoản/Nạp tiền/TC_10_Kiểm tra khi chọn ví đúng và chọn loại giao dịch là hoàn phí: Test Cases/Quản lý tài khoản merchant/Quản lý danh sách tài khoản/Nạp tiền/TC_10_Kiểm tra khi chọn ví đúng và chọn loại giao dịch là hoàn phí

12-10-2024T21:58:43 - [TEST_STEP][PASSED] - Start listener action : sampleBeforeTestCase: Navigate to 'https://stg-cms-console.9pay.mobi/login' successfully

12-10-2024T21:58:43 - [TEST_STEP][PASSED] - testCaseId = testCaseContext.getTestCaseId(): null

12-10-2024T21:58:43 - [TEST_STEP][PASSED] - url = <not implemented yet for class: org.codehaus.groovy.ast.expr.EmptyExpression>: null

12-10-2024T21:58:43 - [TEST_STEP][PASSED] - if (testCaseId == "Test Cases/Quản lý tài khoản merchant/Quản lý dịch vụ merchant/TC_14_Kiểm tra thay đổi sau khi cấu hình VA trên MCV"): null

12-10-2024T21:58:43 - [TEST_STEP][PASSED] - else: null

12-10-2024T21:58:43 - [TEST_STEP][PASSED] - url = "https://stg-cms-console.9pay.mobi/login": null

12-10-2024T21:58:43 - [TEST_STEP][PASSED] - openBrowser(""): Browser is opened with url: ''

12-10-2024T21:58:43 - [MESSAGE][WARNING] - A browser is already opened. Closing browser and opening a new one

12-10-2024T21:58:43 - [MESSAGE][INFO] - Starting 'Chrome' driver

12-10-2024T21:58:43 - [MESSAGE][INFO] - Action delay is set to 0 milliseconds

12-10-2024T21:58:44 - [MESSAGE][PASSED] - Browser is opened with url: ''

12-10-2024T21:58:44 - [TEST_STEP][PASSED] - maximizeWindow(): Current window maximized

12-10-2024T21:58:44 - [MESSAGE][PASSED] - Current window maximized

12-10-2024T21:58:44 - [TEST_STEP][PASSED] - navigateToUrl(url): Navigate to 'https://stg-cms-console.9pay.mobi/login' successfully

12-10-2024T21:58:47 - [MESSAGE][PASSED] - Navigate to 'https://stg-cms-console.9pay.mobi/login' successfully

12-10-2024T21:58:47 - [TEST_STEP][PASSED] - driver = getWebDriver(): null

12-10-2024T21:58:47 - [TEST_STEP][PASSED] - callTestCase(findTestCase("Test Cases/Login/LoginCommon"), [:], STOP_ON_FAILURE): Call Test Case 'Test Cases/Login/LoginCommon' successfully

12-10-2024T21:58:47 - [TEST_CASE][PASSED] - Test Cases/Login/LoginCommon: Test Cases/Login/LoginCommon

12-10-2024T21:58:47 - [TEST_STEP][PASSED] - driver = getWebDriver(): null

12-10-2024T21:58:47 - [TEST_STEP][PASSED] - sendKeys(findTestObject("Quản lý tài khoản merchant/Quản lý dịch vụ merchant/userNameTextbox"), userAccount): Keys 'dannt@9pay.vn' sent to object: 'Object Repository/Quản lý tài khoản merchant/Quản lý dịch vụ merchant/userNameTextbox'

12-10-2024T21:58:47 - [MESSAGE][PASSED] - Keys 'dannt@9pay.vn' sent to object: 'Object Repository/Quản lý tài khoản merchant/Quản lý dịch vụ merchant/userNameTextbox'

12-10-2024T21:58:47 - [TEST_STEP][PASSED] - sendKeys(findTestObject("Quản lý tài khoản merchant/Quản lý dịch vụ merchant/passwordTextbox"), password): Keys 'dannt@9pay.vn' sent to object: 'Object Repository/Quản lý tài khoản merchant/Quản lý dịch vụ merchant/passwordTextbox'

12-10-2024T21:58:47 - [MESSAGE][PASSED] - Keys 'dannt@9pay.vn' sent to object: 'Object Repository/Quản lý tài khoản merchant/Quản lý dịch vụ merchant/passwordTextbox'

12-10-2024T21:58:47 - [TEST_STEP][PASSED] - click(findTestObject("Quản lý tài khoản merchant/Quản lý dịch vụ merchant/loginButton")): Object: 'Object Repository/Quản lý tài khoản merchant/Quản lý dịch vụ merchant/loginButton' is clicked on

12-10-2024T21:58:48 - [MESSAGE][PASSED] - Object: 'Object Repository/Quản lý tài khoản merchant/Quản lý dịch vụ merchant/loginButton' is clicked on

12-10-2024T21:58:48 - [MESSAGE][PASSED] - Call Test Case 'Test Cases/Login/LoginCommon' successfully

12-10-2024T21:58:48 - [TEST_STEP][PASSED] - waitForElementVisible(findTestObject("Trang chủ/userName"), 10, STOP_ON_FAILURE): Object 'Object Repository/Trang chủ/userName' is visible

12-10-2024T21:58:51 - [MESSAGE][PASSED] - Object 'Object Repository/Trang chủ/userName' is visible

12-10-2024T21:58:51 - [TEST_STEP][PASSED] - callTestCase(findTestCase("Test Cases/Quản lý tài khoản merchant/Quản lý danh sách tài khoản/CustomFunctions Deposit"), [:], STOP_ON_FAILURE): Call Test Case 'Test Cases/Quản lý tài khoản merchant/Quản lý danh sách tài khoản/CustomFunctions Deposit' successfully

12-10-2024T21:58:51 - [TEST_CASE][PASSED] - Test Cases/Quản lý tài khoản merchant/Quản lý danh sách tài khoản/CustomFunctions Deposit: Test Cases/Quản lý tài khoản merchant/Quản lý danh sách tài khoản/CustomFunctions Deposit

12-10-2024T21:58:51 - [TEST_STEP][PASSED] - driver = getWebDriver(): null

12-10-2024T21:58:51 - [TEST_STEP][PASSED] - element1 = driver.findElement(By.xpath("//span[contains(text(),'Quản lý tài khoản merchant')]")): null

12-10-2024T21:58:51 - [TEST_STEP][PASSED] - actions = new org.openqa.selenium.interactions.Actions(driver): null

12-10-2024T21:58:51 - [TEST_STEP][PASSED] - click().perform(): null

12-10-2024T21:58:51 - [TEST_STEP][PASSED] - wait = new org.openqa.selenium.support.ui.WebDriverWait(com.kms.katalon.core.webui.driver.DriverFactory.getWebDriver(), 15): null

12-10-2024T21:58:51 - [TEST_STEP][PASSED] - xpath(xpathManagerListAccount))).click(): null

12-10-2024T21:58:52 - [MESSAGE][PASSED] - Call Test Case 'Test Cases/Quản lý tài khoản merchant/Quản lý danh sách tài khoản/CustomFunctions Deposit' successfully

12-10-2024T21:58:52 - [TEST_STEP][PASSED] - wait = new org.openqa.selenium.support.ui.WebDriverWait(com.kms.katalon.core.webui.driver.DriverFactory.getWebDriver(), 20): null

12-10-2024T21:58:52 - [TEST_STEP][PASSED] - userCode = wait.until(ExpectedConditions.visibilityOfElementLocated(By.xpath(xpathUserCode))): null

12-10-2024T21:58:55 - [TEST_STEP][PASSED] - println(userCode.getText()): null

12-10-2024T21:58:55 - [TEST_STEP][PASSED] - xpath(xpathBtnAccount))).click(): null

12-10-2024T21:58:55 - [TEST_STEP][PASSED] - searchTextbox = wait.until(ExpectedConditions.elementToBeClickable(By.xpath(xpathSearchTextbox))): null

12-10-2024T21:58:55 - [TEST_STEP][PASSED] - searchTextbox.sendKeys("dannt11"): null

12-10-2024T21:58:55 - [TEST_STEP][PASSED] - xpath(xpathOption)).click(): null

12-10-2024T21:58:56 - [TEST_STEP][PASSED] - xpath(xpathBtnSearch)).click(): null

12-10-2024T21:58:56 - [TEST_STEP][PASSED] - wait.until(ExpectedConditions.visibilityOfElementLocated(By.xpath(xpathAccountName))): null

12-10-2024T21:58:57 - [TEST_STEP][PASSED] - startElement = driver.findElement(By.xpath("//strong[contains(text(),'Thu hộ:')]")): null

12-10-2024T21:58:57 - [TEST_STEP][PASSED] - js = driver: null

12-10-2024T21:58:57 - [TEST_STEP][PASSED] - script = "return arguments[0].nextSibling.textContent;": null

12-10-2024T21:58:57 - [TEST_STEP][PASSED] - nextTextNodeContent = js.executeScript(script, startElement): null

12-10-2024T21:58:57 - [TEST_STEP][PASSED] - out.println("Thu ho " + nextTextNodeContent): null

12-10-2024T21:58:57 - [TEST_STEP][PASSED] - numericString = nextTextNodeContent.replaceAll("[^0-9]", ""): null

12-10-2024T21:58:57 - [TEST_STEP][PASSED] - thuHo = Integer.parseInt(numericString): null

12-10-2024T21:58:57 - [TEST_STEP][PASSED] - out.println("Thu ho " + thuHo): null

12-10-2024T21:58:57 - [TEST_STEP][PASSED] - xpath(xpathBtnDeposit)).click(): null

12-10-2024T21:58:57 - [TEST_STEP][PASSED] - wait.until(ExpectedConditions.visibilityOfElementLocated(By.xpath(xpathTextAccount))): null

12-10-2024T21:59:08 - [TEST_STEP][PASSED] - xpath(xpathChonVi)).click(): null

12-10-2024T21:59:09 - [TEST_STEP][PASSED] - xpath(xpathThuHo3)).click(): null

12-10-2024T21:59:09 - [TEST_STEP][PASSED] - xpath(xpathOptionNapTien)).click(): null

12-10-2024T21:59:09 - [TEST_STEP][PASSED] - xpath(xpathOptionHoanPhi)).click(): null

12-10-2024T21:59:10 - [TEST_STEP][PASSED] - xpath(xpathDay)).click(): null

12-10-2024T21:59:10 - [TEST_STEP][PASSED] - xpath(xpathHomNay)).click(): null

12-10-2024T21:59:11 - [TEST_STEP][PASSED] - xpath(xpathBtnContinue)).click(): null

12-10-2024T21:59:11 - [TEST_STEP][PASSED] - xpath(xpathDepositTextbox)).sendKeys("150000"): null

12-10-2024T21:59:12 - [TEST_STEP][PASSED] - xpath(xpathButtonSubmit)).click(): null

12-10-2024T21:59:12 - [TEST_STEP][PASSED] - wait.until(ExpectedConditions.elementToBeClickable(By.xpath(xpathDuyetGDNap))): null

12-10-2024T21:59:14 - [TEST_STEP][PASSED] - startElement1 = driver.findElement(By.xpath(xpathDuyetGDNap)): null

12-10-2024T21:59:14 - [TEST_STEP][PASSED] - js.executeScript("arguments[0].scrollIntoView(false);", driver.findElement(By.xpath(xpathDuyetGDNap))): null

12-10-2024T21:59:14 - [TEST_STEP][PASSED] - xpath(xpathButtonApprove)).click(): null

12-10-2024T21:59:15 - [TEST_STEP][PASSED] - Thread.sleep(1000): null

12-10-2024T21:59:16 - [TEST_STEP][PASSED] - xpath(xpathCfBtn)).click(): null

12-10-2024T21:59:16 - [TEST_STEP][PASSED] - xpath(xpathBtnOk)).click(): null

12-10-2024T21:59:17 - [TEST_STEP][PASSED] - loaiGiaodich = xpath(xpathHoanPhi))).getText(): null

12-10-2024T21:59:17 - [TEST_STEP][PASSED] - Assert.assertEquals(loaiGiaodich, "Hoàn phí"): null

12-10-2024T21:59:17 - [TEST_STEP][PASSED] - callTestCase(findTestCase("Test Cases/Quản lý tài khoản merchant/Quản lý danh sách tài khoản/CustomFunctions.groovy"), [:], STOP_ON_FAILURE): Call Test Case 'Test Cases/Quản lý tài khoản merchant/Quản lý danh sách tài khoản/CustomFunctions.groovy' successfully

12-10-2024T21:59:17 - [TEST_CASE][PASSED] - Test Cases/Quản lý tài khoản merchant/Quản lý danh sách tài khoản/CustomFunctions.groovy: Test Cases/Quản lý tài khoản merchant/Quản lý danh sách tài khoản/CustomFunctions.groovy

12-10-2024T21:59:17 - [TEST_STEP][PASSED] - driver = getWebDriver(): null

12-10-2024T21:59:17 - [TEST_STEP][PASSED] - sleep(2000): null

12-10-2024T21:59:19 - [TEST_STEP][PASSED] - element1 = driver.findElement(By.xpath(xpathManagerMC)): null

12-10-2024T21:59:20 - [TEST_STEP][PASSED] - actions = new org.openqa.selenium.interactions.Actions(driver): null

12-10-2024T21:59:20 - [TEST_STEP][PASSED] - click().perform(): null

12-10-2024T21:59:20 - [TEST_STEP][PASSED] - wait = new org.openqa.selenium.support.ui.WebDriverWait(com.kms.katalon.core.webui.driver.DriverFactory.getWebDriver(), 20): null

12-10-2024T21:59:20 - [TEST_STEP][PASSED] - element2 = wait.until(ExpectedConditions.elementToBeClickable(By.xpath(xpathManagerListAccount))): null

12-10-2024T21:59:20 - [TEST_STEP][PASSED] - click().perform(): null

12-10-2024T21:59:20 - [TEST_STEP][PASSED] - wait.until(ExpectedConditions.visibilityOfElementLocated(By.xpath(xpathUserCode))): null

12-10-2024T21:59:23 - [TEST_STEP][PASSED] - xpath(xpathBtnAccount))).click(): null

12-10-2024T21:59:24 - [TEST_STEP][PASSED] - searchTextbox = wait.until(ExpectedConditions.elementToBeClickable(By.xpath(xpathSearchTextbox))): null

12-10-2024T21:59:24 - [TEST_STEP][PASSED] - searchTextbox.sendKeys("dannt11"): null

12-10-2024T21:59:24 - [TEST_STEP][PASSED] - xpath(xpathOption)).click(): null

12-10-2024T21:59:24 - [TEST_STEP][PASSED] - xpath(xpathBtnSearch)).click(): null

12-10-2024T21:59:25 - [TEST_STEP][PASSED] - Assert.assertEquals(xpath(xpathAccountName)).getText(), username): null

12-10-2024T21:59:26 - [TEST_STEP][PASSED] - xpath(xpathUser)).click(): null

12-10-2024T21:59:26 - [TEST_STEP][PASSED] - xpath(xpathSearchTextbox)).sendKeys("dannt21"): null

12-10-2024T21:59:26 - [TEST_STEP][PASSED] - xpath(xpathClicked)).click(): null

12-10-2024T21:59:27 - [TEST_STEP][PASSED] - xpath(xpathBtnSearch)).click(): null

12-10-2024T21:59:27 - [MESSAGE][PASSED] - Call Test Case 'Test Cases/Quản lý tài khoản merchant/Quản lý danh sách tài khoản/CustomFunctions.groovy' successfully

12-10-2024T21:59:27 - [TEST_STEP][PASSED] - startElementAf = driver.findElement(By.xpath(xpathThuHoBtn)): null

12-10-2024T21:59:28 - [TEST_STEP][PASSED] - jsAf = driver: null

12-10-2024T21:59:28 - [TEST_STEP][PASSED] - scriptAf = "return arguments[0].nextSibling.textContent;": null

12-10-2024T21:59:28 - [TEST_STEP][PASSED] - balanceStrAf = jsAf.executeScript(scriptAf, startElementAf): null

12-10-2024T21:59:28 - [TEST_STEP][PASSED] - numericStringAf = balanceStrAf.replaceAll("[^0-9]", ""): null

12-10-2024T21:59:28 - [TEST_STEP][PASSED] - balanceAf = Integer.parseInt(numericStringAf): null

12-10-2024T21:59:28 - [TEST_STEP][PASSED] - out.println("Thu ho " + balanceAf): null

12-10-2024T21:59:28 - [TEST_STEP][PASSED] - if (balanceAf == thuHo + 150000): Test case đã pass với số tiền đã được cộng đúng.

12-10-2024T21:59:28 - [TEST_STEP][PASSED] - println("Số tiền đã đúng "): null

12-10-2024T21:59:28 - [TEST_STEP][PASSED] - markPassed("Test case đã pass với số tiền đã được cộng đúng."): Test case đã pass với số tiền đã được cộng đúng.

12-10-2024T21:59:28 - [MESSAGE][PASSED] - Test case đã pass với số tiền đã được cộng đúng.

12-10-2024T21:59:28 - [TEST_STEP][PASSED] - Start listener action : sampleAfterTestCase: null

12-10-2024T21:59:28 - [TEST_STEP][PASSED] - testCaseId = testCaseContext.getTestCaseId(): null

12-10-2024T21:59:28 - [TEST_STEP][PASSED] - if (testCaseId == "Test Cases/Quản lý tài khoản merchant/Quản lý dịch vụ merchant/TC_13_Kiểm tra chức năng xác nhận cấu hình thay đổi VA"): null]]></system-out>
         <system-err><![CDATA[]]></system-err>
      </testcase>
      <testcase name="Test Cases/Quản lý tài khoản merchant/Quản lý danh sách tài khoản/Nạp tiền/TC_11_Kiểm tra khi hoàn tiền sau khi đã duyệt" time="39.449" classname="Test Cases/Quản lý tài khoản merchant/Quản lý danh sách tài khoản/Nạp tiền/TC_11_Kiểm tra khi hoàn tiền sau khi đã duyệt" status="ERROR">
         <error type="ERROR" message="Test Cases/Quản lý tài khoản merchant/Quản lý danh sách tài khoản/Nạp tiền/TC_11_Kiểm tra khi hoàn tiền sau khi đã duyệt FAILED.&#xa;Reason:&#xa;org.openqa.selenium.NoSuchElementException: no such element: Unable to locate element: {&quot;method&quot;:&quot;xpath&quot;,&quot;selector&quot;:&quot;//button[contains(text(),'Đồng ý')]&quot;}&#xa;  (Session info: chrome=129.0.6668.91)&#xa;For documentation on this error, please visit: https://www.seleniumhq.org/exceptions/no_such_element.html&#xa;Build info: version: '3.141.59', revision: 'unknown', time: 'unknown'&#xa;System info: host: 'Aidan', ip: '2405:4803:fd90:9ef0:35c5:6ea1:b1e8:64e8%en0', os.name: 'Mac OS X', os.arch: 'aarch64', os.version: '15.0.1', java.version: '17.0.7'&#xa;Driver info: com.kms.katalon.selenium.driver.CChromeDriver&#xa;Capabilities {acceptInsecureCerts: false, browserName: chrome, browserVersion: 129.0.6668.91, chrome: {chromedriverVersion: 128.0.6613.84 (606aa55c7d68..., userDataDir: /var/folders/t5/b7k67ybj7gz...}, fedcm:accounts: true, goog:chromeOptions: {debuggerAddress: localhost:50951}, javascriptEnabled: true, networkConnectionEnabled: false, pageLoadStrategy: normal, platform: MAC, platformName: MAC, proxy: Proxy(), setWindowRect: true, strictFileInteractability: false, timeouts: {implicit: 0, pageLoad: 300000, script: 30000}, unhandledPromptBehavior: dismiss and notify, webauthn:extension:credBlob: true, webauthn:extension:largeBlob: true, webauthn:extension:minPinLength: true, webauthn:extension:prf: true, webauthn:virtualAuthenticators: true}&#xa;Session ID: 2a314a411441f744e23b47efc9a22d76&#xa;*** Element info: {Using=xpath, value=//button[contains(text(),'Đồng ý')]}&#xa;	at jdk.internal.reflect.GeneratedConstructorAccessor22.newInstance(Unknown Source)&#xa;	at java.base/jdk.internal.reflect.DelegatingConstructorAccessorImpl.newInstance(DelegatingConstructorAccessorImpl.java:45)&#xa;	at org.openqa.selenium.remote.http.W3CHttpResponseCodec.createException(W3CHttpResponseCodec.java:187)&#xa;	at org.openqa.selenium.remote.http.W3CHttpResponseCodec.decode(W3CHttpResponseCodec.java:122)&#xa;	at org.openqa.selenium.remote.http.W3CHttpResponseCodec.decode(W3CHttpResponseCodec.java:49)&#xa;	at org.openqa.selenium.remote.HttpCommandExecutor.execute(HttpCommandExecutor.java:158)&#xa;	at org.openqa.selenium.remote.service.DriverCommandExecutor.execute(DriverCommandExecutor.java:83)&#xa;	at org.openqa.selenium.remote.RemoteWebDriver.execute(RemoteWebDriver.java:552)&#xa;	at com.kms.katalon.selenium.driver.CChromeDriver.execute(CChromeDriver.java:19)&#xa;	at org.openqa.selenium.remote.RemoteWebDriver.findElement(RemoteWebDriver.java:323)&#xa;	at org.openqa.selenium.remote.RemoteWebDriver.findElementByXPath(RemoteWebDriver.java:428)&#xa;	at org.openqa.selenium.By$ByXPath.findElement(By.java:353)&#xa;	at org.openqa.selenium.remote.RemoteWebDriver.findElement(RemoteWebDriver.java:315)&#xa;	at jdk.internal.reflect.GeneratedMethodAccessor9.invoke(Unknown Source)&#xa;	at java.base/jdk.internal.reflect.DelegatingMethodAccessorImpl.invoke(DelegatingMethodAccessorImpl.java:43)&#xa;	at org.openqa.selenium.support.events.EventFiringWebDriver.lambda$new$1(EventFiringWebDriver.java:105)&#xa;	at jdk.proxy2/jdk.proxy2.$Proxy22.findElement(Unknown Source)&#xa;	at org.openqa.selenium.support.events.EventFiringWebDriver.findElement(EventFiringWebDriver.java:194)&#xa;	at TC_11_Kiểm tra khi hoàn tiền sau khi đã duyệt.run(TC_11_Kiểm tra khi hoàn tiền sau khi đã duyệt:52)&#xa;	at com.kms.katalon.core.main.ScriptEngine.run(ScriptEngine.java:194)&#xa;	at com.kms.katalon.core.main.ScriptEngine.runScriptAsRawText(ScriptEngine.java:119)&#xa;	at com.kms.katalon.core.main.TestCaseExecutor.runScript(TestCaseExecutor.java:448)&#xa;	at com.kms.katalon.core.main.TestCaseExecutor.doExecute(TestCaseExecutor.java:439)&#xa;	at com.kms.katalon.core.main.TestCaseExecutor.processExecutionPhase(TestCaseExecutor.java:418)&#xa;	at com.kms.katalon.core.main.TestCaseExecutor.accessMainPhase(TestCaseExecutor.java:410)&#xa;	at com.kms.katalon.core.main.TestCaseExecutor.execute(TestCaseExecutor.java:285)&#xa;	at com.kms.katalon.core.common.CommonExecutor.accessTestCaseMainPhase(CommonExecutor.java:65)&#xa;	at com.kms.katalon.core.main.TestSuiteExecutor.accessTestSuiteMainPhase(TestSuiteExecutor.java:150)&#xa;	at com.kms.katalon.core.main.TestSuiteExecutor.execute(TestSuiteExecutor.java:106)&#xa;	at com.kms.katalon.core.main.TestCaseMain.startTestSuite(TestCaseMain.java:180)&#xa;	at TempTestSuite1728744778676.run(TempTestSuite1728744778676.groovy:35)&#xa;	at java.base/jdk.internal.reflect.NativeMethodAccessorImpl.invoke0(Native Method)&#xa;	at java.base/jdk.internal.reflect.NativeMethodAccessorImpl.invoke(NativeMethodAccessorImpl.java:77)&#xa;	at java.base/jdk.internal.reflect.DelegatingMethodAccessorImpl.invoke(DelegatingMethodAccessorImpl.java:43)&#xa;"/>
         <system-out><![CDATA[12-10-2024T21:59:28 - [TEST_CASE][ERROR] - Test Cases/Quản lý tài khoản merchant/Quản lý danh sách tài khoản/Nạp tiền/TC_11_Kiểm tra khi hoàn tiền sau khi đã duyệt: Test Cases/Quản lý tài khoản merchant/Quản lý danh sách tài khoản/Nạp tiền/TC_11_Kiểm tra khi hoàn tiền sau khi đã duyệt FAILED.
Reason:
org.openqa.selenium.NoSuchElementException: no such element: Unable to locate element: {"method":"xpath","selector":"//button[contains(text(),'Đồng ý')]"}
  (Session info: chrome=129.0.6668.91)
For documentation on this error, please visit: https://www.seleniumhq.org/exceptions/no_such_element.html
Build info: version: '3.141.59', revision: 'unknown', time: 'unknown'
System info: host: 'Aidan', ip: '2405:4803:fd90:9ef0:35c5:6ea1:b1e8:64e8%en0', os.name: 'Mac OS X', os.arch: 'aarch64', os.version: '15.0.1', java.version: '17.0.7'
Driver info: com.kms.katalon.selenium.driver.CChromeDriver
Capabilities {acceptInsecureCerts: false, browserName: chrome, browserVersion: 129.0.6668.91, chrome: {chromedriverVersion: 128.0.6613.84 (606aa55c7d68..., userDataDir: /var/folders/t5/b7k67ybj7gz...}, fedcm:accounts: true, goog:chromeOptions: {debuggerAddress: localhost:50951}, javascriptEnabled: true, networkConnectionEnabled: false, pageLoadStrategy: normal, platform: MAC, platformName: MAC, proxy: Proxy(), setWindowRect: true, strictFileInteractability: false, timeouts: {implicit: 0, pageLoad: 300000, script: 30000}, unhandledPromptBehavior: dismiss and notify, webauthn:extension:credBlob: true, webauthn:extension:largeBlob: true, webauthn:extension:minPinLength: true, webauthn:extension:prf: true, webauthn:virtualAuthenticators: true}
Session ID: 2a314a411441f744e23b47efc9a22d76
*** Element info: {Using=xpath, value=//button[contains(text(),'Đồng ý')]}
	at jdk.internal.reflect.GeneratedConstructorAccessor22.newInstance(Unknown Source)
	at java.base/jdk.internal.reflect.DelegatingConstructorAccessorImpl.newInstance(DelegatingConstructorAccessorImpl.java:45)
	at org.openqa.selenium.remote.http.W3CHttpResponseCodec.createException(W3CHttpResponseCodec.java:187)
	at org.openqa.selenium.remote.http.W3CHttpResponseCodec.decode(W3CHttpResponseCodec.java:122)
	at org.openqa.selenium.remote.http.W3CHttpResponseCodec.decode(W3CHttpResponseCodec.java:49)
	at org.openqa.selenium.remote.HttpCommandExecutor.execute(HttpCommandExecutor.java:158)
	at org.openqa.selenium.remote.service.DriverCommandExecutor.execute(DriverCommandExecutor.java:83)
	at org.openqa.selenium.remote.RemoteWebDriver.execute(RemoteWebDriver.java:552)
	at com.kms.katalon.selenium.driver.CChromeDriver.execute(CChromeDriver.java:19)
	at org.openqa.selenium.remote.RemoteWebDriver.findElement(RemoteWebDriver.java:323)
	at org.openqa.selenium.remote.RemoteWebDriver.findElementByXPath(RemoteWebDriver.java:428)
	at org.openqa.selenium.By$ByXPath.findElement(By.java:353)
	at org.openqa.selenium.remote.RemoteWebDriver.findElement(RemoteWebDriver.java:315)
	at jdk.internal.reflect.GeneratedMethodAccessor9.invoke(Unknown Source)
	at java.base/jdk.internal.reflect.DelegatingMethodAccessorImpl.invoke(DelegatingMethodAccessorImpl.java:43)
	at org.openqa.selenium.support.events.EventFiringWebDriver.lambda$new$1(EventFiringWebDriver.java:105)
	at jdk.proxy2/jdk.proxy2.$Proxy22.findElement(Unknown Source)
	at org.openqa.selenium.support.events.EventFiringWebDriver.findElement(EventFiringWebDriver.java:194)
	at TC_11_Kiểm tra khi hoàn tiền sau khi đã duyệt.run(TC_11_Kiểm tra khi hoàn tiền sau khi đã duyệt:52)
	at com.kms.katalon.core.main.ScriptEngine.run(ScriptEngine.java:194)
	at com.kms.katalon.core.main.ScriptEngine.runScriptAsRawText(ScriptEngine.java:119)
	at com.kms.katalon.core.main.TestCaseExecutor.runScript(TestCaseExecutor.java:448)
	at com.kms.katalon.core.main.TestCaseExecutor.doExecute(TestCaseExecutor.java:439)
	at com.kms.katalon.core.main.TestCaseExecutor.processExecutionPhase(TestCaseExecutor.java:418)
	at com.kms.katalon.core.main.TestCaseExecutor.accessMainPhase(TestCaseExecutor.java:410)
	at com.kms.katalon.core.main.TestCaseExecutor.execute(TestCaseExecutor.java:285)
	at com.kms.katalon.core.common.CommonExecutor.accessTestCaseMainPhase(CommonExecutor.java:65)
	at com.kms.katalon.core.main.TestSuiteExecutor.accessTestSuiteMainPhase(TestSuiteExecutor.java:150)
	at com.kms.katalon.core.main.TestSuiteExecutor.execute(TestSuiteExecutor.java:106)
	at com.kms.katalon.core.main.TestCaseMain.startTestSuite(TestCaseMain.java:180)
	at TempTestSuite1728744778676.run(TempTestSuite1728744778676.groovy:35)
	at java.base/jdk.internal.reflect.NativeMethodAccessorImpl.invoke0(Native Method)
	at java.base/jdk.internal.reflect.NativeMethodAccessorImpl.invoke(NativeMethodAccessorImpl.java:77)
	at java.base/jdk.internal.reflect.DelegatingMethodAccessorImpl.invoke(DelegatingMethodAccessorImpl.java:43)


12-10-2024T21:59:28 - [TEST_STEP][PASSED] - Start listener action : sampleBeforeTestCase: Navigate to 'https://stg-cms-console.9pay.mobi/login' successfully

12-10-2024T21:59:28 - [TEST_STEP][PASSED] - testCaseId = testCaseContext.getTestCaseId(): null

12-10-2024T21:59:28 - [TEST_STEP][PASSED] - url = <not implemented yet for class: org.codehaus.groovy.ast.expr.EmptyExpression>: null

12-10-2024T21:59:28 - [TEST_STEP][PASSED] - if (testCaseId == "Test Cases/Quản lý tài khoản merchant/Quản lý dịch vụ merchant/TC_14_Kiểm tra thay đổi sau khi cấu hình VA trên MCV"): null

12-10-2024T21:59:28 - [TEST_STEP][PASSED] - else: null

12-10-2024T21:59:28 - [TEST_STEP][PASSED] - url = "https://stg-cms-console.9pay.mobi/login": null

12-10-2024T21:59:28 - [TEST_STEP][PASSED] - openBrowser(""): Browser is opened with url: ''

12-10-2024T21:59:28 - [MESSAGE][WARNING] - A browser is already opened. Closing browser and opening a new one

12-10-2024T21:59:28 - [MESSAGE][INFO] - Starting 'Chrome' driver

12-10-2024T21:59:28 - [MESSAGE][INFO] - Action delay is set to 0 milliseconds

12-10-2024T21:59:29 - [MESSAGE][PASSED] - Browser is opened with url: ''

12-10-2024T21:59:29 - [TEST_STEP][PASSED] - maximizeWindow(): Current window maximized

12-10-2024T21:59:29 - [MESSAGE][PASSED] - Current window maximized

12-10-2024T21:59:29 - [TEST_STEP][PASSED] - navigateToUrl(url): Navigate to 'https://stg-cms-console.9pay.mobi/login' successfully

12-10-2024T21:59:34 - [MESSAGE][PASSED] - Navigate to 'https://stg-cms-console.9pay.mobi/login' successfully

12-10-2024T21:59:34 - [TEST_STEP][PASSED] - driver = getWebDriver(): null

12-10-2024T21:59:34 - [TEST_STEP][PASSED] - callTestCase(findTestCase("Test Cases/Login/LoginCommon"), [:], STOP_ON_FAILURE): Call Test Case 'Test Cases/Login/LoginCommon' successfully

12-10-2024T21:59:34 - [TEST_CASE][PASSED] - Test Cases/Login/LoginCommon: Test Cases/Login/LoginCommon

12-10-2024T21:59:34 - [TEST_STEP][PASSED] - driver = getWebDriver(): null

12-10-2024T21:59:34 - [TEST_STEP][PASSED] - sendKeys(findTestObject("Quản lý tài khoản merchant/Quản lý dịch vụ merchant/userNameTextbox"), userAccount): Keys 'dannt@9pay.vn' sent to object: 'Object Repository/Quản lý tài khoản merchant/Quản lý dịch vụ merchant/userNameTextbox'

12-10-2024T21:59:35 - [MESSAGE][PASSED] - Keys 'dannt@9pay.vn' sent to object: 'Object Repository/Quản lý tài khoản merchant/Quản lý dịch vụ merchant/userNameTextbox'

12-10-2024T21:59:35 - [TEST_STEP][PASSED] - sendKeys(findTestObject("Quản lý tài khoản merchant/Quản lý dịch vụ merchant/passwordTextbox"), password): Keys 'dannt@9pay.vn' sent to object: 'Object Repository/Quản lý tài khoản merchant/Quản lý dịch vụ merchant/passwordTextbox'

12-10-2024T21:59:35 - [MESSAGE][PASSED] - Keys 'dannt@9pay.vn' sent to object: 'Object Repository/Quản lý tài khoản merchant/Quản lý dịch vụ merchant/passwordTextbox'

12-10-2024T21:59:35 - [TEST_STEP][PASSED] - click(findTestObject("Quản lý tài khoản merchant/Quản lý dịch vụ merchant/loginButton")): Object: 'Object Repository/Quản lý tài khoản merchant/Quản lý dịch vụ merchant/loginButton' is clicked on

12-10-2024T21:59:35 - [MESSAGE][PASSED] - Object: 'Object Repository/Quản lý tài khoản merchant/Quản lý dịch vụ merchant/loginButton' is clicked on

12-10-2024T21:59:35 - [MESSAGE][PASSED] - Call Test Case 'Test Cases/Login/LoginCommon' successfully

12-10-2024T21:59:35 - [TEST_STEP][PASSED] - waitForElementVisible(findTestObject("Trang chủ/userName"), 10, STOP_ON_FAILURE): Object 'Object Repository/Trang chủ/userName' is visible

12-10-2024T21:59:37 - [MESSAGE][PASSED] - Object 'Object Repository/Trang chủ/userName' is visible

12-10-2024T21:59:37 - [TEST_STEP][PASSED] - callTestCase(findTestCase("Test Cases/Quản lý tài khoản merchant/Quản lý danh sách tài khoản/CustomFunctions Deposit"), [:], STOP_ON_FAILURE): Call Test Case 'Test Cases/Quản lý tài khoản merchant/Quản lý danh sách tài khoản/CustomFunctions Deposit' successfully

12-10-2024T21:59:37 - [TEST_CASE][PASSED] - Test Cases/Quản lý tài khoản merchant/Quản lý danh sách tài khoản/CustomFunctions Deposit: Test Cases/Quản lý tài khoản merchant/Quản lý danh sách tài khoản/CustomFunctions Deposit

12-10-2024T21:59:37 - [TEST_STEP][PASSED] - driver = getWebDriver(): null

12-10-2024T21:59:37 - [TEST_STEP][PASSED] - element1 = driver.findElement(By.xpath("//span[contains(text(),'Quản lý tài khoản merchant')]")): null

12-10-2024T21:59:39 - [TEST_STEP][PASSED] - actions = new org.openqa.selenium.interactions.Actions(driver): null

12-10-2024T21:59:39 - [TEST_STEP][PASSED] - click().perform(): null

12-10-2024T21:59:39 - [TEST_STEP][PASSED] - wait = new org.openqa.selenium.support.ui.WebDriverWait(com.kms.katalon.core.webui.driver.DriverFactory.getWebDriver(), 15): null

12-10-2024T21:59:39 - [TEST_STEP][PASSED] - xpath(xpathManagerListAccount))).click(): null

12-10-2024T21:59:39 - [MESSAGE][PASSED] - Call Test Case 'Test Cases/Quản lý tài khoản merchant/Quản lý danh sách tài khoản/CustomFunctions Deposit' successfully

12-10-2024T21:59:39 - [TEST_STEP][PASSED] - wait = new org.openqa.selenium.support.ui.WebDriverWait(com.kms.katalon.core.webui.driver.DriverFactory.getWebDriver(), 20): null

12-10-2024T21:59:39 - [TEST_STEP][PASSED] - userCode = wait.until(ExpectedConditions.visibilityOfElementLocated(By.xpath(xpathUserCode))): null

12-10-2024T21:59:42 - [TEST_STEP][PASSED] - println(userCode.getText()): null

12-10-2024T21:59:42 - [TEST_STEP][PASSED] - xpath(xpathBtnAccount))).click(): null

12-10-2024T21:59:42 - [TEST_STEP][PASSED] - searchTextbox = wait.until(ExpectedConditions.elementToBeClickable(By.xpath(xpathSearchTextbox))): null

12-10-2024T21:59:43 - [TEST_STEP][PASSED] - searchTextbox.sendKeys("dannt11"): null

12-10-2024T21:59:43 - [TEST_STEP][PASSED] - xpath(xpathOption)).click(): null

12-10-2024T21:59:43 - [TEST_STEP][PASSED] - xpath(xpathBtnSearch)).click(): null

12-10-2024T21:59:44 - [TEST_STEP][PASSED] - wait.until(ExpectedConditions.visibilityOfElementLocated(By.xpath(xpathAccountName))): null

12-10-2024T21:59:44 - [TEST_STEP][PASSED] - startElement = driver.findElement(By.xpath("//strong[contains(text(),'Thu hộ:')]")): null

12-10-2024T21:59:45 - [TEST_STEP][PASSED] - js = driver: null

12-10-2024T21:59:45 - [TEST_STEP][PASSED] - script = "return arguments[0].nextSibling.textContent;": null

12-10-2024T21:59:45 - [TEST_STEP][PASSED] - nextTextNodeContent = js.executeScript(script, startElement): null

12-10-2024T21:59:45 - [TEST_STEP][PASSED] - out.println("Thu ho " + nextTextNodeContent): null

12-10-2024T21:59:45 - [TEST_STEP][PASSED] - numericString = nextTextNodeContent.replaceAll("[^0-9]", ""): null

12-10-2024T21:59:45 - [TEST_STEP][PASSED] - thuHo = Integer.parseInt(numericString): null

12-10-2024T21:59:45 - [TEST_STEP][PASSED] - out.println("Thu ho " + thuHo): null

12-10-2024T21:59:45 - [TEST_STEP][PASSED] - xpath(xpathBtnDeposit)).click(): null

12-10-2024T21:59:45 - [TEST_STEP][PASSED] - wait.until(ExpectedConditions.visibilityOfElementLocated(By.xpath(xpathTextAccount))): null

12-10-2024T21:59:54 - [TEST_STEP][PASSED] - xpath(xpathChonVi)).click(): null

12-10-2024T21:59:56 - [TEST_STEP][PASSED] - xpath(xpathThuHo3)).click(): null

12-10-2024T21:59:58 - [TEST_STEP][PASSED] - xpath(xpathDay)).click(): null

12-10-2024T22:00:00 - [TEST_STEP][PASSED] - xpath(xpathHomNay)).click(): null

12-10-2024T22:00:02 - [TEST_STEP][PASSED] - xpath(xpathBtnContinue)).click(): null

12-10-2024T22:00:04 - [TEST_STEP][ERROR] - xpath(BtnOkXpath)).click(): Test Cases/Quản lý tài khoản merchant/Quản lý danh sách tài khoản/Nạp tiền/TC_11_Kiểm tra khi hoàn tiền sau khi đã duyệt FAILED.
Reason:
org.openqa.selenium.NoSuchElementException: no such element: Unable to locate element: {"method":"xpath","selector":"//button[contains(text(),'Đồng ý')]"}
  (Session info: chrome=129.0.6668.91)
For documentation on this error, please visit: https://www.seleniumhq.org/exceptions/no_such_element.html
Build info: version: '3.141.59', revision: 'unknown', time: 'unknown'
System info: host: 'Aidan', ip: '2405:4803:fd90:9ef0:35c5:6ea1:b1e8:64e8%en0', os.name: 'Mac OS X', os.arch: 'aarch64', os.version: '15.0.1', java.version: '17.0.7'
Driver info: com.kms.katalon.selenium.driver.CChromeDriver
Capabilities {acceptInsecureCerts: false, browserName: chrome, browserVersion: 129.0.6668.91, chrome: {chromedriverVersion: 128.0.6613.84 (606aa55c7d68..., userDataDir: /var/folders/t5/b7k67ybj7gz...}, fedcm:accounts: true, goog:chromeOptions: {debuggerAddress: localhost:50951}, javascriptEnabled: true, networkConnectionEnabled: false, pageLoadStrategy: normal, platform: MAC, platformName: MAC, proxy: Proxy(), setWindowRect: true, strictFileInteractability: false, timeouts: {implicit: 0, pageLoad: 300000, script: 30000}, unhandledPromptBehavior: dismiss and notify, webauthn:extension:credBlob: true, webauthn:extension:largeBlob: true, webauthn:extension:minPinLength: true, webauthn:extension:prf: true, webauthn:virtualAuthenticators: true}
Session ID: 2a314a411441f744e23b47efc9a22d76
*** Element info: {Using=xpath, value=//button[contains(text(),'Đồng ý')]}
	at jdk.internal.reflect.GeneratedConstructorAccessor22.newInstance(Unknown Source)
	at java.base/jdk.internal.reflect.DelegatingConstructorAccessorImpl.newInstance(DelegatingConstructorAccessorImpl.java:45)
	at org.openqa.selenium.remote.http.W3CHttpResponseCodec.createException(W3CHttpResponseCodec.java:187)
	at org.openqa.selenium.remote.http.W3CHttpResponseCodec.decode(W3CHttpResponseCodec.java:122)
	at org.openqa.selenium.remote.http.W3CHttpResponseCodec.decode(W3CHttpResponseCodec.java:49)
	at org.openqa.selenium.remote.HttpCommandExecutor.execute(HttpCommandExecutor.java:158)
	at org.openqa.selenium.remote.service.DriverCommandExecutor.execute(DriverCommandExecutor.java:83)
	at org.openqa.selenium.remote.RemoteWebDriver.execute(RemoteWebDriver.java:552)
	at com.kms.katalon.selenium.driver.CChromeDriver.execute(CChromeDriver.java:19)
	at org.openqa.selenium.remote.RemoteWebDriver.findElement(RemoteWebDriver.java:323)
	at org.openqa.selenium.remote.RemoteWebDriver.findElementByXPath(RemoteWebDriver.java:428)
	at org.openqa.selenium.By$ByXPath.findElement(By.java:353)
	at org.openqa.selenium.remote.RemoteWebDriver.findElement(RemoteWebDriver.java:315)
	at jdk.internal.reflect.GeneratedMethodAccessor9.invoke(Unknown Source)
	at java.base/jdk.internal.reflect.DelegatingMethodAccessorImpl.invoke(DelegatingMethodAccessorImpl.java:43)
	at org.openqa.selenium.support.events.EventFiringWebDriver.lambda$new$1(EventFiringWebDriver.java:105)
	at jdk.proxy2/jdk.proxy2.$Proxy22.findElement(Unknown Source)
	at org.openqa.selenium.support.events.EventFiringWebDriver.findElement(EventFiringWebDriver.java:194)
	at TC_11_Kiểm tra khi hoàn tiền sau khi đã duyệt.run(TC_11_Kiểm tra khi hoàn tiền sau khi đã duyệt:52)
	at com.kms.katalon.core.main.ScriptEngine.run(ScriptEngine.java:194)
	at com.kms.katalon.core.main.ScriptEngine.runScriptAsRawText(ScriptEngine.java:119)
	at com.kms.katalon.core.main.TestCaseExecutor.runScript(TestCaseExecutor.java:448)
	at com.kms.katalon.core.main.TestCaseExecutor.doExecute(TestCaseExecutor.java:439)
	at com.kms.katalon.core.main.TestCaseExecutor.processExecutionPhase(TestCaseExecutor.java:418)
	at com.kms.katalon.core.main.TestCaseExecutor.accessMainPhase(TestCaseExecutor.java:410)
	at com.kms.katalon.core.main.TestCaseExecutor.execute(TestCaseExecutor.java:285)
	at com.kms.katalon.core.common.CommonExecutor.accessTestCaseMainPhase(CommonExecutor.java:65)
	at com.kms.katalon.core.main.TestSuiteExecutor.accessTestSuiteMainPhase(TestSuiteExecutor.java:150)
	at com.kms.katalon.core.main.TestSuiteExecutor.execute(TestSuiteExecutor.java:106)
	at com.kms.katalon.core.main.TestCaseMain.startTestSuite(TestCaseMain.java:180)
	at TempTestSuite1728744778676.run(TempTestSuite1728744778676.groovy:35)
	at java.base/jdk.internal.reflect.NativeMethodAccessorImpl.invoke0(Native Method)
	at java.base/jdk.internal.reflect.NativeMethodAccessorImpl.invoke(NativeMethodAccessorImpl.java:77)
	at java.base/jdk.internal.reflect.DelegatingMethodAccessorImpl.invoke(DelegatingMethodAccessorImpl.java:43)


12-10-2024T22:00:07 - [MESSAGE][ERROR] - Test Cases/Quản lý tài khoản merchant/Quản lý danh sách tài khoản/Nạp tiền/TC_11_Kiểm tra khi hoàn tiền sau khi đã duyệt FAILED.
Reason:
org.openqa.selenium.NoSuchElementException: no such element: Unable to locate element: {"method":"xpath","selector":"//button[contains(text(),'Đồng ý')]"}
  (Session info: chrome=129.0.6668.91)
For documentation on this error, please visit: https://www.seleniumhq.org/exceptions/no_such_element.html
Build info: version: '3.141.59', revision: 'unknown', time: 'unknown'
System info: host: 'Aidan', ip: '2405:4803:fd90:9ef0:35c5:6ea1:b1e8:64e8%en0', os.name: 'Mac OS X', os.arch: 'aarch64', os.version: '15.0.1', java.version: '17.0.7'
Driver info: com.kms.katalon.selenium.driver.CChromeDriver
Capabilities {acceptInsecureCerts: false, browserName: chrome, browserVersion: 129.0.6668.91, chrome: {chromedriverVersion: 128.0.6613.84 (606aa55c7d68..., userDataDir: /var/folders/t5/b7k67ybj7gz...}, fedcm:accounts: true, goog:chromeOptions: {debuggerAddress: localhost:50951}, javascriptEnabled: true, networkConnectionEnabled: false, pageLoadStrategy: normal, platform: MAC, platformName: MAC, proxy: Proxy(), setWindowRect: true, strictFileInteractability: false, timeouts: {implicit: 0, pageLoad: 300000, script: 30000}, unhandledPromptBehavior: dismiss and notify, webauthn:extension:credBlob: true, webauthn:extension:largeBlob: true, webauthn:extension:minPinLength: true, webauthn:extension:prf: true, webauthn:virtualAuthenticators: true}
Session ID: 2a314a411441f744e23b47efc9a22d76
*** Element info: {Using=xpath, value=//button[contains(text(),'Đồng ý')]}
	at jdk.internal.reflect.GeneratedConstructorAccessor22.newInstance(Unknown Source)
	at java.base/jdk.internal.reflect.DelegatingConstructorAccessorImpl.newInstance(DelegatingConstructorAccessorImpl.java:45)
	at org.openqa.selenium.remote.http.W3CHttpResponseCodec.createException(W3CHttpResponseCodec.java:187)
	at org.openqa.selenium.remote.http.W3CHttpResponseCodec.decode(W3CHttpResponseCodec.java:122)
	at org.openqa.selenium.remote.http.W3CHttpResponseCodec.decode(W3CHttpResponseCodec.java:49)
	at org.openqa.selenium.remote.HttpCommandExecutor.execute(HttpCommandExecutor.java:158)
	at org.openqa.selenium.remote.service.DriverCommandExecutor.execute(DriverCommandExecutor.java:83)
	at org.openqa.selenium.remote.RemoteWebDriver.execute(RemoteWebDriver.java:552)
	at com.kms.katalon.selenium.driver.CChromeDriver.execute(CChromeDriver.java:19)
	at org.openqa.selenium.remote.RemoteWebDriver.findElement(RemoteWebDriver.java:323)
	at org.openqa.selenium.remote.RemoteWebDriver.findElementByXPath(RemoteWebDriver.java:428)
	at org.openqa.selenium.By$ByXPath.findElement(By.java:353)
	at org.openqa.selenium.remote.RemoteWebDriver.findElement(RemoteWebDriver.java:315)
	at jdk.internal.reflect.GeneratedMethodAccessor9.invoke(Unknown Source)
	at java.base/jdk.internal.reflect.DelegatingMethodAccessorImpl.invoke(DelegatingMethodAccessorImpl.java:43)
	at org.openqa.selenium.support.events.EventFiringWebDriver.lambda$new$1(EventFiringWebDriver.java:105)
	at jdk.proxy2/jdk.proxy2.$Proxy22.findElement(Unknown Source)
	at org.openqa.selenium.support.events.EventFiringWebDriver.findElement(EventFiringWebDriver.java:194)
	at TC_11_Kiểm tra khi hoàn tiền sau khi đã duyệt.run(TC_11_Kiểm tra khi hoàn tiền sau khi đã duyệt:52)
	at com.kms.katalon.core.main.ScriptEngine.run(ScriptEngine.java:194)
	at com.kms.katalon.core.main.ScriptEngine.runScriptAsRawText(ScriptEngine.java:119)
	at com.kms.katalon.core.main.TestCaseExecutor.runScript(TestCaseExecutor.java:448)
	at com.kms.katalon.core.main.TestCaseExecutor.doExecute(TestCaseExecutor.java:439)
	at com.kms.katalon.core.main.TestCaseExecutor.processExecutionPhase(TestCaseExecutor.java:418)
	at com.kms.katalon.core.main.TestCaseExecutor.accessMainPhase(TestCaseExecutor.java:410)
	at com.kms.katalon.core.main.TestCaseExecutor.execute(TestCaseExecutor.java:285)
	at com.kms.katalon.core.common.CommonExecutor.accessTestCaseMainPhase(CommonExecutor.java:65)
	at com.kms.katalon.core.main.TestSuiteExecutor.accessTestSuiteMainPhase(TestSuiteExecutor.java:150)
	at com.kms.katalon.core.main.TestSuiteExecutor.execute(TestSuiteExecutor.java:106)
	at com.kms.katalon.core.main.TestCaseMain.startTestSuite(TestCaseMain.java:180)
	at TempTestSuite1728744778676.run(TempTestSuite1728744778676.groovy:35)
	at java.base/jdk.internal.reflect.NativeMethodAccessorImpl.invoke0(Native Method)
	at java.base/jdk.internal.reflect.NativeMethodAccessorImpl.invoke(NativeMethodAccessorImpl.java:77)
	at java.base/jdk.internal.reflect.DelegatingMethodAccessorImpl.invoke(DelegatingMethodAccessorImpl.java:43)


12-10-2024T22:00:07 - [TEST_STEP][PASSED] - Start listener action : sampleAfterTestCase: null

12-10-2024T22:00:07 - [TEST_STEP][PASSED] - testCaseId = testCaseContext.getTestCaseId(): null

12-10-2024T22:00:07 - [TEST_STEP][PASSED] - if (testCaseId == "Test Cases/Quản lý tài khoản merchant/Quản lý dịch vụ merchant/TC_13_Kiểm tra chức năng xác nhận cấu hình thay đổi VA"): null]]></system-out>
         <system-err><![CDATA[12-10-2024T21:59:28 - [TEST_CASE][ERROR] - Test Cases/Quản lý tài khoản merchant/Quản lý danh sách tài khoản/Nạp tiền/TC_11_Kiểm tra khi hoàn tiền sau khi đã duyệt: Test Cases/Quản lý tài khoản merchant/Quản lý danh sách tài khoản/Nạp tiền/TC_11_Kiểm tra khi hoàn tiền sau khi đã duyệt FAILED.
Reason:
org.openqa.selenium.NoSuchElementException: no such element: Unable to locate element: {"method":"xpath","selector":"//button[contains(text(),'Đồng ý')]"}
  (Session info: chrome=129.0.6668.91)
For documentation on this error, please visit: https://www.seleniumhq.org/exceptions/no_such_element.html
Build info: version: '3.141.59', revision: 'unknown', time: 'unknown'
System info: host: 'Aidan', ip: '2405:4803:fd90:9ef0:35c5:6ea1:b1e8:64e8%en0', os.name: 'Mac OS X', os.arch: 'aarch64', os.version: '15.0.1', java.version: '17.0.7'
Driver info: com.kms.katalon.selenium.driver.CChromeDriver
Capabilities {acceptInsecureCerts: false, browserName: chrome, browserVersion: 129.0.6668.91, chrome: {chromedriverVersion: 128.0.6613.84 (606aa55c7d68..., userDataDir: /var/folders/t5/b7k67ybj7gz...}, fedcm:accounts: true, goog:chromeOptions: {debuggerAddress: localhost:50951}, javascriptEnabled: true, networkConnectionEnabled: false, pageLoadStrategy: normal, platform: MAC, platformName: MAC, proxy: Proxy(), setWindowRect: true, strictFileInteractability: false, timeouts: {implicit: 0, pageLoad: 300000, script: 30000}, unhandledPromptBehavior: dismiss and notify, webauthn:extension:credBlob: true, webauthn:extension:largeBlob: true, webauthn:extension:minPinLength: true, webauthn:extension:prf: true, webauthn:virtualAuthenticators: true}
Session ID: 2a314a411441f744e23b47efc9a22d76
*** Element info: {Using=xpath, value=//button[contains(text(),'Đồng ý')]}
	at jdk.internal.reflect.GeneratedConstructorAccessor22.newInstance(Unknown Source)
	at java.base/jdk.internal.reflect.DelegatingConstructorAccessorImpl.newInstance(DelegatingConstructorAccessorImpl.java:45)
	at org.openqa.selenium.remote.http.W3CHttpResponseCodec.createException(W3CHttpResponseCodec.java:187)
	at org.openqa.selenium.remote.http.W3CHttpResponseCodec.decode(W3CHttpResponseCodec.java:122)
	at org.openqa.selenium.remote.http.W3CHttpResponseCodec.decode(W3CHttpResponseCodec.java:49)
	at org.openqa.selenium.remote.HttpCommandExecutor.execute(HttpCommandExecutor.java:158)
	at org.openqa.selenium.remote.service.DriverCommandExecutor.execute(DriverCommandExecutor.java:83)
	at org.openqa.selenium.remote.RemoteWebDriver.execute(RemoteWebDriver.java:552)
	at com.kms.katalon.selenium.driver.CChromeDriver.execute(CChromeDriver.java:19)
	at org.openqa.selenium.remote.RemoteWebDriver.findElement(RemoteWebDriver.java:323)
	at org.openqa.selenium.remote.RemoteWebDriver.findElementByXPath(RemoteWebDriver.java:428)
	at org.openqa.selenium.By$ByXPath.findElement(By.java:353)
	at org.openqa.selenium.remote.RemoteWebDriver.findElement(RemoteWebDriver.java:315)
	at jdk.internal.reflect.GeneratedMethodAccessor9.invoke(Unknown Source)
	at java.base/jdk.internal.reflect.DelegatingMethodAccessorImpl.invoke(DelegatingMethodAccessorImpl.java:43)
	at org.openqa.selenium.support.events.EventFiringWebDriver.lambda$new$1(EventFiringWebDriver.java:105)
	at jdk.proxy2/jdk.proxy2.$Proxy22.findElement(Unknown Source)
	at org.openqa.selenium.support.events.EventFiringWebDriver.findElement(EventFiringWebDriver.java:194)
	at TC_11_Kiểm tra khi hoàn tiền sau khi đã duyệt.run(TC_11_Kiểm tra khi hoàn tiền sau khi đã duyệt:52)
	at com.kms.katalon.core.main.ScriptEngine.run(ScriptEngine.java:194)
	at com.kms.katalon.core.main.ScriptEngine.runScriptAsRawText(ScriptEngine.java:119)
	at com.kms.katalon.core.main.TestCaseExecutor.runScript(TestCaseExecutor.java:448)
	at com.kms.katalon.core.main.TestCaseExecutor.doExecute(TestCaseExecutor.java:439)
	at com.kms.katalon.core.main.TestCaseExecutor.processExecutionPhase(TestCaseExecutor.java:418)
	at com.kms.katalon.core.main.TestCaseExecutor.accessMainPhase(TestCaseExecutor.java:410)
	at com.kms.katalon.core.main.TestCaseExecutor.execute(TestCaseExecutor.java:285)
	at com.kms.katalon.core.common.CommonExecutor.accessTestCaseMainPhase(CommonExecutor.java:65)
	at com.kms.katalon.core.main.TestSuiteExecutor.accessTestSuiteMainPhase(TestSuiteExecutor.java:150)
	at com.kms.katalon.core.main.TestSuiteExecutor.execute(TestSuiteExecutor.java:106)
	at com.kms.katalon.core.main.TestCaseMain.startTestSuite(TestCaseMain.java:180)
	at TempTestSuite1728744778676.run(TempTestSuite1728744778676.groovy:35)
	at java.base/jdk.internal.reflect.NativeMethodAccessorImpl.invoke0(Native Method)
	at java.base/jdk.internal.reflect.NativeMethodAccessorImpl.invoke(NativeMethodAccessorImpl.java:77)
	at java.base/jdk.internal.reflect.DelegatingMethodAccessorImpl.invoke(DelegatingMethodAccessorImpl.java:43)]]></system-err>
      </testcase>
      <system-out><![CDATA[12-10-2024T21:53:03 - [TEST_SUITE][ERROR] - Nạp tiền: Test Cases/Quản lý tài khoản merchant/Quản lý danh sách tài khoản/Nạp tiền/TC_04_Không nhập số tiền và nhấn Xác nhận FAILED.
Reason:
org.openqa.selenium.NoSuchElementException: no such element: Unable to locate element: {"method":"xpath","selector":"//button[contains(text(),'Đồng ý')]"}
  (Session info: chrome=129.0.6668.91)
For documentation on this error, please visit: https://www.seleniumhq.org/exceptions/no_such_element.html
Build info: version: '3.141.59', revision: 'unknown', time: 'unknown'
System info: host: 'Aidan', ip: '2405:4803:fd90:9ef0:35c5:6ea1:b1e8:64e8%en0', os.name: 'Mac OS X', os.arch: 'aarch64', os.version: '15.0.1', java.version: '17.0.7'
Driver info: com.kms.katalon.selenium.driver.CChromeDriver
Capabilities {acceptInsecureCerts: false, browserName: chrome, browserVersion: 129.0.6668.91, chrome: {chromedriverVersion: 128.0.6613.84 (606aa55c7d68..., userDataDir: /var/folders/t5/b7k67ybj7gz...}, fedcm:accounts: true, goog:chromeOptions: {debuggerAddress: localhost:50769}, javascriptEnabled: true, networkConnectionEnabled: false, pageLoadStrategy: normal, platform: MAC, platformName: MAC, proxy: Proxy(), setWindowRect: true, strictFileInteractability: false, timeouts: {implicit: 0, pageLoad: 300000, script: 30000}, unhandledPromptBehavior: dismiss and notify, webauthn:extension:credBlob: true, webauthn:extension:largeBlob: true, webauthn:extension:minPinLength: true, webauthn:extension:prf: true, webauthn:virtualAuthenticators: true}
Session ID: a046e7cd38a1ffe655d123492bf15c91
*** Element info: {Using=xpath, value=//button[contains(text(),'Đồng ý')]}
	at jdk.internal.reflect.GeneratedConstructorAccessor22.newInstance(Unknown Source)
	at java.base/jdk.internal.reflect.DelegatingConstructorAccessorImpl.newInstance(DelegatingConstructorAccessorImpl.java:45)
	at org.openqa.selenium.remote.http.W3CHttpResponseCodec.createException(W3CHttpResponseCodec.java:187)
	at org.openqa.selenium.remote.http.W3CHttpResponseCodec.decode(W3CHttpResponseCodec.java:122)
	at org.openqa.selenium.remote.http.W3CHttpResponseCodec.decode(W3CHttpResponseCodec.java:49)
	at org.openqa.selenium.remote.HttpCommandExecutor.execute(HttpCommandExecutor.java:158)
	at org.openqa.selenium.remote.service.DriverCommandExecutor.execute(DriverCommandExecutor.java:83)
	at org.openqa.selenium.remote.RemoteWebDriver.execute(RemoteWebDriver.java:552)
	at com.kms.katalon.selenium.driver.CChromeDriver.execute(CChromeDriver.java:19)
	at org.openqa.selenium.remote.RemoteWebDriver.findElement(RemoteWebDriver.java:323)
	at org.openqa.selenium.remote.RemoteWebDriver.findElementByXPath(RemoteWebDriver.java:428)
	at org.openqa.selenium.By$ByXPath.findElement(By.java:353)
	at org.openqa.selenium.remote.RemoteWebDriver.findElement(RemoteWebDriver.java:315)
	at jdk.internal.reflect.GeneratedMethodAccessor9.invoke(Unknown Source)
	at java.base/jdk.internal.reflect.DelegatingMethodAccessorImpl.invoke(DelegatingMethodAccessorImpl.java:43)
	at org.openqa.selenium.support.events.EventFiringWebDriver.lambda$new$1(EventFiringWebDriver.java:105)
	at jdk.proxy2/jdk.proxy2.$Proxy22.findElement(Unknown Source)
	at org.openqa.selenium.support.events.EventFiringWebDriver.findElement(EventFiringWebDriver.java:194)
	at TC_04_Không nhập số tiền và nhấn Xác nhận.run(TC_04_Không nhập số tiền và nhấn Xác nhận:43)
	at com.kms.katalon.core.main.ScriptEngine.run(ScriptEngine.java:194)
	at com.kms.katalon.core.main.ScriptEngine.runScriptAsRawText(ScriptEngine.java:119)
	at com.kms.katalon.core.main.TestCaseExecutor.runScript(TestCaseExecutor.java:448)
	at com.kms.katalon.core.main.TestCaseExecutor.doExecute(TestCaseExecutor.java:439)
	at com.kms.katalon.core.main.TestCaseExecutor.processExecutionPhase(TestCaseExecutor.java:418)
	at com.kms.katalon.core.main.TestCaseExecutor.accessMainPhase(TestCaseExecutor.java:410)
	at com.kms.katalon.core.main.TestCaseExecutor.execute(TestCaseExecutor.java:285)
	at com.kms.katalon.core.common.CommonExecutor.accessTestCaseMainPhase(CommonExecutor.java:65)
	at com.kms.katalon.core.main.TestSuiteExecutor.accessTestSuiteMainPhase(TestSuiteExecutor.java:150)
	at com.kms.katalon.core.main.TestSuiteExecutor.execute(TestSuiteExecutor.java:106)
	at com.kms.katalon.core.main.TestCaseMain.startTestSuite(TestCaseMain.java:180)
	at TempTestSuite1728744778676.run(TempTestSuite1728744778676.groovy:35)
	at java.base/jdk.internal.reflect.NativeMethodAccessorImpl.invoke0(Native Method)
	at java.base/jdk.internal.reflect.NativeMethodAccessorImpl.invoke(NativeMethodAccessorImpl.java:77)
	at java.base/jdk.internal.reflect.DelegatingMethodAccessorImpl.invoke(DelegatingMethodAccessorImpl.java:43)]]></system-out>
      <system-err><![CDATA[12-10-2024T21:53:03 - [TEST_SUITE][ERROR] - Nạp tiền: Test Cases/Quản lý tài khoản merchant/Quản lý danh sách tài khoản/Nạp tiền/TC_04_Không nhập số tiền và nhấn Xác nhận FAILED.
Reason:
org.openqa.selenium.NoSuchElementException: no such element: Unable to locate element: {"method":"xpath","selector":"//button[contains(text(),'Đồng ý')]"}
  (Session info: chrome=129.0.6668.91)
For documentation on this error, please visit: https://www.seleniumhq.org/exceptions/no_such_element.html
Build info: version: '3.141.59', revision: 'unknown', time: 'unknown'
System info: host: 'Aidan', ip: '2405:4803:fd90:9ef0:35c5:6ea1:b1e8:64e8%en0', os.name: 'Mac OS X', os.arch: 'aarch64', os.version: '15.0.1', java.version: '17.0.7'
Driver info: com.kms.katalon.selenium.driver.CChromeDriver
Capabilities {acceptInsecureCerts: false, browserName: chrome, browserVersion: 129.0.6668.91, chrome: {chromedriverVersion: 128.0.6613.84 (606aa55c7d68..., userDataDir: /var/folders/t5/b7k67ybj7gz...}, fedcm:accounts: true, goog:chromeOptions: {debuggerAddress: localhost:50769}, javascriptEnabled: true, networkConnectionEnabled: false, pageLoadStrategy: normal, platform: MAC, platformName: MAC, proxy: Proxy(), setWindowRect: true, strictFileInteractability: false, timeouts: {implicit: 0, pageLoad: 300000, script: 30000}, unhandledPromptBehavior: dismiss and notify, webauthn:extension:credBlob: true, webauthn:extension:largeBlob: true, webauthn:extension:minPinLength: true, webauthn:extension:prf: true, webauthn:virtualAuthenticators: true}
Session ID: a046e7cd38a1ffe655d123492bf15c91
*** Element info: {Using=xpath, value=//button[contains(text(),'Đồng ý')]}
	at jdk.internal.reflect.GeneratedConstructorAccessor22.newInstance(Unknown Source)
	at java.base/jdk.internal.reflect.DelegatingConstructorAccessorImpl.newInstance(DelegatingConstructorAccessorImpl.java:45)
	at org.openqa.selenium.remote.http.W3CHttpResponseCodec.createException(W3CHttpResponseCodec.java:187)
	at org.openqa.selenium.remote.http.W3CHttpResponseCodec.decode(W3CHttpResponseCodec.java:122)
	at org.openqa.selenium.remote.http.W3CHttpResponseCodec.decode(W3CHttpResponseCodec.java:49)
	at org.openqa.selenium.remote.HttpCommandExecutor.execute(HttpCommandExecutor.java:158)
	at org.openqa.selenium.remote.service.DriverCommandExecutor.execute(DriverCommandExecutor.java:83)
	at org.openqa.selenium.remote.RemoteWebDriver.execute(RemoteWebDriver.java:552)
	at com.kms.katalon.selenium.driver.CChromeDriver.execute(CChromeDriver.java:19)
	at org.openqa.selenium.remote.RemoteWebDriver.findElement(RemoteWebDriver.java:323)
	at org.openqa.selenium.remote.RemoteWebDriver.findElementByXPath(RemoteWebDriver.java:428)
	at org.openqa.selenium.By$ByXPath.findElement(By.java:353)
	at org.openqa.selenium.remote.RemoteWebDriver.findElement(RemoteWebDriver.java:315)
	at jdk.internal.reflect.GeneratedMethodAccessor9.invoke(Unknown Source)
	at java.base/jdk.internal.reflect.DelegatingMethodAccessorImpl.invoke(DelegatingMethodAccessorImpl.java:43)
	at org.openqa.selenium.support.events.EventFiringWebDriver.lambda$new$1(EventFiringWebDriver.java:105)
	at jdk.proxy2/jdk.proxy2.$Proxy22.findElement(Unknown Source)
	at org.openqa.selenium.support.events.EventFiringWebDriver.findElement(EventFiringWebDriver.java:194)
	at TC_04_Không nhập số tiền và nhấn Xác nhận.run(TC_04_Không nhập số tiền và nhấn Xác nhận:43)
	at com.kms.katalon.core.main.ScriptEngine.run(ScriptEngine.java:194)
	at com.kms.katalon.core.main.ScriptEngine.runScriptAsRawText(ScriptEngine.java:119)
	at com.kms.katalon.core.main.TestCaseExecutor.runScript(TestCaseExecutor.java:448)
	at com.kms.katalon.core.main.TestCaseExecutor.doExecute(TestCaseExecutor.java:439)
	at com.kms.katalon.core.main.TestCaseExecutor.processExecutionPhase(TestCaseExecutor.java:418)
	at com.kms.katalon.core.main.TestCaseExecutor.accessMainPhase(TestCaseExecutor.java:410)
	at com.kms.katalon.core.main.TestCaseExecutor.execute(TestCaseExecutor.java:285)
	at com.kms.katalon.core.common.CommonExecutor.accessTestCaseMainPhase(CommonExecutor.java:65)
	at com.kms.katalon.core.main.TestSuiteExecutor.accessTestSuiteMainPhase(TestSuiteExecutor.java:150)
	at com.kms.katalon.core.main.TestSuiteExecutor.execute(TestSuiteExecutor.java:106)
	at com.kms.katalon.core.main.TestCaseMain.startTestSuite(TestCaseMain.java:180)
	at TempTestSuite1728744778676.run(TempTestSuite1728744778676.groovy:35)
	at java.base/jdk.internal.reflect.NativeMethodAccessorImpl.invoke0(Native Method)
	at java.base/jdk.internal.reflect.NativeMethodAccessorImpl.invoke(NativeMethodAccessorImpl.java:77)
	at java.base/jdk.internal.reflect.DelegatingMethodAccessorImpl.invoke(DelegatingMethodAccessorImpl.java:43)]]></system-err>
   </testsuite>
</testsuites>
