<?xml version="1.0" encoding="UTF-8"?>
<testsuites name="Chuyển tiền" time="310.661" tests="5" failures="0" errors="0">
   <testsuite name="Chuyển tiền" tests="5" failures="0" errors="0" time="310.661" skipped="0" timestamp="12-10-2024T21:47:21" hostname="mac - 192.168.1.10" id="Test Suites/Quản lý tài khoản merchant/Chuyển tiền">
      <properties>
         <property name="deviceName" value=""/>
         <property name="devicePlatform"/>
         <property name="logFolder" value="/Users/mac/Documents/test/Cms9Pay/Reports/20241012_214715/Qu\u1EA3n l\u00FD t\u00E0i kho\u1EA3n merchant/Chuy\u1EC3n ti\u1EC1n/20241012_214716"/>
         <property name="logFiles" value="/Users/mac/Documents/test/Cms9Pay/Reports/20241012_214715/Qu\u1EA3n l\u00FD t\u00E0i kho\u1EA3n merchant/Chuy\u1EC3n ti\u1EC1n/20241012_214716/execution0.log"/>
         <property name="attachments" value=""/>
         <property name="hostName" value="mac - 192.168.1.10"/>
         <property name="os" value="Mac OS X 64bit"/>
         <property name="katalonVersion" value="9.7.2.223"/>
         <property name="browser" value="Chrome 129.0.0.0"/>
         <property name="hostAddress" value="192.168.1.10"/>
         <property name="sessionId" value="564f4099cea9b227c2b6bbb7aa485232"/>
         <property name="seleniumVersion" value="3.141.59"/>
         <property name="proxyInformation" value="ProxyInformation { proxyOption=NO_PROXY, proxyServerType=HTTP, username=, password=********, proxyServerAddress=, proxyServerPort=0, executionList=&quot;&quot;, isApplyToDesiredCapabilities=true }"/>
         <property name="platform" value="Mac OS X"/>
      </properties>
      <testcase name="Test Cases/Quản lý tài khoản merchant/Quản lý danh sách tài khoản/Chuyển tiền/TC_01_Kiểm tra mở form chuyển tiền và đúng tên tài khoản" time="31.815" classname="Test Cases/Quản lý tài khoản merchant/Quản lý danh sách tài khoản/Chuyển tiền/TC_01_Kiểm tra mở form chuyển tiền và đúng tên tài khoản" status="PASSED">
         <system-out><![CDATA[12-10-2024T21:47:21 - [TEST_CASE][PASSED] - Test Cases/Quản lý tài khoản merchant/Quản lý danh sách tài khoản/Chuyển tiền/TC_01_Kiểm tra mở form chuyển tiền và đúng tên tài khoản: Test Cases/Quản lý tài khoản merchant/Quản lý danh sách tài khoản/Chuyển tiền/TC_01_Kiểm tra mở form chuyển tiền và đúng tên tài khoản

12-10-2024T21:47:22 - [TEST_STEP][PASSED] - Start listener action : sampleBeforeTestCase: Navigate to 'https://stg-cms-console.9pay.mobi/login' successfully

12-10-2024T21:47:22 - [TEST_STEP][PASSED] - testCaseId = testCaseContext.getTestCaseId(): null

12-10-2024T21:47:22 - [TEST_STEP][PASSED] - url = <not implemented yet for class: org.codehaus.groovy.ast.expr.EmptyExpression>: null

12-10-2024T21:47:22 - [TEST_STEP][PASSED] - if (testCaseId == "Test Cases/Quản lý tài khoản merchant/Quản lý dịch vụ merchant/TC_14_Kiểm tra thay đổi sau khi cấu hình VA trên MCV"): null

12-10-2024T21:47:22 - [TEST_STEP][PASSED] - else: null

12-10-2024T21:47:22 - [TEST_STEP][PASSED] - url = "https://stg-cms-console.9pay.mobi/login": null

12-10-2024T21:47:22 - [TEST_STEP][PASSED] - openBrowser(""): Browser is opened with url: ''

12-10-2024T21:47:22 - [MESSAGE][INFO] - Starting 'Chrome' driver

12-10-2024T21:47:22 - [MESSAGE][INFO] - Action delay is set to 0 milliseconds

12-10-2024T21:47:23 - [MESSAGE][PASSED] - Browser is opened with url: ''

12-10-2024T21:47:23 - [TEST_STEP][PASSED] - maximizeWindow(): Current window maximized

12-10-2024T21:47:23 - [MESSAGE][PASSED] - Current window maximized

12-10-2024T21:47:23 - [TEST_STEP][PASSED] - navigateToUrl(url): Navigate to 'https://stg-cms-console.9pay.mobi/login' successfully

12-10-2024T21:47:27 - [MESSAGE][PASSED] - Navigate to 'https://stg-cms-console.9pay.mobi/login' successfully

12-10-2024T21:47:27 - [TEST_STEP][PASSED] - driver = getWebDriver(): null

12-10-2024T21:47:27 - [TEST_STEP][PASSED] - callTestCase(findTestCase("Test Cases/Login/LoginCommon"), [:], STOP_ON_FAILURE): Call Test Case 'Test Cases/Login/LoginCommon' successfully

12-10-2024T21:47:27 - [TEST_CASE][PASSED] - Test Cases/Login/LoginCommon: Test Cases/Login/LoginCommon

12-10-2024T21:47:27 - [TEST_STEP][PASSED] - driver = getWebDriver(): null

12-10-2024T21:47:27 - [TEST_STEP][PASSED] - sendKeys(findTestObject("Quản lý tài khoản merchant/Quản lý dịch vụ merchant/userNameTextbox"), userAccount): Keys 'dannt@9pay.vn' sent to object: 'Object Repository/Quản lý tài khoản merchant/Quản lý dịch vụ merchant/userNameTextbox'

12-10-2024T21:47:28 - [MESSAGE][PASSED] - Keys 'dannt@9pay.vn' sent to object: 'Object Repository/Quản lý tài khoản merchant/Quản lý dịch vụ merchant/userNameTextbox'

12-10-2024T21:47:28 - [TEST_STEP][PASSED] - sendKeys(findTestObject("Quản lý tài khoản merchant/Quản lý dịch vụ merchant/passwordTextbox"), password): Keys 'dannt@9pay.vn' sent to object: 'Object Repository/Quản lý tài khoản merchant/Quản lý dịch vụ merchant/passwordTextbox'

12-10-2024T21:47:28 - [MESSAGE][PASSED] - Keys 'dannt@9pay.vn' sent to object: 'Object Repository/Quản lý tài khoản merchant/Quản lý dịch vụ merchant/passwordTextbox'

12-10-2024T21:47:28 - [TEST_STEP][PASSED] - click(findTestObject("Quản lý tài khoản merchant/Quản lý dịch vụ merchant/loginButton")): Object: 'Object Repository/Quản lý tài khoản merchant/Quản lý dịch vụ merchant/loginButton' is clicked on

12-10-2024T21:47:29 - [MESSAGE][PASSED] - Object: 'Object Repository/Quản lý tài khoản merchant/Quản lý dịch vụ merchant/loginButton' is clicked on

12-10-2024T21:47:29 - [MESSAGE][PASSED] - Call Test Case 'Test Cases/Login/LoginCommon' successfully

12-10-2024T21:47:29 - [TEST_STEP][PASSED] - waitForElementVisible(findTestObject("Trang chủ/userName"), 10, STOP_ON_FAILURE): Object 'Object Repository/Trang chủ/userName' is visible

12-10-2024T21:47:32 - [MESSAGE][PASSED] - Object 'Object Repository/Trang chủ/userName' is visible

12-10-2024T21:47:32 - [TEST_STEP][PASSED] - callTestCase(findTestCase("Test Cases/Quản lý tài khoản merchant/Quản lý danh sách tài khoản/CustomFunctions.groovy"), [:], STOP_ON_FAILURE): Call Test Case 'Test Cases/Quản lý tài khoản merchant/Quản lý danh sách tài khoản/CustomFunctions.groovy' successfully

12-10-2024T21:47:32 - [TEST_CASE][PASSED] - Test Cases/Quản lý tài khoản merchant/Quản lý danh sách tài khoản/CustomFunctions.groovy: Test Cases/Quản lý tài khoản merchant/Quản lý danh sách tài khoản/CustomFunctions.groovy

12-10-2024T21:47:32 - [TEST_STEP][PASSED] - driver = getWebDriver(): null

12-10-2024T21:47:32 - [TEST_STEP][PASSED] - sleep(2000): null

12-10-2024T21:47:34 - [TEST_STEP][PASSED] - element1 = driver.findElement(By.xpath(xpathManagerMC)): null

12-10-2024T21:47:35 - [TEST_STEP][PASSED] - actions = new org.openqa.selenium.interactions.Actions(driver): null

12-10-2024T21:47:35 - [TEST_STEP][PASSED] - click().perform(): null

12-10-2024T21:47:35 - [TEST_STEP][PASSED] - wait = new org.openqa.selenium.support.ui.WebDriverWait(com.kms.katalon.core.webui.driver.DriverFactory.getWebDriver(), 20): null

12-10-2024T21:47:35 - [TEST_STEP][PASSED] - element2 = wait.until(ExpectedConditions.elementToBeClickable(By.xpath(xpathManagerListAccount))): null

12-10-2024T21:47:35 - [TEST_STEP][PASSED] - click().perform(): null

12-10-2024T21:47:35 - [TEST_STEP][PASSED] - wait.until(ExpectedConditions.visibilityOfElementLocated(By.xpath(xpathUserCode))): null

12-10-2024T21:47:38 - [TEST_STEP][PASSED] - xpath(xpathBtnAccount))).click(): null

12-10-2024T21:47:39 - [TEST_STEP][PASSED] - searchTextbox = wait.until(ExpectedConditions.elementToBeClickable(By.xpath(xpathSearchTextbox))): null

12-10-2024T21:47:39 - [TEST_STEP][PASSED] - searchTextbox.sendKeys("dannt11"): null

12-10-2024T21:47:39 - [TEST_STEP][PASSED] - xpath(xpathOption)).click(): null

12-10-2024T21:47:39 - [TEST_STEP][PASSED] - xpath(xpathBtnSearch)).click(): null

12-10-2024T21:47:40 - [TEST_STEP][PASSED] - Assert.assertEquals(xpath(xpathAccountName)).getText(), username): null

12-10-2024T21:47:41 - [TEST_STEP][PASSED] - xpath(xpathUser)).click(): null

12-10-2024T21:47:41 - [TEST_STEP][PASSED] - xpath(xpathSearchTextbox)).sendKeys("dannt21"): null

12-10-2024T21:47:41 - [TEST_STEP][PASSED] - xpath(xpathClicked)).click(): null

12-10-2024T21:47:42 - [TEST_STEP][PASSED] - xpath(xpathBtnSearch)).click(): null

12-10-2024T21:47:42 - [MESSAGE][PASSED] - Call Test Case 'Test Cases/Quản lý tài khoản merchant/Quản lý danh sách tài khoản/CustomFunctions.groovy' successfully

12-10-2024T21:47:42 - [TEST_STEP][PASSED] - wait = new org.openqa.selenium.support.ui.WebDriverWait(com.kms.katalon.core.webui.driver.DriverFactory.getWebDriver(), 20): null

12-10-2024T21:47:42 - [TEST_STEP][PASSED] - xpath(xpathTranfer)).click(): null

12-10-2024T21:47:43 - [TEST_STEP][PASSED] - textUser = xpath(xpathTextAccount))).getText(): null

12-10-2024T21:47:53 - [TEST_STEP][PASSED] - if (textUser == username): Test case đã pass vì đã vào màn hình chuyển tiền.

12-10-2024T21:47:53 - [TEST_STEP][PASSED] - println("Đã vào màn hình chuyển tiền thành công"): null

12-10-2024T21:47:53 - [TEST_STEP][PASSED] - markPassed("Test case đã pass vì đã vào màn hình chuyển tiền."): Test case đã pass vì đã vào màn hình chuyển tiền.

12-10-2024T21:47:53 - [MESSAGE][PASSED] - Test case đã pass vì đã vào màn hình chuyển tiền.

12-10-2024T21:47:53 - [TEST_STEP][PASSED] - Start listener action : sampleAfterTestCase: null

12-10-2024T21:47:53 - [TEST_STEP][PASSED] - testCaseId = testCaseContext.getTestCaseId(): null

12-10-2024T21:47:53 - [TEST_STEP][PASSED] - if (testCaseId == "Test Cases/Quản lý tài khoản merchant/Quản lý dịch vụ merchant/TC_13_Kiểm tra chức năng xác nhận cấu hình thay đổi VA"): null]]></system-out>
         <system-err><![CDATA[]]></system-err>
      </testcase>
      <testcase name="Test Cases/Quản lý tài khoản merchant/Quản lý danh sách tài khoản/Chuyển tiền/TC_02_Kiểm tra validate khi cùng merchant" time="93.529" classname="Test Cases/Quản lý tài khoản merchant/Quản lý danh sách tài khoản/Chuyển tiền/TC_02_Kiểm tra validate khi cùng merchant" status="PASSED">
         <system-out><![CDATA[12-10-2024T21:47:53 - [TEST_CASE][PASSED] - Test Cases/Quản lý tài khoản merchant/Quản lý danh sách tài khoản/Chuyển tiền/TC_02_Kiểm tra validate khi cùng merchant: Test Cases/Quản lý tài khoản merchant/Quản lý danh sách tài khoản/Chuyển tiền/TC_02_Kiểm tra validate khi cùng merchant

12-10-2024T21:47:53 - [TEST_STEP][PASSED] - Start listener action : sampleBeforeTestCase: Navigate to 'https://stg-cms-console.9pay.mobi/login' successfully

12-10-2024T21:47:53 - [TEST_STEP][PASSED] - testCaseId = testCaseContext.getTestCaseId(): null

12-10-2024T21:47:53 - [TEST_STEP][PASSED] - url = <not implemented yet for class: org.codehaus.groovy.ast.expr.EmptyExpression>: null

12-10-2024T21:47:53 - [TEST_STEP][PASSED] - if (testCaseId == "Test Cases/Quản lý tài khoản merchant/Quản lý dịch vụ merchant/TC_14_Kiểm tra thay đổi sau khi cấu hình VA trên MCV"): null

12-10-2024T21:47:53 - [TEST_STEP][PASSED] - else: null

12-10-2024T21:47:53 - [TEST_STEP][PASSED] - url = "https://stg-cms-console.9pay.mobi/login": null

12-10-2024T21:47:53 - [TEST_STEP][PASSED] - openBrowser(""): Browser is opened with url: ''

12-10-2024T21:47:53 - [MESSAGE][WARNING] - A browser is already opened. Closing browser and opening a new one

12-10-2024T21:47:53 - [MESSAGE][INFO] - Starting 'Chrome' driver

12-10-2024T21:47:53 - [MESSAGE][INFO] - Action delay is set to 0 milliseconds

12-10-2024T21:47:54 - [MESSAGE][PASSED] - Browser is opened with url: ''

12-10-2024T21:47:54 - [TEST_STEP][PASSED] - maximizeWindow(): Current window maximized

12-10-2024T21:47:54 - [MESSAGE][PASSED] - Current window maximized

12-10-2024T21:47:54 - [TEST_STEP][PASSED] - navigateToUrl(url): Navigate to 'https://stg-cms-console.9pay.mobi/login' successfully

12-10-2024T21:47:56 - [MESSAGE][PASSED] - Navigate to 'https://stg-cms-console.9pay.mobi/login' successfully

12-10-2024T21:47:56 - [TEST_STEP][PASSED] - driver = getWebDriver(): null

12-10-2024T21:47:56 - [TEST_STEP][PASSED] - amount = 100000: null

12-10-2024T21:47:56 - [TEST_STEP][PASSED] - amountMax = 9999999999: null

12-10-2024T21:47:56 - [TEST_STEP][PASSED] - callTestCase(findTestCase("Test Cases/Login/LoginCommon"), [:], STOP_ON_FAILURE): Call Test Case 'Test Cases/Login/LoginCommon' successfully

12-10-2024T21:47:56 - [TEST_CASE][PASSED] - Test Cases/Login/LoginCommon: Test Cases/Login/LoginCommon

12-10-2024T21:47:56 - [TEST_STEP][PASSED] - driver = getWebDriver(): null

12-10-2024T21:47:56 - [TEST_STEP][PASSED] - sendKeys(findTestObject("Quản lý tài khoản merchant/Quản lý dịch vụ merchant/userNameTextbox"), userAccount): Keys 'dannt@9pay.vn' sent to object: 'Object Repository/Quản lý tài khoản merchant/Quản lý dịch vụ merchant/userNameTextbox'

12-10-2024T21:47:57 - [MESSAGE][PASSED] - Keys 'dannt@9pay.vn' sent to object: 'Object Repository/Quản lý tài khoản merchant/Quản lý dịch vụ merchant/userNameTextbox'

12-10-2024T21:47:57 - [TEST_STEP][PASSED] - sendKeys(findTestObject("Quản lý tài khoản merchant/Quản lý dịch vụ merchant/passwordTextbox"), password): Keys 'dannt@9pay.vn' sent to object: 'Object Repository/Quản lý tài khoản merchant/Quản lý dịch vụ merchant/passwordTextbox'

12-10-2024T21:47:57 - [MESSAGE][PASSED] - Keys 'dannt@9pay.vn' sent to object: 'Object Repository/Quản lý tài khoản merchant/Quản lý dịch vụ merchant/passwordTextbox'

12-10-2024T21:47:57 - [TEST_STEP][PASSED] - click(findTestObject("Quản lý tài khoản merchant/Quản lý dịch vụ merchant/loginButton")): Object: 'Object Repository/Quản lý tài khoản merchant/Quản lý dịch vụ merchant/loginButton' is clicked on

12-10-2024T21:47:57 - [MESSAGE][PASSED] - Object: 'Object Repository/Quản lý tài khoản merchant/Quản lý dịch vụ merchant/loginButton' is clicked on

12-10-2024T21:47:57 - [MESSAGE][PASSED] - Call Test Case 'Test Cases/Login/LoginCommon' successfully

12-10-2024T21:47:57 - [TEST_STEP][PASSED] - waitForElementVisible(findTestObject("Trang chủ/userName"), 10, STOP_ON_FAILURE): Object 'Object Repository/Trang chủ/userName' is visible

12-10-2024T21:48:01 - [MESSAGE][PASSED] - Object 'Object Repository/Trang chủ/userName' is visible

12-10-2024T21:48:01 - [TEST_STEP][PASSED] - callTestCase(findTestCase("Test Cases/Quản lý tài khoản merchant/Quản lý danh sách tài khoản/CustomFunctions.groovy"), [:], STOP_ON_FAILURE): Call Test Case 'Test Cases/Quản lý tài khoản merchant/Quản lý danh sách tài khoản/CustomFunctions.groovy' successfully

12-10-2024T21:48:01 - [TEST_CASE][PASSED] - Test Cases/Quản lý tài khoản merchant/Quản lý danh sách tài khoản/CustomFunctions.groovy: Test Cases/Quản lý tài khoản merchant/Quản lý danh sách tài khoản/CustomFunctions.groovy

12-10-2024T21:48:01 - [TEST_STEP][PASSED] - driver = getWebDriver(): null

12-10-2024T21:48:01 - [TEST_STEP][PASSED] - sleep(2000): null

12-10-2024T21:48:03 - [TEST_STEP][PASSED] - element1 = driver.findElement(By.xpath(xpathManagerMC)): null

12-10-2024T21:48:03 - [TEST_STEP][PASSED] - actions = new org.openqa.selenium.interactions.Actions(driver): null

12-10-2024T21:48:03 - [TEST_STEP][PASSED] - click().perform(): null

12-10-2024T21:48:03 - [TEST_STEP][PASSED] - wait = new org.openqa.selenium.support.ui.WebDriverWait(com.kms.katalon.core.webui.driver.DriverFactory.getWebDriver(), 20): null

12-10-2024T21:48:03 - [TEST_STEP][PASSED] - element2 = wait.until(ExpectedConditions.elementToBeClickable(By.xpath(xpathManagerListAccount))): null

12-10-2024T21:48:03 - [TEST_STEP][PASSED] - click().perform(): null

12-10-2024T21:48:04 - [TEST_STEP][PASSED] - wait.until(ExpectedConditions.visibilityOfElementLocated(By.xpath(xpathUserCode))): null

12-10-2024T21:48:15 - [TEST_STEP][PASSED] - xpath(xpathBtnAccount))).click(): null

12-10-2024T21:48:15 - [TEST_STEP][PASSED] - searchTextbox = wait.until(ExpectedConditions.elementToBeClickable(By.xpath(xpathSearchTextbox))): null

12-10-2024T21:48:15 - [TEST_STEP][PASSED] - searchTextbox.sendKeys("dannt11"): null

12-10-2024T21:48:15 - [TEST_STEP][PASSED] - xpath(xpathOption)).click(): null

12-10-2024T21:48:16 - [TEST_STEP][PASSED] - xpath(xpathBtnSearch)).click(): null

12-10-2024T21:48:16 - [TEST_STEP][PASSED] - Assert.assertEquals(xpath(xpathAccountName)).getText(), username): null

12-10-2024T21:48:17 - [TEST_STEP][PASSED] - xpath(xpathUser)).click(): null

12-10-2024T21:48:17 - [TEST_STEP][PASSED] - xpath(xpathSearchTextbox)).sendKeys("dannt21"): null

12-10-2024T21:48:18 - [TEST_STEP][PASSED] - xpath(xpathClicked)).click(): null

12-10-2024T21:48:18 - [TEST_STEP][PASSED] - xpath(xpathBtnSearch)).click(): null

12-10-2024T21:48:18 - [MESSAGE][PASSED] - Call Test Case 'Test Cases/Quản lý tài khoản merchant/Quản lý danh sách tài khoản/CustomFunctions.groovy' successfully

12-10-2024T21:48:18 - [TEST_STEP][PASSED] - wait = new org.openqa.selenium.support.ui.WebDriverWait(com.kms.katalon.core.webui.driver.DriverFactory.getWebDriver(), 20): null

12-10-2024T21:48:18 - [TEST_STEP][PASSED] - xpath(xpathTranfer)).click(): null

12-10-2024T21:48:19 - [TEST_STEP][PASSED] - wait.until(ExpectedConditions.visibilityOfElementLocated(By.xpath(xpathTextAccount))): null

12-10-2024T21:48:25 - [TEST_STEP][PASSED] - xpath(xpathTaiKhoanNhan)).click(): null

12-10-2024T21:48:25 - [TEST_STEP][PASSED] - xpath(xpathSearchTextbox1)).sendKeys(username): null

12-10-2024T21:48:26 - [TEST_STEP][PASSED] - xpath(xpathClicked)).click(): null

12-10-2024T21:48:26 - [TEST_STEP][PASSED] - xpath(xpathConfirm)).click(): null

12-10-2024T21:48:27 - [TEST_STEP][PASSED] - Assert.assertEquals(xpath(xpathChonViChuyen1)).getText(), "Vui lòng chọn ví chuyển."): null

12-10-2024T21:48:27 - [TEST_STEP][PASSED] - Assert.assertEquals(xpath(xpathNhapSoTienChuyen)).getText(), "Vui lòng nhập số tiền chuyển."): null

12-10-2024T21:48:27 - [TEST_STEP][PASSED] - Assert.assertEquals(xpath(xpathChonViNhan1)).getText(), "Vui lòng chọn ví nhận."): null

12-10-2024T21:48:28 - [TEST_STEP][PASSED] - navigate().refresh(): null

12-10-2024T21:48:28 - [TEST_STEP][PASSED] - wait.until(ExpectedConditions.visibilityOfElementLocated(By.xpath(xpathTextAccount))): null

12-10-2024T21:48:33 - [TEST_STEP][PASSED] - xpath(xpathDepositTextbox)).sendKeys(amount): null

12-10-2024T21:48:33 - [TEST_STEP][PASSED] - xpath(xpathTaiKhoanNhan)).click(): null

12-10-2024T21:48:34 - [TEST_STEP][PASSED] - xpath(xpathSearchTextbox1)).sendKeys(username): null

12-10-2024T21:48:34 - [TEST_STEP][PASSED] - xpath(xpathClicked)).click(): null

12-10-2024T21:48:34 - [TEST_STEP][PASSED] - xpath(xpathChonViNhan)).click(): null

12-10-2024T21:48:35 - [TEST_STEP][PASSED] - xpath(xpathThuHo)).click(): null

12-10-2024T21:48:35 - [TEST_STEP][PASSED] - xpath(xpathConfirm)).click(): null

12-10-2024T21:48:35 - [TEST_STEP][PASSED] - Assert.assertEquals(xpath(xpathChonViChuyen1)).getText(), "Vui lòng chọn ví chuyển."): null

12-10-2024T21:48:36 - [TEST_STEP][PASSED] - navigate().refresh(): null

12-10-2024T21:48:36 - [TEST_STEP][PASSED] - wait.until(ExpectedConditions.visibilityOfElementLocated(By.xpath(xpathTextAccount))): null

12-10-2024T21:48:41 - [TEST_STEP][PASSED] - xpath(xpathDepositTextbox)).sendKeys(amount): null

12-10-2024T21:48:41 - [TEST_STEP][PASSED] - xpath(xpathTaiKhoanNhan)).click(): null

12-10-2024T21:48:42 - [TEST_STEP][PASSED] - xpath(xpathSearchTextbox1)).sendKeys(username): null

12-10-2024T21:48:42 - [TEST_STEP][PASSED] - xpath(xpathClicked)).click(): null

12-10-2024T21:48:42 - [TEST_STEP][PASSED] - xpath(xpathChonViChuyen)).click(): null

12-10-2024T21:48:43 - [TEST_STEP][PASSED] - xpath(xpathThuHo1)).click(): null

12-10-2024T21:48:43 - [TEST_STEP][PASSED] - xpath(xpathConfirm)).click(): null

12-10-2024T21:48:44 - [TEST_STEP][PASSED] - Assert.assertEquals(xpath(xpathChonViNhan1)).getText(), "Vui lòng chọn ví nhận."): null

12-10-2024T21:48:44 - [TEST_STEP][PASSED] - navigate().refresh(): null

12-10-2024T21:48:44 - [TEST_STEP][PASSED] - wait.until(ExpectedConditions.visibilityOfElementLocated(By.xpath(xpathTextAccount))): null

12-10-2024T21:48:49 - [TEST_STEP][PASSED] - xpath(xpathTaiKhoanNhan)).click(): null

12-10-2024T21:48:50 - [TEST_STEP][PASSED] - xpath(xpathSearchTextbox1)).sendKeys(username): null

12-10-2024T21:48:50 - [TEST_STEP][PASSED] - xpath(xpathClicked)).click(): null

12-10-2024T21:48:50 - [TEST_STEP][PASSED] - xpath(xpathChonViChuyen)).click(): null

12-10-2024T21:48:51 - [TEST_STEP][PASSED] - xpath(xpathThuHo1)).click(): null

12-10-2024T21:48:51 - [TEST_STEP][PASSED] - xpath(xpathChonViNhan)).click(): null

12-10-2024T21:48:52 - [TEST_STEP][PASSED] - xpath(xpathThuHo)).click(): null

12-10-2024T21:48:52 - [TEST_STEP][PASSED] - xpath(xpathConfirm)).click(): null

12-10-2024T21:48:52 - [TEST_STEP][PASSED] - Assert.assertEquals(xpath(xpathNhapSoTienChuyen)).getText(), "Vui lòng nhập số tiền chuyển."): null

12-10-2024T21:48:53 - [TEST_STEP][PASSED] - navigate().refresh(): null

12-10-2024T21:48:53 - [TEST_STEP][PASSED] - wait.until(ExpectedConditions.visibilityOfElementLocated(By.xpath(xpathTextAccount))): null

12-10-2024T21:49:13 - [TEST_STEP][PASSED] - xpath(xpathTaiKhoanNhan)).click(): null

12-10-2024T21:49:13 - [TEST_STEP][PASSED] - xpath(xpathSearchTextbox1)).sendKeys(username): null

12-10-2024T21:49:14 - [TEST_STEP][PASSED] - xpath(xpathClicked)).click(): null

12-10-2024T21:49:14 - [TEST_STEP][PASSED] - xpath(xpathDepositTextbox)).sendKeys(amountMax): null

12-10-2024T21:49:14 - [TEST_STEP][PASSED] - xpath(xpathChonViNhan)).click(): null

12-10-2024T21:49:15 - [TEST_STEP][PASSED] - xpath(xpathChiHo2)).click(): null

12-10-2024T21:49:15 - [TEST_STEP][PASSED] - xpath(xpathChonViChuyen)).click(): null

12-10-2024T21:49:15 - [TEST_STEP][PASSED] - xpath(xpathThuHo1)).click(): null

12-10-2024T21:49:16 - [TEST_STEP][PASSED] - xpath(xpathConfirm)).click(): null

12-10-2024T21:49:16 - [TEST_STEP][PASSED] - Assert.assertEquals(xpath(xpathKhongDuTien)).getText(), "Tài khoản ví không đủ tiền để thực hiện giao dịch"): null

12-10-2024T21:49:17 - [TEST_STEP][PASSED] - navigate().refresh(): null

12-10-2024T21:49:17 - [TEST_STEP][PASSED] - wait.until(ExpectedConditions.visibilityOfElementLocated(By.xpath(xpathTextAccount))): null

12-10-2024T21:49:22 - [TEST_STEP][PASSED] - xpath(xpathTaiKhoanNhan)).click(): null

12-10-2024T21:49:23 - [TEST_STEP][PASSED] - xpath(xpathSearchTextbox1)).sendKeys(username): null

12-10-2024T21:49:23 - [TEST_STEP][PASSED] - xpath(xpathClicked)).click(): null

12-10-2024T21:49:23 - [TEST_STEP][PASSED] - xpath(xpathDepositTextbox)).sendKeys(amount): null

12-10-2024T21:49:24 - [TEST_STEP][PASSED] - xpath(xpathChonViNhan)).click(): null

12-10-2024T21:49:24 - [TEST_STEP][PASSED] - xpath(xpathThuHo)).click(): null

12-10-2024T21:49:24 - [TEST_STEP][PASSED] - xpath(xpathChonViChuyen)).click(): null

12-10-2024T21:49:25 - [TEST_STEP][PASSED] - xpath(xpathThuHo1)).click(): null

12-10-2024T21:49:25 - [TEST_STEP][PASSED] - xpath(xpathConfirm)).click(): null

12-10-2024T21:49:26 - [TEST_STEP][PASSED] - xpath(xpathDepositOkBtn)).click(): null

12-10-2024T21:49:27 - [TEST_STEP][PASSED] - Assert.assertEquals(xpath(xpathViNhanKhacViChuyen)).getText(), "Ví nhận phải khác ví chuyển"): null

12-10-2024T21:49:27 - [TEST_STEP][PASSED] - Start listener action : sampleAfterTestCase: null

12-10-2024T21:49:27 - [TEST_STEP][PASSED] - testCaseId = testCaseContext.getTestCaseId(): null

12-10-2024T21:49:27 - [TEST_STEP][PASSED] - if (testCaseId == "Test Cases/Quản lý tài khoản merchant/Quản lý dịch vụ merchant/TC_13_Kiểm tra chức năng xác nhận cấu hình thay đổi VA"): null]]></system-out>
         <system-err><![CDATA[]]></system-err>
      </testcase>
      <testcase name="Test Cases/Quản lý tài khoản merchant/Quản lý danh sách tài khoản/Chuyển tiền/TC_03_Kiểm tra validate khi khác merchant" time="77.643" classname="Test Cases/Quản lý tài khoản merchant/Quản lý danh sách tài khoản/Chuyển tiền/TC_03_Kiểm tra validate khi khác merchant" status="PASSED">
         <system-out><![CDATA[12-10-2024T21:49:27 - [TEST_CASE][PASSED] - Test Cases/Quản lý tài khoản merchant/Quản lý danh sách tài khoản/Chuyển tiền/TC_03_Kiểm tra validate khi khác merchant: Test Cases/Quản lý tài khoản merchant/Quản lý danh sách tài khoản/Chuyển tiền/TC_03_Kiểm tra validate khi khác merchant

12-10-2024T21:49:27 - [TEST_STEP][PASSED] - Start listener action : sampleBeforeTestCase: Navigate to 'https://stg-cms-console.9pay.mobi/login' successfully

12-10-2024T21:49:27 - [TEST_STEP][PASSED] - testCaseId = testCaseContext.getTestCaseId(): null

12-10-2024T21:49:27 - [TEST_STEP][PASSED] - url = <not implemented yet for class: org.codehaus.groovy.ast.expr.EmptyExpression>: null

12-10-2024T21:49:27 - [TEST_STEP][PASSED] - if (testCaseId == "Test Cases/Quản lý tài khoản merchant/Quản lý dịch vụ merchant/TC_14_Kiểm tra thay đổi sau khi cấu hình VA trên MCV"): null

12-10-2024T21:49:27 - [TEST_STEP][PASSED] - else: null

12-10-2024T21:49:27 - [TEST_STEP][PASSED] - url = "https://stg-cms-console.9pay.mobi/login": null

12-10-2024T21:49:27 - [TEST_STEP][PASSED] - openBrowser(""): Browser is opened with url: ''

12-10-2024T21:49:27 - [MESSAGE][WARNING] - A browser is already opened. Closing browser and opening a new one

12-10-2024T21:49:27 - [MESSAGE][INFO] - Starting 'Chrome' driver

12-10-2024T21:49:27 - [MESSAGE][INFO] - Action delay is set to 0 milliseconds

12-10-2024T21:49:28 - [MESSAGE][PASSED] - Browser is opened with url: ''

12-10-2024T21:49:28 - [TEST_STEP][PASSED] - maximizeWindow(): Current window maximized

12-10-2024T21:49:28 - [MESSAGE][PASSED] - Current window maximized

12-10-2024T21:49:28 - [TEST_STEP][PASSED] - navigateToUrl(url): Navigate to 'https://stg-cms-console.9pay.mobi/login' successfully

12-10-2024T21:49:28 - [MESSAGE][PASSED] - Navigate to 'https://stg-cms-console.9pay.mobi/login' successfully

12-10-2024T21:49:28 - [TEST_STEP][PASSED] - driver = getWebDriver(): null

12-10-2024T21:49:28 - [TEST_STEP][PASSED] - amount = 100000: null

12-10-2024T21:49:28 - [TEST_STEP][PASSED] - amountMax = 9999999999: null

12-10-2024T21:49:28 - [TEST_STEP][PASSED] - callTestCase(findTestCase("Test Cases/Login/LoginCommon"), [:], STOP_ON_FAILURE): Call Test Case 'Test Cases/Login/LoginCommon' successfully

12-10-2024T21:49:28 - [TEST_CASE][PASSED] - Test Cases/Login/LoginCommon: Test Cases/Login/LoginCommon

12-10-2024T21:49:28 - [TEST_STEP][PASSED] - driver = getWebDriver(): null

12-10-2024T21:49:28 - [TEST_STEP][PASSED] - sendKeys(findTestObject("Quản lý tài khoản merchant/Quản lý dịch vụ merchant/userNameTextbox"), userAccount): Keys 'dannt@9pay.vn' sent to object: 'Object Repository/Quản lý tài khoản merchant/Quản lý dịch vụ merchant/userNameTextbox'

12-10-2024T21:49:32 - [MESSAGE][PASSED] - Keys 'dannt@9pay.vn' sent to object: 'Object Repository/Quản lý tài khoản merchant/Quản lý dịch vụ merchant/userNameTextbox'

12-10-2024T21:49:32 - [TEST_STEP][PASSED] - sendKeys(findTestObject("Quản lý tài khoản merchant/Quản lý dịch vụ merchant/passwordTextbox"), password): Keys 'dannt@9pay.vn' sent to object: 'Object Repository/Quản lý tài khoản merchant/Quản lý dịch vụ merchant/passwordTextbox'

12-10-2024T21:49:33 - [MESSAGE][PASSED] - Keys 'dannt@9pay.vn' sent to object: 'Object Repository/Quản lý tài khoản merchant/Quản lý dịch vụ merchant/passwordTextbox'

12-10-2024T21:49:33 - [TEST_STEP][PASSED] - click(findTestObject("Quản lý tài khoản merchant/Quản lý dịch vụ merchant/loginButton")): Object: 'Object Repository/Quản lý tài khoản merchant/Quản lý dịch vụ merchant/loginButton' is clicked on

12-10-2024T21:49:33 - [MESSAGE][PASSED] - Object: 'Object Repository/Quản lý tài khoản merchant/Quản lý dịch vụ merchant/loginButton' is clicked on

12-10-2024T21:49:33 - [MESSAGE][PASSED] - Call Test Case 'Test Cases/Login/LoginCommon' successfully

12-10-2024T21:49:33 - [TEST_STEP][PASSED] - waitForElementVisible(findTestObject("Trang chủ/userName"), 10, STOP_ON_FAILURE): Object 'Object Repository/Trang chủ/userName' is visible

12-10-2024T21:49:36 - [MESSAGE][PASSED] - Object 'Object Repository/Trang chủ/userName' is visible

12-10-2024T21:49:36 - [TEST_STEP][PASSED] - callTestCase(findTestCase("Test Cases/Quản lý tài khoản merchant/Quản lý danh sách tài khoản/CustomFunctions.groovy"), [:], STOP_ON_FAILURE): Call Test Case 'Test Cases/Quản lý tài khoản merchant/Quản lý danh sách tài khoản/CustomFunctions.groovy' successfully

12-10-2024T21:49:36 - [TEST_CASE][PASSED] - Test Cases/Quản lý tài khoản merchant/Quản lý danh sách tài khoản/CustomFunctions.groovy: Test Cases/Quản lý tài khoản merchant/Quản lý danh sách tài khoản/CustomFunctions.groovy

12-10-2024T21:49:36 - [TEST_STEP][PASSED] - driver = getWebDriver(): null

12-10-2024T21:49:36 - [TEST_STEP][PASSED] - sleep(2000): null

12-10-2024T21:49:38 - [TEST_STEP][PASSED] - element1 = driver.findElement(By.xpath(xpathManagerMC)): null

12-10-2024T21:49:39 - [TEST_STEP][PASSED] - actions = new org.openqa.selenium.interactions.Actions(driver): null

12-10-2024T21:49:39 - [TEST_STEP][PASSED] - click().perform(): null

12-10-2024T21:49:39 - [TEST_STEP][PASSED] - wait = new org.openqa.selenium.support.ui.WebDriverWait(com.kms.katalon.core.webui.driver.DriverFactory.getWebDriver(), 20): null

12-10-2024T21:49:39 - [TEST_STEP][PASSED] - element2 = wait.until(ExpectedConditions.elementToBeClickable(By.xpath(xpathManagerListAccount))): null

12-10-2024T21:49:39 - [TEST_STEP][PASSED] - click().perform(): null

12-10-2024T21:49:39 - [TEST_STEP][PASSED] - wait.until(ExpectedConditions.visibilityOfElementLocated(By.xpath(xpathUserCode))): null

12-10-2024T21:49:43 - [TEST_STEP][PASSED] - xpath(xpathBtnAccount))).click(): null

12-10-2024T21:49:44 - [TEST_STEP][PASSED] - searchTextbox = wait.until(ExpectedConditions.elementToBeClickable(By.xpath(xpathSearchTextbox))): null

12-10-2024T21:49:44 - [TEST_STEP][PASSED] - searchTextbox.sendKeys("dannt11"): null

12-10-2024T21:49:44 - [TEST_STEP][PASSED] - xpath(xpathOption)).click(): null

12-10-2024T21:49:45 - [TEST_STEP][PASSED] - xpath(xpathBtnSearch)).click(): null

12-10-2024T21:49:45 - [TEST_STEP][PASSED] - Assert.assertEquals(xpath(xpathAccountName)).getText(), username): null

12-10-2024T21:49:46 - [TEST_STEP][PASSED] - xpath(xpathUser)).click(): null

12-10-2024T21:49:46 - [TEST_STEP][PASSED] - xpath(xpathSearchTextbox)).sendKeys("dannt21"): null

12-10-2024T21:49:46 - [TEST_STEP][PASSED] - xpath(xpathClicked)).click(): null

12-10-2024T21:49:47 - [TEST_STEP][PASSED] - xpath(xpathBtnSearch)).click(): null

12-10-2024T21:49:47 - [MESSAGE][PASSED] - Call Test Case 'Test Cases/Quản lý tài khoản merchant/Quản lý danh sách tài khoản/CustomFunctions.groovy' successfully

12-10-2024T21:49:47 - [TEST_STEP][PASSED] - wait = new org.openqa.selenium.support.ui.WebDriverWait(com.kms.katalon.core.webui.driver.DriverFactory.getWebDriver(), 20): null

12-10-2024T21:49:47 - [TEST_STEP][PASSED] - xpath(xpathTranfer)).click(): null

12-10-2024T21:49:48 - [TEST_STEP][PASSED] - wait.until(ExpectedConditions.visibilityOfElementLocated(By.xpath(xpathTextAccount))): null

12-10-2024T21:49:54 - [TEST_STEP][PASSED] - xpath(xpathTaiKhoanNhan)).click(): null

12-10-2024T21:49:54 - [TEST_STEP][PASSED] - xpath(xpathSearchTextbox1)).sendKeys(username1): null

12-10-2024T21:49:54 - [TEST_STEP][PASSED] - xpath(xpathClicked)).click(): null

12-10-2024T21:49:55 - [TEST_STEP][PASSED] - xpath(xpathBtnConfirm)).click(): null

12-10-2024T21:49:55 - [TEST_STEP][PASSED] - wait.until(ExpectedConditions.elementToBeClickable(By.xpath(BtnOkXpath))): null

12-10-2024T21:49:55 - [TEST_STEP][PASSED] - Assert.assertEquals(xpath(xpathChuyenKhacMC)).getText(), "Bạn đang chuyển tiền khác sub-merchant?"): null

12-10-2024T21:49:56 - [TEST_STEP][PASSED] - xpath(BtnOkXpath)).click(): null

12-10-2024T21:49:56 - [TEST_STEP][PASSED] - Assert.assertEquals(xpath(xpathChonViChuyen1)).getText(), "Vui lòng chọn ví chuyển."): null

12-10-2024T21:49:56 - [TEST_STEP][PASSED] - Assert.assertEquals(xpath(xpathNhapSoTienChuyen)).getText(), "Vui lòng nhập số tiền chuyển."): null

12-10-2024T21:49:57 - [TEST_STEP][PASSED] - Assert.assertEquals(xpath(xpathChonViNhan1)).getText(), "Vui lòng chọn ví nhận."): null

12-10-2024T21:49:57 - [TEST_STEP][PASSED] - navigate().refresh(): null

12-10-2024T21:49:57 - [TEST_STEP][PASSED] - wait.until(ExpectedConditions.visibilityOfElementLocated(By.xpath(xpathTextAccount))): null

12-10-2024T21:50:08 - [TEST_STEP][PASSED] - xpath(xpathDepositTextbox)).sendKeys(amount): null

12-10-2024T21:50:09 - [TEST_STEP][PASSED] - xpath(xpathTaiKhoanNhan)).click(): null

12-10-2024T21:50:09 - [TEST_STEP][PASSED] - xpath(xpathSearchTextbox1)).sendKeys(username1): null

12-10-2024T21:50:09 - [TEST_STEP][PASSED] - xpath(xpathClicked)).click(): null

12-10-2024T21:50:09 - [TEST_STEP][PASSED] - xpath(xpathChonViNhan)).click(): null

12-10-2024T21:50:10 - [TEST_STEP][PASSED] - xpath(xpathThuHo)).click(): null

12-10-2024T21:50:10 - [TEST_STEP][PASSED] - xpath(xpathBtnConfirm)).click(): null

12-10-2024T21:50:11 - [TEST_STEP][PASSED] - wait.until(ExpectedConditions.elementToBeClickable(By.xpath(BtnOkXpath))): null

12-10-2024T21:50:11 - [TEST_STEP][PASSED] - Assert.assertEquals(xpath(xpathChuyenKhacMC)).getText(), "Bạn đang chuyển tiền khác sub-merchant?"): null

12-10-2024T21:50:11 - [TEST_STEP][PASSED] - xpath(BtnOkXpath)).click(): null

12-10-2024T21:50:12 - [TEST_STEP][PASSED] - Assert.assertEquals(xpath(xpathChonViChuyen1)).getText(), "Vui lòng chọn ví chuyển."): null

12-10-2024T21:50:12 - [TEST_STEP][PASSED] - navigate().refresh(): null

12-10-2024T21:50:12 - [TEST_STEP][PASSED] - wait.until(ExpectedConditions.visibilityOfElementLocated(By.xpath(xpathTextAccount))): null

12-10-2024T21:50:21 - [TEST_STEP][PASSED] - xpath(xpathDepositTextbox)).sendKeys(amount): null

12-10-2024T21:50:22 - [TEST_STEP][PASSED] - xpath(xpathTaiKhoanNhan)).click(): null

12-10-2024T21:50:22 - [TEST_STEP][PASSED] - xpath(xpathSearchTextbox1)).sendKeys(username1): null

12-10-2024T21:50:22 - [TEST_STEP][PASSED] - xpath(xpathClicked)).click(): null

12-10-2024T21:50:23 - [TEST_STEP][PASSED] - xpath(xpathChonViChuyen)).click(): null

12-10-2024T21:50:23 - [TEST_STEP][PASSED] - xpath(xpathThuHo1)).click(): null

12-10-2024T21:50:23 - [TEST_STEP][PASSED] - xpath(xpathBtnConfirm)).click(): null

12-10-2024T21:50:24 - [TEST_STEP][PASSED] - wait.until(ExpectedConditions.elementToBeClickable(By.xpath(BtnOkXpath))): null

12-10-2024T21:50:24 - [TEST_STEP][PASSED] - Assert.assertEquals(xpath(xpathChuyenKhacMC)).getText(), "Bạn đang chuyển tiền khác sub-merchant?"): null

12-10-2024T21:50:25 - [TEST_STEP][PASSED] - xpath(BtnOkXpath)).click(): null

12-10-2024T21:50:25 - [TEST_STEP][PASSED] - Assert.assertEquals(xpath(xpathChonViNhan1)).getText(), "Vui lòng chọn ví nhận."): null

12-10-2024T21:50:25 - [TEST_STEP][PASSED] - navigate().refresh(): null

12-10-2024T21:50:25 - [TEST_STEP][PASSED] - wait.until(ExpectedConditions.visibilityOfElementLocated(By.xpath(xpathTextAccount))): null

12-10-2024T21:50:30 - [TEST_STEP][PASSED] - xpath(xpathTaiKhoanNhan)).click(): null

12-10-2024T21:50:30 - [TEST_STEP][PASSED] - xpath(xpathSearchTextbox1)).sendKeys(username1): null

12-10-2024T21:50:31 - [TEST_STEP][PASSED] - xpath(xpathClicked)).click(): null

12-10-2024T21:50:31 - [TEST_STEP][PASSED] - xpath(xpathChonViChuyen)).click(): null

12-10-2024T21:50:32 - [TEST_STEP][PASSED] - xpath(xpathThuHo1)).click(): null

12-10-2024T21:50:32 - [TEST_STEP][PASSED] - xpath(xpathChonViNhan)).click(): null

12-10-2024T21:50:32 - [TEST_STEP][PASSED] - xpath(xpathThuHo)).click(): null

12-10-2024T21:50:33 - [TEST_STEP][PASSED] - xpath(xpathBtnConfirm)).click(): null

12-10-2024T21:50:33 - [TEST_STEP][PASSED] - wait.until(ExpectedConditions.elementToBeClickable(By.xpath(BtnOkXpath))): null

12-10-2024T21:50:34 - [TEST_STEP][PASSED] - Assert.assertEquals(xpath(xpathChuyenKhacMC)).getText(), "Bạn đang chuyển tiền khác sub-merchant?"): null

12-10-2024T21:50:34 - [TEST_STEP][PASSED] - xpath(BtnOkXpath)).click(): null

12-10-2024T21:50:34 - [TEST_STEP][PASSED] - Assert.assertEquals(xpath(xpathNhapSoTienChuyen)).getText(), "Vui lòng nhập số tiền chuyển."): null

12-10-2024T21:50:34 - [TEST_STEP][PASSED] - navigate().refresh(): null

12-10-2024T21:50:35 - [TEST_STEP][PASSED] - wait.until(ExpectedConditions.visibilityOfElementLocated(By.xpath(xpathTextAccount))): null

12-10-2024T21:50:39 - [TEST_STEP][PASSED] - xpath(xpathTaiKhoanNhan)).click(): null

12-10-2024T21:50:40 - [TEST_STEP][PASSED] - xpath(xpathSearchTextbox1)).sendKeys(username1): null

12-10-2024T21:50:40 - [TEST_STEP][PASSED] - xpath(xpathClicked)).click(): null

12-10-2024T21:50:40 - [TEST_STEP][PASSED] - xpath(xpathDepositTextbox)).sendKeys(amountMax): null

12-10-2024T21:50:41 - [TEST_STEP][PASSED] - xpath(xpathChonViNhan)).click(): null

12-10-2024T21:50:41 - [TEST_STEP][PASSED] - xpath(xpathChiHo2)).click(): null

12-10-2024T21:50:41 - [TEST_STEP][PASSED] - xpath(xpathChonViChuyen)).click(): null

12-10-2024T21:50:42 - [TEST_STEP][PASSED] - xpath(xpathThuHo1)).click(): null

12-10-2024T21:50:42 - [TEST_STEP][PASSED] - xpath(xpathBtnConfirm)).click(): null

12-10-2024T21:50:43 - [TEST_STEP][PASSED] - wait.until(ExpectedConditions.elementToBeClickable(By.xpath(BtnOkXpath))): null

12-10-2024T21:50:43 - [TEST_STEP][PASSED] - Assert.assertEquals(xpath(xpathChuyenKhacMC)).getText(), "Bạn đang chuyển tiền khác sub-merchant?"): null

12-10-2024T21:50:43 - [TEST_STEP][PASSED] - xpath(BtnOkXpath)).click(): null

12-10-2024T21:50:44 - [TEST_STEP][PASSED] - Assert.assertEquals(xpath(xpathSoDuKhaDungKhongDu)).getText(), "Số dư khả dụng không đủ để thực hiện giao dịch"): null

12-10-2024T21:50:44 - [TEST_STEP][PASSED] - xpath(xpathDepositOkBtn)).click(): null

12-10-2024T21:50:44 - [TEST_STEP][PASSED] - Start listener action : sampleAfterTestCase: null

12-10-2024T21:50:44 - [TEST_STEP][PASSED] - testCaseId = testCaseContext.getTestCaseId(): null

12-10-2024T21:50:44 - [TEST_STEP][PASSED] - if (testCaseId == "Test Cases/Quản lý tài khoản merchant/Quản lý dịch vụ merchant/TC_13_Kiểm tra chức năng xác nhận cấu hình thay đổi VA"): null]]></system-out>
         <system-err><![CDATA[]]></system-err>
      </testcase>
      <testcase name="Test Cases/Quản lý tài khoản merchant/Quản lý danh sách tài khoản/Chuyển tiền/TC_04_Kiểm tra khi chuyển tiền thành công cùng merchant" time="53.812" classname="Test Cases/Quản lý tài khoản merchant/Quản lý danh sách tài khoản/Chuyển tiền/TC_04_Kiểm tra khi chuyển tiền thành công cùng merchant" status="PASSED">
         <system-out><![CDATA[12-10-2024T21:50:44 - [TEST_CASE][PASSED] - Test Cases/Quản lý tài khoản merchant/Quản lý danh sách tài khoản/Chuyển tiền/TC_04_Kiểm tra khi chuyển tiền thành công cùng merchant: Test Cases/Quản lý tài khoản merchant/Quản lý danh sách tài khoản/Chuyển tiền/TC_04_Kiểm tra khi chuyển tiền thành công cùng merchant

12-10-2024T21:50:44 - [TEST_STEP][PASSED] - Start listener action : sampleBeforeTestCase: Navigate to 'https://stg-cms-console.9pay.mobi/login' successfully

12-10-2024T21:50:44 - [TEST_STEP][PASSED] - testCaseId = testCaseContext.getTestCaseId(): null

12-10-2024T21:50:44 - [TEST_STEP][PASSED] - url = <not implemented yet for class: org.codehaus.groovy.ast.expr.EmptyExpression>: null

12-10-2024T21:50:44 - [TEST_STEP][PASSED] - if (testCaseId == "Test Cases/Quản lý tài khoản merchant/Quản lý dịch vụ merchant/TC_14_Kiểm tra thay đổi sau khi cấu hình VA trên MCV"): null

12-10-2024T21:50:44 - [TEST_STEP][PASSED] - else: null

12-10-2024T21:50:44 - [TEST_STEP][PASSED] - url = "https://stg-cms-console.9pay.mobi/login": null

12-10-2024T21:50:44 - [TEST_STEP][PASSED] - openBrowser(""): Browser is opened with url: ''

12-10-2024T21:50:44 - [MESSAGE][WARNING] - A browser is already opened. Closing browser and opening a new one

12-10-2024T21:50:45 - [MESSAGE][INFO] - Starting 'Chrome' driver

12-10-2024T21:50:45 - [MESSAGE][INFO] - Action delay is set to 0 milliseconds

12-10-2024T21:50:45 - [MESSAGE][PASSED] - Browser is opened with url: ''

12-10-2024T21:50:45 - [TEST_STEP][PASSED] - maximizeWindow(): Current window maximized

12-10-2024T21:50:46 - [MESSAGE][PASSED] - Current window maximized

12-10-2024T21:50:46 - [TEST_STEP][PASSED] - navigateToUrl(url): Navigate to 'https://stg-cms-console.9pay.mobi/login' successfully

12-10-2024T21:50:49 - [MESSAGE][PASSED] - Navigate to 'https://stg-cms-console.9pay.mobi/login' successfully

12-10-2024T21:50:49 - [TEST_STEP][PASSED] - driver = getWebDriver(): null

12-10-2024T21:50:49 - [TEST_STEP][PASSED] - amount = 100000: null

12-10-2024T21:50:49 - [TEST_STEP][PASSED] - callTestCase(findTestCase("Test Cases/Login/LoginCommon"), [:], STOP_ON_FAILURE): Call Test Case 'Test Cases/Login/LoginCommon' successfully

12-10-2024T21:50:49 - [TEST_CASE][PASSED] - Test Cases/Login/LoginCommon: Test Cases/Login/LoginCommon

12-10-2024T21:50:49 - [TEST_STEP][PASSED] - driver = getWebDriver(): null

12-10-2024T21:50:49 - [TEST_STEP][PASSED] - sendKeys(findTestObject("Quản lý tài khoản merchant/Quản lý dịch vụ merchant/userNameTextbox"), userAccount): Keys 'dannt@9pay.vn' sent to object: 'Object Repository/Quản lý tài khoản merchant/Quản lý dịch vụ merchant/userNameTextbox'

12-10-2024T21:50:49 - [MESSAGE][PASSED] - Keys 'dannt@9pay.vn' sent to object: 'Object Repository/Quản lý tài khoản merchant/Quản lý dịch vụ merchant/userNameTextbox'

12-10-2024T21:50:49 - [TEST_STEP][PASSED] - sendKeys(findTestObject("Quản lý tài khoản merchant/Quản lý dịch vụ merchant/passwordTextbox"), password): Keys 'dannt@9pay.vn' sent to object: 'Object Repository/Quản lý tài khoản merchant/Quản lý dịch vụ merchant/passwordTextbox'

12-10-2024T21:50:49 - [MESSAGE][PASSED] - Keys 'dannt@9pay.vn' sent to object: 'Object Repository/Quản lý tài khoản merchant/Quản lý dịch vụ merchant/passwordTextbox'

12-10-2024T21:50:49 - [TEST_STEP][PASSED] - click(findTestObject("Quản lý tài khoản merchant/Quản lý dịch vụ merchant/loginButton")): Object: 'Object Repository/Quản lý tài khoản merchant/Quản lý dịch vụ merchant/loginButton' is clicked on

12-10-2024T21:50:50 - [MESSAGE][PASSED] - Object: 'Object Repository/Quản lý tài khoản merchant/Quản lý dịch vụ merchant/loginButton' is clicked on

12-10-2024T21:50:50 - [MESSAGE][PASSED] - Call Test Case 'Test Cases/Login/LoginCommon' successfully

12-10-2024T21:50:50 - [TEST_STEP][PASSED] - waitForElementVisible(findTestObject("Trang chủ/userName"), 10, STOP_ON_FAILURE): Object 'Object Repository/Trang chủ/userName' is visible

12-10-2024T21:50:51 - [MESSAGE][PASSED] - Object 'Object Repository/Trang chủ/userName' is visible

12-10-2024T21:50:51 - [TEST_STEP][PASSED] - callTestCase(findTestCase("Test Cases/Quản lý tài khoản merchant/Quản lý danh sách tài khoản/CustomFunctions.groovy"), [:], STOP_ON_FAILURE): Call Test Case 'Test Cases/Quản lý tài khoản merchant/Quản lý danh sách tài khoản/CustomFunctions.groovy' successfully

12-10-2024T21:50:51 - [TEST_CASE][PASSED] - Test Cases/Quản lý tài khoản merchant/Quản lý danh sách tài khoản/CustomFunctions.groovy: Test Cases/Quản lý tài khoản merchant/Quản lý danh sách tài khoản/CustomFunctions.groovy

12-10-2024T21:50:51 - [TEST_STEP][PASSED] - driver = getWebDriver(): null

12-10-2024T21:50:51 - [TEST_STEP][PASSED] - sleep(2000): null

12-10-2024T21:50:53 - [TEST_STEP][PASSED] - element1 = driver.findElement(By.xpath(xpathManagerMC)): null

12-10-2024T21:50:54 - [TEST_STEP][PASSED] - actions = new org.openqa.selenium.interactions.Actions(driver): null

12-10-2024T21:50:54 - [TEST_STEP][PASSED] - click().perform(): null

12-10-2024T21:50:54 - [TEST_STEP][PASSED] - wait = new org.openqa.selenium.support.ui.WebDriverWait(com.kms.katalon.core.webui.driver.DriverFactory.getWebDriver(), 20): null

12-10-2024T21:50:54 - [TEST_STEP][PASSED] - element2 = wait.until(ExpectedConditions.elementToBeClickable(By.xpath(xpathManagerListAccount))): null

12-10-2024T21:50:54 - [TEST_STEP][PASSED] - click().perform(): null

12-10-2024T21:50:54 - [TEST_STEP][PASSED] - wait.until(ExpectedConditions.visibilityOfElementLocated(By.xpath(xpathUserCode))): null

12-10-2024T21:50:57 - [TEST_STEP][PASSED] - xpath(xpathBtnAccount))).click(): null

12-10-2024T21:50:57 - [TEST_STEP][PASSED] - searchTextbox = wait.until(ExpectedConditions.elementToBeClickable(By.xpath(xpathSearchTextbox))): null

12-10-2024T21:50:58 - [TEST_STEP][PASSED] - searchTextbox.sendKeys("dannt11"): null

12-10-2024T21:50:58 - [TEST_STEP][PASSED] - xpath(xpathOption)).click(): null

12-10-2024T21:50:58 - [TEST_STEP][PASSED] - xpath(xpathBtnSearch)).click(): null

12-10-2024T21:50:59 - [TEST_STEP][PASSED] - Assert.assertEquals(xpath(xpathAccountName)).getText(), username): null

12-10-2024T21:50:59 - [TEST_STEP][PASSED] - xpath(xpathUser)).click(): null

12-10-2024T21:51:00 - [TEST_STEP][PASSED] - xpath(xpathSearchTextbox)).sendKeys("dannt21"): null

12-10-2024T21:51:00 - [TEST_STEP][PASSED] - xpath(xpathClicked)).click(): null

12-10-2024T21:51:00 - [TEST_STEP][PASSED] - xpath(xpathBtnSearch)).click(): null

12-10-2024T21:51:01 - [MESSAGE][PASSED] - Call Test Case 'Test Cases/Quản lý tài khoản merchant/Quản lý danh sách tài khoản/CustomFunctions.groovy' successfully

12-10-2024T21:51:01 - [TEST_STEP][PASSED] - wait = new org.openqa.selenium.support.ui.WebDriverWait(com.kms.katalon.core.webui.driver.DriverFactory.getWebDriver(), 20): null

12-10-2024T21:51:01 - [TEST_STEP][PASSED] - startElement = driver.findElement(By.xpath(xpathChiHoBtn)): null

12-10-2024T21:51:02 - [TEST_STEP][PASSED] - js = driver: null

12-10-2024T21:51:02 - [TEST_STEP][PASSED] - script = "return arguments[0].nextSibling.textContent;": null

12-10-2024T21:51:02 - [TEST_STEP][PASSED] - nextTextNodeContent = js.executeScript(script, startElement): null

12-10-2024T21:51:02 - [TEST_STEP][PASSED] - out.println("chiHoWallet " + nextTextNodeContent): null

12-10-2024T21:51:02 - [TEST_STEP][PASSED] - numericString = nextTextNodeContent.replaceAll("[^0-9]", ""): null

12-10-2024T21:51:02 - [TEST_STEP][PASSED] - chiHoBf = Integer.parseInt(numericString): null

12-10-2024T21:51:02 - [TEST_STEP][PASSED] - out.println("Chi ho " + chiHoBf): null

12-10-2024T21:51:02 - [TEST_STEP][PASSED] - thuHoElm = driver.findElement(By.xpath(xpathThuHoBtn)): null

12-10-2024T21:51:03 - [TEST_STEP][PASSED] - jsBF = driver: null

12-10-2024T21:51:03 - [TEST_STEP][PASSED] - scriptBF = "return arguments[0].nextSibling.textContent;": null

12-10-2024T21:51:03 - [TEST_STEP][PASSED] - thuHoWallet = js.executeScript(scriptBF, thuHoElm): null

12-10-2024T21:51:03 - [TEST_STEP][PASSED] - thuHoInt = thuHoWallet.replaceAll("[^0-9]", ""): null

12-10-2024T21:51:03 - [TEST_STEP][PASSED] - thuHoBf = Integer.parseInt(thuHoInt): null

12-10-2024T21:51:03 - [TEST_STEP][PASSED] - out.println("Thu ho " + thuHoBf): null

12-10-2024T21:51:03 - [TEST_STEP][PASSED] - xpath(xpathTranfer)).click(): null

12-10-2024T21:51:03 - [TEST_STEP][PASSED] - wait.until(ExpectedConditions.visibilityOfElementLocated(By.xpath(xpathTextAccount))): null

12-10-2024T21:51:20 - [TEST_STEP][PASSED] - xpath(xpathTaiKhoanNhan)).click(): null

12-10-2024T21:51:20 - [TEST_STEP][PASSED] - xpath(xpathSearchTextbox1)).sendKeys(username): null

12-10-2024T21:51:21 - [TEST_STEP][PASSED] - xpath(xpathClicked)).click(): null

12-10-2024T21:51:21 - [TEST_STEP][PASSED] - xpath(xpathDepositTextbox)).sendKeys(amount): null

12-10-2024T21:51:22 - [TEST_STEP][PASSED] - xpath(xpathChonViNhan)).click(): null

12-10-2024T21:51:22 - [TEST_STEP][PASSED] - xpath(xpathChiHo2)).click(): null

12-10-2024T21:51:22 - [TEST_STEP][PASSED] - xpath(xpathChonViChuyen)).click(): null

12-10-2024T21:51:23 - [TEST_STEP][PASSED] - xpath(xpathThuHo1)).click(): null

12-10-2024T21:51:23 - [TEST_STEP][PASSED] - xpath(xpathButtonSubmit)).click(): null

12-10-2024T21:51:23 - [TEST_STEP][PASSED] - wait.until(ExpectedConditions.visibilityOfElementLocated(By.xpath(xpathTextAfterAccept))): null

12-10-2024T21:51:25 - [TEST_STEP][PASSED] - rutTien = wait.until(ExpectedConditions.visibilityOfElementLocated(By.xpath(xpathTextTitle))): null

12-10-2024T21:51:25 - [TEST_STEP][PASSED] - Assert.assertEquals(rutTien.getText(), "Rút tiền"): null

12-10-2024T21:51:25 - [TEST_STEP][PASSED] - approveTss = driver.findElement(By.xpath(xpathBtnDuyetGDRut)): null

12-10-2024T21:51:26 - [TEST_STEP][PASSED] - js.executeScript("arguments[0].scrollIntoView(false);", approveTss): null

12-10-2024T21:51:26 - [TEST_STEP][PASSED] - approveTss.click(): null

12-10-2024T21:51:26 - [TEST_STEP][PASSED] - Thread.sleep(1000): null

12-10-2024T21:51:27 - [TEST_STEP][PASSED] - xpath(BtnOkXpath)).click(): null

12-10-2024T21:51:27 - [TEST_STEP][PASSED] - xpath(xpathBtnOk)).click(): null

12-10-2024T21:51:28 - [TEST_STEP][PASSED] - callTestCase(findTestCase("Test Cases/Quản lý tài khoản merchant/Quản lý danh sách tài khoản/CustomFunctions.groovy"), [:], STOP_ON_FAILURE): Call Test Case 'Test Cases/Quản lý tài khoản merchant/Quản lý danh sách tài khoản/CustomFunctions.groovy' successfully

12-10-2024T21:51:28 - [TEST_CASE][PASSED] - Test Cases/Quản lý tài khoản merchant/Quản lý danh sách tài khoản/CustomFunctions.groovy: Test Cases/Quản lý tài khoản merchant/Quản lý danh sách tài khoản/CustomFunctions.groovy

12-10-2024T21:51:28 - [TEST_STEP][PASSED] - driver = getWebDriver(): null

12-10-2024T21:51:28 - [TEST_STEP][PASSED] - sleep(2000): null

12-10-2024T21:51:30 - [TEST_STEP][PASSED] - element1 = driver.findElement(By.xpath(xpathManagerMC)): null

12-10-2024T21:51:30 - [TEST_STEP][PASSED] - actions = new org.openqa.selenium.interactions.Actions(driver): null

12-10-2024T21:51:30 - [TEST_STEP][PASSED] - click().perform(): null

12-10-2024T21:51:30 - [TEST_STEP][PASSED] - wait = new org.openqa.selenium.support.ui.WebDriverWait(com.kms.katalon.core.webui.driver.DriverFactory.getWebDriver(), 20): null

12-10-2024T21:51:30 - [TEST_STEP][PASSED] - element2 = wait.until(ExpectedConditions.elementToBeClickable(By.xpath(xpathManagerListAccount))): null

12-10-2024T21:51:31 - [TEST_STEP][PASSED] - click().perform(): null

12-10-2024T21:51:31 - [TEST_STEP][PASSED] - wait.until(ExpectedConditions.visibilityOfElementLocated(By.xpath(xpathUserCode))): null

12-10-2024T21:51:34 - [TEST_STEP][PASSED] - xpath(xpathBtnAccount))).click(): null

12-10-2024T21:51:34 - [TEST_STEP][PASSED] - searchTextbox = wait.until(ExpectedConditions.elementToBeClickable(By.xpath(xpathSearchTextbox))): null

12-10-2024T21:51:34 - [TEST_STEP][PASSED] - searchTextbox.sendKeys("dannt11"): null

12-10-2024T21:51:34 - [TEST_STEP][PASSED] - xpath(xpathOption)).click(): null

12-10-2024T21:51:35 - [TEST_STEP][PASSED] - xpath(xpathBtnSearch)).click(): null

12-10-2024T21:51:35 - [TEST_STEP][PASSED] - Assert.assertEquals(xpath(xpathAccountName)).getText(), username): null

12-10-2024T21:51:36 - [TEST_STEP][PASSED] - xpath(xpathUser)).click(): null

12-10-2024T21:51:36 - [TEST_STEP][PASSED] - xpath(xpathSearchTextbox)).sendKeys("dannt21"): null

12-10-2024T21:51:37 - [TEST_STEP][PASSED] - xpath(xpathClicked)).click(): null

12-10-2024T21:51:37 - [TEST_STEP][PASSED] - xpath(xpathBtnSearch)).click(): null

12-10-2024T21:51:37 - [MESSAGE][PASSED] - Call Test Case 'Test Cases/Quản lý tài khoản merchant/Quản lý danh sách tài khoản/CustomFunctions.groovy' successfully

12-10-2024T21:51:37 - [TEST_STEP][PASSED] - chiHoAf = driver.findElement(By.xpath(xpathChiHoBtn)): null

12-10-2024T21:51:38 - [TEST_STEP][PASSED] - jsChiHoAf = driver: null

12-10-2024T21:51:38 - [TEST_STEP][PASSED] - chihoAf = "return arguments[0].nextSibling.textContent;": null

12-10-2024T21:51:38 - [TEST_STEP][PASSED] - chihointaf = js.executeScript(chihoAf, chiHoAf): null

12-10-2024T21:51:38 - [TEST_STEP][PASSED] - out.println("chiHoWallet " + chihointaf): null

12-10-2024T21:51:38 - [TEST_STEP][PASSED] - numericString1 = chihointaf.replaceAll("[^0-9]", ""): null

12-10-2024T21:51:38 - [TEST_STEP][PASSED] - chiHoAf1 = Integer.parseInt(numericString1): null

12-10-2024T21:51:38 - [TEST_STEP][PASSED] - out.println("Chi ho " + chiHoAf1): null

12-10-2024T21:51:38 - [TEST_STEP][PASSED] - thuHoElm1 = driver.findElement(By.xpath(xpathThuHoBtn)): null

12-10-2024T21:51:38 - [TEST_STEP][PASSED] - jsAf = driver: null

12-10-2024T21:51:38 - [TEST_STEP][PASSED] - scriptAf = "return arguments[0].nextSibling.textContent;": null

12-10-2024T21:51:38 - [TEST_STEP][PASSED] - thuHoWalletAf = js.executeScript(scriptAf, thuHoElm1): null

12-10-2024T21:51:38 - [TEST_STEP][PASSED] - thuHoIntAf = thuHoWalletAf.replaceAll("[^0-9]", ""): null

12-10-2024T21:51:38 - [TEST_STEP][PASSED] - thuHoAf = Integer.parseInt(thuHoIntAf): null

12-10-2024T21:51:38 - [TEST_STEP][PASSED] - amountInt = Integer.parseInt(amount): null

12-10-2024T21:51:38 - [TEST_STEP][PASSED] - out.println("Thu ho " + thuHoAf): null

12-10-2024T21:51:38 - [TEST_STEP][PASSED] - if (chiHoBf + amountInt == chiHoAf1 && thuHoAf + amountInt == thuHoBf): Test case đã pass với số tiền đã được cộng đúng.

12-10-2024T21:51:38 - [TEST_STEP][PASSED] - println("Số tiền đã đúng "): null

12-10-2024T21:51:38 - [TEST_STEP][PASSED] - markPassed("Test case đã pass với số tiền đã được cộng đúng."): Test case đã pass với số tiền đã được cộng đúng.

12-10-2024T21:51:38 - [MESSAGE][PASSED] - Test case đã pass với số tiền đã được cộng đúng.

12-10-2024T21:51:38 - [TEST_STEP][PASSED] - Start listener action : sampleAfterTestCase: null

12-10-2024T21:51:38 - [TEST_STEP][PASSED] - testCaseId = testCaseContext.getTestCaseId(): null

12-10-2024T21:51:38 - [TEST_STEP][PASSED] - if (testCaseId == "Test Cases/Quản lý tài khoản merchant/Quản lý dịch vụ merchant/TC_13_Kiểm tra chức năng xác nhận cấu hình thay đổi VA"): null]]></system-out>
         <system-err><![CDATA[]]></system-err>
      </testcase>
      <testcase name="Test Cases/Quản lý tài khoản merchant/Quản lý danh sách tài khoản/Chuyển tiền/TC_05_Kiểm tra khi chuyển tiền thành công khi chuyển khác merchant" time="53.776" classname="Test Cases/Quản lý tài khoản merchant/Quản lý danh sách tài khoản/Chuyển tiền/TC_05_Kiểm tra khi chuyển tiền thành công khi chuyển khác merchant" status="PASSED">
         <system-out><![CDATA[12-10-2024T21:51:38 - [TEST_CASE][PASSED] - Test Cases/Quản lý tài khoản merchant/Quản lý danh sách tài khoản/Chuyển tiền/TC_05_Kiểm tra khi chuyển tiền thành công khi chuyển khác merchant: Test Cases/Quản lý tài khoản merchant/Quản lý danh sách tài khoản/Chuyển tiền/TC_05_Kiểm tra khi chuyển tiền thành công khi chuyển khác merchant

12-10-2024T21:51:38 - [TEST_STEP][PASSED] - Start listener action : sampleBeforeTestCase: Navigate to 'https://stg-cms-console.9pay.mobi/login' successfully

12-10-2024T21:51:38 - [TEST_STEP][PASSED] - testCaseId = testCaseContext.getTestCaseId(): null

12-10-2024T21:51:38 - [TEST_STEP][PASSED] - url = <not implemented yet for class: org.codehaus.groovy.ast.expr.EmptyExpression>: null

12-10-2024T21:51:38 - [TEST_STEP][PASSED] - if (testCaseId == "Test Cases/Quản lý tài khoản merchant/Quản lý dịch vụ merchant/TC_14_Kiểm tra thay đổi sau khi cấu hình VA trên MCV"): null

12-10-2024T21:51:38 - [TEST_STEP][PASSED] - else: null

12-10-2024T21:51:38 - [TEST_STEP][PASSED] - url = "https://stg-cms-console.9pay.mobi/login": null

12-10-2024T21:51:38 - [TEST_STEP][PASSED] - openBrowser(""): Browser is opened with url: ''

12-10-2024T21:51:38 - [MESSAGE][WARNING] - A browser is already opened. Closing browser and opening a new one

12-10-2024T21:51:38 - [MESSAGE][INFO] - Starting 'Chrome' driver

12-10-2024T21:51:38 - [MESSAGE][INFO] - Action delay is set to 0 milliseconds

12-10-2024T21:51:39 - [MESSAGE][PASSED] - Browser is opened with url: ''

12-10-2024T21:51:39 - [TEST_STEP][PASSED] - maximizeWindow(): Current window maximized

12-10-2024T21:51:39 - [MESSAGE][PASSED] - Current window maximized

12-10-2024T21:51:39 - [TEST_STEP][PASSED] - navigateToUrl(url): Navigate to 'https://stg-cms-console.9pay.mobi/login' successfully

12-10-2024T21:51:43 - [MESSAGE][PASSED] - Navigate to 'https://stg-cms-console.9pay.mobi/login' successfully

12-10-2024T21:51:43 - [TEST_STEP][PASSED] - driver = getWebDriver(): null

12-10-2024T21:51:43 - [TEST_STEP][PASSED] - js = driver: null

12-10-2024T21:51:43 - [TEST_STEP][PASSED] - amount = 100000: null

12-10-2024T21:51:43 - [TEST_STEP][PASSED] - callTestCase(findTestCase("Test Cases/Login/LoginCommon"), [:], STOP_ON_FAILURE): Call Test Case 'Test Cases/Login/LoginCommon' successfully

12-10-2024T21:51:43 - [TEST_CASE][PASSED] - Test Cases/Login/LoginCommon: Test Cases/Login/LoginCommon

12-10-2024T21:51:43 - [TEST_STEP][PASSED] - driver = getWebDriver(): null

12-10-2024T21:51:43 - [TEST_STEP][PASSED] - sendKeys(findTestObject("Quản lý tài khoản merchant/Quản lý dịch vụ merchant/userNameTextbox"), userAccount): Keys 'dannt@9pay.vn' sent to object: 'Object Repository/Quản lý tài khoản merchant/Quản lý dịch vụ merchant/userNameTextbox'

12-10-2024T21:51:43 - [MESSAGE][PASSED] - Keys 'dannt@9pay.vn' sent to object: 'Object Repository/Quản lý tài khoản merchant/Quản lý dịch vụ merchant/userNameTextbox'

12-10-2024T21:51:43 - [TEST_STEP][PASSED] - sendKeys(findTestObject("Quản lý tài khoản merchant/Quản lý dịch vụ merchant/passwordTextbox"), password): Keys 'dannt@9pay.vn' sent to object: 'Object Repository/Quản lý tài khoản merchant/Quản lý dịch vụ merchant/passwordTextbox'

12-10-2024T21:51:43 - [MESSAGE][PASSED] - Keys 'dannt@9pay.vn' sent to object: 'Object Repository/Quản lý tài khoản merchant/Quản lý dịch vụ merchant/passwordTextbox'

12-10-2024T21:51:43 - [TEST_STEP][PASSED] - click(findTestObject("Quản lý tài khoản merchant/Quản lý dịch vụ merchant/loginButton")): Object: 'Object Repository/Quản lý tài khoản merchant/Quản lý dịch vụ merchant/loginButton' is clicked on

12-10-2024T21:51:44 - [MESSAGE][PASSED] - Object: 'Object Repository/Quản lý tài khoản merchant/Quản lý dịch vụ merchant/loginButton' is clicked on

12-10-2024T21:51:44 - [MESSAGE][PASSED] - Call Test Case 'Test Cases/Login/LoginCommon' successfully

12-10-2024T21:51:44 - [TEST_STEP][PASSED] - waitForElementVisible(findTestObject("Trang chủ/userName"), 10, STOP_ON_FAILURE): Object 'Object Repository/Trang chủ/userName' is visible

12-10-2024T21:51:47 - [MESSAGE][PASSED] - Object 'Object Repository/Trang chủ/userName' is visible

12-10-2024T21:51:47 - [TEST_STEP][PASSED] - callTestCase(findTestCase("Test Cases/Quản lý tài khoản merchant/Quản lý danh sách tài khoản/CustomFunctions.groovy"), [:], STOP_ON_FAILURE): Call Test Case 'Test Cases/Quản lý tài khoản merchant/Quản lý danh sách tài khoản/CustomFunctions.groovy' successfully

12-10-2024T21:51:47 - [TEST_CASE][PASSED] - Test Cases/Quản lý tài khoản merchant/Quản lý danh sách tài khoản/CustomFunctions.groovy: Test Cases/Quản lý tài khoản merchant/Quản lý danh sách tài khoản/CustomFunctions.groovy

12-10-2024T21:51:47 - [TEST_STEP][PASSED] - driver = getWebDriver(): null

12-10-2024T21:51:47 - [TEST_STEP][PASSED] - sleep(2000): null

12-10-2024T21:51:49 - [TEST_STEP][PASSED] - element1 = driver.findElement(By.xpath(xpathManagerMC)): null

12-10-2024T21:51:49 - [TEST_STEP][PASSED] - actions = new org.openqa.selenium.interactions.Actions(driver): null

12-10-2024T21:51:49 - [TEST_STEP][PASSED] - click().perform(): null

12-10-2024T21:51:49 - [TEST_STEP][PASSED] - wait = new org.openqa.selenium.support.ui.WebDriverWait(com.kms.katalon.core.webui.driver.DriverFactory.getWebDriver(), 20): null

12-10-2024T21:51:49 - [TEST_STEP][PASSED] - element2 = wait.until(ExpectedConditions.elementToBeClickable(By.xpath(xpathManagerListAccount))): null

12-10-2024T21:51:50 - [TEST_STEP][PASSED] - click().perform(): null

12-10-2024T21:51:50 - [TEST_STEP][PASSED] - wait.until(ExpectedConditions.visibilityOfElementLocated(By.xpath(xpathUserCode))): null

12-10-2024T21:51:53 - [TEST_STEP][PASSED] - xpath(xpathBtnAccount))).click(): null

12-10-2024T21:51:53 - [TEST_STEP][PASSED] - searchTextbox = wait.until(ExpectedConditions.elementToBeClickable(By.xpath(xpathSearchTextbox))): null

12-10-2024T21:51:54 - [TEST_STEP][PASSED] - searchTextbox.sendKeys("dannt11"): null

12-10-2024T21:51:54 - [TEST_STEP][PASSED] - xpath(xpathOption)).click(): null

12-10-2024T21:51:54 - [TEST_STEP][PASSED] - xpath(xpathBtnSearch)).click(): null

12-10-2024T21:51:55 - [TEST_STEP][PASSED] - Assert.assertEquals(xpath(xpathAccountName)).getText(), username): null

12-10-2024T21:51:55 - [TEST_STEP][PASSED] - xpath(xpathUser)).click(): null

12-10-2024T21:51:56 - [TEST_STEP][PASSED] - xpath(xpathSearchTextbox)).sendKeys("dannt21"): null

12-10-2024T21:51:56 - [TEST_STEP][PASSED] - xpath(xpathClicked)).click(): null

12-10-2024T21:51:56 - [TEST_STEP][PASSED] - xpath(xpathBtnSearch)).click(): null

12-10-2024T21:51:57 - [MESSAGE][PASSED] - Call Test Case 'Test Cases/Quản lý tài khoản merchant/Quản lý danh sách tài khoản/CustomFunctions.groovy' successfully

12-10-2024T21:51:57 - [TEST_STEP][PASSED] - wait = new org.openqa.selenium.support.ui.WebDriverWait(com.kms.katalon.core.webui.driver.DriverFactory.getWebDriver(), 20): null

12-10-2024T21:51:57 - [TEST_STEP][PASSED] - thuHoElm = driver.findElement(By.xpath(xpathStrongText1)): null

12-10-2024T21:51:58 - [TEST_STEP][PASSED] - scriptBF = "return arguments[0].nextSibling.textContent;": null

12-10-2024T21:51:58 - [TEST_STEP][PASSED] - thuHoWallet = js.executeScript(scriptBF, thuHoElm): null

12-10-2024T21:51:58 - [TEST_STEP][PASSED] - thuHoInt = thuHoWallet.replaceAll("[^0-9]", ""): null

12-10-2024T21:51:58 - [TEST_STEP][PASSED] - thuHoBf = Integer.parseInt(thuHoInt): null

12-10-2024T21:51:58 - [TEST_STEP][PASSED] - out.println("Thu ho ví chuyển trước " + thuHoBf): null

12-10-2024T21:51:58 - [TEST_STEP][PASSED] - startElement1 = driver.findElement(By.xpath(xpathStrongText2)): null

12-10-2024T21:51:58 - [TEST_STEP][PASSED] - script1 = "return arguments[0].nextSibling.textContent;": null

12-10-2024T21:51:58 - [TEST_STEP][PASSED] - nextTextNodeContent1 = js.executeScript(script1, startElement1): null

12-10-2024T21:51:58 - [TEST_STEP][PASSED] - out.println("chiHoWallet " + nextTextNodeContent1): null

12-10-2024T21:51:58 - [TEST_STEP][PASSED] - numericString1 = nextTextNodeContent1.replaceAll("[^0-9]", ""): null

12-10-2024T21:51:58 - [TEST_STEP][PASSED] - chiHoBf1 = Integer.parseInt(numericString1): null

12-10-2024T21:51:58 - [TEST_STEP][PASSED] - out.println("Chi ho ví nhận trước gd " + chiHoBf1): null

12-10-2024T21:51:58 - [TEST_STEP][PASSED] - xpath(xpathTranfer)).click(): null

12-10-2024T21:51:58 - [TEST_STEP][PASSED] - wait.until(ExpectedConditions.visibilityOfElementLocated(By.xpath(xpathTextAccount))): null

12-10-2024T21:52:11 - [TEST_STEP][PASSED] - xpath(xpathTaiKhoanNhan)).click(): null

12-10-2024T21:52:11 - [TEST_STEP][PASSED] - xpath(xpathSearchTextbox1)).sendKeys(username1): null

12-10-2024T21:52:12 - [TEST_STEP][PASSED] - xpath(xpathClicked)).click(): null

12-10-2024T21:52:12 - [TEST_STEP][PASSED] - xpath(xpathDepositTextbox)).sendKeys(amount): null

12-10-2024T21:52:12 - [TEST_STEP][PASSED] - xpath(xpathChonViNhan)).click(): null

12-10-2024T21:52:13 - [TEST_STEP][PASSED] - xpath(xpathChiHo2)).click(): null

12-10-2024T21:52:13 - [TEST_STEP][PASSED] - xpath(xpathChonViChuyen)).click(): null

12-10-2024T21:52:13 - [TEST_STEP][PASSED] - xpath(xpathThuHo1)).click(): null

12-10-2024T21:52:14 - [TEST_STEP][PASSED] - xpath(xpathButtonSubmit)).click(): null

12-10-2024T21:52:14 - [TEST_STEP][PASSED] - wait.until(ExpectedConditions.elementToBeClickable(By.xpath(BtnOkXpath))): null

12-10-2024T21:52:15 - [TEST_STEP][PASSED] - Assert.assertEquals(xpath("//p[contains(text(),'Bạn đang chuyển tiền khác sub-merchant?')]")).getText(), "Bạn đang chuyển tiền khác sub-merchant?"): null

12-10-2024T21:52:15 - [TEST_STEP][PASSED] - xpath(BtnOkXpath)).click(): null

12-10-2024T21:52:15 - [TEST_STEP][PASSED] - wait.until(ExpectedConditions.visibilityOfElementLocated(By.xpath(xpathTextAfterAccept))): null

12-10-2024T21:52:16 - [TEST_STEP][PASSED] - navigate().refresh(): null

12-10-2024T21:52:17 - [TEST_STEP][PASSED] - rutTien = wait.until(ExpectedConditions.visibilityOfElementLocated(By.xpath(xpathTextTitle))): null

12-10-2024T21:52:17 - [TEST_STEP][PASSED] - Assert.assertEquals(rutTien.getText(), "Rút tiền"): null

12-10-2024T21:52:17 - [TEST_STEP][PASSED] - approveTss = driver.findElement(By.xpath(xpathBtnDuyetGDRut)): null

12-10-2024T21:52:18 - [TEST_STEP][PASSED] - js.executeScript("arguments[0].scrollIntoView(false);", approveTss): null

12-10-2024T21:52:18 - [TEST_STEP][PASSED] - approveTss.click(): null

12-10-2024T21:52:18 - [TEST_STEP][PASSED] - Thread.sleep(1000): null

12-10-2024T21:52:19 - [TEST_STEP][PASSED] - xpath(BtnOkXpath)).click(): null

12-10-2024T21:52:19 - [TEST_STEP][PASSED] - xpath(xpathBtnOk)).click(): null

12-10-2024T21:52:20 - [TEST_STEP][PASSED] - callTestCase(findTestCase("Test Cases/Quản lý tài khoản merchant/Quản lý danh sách tài khoản/CustomFunctions.groovy"), [:], STOP_ON_FAILURE): Call Test Case 'Test Cases/Quản lý tài khoản merchant/Quản lý danh sách tài khoản/CustomFunctions.groovy' successfully

12-10-2024T21:52:20 - [TEST_CASE][PASSED] - Test Cases/Quản lý tài khoản merchant/Quản lý danh sách tài khoản/CustomFunctions.groovy: Test Cases/Quản lý tài khoản merchant/Quản lý danh sách tài khoản/CustomFunctions.groovy

12-10-2024T21:52:20 - [TEST_STEP][PASSED] - driver = getWebDriver(): null

12-10-2024T21:52:20 - [TEST_STEP][PASSED] - sleep(2000): null

12-10-2024T21:52:22 - [TEST_STEP][PASSED] - element1 = driver.findElement(By.xpath(xpathManagerMC)): null

12-10-2024T21:52:22 - [TEST_STEP][PASSED] - actions = new org.openqa.selenium.interactions.Actions(driver): null

12-10-2024T21:52:22 - [TEST_STEP][PASSED] - click().perform(): null

12-10-2024T21:52:23 - [TEST_STEP][PASSED] - wait = new org.openqa.selenium.support.ui.WebDriverWait(com.kms.katalon.core.webui.driver.DriverFactory.getWebDriver(), 20): null

12-10-2024T21:52:23 - [TEST_STEP][PASSED] - element2 = wait.until(ExpectedConditions.elementToBeClickable(By.xpath(xpathManagerListAccount))): null

12-10-2024T21:52:23 - [TEST_STEP][PASSED] - click().perform(): null

12-10-2024T21:52:23 - [TEST_STEP][PASSED] - wait.until(ExpectedConditions.visibilityOfElementLocated(By.xpath(xpathUserCode))): null

12-10-2024T21:52:27 - [TEST_STEP][PASSED] - xpath(xpathBtnAccount))).click(): null

12-10-2024T21:52:28 - [TEST_STEP][PASSED] - searchTextbox = wait.until(ExpectedConditions.elementToBeClickable(By.xpath(xpathSearchTextbox))): null

12-10-2024T21:52:28 - [TEST_STEP][PASSED] - searchTextbox.sendKeys("dannt11"): null

12-10-2024T21:52:28 - [TEST_STEP][PASSED] - xpath(xpathOption)).click(): null

12-10-2024T21:52:28 - [TEST_STEP][PASSED] - xpath(xpathBtnSearch)).click(): null

12-10-2024T21:52:29 - [TEST_STEP][PASSED] - Assert.assertEquals(xpath(xpathAccountName)).getText(), username): null

12-10-2024T21:52:30 - [TEST_STEP][PASSED] - xpath(xpathUser)).click(): null

12-10-2024T21:52:30 - [TEST_STEP][PASSED] - xpath(xpathSearchTextbox)).sendKeys("dannt21"): null

12-10-2024T21:52:30 - [TEST_STEP][PASSED] - xpath(xpathClicked)).click(): null

12-10-2024T21:52:31 - [TEST_STEP][PASSED] - xpath(xpathBtnSearch)).click(): null

12-10-2024T21:52:31 - [MESSAGE][PASSED] - Call Test Case 'Test Cases/Quản lý tài khoản merchant/Quản lý danh sách tài khoản/CustomFunctions.groovy' successfully

12-10-2024T21:52:31 - [TEST_STEP][PASSED] - thuHoElm12 = driver.findElement(By.xpath(xpathStrongText1)): null

12-10-2024T21:52:32 - [TEST_STEP][PASSED] - scriptAf = "return arguments[0].nextSibling.textContent;": null

12-10-2024T21:52:32 - [TEST_STEP][PASSED] - thuHoWalletAf = js.executeScript(scriptAf, thuHoElm12): null

12-10-2024T21:52:32 - [TEST_STEP][PASSED] - thuHoIntAf = thuHoWalletAf.replaceAll("[^0-9]", ""): null

12-10-2024T21:52:32 - [TEST_STEP][PASSED] - thuHoAf = Integer.parseInt(thuHoIntAf): null

12-10-2024T21:52:32 - [TEST_STEP][PASSED] - out.println("Thu ho ví chuyển sau gd " + thuHoAf): null

12-10-2024T21:52:32 - [TEST_STEP][PASSED] - startElement2 = driver.findElement(By.xpath(xpathStrongText2)): null

12-10-2024T21:52:32 - [TEST_STEP][PASSED] - script2 = "return arguments[0].nextSibling.textContent;": null

12-10-2024T21:52:32 - [TEST_STEP][PASSED] - nextTextNodeContentAf1 = js.executeScript(script2, startElement2): null

12-10-2024T21:52:32 - [TEST_STEP][PASSED] - out.println("chiHoWallet " + nextTextNodeContentAf1): null

12-10-2024T21:52:32 - [TEST_STEP][PASSED] - numberBalance = nextTextNodeContentAf1.replaceAll("[^0-9]", ""): null

12-10-2024T21:52:32 - [TEST_STEP][PASSED] - chiHoBf2 = Integer.parseInt(numberBalance): null

12-10-2024T21:52:32 - [TEST_STEP][PASSED] - out.println("Chi ho ví nhận sau gd " + chiHoBf2): null

12-10-2024T21:52:32 - [TEST_STEP][PASSED] - amountInt = Integer.parseInt(amount): null

12-10-2024T21:52:32 - [TEST_STEP][PASSED] - sotienThu = thuHoBf - amountInt: null

12-10-2024T21:52:32 - [TEST_STEP][PASSED] - sotienChuyen = chiHoBf1 + amountInt: null

12-10-2024T21:52:32 - [TEST_STEP][PASSED] - out.println("Chi ho ví nhận sau gd " + sotienThu): null

12-10-2024T21:52:32 - [TEST_STEP][PASSED] - out.println("Chi ho ví nhận sau gd " + sotienChuyen): null

12-10-2024T21:52:32 - [TEST_STEP][PASSED] - if (thuHoBf - amountInt == thuHoAf && chiHoBf1 + amountInt == chiHoBf2): Test case đã pass với số tiền đã được cộng đúng.

12-10-2024T21:52:32 - [TEST_STEP][PASSED] - println("Số tiền đã đúng "): null

12-10-2024T21:52:32 - [TEST_STEP][PASSED] - markPassed("Test case đã pass với số tiền đã được cộng đúng."): Test case đã pass với số tiền đã được cộng đúng.

12-10-2024T21:52:32 - [MESSAGE][PASSED] - Test case đã pass với số tiền đã được cộng đúng.

12-10-2024T21:52:32 - [TEST_STEP][PASSED] - Start listener action : sampleAfterTestCase: null

12-10-2024T21:52:32 - [TEST_STEP][PASSED] - testCaseId = testCaseContext.getTestCaseId(): null

12-10-2024T21:52:32 - [TEST_STEP][PASSED] - if (testCaseId == "Test Cases/Quản lý tài khoản merchant/Quản lý dịch vụ merchant/TC_13_Kiểm tra chức năng xác nhận cấu hình thay đổi VA"): null]]></system-out>
         <system-err><![CDATA[]]></system-err>
      </testcase>
      <system-out><![CDATA[12-10-2024T21:47:21 - [TEST_SUITE][PASSED] - Chuyển tiền: Test Cases/Quản lý tài khoản merchant/Quản lý danh sách tài khoản/Chuyển tiền/TC_05_Kiểm tra khi chuyển tiền thành công khi chuyển khác merchant]]></system-out>
      <system-err><![CDATA[]]></system-err>
   </testsuite>
</testsuites>
