<?xml version="1.0" encoding="UTF-8"?>
<testsuites name="Quản lý dịch vụ merchant" time="118.474" tests="8" failures="1" errors="0">
   <testsuite name="Quản lý dịch vụ merchant" tests="8" failures="1" errors="0" time="118.474" skipped="0" timestamp="12-10-2024T19:54:54" hostname="mac - 192.168.1.10" id="Test Suites/Quản lý tài khoản merchant/Quản lý dịch vụ merchant">
      <properties>
         <property name="deviceName" value=""/>
         <property name="devicePlatform"/>
         <property name="logFolder" value="/Users/mac/Documents/test/Cms9Pay/Reports/20241012_195447/Qu\u1EA3n l\u00FD t\u00E0i kho\u1EA3n merchant/Qu\u1EA3n l\u00FD d\u1ECBch v\u1EE5 merchant/20241012_195448"/>
         <property name="logFiles" value="/Users/mac/Documents/test/Cms9Pay/Reports/20241012_195447/Qu\u1EA3n l\u00FD t\u00E0i kho\u1EA3n merchant/Qu\u1EA3n l\u00FD d\u1ECBch v\u1EE5 merchant/20241012_195448/execution0.log"/>
         <property name="attachments" value=""/>
         <property name="hostName" value="mac - 192.168.1.10"/>
         <property name="os" value="Mac OS X 64bit"/>
         <property name="katalonVersion" value="9.7.2.223"/>
         <property name="browser" value="Chrome 129.0.0.0"/>
         <property name="hostAddress" value="192.168.1.10"/>
         <property name="sessionId" value="2a12c93bd8030fabc63bca3e3295f8b3"/>
         <property name="seleniumVersion" value="3.141.59"/>
         <property name="proxyInformation" value="ProxyInformation { proxyOption=NO_PROXY, proxyServerType=HTTP, username=, password=********, proxyServerAddress=, proxyServerPort=0, executionList=&quot;&quot;, isApplyToDesiredCapabilities=true }"/>
         <property name="platform" value="Mac OS X"/>
      </properties>
      <testcase name="Test Cases/Quản lý tài khoản merchant/Quản lý dịch vụ merchant/TC_01_Kiểm tra chức năng search" time="26.415" classname="Test Cases/Quản lý tài khoản merchant/Quản lý dịch vụ merchant/TC_01_Kiểm tra chức năng search" status="PASSED">
         <system-out><![CDATA[12-10-2024T19:54:54 - [TEST_CASE][PASSED] - Test Cases/Quản lý tài khoản merchant/Quản lý dịch vụ merchant/TC_01_Kiểm tra chức năng search: Test Cases/Quản lý tài khoản merchant/Quản lý dịch vụ merchant/TC_01_Kiểm tra chức năng search

12-10-2024T19:54:54 - [TEST_STEP][PASSED] - Start listener action : sampleBeforeTestCase: Navigate to 'https://stg-cms-console.9pay.mobi/login' successfully

12-10-2024T19:54:54 - [TEST_STEP][PASSED] - testCaseId = testCaseContext.getTestCaseId(): null

12-10-2024T19:54:54 - [TEST_STEP][PASSED] - url = <not implemented yet for class: org.codehaus.groovy.ast.expr.EmptyExpression>: null

12-10-2024T19:54:54 - [TEST_STEP][PASSED] - if (testCaseId == "Test Cases/Quản lý tài khoản merchant/Quản lý dịch vụ merchant/Kiểm tra thay đổi sau khi cấu hình VA trên MCV"): null

12-10-2024T19:54:54 - [TEST_STEP][PASSED] - else: null

12-10-2024T19:54:54 - [TEST_STEP][PASSED] - url = "https://stg-cms-console.9pay.mobi/login": null

12-10-2024T19:54:54 - [TEST_STEP][PASSED] - openBrowser(""): Browser is opened with url: ''

12-10-2024T19:54:54 - [MESSAGE][INFO] - Starting 'Chrome' driver

12-10-2024T19:54:54 - [MESSAGE][INFO] - Action delay is set to 0 milliseconds

12-10-2024T19:54:55 - [MESSAGE][PASSED] - Browser is opened with url: ''

12-10-2024T19:54:55 - [TEST_STEP][PASSED] - maximizeWindow(): Current window maximized

12-10-2024T19:54:55 - [MESSAGE][PASSED] - Current window maximized

12-10-2024T19:54:55 - [TEST_STEP][PASSED] - navigateToUrl(url): Navigate to 'https://stg-cms-console.9pay.mobi/login' successfully

12-10-2024T19:54:59 - [MESSAGE][PASSED] - Navigate to 'https://stg-cms-console.9pay.mobi/login' successfully

12-10-2024T19:54:59 - [TEST_STEP][PASSED] - callTestCase(findTestCase("Test Cases/Login/LoginCommon"), [:], STOP_ON_FAILURE): Call Test Case 'Test Cases/Login/LoginCommon' successfully

12-10-2024T19:54:59 - [TEST_CASE][PASSED] - Test Cases/Login/LoginCommon: Test Cases/Login/LoginCommon

12-10-2024T19:54:59 - [TEST_STEP][PASSED] - driver = getWebDriver(): null

12-10-2024T19:54:59 - [TEST_STEP][PASSED] - sendKeys(findTestObject("Quản lý tài khoản merchant/Quản lý dịch vụ merchant/userNameTextbox"), userAccount): Keys 'dannt@9pay.vn' sent to object: 'Object Repository/Quản lý tài khoản merchant/Quản lý dịch vụ merchant/userNameTextbox'

12-10-2024T19:55:00 - [MESSAGE][PASSED] - Keys 'dannt@9pay.vn' sent to object: 'Object Repository/Quản lý tài khoản merchant/Quản lý dịch vụ merchant/userNameTextbox'

12-10-2024T19:55:00 - [TEST_STEP][PASSED] - sendKeys(findTestObject("Quản lý tài khoản merchant/Quản lý dịch vụ merchant/passwordTextbox"), password): Keys 'dannt@9pay.vn' sent to object: 'Object Repository/Quản lý tài khoản merchant/Quản lý dịch vụ merchant/passwordTextbox'

12-10-2024T19:55:00 - [MESSAGE][PASSED] - Keys 'dannt@9pay.vn' sent to object: 'Object Repository/Quản lý tài khoản merchant/Quản lý dịch vụ merchant/passwordTextbox'

12-10-2024T19:55:00 - [TEST_STEP][PASSED] - click(findTestObject("Quản lý tài khoản merchant/Quản lý dịch vụ merchant/loginButton")): Object: 'Object Repository/Quản lý tài khoản merchant/Quản lý dịch vụ merchant/loginButton' is clicked on

12-10-2024T19:55:00 - [MESSAGE][PASSED] - Object: 'Object Repository/Quản lý tài khoản merchant/Quản lý dịch vụ merchant/loginButton' is clicked on

12-10-2024T19:55:00 - [MESSAGE][PASSED] - Call Test Case 'Test Cases/Login/LoginCommon' successfully

12-10-2024T19:55:00 - [TEST_STEP][PASSED] - waitForElementVisible(findTestObject("Trang chủ/userName"), 20, STOP_ON_FAILURE): Object 'Object Repository/Trang chủ/userName' is visible

12-10-2024T19:55:16 - [MESSAGE][PASSED] - Object 'Object Repository/Trang chủ/userName' is visible

12-10-2024T19:55:16 - [TEST_STEP][PASSED] - callTestCase(findTestCase("Test Cases/Quản lý tài khoản merchant/Quản lý danh sách tài khoản/CustomFunctions"), [:], STOP_ON_FAILURE): Call Test Case 'Test Cases/Quản lý tài khoản merchant/Quản lý danh sách tài khoản/CustomFunctions' successfully

12-10-2024T19:55:16 - [TEST_CASE][PASSED] - Test Cases/Quản lý tài khoản merchant/Quản lý danh sách tài khoản/CustomFunctions: Test Cases/Quản lý tài khoản merchant/Quản lý danh sách tài khoản/CustomFunctions

12-10-2024T19:55:16 - [TEST_STEP][PASSED] - driver = getWebDriver(): null

12-10-2024T19:55:16 - [TEST_STEP][PASSED] - sleep(2000): null

12-10-2024T19:55:18 - [TEST_STEP][PASSED] - element1 = driver.findElement(By.xpath(xpathManagerMC)): null

12-10-2024T19:55:18 - [TEST_STEP][PASSED] - actions = new org.openqa.selenium.interactions.Actions(driver): null

12-10-2024T19:55:18 - [TEST_STEP][PASSED] - click().perform(): null

12-10-2024T19:55:18 - [TEST_STEP][PASSED] - wait = new org.openqa.selenium.support.ui.WebDriverWait(com.kms.katalon.core.webui.driver.DriverFactory.getWebDriver(), 15): null

12-10-2024T19:55:18 - [TEST_STEP][PASSED] - element2 = wait.until(ExpectedConditions.elementToBeClickable(By.xpath(xpathManagerServiceMC))): null

12-10-2024T19:55:19 - [TEST_STEP][PASSED] - click().perform(): null

12-10-2024T19:55:19 - [MESSAGE][PASSED] - Call Test Case 'Test Cases/Quản lý tài khoản merchant/Quản lý danh sách tài khoản/CustomFunctions' successfully

12-10-2024T19:55:19 - [TEST_STEP][PASSED] - verifyElementPresent(findTestObject("Quản lý tài khoản merchant/Quản lý dịch vụ merchant/headerMenu"), 3): Object 'Object Repository/Quản lý tài khoản merchant/Quản lý dịch vụ merchant/headerMenu' is present

12-10-2024T19:55:20 - [MESSAGE][PASSED] - Object 'Object Repository/Quản lý tài khoản merchant/Quản lý dịch vụ merchant/headerMenu' is present

12-10-2024T19:55:20 - [TEST_STEP][PASSED] - Start listener action : sampleAfterTestCase: null

12-10-2024T19:55:20 - [TEST_STEP][PASSED] - testCaseId = testCaseContext.getTestCaseId(): null

12-10-2024T19:55:20 - [TEST_STEP][PASSED] - if (testCaseId == "Test Cases/Quản lý tài khoản merchant/Quản lý dịch vụ merchant/Kiểm tra chức năng xác nhận cấu hình thay đổi VA"): null]]></system-out>
         <system-err><![CDATA[]]></system-err>
      </testcase>
      <testcase name="Test Cases/Quản lý tài khoản merchant/Quản lý dịch vụ merchant/TC_02_Kiểm tra chức năng search khi chọn dịch vụ là chi hộ" time="12.302" classname="Test Cases/Quản lý tài khoản merchant/Quản lý dịch vụ merchant/TC_02_Kiểm tra chức năng search khi chọn dịch vụ là chi hộ" status="PASSED">
         <system-out><![CDATA[12-10-2024T19:55:20 - [TEST_CASE][PASSED] - Test Cases/Quản lý tài khoản merchant/Quản lý dịch vụ merchant/TC_02_Kiểm tra chức năng search khi chọn dịch vụ là chi hộ: Test Cases/Quản lý tài khoản merchant/Quản lý dịch vụ merchant/TC_02_Kiểm tra chức năng search khi chọn dịch vụ là chi hộ

12-10-2024T19:55:20 - [TEST_STEP][PASSED] - Start listener action : sampleBeforeTestCase: Navigate to 'https://stg-cms-console.9pay.mobi/login' successfully

12-10-2024T19:55:20 - [TEST_STEP][PASSED] - testCaseId = testCaseContext.getTestCaseId(): null

12-10-2024T19:55:20 - [TEST_STEP][PASSED] - url = <not implemented yet for class: org.codehaus.groovy.ast.expr.EmptyExpression>: null

12-10-2024T19:55:20 - [TEST_STEP][PASSED] - if (testCaseId == "Test Cases/Quản lý tài khoản merchant/Quản lý dịch vụ merchant/Kiểm tra thay đổi sau khi cấu hình VA trên MCV"): null

12-10-2024T19:55:20 - [TEST_STEP][PASSED] - else: null

12-10-2024T19:55:20 - [TEST_STEP][PASSED] - url = "https://stg-cms-console.9pay.mobi/login": null

12-10-2024T19:55:20 - [TEST_STEP][PASSED] - openBrowser(""): Browser is opened with url: ''

12-10-2024T19:55:20 - [MESSAGE][WARNING] - A browser is already opened. Closing browser and opening a new one

12-10-2024T19:55:20 - [MESSAGE][INFO] - Starting 'Chrome' driver

12-10-2024T19:55:20 - [MESSAGE][INFO] - Action delay is set to 0 milliseconds

12-10-2024T19:55:21 - [MESSAGE][PASSED] - Browser is opened with url: ''

12-10-2024T19:55:21 - [TEST_STEP][PASSED] - maximizeWindow(): Current window maximized

12-10-2024T19:55:21 - [MESSAGE][PASSED] - Current window maximized

12-10-2024T19:55:21 - [TEST_STEP][PASSED] - navigateToUrl(url): Navigate to 'https://stg-cms-console.9pay.mobi/login' successfully

12-10-2024T19:55:23 - [MESSAGE][PASSED] - Navigate to 'https://stg-cms-console.9pay.mobi/login' successfully

12-10-2024T19:55:23 - [TEST_STEP][PASSED] - callTestCase(findTestCase("Test Cases/Login/LoginCommon"), [:], STOP_ON_FAILURE): Call Test Case 'Test Cases/Login/LoginCommon' successfully

12-10-2024T19:55:23 - [TEST_CASE][PASSED] - Test Cases/Login/LoginCommon: Test Cases/Login/LoginCommon

12-10-2024T19:55:23 - [TEST_STEP][PASSED] - driver = getWebDriver(): null

12-10-2024T19:55:23 - [TEST_STEP][PASSED] - sendKeys(findTestObject("Quản lý tài khoản merchant/Quản lý dịch vụ merchant/userNameTextbox"), userAccount): Keys 'dannt@9pay.vn' sent to object: 'Object Repository/Quản lý tài khoản merchant/Quản lý dịch vụ merchant/userNameTextbox'

12-10-2024T19:55:24 - [MESSAGE][PASSED] - Keys 'dannt@9pay.vn' sent to object: 'Object Repository/Quản lý tài khoản merchant/Quản lý dịch vụ merchant/userNameTextbox'

12-10-2024T19:55:24 - [TEST_STEP][PASSED] - sendKeys(findTestObject("Quản lý tài khoản merchant/Quản lý dịch vụ merchant/passwordTextbox"), password): Keys 'dannt@9pay.vn' sent to object: 'Object Repository/Quản lý tài khoản merchant/Quản lý dịch vụ merchant/passwordTextbox'

12-10-2024T19:55:24 - [MESSAGE][PASSED] - Keys 'dannt@9pay.vn' sent to object: 'Object Repository/Quản lý tài khoản merchant/Quản lý dịch vụ merchant/passwordTextbox'

12-10-2024T19:55:24 - [TEST_STEP][PASSED] - click(findTestObject("Quản lý tài khoản merchant/Quản lý dịch vụ merchant/loginButton")): Object: 'Object Repository/Quản lý tài khoản merchant/Quản lý dịch vụ merchant/loginButton' is clicked on

12-10-2024T19:55:24 - [MESSAGE][PASSED] - Object: 'Object Repository/Quản lý tài khoản merchant/Quản lý dịch vụ merchant/loginButton' is clicked on

12-10-2024T19:55:24 - [MESSAGE][PASSED] - Call Test Case 'Test Cases/Login/LoginCommon' successfully

12-10-2024T19:55:24 - [TEST_STEP][PASSED] - waitForElementVisible(findTestObject("Trang chủ/userName"), 20, STOP_ON_FAILURE): Object 'Object Repository/Trang chủ/userName' is visible

12-10-2024T19:55:26 - [MESSAGE][PASSED] - Object 'Object Repository/Trang chủ/userName' is visible

12-10-2024T19:55:26 - [TEST_STEP][PASSED] - callTestCase(findTestCase("Test Cases/Quản lý tài khoản merchant/Quản lý danh sách tài khoản/CustomFunctions"), [:], STOP_ON_FAILURE): Call Test Case 'Test Cases/Quản lý tài khoản merchant/Quản lý danh sách tài khoản/CustomFunctions' successfully

12-10-2024T19:55:26 - [TEST_CASE][PASSED] - Test Cases/Quản lý tài khoản merchant/Quản lý danh sách tài khoản/CustomFunctions: Test Cases/Quản lý tài khoản merchant/Quản lý danh sách tài khoản/CustomFunctions

12-10-2024T19:55:26 - [TEST_STEP][PASSED] - driver = getWebDriver(): null

12-10-2024T19:55:26 - [TEST_STEP][PASSED] - sleep(2000): null

12-10-2024T19:55:28 - [TEST_STEP][PASSED] - element1 = driver.findElement(By.xpath(xpathManagerMC)): null

12-10-2024T19:55:28 - [TEST_STEP][PASSED] - actions = new org.openqa.selenium.interactions.Actions(driver): null

12-10-2024T19:55:28 - [TEST_STEP][PASSED] - click().perform(): null

12-10-2024T19:55:29 - [TEST_STEP][PASSED] - wait = new org.openqa.selenium.support.ui.WebDriverWait(com.kms.katalon.core.webui.driver.DriverFactory.getWebDriver(), 15): null

12-10-2024T19:55:29 - [TEST_STEP][PASSED] - element2 = wait.until(ExpectedConditions.elementToBeClickable(By.xpath(xpathManagerServiceMC))): null

12-10-2024T19:55:29 - [TEST_STEP][PASSED] - click().perform(): null

12-10-2024T19:55:29 - [MESSAGE][PASSED] - Call Test Case 'Test Cases/Quản lý tài khoản merchant/Quản lý danh sách tài khoản/CustomFunctions' successfully

12-10-2024T19:55:29 - [TEST_STEP][PASSED] - driver = getWebDriver(): null

12-10-2024T19:55:29 - [TEST_STEP][PASSED] - dropdown = driver.findElement(By.name("service_type")): null

12-10-2024T19:55:30 - [TEST_STEP][PASSED] - xpath("//option[@value='TRANSFER_BANK']")).click(): null

12-10-2024T19:55:31 - [TEST_STEP][PASSED] - click(findTestObject("Quản lý tài khoản merchant/Quản lý dịch vụ merchant/searchBtn")): Object: 'Object Repository/Quản lý tài khoản merchant/Quản lý dịch vụ merchant/searchBtn' is clicked on

12-10-2024T19:55:31 - [MESSAGE][PASSED] - Object: 'Object Repository/Quản lý tài khoản merchant/Quản lý dịch vụ merchant/searchBtn' is clicked on

12-10-2024T19:55:31 - [TEST_STEP][PASSED] - xpath = "//label[contains(@for, 'transfer_provider_EPAY')]": null

12-10-2024T19:55:31 - [TEST_STEP][PASSED] - elements = new java.util.ArrayList(): null

12-10-2024T19:55:31 - [TEST_STEP][PASSED] - elements = driver.findElements(By.xpath(xpath)): null

12-10-2024T19:55:32 - [TEST_STEP][PASSED] - println("Số lượng phần tử: " + elements.size()): null

12-10-2024T19:55:32 - [TEST_STEP][PASSED] - expectedElements = 25: null

12-10-2024T19:55:32 - [TEST_STEP][PASSED] - if (elements.size() == expectedElements): Test case đã pass với số lượng icon đúng.

12-10-2024T19:55:32 - [TEST_STEP][PASSED] - println("Số lượng icon tìm thấy là đúng: " + elements.size()): null

12-10-2024T19:55:32 - [TEST_STEP][PASSED] - markPassed("Test case đã pass với số lượng icon đúng."): Test case đã pass với số lượng icon đúng.

12-10-2024T19:55:32 - [MESSAGE][PASSED] - Test case đã pass với số lượng icon đúng.

12-10-2024T19:55:32 - [TEST_STEP][PASSED] - Start listener action : sampleAfterTestCase: null

12-10-2024T19:55:32 - [TEST_STEP][PASSED] - testCaseId = testCaseContext.getTestCaseId(): null

12-10-2024T19:55:32 - [TEST_STEP][PASSED] - if (testCaseId == "Test Cases/Quản lý tài khoản merchant/Quản lý dịch vụ merchant/Kiểm tra chức năng xác nhận cấu hình thay đổi VA"): null]]></system-out>
         <system-err><![CDATA[]]></system-err>
      </testcase>
      <testcase name="Test Cases/Quản lý tài khoản merchant/Quản lý dịch vụ merchant/TC_03_Kiểm tra chức năng search khi chọn dịch vụ là chi hộ và Active" time="12.957" classname="Test Cases/Quản lý tài khoản merchant/Quản lý dịch vụ merchant/TC_03_Kiểm tra chức năng search khi chọn dịch vụ là chi hộ và Active" status="PASSED">
         <system-out><![CDATA[12-10-2024T19:55:32 - [TEST_CASE][PASSED] - Test Cases/Quản lý tài khoản merchant/Quản lý dịch vụ merchant/TC_03_Kiểm tra chức năng search khi chọn dịch vụ là chi hộ và Active: Test Cases/Quản lý tài khoản merchant/Quản lý dịch vụ merchant/TC_03_Kiểm tra chức năng search khi chọn dịch vụ là chi hộ và Active

12-10-2024T19:55:32 - [TEST_STEP][PASSED] - Start listener action : sampleBeforeTestCase: Navigate to 'https://stg-cms-console.9pay.mobi/login' successfully

12-10-2024T19:55:32 - [TEST_STEP][PASSED] - testCaseId = testCaseContext.getTestCaseId(): null

12-10-2024T19:55:32 - [TEST_STEP][PASSED] - url = <not implemented yet for class: org.codehaus.groovy.ast.expr.EmptyExpression>: null

12-10-2024T19:55:32 - [TEST_STEP][PASSED] - if (testCaseId == "Test Cases/Quản lý tài khoản merchant/Quản lý dịch vụ merchant/Kiểm tra thay đổi sau khi cấu hình VA trên MCV"): null

12-10-2024T19:55:32 - [TEST_STEP][PASSED] - else: null

12-10-2024T19:55:32 - [TEST_STEP][PASSED] - url = "https://stg-cms-console.9pay.mobi/login": null

12-10-2024T19:55:32 - [TEST_STEP][PASSED] - openBrowser(""): Browser is opened with url: ''

12-10-2024T19:55:32 - [MESSAGE][WARNING] - A browser is already opened. Closing browser and opening a new one

12-10-2024T19:55:33 - [MESSAGE][INFO] - Starting 'Chrome' driver

12-10-2024T19:55:33 - [MESSAGE][INFO] - Action delay is set to 0 milliseconds

12-10-2024T19:55:33 - [MESSAGE][PASSED] - Browser is opened with url: ''

12-10-2024T19:55:33 - [TEST_STEP][PASSED] - maximizeWindow(): Current window maximized

12-10-2024T19:55:34 - [MESSAGE][PASSED] - Current window maximized

12-10-2024T19:55:34 - [TEST_STEP][PASSED] - navigateToUrl(url): Navigate to 'https://stg-cms-console.9pay.mobi/login' successfully

12-10-2024T19:55:35 - [MESSAGE][PASSED] - Navigate to 'https://stg-cms-console.9pay.mobi/login' successfully

12-10-2024T19:55:36 - [TEST_STEP][PASSED] - callTestCase(findTestCase("Test Cases/Login/LoginCommon"), [:], STOP_ON_FAILURE): Call Test Case 'Test Cases/Login/LoginCommon' successfully

12-10-2024T19:55:36 - [TEST_CASE][PASSED] - Test Cases/Login/LoginCommon: Test Cases/Login/LoginCommon

12-10-2024T19:55:36 - [TEST_STEP][PASSED] - driver = getWebDriver(): null

12-10-2024T19:55:36 - [TEST_STEP][PASSED] - sendKeys(findTestObject("Quản lý tài khoản merchant/Quản lý dịch vụ merchant/userNameTextbox"), userAccount): Keys 'dannt@9pay.vn' sent to object: 'Object Repository/Quản lý tài khoản merchant/Quản lý dịch vụ merchant/userNameTextbox'

12-10-2024T19:55:36 - [MESSAGE][PASSED] - Keys 'dannt@9pay.vn' sent to object: 'Object Repository/Quản lý tài khoản merchant/Quản lý dịch vụ merchant/userNameTextbox'

12-10-2024T19:55:36 - [TEST_STEP][PASSED] - sendKeys(findTestObject("Quản lý tài khoản merchant/Quản lý dịch vụ merchant/passwordTextbox"), password): Keys 'dannt@9pay.vn' sent to object: 'Object Repository/Quản lý tài khoản merchant/Quản lý dịch vụ merchant/passwordTextbox'

12-10-2024T19:55:36 - [MESSAGE][PASSED] - Keys 'dannt@9pay.vn' sent to object: 'Object Repository/Quản lý tài khoản merchant/Quản lý dịch vụ merchant/passwordTextbox'

12-10-2024T19:55:36 - [TEST_STEP][PASSED] - click(findTestObject("Quản lý tài khoản merchant/Quản lý dịch vụ merchant/loginButton")): Object: 'Object Repository/Quản lý tài khoản merchant/Quản lý dịch vụ merchant/loginButton' is clicked on

12-10-2024T19:55:37 - [MESSAGE][PASSED] - Object: 'Object Repository/Quản lý tài khoản merchant/Quản lý dịch vụ merchant/loginButton' is clicked on

12-10-2024T19:55:37 - [MESSAGE][PASSED] - Call Test Case 'Test Cases/Login/LoginCommon' successfully

12-10-2024T19:55:37 - [TEST_STEP][PASSED] - waitForElementVisible(findTestObject("Trang chủ/userName"), 20, STOP_ON_FAILURE): Object 'Object Repository/Trang chủ/userName' is visible

12-10-2024T19:55:38 - [MESSAGE][PASSED] - Object 'Object Repository/Trang chủ/userName' is visible

12-10-2024T19:55:38 - [TEST_STEP][PASSED] - callTestCase(findTestCase("Test Cases/Quản lý tài khoản merchant/Quản lý danh sách tài khoản/CustomFunctions"), [:], STOP_ON_FAILURE): Call Test Case 'Test Cases/Quản lý tài khoản merchant/Quản lý danh sách tài khoản/CustomFunctions' successfully

12-10-2024T19:55:38 - [TEST_CASE][PASSED] - Test Cases/Quản lý tài khoản merchant/Quản lý danh sách tài khoản/CustomFunctions: Test Cases/Quản lý tài khoản merchant/Quản lý danh sách tài khoản/CustomFunctions

12-10-2024T19:55:38 - [TEST_STEP][PASSED] - driver = getWebDriver(): null

12-10-2024T19:55:38 - [TEST_STEP][PASSED] - sleep(2000): null

12-10-2024T19:55:40 - [TEST_STEP][PASSED] - element1 = driver.findElement(By.xpath(xpathManagerMC)): null

12-10-2024T19:55:41 - [TEST_STEP][PASSED] - actions = new org.openqa.selenium.interactions.Actions(driver): null

12-10-2024T19:55:41 - [TEST_STEP][PASSED] - click().perform(): null

12-10-2024T19:55:41 - [TEST_STEP][PASSED] - wait = new org.openqa.selenium.support.ui.WebDriverWait(com.kms.katalon.core.webui.driver.DriverFactory.getWebDriver(), 15): null

12-10-2024T19:55:41 - [TEST_STEP][PASSED] - element2 = wait.until(ExpectedConditions.elementToBeClickable(By.xpath(xpathManagerServiceMC))): null

12-10-2024T19:55:41 - [TEST_STEP][PASSED] - click().perform(): null

12-10-2024T19:55:41 - [MESSAGE][PASSED] - Call Test Case 'Test Cases/Quản lý tài khoản merchant/Quản lý danh sách tài khoản/CustomFunctions' successfully

12-10-2024T19:55:41 - [TEST_STEP][PASSED] - driver = getWebDriver(): null

12-10-2024T19:55:41 - [TEST_STEP][PASSED] - dropdownService = driver.findElement(By.name("service_type")): null

12-10-2024T19:55:42 - [TEST_STEP][PASSED] - dropdownStt = driver.findElement(By.name("is_active")): null

12-10-2024T19:55:43 - [TEST_STEP][PASSED] - xpath("//option[@value='TRANSFER_BANK']")).click(): null

12-10-2024T19:55:43 - [TEST_STEP][PASSED] - xpath("//option[@value="1"]")).click(): null

12-10-2024T19:55:43 - [TEST_STEP][PASSED] - click(findTestObject("Quản lý tài khoản merchant/Quản lý dịch vụ merchant/searchBtn")): Object: 'Object Repository/Quản lý tài khoản merchant/Quản lý dịch vụ merchant/searchBtn' is clicked on

12-10-2024T19:55:44 - [MESSAGE][PASSED] - Object: 'Object Repository/Quản lý tài khoản merchant/Quản lý dịch vụ merchant/searchBtn' is clicked on

12-10-2024T19:55:44 - [TEST_STEP][PASSED] - xpathPayOn = "//label[contains(@for, 'transfer_provider_EPAY')]": null

12-10-2024T19:55:44 - [TEST_STEP][PASSED] - xpathSttActive = "//td//span[contains(text(),'Đang hoạt động')]": null

12-10-2024T19:55:44 - [TEST_STEP][PASSED] - PayOns = new java.util.ArrayList(): null

12-10-2024T19:55:44 - [TEST_STEP][PASSED] - SttActives = new java.util.ArrayList(): null

12-10-2024T19:55:44 - [TEST_STEP][PASSED] - PayOns = driver.findElements(By.xpath(xpathPayOn)): null

12-10-2024T19:55:45 - [TEST_STEP][PASSED] - SttActives = driver.findElements(By.xpath(xpathSttActive)): null

12-10-2024T19:55:45 - [TEST_STEP][PASSED] - println("Số lượng phần tử chi hộ: " + PayOns.size()): null

12-10-2024T19:55:45 - [TEST_STEP][PASSED] - println("Số lượng phần tử active là: " + SttActives.size()): null

12-10-2024T19:55:45 - [TEST_STEP][PASSED] - expectedElements = 25: null

12-10-2024T19:55:45 - [TEST_STEP][PASSED] - if (PayOns.size() == expectedElements && SttActives.size() == expectedElements): Test case đã pass với số lượng icon đúng.

12-10-2024T19:55:45 - [TEST_STEP][PASSED] - markPassed("Test case đã pass với số lượng icon đúng."): Test case đã pass với số lượng icon đúng.

12-10-2024T19:55:45 - [MESSAGE][PASSED] - Test case đã pass với số lượng icon đúng.

12-10-2024T19:55:45 - [TEST_STEP][PASSED] - Start listener action : sampleAfterTestCase: null

12-10-2024T19:55:45 - [TEST_STEP][PASSED] - testCaseId = testCaseContext.getTestCaseId(): null

12-10-2024T19:55:45 - [TEST_STEP][PASSED] - if (testCaseId == "Test Cases/Quản lý tài khoản merchant/Quản lý dịch vụ merchant/Kiểm tra chức năng xác nhận cấu hình thay đổi VA"): null]]></system-out>
         <system-err><![CDATA[]]></system-err>
      </testcase>
      <testcase name="Test Cases/Quản lý tài khoản merchant/Quản lý dịch vụ merchant/TC_04_Kiểm tra chức năng search khi chọn dịch vụ là chi hộ và Inactive" time="18.585" classname="Test Cases/Quản lý tài khoản merchant/Quản lý dịch vụ merchant/TC_04_Kiểm tra chức năng search khi chọn dịch vụ là chi hộ và Inactive" status="PASSED">
         <system-out><![CDATA[12-10-2024T19:55:45 - [TEST_CASE][PASSED] - Test Cases/Quản lý tài khoản merchant/Quản lý dịch vụ merchant/TC_04_Kiểm tra chức năng search khi chọn dịch vụ là chi hộ và Inactive: Test Cases/Quản lý tài khoản merchant/Quản lý dịch vụ merchant/TC_04_Kiểm tra chức năng search khi chọn dịch vụ là chi hộ và Inactive

12-10-2024T19:55:45 - [TEST_STEP][PASSED] - Start listener action : sampleBeforeTestCase: Navigate to 'https://stg-cms-console.9pay.mobi/login' successfully

12-10-2024T19:55:45 - [TEST_STEP][PASSED] - testCaseId = testCaseContext.getTestCaseId(): null

12-10-2024T19:55:45 - [TEST_STEP][PASSED] - url = <not implemented yet for class: org.codehaus.groovy.ast.expr.EmptyExpression>: null

12-10-2024T19:55:45 - [TEST_STEP][PASSED] - if (testCaseId == "Test Cases/Quản lý tài khoản merchant/Quản lý dịch vụ merchant/Kiểm tra thay đổi sau khi cấu hình VA trên MCV"): null

12-10-2024T19:55:45 - [TEST_STEP][PASSED] - else: null

12-10-2024T19:55:45 - [TEST_STEP][PASSED] - url = "https://stg-cms-console.9pay.mobi/login": null

12-10-2024T19:55:45 - [TEST_STEP][PASSED] - openBrowser(""): Browser is opened with url: ''

12-10-2024T19:55:45 - [MESSAGE][WARNING] - A browser is already opened. Closing browser and opening a new one

12-10-2024T19:55:45 - [MESSAGE][INFO] - Starting 'Chrome' driver

12-10-2024T19:55:45 - [MESSAGE][INFO] - Action delay is set to 0 milliseconds

12-10-2024T19:55:46 - [MESSAGE][PASSED] - Browser is opened with url: ''

12-10-2024T19:55:46 - [TEST_STEP][PASSED] - maximizeWindow(): Current window maximized

12-10-2024T19:55:46 - [MESSAGE][PASSED] - Current window maximized

12-10-2024T19:55:46 - [TEST_STEP][PASSED] - navigateToUrl(url): Navigate to 'https://stg-cms-console.9pay.mobi/login' successfully

12-10-2024T19:55:47 - [MESSAGE][PASSED] - Navigate to 'https://stg-cms-console.9pay.mobi/login' successfully

12-10-2024T19:55:47 - [TEST_STEP][PASSED] - callTestCase(findTestCase("Test Cases/Login/LoginCommon"), [:], STOP_ON_FAILURE): Call Test Case 'Test Cases/Login/LoginCommon' successfully

12-10-2024T19:55:47 - [TEST_CASE][PASSED] - Test Cases/Login/LoginCommon: Test Cases/Login/LoginCommon

12-10-2024T19:55:47 - [TEST_STEP][PASSED] - driver = getWebDriver(): null

12-10-2024T19:55:47 - [TEST_STEP][PASSED] - sendKeys(findTestObject("Quản lý tài khoản merchant/Quản lý dịch vụ merchant/userNameTextbox"), userAccount): Keys 'dannt@9pay.vn' sent to object: 'Object Repository/Quản lý tài khoản merchant/Quản lý dịch vụ merchant/userNameTextbox'

12-10-2024T19:55:49 - [MESSAGE][PASSED] - Keys 'dannt@9pay.vn' sent to object: 'Object Repository/Quản lý tài khoản merchant/Quản lý dịch vụ merchant/userNameTextbox'

12-10-2024T19:55:49 - [TEST_STEP][PASSED] - sendKeys(findTestObject("Quản lý tài khoản merchant/Quản lý dịch vụ merchant/passwordTextbox"), password): Keys 'dannt@9pay.vn' sent to object: 'Object Repository/Quản lý tài khoản merchant/Quản lý dịch vụ merchant/passwordTextbox'

12-10-2024T19:55:50 - [MESSAGE][PASSED] - Keys 'dannt@9pay.vn' sent to object: 'Object Repository/Quản lý tài khoản merchant/Quản lý dịch vụ merchant/passwordTextbox'

12-10-2024T19:55:50 - [TEST_STEP][PASSED] - click(findTestObject("Quản lý tài khoản merchant/Quản lý dịch vụ merchant/loginButton")): Object: 'Object Repository/Quản lý tài khoản merchant/Quản lý dịch vụ merchant/loginButton' is clicked on

12-10-2024T19:55:50 - [MESSAGE][PASSED] - Object: 'Object Repository/Quản lý tài khoản merchant/Quản lý dịch vụ merchant/loginButton' is clicked on

12-10-2024T19:55:50 - [MESSAGE][PASSED] - Call Test Case 'Test Cases/Login/LoginCommon' successfully

12-10-2024T19:55:50 - [TEST_STEP][PASSED] - waitForElementVisible(findTestObject("Trang chủ/userName"), 20, STOP_ON_FAILURE): Object 'Object Repository/Trang chủ/userName' is visible

12-10-2024T19:55:51 - [MESSAGE][PASSED] - Object 'Object Repository/Trang chủ/userName' is visible

12-10-2024T19:55:51 - [TEST_STEP][PASSED] - callTestCase(findTestCase("Test Cases/Quản lý tài khoản merchant/Quản lý danh sách tài khoản/CustomFunctions"), [:], STOP_ON_FAILURE): Call Test Case 'Test Cases/Quản lý tài khoản merchant/Quản lý danh sách tài khoản/CustomFunctions' successfully

12-10-2024T19:55:52 - [TEST_CASE][PASSED] - Test Cases/Quản lý tài khoản merchant/Quản lý danh sách tài khoản/CustomFunctions: Test Cases/Quản lý tài khoản merchant/Quản lý danh sách tài khoản/CustomFunctions

12-10-2024T19:55:52 - [TEST_STEP][PASSED] - driver = getWebDriver(): null

12-10-2024T19:55:52 - [TEST_STEP][PASSED] - sleep(2000): null

12-10-2024T19:55:54 - [TEST_STEP][PASSED] - element1 = driver.findElement(By.xpath(xpathManagerMC)): null

12-10-2024T19:55:59 - [TEST_STEP][PASSED] - actions = new org.openqa.selenium.interactions.Actions(driver): null

12-10-2024T19:55:59 - [TEST_STEP][PASSED] - click().perform(): null

12-10-2024T19:55:59 - [TEST_STEP][PASSED] - wait = new org.openqa.selenium.support.ui.WebDriverWait(com.kms.katalon.core.webui.driver.DriverFactory.getWebDriver(), 15): null

12-10-2024T19:55:59 - [TEST_STEP][PASSED] - element2 = wait.until(ExpectedConditions.elementToBeClickable(By.xpath(xpathManagerServiceMC))): null

12-10-2024T19:55:59 - [TEST_STEP][PASSED] - click().perform(): null

12-10-2024T19:56:00 - [MESSAGE][PASSED] - Call Test Case 'Test Cases/Quản lý tài khoản merchant/Quản lý danh sách tài khoản/CustomFunctions' successfully

12-10-2024T19:56:00 - [TEST_STEP][PASSED] - driver = getWebDriver(): null

12-10-2024T19:56:00 - [TEST_STEP][PASSED] - dropdownService = driver.findElement(By.name("service_type")): null

12-10-2024T19:56:01 - [TEST_STEP][PASSED] - dropdownStt = driver.findElement(By.name("is_active")): null

12-10-2024T19:56:01 - [TEST_STEP][PASSED] - xpath("//option[@value='TRANSFER_BANK']")).click(): null

12-10-2024T19:56:02 - [TEST_STEP][PASSED] - xpath("//option[@value="0"]")).click(): null

12-10-2024T19:56:02 - [TEST_STEP][PASSED] - click(findTestObject("Quản lý tài khoản merchant/Quản lý dịch vụ merchant/searchBtn")): Object: 'Object Repository/Quản lý tài khoản merchant/Quản lý dịch vụ merchant/searchBtn' is clicked on

12-10-2024T19:56:02 - [MESSAGE][PASSED] - Object: 'Object Repository/Quản lý tài khoản merchant/Quản lý dịch vụ merchant/searchBtn' is clicked on

12-10-2024T19:56:02 - [TEST_STEP][PASSED] - xpathPayOn = "//label[contains(@for, 'transfer_provider_EPAY')]": null

12-10-2024T19:56:02 - [TEST_STEP][PASSED] - xpathSttInactive = "//td//span[contains(text(),'Không hoạt động')]": null

12-10-2024T19:56:02 - [TEST_STEP][PASSED] - PayOns = new java.util.ArrayList(): null

12-10-2024T19:56:02 - [TEST_STEP][PASSED] - SttInactives = new java.util.ArrayList(): null

12-10-2024T19:56:02 - [TEST_STEP][PASSED] - PayOns = driver.findElements(By.xpath(xpathPayOn)): null

12-10-2024T19:56:04 - [TEST_STEP][PASSED] - SttInactives = driver.findElements(By.xpath(xpathSttInactive)): null

12-10-2024T19:56:04 - [TEST_STEP][PASSED] - println("Số lượng phần tử chi hộ: " + PayOns.size()): null

12-10-2024T19:56:04 - [TEST_STEP][PASSED] - println("Số lượng phần tử active là: " + SttInactives.size()): null

12-10-2024T19:56:04 - [TEST_STEP][PASSED] - expectedElements = 0: null

12-10-2024T19:56:04 - [TEST_STEP][PASSED] - if (PayOns.size() == expectedElements && SttInactives.size() == expectedElements): Test case đã pass với số lượng icon đúng.

12-10-2024T19:56:04 - [TEST_STEP][PASSED] - markPassed("Test case đã pass với số lượng icon đúng."): Test case đã pass với số lượng icon đúng.

12-10-2024T19:56:04 - [MESSAGE][PASSED] - Test case đã pass với số lượng icon đúng.

12-10-2024T19:56:04 - [TEST_STEP][PASSED] - Start listener action : sampleAfterTestCase: null

12-10-2024T19:56:04 - [TEST_STEP][PASSED] - testCaseId = testCaseContext.getTestCaseId(): null

12-10-2024T19:56:04 - [TEST_STEP][PASSED] - if (testCaseId == "Test Cases/Quản lý tài khoản merchant/Quản lý dịch vụ merchant/Kiểm tra chức năng xác nhận cấu hình thay đổi VA"): null]]></system-out>
         <system-err><![CDATA[]]></system-err>
      </testcase>
      <testcase name="Test Cases/Quản lý tài khoản merchant/Quản lý dịch vụ merchant/TC_05_kiểm tra chức năng search khi chọn dịch vụ là thu hộ IB" time="16.448" classname="Test Cases/Quản lý tài khoản merchant/Quản lý dịch vụ merchant/TC_05_kiểm tra chức năng search khi chọn dịch vụ là thu hộ IB" status="FAILED">
         <failure type="FAILED" message="Test Cases/Quản lý tài khoản merchant/Quản lý dịch vụ merchant/TC_05_kiểm tra chức năng search khi chọn dịch vụ là thu hộ IB FAILED.&#xa;Reason:&#xa;com.kms.katalon.core.exception.StepFailedException: Test case đã fail với số lượng icon không đúng.&#xa;	at com.kms.katalon.core.util.KeywordUtil.markFailed(KeywordUtil.java:19)&#xa;	at TC_05_kiểm tra chức năng search khi chọn dịch vụ là thu hộ IB.run(TC_05_kiểm tra chức năng search khi chọn dịch vụ là thu hộ IB:59)&#xa;	at com.kms.katalon.core.main.ScriptEngine.run(ScriptEngine.java:194)&#xa;	at com.kms.katalon.core.main.ScriptEngine.runScriptAsRawText(ScriptEngine.java:119)&#xa;	at com.kms.katalon.core.main.TestCaseExecutor.runScript(TestCaseExecutor.java:448)&#xa;	at com.kms.katalon.core.main.TestCaseExecutor.doExecute(TestCaseExecutor.java:439)&#xa;	at com.kms.katalon.core.main.TestCaseExecutor.processExecutionPhase(TestCaseExecutor.java:418)&#xa;	at com.kms.katalon.core.main.TestCaseExecutor.accessMainPhase(TestCaseExecutor.java:410)&#xa;	at com.kms.katalon.core.main.TestCaseExecutor.execute(TestCaseExecutor.java:285)&#xa;	at com.kms.katalon.core.common.CommonExecutor.accessTestCaseMainPhase(CommonExecutor.java:65)&#xa;	at com.kms.katalon.core.main.TestSuiteExecutor.accessTestSuiteMainPhase(TestSuiteExecutor.java:150)&#xa;	at com.kms.katalon.core.main.TestSuiteExecutor.execute(TestSuiteExecutor.java:106)&#xa;	at com.kms.katalon.core.main.TestCaseMain.startTestSuite(TestCaseMain.java:180)&#xa;	at TempTestSuite1728737688645.run(TempTestSuite1728737688645.groovy:35)&#xa;	at java.base/jdk.internal.reflect.NativeMethodAccessorImpl.invoke0(Native Method)&#xa;	at java.base/jdk.internal.reflect.NativeMethodAccessorImpl.invoke(NativeMethodAccessorImpl.java:77)&#xa;	at java.base/jdk.internal.reflect.DelegatingMethodAccessorImpl.invoke(DelegatingMethodAccessorImpl.java:43)&#xa;"/>
         <system-out><![CDATA[12-10-2024T19:56:04 - [TEST_CASE][FAILED] - Test Cases/Quản lý tài khoản merchant/Quản lý dịch vụ merchant/TC_05_kiểm tra chức năng search khi chọn dịch vụ là thu hộ IB: Test Cases/Quản lý tài khoản merchant/Quản lý dịch vụ merchant/TC_05_kiểm tra chức năng search khi chọn dịch vụ là thu hộ IB FAILED.
Reason:
com.kms.katalon.core.exception.StepFailedException: Test case đã fail với số lượng icon không đúng.
	at com.kms.katalon.core.util.KeywordUtil.markFailed(KeywordUtil.java:19)
	at TC_05_kiểm tra chức năng search khi chọn dịch vụ là thu hộ IB.run(TC_05_kiểm tra chức năng search khi chọn dịch vụ là thu hộ IB:59)
	at com.kms.katalon.core.main.ScriptEngine.run(ScriptEngine.java:194)
	at com.kms.katalon.core.main.ScriptEngine.runScriptAsRawText(ScriptEngine.java:119)
	at com.kms.katalon.core.main.TestCaseExecutor.runScript(TestCaseExecutor.java:448)
	at com.kms.katalon.core.main.TestCaseExecutor.doExecute(TestCaseExecutor.java:439)
	at com.kms.katalon.core.main.TestCaseExecutor.processExecutionPhase(TestCaseExecutor.java:418)
	at com.kms.katalon.core.main.TestCaseExecutor.accessMainPhase(TestCaseExecutor.java:410)
	at com.kms.katalon.core.main.TestCaseExecutor.execute(TestCaseExecutor.java:285)
	at com.kms.katalon.core.common.CommonExecutor.accessTestCaseMainPhase(CommonExecutor.java:65)
	at com.kms.katalon.core.main.TestSuiteExecutor.accessTestSuiteMainPhase(TestSuiteExecutor.java:150)
	at com.kms.katalon.core.main.TestSuiteExecutor.execute(TestSuiteExecutor.java:106)
	at com.kms.katalon.core.main.TestCaseMain.startTestSuite(TestCaseMain.java:180)
	at TempTestSuite1728737688645.run(TempTestSuite1728737688645.groovy:35)
	at java.base/jdk.internal.reflect.NativeMethodAccessorImpl.invoke0(Native Method)
	at java.base/jdk.internal.reflect.NativeMethodAccessorImpl.invoke(NativeMethodAccessorImpl.java:77)
	at java.base/jdk.internal.reflect.DelegatingMethodAccessorImpl.invoke(DelegatingMethodAccessorImpl.java:43)


12-10-2024T19:56:04 - [TEST_STEP][PASSED] - Start listener action : sampleBeforeTestCase: Navigate to 'https://stg-cms-console.9pay.mobi/login' successfully

12-10-2024T19:56:04 - [TEST_STEP][PASSED] - testCaseId = testCaseContext.getTestCaseId(): null

12-10-2024T19:56:04 - [TEST_STEP][PASSED] - url = <not implemented yet for class: org.codehaus.groovy.ast.expr.EmptyExpression>: null

12-10-2024T19:56:04 - [TEST_STEP][PASSED] - if (testCaseId == "Test Cases/Quản lý tài khoản merchant/Quản lý dịch vụ merchant/Kiểm tra thay đổi sau khi cấu hình VA trên MCV"): null

12-10-2024T19:56:04 - [TEST_STEP][PASSED] - else: null

12-10-2024T19:56:04 - [TEST_STEP][PASSED] - url = "https://stg-cms-console.9pay.mobi/login": null

12-10-2024T19:56:04 - [TEST_STEP][PASSED] - openBrowser(""): Browser is opened with url: ''

12-10-2024T19:56:04 - [MESSAGE][WARNING] - A browser is already opened. Closing browser and opening a new one

12-10-2024T19:56:04 - [MESSAGE][INFO] - Starting 'Chrome' driver

12-10-2024T19:56:04 - [MESSAGE][INFO] - Action delay is set to 0 milliseconds

12-10-2024T19:56:05 - [MESSAGE][PASSED] - Browser is opened with url: ''

12-10-2024T19:56:05 - [TEST_STEP][PASSED] - maximizeWindow(): Current window maximized

12-10-2024T19:56:05 - [MESSAGE][PASSED] - Current window maximized

12-10-2024T19:56:05 - [TEST_STEP][PASSED] - navigateToUrl(url): Navigate to 'https://stg-cms-console.9pay.mobi/login' successfully

12-10-2024T19:56:07 - [MESSAGE][PASSED] - Navigate to 'https://stg-cms-console.9pay.mobi/login' successfully

12-10-2024T19:56:07 - [TEST_STEP][PASSED] - callTestCase(findTestCase("Test Cases/Login/LoginCommon"), [:], STOP_ON_FAILURE): Call Test Case 'Test Cases/Login/LoginCommon' successfully

12-10-2024T19:56:07 - [TEST_CASE][PASSED] - Test Cases/Login/LoginCommon: Test Cases/Login/LoginCommon

12-10-2024T19:56:07 - [TEST_STEP][PASSED] - driver = getWebDriver(): null

12-10-2024T19:56:07 - [TEST_STEP][PASSED] - sendKeys(findTestObject("Quản lý tài khoản merchant/Quản lý dịch vụ merchant/userNameTextbox"), userAccount): Keys 'dannt@9pay.vn' sent to object: 'Object Repository/Quản lý tài khoản merchant/Quản lý dịch vụ merchant/userNameTextbox'

12-10-2024T19:56:08 - [MESSAGE][PASSED] - Keys 'dannt@9pay.vn' sent to object: 'Object Repository/Quản lý tài khoản merchant/Quản lý dịch vụ merchant/userNameTextbox'

12-10-2024T19:56:08 - [TEST_STEP][PASSED] - sendKeys(findTestObject("Quản lý tài khoản merchant/Quản lý dịch vụ merchant/passwordTextbox"), password): Keys 'dannt@9pay.vn' sent to object: 'Object Repository/Quản lý tài khoản merchant/Quản lý dịch vụ merchant/passwordTextbox'

12-10-2024T19:56:08 - [MESSAGE][PASSED] - Keys 'dannt@9pay.vn' sent to object: 'Object Repository/Quản lý tài khoản merchant/Quản lý dịch vụ merchant/passwordTextbox'

12-10-2024T19:56:08 - [TEST_STEP][PASSED] - click(findTestObject("Quản lý tài khoản merchant/Quản lý dịch vụ merchant/loginButton")): Object: 'Object Repository/Quản lý tài khoản merchant/Quản lý dịch vụ merchant/loginButton' is clicked on

12-10-2024T19:56:08 - [MESSAGE][PASSED] - Object: 'Object Repository/Quản lý tài khoản merchant/Quản lý dịch vụ merchant/loginButton' is clicked on

12-10-2024T19:56:08 - [MESSAGE][PASSED] - Call Test Case 'Test Cases/Login/LoginCommon' successfully

12-10-2024T19:56:08 - [TEST_STEP][PASSED] - waitForElementVisible(findTestObject("Trang chủ/userName"), 20, STOP_ON_FAILURE): Object 'Object Repository/Trang chủ/userName' is visible

12-10-2024T19:56:14 - [MESSAGE][PASSED] - Object 'Object Repository/Trang chủ/userName' is visible

12-10-2024T19:56:14 - [TEST_STEP][PASSED] - callTestCase(findTestCase("Test Cases/Quản lý tài khoản merchant/Quản lý danh sách tài khoản/CustomFunctions"), [:], STOP_ON_FAILURE): Call Test Case 'Test Cases/Quản lý tài khoản merchant/Quản lý danh sách tài khoản/CustomFunctions' successfully

12-10-2024T19:56:14 - [TEST_CASE][PASSED] - Test Cases/Quản lý tài khoản merchant/Quản lý danh sách tài khoản/CustomFunctions: Test Cases/Quản lý tài khoản merchant/Quản lý danh sách tài khoản/CustomFunctions

12-10-2024T19:56:14 - [TEST_STEP][PASSED] - driver = getWebDriver(): null

12-10-2024T19:56:14 - [TEST_STEP][PASSED] - sleep(2000): null

12-10-2024T19:56:16 - [TEST_STEP][PASSED] - element1 = driver.findElement(By.xpath(xpathManagerMC)): null

12-10-2024T19:56:16 - [TEST_STEP][PASSED] - actions = new org.openqa.selenium.interactions.Actions(driver): null

12-10-2024T19:56:16 - [TEST_STEP][PASSED] - click().perform(): null

12-10-2024T19:56:17 - [TEST_STEP][PASSED] - wait = new org.openqa.selenium.support.ui.WebDriverWait(com.kms.katalon.core.webui.driver.DriverFactory.getWebDriver(), 15): null

12-10-2024T19:56:17 - [TEST_STEP][PASSED] - element2 = wait.until(ExpectedConditions.elementToBeClickable(By.xpath(xpathManagerServiceMC))): null

12-10-2024T19:56:17 - [TEST_STEP][PASSED] - click().perform(): null

12-10-2024T19:56:17 - [MESSAGE][PASSED] - Call Test Case 'Test Cases/Quản lý tài khoản merchant/Quản lý danh sách tài khoản/CustomFunctions' successfully

12-10-2024T19:56:17 - [TEST_STEP][PASSED] - driver = getWebDriver(): null

12-10-2024T19:56:17 - [TEST_STEP][PASSED] - dropdown = driver.findElement(By.name("service_type")): null

12-10-2024T19:56:18 - [TEST_STEP][PASSED] - xpath("//option[@value='DEPOSIT_TRANSFER_IB']")).click(): null

12-10-2024T19:56:19 - [TEST_STEP][PASSED] - click(findTestObject("Quản lý tài khoản merchant/Quản lý dịch vụ merchant/searchBtn")): Object: 'Object Repository/Quản lý tài khoản merchant/Quản lý dịch vụ merchant/searchBtn' is clicked on

12-10-2024T19:56:19 - [MESSAGE][PASSED] - Object: 'Object Repository/Quản lý tài khoản merchant/Quản lý dịch vụ merchant/searchBtn' is clicked on

12-10-2024T19:56:19 - [TEST_STEP][PASSED] - xpath = "//th/span[@class='font-bold col-teal']/i[@class='material-icons' and text()='check_circle']": null

12-10-2024T19:56:19 - [TEST_STEP][PASSED] - elements = new java.util.ArrayList(): null

12-10-2024T19:56:19 - [TEST_STEP][PASSED] - elements = driver.findElements(By.xpath(xpath)): null

12-10-2024T19:56:20 - [TEST_STEP][PASSED] - println("Số lượng phần tử: " + elements.size()): null

12-10-2024T19:56:20 - [TEST_STEP][PASSED] - expectedElements = 25: null

12-10-2024T19:56:20 - [TEST_STEP][PASSED] - if (elements.size() == expectedElements): null

12-10-2024T19:56:20 - [TEST_STEP][FAILED] - else: Test case đã fail với số lượng icon không đúng.

12-10-2024T19:56:20 - [TEST_STEP][PASSED] - println("Số lượng icon tìm thấy không đúng. Số lượng thực tế: " + elements.size() + ", Số lượng mong đợi: " + expectedElements): null

12-10-2024T19:56:20 - [TEST_STEP][FAILED] - markFailed("Test case đã fail với số lượng icon không đúng."): Test case đã fail với số lượng icon không đúng.

12-10-2024T19:56:20 - [MESSAGE][FAILED] - Test case đã fail với số lượng icon không đúng.

12-10-2024T19:56:20 - [TEST_STEP][PASSED] - Start listener action : sampleAfterTestCase: null

12-10-2024T19:56:20 - [TEST_STEP][PASSED] - testCaseId = testCaseContext.getTestCaseId(): null

12-10-2024T19:56:20 - [TEST_STEP][PASSED] - if (testCaseId == "Test Cases/Quản lý tài khoản merchant/Quản lý dịch vụ merchant/Kiểm tra chức năng xác nhận cấu hình thay đổi VA"): null]]></system-out>
         <system-err><![CDATA[12-10-2024T19:56:04 - [TEST_CASE][FAILED] - Test Cases/Quản lý tài khoản merchant/Quản lý dịch vụ merchant/TC_05_kiểm tra chức năng search khi chọn dịch vụ là thu hộ IB: Test Cases/Quản lý tài khoản merchant/Quản lý dịch vụ merchant/TC_05_kiểm tra chức năng search khi chọn dịch vụ là thu hộ IB FAILED.
Reason:
com.kms.katalon.core.exception.StepFailedException: Test case đã fail với số lượng icon không đúng.
	at com.kms.katalon.core.util.KeywordUtil.markFailed(KeywordUtil.java:19)
	at TC_05_kiểm tra chức năng search khi chọn dịch vụ là thu hộ IB.run(TC_05_kiểm tra chức năng search khi chọn dịch vụ là thu hộ IB:59)
	at com.kms.katalon.core.main.ScriptEngine.run(ScriptEngine.java:194)
	at com.kms.katalon.core.main.ScriptEngine.runScriptAsRawText(ScriptEngine.java:119)
	at com.kms.katalon.core.main.TestCaseExecutor.runScript(TestCaseExecutor.java:448)
	at com.kms.katalon.core.main.TestCaseExecutor.doExecute(TestCaseExecutor.java:439)
	at com.kms.katalon.core.main.TestCaseExecutor.processExecutionPhase(TestCaseExecutor.java:418)
	at com.kms.katalon.core.main.TestCaseExecutor.accessMainPhase(TestCaseExecutor.java:410)
	at com.kms.katalon.core.main.TestCaseExecutor.execute(TestCaseExecutor.java:285)
	at com.kms.katalon.core.common.CommonExecutor.accessTestCaseMainPhase(CommonExecutor.java:65)
	at com.kms.katalon.core.main.TestSuiteExecutor.accessTestSuiteMainPhase(TestSuiteExecutor.java:150)
	at com.kms.katalon.core.main.TestSuiteExecutor.execute(TestSuiteExecutor.java:106)
	at com.kms.katalon.core.main.TestCaseMain.startTestSuite(TestCaseMain.java:180)
	at TempTestSuite1728737688645.run(TempTestSuite1728737688645.groovy:35)
	at java.base/jdk.internal.reflect.NativeMethodAccessorImpl.invoke0(Native Method)
	at java.base/jdk.internal.reflect.NativeMethodAccessorImpl.invoke(NativeMethodAccessorImpl.java:77)
	at java.base/jdk.internal.reflect.DelegatingMethodAccessorImpl.invoke(DelegatingMethodAccessorImpl.java:43)]]></system-err>
      </testcase>
      <testcase name="Test Cases/Quản lý tài khoản merchant/Quản lý dịch vụ merchant/TC_06_Kiểm tra chức năng search khi chọn dịch vụ là thu hộ IB và active" time="15.82" classname="Test Cases/Quản lý tài khoản merchant/Quản lý dịch vụ merchant/TC_06_Kiểm tra chức năng search khi chọn dịch vụ là thu hộ IB và active" status="PASSED">
         <system-out><![CDATA[12-10-2024T19:56:20 - [TEST_CASE][PASSED] - Test Cases/Quản lý tài khoản merchant/Quản lý dịch vụ merchant/TC_06_Kiểm tra chức năng search khi chọn dịch vụ là thu hộ IB và active: Test Cases/Quản lý tài khoản merchant/Quản lý dịch vụ merchant/TC_06_Kiểm tra chức năng search khi chọn dịch vụ là thu hộ IB và active

12-10-2024T19:56:20 - [TEST_STEP][PASSED] - Start listener action : sampleBeforeTestCase: Navigate to 'https://stg-cms-console.9pay.mobi/login' successfully

12-10-2024T19:56:20 - [TEST_STEP][PASSED] - testCaseId = testCaseContext.getTestCaseId(): null

12-10-2024T19:56:20 - [TEST_STEP][PASSED] - url = <not implemented yet for class: org.codehaus.groovy.ast.expr.EmptyExpression>: null

12-10-2024T19:56:20 - [TEST_STEP][PASSED] - if (testCaseId == "Test Cases/Quản lý tài khoản merchant/Quản lý dịch vụ merchant/Kiểm tra thay đổi sau khi cấu hình VA trên MCV"): null

12-10-2024T19:56:20 - [TEST_STEP][PASSED] - else: null

12-10-2024T19:56:20 - [TEST_STEP][PASSED] - url = "https://stg-cms-console.9pay.mobi/login": null

12-10-2024T19:56:20 - [TEST_STEP][PASSED] - openBrowser(""): Browser is opened with url: ''

12-10-2024T19:56:20 - [MESSAGE][WARNING] - A browser is already opened. Closing browser and opening a new one

12-10-2024T19:56:21 - [MESSAGE][INFO] - Starting 'Chrome' driver

12-10-2024T19:56:21 - [MESSAGE][INFO] - Action delay is set to 0 milliseconds

12-10-2024T19:56:21 - [MESSAGE][PASSED] - Browser is opened with url: ''

12-10-2024T19:56:21 - [TEST_STEP][PASSED] - maximizeWindow(): Current window maximized

12-10-2024T19:56:22 - [MESSAGE][PASSED] - Current window maximized

12-10-2024T19:56:22 - [TEST_STEP][PASSED] - navigateToUrl(url): Navigate to 'https://stg-cms-console.9pay.mobi/login' successfully

12-10-2024T19:56:26 - [MESSAGE][PASSED] - Navigate to 'https://stg-cms-console.9pay.mobi/login' successfully

12-10-2024T19:56:26 - [TEST_STEP][PASSED] - callTestCase(findTestCase("Test Cases/Login/LoginCommon"), [:], STOP_ON_FAILURE): Call Test Case 'Test Cases/Login/LoginCommon' successfully

12-10-2024T19:56:26 - [TEST_CASE][PASSED] - Test Cases/Login/LoginCommon: Test Cases/Login/LoginCommon

12-10-2024T19:56:26 - [TEST_STEP][PASSED] - driver = getWebDriver(): null

12-10-2024T19:56:26 - [TEST_STEP][PASSED] - sendKeys(findTestObject("Quản lý tài khoản merchant/Quản lý dịch vụ merchant/userNameTextbox"), userAccount): Keys 'dannt@9pay.vn' sent to object: 'Object Repository/Quản lý tài khoản merchant/Quản lý dịch vụ merchant/userNameTextbox'

12-10-2024T19:56:26 - [MESSAGE][PASSED] - Keys 'dannt@9pay.vn' sent to object: 'Object Repository/Quản lý tài khoản merchant/Quản lý dịch vụ merchant/userNameTextbox'

12-10-2024T19:56:26 - [TEST_STEP][PASSED] - sendKeys(findTestObject("Quản lý tài khoản merchant/Quản lý dịch vụ merchant/passwordTextbox"), password): Keys 'dannt@9pay.vn' sent to object: 'Object Repository/Quản lý tài khoản merchant/Quản lý dịch vụ merchant/passwordTextbox'

12-10-2024T19:56:26 - [MESSAGE][PASSED] - Keys 'dannt@9pay.vn' sent to object: 'Object Repository/Quản lý tài khoản merchant/Quản lý dịch vụ merchant/passwordTextbox'

12-10-2024T19:56:26 - [TEST_STEP][PASSED] - click(findTestObject("Quản lý tài khoản merchant/Quản lý dịch vụ merchant/loginButton")): Object: 'Object Repository/Quản lý tài khoản merchant/Quản lý dịch vụ merchant/loginButton' is clicked on

12-10-2024T19:56:27 - [MESSAGE][PASSED] - Object: 'Object Repository/Quản lý tài khoản merchant/Quản lý dịch vụ merchant/loginButton' is clicked on

12-10-2024T19:56:27 - [MESSAGE][PASSED] - Call Test Case 'Test Cases/Login/LoginCommon' successfully

12-10-2024T19:56:27 - [TEST_STEP][PASSED] - waitForElementVisible(findTestObject("Trang chủ/userName"), 20, STOP_ON_FAILURE): Object 'Object Repository/Trang chủ/userName' is visible

12-10-2024T19:56:28 - [MESSAGE][PASSED] - Object 'Object Repository/Trang chủ/userName' is visible

12-10-2024T19:56:28 - [TEST_STEP][PASSED] - callTestCase(findTestCase("Test Cases/Quản lý tài khoản merchant/Quản lý danh sách tài khoản/CustomFunctions"), [:], STOP_ON_FAILURE): Call Test Case 'Test Cases/Quản lý tài khoản merchant/Quản lý danh sách tài khoản/CustomFunctions' successfully

12-10-2024T19:56:28 - [TEST_CASE][PASSED] - Test Cases/Quản lý tài khoản merchant/Quản lý danh sách tài khoản/CustomFunctions: Test Cases/Quản lý tài khoản merchant/Quản lý danh sách tài khoản/CustomFunctions

12-10-2024T19:56:28 - [TEST_STEP][PASSED] - driver = getWebDriver(): null

12-10-2024T19:56:28 - [TEST_STEP][PASSED] - sleep(2000): null

12-10-2024T19:56:30 - [TEST_STEP][PASSED] - element1 = driver.findElement(By.xpath(xpathManagerMC)): null

12-10-2024T19:56:31 - [TEST_STEP][PASSED] - actions = new org.openqa.selenium.interactions.Actions(driver): null

12-10-2024T19:56:31 - [TEST_STEP][PASSED] - click().perform(): null

12-10-2024T19:56:31 - [TEST_STEP][PASSED] - wait = new org.openqa.selenium.support.ui.WebDriverWait(com.kms.katalon.core.webui.driver.DriverFactory.getWebDriver(), 15): null

12-10-2024T19:56:31 - [TEST_STEP][PASSED] - element2 = wait.until(ExpectedConditions.elementToBeClickable(By.xpath(xpathManagerServiceMC))): null

12-10-2024T19:56:31 - [TEST_STEP][PASSED] - click().perform(): null

12-10-2024T19:56:31 - [MESSAGE][PASSED] - Call Test Case 'Test Cases/Quản lý tài khoản merchant/Quản lý danh sách tài khoản/CustomFunctions' successfully

12-10-2024T19:56:31 - [TEST_STEP][PASSED] - driver = getWebDriver(): null

12-10-2024T19:56:31 - [TEST_STEP][PASSED] - dropdown = driver.findElement(By.name("service_type")): null

12-10-2024T19:56:33 - [TEST_STEP][PASSED] - xpath("//option[@value='DEPOSIT_TRANSFER_IB']")).click(): null

12-10-2024T19:56:33 - [TEST_STEP][PASSED] - dropdownStt = driver.findElement(By.name("is_active")): null

12-10-2024T19:56:33 - [TEST_STEP][PASSED] - xpath("//option[@value="1"]")).click(): null

12-10-2024T19:56:33 - [TEST_STEP][PASSED] - click(findTestObject("Quản lý tài khoản merchant/Quản lý dịch vụ merchant/searchBtn")): Object: 'Object Repository/Quản lý tài khoản merchant/Quản lý dịch vụ merchant/searchBtn' is clicked on

12-10-2024T19:56:34 - [MESSAGE][PASSED] - Object: 'Object Repository/Quản lý tài khoản merchant/Quản lý dịch vụ merchant/searchBtn' is clicked on

12-10-2024T19:56:34 - [TEST_STEP][PASSED] - xpathCollectionIB = "//th/span[@class='font-bold col-teal']/i[@class='material-icons' and text()='check_circle']": null

12-10-2024T19:56:34 - [TEST_STEP][PASSED] - xpathSttActive = "//td//span[contains(text(),'Đang hoạt động')]": null

12-10-2024T19:56:34 - [TEST_STEP][PASSED] - CollectionIBs = new java.util.ArrayList(): null

12-10-2024T19:56:34 - [TEST_STEP][PASSED] - SttActives = new java.util.ArrayList(): null

12-10-2024T19:56:34 - [TEST_STEP][PASSED] - CollectionIBs = driver.findElements(By.xpath(xpathCollectionIB)): null

12-10-2024T19:56:36 - [TEST_STEP][PASSED] - SttActives = driver.findElements(By.xpath(xpathSttActive)): null

12-10-2024T19:56:36 - [TEST_STEP][PASSED] - expectedElements = 25: null

12-10-2024T19:56:36 - [TEST_STEP][PASSED] - if (SttActives.size() == expectedElements): Test case đã pass với số lượng icon đúng.

12-10-2024T19:56:36 - [TEST_STEP][PASSED] - println("Số lượng icon tìm thấy là đúng: " + CollectionIBs.size()): null

12-10-2024T19:56:36 - [TEST_STEP][PASSED] - markPassed("Test case đã pass với số lượng icon đúng."): Test case đã pass với số lượng icon đúng.

12-10-2024T19:56:36 - [MESSAGE][PASSED] - Test case đã pass với số lượng icon đúng.

12-10-2024T19:56:36 - [TEST_STEP][PASSED] - Start listener action : sampleAfterTestCase: null

12-10-2024T19:56:36 - [TEST_STEP][PASSED] - testCaseId = testCaseContext.getTestCaseId(): null

12-10-2024T19:56:36 - [TEST_STEP][PASSED] - if (testCaseId == "Test Cases/Quản lý tài khoản merchant/Quản lý dịch vụ merchant/Kiểm tra chức năng xác nhận cấu hình thay đổi VA"): null]]></system-out>
         <system-err><![CDATA[]]></system-err>
      </testcase>
      <testcase name="Test Cases/Quản lý tài khoản merchant/Quản lý dịch vụ merchant/TC_07_Kiểm tra chức năng search khi chọn dịch vụ là thu hộ IB và inactive" time="15.866" classname="Test Cases/Quản lý tài khoản merchant/Quản lý dịch vụ merchant/TC_07_Kiểm tra chức năng search khi chọn dịch vụ là thu hộ IB và inactive" status="PASSED">
         <system-out><![CDATA[12-10-2024T19:56:36 - [TEST_CASE][PASSED] - Test Cases/Quản lý tài khoản merchant/Quản lý dịch vụ merchant/TC_07_Kiểm tra chức năng search khi chọn dịch vụ là thu hộ IB và inactive: Test Cases/Quản lý tài khoản merchant/Quản lý dịch vụ merchant/TC_07_Kiểm tra chức năng search khi chọn dịch vụ là thu hộ IB và inactive

12-10-2024T19:56:36 - [TEST_STEP][PASSED] - Start listener action : sampleBeforeTestCase: Navigate to 'https://stg-cms-console.9pay.mobi/login' successfully

12-10-2024T19:56:36 - [TEST_STEP][PASSED] - testCaseId = testCaseContext.getTestCaseId(): null

12-10-2024T19:56:36 - [TEST_STEP][PASSED] - url = <not implemented yet for class: org.codehaus.groovy.ast.expr.EmptyExpression>: null

12-10-2024T19:56:36 - [TEST_STEP][PASSED] - if (testCaseId == "Test Cases/Quản lý tài khoản merchant/Quản lý dịch vụ merchant/Kiểm tra thay đổi sau khi cấu hình VA trên MCV"): null

12-10-2024T19:56:36 - [TEST_STEP][PASSED] - else: null

12-10-2024T19:56:36 - [TEST_STEP][PASSED] - url = "https://stg-cms-console.9pay.mobi/login": null

12-10-2024T19:56:36 - [TEST_STEP][PASSED] - openBrowser(""): Browser is opened with url: ''

12-10-2024T19:56:36 - [MESSAGE][WARNING] - A browser is already opened. Closing browser and opening a new one

12-10-2024T19:56:36 - [MESSAGE][INFO] - Starting 'Chrome' driver

12-10-2024T19:56:36 - [MESSAGE][INFO] - Action delay is set to 0 milliseconds

12-10-2024T19:56:37 - [MESSAGE][PASSED] - Browser is opened with url: ''

12-10-2024T19:56:37 - [TEST_STEP][PASSED] - maximizeWindow(): Current window maximized

12-10-2024T19:56:37 - [MESSAGE][PASSED] - Current window maximized

12-10-2024T19:56:37 - [TEST_STEP][PASSED] - navigateToUrl(url): Navigate to 'https://stg-cms-console.9pay.mobi/login' successfully

12-10-2024T19:56:41 - [MESSAGE][PASSED] - Navigate to 'https://stg-cms-console.9pay.mobi/login' successfully

12-10-2024T19:56:41 - [TEST_STEP][PASSED] - callTestCase(findTestCase("Test Cases/Login/LoginCommon"), [:], STOP_ON_FAILURE): Call Test Case 'Test Cases/Login/LoginCommon' successfully

12-10-2024T19:56:41 - [TEST_CASE][PASSED] - Test Cases/Login/LoginCommon: Test Cases/Login/LoginCommon

12-10-2024T19:56:41 - [TEST_STEP][PASSED] - driver = getWebDriver(): null

12-10-2024T19:56:41 - [TEST_STEP][PASSED] - sendKeys(findTestObject("Quản lý tài khoản merchant/Quản lý dịch vụ merchant/userNameTextbox"), userAccount): Keys 'dannt@9pay.vn' sent to object: 'Object Repository/Quản lý tài khoản merchant/Quản lý dịch vụ merchant/userNameTextbox'

12-10-2024T19:56:42 - [MESSAGE][PASSED] - Keys 'dannt@9pay.vn' sent to object: 'Object Repository/Quản lý tài khoản merchant/Quản lý dịch vụ merchant/userNameTextbox'

12-10-2024T19:56:42 - [TEST_STEP][PASSED] - sendKeys(findTestObject("Quản lý tài khoản merchant/Quản lý dịch vụ merchant/passwordTextbox"), password): Keys 'dannt@9pay.vn' sent to object: 'Object Repository/Quản lý tài khoản merchant/Quản lý dịch vụ merchant/passwordTextbox'

12-10-2024T19:56:42 - [MESSAGE][PASSED] - Keys 'dannt@9pay.vn' sent to object: 'Object Repository/Quản lý tài khoản merchant/Quản lý dịch vụ merchant/passwordTextbox'

12-10-2024T19:56:42 - [TEST_STEP][PASSED] - click(findTestObject("Quản lý tài khoản merchant/Quản lý dịch vụ merchant/loginButton")): Object: 'Object Repository/Quản lý tài khoản merchant/Quản lý dịch vụ merchant/loginButton' is clicked on

12-10-2024T19:56:42 - [MESSAGE][PASSED] - Object: 'Object Repository/Quản lý tài khoản merchant/Quản lý dịch vụ merchant/loginButton' is clicked on

12-10-2024T19:56:42 - [MESSAGE][PASSED] - Call Test Case 'Test Cases/Login/LoginCommon' successfully

12-10-2024T19:56:42 - [TEST_STEP][PASSED] - waitForElementVisible(findTestObject("Trang chủ/userName"), 20, STOP_ON_FAILURE): Object 'Object Repository/Trang chủ/userName' is visible

12-10-2024T19:56:46 - [MESSAGE][PASSED] - Object 'Object Repository/Trang chủ/userName' is visible

12-10-2024T19:56:46 - [TEST_STEP][PASSED] - callTestCase(findTestCase("Test Cases/Quản lý tài khoản merchant/Quản lý danh sách tài khoản/CustomFunctions"), [:], STOP_ON_FAILURE): Call Test Case 'Test Cases/Quản lý tài khoản merchant/Quản lý danh sách tài khoản/CustomFunctions' successfully

12-10-2024T19:56:46 - [TEST_CASE][PASSED] - Test Cases/Quản lý tài khoản merchant/Quản lý danh sách tài khoản/CustomFunctions: Test Cases/Quản lý tài khoản merchant/Quản lý danh sách tài khoản/CustomFunctions

12-10-2024T19:56:46 - [TEST_STEP][PASSED] - driver = getWebDriver(): null

12-10-2024T19:56:46 - [TEST_STEP][PASSED] - sleep(2000): null

12-10-2024T19:56:48 - [TEST_STEP][PASSED] - element1 = driver.findElement(By.xpath(xpathManagerMC)): null

12-10-2024T19:56:48 - [TEST_STEP][PASSED] - actions = new org.openqa.selenium.interactions.Actions(driver): null

12-10-2024T19:56:48 - [TEST_STEP][PASSED] - click().perform(): null

12-10-2024T19:56:48 - [TEST_STEP][PASSED] - wait = new org.openqa.selenium.support.ui.WebDriverWait(com.kms.katalon.core.webui.driver.DriverFactory.getWebDriver(), 15): null

12-10-2024T19:56:48 - [TEST_STEP][PASSED] - element2 = wait.until(ExpectedConditions.elementToBeClickable(By.xpath(xpathManagerServiceMC))): null

12-10-2024T19:56:48 - [TEST_STEP][PASSED] - click().perform(): null

12-10-2024T19:56:49 - [MESSAGE][PASSED] - Call Test Case 'Test Cases/Quản lý tài khoản merchant/Quản lý danh sách tài khoản/CustomFunctions' successfully

12-10-2024T19:56:49 - [TEST_STEP][PASSED] - driver = getWebDriver(): null

12-10-2024T19:56:49 - [TEST_STEP][PASSED] - dropdown = driver.findElement(By.name("service_type")): null

12-10-2024T19:56:50 - [TEST_STEP][PASSED] - dropdownStt = driver.findElement(By.name("is_active")): null

12-10-2024T19:56:50 - [TEST_STEP][PASSED] - xpath("//option[@value='DEPOSIT_TRANSFER_IB']")).click(): null

12-10-2024T19:56:50 - [TEST_STEP][PASSED] - xpath("//option[@value="0"]")).click(): null

12-10-2024T19:56:51 - [TEST_STEP][PASSED] - click(findTestObject("Quản lý tài khoản merchant/Quản lý dịch vụ merchant/searchBtn")): Object: 'Object Repository/Quản lý tài khoản merchant/Quản lý dịch vụ merchant/searchBtn' is clicked on

12-10-2024T19:56:51 - [MESSAGE][PASSED] - Object: 'Object Repository/Quản lý tài khoản merchant/Quản lý dịch vụ merchant/searchBtn' is clicked on

12-10-2024T19:56:51 - [TEST_STEP][PASSED] - xpathCollectionIB = "//th/span[@class='font-bold col-teal']/i[@class='material-icons' and text()='check_circle']": null

12-10-2024T19:56:51 - [TEST_STEP][PASSED] - xpathSttInactive = "//td//span[contains(text(),'Không hoạt động')]": null

12-10-2024T19:56:51 - [TEST_STEP][PASSED] - CollectionIBs = new java.util.ArrayList(): null

12-10-2024T19:56:51 - [TEST_STEP][PASSED] - SttInactives = new java.util.ArrayList(): null

12-10-2024T19:56:51 - [TEST_STEP][PASSED] - CollectionIBs = driver.findElements(By.xpath(xpathCollectionIB)): null

12-10-2024T19:56:52 - [TEST_STEP][PASSED] - SttInactives = driver.findElements(By.xpath(xpathSttInactive)): null

12-10-2024T19:56:52 - [TEST_STEP][PASSED] - for (org.openqa.selenium.WebElement element : SttInactives): null

12-10-2024T19:56:52 - [TEST_STEP][PASSED] - elementText = element.getText(): null

12-10-2024T19:56:52 - [TEST_STEP][PASSED] - if (elementText == "Không hoạt động"): null

12-10-2024T19:56:52 - [TEST_STEP][PASSED] - println("Element text is correct: " + elementText): null

12-10-2024T19:56:52 - [TEST_STEP][PASSED] - elementText = element.getText(): null

12-10-2024T19:56:52 - [TEST_STEP][PASSED] - if (elementText == "Không hoạt động"): null

12-10-2024T19:56:52 - [TEST_STEP][PASSED] - println("Element text is correct: " + elementText): null

12-10-2024T19:56:52 - [TEST_STEP][PASSED] - elementText = element.getText(): null

12-10-2024T19:56:52 - [TEST_STEP][PASSED] - if (elementText == "Không hoạt động"): null

12-10-2024T19:56:52 - [TEST_STEP][PASSED] - println("Element text is correct: " + elementText): null

12-10-2024T19:56:52 - [TEST_STEP][PASSED] - elementText = element.getText(): null

12-10-2024T19:56:52 - [TEST_STEP][PASSED] - if (elementText == "Không hoạt động"): null

12-10-2024T19:56:52 - [TEST_STEP][PASSED] - println("Element text is correct: " + elementText): null

12-10-2024T19:56:52 - [TEST_STEP][PASSED] - Start listener action : sampleAfterTestCase: null

12-10-2024T19:56:52 - [TEST_STEP][PASSED] - testCaseId = testCaseContext.getTestCaseId(): null

12-10-2024T19:56:52 - [TEST_STEP][PASSED] - if (testCaseId == "Test Cases/Quản lý tài khoản merchant/Quản lý dịch vụ merchant/Kiểm tra chức năng xác nhận cấu hình thay đổi VA"): null]]></system-out>
         <system-err><![CDATA[]]></system-err>
      </testcase>
      <testcase name="Test Cases/Quản lý tài khoản merchant/Quản lý dịch vụ merchant/TC_08_Kiểm tra chức năng search khi chọn dịch vụ là thu hộ Va" time="0.001" classname="Test Cases/Quản lý tài khoản merchant/Quản lý dịch vụ merchant/TC_08_Kiểm tra chức năng search khi chọn dịch vụ là thu hộ Va" status="PASSED">
         <system-out><![CDATA[12-10-2024T19:56:52 - [TEST_CASE][PASSED] - Test Cases/Quản lý tài khoản merchant/Quản lý dịch vụ merchant/TC_08_Kiểm tra chức năng search khi chọn dịch vụ là thu hộ Va: null

12-10-2024T19:56:52 - [TEST_STEP][PASSED] - Start listener action : sampleAfterTestCase: null

12-10-2024T19:56:52 - [TEST_STEP][PASSED] - testCaseId = testCaseContext.getTestCaseId(): null

12-10-2024T19:56:52 - [TEST_STEP][PASSED] - if (testCaseId == "Test Cases/Quản lý tài khoản merchant/Quản lý dịch vụ merchant/Kiểm tra chức năng xác nhận cấu hình thay đổi VA"): null]]></system-out>
         <system-err><![CDATA[]]></system-err>
      </testcase>
      <system-out><![CDATA[12-10-2024T19:54:54 - [TEST_SUITE][INCOMPLETE] - Quản lý dịch vụ merchant: null]]></system-out>
      <system-err><![CDATA[12-10-2024T19:54:54 - [TEST_SUITE][INCOMPLETE] - Quản lý dịch vụ merchant: null]]></system-err>
   </testsuite>
</testsuites>
