<?xml version="1.0" encoding="UTF-8"?>
<testsuites name="Rút tiền" time="671.646" tests="12" failures="0" errors="5">
   <testsuite name="Rút tiền" tests="12" failures="0" errors="5" time="671.646" skipped="0" timestamp="16-10-2024T19:15:50" hostname="aidan - localhost" id="Test Suites/Quản lý tài khoản merchant/Rút tiền">
      <properties>
         <property name="deviceName" value=""/>
         <property name="devicePlatform"/>
         <property name="logFolder" value="/Users/aidan/Documents/Test9S/CMS9Pay_Final/Reports/20241016_191544/Qu\u1EA3n l\u00FD t\u00E0i kho\u1EA3n merchant/R\u00FAt ti\u1EC1n/20241016_191545"/>
         <property name="logFiles" value="/Users/aidan/Documents/Test9S/CMS9Pay_Final/Reports/20241016_191544/Qu\u1EA3n l\u00FD t\u00E0i kho\u1EA3n merchant/R\u00FAt ti\u1EC1n/20241016_191545/execution0.log"/>
         <property name="attachments" value=""/>
         <property name="hostName" value="aidan - localhost"/>
         <property name="os" value="Mac OS X 64bit"/>
         <property name="katalonVersion" value="9.7.2.223"/>
         <property name="browser" value="Chrome 130.0.0.0"/>
         <property name="hostAddress" value="127.0.0.1"/>
         <property name="sessionId" value="41b27f7b8f8f94e4cd37b3b974197a41"/>
         <property name="seleniumVersion" value="3.141.59"/>
         <property name="proxyInformation" value="ProxyInformation { proxyOption=NO_PROXY, proxyServerType=HTTP, username=, password=********, proxyServerAddress=, proxyServerPort=0, executionList=&quot;&quot;, isApplyToDesiredCapabilities=true }"/>
         <property name="platform" value="Mac OS X"/>
      </properties>
      <testcase name="Test Cases/Quản lý tài khoản merchant/Quản lý danh sách tài khoản/Rút tiền/TC_01_Kiểm tra mở form Rút tiền" time="15.356" classname="Test Cases/Quản lý tài khoản merchant/Quản lý danh sách tài khoản/Rút tiền/TC_01_Kiểm tra mở form Rút tiền" status="PASSED">
         <system-out><![CDATA[16-10-2024T19:15:50 - [TEST_CASE][PASSED] - Test Cases/Quản lý tài khoản merchant/Quản lý danh sách tài khoản/Rút tiền/TC_01_Kiểm tra mở form Rút tiền: Test Cases/Quản lý tài khoản merchant/Quản lý danh sách tài khoản/Rút tiền/TC_01_Kiểm tra mở form Rút tiền

16-10-2024T19:15:50 - [TEST_STEP][PASSED] - Start listener action : sampleBeforeTestCase: Navigate to 'https://stg-cms-console.9pay.mobi/login' successfully

16-10-2024T19:15:50 - [TEST_STEP][PASSED] - testCaseId = testCaseContext.getTestCaseId(): null

16-10-2024T19:15:50 - [TEST_STEP][PASSED] - url = <not implemented yet for class: org.codehaus.groovy.ast.expr.EmptyExpression>: null

16-10-2024T19:15:50 - [TEST_STEP][PASSED] - if (testCaseId == "Test Cases/Quản lý tài khoản merchant/Quản lý dịch vụ merchant/TC_14_Kiểm tra thay đổi sau khi cấu hình VA trên MCV"): null

16-10-2024T19:15:50 - [TEST_STEP][PASSED] - else: null

16-10-2024T19:15:50 - [TEST_STEP][PASSED] - url = "https://stg-cms-console.9pay.mobi/login": null

16-10-2024T19:15:50 - [TEST_STEP][PASSED] - openBrowser(""): Browser is opened with url: ''

16-10-2024T19:15:50 - [MESSAGE][INFO] - Starting 'Chrome' driver

16-10-2024T19:15:50 - [MESSAGE][INFO] - Action delay is set to 0 milliseconds

16-10-2024T19:15:51 - [MESSAGE][PASSED] - Browser is opened with url: ''

16-10-2024T19:15:51 - [TEST_STEP][PASSED] - maximizeWindow(): Current window maximized

16-10-2024T19:15:51 - [MESSAGE][PASSED] - Current window maximized

16-10-2024T19:15:51 - [TEST_STEP][PASSED] - navigateToUrl(url): Navigate to 'https://stg-cms-console.9pay.mobi/login' successfully

16-10-2024T19:15:51 - [MESSAGE][PASSED] - Navigate to 'https://stg-cms-console.9pay.mobi/login' successfully

16-10-2024T19:15:51 - [TEST_STEP][PASSED] - driver = getWebDriver(): null

16-10-2024T19:15:51 - [TEST_STEP][PASSED] - callTestCase(findTestCase("Test Cases/Login/LoginCommon"), [:], STOP_ON_FAILURE): Call Test Case 'Test Cases/Login/LoginCommon' successfully

16-10-2024T19:15:52 - [TEST_CASE][PASSED] - Test Cases/Login/LoginCommon: Test Cases/Login/LoginCommon

16-10-2024T19:15:52 - [TEST_STEP][PASSED] - driver = getWebDriver(): null

16-10-2024T19:15:52 - [TEST_STEP][PASSED] - sendKeys(findTestObject("Quản lý tài khoản merchant/Quản lý dịch vụ merchant/userNameTextbox"), userAccount): Keys 'dannt@9pay.vn' sent to object: 'Object Repository/Quản lý tài khoản merchant/Quản lý dịch vụ merchant/userNameTextbox'

16-10-2024T19:15:53 - [MESSAGE][PASSED] - Keys 'dannt@9pay.vn' sent to object: 'Object Repository/Quản lý tài khoản merchant/Quản lý dịch vụ merchant/userNameTextbox'

16-10-2024T19:15:53 - [TEST_STEP][PASSED] - sendKeys(findTestObject("Quản lý tài khoản merchant/Quản lý dịch vụ merchant/passwordTextbox"), password): Keys 'dannt@9pay.vn' sent to object: 'Object Repository/Quản lý tài khoản merchant/Quản lý dịch vụ merchant/passwordTextbox'

16-10-2024T19:15:54 - [MESSAGE][PASSED] - Keys 'dannt@9pay.vn' sent to object: 'Object Repository/Quản lý tài khoản merchant/Quản lý dịch vụ merchant/passwordTextbox'

16-10-2024T19:15:54 - [TEST_STEP][PASSED] - click(findTestObject("Quản lý tài khoản merchant/Quản lý dịch vụ merchant/loginButton")): Object: 'Object Repository/Quản lý tài khoản merchant/Quản lý dịch vụ merchant/loginButton' is clicked on

16-10-2024T19:15:54 - [MESSAGE][PASSED] - Object: 'Object Repository/Quản lý tài khoản merchant/Quản lý dịch vụ merchant/loginButton' is clicked on

16-10-2024T19:15:54 - [MESSAGE][PASSED] - Call Test Case 'Test Cases/Login/LoginCommon' successfully

16-10-2024T19:15:54 - [TEST_STEP][PASSED] - waitForElementVisible(findTestObject("Trang chủ/userName"), 10, STOP_ON_FAILURE): Object 'Object Repository/Trang chủ/userName' is visible

16-10-2024T19:15:55 - [MESSAGE][PASSED] - Object 'Object Repository/Trang chủ/userName' is visible

16-10-2024T19:15:55 - [TEST_STEP][PASSED] - click(findTestObject("Quản lý tài khoản merchant/menuManagerMerchantAccount")): Object: 'Object Repository/Quản lý tài khoản merchant/menuManagerMerchantAccount' is clicked on

16-10-2024T19:15:57 - [MESSAGE][PASSED] - Object: 'Object Repository/Quản lý tài khoản merchant/menuManagerMerchantAccount' is clicked on

16-10-2024T19:15:57 - [TEST_STEP][PASSED] - waitForElementVisible(findTestObject("Quản lý tài khoản merchant/Quản lý dịch vụ merchant/menuManagerMerchantService"), 10, STOP_ON_FAILURE): Object 'Object Repository/Quản lý tài khoản merchant/Quản lý dịch vụ merchant/menuManagerMerchantService' is visible

16-10-2024T19:15:58 - [MESSAGE][PASSED] - Object 'Object Repository/Quản lý tài khoản merchant/Quản lý dịch vụ merchant/menuManagerMerchantService' is visible

16-10-2024T19:15:58 - [TEST_STEP][PASSED] - wait = new org.openqa.selenium.support.ui.WebDriverWait(com.kms.katalon.core.webui.driver.DriverFactory.getWebDriver(), internal.GlobalVariable.waitSecond): null

16-10-2024T19:15:58 - [TEST_STEP][PASSED] - menuManagerUserAccount = wait.until(ExpectedConditions.elementToBeClickable(By.xpath(xpathManagerListAccount))): null

16-10-2024T19:15:58 - [TEST_STEP][PASSED] - menuManagerUserAccount.click(): null

16-10-2024T19:15:58 - [TEST_STEP][PASSED] - userCode = wait.until(ExpectedConditions.visibilityOfElementLocated(By.xpath(xpathUserCode))): null

16-10-2024T19:16:01 - [TEST_STEP][PASSED] - println(userCode.getText()): null

16-10-2024T19:16:01 - [TEST_STEP][PASSED] - accountBtn = wait.until(ExpectedConditions.elementToBeClickable(By.xpath(xpathBtnAccount))): null

16-10-2024T19:16:01 - [TEST_STEP][PASSED] - accountBtn.click(): null

16-10-2024T19:16:01 - [TEST_STEP][PASSED] - searchTextbox = wait.until(ExpectedConditions.elementToBeClickable(By.xpath(xpathSearchTextbox))): null

16-10-2024T19:16:02 - [TEST_STEP][PASSED] - searchTextbox.sendKeys(username): null

16-10-2024T19:16:02 - [TEST_STEP][PASSED] - xpath(xpathOption)).click(): null

16-10-2024T19:16:02 - [TEST_STEP][PASSED] - xpath(xpathBtnSearch)).click(): null

16-10-2024T19:16:02 - [TEST_STEP][PASSED] - Assert.assertEquals(xpath(xpathAccountName)).getText(), username): null

16-10-2024T19:16:04 - [TEST_STEP][PASSED] - xpath(xpathMoneyOff)).click(): null

16-10-2024T19:16:05 - [TEST_STEP][PASSED] - Assert.assertEquals(xpath(xpathActiveItem)).getText(), "RÚT TIỀN THÔNG THƯỜNG VÀ CHI NỘI ĐỊA"): null

16-10-2024T19:16:05 - [TEST_STEP][PASSED] - Start listener action : sampleAfterTestCase: null

16-10-2024T19:16:05 - [TEST_STEP][PASSED] - testCaseId = testCaseContext.getTestCaseId(): null

16-10-2024T19:16:05 - [TEST_STEP][PASSED] - if (testCaseId == "Test Cases/Quản lý tài khoản merchant/Quản lý dịch vụ merchant/TC_13_Kiểm tra chức năng xác nhận cấu hình thay đổi VA"): null]]></system-out>
         <system-err><![CDATA[]]></system-err>
      </testcase>
      <testcase name="Test Cases/Quản lý tài khoản merchant/Quản lý danh sách tài khoản/Rút tiền/TC_02_Kiểm tra validate trường thông tin" time="25.12" classname="Test Cases/Quản lý tài khoản merchant/Quản lý danh sách tài khoản/Rút tiền/TC_02_Kiểm tra validate trường thông tin" status="PASSED">
         <system-out><![CDATA[16-10-2024T19:16:05 - [TEST_CASE][PASSED] - Test Cases/Quản lý tài khoản merchant/Quản lý danh sách tài khoản/Rút tiền/TC_02_Kiểm tra validate trường thông tin: Test Cases/Quản lý tài khoản merchant/Quản lý danh sách tài khoản/Rút tiền/TC_02_Kiểm tra validate trường thông tin

16-10-2024T19:16:05 - [TEST_STEP][PASSED] - Start listener action : sampleBeforeTestCase: Navigate to 'https://stg-cms-console.9pay.mobi/login' successfully

16-10-2024T19:16:05 - [TEST_STEP][PASSED] - testCaseId = testCaseContext.getTestCaseId(): null

16-10-2024T19:16:05 - [TEST_STEP][PASSED] - url = <not implemented yet for class: org.codehaus.groovy.ast.expr.EmptyExpression>: null

16-10-2024T19:16:05 - [TEST_STEP][PASSED] - if (testCaseId == "Test Cases/Quản lý tài khoản merchant/Quản lý dịch vụ merchant/TC_14_Kiểm tra thay đổi sau khi cấu hình VA trên MCV"): null

16-10-2024T19:16:05 - [TEST_STEP][PASSED] - else: null

16-10-2024T19:16:05 - [TEST_STEP][PASSED] - url = "https://stg-cms-console.9pay.mobi/login": null

16-10-2024T19:16:05 - [TEST_STEP][PASSED] - openBrowser(""): Browser is opened with url: ''

16-10-2024T19:16:05 - [MESSAGE][WARNING] - A browser is already opened. Closing browser and opening a new one

16-10-2024T19:16:05 - [MESSAGE][INFO] - Starting 'Chrome' driver

16-10-2024T19:16:05 - [MESSAGE][INFO] - Action delay is set to 0 milliseconds

16-10-2024T19:16:06 - [MESSAGE][PASSED] - Browser is opened with url: ''

16-10-2024T19:16:06 - [TEST_STEP][PASSED] - maximizeWindow(): Current window maximized

16-10-2024T19:16:06 - [MESSAGE][PASSED] - Current window maximized

16-10-2024T19:16:06 - [TEST_STEP][PASSED] - navigateToUrl(url): Navigate to 'https://stg-cms-console.9pay.mobi/login' successfully

16-10-2024T19:16:07 - [MESSAGE][PASSED] - Navigate to 'https://stg-cms-console.9pay.mobi/login' successfully

16-10-2024T19:16:07 - [TEST_STEP][PASSED] - driver = getWebDriver(): null

16-10-2024T19:16:07 - [TEST_STEP][PASSED] - callTestCase(findTestCase("Test Cases/Login/LoginCommon"), [:], STOP_ON_FAILURE): Call Test Case 'Test Cases/Login/LoginCommon' successfully

16-10-2024T19:16:07 - [TEST_CASE][PASSED] - Test Cases/Login/LoginCommon: Test Cases/Login/LoginCommon

16-10-2024T19:16:07 - [TEST_STEP][PASSED] - driver = getWebDriver(): null

16-10-2024T19:16:07 - [TEST_STEP][PASSED] - sendKeys(findTestObject("Quản lý tài khoản merchant/Quản lý dịch vụ merchant/userNameTextbox"), userAccount): Keys 'dannt@9pay.vn' sent to object: 'Object Repository/Quản lý tài khoản merchant/Quản lý dịch vụ merchant/userNameTextbox'

16-10-2024T19:16:08 - [MESSAGE][PASSED] - Keys 'dannt@9pay.vn' sent to object: 'Object Repository/Quản lý tài khoản merchant/Quản lý dịch vụ merchant/userNameTextbox'

16-10-2024T19:16:08 - [TEST_STEP][PASSED] - sendKeys(findTestObject("Quản lý tài khoản merchant/Quản lý dịch vụ merchant/passwordTextbox"), password): Keys 'dannt@9pay.vn' sent to object: 'Object Repository/Quản lý tài khoản merchant/Quản lý dịch vụ merchant/passwordTextbox'

16-10-2024T19:16:08 - [MESSAGE][PASSED] - Keys 'dannt@9pay.vn' sent to object: 'Object Repository/Quản lý tài khoản merchant/Quản lý dịch vụ merchant/passwordTextbox'

16-10-2024T19:16:08 - [TEST_STEP][PASSED] - click(findTestObject("Quản lý tài khoản merchant/Quản lý dịch vụ merchant/loginButton")): Object: 'Object Repository/Quản lý tài khoản merchant/Quản lý dịch vụ merchant/loginButton' is clicked on

16-10-2024T19:16:08 - [MESSAGE][PASSED] - Object: 'Object Repository/Quản lý tài khoản merchant/Quản lý dịch vụ merchant/loginButton' is clicked on

16-10-2024T19:16:08 - [MESSAGE][PASSED] - Call Test Case 'Test Cases/Login/LoginCommon' successfully

16-10-2024T19:16:08 - [TEST_STEP][PASSED] - waitForElementVisible(findTestObject("Trang chủ/userName"), 10, STOP_ON_FAILURE): Object 'Object Repository/Trang chủ/userName' is visible

16-10-2024T19:16:14 - [MESSAGE][PASSED] - Object 'Object Repository/Trang chủ/userName' is visible

16-10-2024T19:16:14 - [TEST_STEP][PASSED] - click(findTestObject("Quản lý tài khoản merchant/menuManagerMerchantAccount")): Object: 'Object Repository/Quản lý tài khoản merchant/menuManagerMerchantAccount' is clicked on

16-10-2024T19:16:14 - [MESSAGE][PASSED] - Object: 'Object Repository/Quản lý tài khoản merchant/menuManagerMerchantAccount' is clicked on

16-10-2024T19:16:14 - [TEST_STEP][PASSED] - waitForElementVisible(findTestObject("Quản lý tài khoản merchant/Quản lý dịch vụ merchant/menuManagerMerchantService"), 10, STOP_ON_FAILURE): Object 'Object Repository/Quản lý tài khoản merchant/Quản lý dịch vụ merchant/menuManagerMerchantService' is visible

16-10-2024T19:16:14 - [MESSAGE][PASSED] - Object 'Object Repository/Quản lý tài khoản merchant/Quản lý dịch vụ merchant/menuManagerMerchantService' is visible

16-10-2024T19:16:14 - [TEST_STEP][PASSED] - wait = new org.openqa.selenium.support.ui.WebDriverWait(com.kms.katalon.core.webui.driver.DriverFactory.getWebDriver(), internal.GlobalVariable.waitSecond): null

16-10-2024T19:16:14 - [TEST_STEP][PASSED] - menuManagerUserAccount = wait.until(ExpectedConditions.elementToBeClickable(By.xpath(xpathManagerListAccount))): null

16-10-2024T19:16:15 - [TEST_STEP][PASSED] - menuManagerUserAccount.click(): null

16-10-2024T19:16:15 - [TEST_STEP][PASSED] - userCode = wait.until(ExpectedConditions.visibilityOfElementLocated(By.xpath(xpathUserCode))): null

16-10-2024T19:16:18 - [TEST_STEP][PASSED] - println(userCode.getText()): null

16-10-2024T19:16:18 - [TEST_STEP][PASSED] - accountBtn = wait.until(ExpectedConditions.elementToBeClickable(By.xpath(xpathBtnAccount))): null

16-10-2024T19:16:18 - [TEST_STEP][PASSED] - accountBtn.click(): null

16-10-2024T19:16:18 - [TEST_STEP][PASSED] - searchTextbox = wait.until(ExpectedConditions.elementToBeClickable(By.xpath(xpathSearchTextbox))): null

16-10-2024T19:16:18 - [TEST_STEP][PASSED] - searchTextbox.sendKeys(username): null

16-10-2024T19:16:18 - [TEST_STEP][PASSED] - xpath(xpathOption)).click(): null

16-10-2024T19:16:19 - [TEST_STEP][PASSED] - xpath(xpathBtnSearch)).click(): null

16-10-2024T19:16:19 - [TEST_STEP][PASSED] - Assert.assertEquals(xpath(xpathAccountName)).getText(), username): null

16-10-2024T19:16:20 - [TEST_STEP][PASSED] - xpath(xpathMoneyOff)).click(): null

16-10-2024T19:16:20 - [TEST_STEP][PASSED] - wait.until(ExpectedConditions.visibilityOfElementLocated(By.xpath(xpathUser))): null

16-10-2024T19:16:28 - [TEST_STEP][PASSED] - xpath(xpathBtnContinue)).click(): null

16-10-2024T19:16:28 - [TEST_STEP][PASSED] - Assert.assertEquals(xpath(xpathErrorWallet)).getText(), "Vui lòng chọn ví dịch vụ"): null

16-10-2024T19:16:29 - [TEST_STEP][PASSED] - xpath(xpathViRut)).click(): null

16-10-2024T19:16:29 - [TEST_STEP][PASSED] - xpath(xpathParentThuHo)).click(): null

16-10-2024T19:16:29 - [TEST_STEP][PASSED] - xpath(xpathBtnContinue)).click(): null

16-10-2024T19:16:30 - [TEST_STEP][PASSED] - Assert.assertEquals(xpath(xpathChonKiDoiSoat)).getText(), "Vui lòng chọn kỳ đối soát"): null

16-10-2024T19:16:30 - [TEST_STEP][PASSED] - Start listener action : sampleAfterTestCase: null

16-10-2024T19:16:30 - [TEST_STEP][PASSED] - testCaseId = testCaseContext.getTestCaseId(): null

16-10-2024T19:16:30 - [TEST_STEP][PASSED] - if (testCaseId == "Test Cases/Quản lý tài khoản merchant/Quản lý dịch vụ merchant/TC_13_Kiểm tra chức năng xác nhận cấu hình thay đổi VA"): null]]></system-out>
         <system-err><![CDATA[]]></system-err>
      </testcase>
      <testcase name="Test Cases/Quản lý tài khoản merchant/Quản lý danh sách tài khoản/Rút tiền/TC_03_Kiểm tra khi nhập đầy đủ và nhấn tiếp tục" time="17.734" classname="Test Cases/Quản lý tài khoản merchant/Quản lý danh sách tài khoản/Rút tiền/TC_03_Kiểm tra khi nhập đầy đủ và nhấn tiếp tục" status="PASSED">
         <system-out><![CDATA[16-10-2024T19:16:30 - [TEST_CASE][PASSED] - Test Cases/Quản lý tài khoản merchant/Quản lý danh sách tài khoản/Rút tiền/TC_03_Kiểm tra khi nhập đầy đủ và nhấn tiếp tục: Test Cases/Quản lý tài khoản merchant/Quản lý danh sách tài khoản/Rút tiền/TC_03_Kiểm tra khi nhập đầy đủ và nhấn tiếp tục

16-10-2024T19:16:30 - [TEST_STEP][PASSED] - Start listener action : sampleBeforeTestCase: Navigate to 'https://stg-cms-console.9pay.mobi/login' successfully

16-10-2024T19:16:30 - [TEST_STEP][PASSED] - testCaseId = testCaseContext.getTestCaseId(): null

16-10-2024T19:16:30 - [TEST_STEP][PASSED] - url = <not implemented yet for class: org.codehaus.groovy.ast.expr.EmptyExpression>: null

16-10-2024T19:16:30 - [TEST_STEP][PASSED] - if (testCaseId == "Test Cases/Quản lý tài khoản merchant/Quản lý dịch vụ merchant/TC_14_Kiểm tra thay đổi sau khi cấu hình VA trên MCV"): null

16-10-2024T19:16:30 - [TEST_STEP][PASSED] - else: null

16-10-2024T19:16:30 - [TEST_STEP][PASSED] - url = "https://stg-cms-console.9pay.mobi/login": null

16-10-2024T19:16:30 - [TEST_STEP][PASSED] - openBrowser(""): Browser is opened with url: ''

16-10-2024T19:16:30 - [MESSAGE][WARNING] - A browser is already opened. Closing browser and opening a new one

16-10-2024T19:16:30 - [MESSAGE][INFO] - Starting 'Chrome' driver

16-10-2024T19:16:30 - [MESSAGE][INFO] - Action delay is set to 0 milliseconds

16-10-2024T19:16:31 - [MESSAGE][PASSED] - Browser is opened with url: ''

16-10-2024T19:16:31 - [TEST_STEP][PASSED] - maximizeWindow(): Current window maximized

16-10-2024T19:16:31 - [MESSAGE][PASSED] - Current window maximized

16-10-2024T19:16:31 - [TEST_STEP][PASSED] - navigateToUrl(url): Navigate to 'https://stg-cms-console.9pay.mobi/login' successfully

16-10-2024T19:16:33 - [MESSAGE][PASSED] - Navigate to 'https://stg-cms-console.9pay.mobi/login' successfully

16-10-2024T19:16:33 - [TEST_STEP][PASSED] - driver = getWebDriver(): null

16-10-2024T19:16:33 - [TEST_STEP][PASSED] - callTestCase(findTestCase("Test Cases/Login/LoginCommon"), [:], STOP_ON_FAILURE): Call Test Case 'Test Cases/Login/LoginCommon' successfully

16-10-2024T19:16:33 - [TEST_CASE][PASSED] - Test Cases/Login/LoginCommon: Test Cases/Login/LoginCommon

16-10-2024T19:16:33 - [TEST_STEP][PASSED] - driver = getWebDriver(): null

16-10-2024T19:16:33 - [TEST_STEP][PASSED] - sendKeys(findTestObject("Quản lý tài khoản merchant/Quản lý dịch vụ merchant/userNameTextbox"), userAccount): Keys 'dannt@9pay.vn' sent to object: 'Object Repository/Quản lý tài khoản merchant/Quản lý dịch vụ merchant/userNameTextbox'

16-10-2024T19:16:33 - [MESSAGE][PASSED] - Keys 'dannt@9pay.vn' sent to object: 'Object Repository/Quản lý tài khoản merchant/Quản lý dịch vụ merchant/userNameTextbox'

16-10-2024T19:16:33 - [TEST_STEP][PASSED] - sendKeys(findTestObject("Quản lý tài khoản merchant/Quản lý dịch vụ merchant/passwordTextbox"), password): Keys 'dannt@9pay.vn' sent to object: 'Object Repository/Quản lý tài khoản merchant/Quản lý dịch vụ merchant/passwordTextbox'

16-10-2024T19:16:33 - [MESSAGE][PASSED] - Keys 'dannt@9pay.vn' sent to object: 'Object Repository/Quản lý tài khoản merchant/Quản lý dịch vụ merchant/passwordTextbox'

16-10-2024T19:16:33 - [TEST_STEP][PASSED] - click(findTestObject("Quản lý tài khoản merchant/Quản lý dịch vụ merchant/loginButton")): Object: 'Object Repository/Quản lý tài khoản merchant/Quản lý dịch vụ merchant/loginButton' is clicked on

16-10-2024T19:16:34 - [MESSAGE][PASSED] - Object: 'Object Repository/Quản lý tài khoản merchant/Quản lý dịch vụ merchant/loginButton' is clicked on

16-10-2024T19:16:34 - [MESSAGE][PASSED] - Call Test Case 'Test Cases/Login/LoginCommon' successfully

16-10-2024T19:16:34 - [TEST_STEP][PASSED] - waitForElementVisible(findTestObject("Trang chủ/userName"), 10, STOP_ON_FAILURE): Object 'Object Repository/Trang chủ/userName' is visible

16-10-2024T19:16:35 - [MESSAGE][PASSED] - Object 'Object Repository/Trang chủ/userName' is visible

16-10-2024T19:16:35 - [TEST_STEP][PASSED] - click(findTestObject("Quản lý tài khoản merchant/menuManagerMerchantAccount")): Object: 'Object Repository/Quản lý tài khoản merchant/menuManagerMerchantAccount' is clicked on

16-10-2024T19:16:37 - [MESSAGE][PASSED] - Object: 'Object Repository/Quản lý tài khoản merchant/menuManagerMerchantAccount' is clicked on

16-10-2024T19:16:37 - [TEST_STEP][PASSED] - waitForElementVisible(findTestObject("Quản lý tài khoản merchant/Quản lý dịch vụ merchant/menuManagerMerchantService"), 10, STOP_ON_FAILURE): Object 'Object Repository/Quản lý tài khoản merchant/Quản lý dịch vụ merchant/menuManagerMerchantService' is visible

16-10-2024T19:16:38 - [MESSAGE][PASSED] - Object 'Object Repository/Quản lý tài khoản merchant/Quản lý dịch vụ merchant/menuManagerMerchantService' is visible

16-10-2024T19:16:38 - [TEST_STEP][PASSED] - wait = new org.openqa.selenium.support.ui.WebDriverWait(com.kms.katalon.core.webui.driver.DriverFactory.getWebDriver(), internal.GlobalVariable.waitSecond): null

16-10-2024T19:16:38 - [TEST_STEP][PASSED] - menuManagerUserAccount = wait.until(ExpectedConditions.elementToBeClickable(By.xpath(xpathManagerListAccount))): null

16-10-2024T19:16:38 - [TEST_STEP][PASSED] - menuManagerUserAccount.click(): null

16-10-2024T19:16:38 - [TEST_STEP][PASSED] - userCode = wait.until(ExpectedConditions.visibilityOfElementLocated(By.xpath(xpathUserCode))): null

16-10-2024T19:16:41 - [TEST_STEP][PASSED] - println(userCode.getText()): null

16-10-2024T19:16:41 - [TEST_STEP][PASSED] - accountBtn = wait.until(ExpectedConditions.elementToBeClickable(By.xpath(xpathBtnAccount))): null

16-10-2024T19:16:41 - [TEST_STEP][PASSED] - accountBtn.click(): null

16-10-2024T19:16:41 - [TEST_STEP][PASSED] - searchTextbox = wait.until(ExpectedConditions.elementToBeClickable(By.xpath(xpathSearchTextbox))): null

16-10-2024T19:16:41 - [TEST_STEP][PASSED] - searchTextbox.sendKeys(username): null

16-10-2024T19:16:41 - [TEST_STEP][PASSED] - xpath(xpathOption)).click(): null

16-10-2024T19:16:42 - [TEST_STEP][PASSED] - xpath(xpathBtnSearch)).click(): null

16-10-2024T19:16:42 - [TEST_STEP][PASSED] - Assert.assertEquals(xpath(xpathAccountName)).getText(), username): null

16-10-2024T19:16:43 - [TEST_STEP][PASSED] - xpath(xpathMoneyOff)).click(): null

16-10-2024T19:16:43 - [TEST_STEP][PASSED] - wait.until(ExpectedConditions.visibilityOfElementLocated(By.xpath(xpathUser))): null

16-10-2024T19:16:46 - [TEST_STEP][PASSED] - xpath(xpathViRut)).click(): null

16-10-2024T19:16:46 - [TEST_STEP][PASSED] - xpath(xpathParentThuHo)).click(): null

16-10-2024T19:16:47 - [TEST_STEP][PASSED] - xpath(xpathDay)).click(): null

16-10-2024T19:16:47 - [TEST_STEP][PASSED] - xpath(xpathToday)).click(): null

16-10-2024T19:16:48 - [TEST_STEP][PASSED] - xpath(xpathBtnContinue)).click(): null

16-10-2024T19:16:48 - [TEST_STEP][PASSED] - Start listener action : sampleAfterTestCase: null

16-10-2024T19:16:48 - [TEST_STEP][PASSED] - testCaseId = testCaseContext.getTestCaseId(): null

16-10-2024T19:16:48 - [TEST_STEP][PASSED] - if (testCaseId == "Test Cases/Quản lý tài khoản merchant/Quản lý dịch vụ merchant/TC_13_Kiểm tra chức năng xác nhận cấu hình thay đổi VA"): null]]></system-out>
         <system-err><![CDATA[]]></system-err>
      </testcase>
      <testcase name="Test Cases/Quản lý tài khoản merchant/Quản lý danh sách tài khoản/Rút tiền/TC_04_Kiểm tra khi nhập số tiền lớn hơn số dư khả dụng" time="57.732" classname="Test Cases/Quản lý tài khoản merchant/Quản lý danh sách tài khoản/Rút tiền/TC_04_Kiểm tra khi nhập số tiền lớn hơn số dư khả dụng" status="PASSED">
         <system-out><![CDATA[16-10-2024T19:16:48 - [TEST_CASE][PASSED] - Test Cases/Quản lý tài khoản merchant/Quản lý danh sách tài khoản/Rút tiền/TC_04_Kiểm tra khi nhập số tiền lớn hơn số dư khả dụng: Test Cases/Quản lý tài khoản merchant/Quản lý danh sách tài khoản/Rút tiền/TC_04_Kiểm tra khi nhập số tiền lớn hơn số dư khả dụng

16-10-2024T19:16:48 - [TEST_STEP][PASSED] - Start listener action : sampleBeforeTestCase: Navigate to 'https://stg-cms-console.9pay.mobi/login' successfully

16-10-2024T19:16:48 - [TEST_STEP][PASSED] - testCaseId = testCaseContext.getTestCaseId(): null

16-10-2024T19:16:48 - [TEST_STEP][PASSED] - url = <not implemented yet for class: org.codehaus.groovy.ast.expr.EmptyExpression>: null

16-10-2024T19:16:48 - [TEST_STEP][PASSED] - if (testCaseId == "Test Cases/Quản lý tài khoản merchant/Quản lý dịch vụ merchant/TC_14_Kiểm tra thay đổi sau khi cấu hình VA trên MCV"): null

16-10-2024T19:16:48 - [TEST_STEP][PASSED] - else: null

16-10-2024T19:16:48 - [TEST_STEP][PASSED] - url = "https://stg-cms-console.9pay.mobi/login": null

16-10-2024T19:16:48 - [TEST_STEP][PASSED] - openBrowser(""): Browser is opened with url: ''

16-10-2024T19:16:48 - [MESSAGE][WARNING] - A browser is already opened. Closing browser and opening a new one

16-10-2024T19:16:48 - [MESSAGE][INFO] - Starting 'Chrome' driver

16-10-2024T19:16:48 - [MESSAGE][INFO] - Action delay is set to 0 milliseconds

16-10-2024T19:16:48 - [MESSAGE][PASSED] - Browser is opened with url: ''

16-10-2024T19:16:48 - [TEST_STEP][PASSED] - maximizeWindow(): Current window maximized

16-10-2024T19:16:49 - [MESSAGE][PASSED] - Current window maximized

16-10-2024T19:16:49 - [TEST_STEP][PASSED] - navigateToUrl(url): Navigate to 'https://stg-cms-console.9pay.mobi/login' successfully

16-10-2024T19:16:50 - [MESSAGE][PASSED] - Navigate to 'https://stg-cms-console.9pay.mobi/login' successfully

16-10-2024T19:16:50 - [TEST_STEP][PASSED] - driver = getWebDriver(): null

16-10-2024T19:16:50 - [TEST_STEP][PASSED] - callTestCase(findTestCase("Test Cases/Login/LoginCommon"), [:], STOP_ON_FAILURE): Call Test Case 'Test Cases/Login/LoginCommon' successfully

16-10-2024T19:16:51 - [TEST_CASE][PASSED] - Test Cases/Login/LoginCommon: Test Cases/Login/LoginCommon

16-10-2024T19:16:51 - [TEST_STEP][PASSED] - driver = getWebDriver(): null

16-10-2024T19:16:51 - [TEST_STEP][PASSED] - sendKeys(findTestObject("Quản lý tài khoản merchant/Quản lý dịch vụ merchant/userNameTextbox"), userAccount): Keys 'dannt@9pay.vn' sent to object: 'Object Repository/Quản lý tài khoản merchant/Quản lý dịch vụ merchant/userNameTextbox'

16-10-2024T19:16:51 - [MESSAGE][PASSED] - Keys 'dannt@9pay.vn' sent to object: 'Object Repository/Quản lý tài khoản merchant/Quản lý dịch vụ merchant/userNameTextbox'

16-10-2024T19:16:51 - [TEST_STEP][PASSED] - sendKeys(findTestObject("Quản lý tài khoản merchant/Quản lý dịch vụ merchant/passwordTextbox"), password): Keys 'dannt@9pay.vn' sent to object: 'Object Repository/Quản lý tài khoản merchant/Quản lý dịch vụ merchant/passwordTextbox'

16-10-2024T19:16:51 - [MESSAGE][PASSED] - Keys 'dannt@9pay.vn' sent to object: 'Object Repository/Quản lý tài khoản merchant/Quản lý dịch vụ merchant/passwordTextbox'

16-10-2024T19:16:51 - [TEST_STEP][PASSED] - click(findTestObject("Quản lý tài khoản merchant/Quản lý dịch vụ merchant/loginButton")): Object: 'Object Repository/Quản lý tài khoản merchant/Quản lý dịch vụ merchant/loginButton' is clicked on

16-10-2024T19:16:51 - [MESSAGE][PASSED] - Object: 'Object Repository/Quản lý tài khoản merchant/Quản lý dịch vụ merchant/loginButton' is clicked on

16-10-2024T19:16:51 - [MESSAGE][PASSED] - Call Test Case 'Test Cases/Login/LoginCommon' successfully

16-10-2024T19:16:51 - [TEST_STEP][PASSED] - waitForElementVisible(findTestObject("Trang chủ/userName"), 10, STOP_ON_FAILURE): Object 'Object Repository/Trang chủ/userName' is visible

16-10-2024T19:16:52 - [MESSAGE][PASSED] - Object 'Object Repository/Trang chủ/userName' is visible

16-10-2024T19:16:52 - [TEST_STEP][PASSED] - click(findTestObject("Quản lý tài khoản merchant/menuManagerMerchantAccount")): Object: 'Object Repository/Quản lý tài khoản merchant/menuManagerMerchantAccount' is clicked on

16-10-2024T19:16:55 - [MESSAGE][PASSED] - Object: 'Object Repository/Quản lý tài khoản merchant/menuManagerMerchantAccount' is clicked on

16-10-2024T19:16:55 - [TEST_STEP][PASSED] - waitForElementVisible(findTestObject("Quản lý tài khoản merchant/Quản lý dịch vụ merchant/menuManagerMerchantService"), 10, STOP_ON_FAILURE): Object 'Object Repository/Quản lý tài khoản merchant/Quản lý dịch vụ merchant/menuManagerMerchantService' is visible

16-10-2024T19:16:55 - [MESSAGE][PASSED] - Object 'Object Repository/Quản lý tài khoản merchant/Quản lý dịch vụ merchant/menuManagerMerchantService' is visible

16-10-2024T19:16:55 - [TEST_STEP][PASSED] - wait = new org.openqa.selenium.support.ui.WebDriverWait(com.kms.katalon.core.webui.driver.DriverFactory.getWebDriver(), internal.GlobalVariable.waitSecond): null

16-10-2024T19:16:55 - [TEST_STEP][PASSED] - menuManagerUserAccount = wait.until(ExpectedConditions.elementToBeClickable(By.xpath(xpathManagerListAccount))): null

16-10-2024T19:16:55 - [TEST_STEP][PASSED] - menuManagerUserAccount.click(): null

16-10-2024T19:16:56 - [TEST_STEP][PASSED] - userCode = wait.until(ExpectedConditions.visibilityOfElementLocated(By.xpath(xpathUserCode))): null

16-10-2024T19:16:58 - [TEST_STEP][PASSED] - println(userCode.getText()): null

16-10-2024T19:16:58 - [TEST_STEP][PASSED] - accountBtn = wait.until(ExpectedConditions.elementToBeClickable(By.xpath(xpathBtnAccount))): null

16-10-2024T19:16:59 - [TEST_STEP][PASSED] - accountBtn.click(): null

16-10-2024T19:16:59 - [TEST_STEP][PASSED] - searchTextbox = wait.until(ExpectedConditions.elementToBeClickable(By.xpath(xpathSearchTextbox))): null

16-10-2024T19:16:59 - [TEST_STEP][PASSED] - searchTextbox.sendKeys(username): null

16-10-2024T19:16:59 - [TEST_STEP][PASSED] - xpath(xpathOption)).click(): null

16-10-2024T19:16:59 - [TEST_STEP][PASSED] - xpath(xpathBtnSearch)).click(): null

16-10-2024T19:17:00 - [TEST_STEP][PASSED] - Assert.assertEquals(xpath(xpathAccountName)).getText(), username): null

16-10-2024T19:17:01 - [TEST_STEP][PASSED] - xpath(xpathMoneyOff)).click(): null

16-10-2024T19:17:01 - [TEST_STEP][PASSED] - wait.until(ExpectedConditions.visibilityOfElementLocated(By.xpath("//span[@class='filter-option pull-left'][normalize-space()='" + username + "']"))): null

16-10-2024T19:17:12 - [TEST_STEP][PASSED] - xpath(xpathViRut)).click(): null

16-10-2024T19:17:12 - [TEST_STEP][PASSED] - sleep(1000): null

16-10-2024T19:17:13 - [TEST_STEP][PASSED] - xpath(xpathOptionThuho)).click(): null

16-10-2024T19:17:13 - [TEST_STEP][PASSED] - xpath(xpathDay)).click(): null

16-10-2024T19:17:14 - [TEST_STEP][PASSED] - xpath(xpathToday)).click(): null

16-10-2024T19:17:14 - [TEST_STEP][PASSED] - xpath(xpathBtnContinue)).click(): null

16-10-2024T19:17:15 - [TEST_STEP][PASSED] - try: null

16-10-2024T19:17:15 - [TEST_STEP][PASSED] - popupDS = wait.until(ExpectedConditions.visibilityOfElementLocated(By.xpath("//p[contains(text(),'Đã tồn tại kỳ đối soát trước đó, Bạn có chắc chắn ')]"))): null

16-10-2024T19:17:45 - [TEST_STEP][PASSED] - catch (org.openqa.selenium.TimeoutException e): null

16-10-2024T19:17:45 - [TEST_STEP][PASSED] - println("Popup không xuất hiện, tiếp tục thực hiện giao dịch."): null

16-10-2024T19:17:45 - [TEST_STEP][PASSED] - soDuKhaDung = driver.findElement(By.xpath(xpathSoDuVi)): null

16-10-2024T19:17:45 - [TEST_STEP][PASSED] - value = soDuKhaDung.getAttribute("value"): null

16-10-2024T19:17:45 - [TEST_STEP][PASSED] - println(">>>: " + value): null

16-10-2024T19:17:45 - [TEST_STEP][PASSED] - availableBalances = Integer.parseInt(value.replace(",", "")): null

16-10-2024T19:17:45 - [TEST_STEP][PASSED] - println("so du kha dung la: " + availableBalances): null

16-10-2024T19:17:45 - [TEST_STEP][PASSED] - amountTransaction = String.valueOf(availableBalances + 1000): null

16-10-2024T19:17:45 - [TEST_STEP][PASSED] - println("so du kha dung la: " + amountTransaction): null

16-10-2024T19:17:45 - [TEST_STEP][PASSED] - xpath(xpathFieldAmount)).sendKeys(amountTransaction): null

16-10-2024T19:17:45 - [TEST_STEP][PASSED] - xpath(xpathConfirm)).click(): null

16-10-2024T19:17:46 - [TEST_STEP][PASSED] - Start listener action : sampleAfterTestCase: null

16-10-2024T19:17:46 - [TEST_STEP][PASSED] - testCaseId = testCaseContext.getTestCaseId(): null

16-10-2024T19:17:46 - [TEST_STEP][PASSED] - if (testCaseId == "Test Cases/Quản lý tài khoản merchant/Quản lý dịch vụ merchant/TC_13_Kiểm tra chức năng xác nhận cấu hình thay đổi VA"): null]]></system-out>
         <system-err><![CDATA[]]></system-err>
      </testcase>
      <testcase name="Test Cases/Quản lý tài khoản merchant/Quản lý danh sách tài khoản/Rút tiền/TC_05_Kiểm tra khi nhập số tiền bé hơn số tiền khả dụng" time="58.497" classname="Test Cases/Quản lý tài khoản merchant/Quản lý danh sách tài khoản/Rút tiền/TC_05_Kiểm tra khi nhập số tiền bé hơn số tiền khả dụng" status="PASSED">
         <system-out><![CDATA[16-10-2024T19:17:46 - [TEST_CASE][PASSED] - Test Cases/Quản lý tài khoản merchant/Quản lý danh sách tài khoản/Rút tiền/TC_05_Kiểm tra khi nhập số tiền bé hơn số tiền khả dụng: Test Cases/Quản lý tài khoản merchant/Quản lý danh sách tài khoản/Rút tiền/TC_05_Kiểm tra khi nhập số tiền bé hơn số tiền khả dụng

16-10-2024T19:17:46 - [TEST_STEP][PASSED] - Start listener action : sampleBeforeTestCase: Navigate to 'https://stg-cms-console.9pay.mobi/login' successfully

16-10-2024T19:17:46 - [TEST_STEP][PASSED] - testCaseId = testCaseContext.getTestCaseId(): null

16-10-2024T19:17:46 - [TEST_STEP][PASSED] - url = <not implemented yet for class: org.codehaus.groovy.ast.expr.EmptyExpression>: null

16-10-2024T19:17:46 - [TEST_STEP][PASSED] - if (testCaseId == "Test Cases/Quản lý tài khoản merchant/Quản lý dịch vụ merchant/TC_14_Kiểm tra thay đổi sau khi cấu hình VA trên MCV"): null

16-10-2024T19:17:46 - [TEST_STEP][PASSED] - else: null

16-10-2024T19:17:46 - [TEST_STEP][PASSED] - url = "https://stg-cms-console.9pay.mobi/login": null

16-10-2024T19:17:46 - [TEST_STEP][PASSED] - openBrowser(""): Browser is opened with url: ''

16-10-2024T19:17:46 - [MESSAGE][WARNING] - A browser is already opened. Closing browser and opening a new one

16-10-2024T19:17:46 - [MESSAGE][INFO] - Starting 'Chrome' driver

16-10-2024T19:17:46 - [MESSAGE][INFO] - Action delay is set to 0 milliseconds

16-10-2024T19:17:46 - [MESSAGE][PASSED] - Browser is opened with url: ''

16-10-2024T19:17:46 - [TEST_STEP][PASSED] - maximizeWindow(): Current window maximized

16-10-2024T19:17:47 - [MESSAGE][PASSED] - Current window maximized

16-10-2024T19:17:47 - [TEST_STEP][PASSED] - navigateToUrl(url): Navigate to 'https://stg-cms-console.9pay.mobi/login' successfully

16-10-2024T19:17:48 - [MESSAGE][PASSED] - Navigate to 'https://stg-cms-console.9pay.mobi/login' successfully

16-10-2024T19:17:48 - [TEST_STEP][PASSED] - driver = getWebDriver(): null

16-10-2024T19:17:48 - [TEST_STEP][PASSED] - callTestCase(findTestCase("Test Cases/Login/LoginCommon"), [:], STOP_ON_FAILURE): Call Test Case 'Test Cases/Login/LoginCommon' successfully

16-10-2024T19:17:48 - [TEST_CASE][PASSED] - Test Cases/Login/LoginCommon: Test Cases/Login/LoginCommon

16-10-2024T19:17:48 - [TEST_STEP][PASSED] - driver = getWebDriver(): null

16-10-2024T19:17:48 - [TEST_STEP][PASSED] - sendKeys(findTestObject("Quản lý tài khoản merchant/Quản lý dịch vụ merchant/userNameTextbox"), userAccount): Keys 'dannt@9pay.vn' sent to object: 'Object Repository/Quản lý tài khoản merchant/Quản lý dịch vụ merchant/userNameTextbox'

16-10-2024T19:17:49 - [MESSAGE][PASSED] - Keys 'dannt@9pay.vn' sent to object: 'Object Repository/Quản lý tài khoản merchant/Quản lý dịch vụ merchant/userNameTextbox'

16-10-2024T19:17:49 - [TEST_STEP][PASSED] - sendKeys(findTestObject("Quản lý tài khoản merchant/Quản lý dịch vụ merchant/passwordTextbox"), password): Keys 'dannt@9pay.vn' sent to object: 'Object Repository/Quản lý tài khoản merchant/Quản lý dịch vụ merchant/passwordTextbox'

16-10-2024T19:17:49 - [MESSAGE][PASSED] - Keys 'dannt@9pay.vn' sent to object: 'Object Repository/Quản lý tài khoản merchant/Quản lý dịch vụ merchant/passwordTextbox'

16-10-2024T19:17:49 - [TEST_STEP][PASSED] - click(findTestObject("Quản lý tài khoản merchant/Quản lý dịch vụ merchant/loginButton")): Object: 'Object Repository/Quản lý tài khoản merchant/Quản lý dịch vụ merchant/loginButton' is clicked on

16-10-2024T19:17:49 - [MESSAGE][PASSED] - Object: 'Object Repository/Quản lý tài khoản merchant/Quản lý dịch vụ merchant/loginButton' is clicked on

16-10-2024T19:17:49 - [MESSAGE][PASSED] - Call Test Case 'Test Cases/Login/LoginCommon' successfully

16-10-2024T19:17:49 - [TEST_STEP][PASSED] - waitForElementVisible(findTestObject("Trang chủ/userName"), 30, STOP_ON_FAILURE): Object 'Object Repository/Trang chủ/userName' is visible

16-10-2024T19:17:52 - [MESSAGE][PASSED] - Object 'Object Repository/Trang chủ/userName' is visible

16-10-2024T19:17:52 - [TEST_STEP][PASSED] - click(findTestObject("Quản lý tài khoản merchant/menuManagerMerchantAccount")): Object: 'Object Repository/Quản lý tài khoản merchant/menuManagerMerchantAccount' is clicked on

16-10-2024T19:17:53 - [MESSAGE][PASSED] - Object: 'Object Repository/Quản lý tài khoản merchant/menuManagerMerchantAccount' is clicked on

16-10-2024T19:17:53 - [TEST_STEP][PASSED] - waitForElementVisible(findTestObject("Quản lý tài khoản merchant/Quản lý dịch vụ merchant/menuManagerMerchantService"), 10, STOP_ON_FAILURE): Object 'Object Repository/Quản lý tài khoản merchant/Quản lý dịch vụ merchant/menuManagerMerchantService' is visible

16-10-2024T19:17:53 - [MESSAGE][PASSED] - Object 'Object Repository/Quản lý tài khoản merchant/Quản lý dịch vụ merchant/menuManagerMerchantService' is visible

16-10-2024T19:17:53 - [TEST_STEP][PASSED] - wait = new org.openqa.selenium.support.ui.WebDriverWait(com.kms.katalon.core.webui.driver.DriverFactory.getWebDriver(), 30): null

16-10-2024T19:17:53 - [TEST_STEP][PASSED] - menuManagerUserAccount = wait.until(ExpectedConditions.elementToBeClickable(By.xpath(xpathManagerListAccount))): null

16-10-2024T19:17:53 - [TEST_STEP][PASSED] - menuManagerUserAccount.click(): null

16-10-2024T19:17:53 - [TEST_STEP][PASSED] - userCode = wait.until(ExpectedConditions.visibilityOfElementLocated(By.xpath(xpathUserCode))): null

16-10-2024T19:17:56 - [TEST_STEP][PASSED] - println(userCode.getText()): null

16-10-2024T19:17:56 - [TEST_STEP][PASSED] - accountBtn = wait.until(ExpectedConditions.elementToBeClickable(By.xpath(xpathBtnAccount))): null

16-10-2024T19:17:56 - [TEST_STEP][PASSED] - accountBtn.click(): null

16-10-2024T19:17:57 - [TEST_STEP][PASSED] - searchTextbox = wait.until(ExpectedConditions.elementToBeClickable(By.xpath(xpathSearchTextbox))): null

16-10-2024T19:17:57 - [TEST_STEP][PASSED] - searchTextbox.sendKeys(username): null

16-10-2024T19:17:57 - [TEST_STEP][PASSED] - xpath(xpathOption)).click(): null

16-10-2024T19:17:57 - [TEST_STEP][PASSED] - xpath(xpathBtnSearch)).click(): null

16-10-2024T19:17:58 - [TEST_STEP][PASSED] - Assert.assertEquals(xpath(xpathAccountName)).getText(), username): null

16-10-2024T19:17:58 - [TEST_STEP][PASSED] - xpath(xpathMoneyOff)).click(): null

16-10-2024T19:17:59 - [TEST_STEP][PASSED] - wait.until(ExpectedConditions.visibilityOfElementLocated(By.xpath(xpathUser))): null

16-10-2024T19:18:10 - [TEST_STEP][PASSED] - xpath(xpathViRut)).click(): null

16-10-2024T19:18:11 - [TEST_STEP][PASSED] - sleep(1000): null

16-10-2024T19:18:12 - [TEST_STEP][PASSED] - xpath(xpathOptionThuho)).click(): null

16-10-2024T19:18:12 - [TEST_STEP][PASSED] - xpath(xpathDay)).click(): null

16-10-2024T19:18:12 - [TEST_STEP][PASSED] - xpath(xpathToday)).click(): null

16-10-2024T19:18:13 - [TEST_STEP][PASSED] - xpath(xpathBtnContinue)).click(): null

16-10-2024T19:18:13 - [TEST_STEP][PASSED] - try: null

16-10-2024T19:18:13 - [TEST_STEP][PASSED] - popupDS = wait.until(ExpectedConditions.visibilityOfElementLocated(By.xpath(xpathXacNhanKiDS))): null

16-10-2024T19:18:43 - [TEST_STEP][PASSED] - catch (org.openqa.selenium.TimeoutException e): null

16-10-2024T19:18:43 - [TEST_STEP][PASSED] - println("Popup không xuất hiện, tiếp tục thực hiện giao dịch."): null

16-10-2024T19:18:43 - [TEST_STEP][PASSED] - soDuKhaDung = driver.findElement(By.xpath(xpathSoDuKhaDung)): null

16-10-2024T19:18:44 - [TEST_STEP][PASSED] - value = soDuKhaDung.getAttribute("value"): null

16-10-2024T19:18:44 - [TEST_STEP][PASSED] - availableBalances = Integer.parseInt(value.replace(",", "")): null

16-10-2024T19:18:44 - [TEST_STEP][PASSED] - println("so du kha dung la: " + availableBalances): null

16-10-2024T19:18:44 - [TEST_STEP][PASSED] - amountTransaction = String.valueOf(availableBalances + 90000000): null

16-10-2024T19:18:44 - [TEST_STEP][PASSED] - println("so du kha dung la: " + amountTransaction): null

16-10-2024T19:18:44 - [TEST_STEP][PASSED] - xpath(xpathFieldAmount)).sendKeys(amountTransaction): null

16-10-2024T19:18:44 - [TEST_STEP][PASSED] - xpath(xpathConfirm)).click(): null

16-10-2024T19:18:44 - [TEST_STEP][PASSED] - Start listener action : sampleAfterTestCase: null

16-10-2024T19:18:44 - [TEST_STEP][PASSED] - testCaseId = testCaseContext.getTestCaseId(): null

16-10-2024T19:18:44 - [TEST_STEP][PASSED] - if (testCaseId == "Test Cases/Quản lý tài khoản merchant/Quản lý dịch vụ merchant/TC_13_Kiểm tra chức năng xác nhận cấu hình thay đổi VA"): null]]></system-out>
         <system-err><![CDATA[]]></system-err>
      </testcase>
      <testcase name="Test Cases/Quản lý tài khoản merchant/Quản lý danh sách tài khoản/Rút tiền/TC_06_Kiểm tra khi rút tiền thành công và duyệt lần 1" time="84.229" classname="Test Cases/Quản lý tài khoản merchant/Quản lý danh sách tài khoản/Rút tiền/TC_06_Kiểm tra khi rút tiền thành công và duyệt lần 1" status="ERROR">
         <error type="ERROR" message="Test Cases/Quản lý tài khoản merchant/Quản lý danh sách tài khoản/Rút tiền/TC_06_Kiểm tra khi rút tiền thành công và duyệt lần 1 FAILED.&#xa;Reason:&#xa;org.openqa.selenium.TimeoutException: Expected condition failed: waiting for element to be clickable: By.xpath: //button[contains(text(),'VH DUYỆT GD RÚT LẦN 1')] (tried for 30 second(s) with 500 milliseconds interval)&#xa;	at org.openqa.selenium.support.ui.WebDriverWait.timeoutException(WebDriverWait.java:95)&#xa;	at org.openqa.selenium.support.ui.FluentWait.until(FluentWait.java:272)&#xa;	at TC_06_Kiểm tra khi rút tiền thành công và duyệt lần 1.run(TC_06_Kiểm tra khi rút tiền thành công và duyệt lần 1:74)&#xa;	at com.kms.katalon.core.main.ScriptEngine.run(ScriptEngine.java:194)&#xa;	at com.kms.katalon.core.main.ScriptEngine.runScriptAsRawText(ScriptEngine.java:119)&#xa;	at com.kms.katalon.core.main.TestCaseExecutor.runScript(TestCaseExecutor.java:448)&#xa;	at com.kms.katalon.core.main.TestCaseExecutor.doExecute(TestCaseExecutor.java:439)&#xa;	at com.kms.katalon.core.main.TestCaseExecutor.processExecutionPhase(TestCaseExecutor.java:418)&#xa;	at com.kms.katalon.core.main.TestCaseExecutor.accessMainPhase(TestCaseExecutor.java:410)&#xa;	at com.kms.katalon.core.main.TestCaseExecutor.execute(TestCaseExecutor.java:285)&#xa;	at com.kms.katalon.core.common.CommonExecutor.accessTestCaseMainPhase(CommonExecutor.java:65)&#xa;	at com.kms.katalon.core.main.TestSuiteExecutor.accessTestSuiteMainPhase(TestSuiteExecutor.java:150)&#xa;	at com.kms.katalon.core.main.TestSuiteExecutor.execute(TestSuiteExecutor.java:106)&#xa;	at com.kms.katalon.core.main.TestCaseMain.startTestSuite(TestCaseMain.java:180)&#xa;	at TempTestSuite1729080945785.run(TempTestSuite1729080945785.groovy:35)&#xa;	at java.base/jdk.internal.reflect.NativeMethodAccessorImpl.invoke0(Native Method)&#xa;	at java.base/jdk.internal.reflect.NativeMethodAccessorImpl.invoke(NativeMethodAccessorImpl.java:77)&#xa;	at java.base/jdk.internal.reflect.DelegatingMethodAccessorImpl.invoke(DelegatingMethodAccessorImpl.java:43)&#xa;Caused by: org.openqa.selenium.NoSuchElementException: no such element: Unable to locate element: {&quot;method&quot;:&quot;xpath&quot;,&quot;selector&quot;:&quot;//button[contains(text(),'VH DUYỆT GD RÚT LẦN 1')]&quot;}&#xa;  (Session info: chrome=130.0.6723.59)&#xa;For documentation on this error, please visit: https://www.seleniumhq.org/exceptions/no_such_element.html&#xa;Build info: version: '3.141.59', revision: 'unknown', time: 'unknown'&#xa;System info: host: 'Aidans-Macbook.local', ip: '2405:4803:fd90:9ef0:b0c9:6dde:81ec:56fd%en0', os.name: 'Mac OS X', os.arch: 'aarch64', os.version: '14.5', java.version: '17.0.7'&#xa;Driver info: com.kms.katalon.selenium.driver.CChromeDriver&#xa;Capabilities {acceptInsecureCerts: false, browserName: chrome, browserVersion: 130.0.6723.59, chrome: {chromedriverVersion: 129.0.6668.100 (cf58cba358d..., userDataDir: /var/folders/w1/k98vh2j97rz...}, fedcm:accounts: true, goog:chromeOptions: {debuggerAddress: localhost:56956}, javascriptEnabled: true, networkConnectionEnabled: false, pageLoadStrategy: normal, platform: MAC, platformName: MAC, proxy: Proxy(), setWindowRect: true, strictFileInteractability: false, timeouts: {implicit: 0, pageLoad: 300000, script: 30000}, unhandledPromptBehavior: dismiss and notify, webauthn:extension:credBlob: true, webauthn:extension:largeBlob: true, webauthn:extension:minPinLength: true, webauthn:extension:prf: true, webauthn:virtualAuthenticators: true}&#xa;Session ID: 7533e5361ab947194e528b2639d1ae70&#xa;*** Element info: {Using=xpath, value=//button[contains(text(),'VH DUYỆT GD RÚT LẦN 1')]}&#xa;	at jdk.internal.reflect.GeneratedConstructorAccessor22.newInstance(Unknown Source)&#xa;	at java.base/jdk.internal.reflect.DelegatingConstructorAccessorImpl.newInstance(DelegatingConstructorAccessorImpl.java:45)&#xa;	at org.openqa.selenium.remote.http.W3CHttpResponseCodec.createException(W3CHttpResponseCodec.java:187)&#xa;	at org.openqa.selenium.remote.http.W3CHttpResponseCodec.decode(W3CHttpResponseCodec.java:122)&#xa;	at org.openqa.selenium.remote.http.W3CHttpResponseCodec.decode(W3CHttpResponseCodec.java:49)&#xa;	at org.openqa.selenium.remote.HttpCommandExecutor.execute(HttpCommandExecutor.java:158)&#xa;	at org.openqa.selenium.remote.service.DriverCommandExecutor.execute(DriverCommandExecutor.java:83)&#xa;	at org.openqa.selenium.remote.RemoteWebDriver.execute(RemoteWebDriver.java:552)&#xa;	at com.kms.katalon.selenium.driver.CChromeDriver.execute(CChromeDriver.java:19)&#xa;	at org.openqa.selenium.remote.RemoteWebDriver.findElement(RemoteWebDriver.java:323)&#xa;	at org.openqa.selenium.remote.RemoteWebDriver.findElementByXPath(RemoteWebDriver.java:428)&#xa;	at org.openqa.selenium.By$ByXPath.findElement(By.java:353)&#xa;	at org.openqa.selenium.remote.RemoteWebDriver.findElement(RemoteWebDriver.java:315)&#xa;	at jdk.internal.reflect.GeneratedMethodAccessor9.invoke(Unknown Source)&#xa;	at java.base/jdk.internal.reflect.DelegatingMethodAccessorImpl.invoke(DelegatingMethodAccessorImpl.java:43)&#xa;	at org.openqa.selenium.support.events.EventFiringWebDriver.lambda$new$1(EventFiringWebDriver.java:105)&#xa;	at jdk.proxy2/jdk.proxy2.$Proxy22.findElement(Unknown Source)&#xa;	at org.openqa.selenium.support.events.EventFiringWebDriver.findElement(EventFiringWebDriver.java:194)&#xa;	at org.openqa.selenium.support.ui.ExpectedConditions$7.apply(ExpectedConditions.java:205)&#xa;	at org.openqa.selenium.support.ui.ExpectedConditions$7.apply(ExpectedConditions.java:201)&#xa;	at org.openqa.selenium.support.ui.ExpectedConditions$22.apply(ExpectedConditions.java:641)&#xa;	at org.openqa.selenium.support.ui.ExpectedConditions$22.apply(ExpectedConditions.java:638)&#xa;	at org.openqa.selenium.support.ui.FluentWait.until(FluentWait.java:249)&#xa;	... 16 more&#xa;"/>
         <system-out><![CDATA[16-10-2024T19:18:44 - [TEST_CASE][ERROR] - Test Cases/Quản lý tài khoản merchant/Quản lý danh sách tài khoản/Rút tiền/TC_06_Kiểm tra khi rút tiền thành công và duyệt lần 1: Test Cases/Quản lý tài khoản merchant/Quản lý danh sách tài khoản/Rút tiền/TC_06_Kiểm tra khi rút tiền thành công và duyệt lần 1 FAILED.
Reason:
org.openqa.selenium.TimeoutException: Expected condition failed: waiting for element to be clickable: By.xpath: //button[contains(text(),'VH DUYỆT GD RÚT LẦN 1')] (tried for 30 second(s) with 500 milliseconds interval)
	at org.openqa.selenium.support.ui.WebDriverWait.timeoutException(WebDriverWait.java:95)
	at org.openqa.selenium.support.ui.FluentWait.until(FluentWait.java:272)
	at TC_06_Kiểm tra khi rút tiền thành công và duyệt lần 1.run(TC_06_Kiểm tra khi rút tiền thành công và duyệt lần 1:74)
	at com.kms.katalon.core.main.ScriptEngine.run(ScriptEngine.java:194)
	at com.kms.katalon.core.main.ScriptEngine.runScriptAsRawText(ScriptEngine.java:119)
	at com.kms.katalon.core.main.TestCaseExecutor.runScript(TestCaseExecutor.java:448)
	at com.kms.katalon.core.main.TestCaseExecutor.doExecute(TestCaseExecutor.java:439)
	at com.kms.katalon.core.main.TestCaseExecutor.processExecutionPhase(TestCaseExecutor.java:418)
	at com.kms.katalon.core.main.TestCaseExecutor.accessMainPhase(TestCaseExecutor.java:410)
	at com.kms.katalon.core.main.TestCaseExecutor.execute(TestCaseExecutor.java:285)
	at com.kms.katalon.core.common.CommonExecutor.accessTestCaseMainPhase(CommonExecutor.java:65)
	at com.kms.katalon.core.main.TestSuiteExecutor.accessTestSuiteMainPhase(TestSuiteExecutor.java:150)
	at com.kms.katalon.core.main.TestSuiteExecutor.execute(TestSuiteExecutor.java:106)
	at com.kms.katalon.core.main.TestCaseMain.startTestSuite(TestCaseMain.java:180)
	at TempTestSuite1729080945785.run(TempTestSuite1729080945785.groovy:35)
	at java.base/jdk.internal.reflect.NativeMethodAccessorImpl.invoke0(Native Method)
	at java.base/jdk.internal.reflect.NativeMethodAccessorImpl.invoke(NativeMethodAccessorImpl.java:77)
	at java.base/jdk.internal.reflect.DelegatingMethodAccessorImpl.invoke(DelegatingMethodAccessorImpl.java:43)
Caused by: org.openqa.selenium.NoSuchElementException: no such element: Unable to locate element: {"method":"xpath","selector":"//button[contains(text(),'VH DUYỆT GD RÚT LẦN 1')]"}
  (Session info: chrome=130.0.6723.59)
For documentation on this error, please visit: https://www.seleniumhq.org/exceptions/no_such_element.html
Build info: version: '3.141.59', revision: 'unknown', time: 'unknown'
System info: host: 'Aidans-Macbook.local', ip: '2405:4803:fd90:9ef0:b0c9:6dde:81ec:56fd%en0', os.name: 'Mac OS X', os.arch: 'aarch64', os.version: '14.5', java.version: '17.0.7'
Driver info: com.kms.katalon.selenium.driver.CChromeDriver
Capabilities {acceptInsecureCerts: false, browserName: chrome, browserVersion: 130.0.6723.59, chrome: {chromedriverVersion: 129.0.6668.100 (cf58cba358d..., userDataDir: /var/folders/w1/k98vh2j97rz...}, fedcm:accounts: true, goog:chromeOptions: {debuggerAddress: localhost:56956}, javascriptEnabled: true, networkConnectionEnabled: false, pageLoadStrategy: normal, platform: MAC, platformName: MAC, proxy: Proxy(), setWindowRect: true, strictFileInteractability: false, timeouts: {implicit: 0, pageLoad: 300000, script: 30000}, unhandledPromptBehavior: dismiss and notify, webauthn:extension:credBlob: true, webauthn:extension:largeBlob: true, webauthn:extension:minPinLength: true, webauthn:extension:prf: true, webauthn:virtualAuthenticators: true}
Session ID: 7533e5361ab947194e528b2639d1ae70
*** Element info: {Using=xpath, value=//button[contains(text(),'VH DUYỆT GD RÚT LẦN 1')]}
	at jdk.internal.reflect.GeneratedConstructorAccessor22.newInstance(Unknown Source)
	at java.base/jdk.internal.reflect.DelegatingConstructorAccessorImpl.newInstance(DelegatingConstructorAccessorImpl.java:45)
	at org.openqa.selenium.remote.http.W3CHttpResponseCodec.createException(W3CHttpResponseCodec.java:187)
	at org.openqa.selenium.remote.http.W3CHttpResponseCodec.decode(W3CHttpResponseCodec.java:122)
	at org.openqa.selenium.remote.http.W3CHttpResponseCodec.decode(W3CHttpResponseCodec.java:49)
	at org.openqa.selenium.remote.HttpCommandExecutor.execute(HttpCommandExecutor.java:158)
	at org.openqa.selenium.remote.service.DriverCommandExecutor.execute(DriverCommandExecutor.java:83)
	at org.openqa.selenium.remote.RemoteWebDriver.execute(RemoteWebDriver.java:552)
	at com.kms.katalon.selenium.driver.CChromeDriver.execute(CChromeDriver.java:19)
	at org.openqa.selenium.remote.RemoteWebDriver.findElement(RemoteWebDriver.java:323)
	at org.openqa.selenium.remote.RemoteWebDriver.findElementByXPath(RemoteWebDriver.java:428)
	at org.openqa.selenium.By$ByXPath.findElement(By.java:353)
	at org.openqa.selenium.remote.RemoteWebDriver.findElement(RemoteWebDriver.java:315)
	at jdk.internal.reflect.GeneratedMethodAccessor9.invoke(Unknown Source)
	at java.base/jdk.internal.reflect.DelegatingMethodAccessorImpl.invoke(DelegatingMethodAccessorImpl.java:43)
	at org.openqa.selenium.support.events.EventFiringWebDriver.lambda$new$1(EventFiringWebDriver.java:105)
	at jdk.proxy2/jdk.proxy2.$Proxy22.findElement(Unknown Source)
	at org.openqa.selenium.support.events.EventFiringWebDriver.findElement(EventFiringWebDriver.java:194)
	at org.openqa.selenium.support.ui.ExpectedConditions$7.apply(ExpectedConditions.java:205)
	at org.openqa.selenium.support.ui.ExpectedConditions$7.apply(ExpectedConditions.java:201)
	at org.openqa.selenium.support.ui.ExpectedConditions$22.apply(ExpectedConditions.java:641)
	at org.openqa.selenium.support.ui.ExpectedConditions$22.apply(ExpectedConditions.java:638)
	at org.openqa.selenium.support.ui.FluentWait.until(FluentWait.java:249)
	... 16 more


16-10-2024T19:18:44 - [TEST_STEP][PASSED] - Start listener action : sampleBeforeTestCase: Navigate to 'https://stg-cms-console.9pay.mobi/login' successfully

16-10-2024T19:18:44 - [TEST_STEP][PASSED] - testCaseId = testCaseContext.getTestCaseId(): null

16-10-2024T19:18:44 - [TEST_STEP][PASSED] - url = <not implemented yet for class: org.codehaus.groovy.ast.expr.EmptyExpression>: null

16-10-2024T19:18:44 - [TEST_STEP][PASSED] - if (testCaseId == "Test Cases/Quản lý tài khoản merchant/Quản lý dịch vụ merchant/TC_14_Kiểm tra thay đổi sau khi cấu hình VA trên MCV"): null

16-10-2024T19:18:44 - [TEST_STEP][PASSED] - else: null

16-10-2024T19:18:44 - [TEST_STEP][PASSED] - url = "https://stg-cms-console.9pay.mobi/login": null

16-10-2024T19:18:44 - [TEST_STEP][PASSED] - openBrowser(""): Browser is opened with url: ''

16-10-2024T19:18:44 - [MESSAGE][WARNING] - A browser is already opened. Closing browser and opening a new one

16-10-2024T19:18:44 - [MESSAGE][INFO] - Starting 'Chrome' driver

16-10-2024T19:18:44 - [MESSAGE][INFO] - Action delay is set to 0 milliseconds

16-10-2024T19:18:45 - [MESSAGE][PASSED] - Browser is opened with url: ''

16-10-2024T19:18:45 - [TEST_STEP][PASSED] - maximizeWindow(): Current window maximized

16-10-2024T19:18:45 - [MESSAGE][PASSED] - Current window maximized

16-10-2024T19:18:45 - [TEST_STEP][PASSED] - navigateToUrl(url): Navigate to 'https://stg-cms-console.9pay.mobi/login' successfully

16-10-2024T19:18:47 - [MESSAGE][PASSED] - Navigate to 'https://stg-cms-console.9pay.mobi/login' successfully

16-10-2024T19:18:47 - [TEST_STEP][PASSED] - driver = getWebDriver(): null

16-10-2024T19:18:47 - [TEST_STEP][PASSED] - js = driver: null

16-10-2024T19:18:47 - [TEST_STEP][PASSED] - callTestCase(findTestCase("Test Cases/Login/LoginCommon"), [:], STOP_ON_FAILURE): Call Test Case 'Test Cases/Login/LoginCommon' successfully

16-10-2024T19:18:47 - [TEST_CASE][PASSED] - Test Cases/Login/LoginCommon: Test Cases/Login/LoginCommon

16-10-2024T19:18:47 - [TEST_STEP][PASSED] - driver = getWebDriver(): null

16-10-2024T19:18:47 - [TEST_STEP][PASSED] - sendKeys(findTestObject("Quản lý tài khoản merchant/Quản lý dịch vụ merchant/userNameTextbox"), userAccount): Keys 'dannt@9pay.vn' sent to object: 'Object Repository/Quản lý tài khoản merchant/Quản lý dịch vụ merchant/userNameTextbox'

16-10-2024T19:18:47 - [MESSAGE][PASSED] - Keys 'dannt@9pay.vn' sent to object: 'Object Repository/Quản lý tài khoản merchant/Quản lý dịch vụ merchant/userNameTextbox'

16-10-2024T19:18:47 - [TEST_STEP][PASSED] - sendKeys(findTestObject("Quản lý tài khoản merchant/Quản lý dịch vụ merchant/passwordTextbox"), password): Keys 'dannt@9pay.vn' sent to object: 'Object Repository/Quản lý tài khoản merchant/Quản lý dịch vụ merchant/passwordTextbox'

16-10-2024T19:18:47 - [MESSAGE][PASSED] - Keys 'dannt@9pay.vn' sent to object: 'Object Repository/Quản lý tài khoản merchant/Quản lý dịch vụ merchant/passwordTextbox'

16-10-2024T19:18:47 - [TEST_STEP][PASSED] - click(findTestObject("Quản lý tài khoản merchant/Quản lý dịch vụ merchant/loginButton")): Object: 'Object Repository/Quản lý tài khoản merchant/Quản lý dịch vụ merchant/loginButton' is clicked on

16-10-2024T19:18:48 - [MESSAGE][PASSED] - Object: 'Object Repository/Quản lý tài khoản merchant/Quản lý dịch vụ merchant/loginButton' is clicked on

16-10-2024T19:18:48 - [MESSAGE][PASSED] - Call Test Case 'Test Cases/Login/LoginCommon' successfully

16-10-2024T19:18:48 - [TEST_STEP][PASSED] - waitForElementVisible(findTestObject("Trang chủ/userName"), 30, STOP_ON_FAILURE): Object 'Object Repository/Trang chủ/userName' is visible

16-10-2024T19:18:51 - [MESSAGE][PASSED] - Object 'Object Repository/Trang chủ/userName' is visible

16-10-2024T19:18:51 - [TEST_STEP][PASSED] - click(findTestObject("Quản lý tài khoản merchant/menuManagerMerchantAccount")): Object: 'Object Repository/Quản lý tài khoản merchant/menuManagerMerchantAccount' is clicked on

16-10-2024T19:18:51 - [MESSAGE][PASSED] - Object: 'Object Repository/Quản lý tài khoản merchant/menuManagerMerchantAccount' is clicked on

16-10-2024T19:18:51 - [TEST_STEP][PASSED] - waitForElementVisible(findTestObject("Quản lý tài khoản merchant/Quản lý dịch vụ merchant/menuManagerMerchantService"), 30, STOP_ON_FAILURE): Object 'Object Repository/Quản lý tài khoản merchant/Quản lý dịch vụ merchant/menuManagerMerchantService' is visible

16-10-2024T19:18:52 - [MESSAGE][PASSED] - Object 'Object Repository/Quản lý tài khoản merchant/Quản lý dịch vụ merchant/menuManagerMerchantService' is visible

16-10-2024T19:18:52 - [TEST_STEP][PASSED] - wait = new org.openqa.selenium.support.ui.WebDriverWait(com.kms.katalon.core.webui.driver.DriverFactory.getWebDriver(), internal.GlobalVariable.waitSecond): null

16-10-2024T19:18:52 - [TEST_STEP][PASSED] - menuManagerUserAccount = wait.until(ExpectedConditions.elementToBeClickable(By.xpath(xpathManagerListAccount))): null

16-10-2024T19:18:52 - [TEST_STEP][PASSED] - menuManagerUserAccount.click(): null

16-10-2024T19:18:52 - [TEST_STEP][PASSED] - userCode = wait.until(ExpectedConditions.visibilityOfElementLocated(By.xpath(xpathUserCode))): null

16-10-2024T19:18:55 - [TEST_STEP][PASSED] - accountBtn = wait.until(ExpectedConditions.elementToBeClickable(By.xpath(xpathBtnAccount))): null

16-10-2024T19:18:55 - [TEST_STEP][PASSED] - accountBtn.click(): null

16-10-2024T19:18:55 - [TEST_STEP][PASSED] - searchTextbox = wait.until(ExpectedConditions.elementToBeClickable(By.xpath(xpathSearchTextbox))): null

16-10-2024T19:18:55 - [TEST_STEP][PASSED] - searchTextbox.sendKeys(username): null

16-10-2024T19:18:55 - [TEST_STEP][PASSED] - xpath(xpathOption)).click(): null

16-10-2024T19:18:56 - [TEST_STEP][PASSED] - xpath(xpathBtnSearch)).click(): null

16-10-2024T19:18:56 - [TEST_STEP][PASSED] - startElement = driver.findElement(By.xpath("//strong[contains(text(),'Thu hộ:')]")): null

16-10-2024T19:18:57 - [TEST_STEP][PASSED] - script = "return arguments[0].nextSibling.textContent;": null

16-10-2024T19:18:57 - [TEST_STEP][PASSED] - nextTextNodeContent = js.executeScript(script, startElement): null

16-10-2024T19:18:57 - [TEST_STEP][PASSED] - out.println("Thu ho " + nextTextNodeContent): null

16-10-2024T19:18:57 - [TEST_STEP][PASSED] - numericString = nextTextNodeContent.replaceAll("[^0-9]", ""): null

16-10-2024T19:18:57 - [TEST_STEP][PASSED] - thuHo = Integer.parseInt(numericString): null

16-10-2024T19:18:57 - [TEST_STEP][PASSED] - out.println("Thu ho " + thuHo): null

16-10-2024T19:18:57 - [TEST_STEP][PASSED] - Assert.assertEquals(xpath(xpathAccountName)).getText(), username): null

16-10-2024T19:18:57 - [TEST_STEP][PASSED] - xpath(xpathMoneyOff)).click(): null

16-10-2024T19:18:57 - [TEST_STEP][PASSED] - wait.until(ExpectedConditions.visibilityOfElementLocated(By.xpath("//span[@class='filter-option pull-left'][normalize-space()='" + username + "']"))): null

16-10-2024T19:19:06 - [TEST_STEP][PASSED] - xpath(xpathViRut)).click(): null

16-10-2024T19:19:06 - [TEST_STEP][PASSED] - xpath(xpathOptionThuho)).click(): null

16-10-2024T19:19:06 - [TEST_STEP][PASSED] - xpath(xpathDay)).click(): null

16-10-2024T19:19:07 - [TEST_STEP][PASSED] - xpath(xpathToday)).click(): null

16-10-2024T19:19:07 - [TEST_STEP][PASSED] - xpath(xpathBtnContinue)).click(): null

16-10-2024T19:19:07 - [TEST_STEP][PASSED] - try: null

16-10-2024T19:19:07 - [TEST_STEP][PASSED] - popupDS = wait.until(ExpectedConditions.visibilityOfElementLocated(By.xpath(xpathXacNhanKiDS))): null

16-10-2024T19:19:38 - [TEST_STEP][PASSED] - catch (org.openqa.selenium.TimeoutException e): null

16-10-2024T19:19:38 - [TEST_STEP][PASSED] - println("Popup không xuất hiện, tiếp tục thực hiện giao dịch."): null

16-10-2024T19:19:38 - [TEST_STEP][PASSED] - soDuKhaDung = driver.findElement(By.xpath(xpathSoDuKhaDung)): null

16-10-2024T19:19:38 - [TEST_STEP][PASSED] - value = soDuKhaDung.getAttribute("value"): null

16-10-2024T19:19:38 - [TEST_STEP][PASSED] - availableBalances = Integer.parseInt(value.replace(",", "")): null

16-10-2024T19:19:38 - [TEST_STEP][PASSED] - amountTransaction = 100000: null

16-10-2024T19:19:38 - [TEST_STEP][PASSED] - xpath(xpathFieldAmount)).sendKeys(amountTransaction): null

16-10-2024T19:19:38 - [TEST_STEP][PASSED] - xpath(xpathConfirm)).click(): null

16-10-2024T19:19:38 - [TEST_STEP][ERROR] - approveButton = wait.until(ExpectedConditions.elementToBeClickable(By.xpath(xpathAcceptFirst))): Test Cases/Quản lý tài khoản merchant/Quản lý danh sách tài khoản/Rút tiền/TC_06_Kiểm tra khi rút tiền thành công và duyệt lần 1 FAILED.
Reason:
org.openqa.selenium.TimeoutException: Expected condition failed: waiting for element to be clickable: By.xpath: //button[contains(text(),'VH DUYỆT GD RÚT LẦN 1')] (tried for 30 second(s) with 500 milliseconds interval)
	at org.openqa.selenium.support.ui.WebDriverWait.timeoutException(WebDriverWait.java:95)
	at org.openqa.selenium.support.ui.FluentWait.until(FluentWait.java:272)
	at TC_06_Kiểm tra khi rút tiền thành công và duyệt lần 1.run(TC_06_Kiểm tra khi rút tiền thành công và duyệt lần 1:74)
	at com.kms.katalon.core.main.ScriptEngine.run(ScriptEngine.java:194)
	at com.kms.katalon.core.main.ScriptEngine.runScriptAsRawText(ScriptEngine.java:119)
	at com.kms.katalon.core.main.TestCaseExecutor.runScript(TestCaseExecutor.java:448)
	at com.kms.katalon.core.main.TestCaseExecutor.doExecute(TestCaseExecutor.java:439)
	at com.kms.katalon.core.main.TestCaseExecutor.processExecutionPhase(TestCaseExecutor.java:418)
	at com.kms.katalon.core.main.TestCaseExecutor.accessMainPhase(TestCaseExecutor.java:410)
	at com.kms.katalon.core.main.TestCaseExecutor.execute(TestCaseExecutor.java:285)
	at com.kms.katalon.core.common.CommonExecutor.accessTestCaseMainPhase(CommonExecutor.java:65)
	at com.kms.katalon.core.main.TestSuiteExecutor.accessTestSuiteMainPhase(TestSuiteExecutor.java:150)
	at com.kms.katalon.core.main.TestSuiteExecutor.execute(TestSuiteExecutor.java:106)
	at com.kms.katalon.core.main.TestCaseMain.startTestSuite(TestCaseMain.java:180)
	at TempTestSuite1729080945785.run(TempTestSuite1729080945785.groovy:35)
	at java.base/jdk.internal.reflect.NativeMethodAccessorImpl.invoke0(Native Method)
	at java.base/jdk.internal.reflect.NativeMethodAccessorImpl.invoke(NativeMethodAccessorImpl.java:77)
	at java.base/jdk.internal.reflect.DelegatingMethodAccessorImpl.invoke(DelegatingMethodAccessorImpl.java:43)
Caused by: org.openqa.selenium.NoSuchElementException: no such element: Unable to locate element: {"method":"xpath","selector":"//button[contains(text(),'VH DUYỆT GD RÚT LẦN 1')]"}
  (Session info: chrome=130.0.6723.59)
For documentation on this error, please visit: https://www.seleniumhq.org/exceptions/no_such_element.html
Build info: version: '3.141.59', revision: 'unknown', time: 'unknown'
System info: host: 'Aidans-Macbook.local', ip: '2405:4803:fd90:9ef0:b0c9:6dde:81ec:56fd%en0', os.name: 'Mac OS X', os.arch: 'aarch64', os.version: '14.5', java.version: '17.0.7'
Driver info: com.kms.katalon.selenium.driver.CChromeDriver
Capabilities {acceptInsecureCerts: false, browserName: chrome, browserVersion: 130.0.6723.59, chrome: {chromedriverVersion: 129.0.6668.100 (cf58cba358d..., userDataDir: /var/folders/w1/k98vh2j97rz...}, fedcm:accounts: true, goog:chromeOptions: {debuggerAddress: localhost:56956}, javascriptEnabled: true, networkConnectionEnabled: false, pageLoadStrategy: normal, platform: MAC, platformName: MAC, proxy: Proxy(), setWindowRect: true, strictFileInteractability: false, timeouts: {implicit: 0, pageLoad: 300000, script: 30000}, unhandledPromptBehavior: dismiss and notify, webauthn:extension:credBlob: true, webauthn:extension:largeBlob: true, webauthn:extension:minPinLength: true, webauthn:extension:prf: true, webauthn:virtualAuthenticators: true}
Session ID: 7533e5361ab947194e528b2639d1ae70
*** Element info: {Using=xpath, value=//button[contains(text(),'VH DUYỆT GD RÚT LẦN 1')]}
	at jdk.internal.reflect.GeneratedConstructorAccessor22.newInstance(Unknown Source)
	at java.base/jdk.internal.reflect.DelegatingConstructorAccessorImpl.newInstance(DelegatingConstructorAccessorImpl.java:45)
	at org.openqa.selenium.remote.http.W3CHttpResponseCodec.createException(W3CHttpResponseCodec.java:187)
	at org.openqa.selenium.remote.http.W3CHttpResponseCodec.decode(W3CHttpResponseCodec.java:122)
	at org.openqa.selenium.remote.http.W3CHttpResponseCodec.decode(W3CHttpResponseCodec.java:49)
	at org.openqa.selenium.remote.HttpCommandExecutor.execute(HttpCommandExecutor.java:158)
	at org.openqa.selenium.remote.service.DriverCommandExecutor.execute(DriverCommandExecutor.java:83)
	at org.openqa.selenium.remote.RemoteWebDriver.execute(RemoteWebDriver.java:552)
	at com.kms.katalon.selenium.driver.CChromeDriver.execute(CChromeDriver.java:19)
	at org.openqa.selenium.remote.RemoteWebDriver.findElement(RemoteWebDriver.java:323)
	at org.openqa.selenium.remote.RemoteWebDriver.findElementByXPath(RemoteWebDriver.java:428)
	at org.openqa.selenium.By$ByXPath.findElement(By.java:353)
	at org.openqa.selenium.remote.RemoteWebDriver.findElement(RemoteWebDriver.java:315)
	at jdk.internal.reflect.GeneratedMethodAccessor9.invoke(Unknown Source)
	at java.base/jdk.internal.reflect.DelegatingMethodAccessorImpl.invoke(DelegatingMethodAccessorImpl.java:43)
	at org.openqa.selenium.support.events.EventFiringWebDriver.lambda$new$1(EventFiringWebDriver.java:105)
	at jdk.proxy2/jdk.proxy2.$Proxy22.findElement(Unknown Source)
	at org.openqa.selenium.support.events.EventFiringWebDriver.findElement(EventFiringWebDriver.java:194)
	at org.openqa.selenium.support.ui.ExpectedConditions$7.apply(ExpectedConditions.java:205)
	at org.openqa.selenium.support.ui.ExpectedConditions$7.apply(ExpectedConditions.java:201)
	at org.openqa.selenium.support.ui.ExpectedConditions$22.apply(ExpectedConditions.java:641)
	at org.openqa.selenium.support.ui.ExpectedConditions$22.apply(ExpectedConditions.java:638)
	at org.openqa.selenium.support.ui.FluentWait.until(FluentWait.java:249)
	at Script1720759651309.run(Script1720759651309.groovy:74)
	... 15 more


16-10-2024T19:20:08 - [MESSAGE][ERROR] - Test Cases/Quản lý tài khoản merchant/Quản lý danh sách tài khoản/Rút tiền/TC_06_Kiểm tra khi rút tiền thành công và duyệt lần 1 FAILED.
Reason:
org.openqa.selenium.TimeoutException: Expected condition failed: waiting for element to be clickable: By.xpath: //button[contains(text(),'VH DUYỆT GD RÚT LẦN 1')] (tried for 30 second(s) with 500 milliseconds interval)
	at org.openqa.selenium.support.ui.WebDriverWait.timeoutException(WebDriverWait.java:95)
	at org.openqa.selenium.support.ui.FluentWait.until(FluentWait.java:272)
	at TC_06_Kiểm tra khi rút tiền thành công và duyệt lần 1.run(TC_06_Kiểm tra khi rút tiền thành công và duyệt lần 1:74)
	at com.kms.katalon.core.main.ScriptEngine.run(ScriptEngine.java:194)
	at com.kms.katalon.core.main.ScriptEngine.runScriptAsRawText(ScriptEngine.java:119)
	at com.kms.katalon.core.main.TestCaseExecutor.runScript(TestCaseExecutor.java:448)
	at com.kms.katalon.core.main.TestCaseExecutor.doExecute(TestCaseExecutor.java:439)
	at com.kms.katalon.core.main.TestCaseExecutor.processExecutionPhase(TestCaseExecutor.java:418)
	at com.kms.katalon.core.main.TestCaseExecutor.accessMainPhase(TestCaseExecutor.java:410)
	at com.kms.katalon.core.main.TestCaseExecutor.execute(TestCaseExecutor.java:285)
	at com.kms.katalon.core.common.CommonExecutor.accessTestCaseMainPhase(CommonExecutor.java:65)
	at com.kms.katalon.core.main.TestSuiteExecutor.accessTestSuiteMainPhase(TestSuiteExecutor.java:150)
	at com.kms.katalon.core.main.TestSuiteExecutor.execute(TestSuiteExecutor.java:106)
	at com.kms.katalon.core.main.TestCaseMain.startTestSuite(TestCaseMain.java:180)
	at TempTestSuite1729080945785.run(TempTestSuite1729080945785.groovy:35)
	at java.base/jdk.internal.reflect.NativeMethodAccessorImpl.invoke0(Native Method)
	at java.base/jdk.internal.reflect.NativeMethodAccessorImpl.invoke(NativeMethodAccessorImpl.java:77)
	at java.base/jdk.internal.reflect.DelegatingMethodAccessorImpl.invoke(DelegatingMethodAccessorImpl.java:43)
Caused by: org.openqa.selenium.NoSuchElementException: no such element: Unable to locate element: {"method":"xpath","selector":"//button[contains(text(),'VH DUYỆT GD RÚT LẦN 1')]"}
  (Session info: chrome=130.0.6723.59)
For documentation on this error, please visit: https://www.seleniumhq.org/exceptions/no_such_element.html
Build info: version: '3.141.59', revision: 'unknown', time: 'unknown'
System info: host: 'Aidans-Macbook.local', ip: '2405:4803:fd90:9ef0:b0c9:6dde:81ec:56fd%en0', os.name: 'Mac OS X', os.arch: 'aarch64', os.version: '14.5', java.version: '17.0.7'
Driver info: com.kms.katalon.selenium.driver.CChromeDriver
Capabilities {acceptInsecureCerts: false, browserName: chrome, browserVersion: 130.0.6723.59, chrome: {chromedriverVersion: 129.0.6668.100 (cf58cba358d..., userDataDir: /var/folders/w1/k98vh2j97rz...}, fedcm:accounts: true, goog:chromeOptions: {debuggerAddress: localhost:56956}, javascriptEnabled: true, networkConnectionEnabled: false, pageLoadStrategy: normal, platform: MAC, platformName: MAC, proxy: Proxy(), setWindowRect: true, strictFileInteractability: false, timeouts: {implicit: 0, pageLoad: 300000, script: 30000}, unhandledPromptBehavior: dismiss and notify, webauthn:extension:credBlob: true, webauthn:extension:largeBlob: true, webauthn:extension:minPinLength: true, webauthn:extension:prf: true, webauthn:virtualAuthenticators: true}
Session ID: 7533e5361ab947194e528b2639d1ae70
*** Element info: {Using=xpath, value=//button[contains(text(),'VH DUYỆT GD RÚT LẦN 1')]}
	at jdk.internal.reflect.GeneratedConstructorAccessor22.newInstance(Unknown Source)
	at java.base/jdk.internal.reflect.DelegatingConstructorAccessorImpl.newInstance(DelegatingConstructorAccessorImpl.java:45)
	at org.openqa.selenium.remote.http.W3CHttpResponseCodec.createException(W3CHttpResponseCodec.java:187)
	at org.openqa.selenium.remote.http.W3CHttpResponseCodec.decode(W3CHttpResponseCodec.java:122)
	at org.openqa.selenium.remote.http.W3CHttpResponseCodec.decode(W3CHttpResponseCodec.java:49)
	at org.openqa.selenium.remote.HttpCommandExecutor.execute(HttpCommandExecutor.java:158)
	at org.openqa.selenium.remote.service.DriverCommandExecutor.execute(DriverCommandExecutor.java:83)
	at org.openqa.selenium.remote.RemoteWebDriver.execute(RemoteWebDriver.java:552)
	at com.kms.katalon.selenium.driver.CChromeDriver.execute(CChromeDriver.java:19)
	at org.openqa.selenium.remote.RemoteWebDriver.findElement(RemoteWebDriver.java:323)
	at org.openqa.selenium.remote.RemoteWebDriver.findElementByXPath(RemoteWebDriver.java:428)
	at org.openqa.selenium.By$ByXPath.findElement(By.java:353)
	at org.openqa.selenium.remote.RemoteWebDriver.findElement(RemoteWebDriver.java:315)
	at jdk.internal.reflect.GeneratedMethodAccessor9.invoke(Unknown Source)
	at java.base/jdk.internal.reflect.DelegatingMethodAccessorImpl.invoke(DelegatingMethodAccessorImpl.java:43)
	at org.openqa.selenium.support.events.EventFiringWebDriver.lambda$new$1(EventFiringWebDriver.java:105)
	at jdk.proxy2/jdk.proxy2.$Proxy22.findElement(Unknown Source)
	at org.openqa.selenium.support.events.EventFiringWebDriver.findElement(EventFiringWebDriver.java:194)
	at org.openqa.selenium.support.ui.ExpectedConditions$7.apply(ExpectedConditions.java:205)
	at org.openqa.selenium.support.ui.ExpectedConditions$7.apply(ExpectedConditions.java:201)
	at org.openqa.selenium.support.ui.ExpectedConditions$22.apply(ExpectedConditions.java:641)
	at org.openqa.selenium.support.ui.ExpectedConditions$22.apply(ExpectedConditions.java:638)
	at org.openqa.selenium.support.ui.FluentWait.until(FluentWait.java:249)
	at Script1720759651309.run(Script1720759651309.groovy:74)
	... 15 more


16-10-2024T19:20:08 - [TEST_STEP][PASSED] - Start listener action : sampleAfterTestCase: null

16-10-2024T19:20:08 - [TEST_STEP][PASSED] - testCaseId = testCaseContext.getTestCaseId(): null

16-10-2024T19:20:08 - [TEST_STEP][PASSED] - if (testCaseId == "Test Cases/Quản lý tài khoản merchant/Quản lý dịch vụ merchant/TC_13_Kiểm tra chức năng xác nhận cấu hình thay đổi VA"): null]]></system-out>
         <system-err><![CDATA[16-10-2024T19:18:44 - [TEST_CASE][ERROR] - Test Cases/Quản lý tài khoản merchant/Quản lý danh sách tài khoản/Rút tiền/TC_06_Kiểm tra khi rút tiền thành công và duyệt lần 1: Test Cases/Quản lý tài khoản merchant/Quản lý danh sách tài khoản/Rút tiền/TC_06_Kiểm tra khi rút tiền thành công và duyệt lần 1 FAILED.
Reason:
org.openqa.selenium.TimeoutException: Expected condition failed: waiting for element to be clickable: By.xpath: //button[contains(text(),'VH DUYỆT GD RÚT LẦN 1')] (tried for 30 second(s) with 500 milliseconds interval)
	at org.openqa.selenium.support.ui.WebDriverWait.timeoutException(WebDriverWait.java:95)
	at org.openqa.selenium.support.ui.FluentWait.until(FluentWait.java:272)
	at TC_06_Kiểm tra khi rút tiền thành công và duyệt lần 1.run(TC_06_Kiểm tra khi rút tiền thành công và duyệt lần 1:74)
	at com.kms.katalon.core.main.ScriptEngine.run(ScriptEngine.java:194)
	at com.kms.katalon.core.main.ScriptEngine.runScriptAsRawText(ScriptEngine.java:119)
	at com.kms.katalon.core.main.TestCaseExecutor.runScript(TestCaseExecutor.java:448)
	at com.kms.katalon.core.main.TestCaseExecutor.doExecute(TestCaseExecutor.java:439)
	at com.kms.katalon.core.main.TestCaseExecutor.processExecutionPhase(TestCaseExecutor.java:418)
	at com.kms.katalon.core.main.TestCaseExecutor.accessMainPhase(TestCaseExecutor.java:410)
	at com.kms.katalon.core.main.TestCaseExecutor.execute(TestCaseExecutor.java:285)
	at com.kms.katalon.core.common.CommonExecutor.accessTestCaseMainPhase(CommonExecutor.java:65)
	at com.kms.katalon.core.main.TestSuiteExecutor.accessTestSuiteMainPhase(TestSuiteExecutor.java:150)
	at com.kms.katalon.core.main.TestSuiteExecutor.execute(TestSuiteExecutor.java:106)
	at com.kms.katalon.core.main.TestCaseMain.startTestSuite(TestCaseMain.java:180)
	at TempTestSuite1729080945785.run(TempTestSuite1729080945785.groovy:35)
	at java.base/jdk.internal.reflect.NativeMethodAccessorImpl.invoke0(Native Method)
	at java.base/jdk.internal.reflect.NativeMethodAccessorImpl.invoke(NativeMethodAccessorImpl.java:77)
	at java.base/jdk.internal.reflect.DelegatingMethodAccessorImpl.invoke(DelegatingMethodAccessorImpl.java:43)
Caused by: org.openqa.selenium.NoSuchElementException: no such element: Unable to locate element: {"method":"xpath","selector":"//button[contains(text(),'VH DUYỆT GD RÚT LẦN 1')]"}
  (Session info: chrome=130.0.6723.59)
For documentation on this error, please visit: https://www.seleniumhq.org/exceptions/no_such_element.html
Build info: version: '3.141.59', revision: 'unknown', time: 'unknown'
System info: host: 'Aidans-Macbook.local', ip: '2405:4803:fd90:9ef0:b0c9:6dde:81ec:56fd%en0', os.name: 'Mac OS X', os.arch: 'aarch64', os.version: '14.5', java.version: '17.0.7'
Driver info: com.kms.katalon.selenium.driver.CChromeDriver
Capabilities {acceptInsecureCerts: false, browserName: chrome, browserVersion: 130.0.6723.59, chrome: {chromedriverVersion: 129.0.6668.100 (cf58cba358d..., userDataDir: /var/folders/w1/k98vh2j97rz...}, fedcm:accounts: true, goog:chromeOptions: {debuggerAddress: localhost:56956}, javascriptEnabled: true, networkConnectionEnabled: false, pageLoadStrategy: normal, platform: MAC, platformName: MAC, proxy: Proxy(), setWindowRect: true, strictFileInteractability: false, timeouts: {implicit: 0, pageLoad: 300000, script: 30000}, unhandledPromptBehavior: dismiss and notify, webauthn:extension:credBlob: true, webauthn:extension:largeBlob: true, webauthn:extension:minPinLength: true, webauthn:extension:prf: true, webauthn:virtualAuthenticators: true}
Session ID: 7533e5361ab947194e528b2639d1ae70
*** Element info: {Using=xpath, value=//button[contains(text(),'VH DUYỆT GD RÚT LẦN 1')]}
	at jdk.internal.reflect.GeneratedConstructorAccessor22.newInstance(Unknown Source)
	at java.base/jdk.internal.reflect.DelegatingConstructorAccessorImpl.newInstance(DelegatingConstructorAccessorImpl.java:45)
	at org.openqa.selenium.remote.http.W3CHttpResponseCodec.createException(W3CHttpResponseCodec.java:187)
	at org.openqa.selenium.remote.http.W3CHttpResponseCodec.decode(W3CHttpResponseCodec.java:122)
	at org.openqa.selenium.remote.http.W3CHttpResponseCodec.decode(W3CHttpResponseCodec.java:49)
	at org.openqa.selenium.remote.HttpCommandExecutor.execute(HttpCommandExecutor.java:158)
	at org.openqa.selenium.remote.service.DriverCommandExecutor.execute(DriverCommandExecutor.java:83)
	at org.openqa.selenium.remote.RemoteWebDriver.execute(RemoteWebDriver.java:552)
	at com.kms.katalon.selenium.driver.CChromeDriver.execute(CChromeDriver.java:19)
	at org.openqa.selenium.remote.RemoteWebDriver.findElement(RemoteWebDriver.java:323)
	at org.openqa.selenium.remote.RemoteWebDriver.findElementByXPath(RemoteWebDriver.java:428)
	at org.openqa.selenium.By$ByXPath.findElement(By.java:353)
	at org.openqa.selenium.remote.RemoteWebDriver.findElement(RemoteWebDriver.java:315)
	at jdk.internal.reflect.GeneratedMethodAccessor9.invoke(Unknown Source)
	at java.base/jdk.internal.reflect.DelegatingMethodAccessorImpl.invoke(DelegatingMethodAccessorImpl.java:43)
	at org.openqa.selenium.support.events.EventFiringWebDriver.lambda$new$1(EventFiringWebDriver.java:105)
	at jdk.proxy2/jdk.proxy2.$Proxy22.findElement(Unknown Source)
	at org.openqa.selenium.support.events.EventFiringWebDriver.findElement(EventFiringWebDriver.java:194)
	at org.openqa.selenium.support.ui.ExpectedConditions$7.apply(ExpectedConditions.java:205)
	at org.openqa.selenium.support.ui.ExpectedConditions$7.apply(ExpectedConditions.java:201)
	at org.openqa.selenium.support.ui.ExpectedConditions$22.apply(ExpectedConditions.java:641)
	at org.openqa.selenium.support.ui.ExpectedConditions$22.apply(ExpectedConditions.java:638)
	at org.openqa.selenium.support.ui.FluentWait.until(FluentWait.java:249)
	... 16 more]]></system-err>
      </testcase>
      <testcase name="Test Cases/Quản lý tài khoản merchant/Quản lý danh sách tài khoản/Rút tiền/TC_07_Kiểm tra khi rút tiền thành công và duyệt đủ 4 bước" time="84.016" classname="Test Cases/Quản lý tài khoản merchant/Quản lý danh sách tài khoản/Rút tiền/TC_07_Kiểm tra khi rút tiền thành công và duyệt đủ 4 bước" status="ERROR">
         <error type="ERROR" message="Test Cases/Quản lý tài khoản merchant/Quản lý danh sách tài khoản/Rút tiền/TC_07_Kiểm tra khi rút tiền thành công và duyệt đủ 4 bước FAILED.&#xa;Reason:&#xa;org.openqa.selenium.TimeoutException: Expected condition failed: waiting for element to be clickable: By.xpath: //button[contains(text(),'VH DUYỆT GD RÚT LẦN 1')] (tried for 30 second(s) with 500 milliseconds interval)&#xa;	at org.openqa.selenium.support.ui.WebDriverWait.timeoutException(WebDriverWait.java:95)&#xa;	at org.openqa.selenium.support.ui.FluentWait.until(FluentWait.java:272)&#xa;	at TC_07_Kiểm tra khi rút tiền thành công và duyệt đủ 4 bước.run(TC_07_Kiểm tra khi rút tiền thành công và duyệt đủ 4 bước:80)&#xa;	at com.kms.katalon.core.main.ScriptEngine.run(ScriptEngine.java:194)&#xa;	at com.kms.katalon.core.main.ScriptEngine.runScriptAsRawText(ScriptEngine.java:119)&#xa;	at com.kms.katalon.core.main.TestCaseExecutor.runScript(TestCaseExecutor.java:448)&#xa;	at com.kms.katalon.core.main.TestCaseExecutor.doExecute(TestCaseExecutor.java:439)&#xa;	at com.kms.katalon.core.main.TestCaseExecutor.processExecutionPhase(TestCaseExecutor.java:418)&#xa;	at com.kms.katalon.core.main.TestCaseExecutor.accessMainPhase(TestCaseExecutor.java:410)&#xa;	at com.kms.katalon.core.main.TestCaseExecutor.execute(TestCaseExecutor.java:285)&#xa;	at com.kms.katalon.core.common.CommonExecutor.accessTestCaseMainPhase(CommonExecutor.java:65)&#xa;	at com.kms.katalon.core.main.TestSuiteExecutor.accessTestSuiteMainPhase(TestSuiteExecutor.java:150)&#xa;	at com.kms.katalon.core.main.TestSuiteExecutor.execute(TestSuiteExecutor.java:106)&#xa;	at com.kms.katalon.core.main.TestCaseMain.startTestSuite(TestCaseMain.java:180)&#xa;	at TempTestSuite1729080945785.run(TempTestSuite1729080945785.groovy:35)&#xa;	at java.base/jdk.internal.reflect.NativeMethodAccessorImpl.invoke0(Native Method)&#xa;	at java.base/jdk.internal.reflect.NativeMethodAccessorImpl.invoke(NativeMethodAccessorImpl.java:77)&#xa;	at java.base/jdk.internal.reflect.DelegatingMethodAccessorImpl.invoke(DelegatingMethodAccessorImpl.java:43)&#xa;Caused by: org.openqa.selenium.NoSuchElementException: no such element: Unable to locate element: {&quot;method&quot;:&quot;xpath&quot;,&quot;selector&quot;:&quot;//button[contains(text(),'VH DUYỆT GD RÚT LẦN 1')]&quot;}&#xa;  (Session info: chrome=130.0.6723.59)&#xa;For documentation on this error, please visit: https://www.seleniumhq.org/exceptions/no_such_element.html&#xa;Build info: version: '3.141.59', revision: 'unknown', time: 'unknown'&#xa;System info: host: 'Aidans-Macbook.local', ip: '2405:4803:fd90:9ef0:b0c9:6dde:81ec:56fd%en0', os.name: 'Mac OS X', os.arch: 'aarch64', os.version: '14.5', java.version: '17.0.7'&#xa;Driver info: com.kms.katalon.selenium.driver.CChromeDriver&#xa;Capabilities {acceptInsecureCerts: false, browserName: chrome, browserVersion: 130.0.6723.59, chrome: {chromedriverVersion: 129.0.6668.100 (cf58cba358d..., userDataDir: /var/folders/w1/k98vh2j97rz...}, fedcm:accounts: true, goog:chromeOptions: {debuggerAddress: localhost:56989}, javascriptEnabled: true, networkConnectionEnabled: false, pageLoadStrategy: normal, platform: MAC, platformName: MAC, proxy: Proxy(), setWindowRect: true, strictFileInteractability: false, timeouts: {implicit: 0, pageLoad: 300000, script: 30000}, unhandledPromptBehavior: dismiss and notify, webauthn:extension:credBlob: true, webauthn:extension:largeBlob: true, webauthn:extension:minPinLength: true, webauthn:extension:prf: true, webauthn:virtualAuthenticators: true}&#xa;Session ID: fc7f429d9c68c6265ec948c7f442bc96&#xa;*** Element info: {Using=xpath, value=//button[contains(text(),'VH DUYỆT GD RÚT LẦN 1')]}&#xa;	at jdk.internal.reflect.GeneratedConstructorAccessor22.newInstance(Unknown Source)&#xa;	at java.base/jdk.internal.reflect.DelegatingConstructorAccessorImpl.newInstance(DelegatingConstructorAccessorImpl.java:45)&#xa;	at org.openqa.selenium.remote.http.W3CHttpResponseCodec.createException(W3CHttpResponseCodec.java:187)&#xa;	at org.openqa.selenium.remote.http.W3CHttpResponseCodec.decode(W3CHttpResponseCodec.java:122)&#xa;	at org.openqa.selenium.remote.http.W3CHttpResponseCodec.decode(W3CHttpResponseCodec.java:49)&#xa;	at org.openqa.selenium.remote.HttpCommandExecutor.execute(HttpCommandExecutor.java:158)&#xa;	at org.openqa.selenium.remote.service.DriverCommandExecutor.execute(DriverCommandExecutor.java:83)&#xa;	at org.openqa.selenium.remote.RemoteWebDriver.execute(RemoteWebDriver.java:552)&#xa;	at com.kms.katalon.selenium.driver.CChromeDriver.execute(CChromeDriver.java:19)&#xa;	at org.openqa.selenium.remote.RemoteWebDriver.findElement(RemoteWebDriver.java:323)&#xa;	at org.openqa.selenium.remote.RemoteWebDriver.findElementByXPath(RemoteWebDriver.java:428)&#xa;	at org.openqa.selenium.By$ByXPath.findElement(By.java:353)&#xa;	at org.openqa.selenium.remote.RemoteWebDriver.findElement(RemoteWebDriver.java:315)&#xa;	at jdk.internal.reflect.GeneratedMethodAccessor9.invoke(Unknown Source)&#xa;	at java.base/jdk.internal.reflect.DelegatingMethodAccessorImpl.invoke(DelegatingMethodAccessorImpl.java:43)&#xa;	at org.openqa.selenium.support.events.EventFiringWebDriver.lambda$new$1(EventFiringWebDriver.java:105)&#xa;	at jdk.proxy2/jdk.proxy2.$Proxy22.findElement(Unknown Source)&#xa;	at org.openqa.selenium.support.events.EventFiringWebDriver.findElement(EventFiringWebDriver.java:194)&#xa;	at org.openqa.selenium.support.ui.ExpectedConditions$7.apply(ExpectedConditions.java:205)&#xa;	at org.openqa.selenium.support.ui.ExpectedConditions$7.apply(ExpectedConditions.java:201)&#xa;	at org.openqa.selenium.support.ui.ExpectedConditions$22.apply(ExpectedConditions.java:641)&#xa;	at org.openqa.selenium.support.ui.ExpectedConditions$22.apply(ExpectedConditions.java:638)&#xa;	at org.openqa.selenium.support.ui.FluentWait.until(FluentWait.java:249)&#xa;	... 16 more&#xa;"/>
         <system-out><![CDATA[16-10-2024T19:20:08 - [TEST_CASE][ERROR] - Test Cases/Quản lý tài khoản merchant/Quản lý danh sách tài khoản/Rút tiền/TC_07_Kiểm tra khi rút tiền thành công và duyệt đủ 4 bước: Test Cases/Quản lý tài khoản merchant/Quản lý danh sách tài khoản/Rút tiền/TC_07_Kiểm tra khi rút tiền thành công và duyệt đủ 4 bước FAILED.
Reason:
org.openqa.selenium.TimeoutException: Expected condition failed: waiting for element to be clickable: By.xpath: //button[contains(text(),'VH DUYỆT GD RÚT LẦN 1')] (tried for 30 second(s) with 500 milliseconds interval)
	at org.openqa.selenium.support.ui.WebDriverWait.timeoutException(WebDriverWait.java:95)
	at org.openqa.selenium.support.ui.FluentWait.until(FluentWait.java:272)
	at TC_07_Kiểm tra khi rút tiền thành công và duyệt đủ 4 bước.run(TC_07_Kiểm tra khi rút tiền thành công và duyệt đủ 4 bước:80)
	at com.kms.katalon.core.main.ScriptEngine.run(ScriptEngine.java:194)
	at com.kms.katalon.core.main.ScriptEngine.runScriptAsRawText(ScriptEngine.java:119)
	at com.kms.katalon.core.main.TestCaseExecutor.runScript(TestCaseExecutor.java:448)
	at com.kms.katalon.core.main.TestCaseExecutor.doExecute(TestCaseExecutor.java:439)
	at com.kms.katalon.core.main.TestCaseExecutor.processExecutionPhase(TestCaseExecutor.java:418)
	at com.kms.katalon.core.main.TestCaseExecutor.accessMainPhase(TestCaseExecutor.java:410)
	at com.kms.katalon.core.main.TestCaseExecutor.execute(TestCaseExecutor.java:285)
	at com.kms.katalon.core.common.CommonExecutor.accessTestCaseMainPhase(CommonExecutor.java:65)
	at com.kms.katalon.core.main.TestSuiteExecutor.accessTestSuiteMainPhase(TestSuiteExecutor.java:150)
	at com.kms.katalon.core.main.TestSuiteExecutor.execute(TestSuiteExecutor.java:106)
	at com.kms.katalon.core.main.TestCaseMain.startTestSuite(TestCaseMain.java:180)
	at TempTestSuite1729080945785.run(TempTestSuite1729080945785.groovy:35)
	at java.base/jdk.internal.reflect.NativeMethodAccessorImpl.invoke0(Native Method)
	at java.base/jdk.internal.reflect.NativeMethodAccessorImpl.invoke(NativeMethodAccessorImpl.java:77)
	at java.base/jdk.internal.reflect.DelegatingMethodAccessorImpl.invoke(DelegatingMethodAccessorImpl.java:43)
Caused by: org.openqa.selenium.NoSuchElementException: no such element: Unable to locate element: {"method":"xpath","selector":"//button[contains(text(),'VH DUYỆT GD RÚT LẦN 1')]"}
  (Session info: chrome=130.0.6723.59)
For documentation on this error, please visit: https://www.seleniumhq.org/exceptions/no_such_element.html
Build info: version: '3.141.59', revision: 'unknown', time: 'unknown'
System info: host: 'Aidans-Macbook.local', ip: '2405:4803:fd90:9ef0:b0c9:6dde:81ec:56fd%en0', os.name: 'Mac OS X', os.arch: 'aarch64', os.version: '14.5', java.version: '17.0.7'
Driver info: com.kms.katalon.selenium.driver.CChromeDriver
Capabilities {acceptInsecureCerts: false, browserName: chrome, browserVersion: 130.0.6723.59, chrome: {chromedriverVersion: 129.0.6668.100 (cf58cba358d..., userDataDir: /var/folders/w1/k98vh2j97rz...}, fedcm:accounts: true, goog:chromeOptions: {debuggerAddress: localhost:56989}, javascriptEnabled: true, networkConnectionEnabled: false, pageLoadStrategy: normal, platform: MAC, platformName: MAC, proxy: Proxy(), setWindowRect: true, strictFileInteractability: false, timeouts: {implicit: 0, pageLoad: 300000, script: 30000}, unhandledPromptBehavior: dismiss and notify, webauthn:extension:credBlob: true, webauthn:extension:largeBlob: true, webauthn:extension:minPinLength: true, webauthn:extension:prf: true, webauthn:virtualAuthenticators: true}
Session ID: fc7f429d9c68c6265ec948c7f442bc96
*** Element info: {Using=xpath, value=//button[contains(text(),'VH DUYỆT GD RÚT LẦN 1')]}
	at jdk.internal.reflect.GeneratedConstructorAccessor22.newInstance(Unknown Source)
	at java.base/jdk.internal.reflect.DelegatingConstructorAccessorImpl.newInstance(DelegatingConstructorAccessorImpl.java:45)
	at org.openqa.selenium.remote.http.W3CHttpResponseCodec.createException(W3CHttpResponseCodec.java:187)
	at org.openqa.selenium.remote.http.W3CHttpResponseCodec.decode(W3CHttpResponseCodec.java:122)
	at org.openqa.selenium.remote.http.W3CHttpResponseCodec.decode(W3CHttpResponseCodec.java:49)
	at org.openqa.selenium.remote.HttpCommandExecutor.execute(HttpCommandExecutor.java:158)
	at org.openqa.selenium.remote.service.DriverCommandExecutor.execute(DriverCommandExecutor.java:83)
	at org.openqa.selenium.remote.RemoteWebDriver.execute(RemoteWebDriver.java:552)
	at com.kms.katalon.selenium.driver.CChromeDriver.execute(CChromeDriver.java:19)
	at org.openqa.selenium.remote.RemoteWebDriver.findElement(RemoteWebDriver.java:323)
	at org.openqa.selenium.remote.RemoteWebDriver.findElementByXPath(RemoteWebDriver.java:428)
	at org.openqa.selenium.By$ByXPath.findElement(By.java:353)
	at org.openqa.selenium.remote.RemoteWebDriver.findElement(RemoteWebDriver.java:315)
	at jdk.internal.reflect.GeneratedMethodAccessor9.invoke(Unknown Source)
	at java.base/jdk.internal.reflect.DelegatingMethodAccessorImpl.invoke(DelegatingMethodAccessorImpl.java:43)
	at org.openqa.selenium.support.events.EventFiringWebDriver.lambda$new$1(EventFiringWebDriver.java:105)
	at jdk.proxy2/jdk.proxy2.$Proxy22.findElement(Unknown Source)
	at org.openqa.selenium.support.events.EventFiringWebDriver.findElement(EventFiringWebDriver.java:194)
	at org.openqa.selenium.support.ui.ExpectedConditions$7.apply(ExpectedConditions.java:205)
	at org.openqa.selenium.support.ui.ExpectedConditions$7.apply(ExpectedConditions.java:201)
	at org.openqa.selenium.support.ui.ExpectedConditions$22.apply(ExpectedConditions.java:641)
	at org.openqa.selenium.support.ui.ExpectedConditions$22.apply(ExpectedConditions.java:638)
	at org.openqa.selenium.support.ui.FluentWait.until(FluentWait.java:249)
	... 16 more


16-10-2024T19:20:08 - [TEST_STEP][PASSED] - Start listener action : sampleBeforeTestCase: Navigate to 'https://stg-cms-console.9pay.mobi/login' successfully

16-10-2024T19:20:08 - [TEST_STEP][PASSED] - testCaseId = testCaseContext.getTestCaseId(): null

16-10-2024T19:20:08 - [TEST_STEP][PASSED] - url = <not implemented yet for class: org.codehaus.groovy.ast.expr.EmptyExpression>: null

16-10-2024T19:20:08 - [TEST_STEP][PASSED] - if (testCaseId == "Test Cases/Quản lý tài khoản merchant/Quản lý dịch vụ merchant/TC_14_Kiểm tra thay đổi sau khi cấu hình VA trên MCV"): null

16-10-2024T19:20:08 - [TEST_STEP][PASSED] - else: null

16-10-2024T19:20:08 - [TEST_STEP][PASSED] - url = "https://stg-cms-console.9pay.mobi/login": null

16-10-2024T19:20:08 - [TEST_STEP][PASSED] - openBrowser(""): Browser is opened with url: ''

16-10-2024T19:20:08 - [MESSAGE][WARNING] - A browser is already opened. Closing browser and opening a new one

16-10-2024T19:20:08 - [MESSAGE][INFO] - Starting 'Chrome' driver

16-10-2024T19:20:08 - [MESSAGE][INFO] - Action delay is set to 0 milliseconds

16-10-2024T19:20:09 - [MESSAGE][PASSED] - Browser is opened with url: ''

16-10-2024T19:20:09 - [TEST_STEP][PASSED] - maximizeWindow(): Current window maximized

16-10-2024T19:20:09 - [MESSAGE][PASSED] - Current window maximized

16-10-2024T19:20:09 - [TEST_STEP][PASSED] - navigateToUrl(url): Navigate to 'https://stg-cms-console.9pay.mobi/login' successfully

16-10-2024T19:20:10 - [MESSAGE][PASSED] - Navigate to 'https://stg-cms-console.9pay.mobi/login' successfully

16-10-2024T19:20:10 - [TEST_STEP][PASSED] - driver = getWebDriver(): null

16-10-2024T19:20:10 - [TEST_STEP][PASSED] - js = driver: null

16-10-2024T19:20:10 - [TEST_STEP][PASSED] - callTestCase(findTestCase("Test Cases/Login/LoginCommon"), [:], STOP_ON_FAILURE): Call Test Case 'Test Cases/Login/LoginCommon' successfully

16-10-2024T19:20:10 - [TEST_CASE][PASSED] - Test Cases/Login/LoginCommon: Test Cases/Login/LoginCommon

16-10-2024T19:20:10 - [TEST_STEP][PASSED] - driver = getWebDriver(): null

16-10-2024T19:20:10 - [TEST_STEP][PASSED] - sendKeys(findTestObject("Quản lý tài khoản merchant/Quản lý dịch vụ merchant/userNameTextbox"), userAccount): Keys 'dannt@9pay.vn' sent to object: 'Object Repository/Quản lý tài khoản merchant/Quản lý dịch vụ merchant/userNameTextbox'

16-10-2024T19:20:13 - [MESSAGE][PASSED] - Keys 'dannt@9pay.vn' sent to object: 'Object Repository/Quản lý tài khoản merchant/Quản lý dịch vụ merchant/userNameTextbox'

16-10-2024T19:20:13 - [TEST_STEP][PASSED] - sendKeys(findTestObject("Quản lý tài khoản merchant/Quản lý dịch vụ merchant/passwordTextbox"), password): Keys 'dannt@9pay.vn' sent to object: 'Object Repository/Quản lý tài khoản merchant/Quản lý dịch vụ merchant/passwordTextbox'

16-10-2024T19:20:13 - [MESSAGE][PASSED] - Keys 'dannt@9pay.vn' sent to object: 'Object Repository/Quản lý tài khoản merchant/Quản lý dịch vụ merchant/passwordTextbox'

16-10-2024T19:20:13 - [TEST_STEP][PASSED] - click(findTestObject("Quản lý tài khoản merchant/Quản lý dịch vụ merchant/loginButton")): Object: 'Object Repository/Quản lý tài khoản merchant/Quản lý dịch vụ merchant/loginButton' is clicked on

16-10-2024T19:20:13 - [MESSAGE][PASSED] - Object: 'Object Repository/Quản lý tài khoản merchant/Quản lý dịch vụ merchant/loginButton' is clicked on

16-10-2024T19:20:13 - [MESSAGE][PASSED] - Call Test Case 'Test Cases/Login/LoginCommon' successfully

16-10-2024T19:20:13 - [TEST_STEP][PASSED] - waitForElementVisible(findTestObject("Trang chủ/userName"), 30, STOP_ON_FAILURE): Object 'Object Repository/Trang chủ/userName' is visible

16-10-2024T19:20:18 - [MESSAGE][PASSED] - Object 'Object Repository/Trang chủ/userName' is visible

16-10-2024T19:20:18 - [TEST_STEP][PASSED] - click(findTestObject("Quản lý tài khoản merchant/menuManagerMerchantAccount")): Object: 'Object Repository/Quản lý tài khoản merchant/menuManagerMerchantAccount' is clicked on

16-10-2024T19:20:18 - [MESSAGE][PASSED] - Object: 'Object Repository/Quản lý tài khoản merchant/menuManagerMerchantAccount' is clicked on

16-10-2024T19:20:18 - [TEST_STEP][PASSED] - waitForElementVisible(findTestObject("Quản lý tài khoản merchant/Quản lý dịch vụ merchant/menuManagerMerchantService"), 30, STOP_ON_FAILURE): Object 'Object Repository/Quản lý tài khoản merchant/Quản lý dịch vụ merchant/menuManagerMerchantService' is visible

16-10-2024T19:20:18 - [MESSAGE][PASSED] - Object 'Object Repository/Quản lý tài khoản merchant/Quản lý dịch vụ merchant/menuManagerMerchantService' is visible

16-10-2024T19:20:18 - [TEST_STEP][PASSED] - wait = new org.openqa.selenium.support.ui.WebDriverWait(com.kms.katalon.core.webui.driver.DriverFactory.getWebDriver(), internal.GlobalVariable.waitSecond): null

16-10-2024T19:20:18 - [TEST_STEP][PASSED] - menuManagerUserAccount = wait.until(ExpectedConditions.elementToBeClickable(By.xpath(xpathManagerListAccount))): null

16-10-2024T19:20:18 - [TEST_STEP][PASSED] - menuManagerUserAccount.click(): null

16-10-2024T19:20:19 - [TEST_STEP][PASSED] - userCode = wait.until(ExpectedConditions.visibilityOfElementLocated(By.xpath(xpathUserCode))): null

16-10-2024T19:20:22 - [TEST_STEP][PASSED] - accountBtn = wait.until(ExpectedConditions.elementToBeClickable(By.xpath(xpathBtnAccount))): null

16-10-2024T19:20:22 - [TEST_STEP][PASSED] - accountBtn.click(): null

16-10-2024T19:20:22 - [TEST_STEP][PASSED] - searchTextbox = wait.until(ExpectedConditions.elementToBeClickable(By.xpath(xpathSearchTextbox))): null

16-10-2024T19:20:22 - [TEST_STEP][PASSED] - searchTextbox.sendKeys(username): null

16-10-2024T19:20:22 - [TEST_STEP][PASSED] - xpath(xpathOption)).click(): null

16-10-2024T19:20:23 - [TEST_STEP][PASSED] - xpath(xpathBtnSearch)).click(): null

16-10-2024T19:20:23 - [TEST_STEP][PASSED] - beforeWithdrawing = driver.findElement(By.xpath("//strong[contains(text(),'Thu hộ:')]")): null

16-10-2024T19:20:24 - [TEST_STEP][PASSED] - script = "return arguments[0].nextSibling.textContent;": null

16-10-2024T19:20:24 - [TEST_STEP][PASSED] - beforeWithdrawing1 = js.executeScript(script, beforeWithdrawing): null

16-10-2024T19:20:24 - [TEST_STEP][PASSED] - out.println("Thu ho " + beforeWithdrawing1): null

16-10-2024T19:20:24 - [TEST_STEP][PASSED] - numericString = beforeWithdrawing1.replaceAll("[^0-9]", ""): null

16-10-2024T19:20:24 - [TEST_STEP][PASSED] - thuHo = Integer.parseInt(numericString): null

16-10-2024T19:20:24 - [TEST_STEP][PASSED] - out.println("Thu ho " + thuHo): null

16-10-2024T19:20:24 - [TEST_STEP][PASSED] - Assert.assertEquals(xpath(xpathAccountName)).getText(), username): null

16-10-2024T19:20:24 - [TEST_STEP][PASSED] - xpath("//i[normalize-space()='money_off']")).click(): null

16-10-2024T19:20:24 - [TEST_STEP][PASSED] - wait.until(ExpectedConditions.visibilityOfElementLocated(By.xpath("//span[@class='filter-option pull-left'][normalize-space()='" + username + "']"))): null

16-10-2024T19:20:29 - [TEST_STEP][PASSED] - xpath(xpathViRut)).click(): null

16-10-2024T19:20:29 - [TEST_STEP][PASSED] - sleep(1000): null

16-10-2024T19:20:30 - [TEST_STEP][PASSED] - xpath(xpathOptionThuho)).click(): null

16-10-2024T19:20:30 - [TEST_STEP][PASSED] - xpath(xpathDay)).click(): null

16-10-2024T19:20:31 - [TEST_STEP][PASSED] - xpath(xpathToday)).click(): null

16-10-2024T19:20:31 - [TEST_STEP][PASSED] - xpath("//div[@class='btn btn-lg btn-primary waves-effect']")).click(): null

16-10-2024T19:20:31 - [TEST_STEP][PASSED] - try: null

16-10-2024T19:20:31 - [TEST_STEP][PASSED] - popupDS = wait.until(ExpectedConditions.visibilityOfElementLocated(By.xpath(xpathXacNhanKiDS))): null

16-10-2024T19:21:02 - [TEST_STEP][PASSED] - catch (org.openqa.selenium.TimeoutException e): null

16-10-2024T19:21:02 - [TEST_STEP][PASSED] - println("Popup không xuất hiện, tiếp tục thực hiện giao dịch."): null

16-10-2024T19:21:02 - [TEST_STEP][PASSED] - soDuKhaDung = driver.findElement(By.xpath(xpathSoDuKhaDung)): null

16-10-2024T19:21:02 - [TEST_STEP][PASSED] - value = soDuKhaDung.getAttribute("value"): null

16-10-2024T19:21:02 - [TEST_STEP][PASSED] - availableBalances = Integer.parseInt(value.replace(",", "")): null

16-10-2024T19:21:02 - [TEST_STEP][PASSED] - println("so du kha dung la: " + availableBalances): null

16-10-2024T19:21:02 - [TEST_STEP][PASSED] - amountTransaction = 2000000: null

16-10-2024T19:21:02 - [TEST_STEP][PASSED] - println("so du kha dung la: " + amountTransaction): null

16-10-2024T19:21:02 - [TEST_STEP][PASSED] - if (amountTransaction > availableBalances): null

16-10-2024T19:21:02 - [TEST_STEP][PASSED] - xpath("//input[@name='amount']")).sendKeys(String.valueOf(amountTransaction)): null

16-10-2024T19:21:02 - [TEST_STEP][PASSED] - xpath("//button[contains(text(),'Xác nhận')]")).click(): null

16-10-2024T19:21:02 - [TEST_STEP][ERROR] - approveButton = wait.until(ExpectedConditions.elementToBeClickable(By.xpath("//button[contains(text(),'VH DUYỆT GD RÚT LẦN 1')]"))): Test Cases/Quản lý tài khoản merchant/Quản lý danh sách tài khoản/Rút tiền/TC_07_Kiểm tra khi rút tiền thành công và duyệt đủ 4 bước FAILED.
Reason:
org.openqa.selenium.TimeoutException: Expected condition failed: waiting for element to be clickable: By.xpath: //button[contains(text(),'VH DUYỆT GD RÚT LẦN 1')] (tried for 30 second(s) with 500 milliseconds interval)
	at org.openqa.selenium.support.ui.WebDriverWait.timeoutException(WebDriverWait.java:95)
	at org.openqa.selenium.support.ui.FluentWait.until(FluentWait.java:272)
	at TC_07_Kiểm tra khi rút tiền thành công và duyệt đủ 4 bước.run(TC_07_Kiểm tra khi rút tiền thành công và duyệt đủ 4 bước:80)
	at com.kms.katalon.core.main.ScriptEngine.run(ScriptEngine.java:194)
	at com.kms.katalon.core.main.ScriptEngine.runScriptAsRawText(ScriptEngine.java:119)
	at com.kms.katalon.core.main.TestCaseExecutor.runScript(TestCaseExecutor.java:448)
	at com.kms.katalon.core.main.TestCaseExecutor.doExecute(TestCaseExecutor.java:439)
	at com.kms.katalon.core.main.TestCaseExecutor.processExecutionPhase(TestCaseExecutor.java:418)
	at com.kms.katalon.core.main.TestCaseExecutor.accessMainPhase(TestCaseExecutor.java:410)
	at com.kms.katalon.core.main.TestCaseExecutor.execute(TestCaseExecutor.java:285)
	at com.kms.katalon.core.common.CommonExecutor.accessTestCaseMainPhase(CommonExecutor.java:65)
	at com.kms.katalon.core.main.TestSuiteExecutor.accessTestSuiteMainPhase(TestSuiteExecutor.java:150)
	at com.kms.katalon.core.main.TestSuiteExecutor.execute(TestSuiteExecutor.java:106)
	at com.kms.katalon.core.main.TestCaseMain.startTestSuite(TestCaseMain.java:180)
	at TempTestSuite1729080945785.run(TempTestSuite1729080945785.groovy:35)
	at java.base/jdk.internal.reflect.NativeMethodAccessorImpl.invoke0(Native Method)
	at java.base/jdk.internal.reflect.NativeMethodAccessorImpl.invoke(NativeMethodAccessorImpl.java:77)
	at java.base/jdk.internal.reflect.DelegatingMethodAccessorImpl.invoke(DelegatingMethodAccessorImpl.java:43)
Caused by: org.openqa.selenium.NoSuchElementException: no such element: Unable to locate element: {"method":"xpath","selector":"//button[contains(text(),'VH DUYỆT GD RÚT LẦN 1')]"}
  (Session info: chrome=130.0.6723.59)
For documentation on this error, please visit: https://www.seleniumhq.org/exceptions/no_such_element.html
Build info: version: '3.141.59', revision: 'unknown', time: 'unknown'
System info: host: 'Aidans-Macbook.local', ip: '2405:4803:fd90:9ef0:b0c9:6dde:81ec:56fd%en0', os.name: 'Mac OS X', os.arch: 'aarch64', os.version: '14.5', java.version: '17.0.7'
Driver info: com.kms.katalon.selenium.driver.CChromeDriver
Capabilities {acceptInsecureCerts: false, browserName: chrome, browserVersion: 130.0.6723.59, chrome: {chromedriverVersion: 129.0.6668.100 (cf58cba358d..., userDataDir: /var/folders/w1/k98vh2j97rz...}, fedcm:accounts: true, goog:chromeOptions: {debuggerAddress: localhost:56989}, javascriptEnabled: true, networkConnectionEnabled: false, pageLoadStrategy: normal, platform: MAC, platformName: MAC, proxy: Proxy(), setWindowRect: true, strictFileInteractability: false, timeouts: {implicit: 0, pageLoad: 300000, script: 30000}, unhandledPromptBehavior: dismiss and notify, webauthn:extension:credBlob: true, webauthn:extension:largeBlob: true, webauthn:extension:minPinLength: true, webauthn:extension:prf: true, webauthn:virtualAuthenticators: true}
Session ID: fc7f429d9c68c6265ec948c7f442bc96
*** Element info: {Using=xpath, value=//button[contains(text(),'VH DUYỆT GD RÚT LẦN 1')]}
	at jdk.internal.reflect.GeneratedConstructorAccessor22.newInstance(Unknown Source)
	at java.base/jdk.internal.reflect.DelegatingConstructorAccessorImpl.newInstance(DelegatingConstructorAccessorImpl.java:45)
	at org.openqa.selenium.remote.http.W3CHttpResponseCodec.createException(W3CHttpResponseCodec.java:187)
	at org.openqa.selenium.remote.http.W3CHttpResponseCodec.decode(W3CHttpResponseCodec.java:122)
	at org.openqa.selenium.remote.http.W3CHttpResponseCodec.decode(W3CHttpResponseCodec.java:49)
	at org.openqa.selenium.remote.HttpCommandExecutor.execute(HttpCommandExecutor.java:158)
	at org.openqa.selenium.remote.service.DriverCommandExecutor.execute(DriverCommandExecutor.java:83)
	at org.openqa.selenium.remote.RemoteWebDriver.execute(RemoteWebDriver.java:552)
	at com.kms.katalon.selenium.driver.CChromeDriver.execute(CChromeDriver.java:19)
	at org.openqa.selenium.remote.RemoteWebDriver.findElement(RemoteWebDriver.java:323)
	at org.openqa.selenium.remote.RemoteWebDriver.findElementByXPath(RemoteWebDriver.java:428)
	at org.openqa.selenium.By$ByXPath.findElement(By.java:353)
	at org.openqa.selenium.remote.RemoteWebDriver.findElement(RemoteWebDriver.java:315)
	at jdk.internal.reflect.GeneratedMethodAccessor9.invoke(Unknown Source)
	at java.base/jdk.internal.reflect.DelegatingMethodAccessorImpl.invoke(DelegatingMethodAccessorImpl.java:43)
	at org.openqa.selenium.support.events.EventFiringWebDriver.lambda$new$1(EventFiringWebDriver.java:105)
	at jdk.proxy2/jdk.proxy2.$Proxy22.findElement(Unknown Source)
	at org.openqa.selenium.support.events.EventFiringWebDriver.findElement(EventFiringWebDriver.java:194)
	at org.openqa.selenium.support.ui.ExpectedConditions$7.apply(ExpectedConditions.java:205)
	at org.openqa.selenium.support.ui.ExpectedConditions$7.apply(ExpectedConditions.java:201)
	at org.openqa.selenium.support.ui.ExpectedConditions$22.apply(ExpectedConditions.java:641)
	at org.openqa.selenium.support.ui.ExpectedConditions$22.apply(ExpectedConditions.java:638)
	at org.openqa.selenium.support.ui.FluentWait.until(FluentWait.java:249)
	at Script1720759663577.run(Script1720759663577.groovy:80)
	... 15 more


16-10-2024T19:21:32 - [MESSAGE][ERROR] - Test Cases/Quản lý tài khoản merchant/Quản lý danh sách tài khoản/Rút tiền/TC_07_Kiểm tra khi rút tiền thành công và duyệt đủ 4 bước FAILED.
Reason:
org.openqa.selenium.TimeoutException: Expected condition failed: waiting for element to be clickable: By.xpath: //button[contains(text(),'VH DUYỆT GD RÚT LẦN 1')] (tried for 30 second(s) with 500 milliseconds interval)
	at org.openqa.selenium.support.ui.WebDriverWait.timeoutException(WebDriverWait.java:95)
	at org.openqa.selenium.support.ui.FluentWait.until(FluentWait.java:272)
	at TC_07_Kiểm tra khi rút tiền thành công và duyệt đủ 4 bước.run(TC_07_Kiểm tra khi rút tiền thành công và duyệt đủ 4 bước:80)
	at com.kms.katalon.core.main.ScriptEngine.run(ScriptEngine.java:194)
	at com.kms.katalon.core.main.ScriptEngine.runScriptAsRawText(ScriptEngine.java:119)
	at com.kms.katalon.core.main.TestCaseExecutor.runScript(TestCaseExecutor.java:448)
	at com.kms.katalon.core.main.TestCaseExecutor.doExecute(TestCaseExecutor.java:439)
	at com.kms.katalon.core.main.TestCaseExecutor.processExecutionPhase(TestCaseExecutor.java:418)
	at com.kms.katalon.core.main.TestCaseExecutor.accessMainPhase(TestCaseExecutor.java:410)
	at com.kms.katalon.core.main.TestCaseExecutor.execute(TestCaseExecutor.java:285)
	at com.kms.katalon.core.common.CommonExecutor.accessTestCaseMainPhase(CommonExecutor.java:65)
	at com.kms.katalon.core.main.TestSuiteExecutor.accessTestSuiteMainPhase(TestSuiteExecutor.java:150)
	at com.kms.katalon.core.main.TestSuiteExecutor.execute(TestSuiteExecutor.java:106)
	at com.kms.katalon.core.main.TestCaseMain.startTestSuite(TestCaseMain.java:180)
	at TempTestSuite1729080945785.run(TempTestSuite1729080945785.groovy:35)
	at java.base/jdk.internal.reflect.NativeMethodAccessorImpl.invoke0(Native Method)
	at java.base/jdk.internal.reflect.NativeMethodAccessorImpl.invoke(NativeMethodAccessorImpl.java:77)
	at java.base/jdk.internal.reflect.DelegatingMethodAccessorImpl.invoke(DelegatingMethodAccessorImpl.java:43)
Caused by: org.openqa.selenium.NoSuchElementException: no such element: Unable to locate element: {"method":"xpath","selector":"//button[contains(text(),'VH DUYỆT GD RÚT LẦN 1')]"}
  (Session info: chrome=130.0.6723.59)
For documentation on this error, please visit: https://www.seleniumhq.org/exceptions/no_such_element.html
Build info: version: '3.141.59', revision: 'unknown', time: 'unknown'
System info: host: 'Aidans-Macbook.local', ip: '2405:4803:fd90:9ef0:b0c9:6dde:81ec:56fd%en0', os.name: 'Mac OS X', os.arch: 'aarch64', os.version: '14.5', java.version: '17.0.7'
Driver info: com.kms.katalon.selenium.driver.CChromeDriver
Capabilities {acceptInsecureCerts: false, browserName: chrome, browserVersion: 130.0.6723.59, chrome: {chromedriverVersion: 129.0.6668.100 (cf58cba358d..., userDataDir: /var/folders/w1/k98vh2j97rz...}, fedcm:accounts: true, goog:chromeOptions: {debuggerAddress: localhost:56989}, javascriptEnabled: true, networkConnectionEnabled: false, pageLoadStrategy: normal, platform: MAC, platformName: MAC, proxy: Proxy(), setWindowRect: true, strictFileInteractability: false, timeouts: {implicit: 0, pageLoad: 300000, script: 30000}, unhandledPromptBehavior: dismiss and notify, webauthn:extension:credBlob: true, webauthn:extension:largeBlob: true, webauthn:extension:minPinLength: true, webauthn:extension:prf: true, webauthn:virtualAuthenticators: true}
Session ID: fc7f429d9c68c6265ec948c7f442bc96
*** Element info: {Using=xpath, value=//button[contains(text(),'VH DUYỆT GD RÚT LẦN 1')]}
	at jdk.internal.reflect.GeneratedConstructorAccessor22.newInstance(Unknown Source)
	at java.base/jdk.internal.reflect.DelegatingConstructorAccessorImpl.newInstance(DelegatingConstructorAccessorImpl.java:45)
	at org.openqa.selenium.remote.http.W3CHttpResponseCodec.createException(W3CHttpResponseCodec.java:187)
	at org.openqa.selenium.remote.http.W3CHttpResponseCodec.decode(W3CHttpResponseCodec.java:122)
	at org.openqa.selenium.remote.http.W3CHttpResponseCodec.decode(W3CHttpResponseCodec.java:49)
	at org.openqa.selenium.remote.HttpCommandExecutor.execute(HttpCommandExecutor.java:158)
	at org.openqa.selenium.remote.service.DriverCommandExecutor.execute(DriverCommandExecutor.java:83)
	at org.openqa.selenium.remote.RemoteWebDriver.execute(RemoteWebDriver.java:552)
	at com.kms.katalon.selenium.driver.CChromeDriver.execute(CChromeDriver.java:19)
	at org.openqa.selenium.remote.RemoteWebDriver.findElement(RemoteWebDriver.java:323)
	at org.openqa.selenium.remote.RemoteWebDriver.findElementByXPath(RemoteWebDriver.java:428)
	at org.openqa.selenium.By$ByXPath.findElement(By.java:353)
	at org.openqa.selenium.remote.RemoteWebDriver.findElement(RemoteWebDriver.java:315)
	at jdk.internal.reflect.GeneratedMethodAccessor9.invoke(Unknown Source)
	at java.base/jdk.internal.reflect.DelegatingMethodAccessorImpl.invoke(DelegatingMethodAccessorImpl.java:43)
	at org.openqa.selenium.support.events.EventFiringWebDriver.lambda$new$1(EventFiringWebDriver.java:105)
	at jdk.proxy2/jdk.proxy2.$Proxy22.findElement(Unknown Source)
	at org.openqa.selenium.support.events.EventFiringWebDriver.findElement(EventFiringWebDriver.java:194)
	at org.openqa.selenium.support.ui.ExpectedConditions$7.apply(ExpectedConditions.java:205)
	at org.openqa.selenium.support.ui.ExpectedConditions$7.apply(ExpectedConditions.java:201)
	at org.openqa.selenium.support.ui.ExpectedConditions$22.apply(ExpectedConditions.java:641)
	at org.openqa.selenium.support.ui.ExpectedConditions$22.apply(ExpectedConditions.java:638)
	at org.openqa.selenium.support.ui.FluentWait.until(FluentWait.java:249)
	at Script1720759663577.run(Script1720759663577.groovy:80)
	... 15 more


16-10-2024T19:21:32 - [TEST_STEP][PASSED] - Start listener action : sampleAfterTestCase: null

16-10-2024T19:21:32 - [TEST_STEP][PASSED] - testCaseId = testCaseContext.getTestCaseId(): null

16-10-2024T19:21:32 - [TEST_STEP][PASSED] - if (testCaseId == "Test Cases/Quản lý tài khoản merchant/Quản lý dịch vụ merchant/TC_13_Kiểm tra chức năng xác nhận cấu hình thay đổi VA"): null]]></system-out>
         <system-err><![CDATA[16-10-2024T19:20:08 - [TEST_CASE][ERROR] - Test Cases/Quản lý tài khoản merchant/Quản lý danh sách tài khoản/Rút tiền/TC_07_Kiểm tra khi rút tiền thành công và duyệt đủ 4 bước: Test Cases/Quản lý tài khoản merchant/Quản lý danh sách tài khoản/Rút tiền/TC_07_Kiểm tra khi rút tiền thành công và duyệt đủ 4 bước FAILED.
Reason:
org.openqa.selenium.TimeoutException: Expected condition failed: waiting for element to be clickable: By.xpath: //button[contains(text(),'VH DUYỆT GD RÚT LẦN 1')] (tried for 30 second(s) with 500 milliseconds interval)
	at org.openqa.selenium.support.ui.WebDriverWait.timeoutException(WebDriverWait.java:95)
	at org.openqa.selenium.support.ui.FluentWait.until(FluentWait.java:272)
	at TC_07_Kiểm tra khi rút tiền thành công và duyệt đủ 4 bước.run(TC_07_Kiểm tra khi rút tiền thành công và duyệt đủ 4 bước:80)
	at com.kms.katalon.core.main.ScriptEngine.run(ScriptEngine.java:194)
	at com.kms.katalon.core.main.ScriptEngine.runScriptAsRawText(ScriptEngine.java:119)
	at com.kms.katalon.core.main.TestCaseExecutor.runScript(TestCaseExecutor.java:448)
	at com.kms.katalon.core.main.TestCaseExecutor.doExecute(TestCaseExecutor.java:439)
	at com.kms.katalon.core.main.TestCaseExecutor.processExecutionPhase(TestCaseExecutor.java:418)
	at com.kms.katalon.core.main.TestCaseExecutor.accessMainPhase(TestCaseExecutor.java:410)
	at com.kms.katalon.core.main.TestCaseExecutor.execute(TestCaseExecutor.java:285)
	at com.kms.katalon.core.common.CommonExecutor.accessTestCaseMainPhase(CommonExecutor.java:65)
	at com.kms.katalon.core.main.TestSuiteExecutor.accessTestSuiteMainPhase(TestSuiteExecutor.java:150)
	at com.kms.katalon.core.main.TestSuiteExecutor.execute(TestSuiteExecutor.java:106)
	at com.kms.katalon.core.main.TestCaseMain.startTestSuite(TestCaseMain.java:180)
	at TempTestSuite1729080945785.run(TempTestSuite1729080945785.groovy:35)
	at java.base/jdk.internal.reflect.NativeMethodAccessorImpl.invoke0(Native Method)
	at java.base/jdk.internal.reflect.NativeMethodAccessorImpl.invoke(NativeMethodAccessorImpl.java:77)
	at java.base/jdk.internal.reflect.DelegatingMethodAccessorImpl.invoke(DelegatingMethodAccessorImpl.java:43)
Caused by: org.openqa.selenium.NoSuchElementException: no such element: Unable to locate element: {"method":"xpath","selector":"//button[contains(text(),'VH DUYỆT GD RÚT LẦN 1')]"}
  (Session info: chrome=130.0.6723.59)
For documentation on this error, please visit: https://www.seleniumhq.org/exceptions/no_such_element.html
Build info: version: '3.141.59', revision: 'unknown', time: 'unknown'
System info: host: 'Aidans-Macbook.local', ip: '2405:4803:fd90:9ef0:b0c9:6dde:81ec:56fd%en0', os.name: 'Mac OS X', os.arch: 'aarch64', os.version: '14.5', java.version: '17.0.7'
Driver info: com.kms.katalon.selenium.driver.CChromeDriver
Capabilities {acceptInsecureCerts: false, browserName: chrome, browserVersion: 130.0.6723.59, chrome: {chromedriverVersion: 129.0.6668.100 (cf58cba358d..., userDataDir: /var/folders/w1/k98vh2j97rz...}, fedcm:accounts: true, goog:chromeOptions: {debuggerAddress: localhost:56989}, javascriptEnabled: true, networkConnectionEnabled: false, pageLoadStrategy: normal, platform: MAC, platformName: MAC, proxy: Proxy(), setWindowRect: true, strictFileInteractability: false, timeouts: {implicit: 0, pageLoad: 300000, script: 30000}, unhandledPromptBehavior: dismiss and notify, webauthn:extension:credBlob: true, webauthn:extension:largeBlob: true, webauthn:extension:minPinLength: true, webauthn:extension:prf: true, webauthn:virtualAuthenticators: true}
Session ID: fc7f429d9c68c6265ec948c7f442bc96
*** Element info: {Using=xpath, value=//button[contains(text(),'VH DUYỆT GD RÚT LẦN 1')]}
	at jdk.internal.reflect.GeneratedConstructorAccessor22.newInstance(Unknown Source)
	at java.base/jdk.internal.reflect.DelegatingConstructorAccessorImpl.newInstance(DelegatingConstructorAccessorImpl.java:45)
	at org.openqa.selenium.remote.http.W3CHttpResponseCodec.createException(W3CHttpResponseCodec.java:187)
	at org.openqa.selenium.remote.http.W3CHttpResponseCodec.decode(W3CHttpResponseCodec.java:122)
	at org.openqa.selenium.remote.http.W3CHttpResponseCodec.decode(W3CHttpResponseCodec.java:49)
	at org.openqa.selenium.remote.HttpCommandExecutor.execute(HttpCommandExecutor.java:158)
	at org.openqa.selenium.remote.service.DriverCommandExecutor.execute(DriverCommandExecutor.java:83)
	at org.openqa.selenium.remote.RemoteWebDriver.execute(RemoteWebDriver.java:552)
	at com.kms.katalon.selenium.driver.CChromeDriver.execute(CChromeDriver.java:19)
	at org.openqa.selenium.remote.RemoteWebDriver.findElement(RemoteWebDriver.java:323)
	at org.openqa.selenium.remote.RemoteWebDriver.findElementByXPath(RemoteWebDriver.java:428)
	at org.openqa.selenium.By$ByXPath.findElement(By.java:353)
	at org.openqa.selenium.remote.RemoteWebDriver.findElement(RemoteWebDriver.java:315)
	at jdk.internal.reflect.GeneratedMethodAccessor9.invoke(Unknown Source)
	at java.base/jdk.internal.reflect.DelegatingMethodAccessorImpl.invoke(DelegatingMethodAccessorImpl.java:43)
	at org.openqa.selenium.support.events.EventFiringWebDriver.lambda$new$1(EventFiringWebDriver.java:105)
	at jdk.proxy2/jdk.proxy2.$Proxy22.findElement(Unknown Source)
	at org.openqa.selenium.support.events.EventFiringWebDriver.findElement(EventFiringWebDriver.java:194)
	at org.openqa.selenium.support.ui.ExpectedConditions$7.apply(ExpectedConditions.java:205)
	at org.openqa.selenium.support.ui.ExpectedConditions$7.apply(ExpectedConditions.java:201)
	at org.openqa.selenium.support.ui.ExpectedConditions$22.apply(ExpectedConditions.java:641)
	at org.openqa.selenium.support.ui.ExpectedConditions$22.apply(ExpectedConditions.java:638)
	at org.openqa.selenium.support.ui.FluentWait.until(FluentWait.java:249)
	... 16 more]]></system-err>
      </testcase>
      <testcase name="Test Cases/Quản lý tài khoản merchant/Quản lý danh sách tài khoản/Rút tiền/TC_08_Kiểm tra user chưa đăng ký dịch vụ và chọn kì đối soát chưa tồn tại" time="54.773" classname="Test Cases/Quản lý tài khoản merchant/Quản lý danh sách tài khoản/Rút tiền/TC_08_Kiểm tra user chưa đăng ký dịch vụ và chọn kì đối soát chưa tồn tại" status="PASSED">
         <system-out><![CDATA[16-10-2024T19:21:32 - [TEST_CASE][PASSED] - Test Cases/Quản lý tài khoản merchant/Quản lý danh sách tài khoản/Rút tiền/TC_08_Kiểm tra user chưa đăng ký dịch vụ và chọn kì đối soát chưa tồn tại: Test Cases/Quản lý tài khoản merchant/Quản lý danh sách tài khoản/Rút tiền/TC_08_Kiểm tra user chưa đăng ký dịch vụ và chọn kì đối soát chưa tồn tại

16-10-2024T19:21:32 - [TEST_STEP][PASSED] - Start listener action : sampleBeforeTestCase: Navigate to 'https://stg-cms-console.9pay.mobi/login' successfully

16-10-2024T19:21:32 - [TEST_STEP][PASSED] - testCaseId = testCaseContext.getTestCaseId(): null

16-10-2024T19:21:32 - [TEST_STEP][PASSED] - url = <not implemented yet for class: org.codehaus.groovy.ast.expr.EmptyExpression>: null

16-10-2024T19:21:32 - [TEST_STEP][PASSED] - if (testCaseId == "Test Cases/Quản lý tài khoản merchant/Quản lý dịch vụ merchant/TC_14_Kiểm tra thay đổi sau khi cấu hình VA trên MCV"): null

16-10-2024T19:21:32 - [TEST_STEP][PASSED] - else: null

16-10-2024T19:21:32 - [TEST_STEP][PASSED] - url = "https://stg-cms-console.9pay.mobi/login": null

16-10-2024T19:21:32 - [TEST_STEP][PASSED] - openBrowser(""): Browser is opened with url: ''

16-10-2024T19:21:32 - [MESSAGE][WARNING] - A browser is already opened. Closing browser and opening a new one

16-10-2024T19:21:32 - [MESSAGE][INFO] - Starting 'Chrome' driver

16-10-2024T19:21:32 - [MESSAGE][INFO] - Action delay is set to 0 milliseconds

16-10-2024T19:21:33 - [MESSAGE][PASSED] - Browser is opened with url: ''

16-10-2024T19:21:33 - [TEST_STEP][PASSED] - maximizeWindow(): Current window maximized

16-10-2024T19:21:33 - [MESSAGE][PASSED] - Current window maximized

16-10-2024T19:21:33 - [TEST_STEP][PASSED] - navigateToUrl(url): Navigate to 'https://stg-cms-console.9pay.mobi/login' successfully

16-10-2024T19:21:35 - [MESSAGE][PASSED] - Navigate to 'https://stg-cms-console.9pay.mobi/login' successfully

16-10-2024T19:21:35 - [TEST_STEP][PASSED] - driver = getWebDriver(): null

16-10-2024T19:21:35 - [TEST_STEP][PASSED] - callTestCase(findTestCase("Test Cases/Login/LoginCommon"), [:], STOP_ON_FAILURE): Call Test Case 'Test Cases/Login/LoginCommon' successfully

16-10-2024T19:21:35 - [TEST_CASE][PASSED] - Test Cases/Login/LoginCommon: Test Cases/Login/LoginCommon

16-10-2024T19:21:35 - [TEST_STEP][PASSED] - driver = getWebDriver(): null

16-10-2024T19:21:35 - [TEST_STEP][PASSED] - sendKeys(findTestObject("Quản lý tài khoản merchant/Quản lý dịch vụ merchant/userNameTextbox"), userAccount): Keys 'dannt@9pay.vn' sent to object: 'Object Repository/Quản lý tài khoản merchant/Quản lý dịch vụ merchant/userNameTextbox'

16-10-2024T19:21:36 - [MESSAGE][PASSED] - Keys 'dannt@9pay.vn' sent to object: 'Object Repository/Quản lý tài khoản merchant/Quản lý dịch vụ merchant/userNameTextbox'

16-10-2024T19:21:36 - [TEST_STEP][PASSED] - sendKeys(findTestObject("Quản lý tài khoản merchant/Quản lý dịch vụ merchant/passwordTextbox"), password): Keys 'dannt@9pay.vn' sent to object: 'Object Repository/Quản lý tài khoản merchant/Quản lý dịch vụ merchant/passwordTextbox'

16-10-2024T19:21:36 - [MESSAGE][PASSED] - Keys 'dannt@9pay.vn' sent to object: 'Object Repository/Quản lý tài khoản merchant/Quản lý dịch vụ merchant/passwordTextbox'

16-10-2024T19:21:36 - [TEST_STEP][PASSED] - click(findTestObject("Quản lý tài khoản merchant/Quản lý dịch vụ merchant/loginButton")): Object: 'Object Repository/Quản lý tài khoản merchant/Quản lý dịch vụ merchant/loginButton' is clicked on

16-10-2024T19:21:36 - [MESSAGE][PASSED] - Object: 'Object Repository/Quản lý tài khoản merchant/Quản lý dịch vụ merchant/loginButton' is clicked on

16-10-2024T19:21:36 - [MESSAGE][PASSED] - Call Test Case 'Test Cases/Login/LoginCommon' successfully

16-10-2024T19:21:36 - [TEST_STEP][PASSED] - waitForElementVisible(findTestObject("Trang chủ/userName"), 30, STOP_ON_FAILURE): Object 'Object Repository/Trang chủ/userName' is visible

16-10-2024T19:21:38 - [MESSAGE][PASSED] - Object 'Object Repository/Trang chủ/userName' is visible

16-10-2024T19:21:38 - [TEST_STEP][PASSED] - click(findTestObject("Quản lý tài khoản merchant/menuManagerMerchantAccount")): Object: 'Object Repository/Quản lý tài khoản merchant/menuManagerMerchantAccount' is clicked on

16-10-2024T19:21:40 - [MESSAGE][PASSED] - Object: 'Object Repository/Quản lý tài khoản merchant/menuManagerMerchantAccount' is clicked on

16-10-2024T19:21:40 - [TEST_STEP][PASSED] - waitForElementVisible(findTestObject("Quản lý tài khoản merchant/Quản lý dịch vụ merchant/menuManagerMerchantService"), 30, STOP_ON_FAILURE): Object 'Object Repository/Quản lý tài khoản merchant/Quản lý dịch vụ merchant/menuManagerMerchantService' is visible

16-10-2024T19:21:40 - [MESSAGE][PASSED] - Object 'Object Repository/Quản lý tài khoản merchant/Quản lý dịch vụ merchant/menuManagerMerchantService' is visible

16-10-2024T19:21:40 - [TEST_STEP][PASSED] - wait = new org.openqa.selenium.support.ui.WebDriverWait(com.kms.katalon.core.webui.driver.DriverFactory.getWebDriver(), 30): null

16-10-2024T19:21:40 - [TEST_STEP][PASSED] - menuManagerUserAccount = wait.until(ExpectedConditions.elementToBeClickable(By.xpath(xpathManagerListAccount))): null

16-10-2024T19:21:40 - [TEST_STEP][PASSED] - menuManagerUserAccount.click(): null

16-10-2024T19:21:40 - [TEST_STEP][PASSED] - userCode = wait.until(ExpectedConditions.visibilityOfElementLocated(By.xpath(xpathUserCode))): null

16-10-2024T19:21:43 - [TEST_STEP][PASSED] - println(userCode.getText()): null

16-10-2024T19:21:43 - [TEST_STEP][PASSED] - accountBtn = wait.until(ExpectedConditions.elementToBeClickable(By.xpath(xpathBtnAccount))): null

16-10-2024T19:21:43 - [TEST_STEP][PASSED] - accountBtn.click(): null

16-10-2024T19:21:43 - [TEST_STEP][PASSED] - searchTextbox = wait.until(ExpectedConditions.elementToBeClickable(By.xpath(xpathSearchTextbox))): null

16-10-2024T19:21:44 - [TEST_STEP][PASSED] - searchTextbox.sendKeys(username): null

16-10-2024T19:21:44 - [TEST_STEP][PASSED] - xpath(xpathOption)).click(): null

16-10-2024T19:21:44 - [TEST_STEP][PASSED] - xpath(xpathBtnSearch)).click(): null

16-10-2024T19:21:45 - [TEST_STEP][PASSED] - Assert.assertEquals(xpath(xpathAccountName)).getText(), username): null

16-10-2024T19:21:45 - [TEST_STEP][PASSED] - xpath(xpathBtnRutTien)).click(): null

16-10-2024T19:21:46 - [TEST_STEP][PASSED] - wait.until(ExpectedConditions.visibilityOfElementLocated(By.xpath(xpathUser))): null

16-10-2024T19:21:49 - [TEST_STEP][PASSED] - xpath(xpathUser)).click(): null

16-10-2024T19:21:49 - [TEST_STEP][PASSED] - xpath(xpathUser2)).sendKeys("dannt21"): null

16-10-2024T19:21:49 - [TEST_STEP][PASSED] - xpath(xpathUserClicked)).click(): null

16-10-2024T19:21:50 - [TEST_STEP][PASSED] - xpath(xpathViRut)).click(): null

16-10-2024T19:21:52 - [TEST_STEP][PASSED] - sleep(1000): null

16-10-2024T19:21:53 - [TEST_STEP][PASSED] - xpath(xpathOptionThuho)).click(): null

16-10-2024T19:21:53 - [TEST_STEP][PASSED] - xpath(xpathDay)).click(): null

16-10-2024T19:21:53 - [TEST_STEP][PASSED] - xpath(xpathToday)).click(): null

16-10-2024T19:21:54 - [TEST_STEP][PASSED] - xpath(xpathDayClicked)).click(): null

16-10-2024T19:21:54 - [TEST_STEP][PASSED] - try: null

16-10-2024T19:21:54 - [TEST_STEP][PASSED] - popupDS = wait.until(ExpectedConditions.visibilityOfElementLocated(By.xpath(xpathXacNhanKiDS))): null

16-10-2024T19:22:24 - [TEST_STEP][PASSED] - catch (org.openqa.selenium.TimeoutException e): null

16-10-2024T19:22:24 - [TEST_STEP][PASSED] - println("Popup không xuất hiện, tiếp tục thực hiện giao dịch."): null

16-10-2024T19:22:24 - [TEST_STEP][PASSED] - xpath(xpathFieldAmount)).sendKeys(amount): null

16-10-2024T19:22:25 - [TEST_STEP][PASSED] - xpath(xpathConfirm)).click(): null

16-10-2024T19:22:25 - [TEST_STEP][PASSED] - sleep(2000): null

16-10-2024T19:22:27 - [TEST_STEP][PASSED] - Assert.assertEquals(xpath(xpathError1)).getText(), "Tài khoản không đủ tiền để rút"): null

16-10-2024T19:22:27 - [TEST_STEP][PASSED] - Start listener action : sampleAfterTestCase: null

16-10-2024T19:22:27 - [TEST_STEP][PASSED] - testCaseId = testCaseContext.getTestCaseId(): null

16-10-2024T19:22:27 - [TEST_STEP][PASSED] - if (testCaseId == "Test Cases/Quản lý tài khoản merchant/Quản lý dịch vụ merchant/TC_13_Kiểm tra chức năng xác nhận cấu hình thay đổi VA"): null]]></system-out>
         <system-err><![CDATA[]]></system-err>
      </testcase>
      <testcase name="Test Cases/Quản lý tài khoản merchant/Quản lý danh sách tài khoản/Rút tiền/TC_09_Kiểm tra user rút tiền và sử dụng dịch vụ chi hộ" time="87.257" classname="Test Cases/Quản lý tài khoản merchant/Quản lý danh sách tài khoản/Rút tiền/TC_09_Kiểm tra user rút tiền và sử dụng dịch vụ chi hộ" status="ERROR">
         <error type="ERROR" message="Test Cases/Quản lý tài khoản merchant/Quản lý danh sách tài khoản/Rút tiền/TC_09_Kiểm tra user rút tiền và sử dụng dịch vụ chi hộ FAILED.&#xa;Reason:&#xa;org.openqa.selenium.TimeoutException: Expected condition failed: waiting for visibility of element located by By.xpath: //td[contains(text(),'Sử dụng chi hộ')] (tried for 30 second(s) with 500 milliseconds interval)&#xa;	at org.openqa.selenium.support.ui.WebDriverWait.timeoutException(WebDriverWait.java:95)&#xa;	at org.openqa.selenium.support.ui.FluentWait.until(FluentWait.java:272)&#xa;	at TC_09_Kiểm tra user rút tiền và sử dụng dịch vụ chi hộ.run(TC_09_Kiểm tra user rút tiền và sử dụng dịch vụ chi hộ:69)&#xa;	at com.kms.katalon.core.main.ScriptEngine.run(ScriptEngine.java:194)&#xa;	at com.kms.katalon.core.main.ScriptEngine.runScriptAsRawText(ScriptEngine.java:119)&#xa;	at com.kms.katalon.core.main.TestCaseExecutor.runScript(TestCaseExecutor.java:448)&#xa;	at com.kms.katalon.core.main.TestCaseExecutor.doExecute(TestCaseExecutor.java:439)&#xa;	at com.kms.katalon.core.main.TestCaseExecutor.processExecutionPhase(TestCaseExecutor.java:418)&#xa;	at com.kms.katalon.core.main.TestCaseExecutor.accessMainPhase(TestCaseExecutor.java:410)&#xa;	at com.kms.katalon.core.main.TestCaseExecutor.execute(TestCaseExecutor.java:285)&#xa;	at com.kms.katalon.core.common.CommonExecutor.accessTestCaseMainPhase(CommonExecutor.java:65)&#xa;	at com.kms.katalon.core.main.TestSuiteExecutor.accessTestSuiteMainPhase(TestSuiteExecutor.java:150)&#xa;	at com.kms.katalon.core.main.TestSuiteExecutor.execute(TestSuiteExecutor.java:106)&#xa;	at com.kms.katalon.core.main.TestCaseMain.startTestSuite(TestCaseMain.java:180)&#xa;	at TempTestSuite1729080945785.run(TempTestSuite1729080945785.groovy:35)&#xa;	at java.base/jdk.internal.reflect.NativeMethodAccessorImpl.invoke0(Native Method)&#xa;	at java.base/jdk.internal.reflect.NativeMethodAccessorImpl.invoke(NativeMethodAccessorImpl.java:77)&#xa;	at java.base/jdk.internal.reflect.DelegatingMethodAccessorImpl.invoke(DelegatingMethodAccessorImpl.java:43)&#xa;Caused by: org.openqa.selenium.NoSuchElementException: no such element: Unable to locate element: {&quot;method&quot;:&quot;xpath&quot;,&quot;selector&quot;:&quot;//td[contains(text(),'Sử dụng chi hộ')]&quot;}&#xa;  (Session info: chrome=130.0.6723.59)&#xa;For documentation on this error, please visit: https://www.seleniumhq.org/exceptions/no_such_element.html&#xa;Build info: version: '3.141.59', revision: 'unknown', time: 'unknown'&#xa;System info: host: 'Aidans-Macbook.local', ip: '2405:4803:fd90:9ef0:b0c9:6dde:81ec:56fd%en0', os.name: 'Mac OS X', os.arch: 'aarch64', os.version: '14.5', java.version: '17.0.7'&#xa;Driver info: com.kms.katalon.selenium.driver.CChromeDriver&#xa;Capabilities {acceptInsecureCerts: false, browserName: chrome, browserVersion: 130.0.6723.59, chrome: {chromedriverVersion: 129.0.6668.100 (cf58cba358d..., userDataDir: /var/folders/w1/k98vh2j97rz...}, fedcm:accounts: true, goog:chromeOptions: {debuggerAddress: localhost:57054}, javascriptEnabled: true, networkConnectionEnabled: false, pageLoadStrategy: normal, platform: MAC, platformName: MAC, proxy: Proxy(), setWindowRect: true, strictFileInteractability: false, timeouts: {implicit: 0, pageLoad: 300000, script: 30000}, unhandledPromptBehavior: dismiss and notify, webauthn:extension:credBlob: true, webauthn:extension:largeBlob: true, webauthn:extension:minPinLength: true, webauthn:extension:prf: true, webauthn:virtualAuthenticators: true}&#xa;Session ID: f8fc75226bb4d3ae670163e57785ab3a&#xa;*** Element info: {Using=xpath, value=//td[contains(text(),'Sử dụng chi hộ')]}&#xa;	at jdk.internal.reflect.GeneratedConstructorAccessor22.newInstance(Unknown Source)&#xa;	at java.base/jdk.internal.reflect.DelegatingConstructorAccessorImpl.newInstance(DelegatingConstructorAccessorImpl.java:45)&#xa;	at org.openqa.selenium.remote.http.W3CHttpResponseCodec.createException(W3CHttpResponseCodec.java:187)&#xa;	at org.openqa.selenium.remote.http.W3CHttpResponseCodec.decode(W3CHttpResponseCodec.java:122)&#xa;	at org.openqa.selenium.remote.http.W3CHttpResponseCodec.decode(W3CHttpResponseCodec.java:49)&#xa;	at org.openqa.selenium.remote.HttpCommandExecutor.execute(HttpCommandExecutor.java:158)&#xa;	at org.openqa.selenium.remote.service.DriverCommandExecutor.execute(DriverCommandExecutor.java:83)&#xa;	at org.openqa.selenium.remote.RemoteWebDriver.execute(RemoteWebDriver.java:552)&#xa;	at com.kms.katalon.selenium.driver.CChromeDriver.execute(CChromeDriver.java:19)&#xa;	at org.openqa.selenium.remote.RemoteWebDriver.findElement(RemoteWebDriver.java:323)&#xa;	at org.openqa.selenium.remote.RemoteWebDriver.findElementByXPath(RemoteWebDriver.java:428)&#xa;	at org.openqa.selenium.By$ByXPath.findElement(By.java:353)&#xa;	at org.openqa.selenium.remote.RemoteWebDriver.findElement(RemoteWebDriver.java:315)&#xa;	at jdk.internal.reflect.GeneratedMethodAccessor9.invoke(Unknown Source)&#xa;	at java.base/jdk.internal.reflect.DelegatingMethodAccessorImpl.invoke(DelegatingMethodAccessorImpl.java:43)&#xa;	at org.openqa.selenium.support.events.EventFiringWebDriver.lambda$new$1(EventFiringWebDriver.java:105)&#xa;	at jdk.proxy2/jdk.proxy2.$Proxy22.findElement(Unknown Source)&#xa;	at org.openqa.selenium.support.events.EventFiringWebDriver.findElement(EventFiringWebDriver.java:194)&#xa;	at org.openqa.selenium.support.ui.ExpectedConditions$7.apply(ExpectedConditions.java:205)&#xa;	at org.openqa.selenium.support.ui.ExpectedConditions$7.apply(ExpectedConditions.java:201)&#xa;	at org.openqa.selenium.support.ui.FluentWait.until(FluentWait.java:249)&#xa;	... 16 more&#xa;"/>
         <system-out><![CDATA[16-10-2024T19:22:27 - [TEST_CASE][ERROR] - Test Cases/Quản lý tài khoản merchant/Quản lý danh sách tài khoản/Rút tiền/TC_09_Kiểm tra user rút tiền và sử dụng dịch vụ chi hộ: Test Cases/Quản lý tài khoản merchant/Quản lý danh sách tài khoản/Rút tiền/TC_09_Kiểm tra user rút tiền và sử dụng dịch vụ chi hộ FAILED.
Reason:
org.openqa.selenium.TimeoutException: Expected condition failed: waiting for visibility of element located by By.xpath: //td[contains(text(),'Sử dụng chi hộ')] (tried for 30 second(s) with 500 milliseconds interval)
	at org.openqa.selenium.support.ui.WebDriverWait.timeoutException(WebDriverWait.java:95)
	at org.openqa.selenium.support.ui.FluentWait.until(FluentWait.java:272)
	at TC_09_Kiểm tra user rút tiền và sử dụng dịch vụ chi hộ.run(TC_09_Kiểm tra user rút tiền và sử dụng dịch vụ chi hộ:69)
	at com.kms.katalon.core.main.ScriptEngine.run(ScriptEngine.java:194)
	at com.kms.katalon.core.main.ScriptEngine.runScriptAsRawText(ScriptEngine.java:119)
	at com.kms.katalon.core.main.TestCaseExecutor.runScript(TestCaseExecutor.java:448)
	at com.kms.katalon.core.main.TestCaseExecutor.doExecute(TestCaseExecutor.java:439)
	at com.kms.katalon.core.main.TestCaseExecutor.processExecutionPhase(TestCaseExecutor.java:418)
	at com.kms.katalon.core.main.TestCaseExecutor.accessMainPhase(TestCaseExecutor.java:410)
	at com.kms.katalon.core.main.TestCaseExecutor.execute(TestCaseExecutor.java:285)
	at com.kms.katalon.core.common.CommonExecutor.accessTestCaseMainPhase(CommonExecutor.java:65)
	at com.kms.katalon.core.main.TestSuiteExecutor.accessTestSuiteMainPhase(TestSuiteExecutor.java:150)
	at com.kms.katalon.core.main.TestSuiteExecutor.execute(TestSuiteExecutor.java:106)
	at com.kms.katalon.core.main.TestCaseMain.startTestSuite(TestCaseMain.java:180)
	at TempTestSuite1729080945785.run(TempTestSuite1729080945785.groovy:35)
	at java.base/jdk.internal.reflect.NativeMethodAccessorImpl.invoke0(Native Method)
	at java.base/jdk.internal.reflect.NativeMethodAccessorImpl.invoke(NativeMethodAccessorImpl.java:77)
	at java.base/jdk.internal.reflect.DelegatingMethodAccessorImpl.invoke(DelegatingMethodAccessorImpl.java:43)
Caused by: org.openqa.selenium.NoSuchElementException: no such element: Unable to locate element: {"method":"xpath","selector":"//td[contains(text(),'Sử dụng chi hộ')]"}
  (Session info: chrome=130.0.6723.59)
For documentation on this error, please visit: https://www.seleniumhq.org/exceptions/no_such_element.html
Build info: version: '3.141.59', revision: 'unknown', time: 'unknown'
System info: host: 'Aidans-Macbook.local', ip: '2405:4803:fd90:9ef0:b0c9:6dde:81ec:56fd%en0', os.name: 'Mac OS X', os.arch: 'aarch64', os.version: '14.5', java.version: '17.0.7'
Driver info: com.kms.katalon.selenium.driver.CChromeDriver
Capabilities {acceptInsecureCerts: false, browserName: chrome, browserVersion: 130.0.6723.59, chrome: {chromedriverVersion: 129.0.6668.100 (cf58cba358d..., userDataDir: /var/folders/w1/k98vh2j97rz...}, fedcm:accounts: true, goog:chromeOptions: {debuggerAddress: localhost:57054}, javascriptEnabled: true, networkConnectionEnabled: false, pageLoadStrategy: normal, platform: MAC, platformName: MAC, proxy: Proxy(), setWindowRect: true, strictFileInteractability: false, timeouts: {implicit: 0, pageLoad: 300000, script: 30000}, unhandledPromptBehavior: dismiss and notify, webauthn:extension:credBlob: true, webauthn:extension:largeBlob: true, webauthn:extension:minPinLength: true, webauthn:extension:prf: true, webauthn:virtualAuthenticators: true}
Session ID: f8fc75226bb4d3ae670163e57785ab3a
*** Element info: {Using=xpath, value=//td[contains(text(),'Sử dụng chi hộ')]}
	at jdk.internal.reflect.GeneratedConstructorAccessor22.newInstance(Unknown Source)
	at java.base/jdk.internal.reflect.DelegatingConstructorAccessorImpl.newInstance(DelegatingConstructorAccessorImpl.java:45)
	at org.openqa.selenium.remote.http.W3CHttpResponseCodec.createException(W3CHttpResponseCodec.java:187)
	at org.openqa.selenium.remote.http.W3CHttpResponseCodec.decode(W3CHttpResponseCodec.java:122)
	at org.openqa.selenium.remote.http.W3CHttpResponseCodec.decode(W3CHttpResponseCodec.java:49)
	at org.openqa.selenium.remote.HttpCommandExecutor.execute(HttpCommandExecutor.java:158)
	at org.openqa.selenium.remote.service.DriverCommandExecutor.execute(DriverCommandExecutor.java:83)
	at org.openqa.selenium.remote.RemoteWebDriver.execute(RemoteWebDriver.java:552)
	at com.kms.katalon.selenium.driver.CChromeDriver.execute(CChromeDriver.java:19)
	at org.openqa.selenium.remote.RemoteWebDriver.findElement(RemoteWebDriver.java:323)
	at org.openqa.selenium.remote.RemoteWebDriver.findElementByXPath(RemoteWebDriver.java:428)
	at org.openqa.selenium.By$ByXPath.findElement(By.java:353)
	at org.openqa.selenium.remote.RemoteWebDriver.findElement(RemoteWebDriver.java:315)
	at jdk.internal.reflect.GeneratedMethodAccessor9.invoke(Unknown Source)
	at java.base/jdk.internal.reflect.DelegatingMethodAccessorImpl.invoke(DelegatingMethodAccessorImpl.java:43)
	at org.openqa.selenium.support.events.EventFiringWebDriver.lambda$new$1(EventFiringWebDriver.java:105)
	at jdk.proxy2/jdk.proxy2.$Proxy22.findElement(Unknown Source)
	at org.openqa.selenium.support.events.EventFiringWebDriver.findElement(EventFiringWebDriver.java:194)
	at org.openqa.selenium.support.ui.ExpectedConditions$7.apply(ExpectedConditions.java:205)
	at org.openqa.selenium.support.ui.ExpectedConditions$7.apply(ExpectedConditions.java:201)
	at org.openqa.selenium.support.ui.FluentWait.until(FluentWait.java:249)
	... 16 more


16-10-2024T19:22:27 - [TEST_STEP][PASSED] - Start listener action : sampleBeforeTestCase: Navigate to 'https://stg-cms-console.9pay.mobi/login' successfully

16-10-2024T19:22:27 - [TEST_STEP][PASSED] - testCaseId = testCaseContext.getTestCaseId(): null

16-10-2024T19:22:27 - [TEST_STEP][PASSED] - url = <not implemented yet for class: org.codehaus.groovy.ast.expr.EmptyExpression>: null

16-10-2024T19:22:27 - [TEST_STEP][PASSED] - if (testCaseId == "Test Cases/Quản lý tài khoản merchant/Quản lý dịch vụ merchant/TC_14_Kiểm tra thay đổi sau khi cấu hình VA trên MCV"): null

16-10-2024T19:22:27 - [TEST_STEP][PASSED] - else: null

16-10-2024T19:22:27 - [TEST_STEP][PASSED] - url = "https://stg-cms-console.9pay.mobi/login": null

16-10-2024T19:22:27 - [TEST_STEP][PASSED] - openBrowser(""): Browser is opened with url: ''

16-10-2024T19:22:27 - [MESSAGE][WARNING] - A browser is already opened. Closing browser and opening a new one

16-10-2024T19:22:27 - [MESSAGE][INFO] - Starting 'Chrome' driver

16-10-2024T19:22:27 - [MESSAGE][INFO] - Action delay is set to 0 milliseconds

16-10-2024T19:22:28 - [MESSAGE][PASSED] - Browser is opened with url: ''

16-10-2024T19:22:28 - [TEST_STEP][PASSED] - maximizeWindow(): Current window maximized

16-10-2024T19:22:28 - [MESSAGE][PASSED] - Current window maximized

16-10-2024T19:22:28 - [TEST_STEP][PASSED] - navigateToUrl(url): Navigate to 'https://stg-cms-console.9pay.mobi/login' successfully

16-10-2024T19:22:28 - [MESSAGE][PASSED] - Navigate to 'https://stg-cms-console.9pay.mobi/login' successfully

16-10-2024T19:22:28 - [TEST_STEP][PASSED] - driver = getWebDriver(): null

16-10-2024T19:22:28 - [TEST_STEP][PASSED] - js = driver: null

16-10-2024T19:22:28 - [TEST_STEP][PASSED] - callTestCase(findTestCase("Test Cases/Login/LoginCommon"), [:], STOP_ON_FAILURE): Call Test Case 'Test Cases/Login/LoginCommon' successfully

16-10-2024T19:22:29 - [TEST_CASE][PASSED] - Test Cases/Login/LoginCommon: Test Cases/Login/LoginCommon

16-10-2024T19:22:29 - [TEST_STEP][PASSED] - driver = getWebDriver(): null

16-10-2024T19:22:29 - [TEST_STEP][PASSED] - sendKeys(findTestObject("Quản lý tài khoản merchant/Quản lý dịch vụ merchant/userNameTextbox"), userAccount): Keys 'dannt@9pay.vn' sent to object: 'Object Repository/Quản lý tài khoản merchant/Quản lý dịch vụ merchant/userNameTextbox'

16-10-2024T19:22:31 - [MESSAGE][PASSED] - Keys 'dannt@9pay.vn' sent to object: 'Object Repository/Quản lý tài khoản merchant/Quản lý dịch vụ merchant/userNameTextbox'

16-10-2024T19:22:31 - [TEST_STEP][PASSED] - sendKeys(findTestObject("Quản lý tài khoản merchant/Quản lý dịch vụ merchant/passwordTextbox"), password): Keys 'dannt@9pay.vn' sent to object: 'Object Repository/Quản lý tài khoản merchant/Quản lý dịch vụ merchant/passwordTextbox'

16-10-2024T19:22:31 - [MESSAGE][PASSED] - Keys 'dannt@9pay.vn' sent to object: 'Object Repository/Quản lý tài khoản merchant/Quản lý dịch vụ merchant/passwordTextbox'

16-10-2024T19:22:31 - [TEST_STEP][PASSED] - click(findTestObject("Quản lý tài khoản merchant/Quản lý dịch vụ merchant/loginButton")): Object: 'Object Repository/Quản lý tài khoản merchant/Quản lý dịch vụ merchant/loginButton' is clicked on

16-10-2024T19:22:32 - [MESSAGE][PASSED] - Object: 'Object Repository/Quản lý tài khoản merchant/Quản lý dịch vụ merchant/loginButton' is clicked on

16-10-2024T19:22:32 - [MESSAGE][PASSED] - Call Test Case 'Test Cases/Login/LoginCommon' successfully

16-10-2024T19:22:32 - [TEST_STEP][PASSED] - waitForElementVisible(findTestObject("Trang chủ/userName"), 30, STOP_ON_FAILURE): Object 'Object Repository/Trang chủ/userName' is visible

16-10-2024T19:22:35 - [MESSAGE][PASSED] - Object 'Object Repository/Trang chủ/userName' is visible

16-10-2024T19:22:35 - [TEST_STEP][PASSED] - click(findTestObject("Quản lý tài khoản merchant/menuManagerMerchantAccount")): Object: 'Object Repository/Quản lý tài khoản merchant/menuManagerMerchantAccount' is clicked on

16-10-2024T19:22:35 - [MESSAGE][PASSED] - Object: 'Object Repository/Quản lý tài khoản merchant/menuManagerMerchantAccount' is clicked on

16-10-2024T19:22:35 - [TEST_STEP][PASSED] - waitForElementVisible(findTestObject("Quản lý tài khoản merchant/Quản lý dịch vụ merchant/menuManagerMerchantService"), 30, STOP_ON_FAILURE): Object 'Object Repository/Quản lý tài khoản merchant/Quản lý dịch vụ merchant/menuManagerMerchantService' is visible

16-10-2024T19:22:36 - [MESSAGE][PASSED] - Object 'Object Repository/Quản lý tài khoản merchant/Quản lý dịch vụ merchant/menuManagerMerchantService' is visible

16-10-2024T19:22:36 - [TEST_STEP][PASSED] - wait = new org.openqa.selenium.support.ui.WebDriverWait(com.kms.katalon.core.webui.driver.DriverFactory.getWebDriver(), internal.GlobalVariable.waitSecond): null

16-10-2024T19:22:36 - [TEST_STEP][PASSED] - menuManagerUserAccount = wait.until(ExpectedConditions.elementToBeClickable(By.xpath(xpathManagerListAccount))): null

16-10-2024T19:22:36 - [TEST_STEP][PASSED] - menuManagerUserAccount.click(): null

16-10-2024T19:22:36 - [TEST_STEP][PASSED] - userCode = wait.until(ExpectedConditions.visibilityOfElementLocated(By.xpath(xpathUserCode))): null

16-10-2024T19:22:39 - [TEST_STEP][PASSED] - println(userCode.getText()): null

16-10-2024T19:22:39 - [TEST_STEP][PASSED] - accountBtn = wait.until(ExpectedConditions.elementToBeClickable(By.xpath(xpathBtnAccount))): null

16-10-2024T19:22:39 - [TEST_STEP][PASSED] - accountBtn.click(): null

16-10-2024T19:22:39 - [TEST_STEP][PASSED] - searchTextbox = wait.until(ExpectedConditions.elementToBeClickable(By.xpath(xpathSearchTextbox))): null

16-10-2024T19:22:39 - [TEST_STEP][PASSED] - searchTextbox.sendKeys(username): null

16-10-2024T19:22:40 - [TEST_STEP][PASSED] - xpath(xpathOption)).click(): null

16-10-2024T19:22:40 - [TEST_STEP][PASSED] - xpath(xpathBtnSearch)).click(): null

16-10-2024T19:22:40 - [TEST_STEP][PASSED] - Assert.assertEquals(xpath(xpathAccountName)).getText(), username): null

16-10-2024T19:22:41 - [TEST_STEP][PASSED] - xpath(xpathBtnRutTien)).click(): null

16-10-2024T19:22:41 - [TEST_STEP][PASSED] - wait.until(ExpectedConditions.visibilityOfElementLocated(By.xpath(xpathUser))): null

16-10-2024T19:22:50 - [TEST_STEP][PASSED] - xpath(xpathViRut)).click(): null

16-10-2024T19:22:51 - [TEST_STEP][PASSED] - sleep(1000): null

16-10-2024T19:22:52 - [TEST_STEP][PASSED] - xpath(xpathOptionThuho)).click(): null

16-10-2024T19:22:52 - [TEST_STEP][PASSED] - xpath(xpathDay)).click(): null

16-10-2024T19:22:52 - [TEST_STEP][PASSED] - xpath(xpathToday)).click(): null

16-10-2024T19:22:53 - [TEST_STEP][PASSED] - xpath(xpathDayClicked)).click(): null

16-10-2024T19:22:53 - [TEST_STEP][PASSED] - try: null

16-10-2024T19:22:53 - [TEST_STEP][PASSED] - popupDS = wait.until(ExpectedConditions.visibilityOfElementLocated(By.xpath(xpathXacNhanKiDS))): null

16-10-2024T19:23:23 - [TEST_STEP][PASSED] - catch (org.openqa.selenium.TimeoutException e): null

16-10-2024T19:23:23 - [TEST_STEP][PASSED] - println("Popup không xuất hiện, tiếp tục thực hiện giao dịch."): null

16-10-2024T19:23:23 - [TEST_STEP][PASSED] - soDuVi = driver.findElement(By.xpath("//label[contains(text(),'Số dư Ví')]/following::input[1]")): null

16-10-2024T19:23:24 - [TEST_STEP][PASSED] - inputValue = soDuVi.getAttribute("value"): null

16-10-2024T19:23:24 - [TEST_STEP][PASSED] - numericString = inputValue.replaceAll("[^0-9]", ""): null

16-10-2024T19:23:24 - [TEST_STEP][PASSED] - walletBalance = Integer.parseInt(numericString): null

16-10-2024T19:23:24 - [TEST_STEP][PASSED] - out.println(walletBalance): null

16-10-2024T19:23:24 - [TEST_STEP][PASSED] - xpath(xpathFieldAmount)).sendKeys(amount): null

16-10-2024T19:23:24 - [TEST_STEP][PASSED] - xpath("//label[contains(text(),'Sử dụng dịch vụ chi hộ')]")).click(): null

16-10-2024T19:23:24 - [TEST_STEP][PASSED] - xpath(xpathConfirm)).click(): null

16-10-2024T19:23:24 - [TEST_STEP][ERROR] - testText = wait.until(ExpectedConditions.visibilityOfElementLocated(By.xpath(UserPayIn))): Test Cases/Quản lý tài khoản merchant/Quản lý danh sách tài khoản/Rút tiền/TC_09_Kiểm tra user rút tiền và sử dụng dịch vụ chi hộ FAILED.
Reason:
org.openqa.selenium.TimeoutException: Expected condition failed: waiting for visibility of element located by By.xpath: //td[contains(text(),'Sử dụng chi hộ')] (tried for 30 second(s) with 500 milliseconds interval)
	at org.openqa.selenium.support.ui.WebDriverWait.timeoutException(WebDriverWait.java:95)
	at org.openqa.selenium.support.ui.FluentWait.until(FluentWait.java:272)
	at TC_09_Kiểm tra user rút tiền và sử dụng dịch vụ chi hộ.run(TC_09_Kiểm tra user rút tiền và sử dụng dịch vụ chi hộ:69)
	at com.kms.katalon.core.main.ScriptEngine.run(ScriptEngine.java:194)
	at com.kms.katalon.core.main.ScriptEngine.runScriptAsRawText(ScriptEngine.java:119)
	at com.kms.katalon.core.main.TestCaseExecutor.runScript(TestCaseExecutor.java:448)
	at com.kms.katalon.core.main.TestCaseExecutor.doExecute(TestCaseExecutor.java:439)
	at com.kms.katalon.core.main.TestCaseExecutor.processExecutionPhase(TestCaseExecutor.java:418)
	at com.kms.katalon.core.main.TestCaseExecutor.accessMainPhase(TestCaseExecutor.java:410)
	at com.kms.katalon.core.main.TestCaseExecutor.execute(TestCaseExecutor.java:285)
	at com.kms.katalon.core.common.CommonExecutor.accessTestCaseMainPhase(CommonExecutor.java:65)
	at com.kms.katalon.core.main.TestSuiteExecutor.accessTestSuiteMainPhase(TestSuiteExecutor.java:150)
	at com.kms.katalon.core.main.TestSuiteExecutor.execute(TestSuiteExecutor.java:106)
	at com.kms.katalon.core.main.TestCaseMain.startTestSuite(TestCaseMain.java:180)
	at TempTestSuite1729080945785.run(TempTestSuite1729080945785.groovy:35)
	at java.base/jdk.internal.reflect.NativeMethodAccessorImpl.invoke0(Native Method)
	at java.base/jdk.internal.reflect.NativeMethodAccessorImpl.invoke(NativeMethodAccessorImpl.java:77)
	at java.base/jdk.internal.reflect.DelegatingMethodAccessorImpl.invoke(DelegatingMethodAccessorImpl.java:43)
Caused by: org.openqa.selenium.NoSuchElementException: no such element: Unable to locate element: {"method":"xpath","selector":"//td[contains(text(),'Sử dụng chi hộ')]"}
  (Session info: chrome=130.0.6723.59)
For documentation on this error, please visit: https://www.seleniumhq.org/exceptions/no_such_element.html
Build info: version: '3.141.59', revision: 'unknown', time: 'unknown'
System info: host: 'Aidans-Macbook.local', ip: '2405:4803:fd90:9ef0:b0c9:6dde:81ec:56fd%en0', os.name: 'Mac OS X', os.arch: 'aarch64', os.version: '14.5', java.version: '17.0.7'
Driver info: com.kms.katalon.selenium.driver.CChromeDriver
Capabilities {acceptInsecureCerts: false, browserName: chrome, browserVersion: 130.0.6723.59, chrome: {chromedriverVersion: 129.0.6668.100 (cf58cba358d..., userDataDir: /var/folders/w1/k98vh2j97rz...}, fedcm:accounts: true, goog:chromeOptions: {debuggerAddress: localhost:57054}, javascriptEnabled: true, networkConnectionEnabled: false, pageLoadStrategy: normal, platform: MAC, platformName: MAC, proxy: Proxy(), setWindowRect: true, strictFileInteractability: false, timeouts: {implicit: 0, pageLoad: 300000, script: 30000}, unhandledPromptBehavior: dismiss and notify, webauthn:extension:credBlob: true, webauthn:extension:largeBlob: true, webauthn:extension:minPinLength: true, webauthn:extension:prf: true, webauthn:virtualAuthenticators: true}
Session ID: f8fc75226bb4d3ae670163e57785ab3a
*** Element info: {Using=xpath, value=//td[contains(text(),'Sử dụng chi hộ')]}
	at jdk.internal.reflect.GeneratedConstructorAccessor22.newInstance(Unknown Source)
	at java.base/jdk.internal.reflect.DelegatingConstructorAccessorImpl.newInstance(DelegatingConstructorAccessorImpl.java:45)
	at org.openqa.selenium.remote.http.W3CHttpResponseCodec.createException(W3CHttpResponseCodec.java:187)
	at org.openqa.selenium.remote.http.W3CHttpResponseCodec.decode(W3CHttpResponseCodec.java:122)
	at org.openqa.selenium.remote.http.W3CHttpResponseCodec.decode(W3CHttpResponseCodec.java:49)
	at org.openqa.selenium.remote.HttpCommandExecutor.execute(HttpCommandExecutor.java:158)
	at org.openqa.selenium.remote.service.DriverCommandExecutor.execute(DriverCommandExecutor.java:83)
	at org.openqa.selenium.remote.RemoteWebDriver.execute(RemoteWebDriver.java:552)
	at com.kms.katalon.selenium.driver.CChromeDriver.execute(CChromeDriver.java:19)
	at org.openqa.selenium.remote.RemoteWebDriver.findElement(RemoteWebDriver.java:323)
	at org.openqa.selenium.remote.RemoteWebDriver.findElementByXPath(RemoteWebDriver.java:428)
	at org.openqa.selenium.By$ByXPath.findElement(By.java:353)
	at org.openqa.selenium.remote.RemoteWebDriver.findElement(RemoteWebDriver.java:315)
	at jdk.internal.reflect.GeneratedMethodAccessor9.invoke(Unknown Source)
	at java.base/jdk.internal.reflect.DelegatingMethodAccessorImpl.invoke(DelegatingMethodAccessorImpl.java:43)
	at org.openqa.selenium.support.events.EventFiringWebDriver.lambda$new$1(EventFiringWebDriver.java:105)
	at jdk.proxy2/jdk.proxy2.$Proxy22.findElement(Unknown Source)
	at org.openqa.selenium.support.events.EventFiringWebDriver.findElement(EventFiringWebDriver.java:194)
	at org.openqa.selenium.support.ui.ExpectedConditions$7.apply(ExpectedConditions.java:205)
	at org.openqa.selenium.support.ui.ExpectedConditions$7.apply(ExpectedConditions.java:201)
	at org.openqa.selenium.support.ui.FluentWait.until(FluentWait.java:249)
	at Script1725522125537.run(Script1725522125537.groovy:69)
	... 15 more


16-10-2024T19:23:54 - [MESSAGE][ERROR] - Test Cases/Quản lý tài khoản merchant/Quản lý danh sách tài khoản/Rút tiền/TC_09_Kiểm tra user rút tiền và sử dụng dịch vụ chi hộ FAILED.
Reason:
org.openqa.selenium.TimeoutException: Expected condition failed: waiting for visibility of element located by By.xpath: //td[contains(text(),'Sử dụng chi hộ')] (tried for 30 second(s) with 500 milliseconds interval)
	at org.openqa.selenium.support.ui.WebDriverWait.timeoutException(WebDriverWait.java:95)
	at org.openqa.selenium.support.ui.FluentWait.until(FluentWait.java:272)
	at TC_09_Kiểm tra user rút tiền và sử dụng dịch vụ chi hộ.run(TC_09_Kiểm tra user rút tiền và sử dụng dịch vụ chi hộ:69)
	at com.kms.katalon.core.main.ScriptEngine.run(ScriptEngine.java:194)
	at com.kms.katalon.core.main.ScriptEngine.runScriptAsRawText(ScriptEngine.java:119)
	at com.kms.katalon.core.main.TestCaseExecutor.runScript(TestCaseExecutor.java:448)
	at com.kms.katalon.core.main.TestCaseExecutor.doExecute(TestCaseExecutor.java:439)
	at com.kms.katalon.core.main.TestCaseExecutor.processExecutionPhase(TestCaseExecutor.java:418)
	at com.kms.katalon.core.main.TestCaseExecutor.accessMainPhase(TestCaseExecutor.java:410)
	at com.kms.katalon.core.main.TestCaseExecutor.execute(TestCaseExecutor.java:285)
	at com.kms.katalon.core.common.CommonExecutor.accessTestCaseMainPhase(CommonExecutor.java:65)
	at com.kms.katalon.core.main.TestSuiteExecutor.accessTestSuiteMainPhase(TestSuiteExecutor.java:150)
	at com.kms.katalon.core.main.TestSuiteExecutor.execute(TestSuiteExecutor.java:106)
	at com.kms.katalon.core.main.TestCaseMain.startTestSuite(TestCaseMain.java:180)
	at TempTestSuite1729080945785.run(TempTestSuite1729080945785.groovy:35)
	at java.base/jdk.internal.reflect.NativeMethodAccessorImpl.invoke0(Native Method)
	at java.base/jdk.internal.reflect.NativeMethodAccessorImpl.invoke(NativeMethodAccessorImpl.java:77)
	at java.base/jdk.internal.reflect.DelegatingMethodAccessorImpl.invoke(DelegatingMethodAccessorImpl.java:43)
Caused by: org.openqa.selenium.NoSuchElementException: no such element: Unable to locate element: {"method":"xpath","selector":"//td[contains(text(),'Sử dụng chi hộ')]"}
  (Session info: chrome=130.0.6723.59)
For documentation on this error, please visit: https://www.seleniumhq.org/exceptions/no_such_element.html
Build info: version: '3.141.59', revision: 'unknown', time: 'unknown'
System info: host: 'Aidans-Macbook.local', ip: '2405:4803:fd90:9ef0:b0c9:6dde:81ec:56fd%en0', os.name: 'Mac OS X', os.arch: 'aarch64', os.version: '14.5', java.version: '17.0.7'
Driver info: com.kms.katalon.selenium.driver.CChromeDriver
Capabilities {acceptInsecureCerts: false, browserName: chrome, browserVersion: 130.0.6723.59, chrome: {chromedriverVersion: 129.0.6668.100 (cf58cba358d..., userDataDir: /var/folders/w1/k98vh2j97rz...}, fedcm:accounts: true, goog:chromeOptions: {debuggerAddress: localhost:57054}, javascriptEnabled: true, networkConnectionEnabled: false, pageLoadStrategy: normal, platform: MAC, platformName: MAC, proxy: Proxy(), setWindowRect: true, strictFileInteractability: false, timeouts: {implicit: 0, pageLoad: 300000, script: 30000}, unhandledPromptBehavior: dismiss and notify, webauthn:extension:credBlob: true, webauthn:extension:largeBlob: true, webauthn:extension:minPinLength: true, webauthn:extension:prf: true, webauthn:virtualAuthenticators: true}
Session ID: f8fc75226bb4d3ae670163e57785ab3a
*** Element info: {Using=xpath, value=//td[contains(text(),'Sử dụng chi hộ')]}
	at jdk.internal.reflect.GeneratedConstructorAccessor22.newInstance(Unknown Source)
	at java.base/jdk.internal.reflect.DelegatingConstructorAccessorImpl.newInstance(DelegatingConstructorAccessorImpl.java:45)
	at org.openqa.selenium.remote.http.W3CHttpResponseCodec.createException(W3CHttpResponseCodec.java:187)
	at org.openqa.selenium.remote.http.W3CHttpResponseCodec.decode(W3CHttpResponseCodec.java:122)
	at org.openqa.selenium.remote.http.W3CHttpResponseCodec.decode(W3CHttpResponseCodec.java:49)
	at org.openqa.selenium.remote.HttpCommandExecutor.execute(HttpCommandExecutor.java:158)
	at org.openqa.selenium.remote.service.DriverCommandExecutor.execute(DriverCommandExecutor.java:83)
	at org.openqa.selenium.remote.RemoteWebDriver.execute(RemoteWebDriver.java:552)
	at com.kms.katalon.selenium.driver.CChromeDriver.execute(CChromeDriver.java:19)
	at org.openqa.selenium.remote.RemoteWebDriver.findElement(RemoteWebDriver.java:323)
	at org.openqa.selenium.remote.RemoteWebDriver.findElementByXPath(RemoteWebDriver.java:428)
	at org.openqa.selenium.By$ByXPath.findElement(By.java:353)
	at org.openqa.selenium.remote.RemoteWebDriver.findElement(RemoteWebDriver.java:315)
	at jdk.internal.reflect.GeneratedMethodAccessor9.invoke(Unknown Source)
	at java.base/jdk.internal.reflect.DelegatingMethodAccessorImpl.invoke(DelegatingMethodAccessorImpl.java:43)
	at org.openqa.selenium.support.events.EventFiringWebDriver.lambda$new$1(EventFiringWebDriver.java:105)
	at jdk.proxy2/jdk.proxy2.$Proxy22.findElement(Unknown Source)
	at org.openqa.selenium.support.events.EventFiringWebDriver.findElement(EventFiringWebDriver.java:194)
	at org.openqa.selenium.support.ui.ExpectedConditions$7.apply(ExpectedConditions.java:205)
	at org.openqa.selenium.support.ui.ExpectedConditions$7.apply(ExpectedConditions.java:201)
	at org.openqa.selenium.support.ui.FluentWait.until(FluentWait.java:249)
	at Script1725522125537.run(Script1725522125537.groovy:69)
	... 15 more


16-10-2024T19:23:54 - [TEST_STEP][PASSED] - Start listener action : sampleAfterTestCase: null

16-10-2024T19:23:54 - [TEST_STEP][PASSED] - testCaseId = testCaseContext.getTestCaseId(): null

16-10-2024T19:23:54 - [TEST_STEP][PASSED] - if (testCaseId == "Test Cases/Quản lý tài khoản merchant/Quản lý dịch vụ merchant/TC_13_Kiểm tra chức năng xác nhận cấu hình thay đổi VA"): null]]></system-out>
         <system-err><![CDATA[16-10-2024T19:22:27 - [TEST_CASE][ERROR] - Test Cases/Quản lý tài khoản merchant/Quản lý danh sách tài khoản/Rút tiền/TC_09_Kiểm tra user rút tiền và sử dụng dịch vụ chi hộ: Test Cases/Quản lý tài khoản merchant/Quản lý danh sách tài khoản/Rút tiền/TC_09_Kiểm tra user rút tiền và sử dụng dịch vụ chi hộ FAILED.
Reason:
org.openqa.selenium.TimeoutException: Expected condition failed: waiting for visibility of element located by By.xpath: //td[contains(text(),'Sử dụng chi hộ')] (tried for 30 second(s) with 500 milliseconds interval)
	at org.openqa.selenium.support.ui.WebDriverWait.timeoutException(WebDriverWait.java:95)
	at org.openqa.selenium.support.ui.FluentWait.until(FluentWait.java:272)
	at TC_09_Kiểm tra user rút tiền và sử dụng dịch vụ chi hộ.run(TC_09_Kiểm tra user rút tiền và sử dụng dịch vụ chi hộ:69)
	at com.kms.katalon.core.main.ScriptEngine.run(ScriptEngine.java:194)
	at com.kms.katalon.core.main.ScriptEngine.runScriptAsRawText(ScriptEngine.java:119)
	at com.kms.katalon.core.main.TestCaseExecutor.runScript(TestCaseExecutor.java:448)
	at com.kms.katalon.core.main.TestCaseExecutor.doExecute(TestCaseExecutor.java:439)
	at com.kms.katalon.core.main.TestCaseExecutor.processExecutionPhase(TestCaseExecutor.java:418)
	at com.kms.katalon.core.main.TestCaseExecutor.accessMainPhase(TestCaseExecutor.java:410)
	at com.kms.katalon.core.main.TestCaseExecutor.execute(TestCaseExecutor.java:285)
	at com.kms.katalon.core.common.CommonExecutor.accessTestCaseMainPhase(CommonExecutor.java:65)
	at com.kms.katalon.core.main.TestSuiteExecutor.accessTestSuiteMainPhase(TestSuiteExecutor.java:150)
	at com.kms.katalon.core.main.TestSuiteExecutor.execute(TestSuiteExecutor.java:106)
	at com.kms.katalon.core.main.TestCaseMain.startTestSuite(TestCaseMain.java:180)
	at TempTestSuite1729080945785.run(TempTestSuite1729080945785.groovy:35)
	at java.base/jdk.internal.reflect.NativeMethodAccessorImpl.invoke0(Native Method)
	at java.base/jdk.internal.reflect.NativeMethodAccessorImpl.invoke(NativeMethodAccessorImpl.java:77)
	at java.base/jdk.internal.reflect.DelegatingMethodAccessorImpl.invoke(DelegatingMethodAccessorImpl.java:43)
Caused by: org.openqa.selenium.NoSuchElementException: no such element: Unable to locate element: {"method":"xpath","selector":"//td[contains(text(),'Sử dụng chi hộ')]"}
  (Session info: chrome=130.0.6723.59)
For documentation on this error, please visit: https://www.seleniumhq.org/exceptions/no_such_element.html
Build info: version: '3.141.59', revision: 'unknown', time: 'unknown'
System info: host: 'Aidans-Macbook.local', ip: '2405:4803:fd90:9ef0:b0c9:6dde:81ec:56fd%en0', os.name: 'Mac OS X', os.arch: 'aarch64', os.version: '14.5', java.version: '17.0.7'
Driver info: com.kms.katalon.selenium.driver.CChromeDriver
Capabilities {acceptInsecureCerts: false, browserName: chrome, browserVersion: 130.0.6723.59, chrome: {chromedriverVersion: 129.0.6668.100 (cf58cba358d..., userDataDir: /var/folders/w1/k98vh2j97rz...}, fedcm:accounts: true, goog:chromeOptions: {debuggerAddress: localhost:57054}, javascriptEnabled: true, networkConnectionEnabled: false, pageLoadStrategy: normal, platform: MAC, platformName: MAC, proxy: Proxy(), setWindowRect: true, strictFileInteractability: false, timeouts: {implicit: 0, pageLoad: 300000, script: 30000}, unhandledPromptBehavior: dismiss and notify, webauthn:extension:credBlob: true, webauthn:extension:largeBlob: true, webauthn:extension:minPinLength: true, webauthn:extension:prf: true, webauthn:virtualAuthenticators: true}
Session ID: f8fc75226bb4d3ae670163e57785ab3a
*** Element info: {Using=xpath, value=//td[contains(text(),'Sử dụng chi hộ')]}
	at jdk.internal.reflect.GeneratedConstructorAccessor22.newInstance(Unknown Source)
	at java.base/jdk.internal.reflect.DelegatingConstructorAccessorImpl.newInstance(DelegatingConstructorAccessorImpl.java:45)
	at org.openqa.selenium.remote.http.W3CHttpResponseCodec.createException(W3CHttpResponseCodec.java:187)
	at org.openqa.selenium.remote.http.W3CHttpResponseCodec.decode(W3CHttpResponseCodec.java:122)
	at org.openqa.selenium.remote.http.W3CHttpResponseCodec.decode(W3CHttpResponseCodec.java:49)
	at org.openqa.selenium.remote.HttpCommandExecutor.execute(HttpCommandExecutor.java:158)
	at org.openqa.selenium.remote.service.DriverCommandExecutor.execute(DriverCommandExecutor.java:83)
	at org.openqa.selenium.remote.RemoteWebDriver.execute(RemoteWebDriver.java:552)
	at com.kms.katalon.selenium.driver.CChromeDriver.execute(CChromeDriver.java:19)
	at org.openqa.selenium.remote.RemoteWebDriver.findElement(RemoteWebDriver.java:323)
	at org.openqa.selenium.remote.RemoteWebDriver.findElementByXPath(RemoteWebDriver.java:428)
	at org.openqa.selenium.By$ByXPath.findElement(By.java:353)
	at org.openqa.selenium.remote.RemoteWebDriver.findElement(RemoteWebDriver.java:315)
	at jdk.internal.reflect.GeneratedMethodAccessor9.invoke(Unknown Source)
	at java.base/jdk.internal.reflect.DelegatingMethodAccessorImpl.invoke(DelegatingMethodAccessorImpl.java:43)
	at org.openqa.selenium.support.events.EventFiringWebDriver.lambda$new$1(EventFiringWebDriver.java:105)
	at jdk.proxy2/jdk.proxy2.$Proxy22.findElement(Unknown Source)
	at org.openqa.selenium.support.events.EventFiringWebDriver.findElement(EventFiringWebDriver.java:194)
	at org.openqa.selenium.support.ui.ExpectedConditions$7.apply(ExpectedConditions.java:205)
	at org.openqa.selenium.support.ui.ExpectedConditions$7.apply(ExpectedConditions.java:201)
	at org.openqa.selenium.support.ui.FluentWait.until(FluentWait.java:249)
	... 16 more]]></system-err>
      </testcase>
      <testcase name="Test Cases/Quản lý tài khoản merchant/Quản lý danh sách tài khoản/Rút tiền/TC_10_Kiểm tra khi rút tiền số tiền lớn hơn số tiền có thể rút do tạm giữ" time="73.344" classname="Test Cases/Quản lý tài khoản merchant/Quản lý danh sách tài khoản/Rút tiền/TC_10_Kiểm tra khi rút tiền số tiền lớn hơn số tiền có thể rút do tạm giữ" status="PASSED">
         <system-out><![CDATA[16-10-2024T19:23:54 - [TEST_CASE][PASSED] - Test Cases/Quản lý tài khoản merchant/Quản lý danh sách tài khoản/Rút tiền/TC_10_Kiểm tra khi rút tiền số tiền lớn hơn số tiền có thể rút do tạm giữ: Test Cases/Quản lý tài khoản merchant/Quản lý danh sách tài khoản/Rút tiền/TC_10_Kiểm tra khi rút tiền số tiền lớn hơn số tiền có thể rút do tạm giữ

16-10-2024T19:23:54 - [TEST_STEP][PASSED] - Start listener action : sampleBeforeTestCase: Navigate to 'https://stg-cms-console.9pay.mobi/login' successfully

16-10-2024T19:23:54 - [TEST_STEP][PASSED] - testCaseId = testCaseContext.getTestCaseId(): null

16-10-2024T19:23:54 - [TEST_STEP][PASSED] - url = <not implemented yet for class: org.codehaus.groovy.ast.expr.EmptyExpression>: null

16-10-2024T19:23:54 - [TEST_STEP][PASSED] - if (testCaseId == "Test Cases/Quản lý tài khoản merchant/Quản lý dịch vụ merchant/TC_14_Kiểm tra thay đổi sau khi cấu hình VA trên MCV"): null

16-10-2024T19:23:54 - [TEST_STEP][PASSED] - else: null

16-10-2024T19:23:54 - [TEST_STEP][PASSED] - url = "https://stg-cms-console.9pay.mobi/login": null

16-10-2024T19:23:54 - [TEST_STEP][PASSED] - openBrowser(""): Browser is opened with url: ''

16-10-2024T19:23:54 - [MESSAGE][WARNING] - A browser is already opened. Closing browser and opening a new one

16-10-2024T19:23:55 - [MESSAGE][INFO] - Starting 'Chrome' driver

16-10-2024T19:23:55 - [MESSAGE][INFO] - Action delay is set to 0 milliseconds

16-10-2024T19:23:55 - [MESSAGE][PASSED] - Browser is opened with url: ''

16-10-2024T19:23:55 - [TEST_STEP][PASSED] - maximizeWindow(): Current window maximized

16-10-2024T19:23:55 - [MESSAGE][PASSED] - Current window maximized

16-10-2024T19:23:55 - [TEST_STEP][PASSED] - navigateToUrl(url): Navigate to 'https://stg-cms-console.9pay.mobi/login' successfully

16-10-2024T19:23:57 - [MESSAGE][PASSED] - Navigate to 'https://stg-cms-console.9pay.mobi/login' successfully

16-10-2024T19:23:57 - [TEST_STEP][PASSED] - driver = getWebDriver(): null

16-10-2024T19:23:57 - [TEST_STEP][PASSED] - js = driver: null

16-10-2024T19:23:57 - [TEST_STEP][PASSED] - callTestCase(findTestCase("Test Cases/Login/LoginCommon"), [:], STOP_ON_FAILURE): Call Test Case 'Test Cases/Login/LoginCommon' successfully

16-10-2024T19:23:57 - [TEST_CASE][PASSED] - Test Cases/Login/LoginCommon: Test Cases/Login/LoginCommon

16-10-2024T19:23:57 - [TEST_STEP][PASSED] - driver = getWebDriver(): null

16-10-2024T19:23:57 - [TEST_STEP][PASSED] - sendKeys(findTestObject("Quản lý tài khoản merchant/Quản lý dịch vụ merchant/userNameTextbox"), userAccount): Keys 'dannt@9pay.vn' sent to object: 'Object Repository/Quản lý tài khoản merchant/Quản lý dịch vụ merchant/userNameTextbox'

16-10-2024T19:24:00 - [MESSAGE][PASSED] - Keys 'dannt@9pay.vn' sent to object: 'Object Repository/Quản lý tài khoản merchant/Quản lý dịch vụ merchant/userNameTextbox'

16-10-2024T19:24:00 - [TEST_STEP][PASSED] - sendKeys(findTestObject("Quản lý tài khoản merchant/Quản lý dịch vụ merchant/passwordTextbox"), password): Keys 'dannt@9pay.vn' sent to object: 'Object Repository/Quản lý tài khoản merchant/Quản lý dịch vụ merchant/passwordTextbox'

16-10-2024T19:24:00 - [MESSAGE][PASSED] - Keys 'dannt@9pay.vn' sent to object: 'Object Repository/Quản lý tài khoản merchant/Quản lý dịch vụ merchant/passwordTextbox'

16-10-2024T19:24:00 - [TEST_STEP][PASSED] - click(findTestObject("Quản lý tài khoản merchant/Quản lý dịch vụ merchant/loginButton")): Object: 'Object Repository/Quản lý tài khoản merchant/Quản lý dịch vụ merchant/loginButton' is clicked on

16-10-2024T19:24:00 - [MESSAGE][PASSED] - Object: 'Object Repository/Quản lý tài khoản merchant/Quản lý dịch vụ merchant/loginButton' is clicked on

16-10-2024T19:24:00 - [MESSAGE][PASSED] - Call Test Case 'Test Cases/Login/LoginCommon' successfully

16-10-2024T19:24:00 - [TEST_STEP][PASSED] - waitForElementVisible(findTestObject("Trang chủ/userName"), 30, STOP_ON_FAILURE): Object 'Object Repository/Trang chủ/userName' is visible

16-10-2024T19:24:12 - [MESSAGE][PASSED] - Object 'Object Repository/Trang chủ/userName' is visible

16-10-2024T19:24:12 - [TEST_STEP][PASSED] - click(findTestObject("Quản lý tài khoản merchant/menuManagerMerchantAccount")): Object: 'Object Repository/Quản lý tài khoản merchant/menuManagerMerchantAccount' is clicked on

16-10-2024T19:24:13 - [MESSAGE][PASSED] - Object: 'Object Repository/Quản lý tài khoản merchant/menuManagerMerchantAccount' is clicked on

16-10-2024T19:24:13 - [TEST_STEP][PASSED] - waitForElementVisible(findTestObject("Quản lý tài khoản merchant/Quản lý dịch vụ merchant/menuManagerMerchantService"), 10, STOP_ON_FAILURE): Object 'Object Repository/Quản lý tài khoản merchant/Quản lý dịch vụ merchant/menuManagerMerchantService' is visible

16-10-2024T19:24:13 - [MESSAGE][PASSED] - Object 'Object Repository/Quản lý tài khoản merchant/Quản lý dịch vụ merchant/menuManagerMerchantService' is visible

16-10-2024T19:24:13 - [TEST_STEP][PASSED] - wait = new org.openqa.selenium.support.ui.WebDriverWait(com.kms.katalon.core.webui.driver.DriverFactory.getWebDriver(), 30): null

16-10-2024T19:24:13 - [TEST_STEP][PASSED] - menuManagerUserAccount = wait.until(ExpectedConditions.elementToBeClickable(By.xpath(xpathManagerListAccount))): null

16-10-2024T19:24:13 - [TEST_STEP][PASSED] - menuManagerUserAccount.click(): null

16-10-2024T19:24:13 - [TEST_STEP][PASSED] - userCode = wait.until(ExpectedConditions.visibilityOfElementLocated(By.xpath(xpathUserCode))): null

16-10-2024T19:24:17 - [TEST_STEP][PASSED] - println(userCode.getText()): null

16-10-2024T19:24:17 - [TEST_STEP][PASSED] - accountBtn = wait.until(ExpectedConditions.elementToBeClickable(By.xpath(xpathBtnAccount))): null

16-10-2024T19:24:17 - [TEST_STEP][PASSED] - accountBtn.click(): null

16-10-2024T19:24:17 - [TEST_STEP][PASSED] - searchTextbox = wait.until(ExpectedConditions.elementToBeClickable(By.xpath(xpathSearchTextbox))): null

16-10-2024T19:24:17 - [TEST_STEP][PASSED] - searchTextbox.sendKeys(username): null

16-10-2024T19:24:17 - [TEST_STEP][PASSED] - sleep(1000): null

16-10-2024T19:24:18 - [TEST_STEP][PASSED] - xpath(xpathOption)).click(): null

16-10-2024T19:24:19 - [TEST_STEP][PASSED] - xpath(xpathBtnSearch)).click(): null

16-10-2024T19:24:19 - [TEST_STEP][PASSED] - currentUrl = driver.getCurrentUrl(): null

16-10-2024T19:24:19 - [TEST_STEP][PASSED] - xpath(xpathEditUser)).click(): null

16-10-2024T19:24:20 - [TEST_STEP][PASSED] - xpath(xpathTTHD)).click(): null

16-10-2024T19:24:24 - [TEST_STEP][PASSED] - xpath(xpathSoTienTamGiu)).sendKeys("2000000"): null

16-10-2024T19:24:24 - [TEST_STEP][PASSED] - xpath(xpathCapNhat)).click(): null

16-10-2024T19:24:25 - [TEST_STEP][PASSED] - xpath(xpathBtnOk)).click(): null

16-10-2024T19:24:26 - [TEST_STEP][PASSED] - driver.get(currentUrl): null

16-10-2024T19:24:26 - [TEST_STEP][PASSED] - lockBalance = wait.until(ExpectedConditions.visibilityOfElementLocated(By.xpath(xpathSoDuKhongRut))): null

16-10-2024T19:24:29 - [TEST_STEP][PASSED] - script = "return arguments[0].nextSibling.textContent;": null

16-10-2024T19:24:29 - [TEST_STEP][PASSED] - lockBalanceAf = js.executeScript(script, lockBalance): null

16-10-2024T19:24:29 - [TEST_STEP][PASSED] - result = replace("VNĐ", "").trim(): null

16-10-2024T19:24:29 - [TEST_STEP][PASSED] - lockBalanceAf1 = lockBalanceAf.replaceAll("[^0-9]", ""): null

16-10-2024T19:24:29 - [TEST_STEP][PASSED] - lockBalanceBf = Integer.parseInt(lockBalanceAf1): null

16-10-2024T19:24:29 - [TEST_STEP][PASSED] - out.println("So du khong duoc rut" + lockBalanceBf): null

16-10-2024T19:24:29 - [TEST_STEP][PASSED] - Assert.assertEquals(xpath(xpathAccountName)).getText(), username): null

16-10-2024T19:24:30 - [TEST_STEP][PASSED] - xpath(xpathBtnRutTien)).click(): null

16-10-2024T19:24:30 - [TEST_STEP][PASSED] - wait.until(ExpectedConditions.visibilityOfElementLocated(By.xpath(xpathUser))): null

16-10-2024T19:24:33 - [TEST_STEP][PASSED] - xpath(xpathViRut)).click(): null

16-10-2024T19:24:34 - [TEST_STEP][PASSED] - sleep(1000): null

16-10-2024T19:24:35 - [TEST_STEP][PASSED] - xpath(xpathOptionThuho)).click(): null

16-10-2024T19:24:35 - [TEST_STEP][PASSED] - xpath(xpathDay)).click(): null

16-10-2024T19:24:35 - [TEST_STEP][PASSED] - xpath(xpathToday)).click(): null

16-10-2024T19:24:36 - [TEST_STEP][PASSED] - xpath(xpathDayClicked)).click(): null

16-10-2024T19:24:36 - [TEST_STEP][PASSED] - try: null

16-10-2024T19:24:36 - [TEST_STEP][PASSED] - popupDS = wait.until(ExpectedConditions.visibilityOfElementLocated(By.xpath("//p[contains(text(),'Đã tồn tại kỳ đối soát trước đó, Bạn có chắc chắn ')]"))): null

16-10-2024T19:25:06 - [TEST_STEP][PASSED] - catch (org.openqa.selenium.TimeoutException e): null

16-10-2024T19:25:06 - [TEST_STEP][PASSED] - println("Popup không xuất hiện, tiếp tục thực hiện giao dịch."): null

16-10-2024T19:25:06 - [TEST_STEP][PASSED] - overbalance = driver.findElement(By.xpath("//label[contains(text(),'Số dư Ví')]/following::input[1]")): null

16-10-2024T19:25:07 - [TEST_STEP][PASSED] - inputValue = overbalance.getAttribute("value"): null

16-10-2024T19:25:07 - [TEST_STEP][PASSED] - numericString = inputValue.replaceAll("[^0-9]", ""): null

16-10-2024T19:25:07 - [TEST_STEP][PASSED] - walletBalance = Integer.parseInt(numericString): null

16-10-2024T19:25:07 - [TEST_STEP][PASSED] - availbeBalance = driver.findElement(By.xpath("//label[contains(text(),'Số tiền GD')]/following::input[1]")): null

16-10-2024T19:25:07 - [TEST_STEP][PASSED] - outputValue = availbeBalance.getAttribute("value"): null

16-10-2024T19:25:07 - [TEST_STEP][PASSED] - outputValueClear = outputValue.replaceAll("[^0-9]", ""): null

16-10-2024T19:25:07 - [TEST_STEP][PASSED] - availbeBalanceInt = Integer.parseInt(outputValueClear): null

16-10-2024T19:25:07 - [TEST_STEP][PASSED] - xpath(xpathFieldAmount)).sendKeys(amountInvalid): null

16-10-2024T19:25:07 - [TEST_STEP][PASSED] - xpath("//label[contains(text(),'Chấp nhận cho rút số tiền tạm giữ')]")).click(): null

16-10-2024T19:25:07 - [TEST_STEP][PASSED] - xpath(xpathConfirm)).click(): null

16-10-2024T19:25:08 - [TEST_STEP][PASSED] - test1 = walletBalance - availbeBalanceInt: null

16-10-2024T19:25:08 - [TEST_STEP][PASSED] - formatter = new java.text.DecimalFormat(#,###): null

16-10-2024T19:25:08 - [TEST_STEP][PASSED] - formattedResult = formatter.format(test1): null

16-10-2024T19:25:08 - [TEST_STEP][PASSED] - out.println("So tien rut khong the hon" + formattedResult): null

16-10-2024T19:25:08 - [TEST_STEP][PASSED] - Start listener action : sampleAfterTestCase: null

16-10-2024T19:25:08 - [TEST_STEP][PASSED] - testCaseId = testCaseContext.getTestCaseId(): null

16-10-2024T19:25:08 - [TEST_STEP][PASSED] - if (testCaseId == "Test Cases/Quản lý tài khoản merchant/Quản lý dịch vụ merchant/TC_13_Kiểm tra chức năng xác nhận cấu hình thay đổi VA"): null]]></system-out>
         <system-err><![CDATA[]]></system-err>
      </testcase>
      <testcase name="Test Cases/Quản lý tài khoản merchant/Quản lý danh sách tài khoản/Rút tiền/TC_11_Kiểm tra khi rút tiền số tiền bé hơn số tiền có thể rút do tạm giữ" time="63.13" classname="Test Cases/Quản lý tài khoản merchant/Quản lý danh sách tài khoản/Rút tiền/TC_11_Kiểm tra khi rút tiền số tiền bé hơn số tiền có thể rút do tạm giữ" status="ERROR">
         <error type="ERROR" message="Test Cases/Quản lý tài khoản merchant/Quản lý danh sách tài khoản/Rút tiền/TC_11_Kiểm tra khi rút tiền số tiền bé hơn số tiền có thể rút do tạm giữ FAILED.&#xa;Reason:&#xa;org.openqa.selenium.TimeoutException: Expected condition failed: waiting for element to be clickable: By.xpath: //button[contains(text(),'Đồng ý')] (tried for 30 second(s) with 500 milliseconds interval)&#xa;	at org.openqa.selenium.support.ui.WebDriverWait.timeoutException(WebDriverWait.java:95)&#xa;	at org.openqa.selenium.support.ui.FluentWait.until(FluentWait.java:272)&#xa;	at TC_11_Kiểm tra khi rút tiền số tiền bé hơn số tiền có thể rút do tạm giữ.run(TC_11_Kiểm tra khi rút tiền số tiền bé hơn số tiền có thể rút do tạm giữ:59)&#xa;	at com.kms.katalon.core.main.ScriptEngine.run(ScriptEngine.java:194)&#xa;	at com.kms.katalon.core.main.ScriptEngine.runScriptAsRawText(ScriptEngine.java:119)&#xa;	at com.kms.katalon.core.main.TestCaseExecutor.runScript(TestCaseExecutor.java:448)&#xa;	at com.kms.katalon.core.main.TestCaseExecutor.doExecute(TestCaseExecutor.java:439)&#xa;	at com.kms.katalon.core.main.TestCaseExecutor.processExecutionPhase(TestCaseExecutor.java:418)&#xa;	at com.kms.katalon.core.main.TestCaseExecutor.accessMainPhase(TestCaseExecutor.java:410)&#xa;	at com.kms.katalon.core.main.TestCaseExecutor.execute(TestCaseExecutor.java:285)&#xa;	at com.kms.katalon.core.common.CommonExecutor.accessTestCaseMainPhase(CommonExecutor.java:65)&#xa;	at com.kms.katalon.core.main.TestSuiteExecutor.accessTestSuiteMainPhase(TestSuiteExecutor.java:150)&#xa;	at com.kms.katalon.core.main.TestSuiteExecutor.execute(TestSuiteExecutor.java:106)&#xa;	at com.kms.katalon.core.main.TestCaseMain.startTestSuite(TestCaseMain.java:180)&#xa;	at TempTestSuite1729080945785.run(TempTestSuite1729080945785.groovy:35)&#xa;	at java.base/jdk.internal.reflect.NativeMethodAccessorImpl.invoke0(Native Method)&#xa;	at java.base/jdk.internal.reflect.NativeMethodAccessorImpl.invoke(NativeMethodAccessorImpl.java:77)&#xa;	at java.base/jdk.internal.reflect.DelegatingMethodAccessorImpl.invoke(DelegatingMethodAccessorImpl.java:43)&#xa;Caused by: org.openqa.selenium.NoSuchElementException: no such element: Unable to locate element: {&quot;method&quot;:&quot;xpath&quot;,&quot;selector&quot;:&quot;//button[contains(text(),'Đồng ý')]&quot;}&#xa;  (Session info: chrome=130.0.6723.59)&#xa;For documentation on this error, please visit: https://www.seleniumhq.org/exceptions/no_such_element.html&#xa;Build info: version: '3.141.59', revision: 'unknown', time: 'unknown'&#xa;System info: host: 'Aidans-Macbook.local', ip: '2405:4803:fd90:9ef0:b0c9:6dde:81ec:56fd%en0', os.name: 'Mac OS X', os.arch: 'aarch64', os.version: '14.5', java.version: '17.0.7'&#xa;Driver info: com.kms.katalon.selenium.driver.CChromeDriver&#xa;Capabilities {acceptInsecureCerts: false, browserName: chrome, browserVersion: 130.0.6723.59, chrome: {chromedriverVersion: 129.0.6668.100 (cf58cba358d..., userDataDir: /var/folders/w1/k98vh2j97rz...}, fedcm:accounts: true, goog:chromeOptions: {debuggerAddress: localhost:57114}, javascriptEnabled: true, networkConnectionEnabled: false, pageLoadStrategy: normal, platform: MAC, platformName: MAC, proxy: Proxy(), setWindowRect: true, strictFileInteractability: false, timeouts: {implicit: 0, pageLoad: 300000, script: 30000}, unhandledPromptBehavior: dismiss and notify, webauthn:extension:credBlob: true, webauthn:extension:largeBlob: true, webauthn:extension:minPinLength: true, webauthn:extension:prf: true, webauthn:virtualAuthenticators: true}&#xa;Session ID: 64130b00f074021e17464ec10138fbd6&#xa;*** Element info: {Using=xpath, value=//button[contains(text(),'Đồng ý')]}&#xa;	at jdk.internal.reflect.GeneratedConstructorAccessor22.newInstance(Unknown Source)&#xa;	at java.base/jdk.internal.reflect.DelegatingConstructorAccessorImpl.newInstance(DelegatingConstructorAccessorImpl.java:45)&#xa;	at org.openqa.selenium.remote.http.W3CHttpResponseCodec.createException(W3CHttpResponseCodec.java:187)&#xa;	at org.openqa.selenium.remote.http.W3CHttpResponseCodec.decode(W3CHttpResponseCodec.java:122)&#xa;	at org.openqa.selenium.remote.http.W3CHttpResponseCodec.decode(W3CHttpResponseCodec.java:49)&#xa;	at org.openqa.selenium.remote.HttpCommandExecutor.execute(HttpCommandExecutor.java:158)&#xa;	at org.openqa.selenium.remote.service.DriverCommandExecutor.execute(DriverCommandExecutor.java:83)&#xa;	at org.openqa.selenium.remote.RemoteWebDriver.execute(RemoteWebDriver.java:552)&#xa;	at com.kms.katalon.selenium.driver.CChromeDriver.execute(CChromeDriver.java:19)&#xa;	at org.openqa.selenium.remote.RemoteWebDriver.findElement(RemoteWebDriver.java:323)&#xa;	at org.openqa.selenium.remote.RemoteWebDriver.findElementByXPath(RemoteWebDriver.java:428)&#xa;	at org.openqa.selenium.By$ByXPath.findElement(By.java:353)&#xa;	at org.openqa.selenium.remote.RemoteWebDriver.findElement(RemoteWebDriver.java:315)&#xa;	at jdk.internal.reflect.GeneratedMethodAccessor9.invoke(Unknown Source)&#xa;	at java.base/jdk.internal.reflect.DelegatingMethodAccessorImpl.invoke(DelegatingMethodAccessorImpl.java:43)&#xa;	at org.openqa.selenium.support.events.EventFiringWebDriver.lambda$new$1(EventFiringWebDriver.java:105)&#xa;	at jdk.proxy2/jdk.proxy2.$Proxy22.findElement(Unknown Source)&#xa;	at org.openqa.selenium.support.events.EventFiringWebDriver.findElement(EventFiringWebDriver.java:194)&#xa;	at org.openqa.selenium.support.ui.ExpectedConditions$7.apply(ExpectedConditions.java:205)&#xa;	at org.openqa.selenium.support.ui.ExpectedConditions$7.apply(ExpectedConditions.java:201)&#xa;	at org.openqa.selenium.support.ui.ExpectedConditions$22.apply(ExpectedConditions.java:641)&#xa;	at org.openqa.selenium.support.ui.ExpectedConditions$22.apply(ExpectedConditions.java:638)&#xa;	at org.openqa.selenium.support.ui.FluentWait.until(FluentWait.java:249)&#xa;	... 16 more&#xa;"/>
         <system-out><![CDATA[16-10-2024T19:25:08 - [TEST_CASE][ERROR] - Test Cases/Quản lý tài khoản merchant/Quản lý danh sách tài khoản/Rút tiền/TC_11_Kiểm tra khi rút tiền số tiền bé hơn số tiền có thể rút do tạm giữ: Test Cases/Quản lý tài khoản merchant/Quản lý danh sách tài khoản/Rút tiền/TC_11_Kiểm tra khi rút tiền số tiền bé hơn số tiền có thể rút do tạm giữ FAILED.
Reason:
org.openqa.selenium.TimeoutException: Expected condition failed: waiting for element to be clickable: By.xpath: //button[contains(text(),'Đồng ý')] (tried for 30 second(s) with 500 milliseconds interval)
	at org.openqa.selenium.support.ui.WebDriverWait.timeoutException(WebDriverWait.java:95)
	at org.openqa.selenium.support.ui.FluentWait.until(FluentWait.java:272)
	at TC_11_Kiểm tra khi rút tiền số tiền bé hơn số tiền có thể rút do tạm giữ.run(TC_11_Kiểm tra khi rút tiền số tiền bé hơn số tiền có thể rút do tạm giữ:59)
	at com.kms.katalon.core.main.ScriptEngine.run(ScriptEngine.java:194)
	at com.kms.katalon.core.main.ScriptEngine.runScriptAsRawText(ScriptEngine.java:119)
	at com.kms.katalon.core.main.TestCaseExecutor.runScript(TestCaseExecutor.java:448)
	at com.kms.katalon.core.main.TestCaseExecutor.doExecute(TestCaseExecutor.java:439)
	at com.kms.katalon.core.main.TestCaseExecutor.processExecutionPhase(TestCaseExecutor.java:418)
	at com.kms.katalon.core.main.TestCaseExecutor.accessMainPhase(TestCaseExecutor.java:410)
	at com.kms.katalon.core.main.TestCaseExecutor.execute(TestCaseExecutor.java:285)
	at com.kms.katalon.core.common.CommonExecutor.accessTestCaseMainPhase(CommonExecutor.java:65)
	at com.kms.katalon.core.main.TestSuiteExecutor.accessTestSuiteMainPhase(TestSuiteExecutor.java:150)
	at com.kms.katalon.core.main.TestSuiteExecutor.execute(TestSuiteExecutor.java:106)
	at com.kms.katalon.core.main.TestCaseMain.startTestSuite(TestCaseMain.java:180)
	at TempTestSuite1729080945785.run(TempTestSuite1729080945785.groovy:35)
	at java.base/jdk.internal.reflect.NativeMethodAccessorImpl.invoke0(Native Method)
	at java.base/jdk.internal.reflect.NativeMethodAccessorImpl.invoke(NativeMethodAccessorImpl.java:77)
	at java.base/jdk.internal.reflect.DelegatingMethodAccessorImpl.invoke(DelegatingMethodAccessorImpl.java:43)
Caused by: org.openqa.selenium.NoSuchElementException: no such element: Unable to locate element: {"method":"xpath","selector":"//button[contains(text(),'Đồng ý')]"}
  (Session info: chrome=130.0.6723.59)
For documentation on this error, please visit: https://www.seleniumhq.org/exceptions/no_such_element.html
Build info: version: '3.141.59', revision: 'unknown', time: 'unknown'
System info: host: 'Aidans-Macbook.local', ip: '2405:4803:fd90:9ef0:b0c9:6dde:81ec:56fd%en0', os.name: 'Mac OS X', os.arch: 'aarch64', os.version: '14.5', java.version: '17.0.7'
Driver info: com.kms.katalon.selenium.driver.CChromeDriver
Capabilities {acceptInsecureCerts: false, browserName: chrome, browserVersion: 130.0.6723.59, chrome: {chromedriverVersion: 129.0.6668.100 (cf58cba358d..., userDataDir: /var/folders/w1/k98vh2j97rz...}, fedcm:accounts: true, goog:chromeOptions: {debuggerAddress: localhost:57114}, javascriptEnabled: true, networkConnectionEnabled: false, pageLoadStrategy: normal, platform: MAC, platformName: MAC, proxy: Proxy(), setWindowRect: true, strictFileInteractability: false, timeouts: {implicit: 0, pageLoad: 300000, script: 30000}, unhandledPromptBehavior: dismiss and notify, webauthn:extension:credBlob: true, webauthn:extension:largeBlob: true, webauthn:extension:minPinLength: true, webauthn:extension:prf: true, webauthn:virtualAuthenticators: true}
Session ID: 64130b00f074021e17464ec10138fbd6
*** Element info: {Using=xpath, value=//button[contains(text(),'Đồng ý')]}
	at jdk.internal.reflect.GeneratedConstructorAccessor22.newInstance(Unknown Source)
	at java.base/jdk.internal.reflect.DelegatingConstructorAccessorImpl.newInstance(DelegatingConstructorAccessorImpl.java:45)
	at org.openqa.selenium.remote.http.W3CHttpResponseCodec.createException(W3CHttpResponseCodec.java:187)
	at org.openqa.selenium.remote.http.W3CHttpResponseCodec.decode(W3CHttpResponseCodec.java:122)
	at org.openqa.selenium.remote.http.W3CHttpResponseCodec.decode(W3CHttpResponseCodec.java:49)
	at org.openqa.selenium.remote.HttpCommandExecutor.execute(HttpCommandExecutor.java:158)
	at org.openqa.selenium.remote.service.DriverCommandExecutor.execute(DriverCommandExecutor.java:83)
	at org.openqa.selenium.remote.RemoteWebDriver.execute(RemoteWebDriver.java:552)
	at com.kms.katalon.selenium.driver.CChromeDriver.execute(CChromeDriver.java:19)
	at org.openqa.selenium.remote.RemoteWebDriver.findElement(RemoteWebDriver.java:323)
	at org.openqa.selenium.remote.RemoteWebDriver.findElementByXPath(RemoteWebDriver.java:428)
	at org.openqa.selenium.By$ByXPath.findElement(By.java:353)
	at org.openqa.selenium.remote.RemoteWebDriver.findElement(RemoteWebDriver.java:315)
	at jdk.internal.reflect.GeneratedMethodAccessor9.invoke(Unknown Source)
	at java.base/jdk.internal.reflect.DelegatingMethodAccessorImpl.invoke(DelegatingMethodAccessorImpl.java:43)
	at org.openqa.selenium.support.events.EventFiringWebDriver.lambda$new$1(EventFiringWebDriver.java:105)
	at jdk.proxy2/jdk.proxy2.$Proxy22.findElement(Unknown Source)
	at org.openqa.selenium.support.events.EventFiringWebDriver.findElement(EventFiringWebDriver.java:194)
	at org.openqa.selenium.support.ui.ExpectedConditions$7.apply(ExpectedConditions.java:205)
	at org.openqa.selenium.support.ui.ExpectedConditions$7.apply(ExpectedConditions.java:201)
	at org.openqa.selenium.support.ui.ExpectedConditions$22.apply(ExpectedConditions.java:641)
	at org.openqa.selenium.support.ui.ExpectedConditions$22.apply(ExpectedConditions.java:638)
	at org.openqa.selenium.support.ui.FluentWait.until(FluentWait.java:249)
	... 16 more


16-10-2024T19:25:08 - [TEST_STEP][PASSED] - Start listener action : sampleBeforeTestCase: Navigate to 'https://stg-cms-console.9pay.mobi/login' successfully

16-10-2024T19:25:08 - [TEST_STEP][PASSED] - testCaseId = testCaseContext.getTestCaseId(): null

16-10-2024T19:25:08 - [TEST_STEP][PASSED] - url = <not implemented yet for class: org.codehaus.groovy.ast.expr.EmptyExpression>: null

16-10-2024T19:25:08 - [TEST_STEP][PASSED] - if (testCaseId == "Test Cases/Quản lý tài khoản merchant/Quản lý dịch vụ merchant/TC_14_Kiểm tra thay đổi sau khi cấu hình VA trên MCV"): null

16-10-2024T19:25:08 - [TEST_STEP][PASSED] - else: null

16-10-2024T19:25:08 - [TEST_STEP][PASSED] - url = "https://stg-cms-console.9pay.mobi/login": null

16-10-2024T19:25:08 - [TEST_STEP][PASSED] - openBrowser(""): Browser is opened with url: ''

16-10-2024T19:25:08 - [MESSAGE][WARNING] - A browser is already opened. Closing browser and opening a new one

16-10-2024T19:25:08 - [MESSAGE][INFO] - Starting 'Chrome' driver

16-10-2024T19:25:08 - [MESSAGE][INFO] - Action delay is set to 0 milliseconds

16-10-2024T19:25:08 - [MESSAGE][PASSED] - Browser is opened with url: ''

16-10-2024T19:25:08 - [TEST_STEP][PASSED] - maximizeWindow(): Current window maximized

16-10-2024T19:25:09 - [MESSAGE][PASSED] - Current window maximized

16-10-2024T19:25:09 - [TEST_STEP][PASSED] - navigateToUrl(url): Navigate to 'https://stg-cms-console.9pay.mobi/login' successfully

16-10-2024T19:25:16 - [MESSAGE][PASSED] - Navigate to 'https://stg-cms-console.9pay.mobi/login' successfully

16-10-2024T19:25:16 - [TEST_STEP][PASSED] - driver = getWebDriver(): null

16-10-2024T19:25:16 - [TEST_STEP][PASSED] - js = driver: null

16-10-2024T19:25:16 - [TEST_STEP][PASSED] - callTestCase(findTestCase("Test Cases/Login/LoginCommon"), [:], STOP_ON_FAILURE): Call Test Case 'Test Cases/Login/LoginCommon' successfully

16-10-2024T19:25:16 - [TEST_CASE][PASSED] - Test Cases/Login/LoginCommon: Test Cases/Login/LoginCommon

16-10-2024T19:25:16 - [TEST_STEP][PASSED] - driver = getWebDriver(): null

16-10-2024T19:25:16 - [TEST_STEP][PASSED] - sendKeys(findTestObject("Quản lý tài khoản merchant/Quản lý dịch vụ merchant/userNameTextbox"), userAccount): Keys 'dannt@9pay.vn' sent to object: 'Object Repository/Quản lý tài khoản merchant/Quản lý dịch vụ merchant/userNameTextbox'

16-10-2024T19:25:16 - [MESSAGE][PASSED] - Keys 'dannt@9pay.vn' sent to object: 'Object Repository/Quản lý tài khoản merchant/Quản lý dịch vụ merchant/userNameTextbox'

16-10-2024T19:25:16 - [TEST_STEP][PASSED] - sendKeys(findTestObject("Quản lý tài khoản merchant/Quản lý dịch vụ merchant/passwordTextbox"), password): Keys 'dannt@9pay.vn' sent to object: 'Object Repository/Quản lý tài khoản merchant/Quản lý dịch vụ merchant/passwordTextbox'

16-10-2024T19:25:16 - [MESSAGE][PASSED] - Keys 'dannt@9pay.vn' sent to object: 'Object Repository/Quản lý tài khoản merchant/Quản lý dịch vụ merchant/passwordTextbox'

16-10-2024T19:25:16 - [TEST_STEP][PASSED] - click(findTestObject("Quản lý tài khoản merchant/Quản lý dịch vụ merchant/loginButton")): Object: 'Object Repository/Quản lý tài khoản merchant/Quản lý dịch vụ merchant/loginButton' is clicked on

16-10-2024T19:25:17 - [MESSAGE][PASSED] - Object: 'Object Repository/Quản lý tài khoản merchant/Quản lý dịch vụ merchant/loginButton' is clicked on

16-10-2024T19:25:17 - [MESSAGE][PASSED] - Call Test Case 'Test Cases/Login/LoginCommon' successfully

16-10-2024T19:25:17 - [TEST_STEP][PASSED] - waitForElementVisible(findTestObject("Trang chủ/userName"), waitSecond, STOP_ON_FAILURE): Object 'Object Repository/Trang chủ/userName' is visible

16-10-2024T19:25:20 - [MESSAGE][PASSED] - Object 'Object Repository/Trang chủ/userName' is visible

16-10-2024T19:25:20 - [TEST_STEP][PASSED] - click(findTestObject("Quản lý tài khoản merchant/menuManagerMerchantAccount")): Object: 'Object Repository/Quản lý tài khoản merchant/menuManagerMerchantAccount' is clicked on

16-10-2024T19:25:20 - [MESSAGE][PASSED] - Object: 'Object Repository/Quản lý tài khoản merchant/menuManagerMerchantAccount' is clicked on

16-10-2024T19:25:20 - [TEST_STEP][PASSED] - waitForElementVisible(findTestObject("Quản lý tài khoản merchant/Quản lý dịch vụ merchant/menuManagerMerchantService"), 30, STOP_ON_FAILURE): Object 'Object Repository/Quản lý tài khoản merchant/Quản lý dịch vụ merchant/menuManagerMerchantService' is visible

16-10-2024T19:25:21 - [MESSAGE][PASSED] - Object 'Object Repository/Quản lý tài khoản merchant/Quản lý dịch vụ merchant/menuManagerMerchantService' is visible

16-10-2024T19:25:21 - [TEST_STEP][PASSED] - wait = new org.openqa.selenium.support.ui.WebDriverWait(com.kms.katalon.core.webui.driver.DriverFactory.getWebDriver(), internal.GlobalVariable.waitSecond): null

16-10-2024T19:25:21 - [TEST_STEP][PASSED] - menuManagerUserAccount = wait.until(ExpectedConditions.elementToBeClickable(By.xpath(xpathManagerListAccount))): null

16-10-2024T19:25:21 - [TEST_STEP][PASSED] - menuManagerUserAccount.click(): null

16-10-2024T19:25:21 - [TEST_STEP][PASSED] - userCode = wait.until(ExpectedConditions.visibilityOfElementLocated(By.xpath(xpathUserCode))): null

16-10-2024T19:25:24 - [TEST_STEP][PASSED] - println(userCode.getText()): null

16-10-2024T19:25:24 - [TEST_STEP][PASSED] - accountBtn = wait.until(ExpectedConditions.elementToBeClickable(By.xpath(xpathBtnAccount))): null

16-10-2024T19:25:24 - [TEST_STEP][PASSED] - accountBtn.click(): null

16-10-2024T19:25:24 - [TEST_STEP][PASSED] - searchTextbox = wait.until(ExpectedConditions.elementToBeClickable(By.xpath(xpathSearchTextbox))): null

16-10-2024T19:25:25 - [TEST_STEP][PASSED] - searchTextbox.sendKeys(username): null

16-10-2024T19:25:25 - [TEST_STEP][PASSED] - sleep(1000): null

16-10-2024T19:25:26 - [TEST_STEP][PASSED] - xpath(xpathOption)).click(): null

16-10-2024T19:25:26 - [TEST_STEP][PASSED] - xpath(xpathBtnSearch)).click(): null

16-10-2024T19:25:26 - [TEST_STEP][PASSED] - lockBalance = driver.findElement(By.xpath("//strong[contains(text(),'Số dư không được rút:')]")): null

16-10-2024T19:25:27 - [TEST_STEP][PASSED] - script = "return arguments[0].nextSibling.textContent;": null

16-10-2024T19:25:27 - [TEST_STEP][PASSED] - lockBalanceAf = js.executeScript(script, lockBalance): null

16-10-2024T19:25:27 - [TEST_STEP][PASSED] - result = replace("VNĐ", "").trim(): null

16-10-2024T19:25:27 - [TEST_STEP][PASSED] - lockBalanceAf1 = lockBalanceAf.replaceAll("[^0-9]", ""): null

16-10-2024T19:25:27 - [TEST_STEP][PASSED] - lockBalanceBf = Integer.parseInt(lockBalanceAf1): null

16-10-2024T19:25:27 - [TEST_STEP][PASSED] - out.println("Thu ho " + lockBalanceBf): null

16-10-2024T19:25:27 - [TEST_STEP][PASSED] - Assert.assertEquals(xpath(xpathAccountName)).getText(), username): null

16-10-2024T19:25:27 - [TEST_STEP][PASSED] - xpath(xpathBtnRutTien)).click(): null

16-10-2024T19:25:28 - [TEST_STEP][PASSED] - wait.until(ExpectedConditions.visibilityOfElementLocated(By.xpath(xpathUser))): null

16-10-2024T19:25:38 - [TEST_STEP][PASSED] - xpath(xpathViRut)).click(): null

16-10-2024T19:25:38 - [TEST_STEP][PASSED] - sleep(1000): null

16-10-2024T19:25:39 - [TEST_STEP][PASSED] - xpath(xpathOptionThuho)).click(): null

16-10-2024T19:25:39 - [TEST_STEP][PASSED] - xpath(xpathDay)).click(): null

16-10-2024T19:25:40 - [TEST_STEP][PASSED] - xpath(xpathToday)).click(): null

16-10-2024T19:25:40 - [TEST_STEP][PASSED] - xpath(xpathDayClicked)).click(): null

16-10-2024T19:25:40 - [TEST_STEP][ERROR] - xpath(BtnOkXpath))).click(): Test Cases/Quản lý tài khoản merchant/Quản lý danh sách tài khoản/Rút tiền/TC_11_Kiểm tra khi rút tiền số tiền bé hơn số tiền có thể rút do tạm giữ FAILED.
Reason:
org.openqa.selenium.TimeoutException: Expected condition failed: waiting for element to be clickable: By.xpath: //button[contains(text(),'Đồng ý')] (tried for 30 second(s) with 500 milliseconds interval)
	at org.openqa.selenium.support.ui.WebDriverWait.timeoutException(WebDriverWait.java:95)
	at org.openqa.selenium.support.ui.FluentWait.until(FluentWait.java:272)
	at TC_11_Kiểm tra khi rút tiền số tiền bé hơn số tiền có thể rút do tạm giữ.run(TC_11_Kiểm tra khi rút tiền số tiền bé hơn số tiền có thể rút do tạm giữ:59)
	at com.kms.katalon.core.main.ScriptEngine.run(ScriptEngine.java:194)
	at com.kms.katalon.core.main.ScriptEngine.runScriptAsRawText(ScriptEngine.java:119)
	at com.kms.katalon.core.main.TestCaseExecutor.runScript(TestCaseExecutor.java:448)
	at com.kms.katalon.core.main.TestCaseExecutor.doExecute(TestCaseExecutor.java:439)
	at com.kms.katalon.core.main.TestCaseExecutor.processExecutionPhase(TestCaseExecutor.java:418)
	at com.kms.katalon.core.main.TestCaseExecutor.accessMainPhase(TestCaseExecutor.java:410)
	at com.kms.katalon.core.main.TestCaseExecutor.execute(TestCaseExecutor.java:285)
	at com.kms.katalon.core.common.CommonExecutor.accessTestCaseMainPhase(CommonExecutor.java:65)
	at com.kms.katalon.core.main.TestSuiteExecutor.accessTestSuiteMainPhase(TestSuiteExecutor.java:150)
	at com.kms.katalon.core.main.TestSuiteExecutor.execute(TestSuiteExecutor.java:106)
	at com.kms.katalon.core.main.TestCaseMain.startTestSuite(TestCaseMain.java:180)
	at TempTestSuite1729080945785.run(TempTestSuite1729080945785.groovy:35)
	at java.base/jdk.internal.reflect.NativeMethodAccessorImpl.invoke0(Native Method)
	at java.base/jdk.internal.reflect.NativeMethodAccessorImpl.invoke(NativeMethodAccessorImpl.java:77)
	at java.base/jdk.internal.reflect.DelegatingMethodAccessorImpl.invoke(DelegatingMethodAccessorImpl.java:43)
Caused by: org.openqa.selenium.NoSuchElementException: no such element: Unable to locate element: {"method":"xpath","selector":"//button[contains(text(),'Đồng ý')]"}
  (Session info: chrome=130.0.6723.59)
For documentation on this error, please visit: https://www.seleniumhq.org/exceptions/no_such_element.html
Build info: version: '3.141.59', revision: 'unknown', time: 'unknown'
System info: host: 'Aidans-Macbook.local', ip: '2405:4803:fd90:9ef0:b0c9:6dde:81ec:56fd%en0', os.name: 'Mac OS X', os.arch: 'aarch64', os.version: '14.5', java.version: '17.0.7'
Driver info: com.kms.katalon.selenium.driver.CChromeDriver
Capabilities {acceptInsecureCerts: false, browserName: chrome, browserVersion: 130.0.6723.59, chrome: {chromedriverVersion: 129.0.6668.100 (cf58cba358d..., userDataDir: /var/folders/w1/k98vh2j97rz...}, fedcm:accounts: true, goog:chromeOptions: {debuggerAddress: localhost:57114}, javascriptEnabled: true, networkConnectionEnabled: false, pageLoadStrategy: normal, platform: MAC, platformName: MAC, proxy: Proxy(), setWindowRect: true, strictFileInteractability: false, timeouts: {implicit: 0, pageLoad: 300000, script: 30000}, unhandledPromptBehavior: dismiss and notify, webauthn:extension:credBlob: true, webauthn:extension:largeBlob: true, webauthn:extension:minPinLength: true, webauthn:extension:prf: true, webauthn:virtualAuthenticators: true}
Session ID: 64130b00f074021e17464ec10138fbd6
*** Element info: {Using=xpath, value=//button[contains(text(),'Đồng ý')]}
	at jdk.internal.reflect.GeneratedConstructorAccessor22.newInstance(Unknown Source)
	at java.base/jdk.internal.reflect.DelegatingConstructorAccessorImpl.newInstance(DelegatingConstructorAccessorImpl.java:45)
	at org.openqa.selenium.remote.http.W3CHttpResponseCodec.createException(W3CHttpResponseCodec.java:187)
	at org.openqa.selenium.remote.http.W3CHttpResponseCodec.decode(W3CHttpResponseCodec.java:122)
	at org.openqa.selenium.remote.http.W3CHttpResponseCodec.decode(W3CHttpResponseCodec.java:49)
	at org.openqa.selenium.remote.HttpCommandExecutor.execute(HttpCommandExecutor.java:158)
	at org.openqa.selenium.remote.service.DriverCommandExecutor.execute(DriverCommandExecutor.java:83)
	at org.openqa.selenium.remote.RemoteWebDriver.execute(RemoteWebDriver.java:552)
	at com.kms.katalon.selenium.driver.CChromeDriver.execute(CChromeDriver.java:19)
	at org.openqa.selenium.remote.RemoteWebDriver.findElement(RemoteWebDriver.java:323)
	at org.openqa.selenium.remote.RemoteWebDriver.findElementByXPath(RemoteWebDriver.java:428)
	at org.openqa.selenium.By$ByXPath.findElement(By.java:353)
	at org.openqa.selenium.remote.RemoteWebDriver.findElement(RemoteWebDriver.java:315)
	at jdk.internal.reflect.GeneratedMethodAccessor9.invoke(Unknown Source)
	at java.base/jdk.internal.reflect.DelegatingMethodAccessorImpl.invoke(DelegatingMethodAccessorImpl.java:43)
	at org.openqa.selenium.support.events.EventFiringWebDriver.lambda$new$1(EventFiringWebDriver.java:105)
	at jdk.proxy2/jdk.proxy2.$Proxy22.findElement(Unknown Source)
	at org.openqa.selenium.support.events.EventFiringWebDriver.findElement(EventFiringWebDriver.java:194)
	at org.openqa.selenium.support.ui.ExpectedConditions$7.apply(ExpectedConditions.java:205)
	at org.openqa.selenium.support.ui.ExpectedConditions$7.apply(ExpectedConditions.java:201)
	at org.openqa.selenium.support.ui.ExpectedConditions$22.apply(ExpectedConditions.java:641)
	at org.openqa.selenium.support.ui.ExpectedConditions$22.apply(ExpectedConditions.java:638)
	at org.openqa.selenium.support.ui.FluentWait.until(FluentWait.java:249)
	at Script1726800616674.run(Script1726800616674.groovy:59)
	... 15 more


16-10-2024T19:26:11 - [MESSAGE][ERROR] - Test Cases/Quản lý tài khoản merchant/Quản lý danh sách tài khoản/Rút tiền/TC_11_Kiểm tra khi rút tiền số tiền bé hơn số tiền có thể rút do tạm giữ FAILED.
Reason:
org.openqa.selenium.TimeoutException: Expected condition failed: waiting for element to be clickable: By.xpath: //button[contains(text(),'Đồng ý')] (tried for 30 second(s) with 500 milliseconds interval)
	at org.openqa.selenium.support.ui.WebDriverWait.timeoutException(WebDriverWait.java:95)
	at org.openqa.selenium.support.ui.FluentWait.until(FluentWait.java:272)
	at TC_11_Kiểm tra khi rút tiền số tiền bé hơn số tiền có thể rút do tạm giữ.run(TC_11_Kiểm tra khi rút tiền số tiền bé hơn số tiền có thể rút do tạm giữ:59)
	at com.kms.katalon.core.main.ScriptEngine.run(ScriptEngine.java:194)
	at com.kms.katalon.core.main.ScriptEngine.runScriptAsRawText(ScriptEngine.java:119)
	at com.kms.katalon.core.main.TestCaseExecutor.runScript(TestCaseExecutor.java:448)
	at com.kms.katalon.core.main.TestCaseExecutor.doExecute(TestCaseExecutor.java:439)
	at com.kms.katalon.core.main.TestCaseExecutor.processExecutionPhase(TestCaseExecutor.java:418)
	at com.kms.katalon.core.main.TestCaseExecutor.accessMainPhase(TestCaseExecutor.java:410)
	at com.kms.katalon.core.main.TestCaseExecutor.execute(TestCaseExecutor.java:285)
	at com.kms.katalon.core.common.CommonExecutor.accessTestCaseMainPhase(CommonExecutor.java:65)
	at com.kms.katalon.core.main.TestSuiteExecutor.accessTestSuiteMainPhase(TestSuiteExecutor.java:150)
	at com.kms.katalon.core.main.TestSuiteExecutor.execute(TestSuiteExecutor.java:106)
	at com.kms.katalon.core.main.TestCaseMain.startTestSuite(TestCaseMain.java:180)
	at TempTestSuite1729080945785.run(TempTestSuite1729080945785.groovy:35)
	at java.base/jdk.internal.reflect.NativeMethodAccessorImpl.invoke0(Native Method)
	at java.base/jdk.internal.reflect.NativeMethodAccessorImpl.invoke(NativeMethodAccessorImpl.java:77)
	at java.base/jdk.internal.reflect.DelegatingMethodAccessorImpl.invoke(DelegatingMethodAccessorImpl.java:43)
Caused by: org.openqa.selenium.NoSuchElementException: no such element: Unable to locate element: {"method":"xpath","selector":"//button[contains(text(),'Đồng ý')]"}
  (Session info: chrome=130.0.6723.59)
For documentation on this error, please visit: https://www.seleniumhq.org/exceptions/no_such_element.html
Build info: version: '3.141.59', revision: 'unknown', time: 'unknown'
System info: host: 'Aidans-Macbook.local', ip: '2405:4803:fd90:9ef0:b0c9:6dde:81ec:56fd%en0', os.name: 'Mac OS X', os.arch: 'aarch64', os.version: '14.5', java.version: '17.0.7'
Driver info: com.kms.katalon.selenium.driver.CChromeDriver
Capabilities {acceptInsecureCerts: false, browserName: chrome, browserVersion: 130.0.6723.59, chrome: {chromedriverVersion: 129.0.6668.100 (cf58cba358d..., userDataDir: /var/folders/w1/k98vh2j97rz...}, fedcm:accounts: true, goog:chromeOptions: {debuggerAddress: localhost:57114}, javascriptEnabled: true, networkConnectionEnabled: false, pageLoadStrategy: normal, platform: MAC, platformName: MAC, proxy: Proxy(), setWindowRect: true, strictFileInteractability: false, timeouts: {implicit: 0, pageLoad: 300000, script: 30000}, unhandledPromptBehavior: dismiss and notify, webauthn:extension:credBlob: true, webauthn:extension:largeBlob: true, webauthn:extension:minPinLength: true, webauthn:extension:prf: true, webauthn:virtualAuthenticators: true}
Session ID: 64130b00f074021e17464ec10138fbd6
*** Element info: {Using=xpath, value=//button[contains(text(),'Đồng ý')]}
	at jdk.internal.reflect.GeneratedConstructorAccessor22.newInstance(Unknown Source)
	at java.base/jdk.internal.reflect.DelegatingConstructorAccessorImpl.newInstance(DelegatingConstructorAccessorImpl.java:45)
	at org.openqa.selenium.remote.http.W3CHttpResponseCodec.createException(W3CHttpResponseCodec.java:187)
	at org.openqa.selenium.remote.http.W3CHttpResponseCodec.decode(W3CHttpResponseCodec.java:122)
	at org.openqa.selenium.remote.http.W3CHttpResponseCodec.decode(W3CHttpResponseCodec.java:49)
	at org.openqa.selenium.remote.HttpCommandExecutor.execute(HttpCommandExecutor.java:158)
	at org.openqa.selenium.remote.service.DriverCommandExecutor.execute(DriverCommandExecutor.java:83)
	at org.openqa.selenium.remote.RemoteWebDriver.execute(RemoteWebDriver.java:552)
	at com.kms.katalon.selenium.driver.CChromeDriver.execute(CChromeDriver.java:19)
	at org.openqa.selenium.remote.RemoteWebDriver.findElement(RemoteWebDriver.java:323)
	at org.openqa.selenium.remote.RemoteWebDriver.findElementByXPath(RemoteWebDriver.java:428)
	at org.openqa.selenium.By$ByXPath.findElement(By.java:353)
	at org.openqa.selenium.remote.RemoteWebDriver.findElement(RemoteWebDriver.java:315)
	at jdk.internal.reflect.GeneratedMethodAccessor9.invoke(Unknown Source)
	at java.base/jdk.internal.reflect.DelegatingMethodAccessorImpl.invoke(DelegatingMethodAccessorImpl.java:43)
	at org.openqa.selenium.support.events.EventFiringWebDriver.lambda$new$1(EventFiringWebDriver.java:105)
	at jdk.proxy2/jdk.proxy2.$Proxy22.findElement(Unknown Source)
	at org.openqa.selenium.support.events.EventFiringWebDriver.findElement(EventFiringWebDriver.java:194)
	at org.openqa.selenium.support.ui.ExpectedConditions$7.apply(ExpectedConditions.java:205)
	at org.openqa.selenium.support.ui.ExpectedConditions$7.apply(ExpectedConditions.java:201)
	at org.openqa.selenium.support.ui.ExpectedConditions$22.apply(ExpectedConditions.java:641)
	at org.openqa.selenium.support.ui.ExpectedConditions$22.apply(ExpectedConditions.java:638)
	at org.openqa.selenium.support.ui.FluentWait.until(FluentWait.java:249)
	at Script1726800616674.run(Script1726800616674.groovy:59)
	... 15 more


16-10-2024T19:26:11 - [TEST_STEP][PASSED] - Start listener action : sampleAfterTestCase: null

16-10-2024T19:26:11 - [TEST_STEP][PASSED] - testCaseId = testCaseContext.getTestCaseId(): null

16-10-2024T19:26:11 - [TEST_STEP][PASSED] - if (testCaseId == "Test Cases/Quản lý tài khoản merchant/Quản lý dịch vụ merchant/TC_13_Kiểm tra chức năng xác nhận cấu hình thay đổi VA"): null]]></system-out>
         <system-err><![CDATA[16-10-2024T19:25:08 - [TEST_CASE][ERROR] - Test Cases/Quản lý tài khoản merchant/Quản lý danh sách tài khoản/Rút tiền/TC_11_Kiểm tra khi rút tiền số tiền bé hơn số tiền có thể rút do tạm giữ: Test Cases/Quản lý tài khoản merchant/Quản lý danh sách tài khoản/Rút tiền/TC_11_Kiểm tra khi rút tiền số tiền bé hơn số tiền có thể rút do tạm giữ FAILED.
Reason:
org.openqa.selenium.TimeoutException: Expected condition failed: waiting for element to be clickable: By.xpath: //button[contains(text(),'Đồng ý')] (tried for 30 second(s) with 500 milliseconds interval)
	at org.openqa.selenium.support.ui.WebDriverWait.timeoutException(WebDriverWait.java:95)
	at org.openqa.selenium.support.ui.FluentWait.until(FluentWait.java:272)
	at TC_11_Kiểm tra khi rút tiền số tiền bé hơn số tiền có thể rút do tạm giữ.run(TC_11_Kiểm tra khi rút tiền số tiền bé hơn số tiền có thể rút do tạm giữ:59)
	at com.kms.katalon.core.main.ScriptEngine.run(ScriptEngine.java:194)
	at com.kms.katalon.core.main.ScriptEngine.runScriptAsRawText(ScriptEngine.java:119)
	at com.kms.katalon.core.main.TestCaseExecutor.runScript(TestCaseExecutor.java:448)
	at com.kms.katalon.core.main.TestCaseExecutor.doExecute(TestCaseExecutor.java:439)
	at com.kms.katalon.core.main.TestCaseExecutor.processExecutionPhase(TestCaseExecutor.java:418)
	at com.kms.katalon.core.main.TestCaseExecutor.accessMainPhase(TestCaseExecutor.java:410)
	at com.kms.katalon.core.main.TestCaseExecutor.execute(TestCaseExecutor.java:285)
	at com.kms.katalon.core.common.CommonExecutor.accessTestCaseMainPhase(CommonExecutor.java:65)
	at com.kms.katalon.core.main.TestSuiteExecutor.accessTestSuiteMainPhase(TestSuiteExecutor.java:150)
	at com.kms.katalon.core.main.TestSuiteExecutor.execute(TestSuiteExecutor.java:106)
	at com.kms.katalon.core.main.TestCaseMain.startTestSuite(TestCaseMain.java:180)
	at TempTestSuite1729080945785.run(TempTestSuite1729080945785.groovy:35)
	at java.base/jdk.internal.reflect.NativeMethodAccessorImpl.invoke0(Native Method)
	at java.base/jdk.internal.reflect.NativeMethodAccessorImpl.invoke(NativeMethodAccessorImpl.java:77)
	at java.base/jdk.internal.reflect.DelegatingMethodAccessorImpl.invoke(DelegatingMethodAccessorImpl.java:43)
Caused by: org.openqa.selenium.NoSuchElementException: no such element: Unable to locate element: {"method":"xpath","selector":"//button[contains(text(),'Đồng ý')]"}
  (Session info: chrome=130.0.6723.59)
For documentation on this error, please visit: https://www.seleniumhq.org/exceptions/no_such_element.html
Build info: version: '3.141.59', revision: 'unknown', time: 'unknown'
System info: host: 'Aidans-Macbook.local', ip: '2405:4803:fd90:9ef0:b0c9:6dde:81ec:56fd%en0', os.name: 'Mac OS X', os.arch: 'aarch64', os.version: '14.5', java.version: '17.0.7'
Driver info: com.kms.katalon.selenium.driver.CChromeDriver
Capabilities {acceptInsecureCerts: false, browserName: chrome, browserVersion: 130.0.6723.59, chrome: {chromedriverVersion: 129.0.6668.100 (cf58cba358d..., userDataDir: /var/folders/w1/k98vh2j97rz...}, fedcm:accounts: true, goog:chromeOptions: {debuggerAddress: localhost:57114}, javascriptEnabled: true, networkConnectionEnabled: false, pageLoadStrategy: normal, platform: MAC, platformName: MAC, proxy: Proxy(), setWindowRect: true, strictFileInteractability: false, timeouts: {implicit: 0, pageLoad: 300000, script: 30000}, unhandledPromptBehavior: dismiss and notify, webauthn:extension:credBlob: true, webauthn:extension:largeBlob: true, webauthn:extension:minPinLength: true, webauthn:extension:prf: true, webauthn:virtualAuthenticators: true}
Session ID: 64130b00f074021e17464ec10138fbd6
*** Element info: {Using=xpath, value=//button[contains(text(),'Đồng ý')]}
	at jdk.internal.reflect.GeneratedConstructorAccessor22.newInstance(Unknown Source)
	at java.base/jdk.internal.reflect.DelegatingConstructorAccessorImpl.newInstance(DelegatingConstructorAccessorImpl.java:45)
	at org.openqa.selenium.remote.http.W3CHttpResponseCodec.createException(W3CHttpResponseCodec.java:187)
	at org.openqa.selenium.remote.http.W3CHttpResponseCodec.decode(W3CHttpResponseCodec.java:122)
	at org.openqa.selenium.remote.http.W3CHttpResponseCodec.decode(W3CHttpResponseCodec.java:49)
	at org.openqa.selenium.remote.HttpCommandExecutor.execute(HttpCommandExecutor.java:158)
	at org.openqa.selenium.remote.service.DriverCommandExecutor.execute(DriverCommandExecutor.java:83)
	at org.openqa.selenium.remote.RemoteWebDriver.execute(RemoteWebDriver.java:552)
	at com.kms.katalon.selenium.driver.CChromeDriver.execute(CChromeDriver.java:19)
	at org.openqa.selenium.remote.RemoteWebDriver.findElement(RemoteWebDriver.java:323)
	at org.openqa.selenium.remote.RemoteWebDriver.findElementByXPath(RemoteWebDriver.java:428)
	at org.openqa.selenium.By$ByXPath.findElement(By.java:353)
	at org.openqa.selenium.remote.RemoteWebDriver.findElement(RemoteWebDriver.java:315)
	at jdk.internal.reflect.GeneratedMethodAccessor9.invoke(Unknown Source)
	at java.base/jdk.internal.reflect.DelegatingMethodAccessorImpl.invoke(DelegatingMethodAccessorImpl.java:43)
	at org.openqa.selenium.support.events.EventFiringWebDriver.lambda$new$1(EventFiringWebDriver.java:105)
	at jdk.proxy2/jdk.proxy2.$Proxy22.findElement(Unknown Source)
	at org.openqa.selenium.support.events.EventFiringWebDriver.findElement(EventFiringWebDriver.java:194)
	at org.openqa.selenium.support.ui.ExpectedConditions$7.apply(ExpectedConditions.java:205)
	at org.openqa.selenium.support.ui.ExpectedConditions$7.apply(ExpectedConditions.java:201)
	at org.openqa.selenium.support.ui.ExpectedConditions$22.apply(ExpectedConditions.java:641)
	at org.openqa.selenium.support.ui.ExpectedConditions$22.apply(ExpectedConditions.java:638)
	at org.openqa.selenium.support.ui.FluentWait.until(FluentWait.java:249)
	... 16 more]]></system-err>
      </testcase>
      <testcase name="Test Cases/Quản lý tài khoản merchant/Quản lý danh sách tài khoản/Rút tiền/TC_12_Kiểm tra khi rút tiền số tiền bé hơn số tiền có thể rút do tạm giữ và chọn chấp nhận cho rút số tiền tạm giữ" time="50.384" classname="Test Cases/Quản lý tài khoản merchant/Quản lý danh sách tài khoản/Rút tiền/TC_12_Kiểm tra khi rút tiền số tiền bé hơn số tiền có thể rút do tạm giữ và chọn chấp nhận cho rút số tiền tạm giữ" status="ERROR">
         <error type="ERROR" message="Test Cases/Quản lý tài khoản merchant/Quản lý danh sách tài khoản/Rút tiền/TC_12_Kiểm tra khi rút tiền số tiền bé hơn số tiền có thể rút do tạm giữ và chọn chấp nhận cho rút số tiền tạm giữ FAILED.&#xa;Reason:&#xa;org.openqa.selenium.TimeoutException: Expected condition failed: waiting for element to be clickable: By.xpath: //button[contains(text(),'Đồng ý')] (tried for 30 second(s) with 500 milliseconds interval)&#xa;	at org.openqa.selenium.support.ui.WebDriverWait.timeoutException(WebDriverWait.java:95)&#xa;	at org.openqa.selenium.support.ui.FluentWait.until(FluentWait.java:272)&#xa;	at TC_12_Kiểm tra khi rút tiền số tiền bé hơn số tiền có thể rút do tạm giữ và chọn chấp nhận cho rút số tiền tạm giữ.run(TC_12_Kiểm tra khi rút tiền số tiền bé hơn số tiền có thể rút do tạm giữ và chọn chấp nhận cho rút số tiền tạm giữ:58)&#xa;	at com.kms.katalon.core.main.ScriptEngine.run(ScriptEngine.java:194)&#xa;	at com.kms.katalon.core.main.ScriptEngine.runScriptAsRawText(ScriptEngine.java:119)&#xa;	at com.kms.katalon.core.main.TestCaseExecutor.runScript(TestCaseExecutor.java:448)&#xa;	at com.kms.katalon.core.main.TestCaseExecutor.doExecute(TestCaseExecutor.java:439)&#xa;	at com.kms.katalon.core.main.TestCaseExecutor.processExecutionPhase(TestCaseExecutor.java:418)&#xa;	at com.kms.katalon.core.main.TestCaseExecutor.accessMainPhase(TestCaseExecutor.java:410)&#xa;	at com.kms.katalon.core.main.TestCaseExecutor.execute(TestCaseExecutor.java:285)&#xa;	at com.kms.katalon.core.common.CommonExecutor.accessTestCaseMainPhase(CommonExecutor.java:65)&#xa;	at com.kms.katalon.core.main.TestSuiteExecutor.accessTestSuiteMainPhase(TestSuiteExecutor.java:150)&#xa;	at com.kms.katalon.core.main.TestSuiteExecutor.execute(TestSuiteExecutor.java:106)&#xa;	at com.kms.katalon.core.main.TestCaseMain.startTestSuite(TestCaseMain.java:180)&#xa;	at TempTestSuite1729080945785.run(TempTestSuite1729080945785.groovy:35)&#xa;	at java.base/jdk.internal.reflect.NativeMethodAccessorImpl.invoke0(Native Method)&#xa;	at java.base/jdk.internal.reflect.NativeMethodAccessorImpl.invoke(NativeMethodAccessorImpl.java:77)&#xa;	at java.base/jdk.internal.reflect.DelegatingMethodAccessorImpl.invoke(DelegatingMethodAccessorImpl.java:43)&#xa;Caused by: org.openqa.selenium.NoSuchElementException: no such element: Unable to locate element: {&quot;method&quot;:&quot;xpath&quot;,&quot;selector&quot;:&quot;//button[contains(text(),'Đồng ý')]&quot;}&#xa;  (Session info: chrome=130.0.6723.59)&#xa;For documentation on this error, please visit: https://www.seleniumhq.org/exceptions/no_such_element.html&#xa;Build info: version: '3.141.59', revision: 'unknown', time: 'unknown'&#xa;System info: host: 'Aidans-Macbook.local', ip: '2405:4803:fd90:9ef0:b0c9:6dde:81ec:56fd%en0', os.name: 'Mac OS X', os.arch: 'aarch64', os.version: '14.5', java.version: '17.0.7'&#xa;Driver info: com.kms.katalon.selenium.driver.CChromeDriver&#xa;Capabilities {acceptInsecureCerts: false, browserName: chrome, browserVersion: 130.0.6723.59, chrome: {chromedriverVersion: 129.0.6668.100 (cf58cba358d..., userDataDir: /var/folders/w1/k98vh2j97rz...}, fedcm:accounts: true, goog:chromeOptions: {debuggerAddress: localhost:57141}, javascriptEnabled: true, networkConnectionEnabled: false, pageLoadStrategy: normal, platform: MAC, platformName: MAC, proxy: Proxy(), setWindowRect: true, strictFileInteractability: false, timeouts: {implicit: 0, pageLoad: 300000, script: 30000}, unhandledPromptBehavior: dismiss and notify, webauthn:extension:credBlob: true, webauthn:extension:largeBlob: true, webauthn:extension:minPinLength: true, webauthn:extension:prf: true, webauthn:virtualAuthenticators: true}&#xa;Session ID: 41b27f7b8f8f94e4cd37b3b974197a41&#xa;*** Element info: {Using=xpath, value=//button[contains(text(),'Đồng ý')]}&#xa;	at jdk.internal.reflect.GeneratedConstructorAccessor22.newInstance(Unknown Source)&#xa;	at java.base/jdk.internal.reflect.DelegatingConstructorAccessorImpl.newInstance(DelegatingConstructorAccessorImpl.java:45)&#xa;	at org.openqa.selenium.remote.http.W3CHttpResponseCodec.createException(W3CHttpResponseCodec.java:187)&#xa;	at org.openqa.selenium.remote.http.W3CHttpResponseCodec.decode(W3CHttpResponseCodec.java:122)&#xa;	at org.openqa.selenium.remote.http.W3CHttpResponseCodec.decode(W3CHttpResponseCodec.java:49)&#xa;	at org.openqa.selenium.remote.HttpCommandExecutor.execute(HttpCommandExecutor.java:158)&#xa;	at org.openqa.selenium.remote.service.DriverCommandExecutor.execute(DriverCommandExecutor.java:83)&#xa;	at org.openqa.selenium.remote.RemoteWebDriver.execute(RemoteWebDriver.java:552)&#xa;	at com.kms.katalon.selenium.driver.CChromeDriver.execute(CChromeDriver.java:19)&#xa;	at org.openqa.selenium.remote.RemoteWebDriver.findElement(RemoteWebDriver.java:323)&#xa;	at org.openqa.selenium.remote.RemoteWebDriver.findElementByXPath(RemoteWebDriver.java:428)&#xa;	at org.openqa.selenium.By$ByXPath.findElement(By.java:353)&#xa;	at org.openqa.selenium.remote.RemoteWebDriver.findElement(RemoteWebDriver.java:315)&#xa;	at jdk.internal.reflect.GeneratedMethodAccessor9.invoke(Unknown Source)&#xa;	at java.base/jdk.internal.reflect.DelegatingMethodAccessorImpl.invoke(DelegatingMethodAccessorImpl.java:43)&#xa;	at org.openqa.selenium.support.events.EventFiringWebDriver.lambda$new$1(EventFiringWebDriver.java:105)&#xa;	at jdk.proxy2/jdk.proxy2.$Proxy22.findElement(Unknown Source)&#xa;	at org.openqa.selenium.support.events.EventFiringWebDriver.findElement(EventFiringWebDriver.java:194)&#xa;	at org.openqa.selenium.support.ui.ExpectedConditions$7.apply(ExpectedConditions.java:205)&#xa;	at org.openqa.selenium.support.ui.ExpectedConditions$7.apply(ExpectedConditions.java:201)&#xa;	at org.openqa.selenium.support.ui.ExpectedConditions$22.apply(ExpectedConditions.java:641)&#xa;	at org.openqa.selenium.support.ui.ExpectedConditions$22.apply(ExpectedConditions.java:638)&#xa;	at org.openqa.selenium.support.ui.FluentWait.until(FluentWait.java:249)&#xa;	... 16 more&#xa;"/>
         <system-out><![CDATA[16-10-2024T19:26:11 - [TEST_CASE][ERROR] - Test Cases/Quản lý tài khoản merchant/Quản lý danh sách tài khoản/Rút tiền/TC_12_Kiểm tra khi rút tiền số tiền bé hơn số tiền có thể rút do tạm giữ và chọn chấp nhận cho rút số tiền tạm giữ: Test Cases/Quản lý tài khoản merchant/Quản lý danh sách tài khoản/Rút tiền/TC_12_Kiểm tra khi rút tiền số tiền bé hơn số tiền có thể rút do tạm giữ và chọn chấp nhận cho rút số tiền tạm giữ FAILED.
Reason:
org.openqa.selenium.TimeoutException: Expected condition failed: waiting for element to be clickable: By.xpath: //button[contains(text(),'Đồng ý')] (tried for 30 second(s) with 500 milliseconds interval)
	at org.openqa.selenium.support.ui.WebDriverWait.timeoutException(WebDriverWait.java:95)
	at org.openqa.selenium.support.ui.FluentWait.until(FluentWait.java:272)
	at TC_12_Kiểm tra khi rút tiền số tiền bé hơn số tiền có thể rút do tạm giữ và chọn chấp nhận cho rút số tiền tạm giữ.run(TC_12_Kiểm tra khi rút tiền số tiền bé hơn số tiền có thể rút do tạm giữ và chọn chấp nhận cho rút số tiền tạm giữ:58)
	at com.kms.katalon.core.main.ScriptEngine.run(ScriptEngine.java:194)
	at com.kms.katalon.core.main.ScriptEngine.runScriptAsRawText(ScriptEngine.java:119)
	at com.kms.katalon.core.main.TestCaseExecutor.runScript(TestCaseExecutor.java:448)
	at com.kms.katalon.core.main.TestCaseExecutor.doExecute(TestCaseExecutor.java:439)
	at com.kms.katalon.core.main.TestCaseExecutor.processExecutionPhase(TestCaseExecutor.java:418)
	at com.kms.katalon.core.main.TestCaseExecutor.accessMainPhase(TestCaseExecutor.java:410)
	at com.kms.katalon.core.main.TestCaseExecutor.execute(TestCaseExecutor.java:285)
	at com.kms.katalon.core.common.CommonExecutor.accessTestCaseMainPhase(CommonExecutor.java:65)
	at com.kms.katalon.core.main.TestSuiteExecutor.accessTestSuiteMainPhase(TestSuiteExecutor.java:150)
	at com.kms.katalon.core.main.TestSuiteExecutor.execute(TestSuiteExecutor.java:106)
	at com.kms.katalon.core.main.TestCaseMain.startTestSuite(TestCaseMain.java:180)
	at TempTestSuite1729080945785.run(TempTestSuite1729080945785.groovy:35)
	at java.base/jdk.internal.reflect.NativeMethodAccessorImpl.invoke0(Native Method)
	at java.base/jdk.internal.reflect.NativeMethodAccessorImpl.invoke(NativeMethodAccessorImpl.java:77)
	at java.base/jdk.internal.reflect.DelegatingMethodAccessorImpl.invoke(DelegatingMethodAccessorImpl.java:43)
Caused by: org.openqa.selenium.NoSuchElementException: no such element: Unable to locate element: {"method":"xpath","selector":"//button[contains(text(),'Đồng ý')]"}
  (Session info: chrome=130.0.6723.59)
For documentation on this error, please visit: https://www.seleniumhq.org/exceptions/no_such_element.html
Build info: version: '3.141.59', revision: 'unknown', time: 'unknown'
System info: host: 'Aidans-Macbook.local', ip: '2405:4803:fd90:9ef0:b0c9:6dde:81ec:56fd%en0', os.name: 'Mac OS X', os.arch: 'aarch64', os.version: '14.5', java.version: '17.0.7'
Driver info: com.kms.katalon.selenium.driver.CChromeDriver
Capabilities {acceptInsecureCerts: false, browserName: chrome, browserVersion: 130.0.6723.59, chrome: {chromedriverVersion: 129.0.6668.100 (cf58cba358d..., userDataDir: /var/folders/w1/k98vh2j97rz...}, fedcm:accounts: true, goog:chromeOptions: {debuggerAddress: localhost:57141}, javascriptEnabled: true, networkConnectionEnabled: false, pageLoadStrategy: normal, platform: MAC, platformName: MAC, proxy: Proxy(), setWindowRect: true, strictFileInteractability: false, timeouts: {implicit: 0, pageLoad: 300000, script: 30000}, unhandledPromptBehavior: dismiss and notify, webauthn:extension:credBlob: true, webauthn:extension:largeBlob: true, webauthn:extension:minPinLength: true, webauthn:extension:prf: true, webauthn:virtualAuthenticators: true}
Session ID: 41b27f7b8f8f94e4cd37b3b974197a41
*** Element info: {Using=xpath, value=//button[contains(text(),'Đồng ý')]}
	at jdk.internal.reflect.GeneratedConstructorAccessor22.newInstance(Unknown Source)
	at java.base/jdk.internal.reflect.DelegatingConstructorAccessorImpl.newInstance(DelegatingConstructorAccessorImpl.java:45)
	at org.openqa.selenium.remote.http.W3CHttpResponseCodec.createException(W3CHttpResponseCodec.java:187)
	at org.openqa.selenium.remote.http.W3CHttpResponseCodec.decode(W3CHttpResponseCodec.java:122)
	at org.openqa.selenium.remote.http.W3CHttpResponseCodec.decode(W3CHttpResponseCodec.java:49)
	at org.openqa.selenium.remote.HttpCommandExecutor.execute(HttpCommandExecutor.java:158)
	at org.openqa.selenium.remote.service.DriverCommandExecutor.execute(DriverCommandExecutor.java:83)
	at org.openqa.selenium.remote.RemoteWebDriver.execute(RemoteWebDriver.java:552)
	at com.kms.katalon.selenium.driver.CChromeDriver.execute(CChromeDriver.java:19)
	at org.openqa.selenium.remote.RemoteWebDriver.findElement(RemoteWebDriver.java:323)
	at org.openqa.selenium.remote.RemoteWebDriver.findElementByXPath(RemoteWebDriver.java:428)
	at org.openqa.selenium.By$ByXPath.findElement(By.java:353)
	at org.openqa.selenium.remote.RemoteWebDriver.findElement(RemoteWebDriver.java:315)
	at jdk.internal.reflect.GeneratedMethodAccessor9.invoke(Unknown Source)
	at java.base/jdk.internal.reflect.DelegatingMethodAccessorImpl.invoke(DelegatingMethodAccessorImpl.java:43)
	at org.openqa.selenium.support.events.EventFiringWebDriver.lambda$new$1(EventFiringWebDriver.java:105)
	at jdk.proxy2/jdk.proxy2.$Proxy22.findElement(Unknown Source)
	at org.openqa.selenium.support.events.EventFiringWebDriver.findElement(EventFiringWebDriver.java:194)
	at org.openqa.selenium.support.ui.ExpectedConditions$7.apply(ExpectedConditions.java:205)
	at org.openqa.selenium.support.ui.ExpectedConditions$7.apply(ExpectedConditions.java:201)
	at org.openqa.selenium.support.ui.ExpectedConditions$22.apply(ExpectedConditions.java:641)
	at org.openqa.selenium.support.ui.ExpectedConditions$22.apply(ExpectedConditions.java:638)
	at org.openqa.selenium.support.ui.FluentWait.until(FluentWait.java:249)
	... 16 more


16-10-2024T19:26:11 - [TEST_STEP][PASSED] - Start listener action : sampleBeforeTestCase: Navigate to 'https://stg-cms-console.9pay.mobi/login' successfully

16-10-2024T19:26:11 - [TEST_STEP][PASSED] - testCaseId = testCaseContext.getTestCaseId(): null

16-10-2024T19:26:11 - [TEST_STEP][PASSED] - url = <not implemented yet for class: org.codehaus.groovy.ast.expr.EmptyExpression>: null

16-10-2024T19:26:11 - [TEST_STEP][PASSED] - if (testCaseId == "Test Cases/Quản lý tài khoản merchant/Quản lý dịch vụ merchant/TC_14_Kiểm tra thay đổi sau khi cấu hình VA trên MCV"): null

16-10-2024T19:26:11 - [TEST_STEP][PASSED] - else: null

16-10-2024T19:26:11 - [TEST_STEP][PASSED] - url = "https://stg-cms-console.9pay.mobi/login": null

16-10-2024T19:26:11 - [TEST_STEP][PASSED] - openBrowser(""): Browser is opened with url: ''

16-10-2024T19:26:11 - [MESSAGE][WARNING] - A browser is already opened. Closing browser and opening a new one

16-10-2024T19:26:11 - [MESSAGE][INFO] - Starting 'Chrome' driver

16-10-2024T19:26:11 - [MESSAGE][INFO] - Action delay is set to 0 milliseconds

16-10-2024T19:26:12 - [MESSAGE][PASSED] - Browser is opened with url: ''

16-10-2024T19:26:12 - [TEST_STEP][PASSED] - maximizeWindow(): Current window maximized

16-10-2024T19:26:12 - [MESSAGE][PASSED] - Current window maximized

16-10-2024T19:26:12 - [TEST_STEP][PASSED] - navigateToUrl(url): Navigate to 'https://stg-cms-console.9pay.mobi/login' successfully

16-10-2024T19:26:14 - [MESSAGE][PASSED] - Navigate to 'https://stg-cms-console.9pay.mobi/login' successfully

16-10-2024T19:26:14 - [TEST_STEP][PASSED] - driver = getWebDriver(): null

16-10-2024T19:26:14 - [TEST_STEP][PASSED] - js = driver: null

16-10-2024T19:26:14 - [TEST_STEP][PASSED] - callTestCase(findTestCase("Test Cases/Login/LoginCommon"), [:], STOP_ON_FAILURE): Call Test Case 'Test Cases/Login/LoginCommon' successfully

16-10-2024T19:26:14 - [TEST_CASE][PASSED] - Test Cases/Login/LoginCommon: Test Cases/Login/LoginCommon

16-10-2024T19:26:14 - [TEST_STEP][PASSED] - driver = getWebDriver(): null

16-10-2024T19:26:14 - [TEST_STEP][PASSED] - sendKeys(findTestObject("Quản lý tài khoản merchant/Quản lý dịch vụ merchant/userNameTextbox"), userAccount): Keys 'dannt@9pay.vn' sent to object: 'Object Repository/Quản lý tài khoản merchant/Quản lý dịch vụ merchant/userNameTextbox'

16-10-2024T19:26:14 - [MESSAGE][PASSED] - Keys 'dannt@9pay.vn' sent to object: 'Object Repository/Quản lý tài khoản merchant/Quản lý dịch vụ merchant/userNameTextbox'

16-10-2024T19:26:14 - [TEST_STEP][PASSED] - sendKeys(findTestObject("Quản lý tài khoản merchant/Quản lý dịch vụ merchant/passwordTextbox"), password): Keys 'dannt@9pay.vn' sent to object: 'Object Repository/Quản lý tài khoản merchant/Quản lý dịch vụ merchant/passwordTextbox'

16-10-2024T19:26:15 - [MESSAGE][PASSED] - Keys 'dannt@9pay.vn' sent to object: 'Object Repository/Quản lý tài khoản merchant/Quản lý dịch vụ merchant/passwordTextbox'

16-10-2024T19:26:15 - [TEST_STEP][PASSED] - click(findTestObject("Quản lý tài khoản merchant/Quản lý dịch vụ merchant/loginButton")): Object: 'Object Repository/Quản lý tài khoản merchant/Quản lý dịch vụ merchant/loginButton' is clicked on

16-10-2024T19:26:15 - [MESSAGE][PASSED] - Object: 'Object Repository/Quản lý tài khoản merchant/Quản lý dịch vụ merchant/loginButton' is clicked on

16-10-2024T19:26:15 - [MESSAGE][PASSED] - Call Test Case 'Test Cases/Login/LoginCommon' successfully

16-10-2024T19:26:15 - [TEST_STEP][PASSED] - waitForElementVisible(findTestObject("Trang chủ/userName"), waitSecond, STOP_ON_FAILURE): Object 'Object Repository/Trang chủ/userName' is visible

16-10-2024T19:26:18 - [MESSAGE][PASSED] - Object 'Object Repository/Trang chủ/userName' is visible

16-10-2024T19:26:18 - [TEST_STEP][PASSED] - click(findTestObject("Quản lý tài khoản merchant/menuManagerMerchantAccount")): Object: 'Object Repository/Quản lý tài khoản merchant/menuManagerMerchantAccount' is clicked on

16-10-2024T19:26:19 - [MESSAGE][PASSED] - Object: 'Object Repository/Quản lý tài khoản merchant/menuManagerMerchantAccount' is clicked on

16-10-2024T19:26:19 - [TEST_STEP][PASSED] - waitForElementVisible(findTestObject("Quản lý tài khoản merchant/Quản lý dịch vụ merchant/menuManagerMerchantService"), 30, STOP_ON_FAILURE): Object 'Object Repository/Quản lý tài khoản merchant/Quản lý dịch vụ merchant/menuManagerMerchantService' is visible

16-10-2024T19:26:19 - [MESSAGE][PASSED] - Object 'Object Repository/Quản lý tài khoản merchant/Quản lý dịch vụ merchant/menuManagerMerchantService' is visible

16-10-2024T19:26:19 - [TEST_STEP][PASSED] - wait = new org.openqa.selenium.support.ui.WebDriverWait(com.kms.katalon.core.webui.driver.DriverFactory.getWebDriver(), internal.GlobalVariable.waitSecond): null

16-10-2024T19:26:19 - [TEST_STEP][PASSED] - menuManagerUserAccount = wait.until(ExpectedConditions.elementToBeClickable(By.xpath(xpathManagerListAccount))): null

16-10-2024T19:26:19 - [TEST_STEP][PASSED] - menuManagerUserAccount.click(): null

16-10-2024T19:26:19 - [TEST_STEP][PASSED] - userCode = wait.until(ExpectedConditions.visibilityOfElementLocated(By.xpath(xpathUserCode))): null

16-10-2024T19:26:23 - [TEST_STEP][PASSED] - println(userCode.getText()): null

16-10-2024T19:26:23 - [TEST_STEP][PASSED] - accountBtn = wait.until(ExpectedConditions.elementToBeClickable(By.xpath(xpathBtnAccount))): null

16-10-2024T19:26:23 - [TEST_STEP][PASSED] - accountBtn.click(): null

16-10-2024T19:26:23 - [TEST_STEP][PASSED] - searchTextbox = wait.until(ExpectedConditions.elementToBeClickable(By.xpath(xpathSearchTextbox))): null

16-10-2024T19:26:23 - [TEST_STEP][PASSED] - searchTextbox.sendKeys(username): null

16-10-2024T19:26:24 - [TEST_STEP][PASSED] - xpath(xpathOption)).click(): null

16-10-2024T19:26:24 - [TEST_STEP][PASSED] - xpath(xpathBtnSearch)).click(): null

16-10-2024T19:26:24 - [TEST_STEP][PASSED] - lockBalance = driver.findElement(By.xpath("//strong[contains(text(),'Số dư không được rút:')]")): null

16-10-2024T19:26:25 - [TEST_STEP][PASSED] - script = "return arguments[0].nextSibling.textContent;": null

16-10-2024T19:26:25 - [TEST_STEP][PASSED] - lockBalanceAf = js.executeScript(script, lockBalance): null

16-10-2024T19:26:25 - [TEST_STEP][PASSED] - result = replace("VNĐ", "").trim(): null

16-10-2024T19:26:25 - [TEST_STEP][PASSED] - lockBalanceAf1 = lockBalanceAf.replaceAll("[^0-9]", ""): null

16-10-2024T19:26:25 - [TEST_STEP][PASSED] - lockBalanceBf = Integer.parseInt(lockBalanceAf1): null

16-10-2024T19:26:25 - [TEST_STEP][PASSED] - out.println("Thu ho " + lockBalanceBf): null

16-10-2024T19:26:25 - [TEST_STEP][PASSED] - Assert.assertEquals(xpath(xpathAccountName)).getText(), username): null

16-10-2024T19:26:25 - [TEST_STEP][PASSED] - xpath(xpathBtnRutTien)).click(): null

16-10-2024T19:26:26 - [TEST_STEP][PASSED] - wait.until(ExpectedConditions.visibilityOfElementLocated(By.xpath(xpathUser))): null

16-10-2024T19:26:29 - [TEST_STEP][PASSED] - xpath(xpathViRut)).click(): null

16-10-2024T19:26:29 - [TEST_STEP][PASSED] - sleep(1000): null

16-10-2024T19:26:30 - [TEST_STEP][PASSED] - xpath(xpathOptionThuho)).click(): null

16-10-2024T19:26:30 - [TEST_STEP][PASSED] - xpath(xpathDay)).click(): null

16-10-2024T19:26:31 - [TEST_STEP][PASSED] - xpath(xpathToday)).click(): null

16-10-2024T19:26:31 - [TEST_STEP][PASSED] - xpath(xpathDayClicked)).click(): null

16-10-2024T19:26:31 - [TEST_STEP][ERROR] - xpath(BtnOkXpath))).click(): Test Cases/Quản lý tài khoản merchant/Quản lý danh sách tài khoản/Rút tiền/TC_12_Kiểm tra khi rút tiền số tiền bé hơn số tiền có thể rút do tạm giữ và chọn chấp nhận cho rút số tiền tạm giữ FAILED.
Reason:
org.openqa.selenium.TimeoutException: Expected condition failed: waiting for element to be clickable: By.xpath: //button[contains(text(),'Đồng ý')] (tried for 30 second(s) with 500 milliseconds interval)
	at org.openqa.selenium.support.ui.WebDriverWait.timeoutException(WebDriverWait.java:95)
	at org.openqa.selenium.support.ui.FluentWait.until(FluentWait.java:272)
	at TC_12_Kiểm tra khi rút tiền số tiền bé hơn số tiền có thể rút do tạm giữ và chọn chấp nhận cho rút số tiền tạm giữ.run(TC_12_Kiểm tra khi rút tiền số tiền bé hơn số tiền có thể rút do tạm giữ và chọn chấp nhận cho rút số tiền tạm giữ:58)
	at com.kms.katalon.core.main.ScriptEngine.run(ScriptEngine.java:194)
	at com.kms.katalon.core.main.ScriptEngine.runScriptAsRawText(ScriptEngine.java:119)
	at com.kms.katalon.core.main.TestCaseExecutor.runScript(TestCaseExecutor.java:448)
	at com.kms.katalon.core.main.TestCaseExecutor.doExecute(TestCaseExecutor.java:439)
	at com.kms.katalon.core.main.TestCaseExecutor.processExecutionPhase(TestCaseExecutor.java:418)
	at com.kms.katalon.core.main.TestCaseExecutor.accessMainPhase(TestCaseExecutor.java:410)
	at com.kms.katalon.core.main.TestCaseExecutor.execute(TestCaseExecutor.java:285)
	at com.kms.katalon.core.common.CommonExecutor.accessTestCaseMainPhase(CommonExecutor.java:65)
	at com.kms.katalon.core.main.TestSuiteExecutor.accessTestSuiteMainPhase(TestSuiteExecutor.java:150)
	at com.kms.katalon.core.main.TestSuiteExecutor.execute(TestSuiteExecutor.java:106)
	at com.kms.katalon.core.main.TestCaseMain.startTestSuite(TestCaseMain.java:180)
	at TempTestSuite1729080945785.run(TempTestSuite1729080945785.groovy:35)
	at java.base/jdk.internal.reflect.NativeMethodAccessorImpl.invoke0(Native Method)
	at java.base/jdk.internal.reflect.NativeMethodAccessorImpl.invoke(NativeMethodAccessorImpl.java:77)
	at java.base/jdk.internal.reflect.DelegatingMethodAccessorImpl.invoke(DelegatingMethodAccessorImpl.java:43)
Caused by: org.openqa.selenium.NoSuchElementException: no such element: Unable to locate element: {"method":"xpath","selector":"//button[contains(text(),'Đồng ý')]"}
  (Session info: chrome=130.0.6723.59)
For documentation on this error, please visit: https://www.seleniumhq.org/exceptions/no_such_element.html
Build info: version: '3.141.59', revision: 'unknown', time: 'unknown'
System info: host: 'Aidans-Macbook.local', ip: '2405:4803:fd90:9ef0:b0c9:6dde:81ec:56fd%en0', os.name: 'Mac OS X', os.arch: 'aarch64', os.version: '14.5', java.version: '17.0.7'
Driver info: com.kms.katalon.selenium.driver.CChromeDriver
Capabilities {acceptInsecureCerts: false, browserName: chrome, browserVersion: 130.0.6723.59, chrome: {chromedriverVersion: 129.0.6668.100 (cf58cba358d..., userDataDir: /var/folders/w1/k98vh2j97rz...}, fedcm:accounts: true, goog:chromeOptions: {debuggerAddress: localhost:57141}, javascriptEnabled: true, networkConnectionEnabled: false, pageLoadStrategy: normal, platform: MAC, platformName: MAC, proxy: Proxy(), setWindowRect: true, strictFileInteractability: false, timeouts: {implicit: 0, pageLoad: 300000, script: 30000}, unhandledPromptBehavior: dismiss and notify, webauthn:extension:credBlob: true, webauthn:extension:largeBlob: true, webauthn:extension:minPinLength: true, webauthn:extension:prf: true, webauthn:virtualAuthenticators: true}
Session ID: 41b27f7b8f8f94e4cd37b3b974197a41
*** Element info: {Using=xpath, value=//button[contains(text(),'Đồng ý')]}
	at jdk.internal.reflect.GeneratedConstructorAccessor22.newInstance(Unknown Source)
	at java.base/jdk.internal.reflect.DelegatingConstructorAccessorImpl.newInstance(DelegatingConstructorAccessorImpl.java:45)
	at org.openqa.selenium.remote.http.W3CHttpResponseCodec.createException(W3CHttpResponseCodec.java:187)
	at org.openqa.selenium.remote.http.W3CHttpResponseCodec.decode(W3CHttpResponseCodec.java:122)
	at org.openqa.selenium.remote.http.W3CHttpResponseCodec.decode(W3CHttpResponseCodec.java:49)
	at org.openqa.selenium.remote.HttpCommandExecutor.execute(HttpCommandExecutor.java:158)
	at org.openqa.selenium.remote.service.DriverCommandExecutor.execute(DriverCommandExecutor.java:83)
	at org.openqa.selenium.remote.RemoteWebDriver.execute(RemoteWebDriver.java:552)
	at com.kms.katalon.selenium.driver.CChromeDriver.execute(CChromeDriver.java:19)
	at org.openqa.selenium.remote.RemoteWebDriver.findElement(RemoteWebDriver.java:323)
	at org.openqa.selenium.remote.RemoteWebDriver.findElementByXPath(RemoteWebDriver.java:428)
	at org.openqa.selenium.By$ByXPath.findElement(By.java:353)
	at org.openqa.selenium.remote.RemoteWebDriver.findElement(RemoteWebDriver.java:315)
	at jdk.internal.reflect.GeneratedMethodAccessor9.invoke(Unknown Source)
	at java.base/jdk.internal.reflect.DelegatingMethodAccessorImpl.invoke(DelegatingMethodAccessorImpl.java:43)
	at org.openqa.selenium.support.events.EventFiringWebDriver.lambda$new$1(EventFiringWebDriver.java:105)
	at jdk.proxy2/jdk.proxy2.$Proxy22.findElement(Unknown Source)
	at org.openqa.selenium.support.events.EventFiringWebDriver.findElement(EventFiringWebDriver.java:194)
	at org.openqa.selenium.support.ui.ExpectedConditions$7.apply(ExpectedConditions.java:205)
	at org.openqa.selenium.support.ui.ExpectedConditions$7.apply(ExpectedConditions.java:201)
	at org.openqa.selenium.support.ui.ExpectedConditions$22.apply(ExpectedConditions.java:641)
	at org.openqa.selenium.support.ui.ExpectedConditions$22.apply(ExpectedConditions.java:638)
	at org.openqa.selenium.support.ui.FluentWait.until(FluentWait.java:249)
	at Script1726815295533.run(Script1726815295533.groovy:58)
	... 15 more


16-10-2024T19:27:01 - [MESSAGE][ERROR] - Test Cases/Quản lý tài khoản merchant/Quản lý danh sách tài khoản/Rút tiền/TC_12_Kiểm tra khi rút tiền số tiền bé hơn số tiền có thể rút do tạm giữ và chọn chấp nhận cho rút số tiền tạm giữ FAILED.
Reason:
org.openqa.selenium.TimeoutException: Expected condition failed: waiting for element to be clickable: By.xpath: //button[contains(text(),'Đồng ý')] (tried for 30 second(s) with 500 milliseconds interval)
	at org.openqa.selenium.support.ui.WebDriverWait.timeoutException(WebDriverWait.java:95)
	at org.openqa.selenium.support.ui.FluentWait.until(FluentWait.java:272)
	at TC_12_Kiểm tra khi rút tiền số tiền bé hơn số tiền có thể rút do tạm giữ và chọn chấp nhận cho rút số tiền tạm giữ.run(TC_12_Kiểm tra khi rút tiền số tiền bé hơn số tiền có thể rút do tạm giữ và chọn chấp nhận cho rút số tiền tạm giữ:58)
	at com.kms.katalon.core.main.ScriptEngine.run(ScriptEngine.java:194)
	at com.kms.katalon.core.main.ScriptEngine.runScriptAsRawText(ScriptEngine.java:119)
	at com.kms.katalon.core.main.TestCaseExecutor.runScript(TestCaseExecutor.java:448)
	at com.kms.katalon.core.main.TestCaseExecutor.doExecute(TestCaseExecutor.java:439)
	at com.kms.katalon.core.main.TestCaseExecutor.processExecutionPhase(TestCaseExecutor.java:418)
	at com.kms.katalon.core.main.TestCaseExecutor.accessMainPhase(TestCaseExecutor.java:410)
	at com.kms.katalon.core.main.TestCaseExecutor.execute(TestCaseExecutor.java:285)
	at com.kms.katalon.core.common.CommonExecutor.accessTestCaseMainPhase(CommonExecutor.java:65)
	at com.kms.katalon.core.main.TestSuiteExecutor.accessTestSuiteMainPhase(TestSuiteExecutor.java:150)
	at com.kms.katalon.core.main.TestSuiteExecutor.execute(TestSuiteExecutor.java:106)
	at com.kms.katalon.core.main.TestCaseMain.startTestSuite(TestCaseMain.java:180)
	at TempTestSuite1729080945785.run(TempTestSuite1729080945785.groovy:35)
	at java.base/jdk.internal.reflect.NativeMethodAccessorImpl.invoke0(Native Method)
	at java.base/jdk.internal.reflect.NativeMethodAccessorImpl.invoke(NativeMethodAccessorImpl.java:77)
	at java.base/jdk.internal.reflect.DelegatingMethodAccessorImpl.invoke(DelegatingMethodAccessorImpl.java:43)
Caused by: org.openqa.selenium.NoSuchElementException: no such element: Unable to locate element: {"method":"xpath","selector":"//button[contains(text(),'Đồng ý')]"}
  (Session info: chrome=130.0.6723.59)
For documentation on this error, please visit: https://www.seleniumhq.org/exceptions/no_such_element.html
Build info: version: '3.141.59', revision: 'unknown', time: 'unknown'
System info: host: 'Aidans-Macbook.local', ip: '2405:4803:fd90:9ef0:b0c9:6dde:81ec:56fd%en0', os.name: 'Mac OS X', os.arch: 'aarch64', os.version: '14.5', java.version: '17.0.7'
Driver info: com.kms.katalon.selenium.driver.CChromeDriver
Capabilities {acceptInsecureCerts: false, browserName: chrome, browserVersion: 130.0.6723.59, chrome: {chromedriverVersion: 129.0.6668.100 (cf58cba358d..., userDataDir: /var/folders/w1/k98vh2j97rz...}, fedcm:accounts: true, goog:chromeOptions: {debuggerAddress: localhost:57141}, javascriptEnabled: true, networkConnectionEnabled: false, pageLoadStrategy: normal, platform: MAC, platformName: MAC, proxy: Proxy(), setWindowRect: true, strictFileInteractability: false, timeouts: {implicit: 0, pageLoad: 300000, script: 30000}, unhandledPromptBehavior: dismiss and notify, webauthn:extension:credBlob: true, webauthn:extension:largeBlob: true, webauthn:extension:minPinLength: true, webauthn:extension:prf: true, webauthn:virtualAuthenticators: true}
Session ID: 41b27f7b8f8f94e4cd37b3b974197a41
*** Element info: {Using=xpath, value=//button[contains(text(),'Đồng ý')]}
	at jdk.internal.reflect.GeneratedConstructorAccessor22.newInstance(Unknown Source)
	at java.base/jdk.internal.reflect.DelegatingConstructorAccessorImpl.newInstance(DelegatingConstructorAccessorImpl.java:45)
	at org.openqa.selenium.remote.http.W3CHttpResponseCodec.createException(W3CHttpResponseCodec.java:187)
	at org.openqa.selenium.remote.http.W3CHttpResponseCodec.decode(W3CHttpResponseCodec.java:122)
	at org.openqa.selenium.remote.http.W3CHttpResponseCodec.decode(W3CHttpResponseCodec.java:49)
	at org.openqa.selenium.remote.HttpCommandExecutor.execute(HttpCommandExecutor.java:158)
	at org.openqa.selenium.remote.service.DriverCommandExecutor.execute(DriverCommandExecutor.java:83)
	at org.openqa.selenium.remote.RemoteWebDriver.execute(RemoteWebDriver.java:552)
	at com.kms.katalon.selenium.driver.CChromeDriver.execute(CChromeDriver.java:19)
	at org.openqa.selenium.remote.RemoteWebDriver.findElement(RemoteWebDriver.java:323)
	at org.openqa.selenium.remote.RemoteWebDriver.findElementByXPath(RemoteWebDriver.java:428)
	at org.openqa.selenium.By$ByXPath.findElement(By.java:353)
	at org.openqa.selenium.remote.RemoteWebDriver.findElement(RemoteWebDriver.java:315)
	at jdk.internal.reflect.GeneratedMethodAccessor9.invoke(Unknown Source)
	at java.base/jdk.internal.reflect.DelegatingMethodAccessorImpl.invoke(DelegatingMethodAccessorImpl.java:43)
	at org.openqa.selenium.support.events.EventFiringWebDriver.lambda$new$1(EventFiringWebDriver.java:105)
	at jdk.proxy2/jdk.proxy2.$Proxy22.findElement(Unknown Source)
	at org.openqa.selenium.support.events.EventFiringWebDriver.findElement(EventFiringWebDriver.java:194)
	at org.openqa.selenium.support.ui.ExpectedConditions$7.apply(ExpectedConditions.java:205)
	at org.openqa.selenium.support.ui.ExpectedConditions$7.apply(ExpectedConditions.java:201)
	at org.openqa.selenium.support.ui.ExpectedConditions$22.apply(ExpectedConditions.java:641)
	at org.openqa.selenium.support.ui.ExpectedConditions$22.apply(ExpectedConditions.java:638)
	at org.openqa.selenium.support.ui.FluentWait.until(FluentWait.java:249)
	at Script1726815295533.run(Script1726815295533.groovy:58)
	... 15 more


16-10-2024T19:27:01 - [TEST_STEP][PASSED] - Start listener action : sampleAfterTestCase: null

16-10-2024T19:27:01 - [TEST_STEP][PASSED] - testCaseId = testCaseContext.getTestCaseId(): null

16-10-2024T19:27:01 - [TEST_STEP][PASSED] - if (testCaseId == "Test Cases/Quản lý tài khoản merchant/Quản lý dịch vụ merchant/TC_13_Kiểm tra chức năng xác nhận cấu hình thay đổi VA"): null]]></system-out>
         <system-err><![CDATA[16-10-2024T19:26:11 - [TEST_CASE][ERROR] - Test Cases/Quản lý tài khoản merchant/Quản lý danh sách tài khoản/Rút tiền/TC_12_Kiểm tra khi rút tiền số tiền bé hơn số tiền có thể rút do tạm giữ và chọn chấp nhận cho rút số tiền tạm giữ: Test Cases/Quản lý tài khoản merchant/Quản lý danh sách tài khoản/Rút tiền/TC_12_Kiểm tra khi rút tiền số tiền bé hơn số tiền có thể rút do tạm giữ và chọn chấp nhận cho rút số tiền tạm giữ FAILED.
Reason:
org.openqa.selenium.TimeoutException: Expected condition failed: waiting for element to be clickable: By.xpath: //button[contains(text(),'Đồng ý')] (tried for 30 second(s) with 500 milliseconds interval)
	at org.openqa.selenium.support.ui.WebDriverWait.timeoutException(WebDriverWait.java:95)
	at org.openqa.selenium.support.ui.FluentWait.until(FluentWait.java:272)
	at TC_12_Kiểm tra khi rút tiền số tiền bé hơn số tiền có thể rút do tạm giữ và chọn chấp nhận cho rút số tiền tạm giữ.run(TC_12_Kiểm tra khi rút tiền số tiền bé hơn số tiền có thể rút do tạm giữ và chọn chấp nhận cho rút số tiền tạm giữ:58)
	at com.kms.katalon.core.main.ScriptEngine.run(ScriptEngine.java:194)
	at com.kms.katalon.core.main.ScriptEngine.runScriptAsRawText(ScriptEngine.java:119)
	at com.kms.katalon.core.main.TestCaseExecutor.runScript(TestCaseExecutor.java:448)
	at com.kms.katalon.core.main.TestCaseExecutor.doExecute(TestCaseExecutor.java:439)
	at com.kms.katalon.core.main.TestCaseExecutor.processExecutionPhase(TestCaseExecutor.java:418)
	at com.kms.katalon.core.main.TestCaseExecutor.accessMainPhase(TestCaseExecutor.java:410)
	at com.kms.katalon.core.main.TestCaseExecutor.execute(TestCaseExecutor.java:285)
	at com.kms.katalon.core.common.CommonExecutor.accessTestCaseMainPhase(CommonExecutor.java:65)
	at com.kms.katalon.core.main.TestSuiteExecutor.accessTestSuiteMainPhase(TestSuiteExecutor.java:150)
	at com.kms.katalon.core.main.TestSuiteExecutor.execute(TestSuiteExecutor.java:106)
	at com.kms.katalon.core.main.TestCaseMain.startTestSuite(TestCaseMain.java:180)
	at TempTestSuite1729080945785.run(TempTestSuite1729080945785.groovy:35)
	at java.base/jdk.internal.reflect.NativeMethodAccessorImpl.invoke0(Native Method)
	at java.base/jdk.internal.reflect.NativeMethodAccessorImpl.invoke(NativeMethodAccessorImpl.java:77)
	at java.base/jdk.internal.reflect.DelegatingMethodAccessorImpl.invoke(DelegatingMethodAccessorImpl.java:43)
Caused by: org.openqa.selenium.NoSuchElementException: no such element: Unable to locate element: {"method":"xpath","selector":"//button[contains(text(),'Đồng ý')]"}
  (Session info: chrome=130.0.6723.59)
For documentation on this error, please visit: https://www.seleniumhq.org/exceptions/no_such_element.html
Build info: version: '3.141.59', revision: 'unknown', time: 'unknown'
System info: host: 'Aidans-Macbook.local', ip: '2405:4803:fd90:9ef0:b0c9:6dde:81ec:56fd%en0', os.name: 'Mac OS X', os.arch: 'aarch64', os.version: '14.5', java.version: '17.0.7'
Driver info: com.kms.katalon.selenium.driver.CChromeDriver
Capabilities {acceptInsecureCerts: false, browserName: chrome, browserVersion: 130.0.6723.59, chrome: {chromedriverVersion: 129.0.6668.100 (cf58cba358d..., userDataDir: /var/folders/w1/k98vh2j97rz...}, fedcm:accounts: true, goog:chromeOptions: {debuggerAddress: localhost:57141}, javascriptEnabled: true, networkConnectionEnabled: false, pageLoadStrategy: normal, platform: MAC, platformName: MAC, proxy: Proxy(), setWindowRect: true, strictFileInteractability: false, timeouts: {implicit: 0, pageLoad: 300000, script: 30000}, unhandledPromptBehavior: dismiss and notify, webauthn:extension:credBlob: true, webauthn:extension:largeBlob: true, webauthn:extension:minPinLength: true, webauthn:extension:prf: true, webauthn:virtualAuthenticators: true}
Session ID: 41b27f7b8f8f94e4cd37b3b974197a41
*** Element info: {Using=xpath, value=//button[contains(text(),'Đồng ý')]}
	at jdk.internal.reflect.GeneratedConstructorAccessor22.newInstance(Unknown Source)
	at java.base/jdk.internal.reflect.DelegatingConstructorAccessorImpl.newInstance(DelegatingConstructorAccessorImpl.java:45)
	at org.openqa.selenium.remote.http.W3CHttpResponseCodec.createException(W3CHttpResponseCodec.java:187)
	at org.openqa.selenium.remote.http.W3CHttpResponseCodec.decode(W3CHttpResponseCodec.java:122)
	at org.openqa.selenium.remote.http.W3CHttpResponseCodec.decode(W3CHttpResponseCodec.java:49)
	at org.openqa.selenium.remote.HttpCommandExecutor.execute(HttpCommandExecutor.java:158)
	at org.openqa.selenium.remote.service.DriverCommandExecutor.execute(DriverCommandExecutor.java:83)
	at org.openqa.selenium.remote.RemoteWebDriver.execute(RemoteWebDriver.java:552)
	at com.kms.katalon.selenium.driver.CChromeDriver.execute(CChromeDriver.java:19)
	at org.openqa.selenium.remote.RemoteWebDriver.findElement(RemoteWebDriver.java:323)
	at org.openqa.selenium.remote.RemoteWebDriver.findElementByXPath(RemoteWebDriver.java:428)
	at org.openqa.selenium.By$ByXPath.findElement(By.java:353)
	at org.openqa.selenium.remote.RemoteWebDriver.findElement(RemoteWebDriver.java:315)
	at jdk.internal.reflect.GeneratedMethodAccessor9.invoke(Unknown Source)
	at java.base/jdk.internal.reflect.DelegatingMethodAccessorImpl.invoke(DelegatingMethodAccessorImpl.java:43)
	at org.openqa.selenium.support.events.EventFiringWebDriver.lambda$new$1(EventFiringWebDriver.java:105)
	at jdk.proxy2/jdk.proxy2.$Proxy22.findElement(Unknown Source)
	at org.openqa.selenium.support.events.EventFiringWebDriver.findElement(EventFiringWebDriver.java:194)
	at org.openqa.selenium.support.ui.ExpectedConditions$7.apply(ExpectedConditions.java:205)
	at org.openqa.selenium.support.ui.ExpectedConditions$7.apply(ExpectedConditions.java:201)
	at org.openqa.selenium.support.ui.ExpectedConditions$22.apply(ExpectedConditions.java:641)
	at org.openqa.selenium.support.ui.ExpectedConditions$22.apply(ExpectedConditions.java:638)
	at org.openqa.selenium.support.ui.FluentWait.until(FluentWait.java:249)
	... 16 more]]></system-err>
      </testcase>
      <system-out><![CDATA[16-10-2024T19:15:50 - [TEST_SUITE][ERROR] - Rút tiền: Test Cases/Quản lý tài khoản merchant/Quản lý danh sách tài khoản/Rút tiền/TC_06_Kiểm tra khi rút tiền thành công và duyệt lần 1 FAILED.
Reason:
org.openqa.selenium.TimeoutException: Expected condition failed: waiting for element to be clickable: By.xpath: //button[contains(text(),'VH DUYỆT GD RÚT LẦN 1')] (tried for 30 second(s) with 500 milliseconds interval)
	at org.openqa.selenium.support.ui.WebDriverWait.timeoutException(WebDriverWait.java:95)
	at org.openqa.selenium.support.ui.FluentWait.until(FluentWait.java:272)
	at TC_06_Kiểm tra khi rút tiền thành công và duyệt lần 1.run(TC_06_Kiểm tra khi rút tiền thành công và duyệt lần 1:74)
	at com.kms.katalon.core.main.ScriptEngine.run(ScriptEngine.java:194)
	at com.kms.katalon.core.main.ScriptEngine.runScriptAsRawText(ScriptEngine.java:119)
	at com.kms.katalon.core.main.TestCaseExecutor.runScript(TestCaseExecutor.java:448)
	at com.kms.katalon.core.main.TestCaseExecutor.doExecute(TestCaseExecutor.java:439)
	at com.kms.katalon.core.main.TestCaseExecutor.processExecutionPhase(TestCaseExecutor.java:418)
	at com.kms.katalon.core.main.TestCaseExecutor.accessMainPhase(TestCaseExecutor.java:410)
	at com.kms.katalon.core.main.TestCaseExecutor.execute(TestCaseExecutor.java:285)
	at com.kms.katalon.core.common.CommonExecutor.accessTestCaseMainPhase(CommonExecutor.java:65)
	at com.kms.katalon.core.main.TestSuiteExecutor.accessTestSuiteMainPhase(TestSuiteExecutor.java:150)
	at com.kms.katalon.core.main.TestSuiteExecutor.execute(TestSuiteExecutor.java:106)
	at com.kms.katalon.core.main.TestCaseMain.startTestSuite(TestCaseMain.java:180)
	at TempTestSuite1729080945785.run(TempTestSuite1729080945785.groovy:35)
	at java.base/jdk.internal.reflect.NativeMethodAccessorImpl.invoke0(Native Method)
	at java.base/jdk.internal.reflect.NativeMethodAccessorImpl.invoke(NativeMethodAccessorImpl.java:77)
	at java.base/jdk.internal.reflect.DelegatingMethodAccessorImpl.invoke(DelegatingMethodAccessorImpl.java:43)
Caused by: org.openqa.selenium.NoSuchElementException: no such element: Unable to locate element: {"method":"xpath","selector":"//button[contains(text(),'VH DUYỆT GD RÚT LẦN 1')]"}
  (Session info: chrome=130.0.6723.59)
For documentation on this error, please visit: https://www.seleniumhq.org/exceptions/no_such_element.html
Build info: version: '3.141.59', revision: 'unknown', time: 'unknown'
System info: host: 'Aidans-Macbook.local', ip: '2405:4803:fd90:9ef0:b0c9:6dde:81ec:56fd%en0', os.name: 'Mac OS X', os.arch: 'aarch64', os.version: '14.5', java.version: '17.0.7'
Driver info: com.kms.katalon.selenium.driver.CChromeDriver
Capabilities {acceptInsecureCerts: false, browserName: chrome, browserVersion: 130.0.6723.59, chrome: {chromedriverVersion: 129.0.6668.100 (cf58cba358d..., userDataDir: /var/folders/w1/k98vh2j97rz...}, fedcm:accounts: true, goog:chromeOptions: {debuggerAddress: localhost:56956}, javascriptEnabled: true, networkConnectionEnabled: false, pageLoadStrategy: normal, platform: MAC, platformName: MAC, proxy: Proxy(), setWindowRect: true, strictFileInteractability: false, timeouts: {implicit: 0, pageLoad: 300000, script: 30000}, unhandledPromptBehavior: dismiss and notify, webauthn:extension:credBlob: true, webauthn:extension:largeBlob: true, webauthn:extension:minPinLength: true, webauthn:extension:prf: true, webauthn:virtualAuthenticators: true}
Session ID: 7533e5361ab947194e528b2639d1ae70
*** Element info: {Using=xpath, value=//button[contains(text(),'VH DUYỆT GD RÚT LẦN 1')]}
	at jdk.internal.reflect.GeneratedConstructorAccessor22.newInstance(Unknown Source)
	at java.base/jdk.internal.reflect.DelegatingConstructorAccessorImpl.newInstance(DelegatingConstructorAccessorImpl.java:45)
	at org.openqa.selenium.remote.http.W3CHttpResponseCodec.createException(W3CHttpResponseCodec.java:187)
	at org.openqa.selenium.remote.http.W3CHttpResponseCodec.decode(W3CHttpResponseCodec.java:122)
	at org.openqa.selenium.remote.http.W3CHttpResponseCodec.decode(W3CHttpResponseCodec.java:49)
	at org.openqa.selenium.remote.HttpCommandExecutor.execute(HttpCommandExecutor.java:158)
	at org.openqa.selenium.remote.service.DriverCommandExecutor.execute(DriverCommandExecutor.java:83)
	at org.openqa.selenium.remote.RemoteWebDriver.execute(RemoteWebDriver.java:552)
	at com.kms.katalon.selenium.driver.CChromeDriver.execute(CChromeDriver.java:19)
	at org.openqa.selenium.remote.RemoteWebDriver.findElement(RemoteWebDriver.java:323)
	at org.openqa.selenium.remote.RemoteWebDriver.findElementByXPath(RemoteWebDriver.java:428)
	at org.openqa.selenium.By$ByXPath.findElement(By.java:353)
	at org.openqa.selenium.remote.RemoteWebDriver.findElement(RemoteWebDriver.java:315)
	at jdk.internal.reflect.GeneratedMethodAccessor9.invoke(Unknown Source)
	at java.base/jdk.internal.reflect.DelegatingMethodAccessorImpl.invoke(DelegatingMethodAccessorImpl.java:43)
	at org.openqa.selenium.support.events.EventFiringWebDriver.lambda$new$1(EventFiringWebDriver.java:105)
	at jdk.proxy2/jdk.proxy2.$Proxy22.findElement(Unknown Source)
	at org.openqa.selenium.support.events.EventFiringWebDriver.findElement(EventFiringWebDriver.java:194)
	at org.openqa.selenium.support.ui.ExpectedConditions$7.apply(ExpectedConditions.java:205)
	at org.openqa.selenium.support.ui.ExpectedConditions$7.apply(ExpectedConditions.java:201)
	at org.openqa.selenium.support.ui.ExpectedConditions$22.apply(ExpectedConditions.java:641)
	at org.openqa.selenium.support.ui.ExpectedConditions$22.apply(ExpectedConditions.java:638)
	at org.openqa.selenium.support.ui.FluentWait.until(FluentWait.java:249)
	... 16 more]]></system-out>
      <system-err><![CDATA[16-10-2024T19:15:50 - [TEST_SUITE][ERROR] - Rút tiền: Test Cases/Quản lý tài khoản merchant/Quản lý danh sách tài khoản/Rút tiền/TC_06_Kiểm tra khi rút tiền thành công và duyệt lần 1 FAILED.
Reason:
org.openqa.selenium.TimeoutException: Expected condition failed: waiting for element to be clickable: By.xpath: //button[contains(text(),'VH DUYỆT GD RÚT LẦN 1')] (tried for 30 second(s) with 500 milliseconds interval)
	at org.openqa.selenium.support.ui.WebDriverWait.timeoutException(WebDriverWait.java:95)
	at org.openqa.selenium.support.ui.FluentWait.until(FluentWait.java:272)
	at TC_06_Kiểm tra khi rút tiền thành công và duyệt lần 1.run(TC_06_Kiểm tra khi rút tiền thành công và duyệt lần 1:74)
	at com.kms.katalon.core.main.ScriptEngine.run(ScriptEngine.java:194)
	at com.kms.katalon.core.main.ScriptEngine.runScriptAsRawText(ScriptEngine.java:119)
	at com.kms.katalon.core.main.TestCaseExecutor.runScript(TestCaseExecutor.java:448)
	at com.kms.katalon.core.main.TestCaseExecutor.doExecute(TestCaseExecutor.java:439)
	at com.kms.katalon.core.main.TestCaseExecutor.processExecutionPhase(TestCaseExecutor.java:418)
	at com.kms.katalon.core.main.TestCaseExecutor.accessMainPhase(TestCaseExecutor.java:410)
	at com.kms.katalon.core.main.TestCaseExecutor.execute(TestCaseExecutor.java:285)
	at com.kms.katalon.core.common.CommonExecutor.accessTestCaseMainPhase(CommonExecutor.java:65)
	at com.kms.katalon.core.main.TestSuiteExecutor.accessTestSuiteMainPhase(TestSuiteExecutor.java:150)
	at com.kms.katalon.core.main.TestSuiteExecutor.execute(TestSuiteExecutor.java:106)
	at com.kms.katalon.core.main.TestCaseMain.startTestSuite(TestCaseMain.java:180)
	at TempTestSuite1729080945785.run(TempTestSuite1729080945785.groovy:35)
	at java.base/jdk.internal.reflect.NativeMethodAccessorImpl.invoke0(Native Method)
	at java.base/jdk.internal.reflect.NativeMethodAccessorImpl.invoke(NativeMethodAccessorImpl.java:77)
	at java.base/jdk.internal.reflect.DelegatingMethodAccessorImpl.invoke(DelegatingMethodAccessorImpl.java:43)
Caused by: org.openqa.selenium.NoSuchElementException: no such element: Unable to locate element: {"method":"xpath","selector":"//button[contains(text(),'VH DUYỆT GD RÚT LẦN 1')]"}
  (Session info: chrome=130.0.6723.59)
For documentation on this error, please visit: https://www.seleniumhq.org/exceptions/no_such_element.html
Build info: version: '3.141.59', revision: 'unknown', time: 'unknown'
System info: host: 'Aidans-Macbook.local', ip: '2405:4803:fd90:9ef0:b0c9:6dde:81ec:56fd%en0', os.name: 'Mac OS X', os.arch: 'aarch64', os.version: '14.5', java.version: '17.0.7'
Driver info: com.kms.katalon.selenium.driver.CChromeDriver
Capabilities {acceptInsecureCerts: false, browserName: chrome, browserVersion: 130.0.6723.59, chrome: {chromedriverVersion: 129.0.6668.100 (cf58cba358d..., userDataDir: /var/folders/w1/k98vh2j97rz...}, fedcm:accounts: true, goog:chromeOptions: {debuggerAddress: localhost:56956}, javascriptEnabled: true, networkConnectionEnabled: false, pageLoadStrategy: normal, platform: MAC, platformName: MAC, proxy: Proxy(), setWindowRect: true, strictFileInteractability: false, timeouts: {implicit: 0, pageLoad: 300000, script: 30000}, unhandledPromptBehavior: dismiss and notify, webauthn:extension:credBlob: true, webauthn:extension:largeBlob: true, webauthn:extension:minPinLength: true, webauthn:extension:prf: true, webauthn:virtualAuthenticators: true}
Session ID: 7533e5361ab947194e528b2639d1ae70
*** Element info: {Using=xpath, value=//button[contains(text(),'VH DUYỆT GD RÚT LẦN 1')]}
	at jdk.internal.reflect.GeneratedConstructorAccessor22.newInstance(Unknown Source)
	at java.base/jdk.internal.reflect.DelegatingConstructorAccessorImpl.newInstance(DelegatingConstructorAccessorImpl.java:45)
	at org.openqa.selenium.remote.http.W3CHttpResponseCodec.createException(W3CHttpResponseCodec.java:187)
	at org.openqa.selenium.remote.http.W3CHttpResponseCodec.decode(W3CHttpResponseCodec.java:122)
	at org.openqa.selenium.remote.http.W3CHttpResponseCodec.decode(W3CHttpResponseCodec.java:49)
	at org.openqa.selenium.remote.HttpCommandExecutor.execute(HttpCommandExecutor.java:158)
	at org.openqa.selenium.remote.service.DriverCommandExecutor.execute(DriverCommandExecutor.java:83)
	at org.openqa.selenium.remote.RemoteWebDriver.execute(RemoteWebDriver.java:552)
	at com.kms.katalon.selenium.driver.CChromeDriver.execute(CChromeDriver.java:19)
	at org.openqa.selenium.remote.RemoteWebDriver.findElement(RemoteWebDriver.java:323)
	at org.openqa.selenium.remote.RemoteWebDriver.findElementByXPath(RemoteWebDriver.java:428)
	at org.openqa.selenium.By$ByXPath.findElement(By.java:353)
	at org.openqa.selenium.remote.RemoteWebDriver.findElement(RemoteWebDriver.java:315)
	at jdk.internal.reflect.GeneratedMethodAccessor9.invoke(Unknown Source)
	at java.base/jdk.internal.reflect.DelegatingMethodAccessorImpl.invoke(DelegatingMethodAccessorImpl.java:43)
	at org.openqa.selenium.support.events.EventFiringWebDriver.lambda$new$1(EventFiringWebDriver.java:105)
	at jdk.proxy2/jdk.proxy2.$Proxy22.findElement(Unknown Source)
	at org.openqa.selenium.support.events.EventFiringWebDriver.findElement(EventFiringWebDriver.java:194)
	at org.openqa.selenium.support.ui.ExpectedConditions$7.apply(ExpectedConditions.java:205)
	at org.openqa.selenium.support.ui.ExpectedConditions$7.apply(ExpectedConditions.java:201)
	at org.openqa.selenium.support.ui.ExpectedConditions$22.apply(ExpectedConditions.java:641)
	at org.openqa.selenium.support.ui.ExpectedConditions$22.apply(ExpectedConditions.java:638)
	at org.openqa.selenium.support.ui.FluentWait.until(FluentWait.java:249)
	... 16 more]]></system-err>
   </testsuite>
</testsuites>
