<?xml version="1.0" encoding="UTF-8"?>
<testsuites name="Nạp tiền" time="534.146" tests="11" failures="0" errors="6">
   <testsuite name="Nạp tiền" tests="11" failures="0" errors="6" time="534.146" skipped="0" timestamp="16-10-2024T19:06:12" hostname="aidan - localhost" id="Test Suites/Quản lý tài khoản merchant/Nạp tiền">
      <properties>
         <property name="deviceName" value=""/>
         <property name="devicePlatform"/>
         <property name="logFolder" value="/Users/aidan/Documents/Test9S/CMS9Pay_Final/Reports/20241016_190607/Qu\u1EA3n l\u00FD t\u00E0i kho\u1EA3n merchant/N\u1EA1p ti\u1EC1n/20241016_190608"/>
         <property name="logFiles" value="/Users/aidan/Documents/Test9S/CMS9Pay_Final/Reports/20241016_190607/Qu\u1EA3n l\u00FD t\u00E0i kho\u1EA3n merchant/N\u1EA1p ti\u1EC1n/20241016_190608/execution0.log"/>
         <property name="attachments" value=""/>
         <property name="hostName" value="aidan - localhost"/>
         <property name="os" value="Mac OS X 64bit"/>
         <property name="katalonVersion" value="9.7.2.223"/>
         <property name="browser" value="Chrome 130.0.0.0"/>
         <property name="hostAddress" value="127.0.0.1"/>
         <property name="sessionId" value="e4040168295277cd300e54610ade0a18"/>
         <property name="seleniumVersion" value="3.141.59"/>
         <property name="proxyInformation" value="ProxyInformation { proxyOption=NO_PROXY, proxyServerType=HTTP, username=, password=********, proxyServerAddress=, proxyServerPort=0, executionList=&quot;&quot;, isApplyToDesiredCapabilities=true }"/>
         <property name="platform" value="Mac OS X"/>
      </properties>
      <testcase name="Test Cases/Quản lý tài khoản merchant/Quản lý danh sách tài khoản/Nạp tiền/TC_01_Kiểm tra mở màn hình nạp tiền" time="15.103" classname="Test Cases/Quản lý tài khoản merchant/Quản lý danh sách tài khoản/Nạp tiền/TC_01_Kiểm tra mở màn hình nạp tiền" status="PASSED">
         <system-out><![CDATA[16-10-2024T19:06:12 - [TEST_CASE][PASSED] - Test Cases/Quản lý tài khoản merchant/Quản lý danh sách tài khoản/Nạp tiền/TC_01_Kiểm tra mở màn hình nạp tiền: Test Cases/Quản lý tài khoản merchant/Quản lý danh sách tài khoản/Nạp tiền/TC_01_Kiểm tra mở màn hình nạp tiền

16-10-2024T19:06:12 - [TEST_STEP][PASSED] - Start listener action : sampleBeforeTestCase: Navigate to 'https://stg-cms-console.9pay.mobi/login' successfully

16-10-2024T19:06:12 - [TEST_STEP][PASSED] - testCaseId = testCaseContext.getTestCaseId(): null

16-10-2024T19:06:12 - [TEST_STEP][PASSED] - url = <not implemented yet for class: org.codehaus.groovy.ast.expr.EmptyExpression>: null

16-10-2024T19:06:12 - [TEST_STEP][PASSED] - if (testCaseId == "Test Cases/Quản lý tài khoản merchant/Quản lý dịch vụ merchant/TC_14_Kiểm tra thay đổi sau khi cấu hình VA trên MCV"): null

16-10-2024T19:06:12 - [TEST_STEP][PASSED] - else: null

16-10-2024T19:06:12 - [TEST_STEP][PASSED] - url = "https://stg-cms-console.9pay.mobi/login": null

16-10-2024T19:06:12 - [TEST_STEP][PASSED] - openBrowser(""): Browser is opened with url: ''

16-10-2024T19:06:12 - [MESSAGE][INFO] - Starting 'Chrome' driver

16-10-2024T19:06:12 - [MESSAGE][INFO] - Action delay is set to 0 milliseconds

16-10-2024T19:06:13 - [MESSAGE][PASSED] - Browser is opened with url: ''

16-10-2024T19:06:13 - [TEST_STEP][PASSED] - maximizeWindow(): Current window maximized

16-10-2024T19:06:13 - [MESSAGE][PASSED] - Current window maximized

16-10-2024T19:06:13 - [TEST_STEP][PASSED] - navigateToUrl(url): Navigate to 'https://stg-cms-console.9pay.mobi/login' successfully

16-10-2024T19:06:15 - [MESSAGE][PASSED] - Navigate to 'https://stg-cms-console.9pay.mobi/login' successfully

16-10-2024T19:06:15 - [TEST_STEP][PASSED] - driver = getWebDriver(): null

16-10-2024T19:06:15 - [TEST_STEP][PASSED] - callTestCase(findTestCase("Test Cases/Login/LoginCommon"), [:], STOP_ON_FAILURE): Call Test Case 'Test Cases/Login/LoginCommon' successfully

16-10-2024T19:06:15 - [TEST_CASE][PASSED] - Test Cases/Login/LoginCommon: Test Cases/Login/LoginCommon

16-10-2024T19:06:15 - [TEST_STEP][PASSED] - driver = getWebDriver(): null

16-10-2024T19:06:15 - [TEST_STEP][PASSED] - sendKeys(findTestObject("Quản lý tài khoản merchant/Quản lý dịch vụ merchant/userNameTextbox"), userAccount): Keys 'dannt@9pay.vn' sent to object: 'Object Repository/Quản lý tài khoản merchant/Quản lý dịch vụ merchant/userNameTextbox'

16-10-2024T19:06:15 - [MESSAGE][PASSED] - Keys 'dannt@9pay.vn' sent to object: 'Object Repository/Quản lý tài khoản merchant/Quản lý dịch vụ merchant/userNameTextbox'

16-10-2024T19:06:15 - [TEST_STEP][PASSED] - sendKeys(findTestObject("Quản lý tài khoản merchant/Quản lý dịch vụ merchant/passwordTextbox"), password): Keys 'dannt@9pay.vn' sent to object: 'Object Repository/Quản lý tài khoản merchant/Quản lý dịch vụ merchant/passwordTextbox'

16-10-2024T19:06:16 - [MESSAGE][PASSED] - Keys 'dannt@9pay.vn' sent to object: 'Object Repository/Quản lý tài khoản merchant/Quản lý dịch vụ merchant/passwordTextbox'

16-10-2024T19:06:16 - [TEST_STEP][PASSED] - click(findTestObject("Quản lý tài khoản merchant/Quản lý dịch vụ merchant/loginButton")): Object: 'Object Repository/Quản lý tài khoản merchant/Quản lý dịch vụ merchant/loginButton' is clicked on

16-10-2024T19:06:16 - [MESSAGE][PASSED] - Object: 'Object Repository/Quản lý tài khoản merchant/Quản lý dịch vụ merchant/loginButton' is clicked on

16-10-2024T19:06:16 - [MESSAGE][PASSED] - Call Test Case 'Test Cases/Login/LoginCommon' successfully

16-10-2024T19:06:16 - [TEST_STEP][PASSED] - waitForElementVisible(findTestObject("Trang chủ/userName"), 20, STOP_ON_FAILURE): Object 'Object Repository/Trang chủ/userName' is visible

16-10-2024T19:06:17 - [MESSAGE][PASSED] - Object 'Object Repository/Trang chủ/userName' is visible

16-10-2024T19:06:17 - [TEST_STEP][PASSED] - callTestCase(findTestCase("Test Cases/Quản lý tài khoản merchant/Quản lý danh sách tài khoản/CustomFunctions Deposit"), [:], STOP_ON_FAILURE): Call Test Case 'Test Cases/Quản lý tài khoản merchant/Quản lý danh sách tài khoản/CustomFunctions Deposit' successfully

16-10-2024T19:06:17 - [TEST_CASE][PASSED] - Test Cases/Quản lý tài khoản merchant/Quản lý danh sách tài khoản/CustomFunctions Deposit: Test Cases/Quản lý tài khoản merchant/Quản lý danh sách tài khoản/CustomFunctions Deposit

16-10-2024T19:06:17 - [TEST_STEP][PASSED] - driver = getWebDriver(): null

16-10-2024T19:06:17 - [TEST_STEP][PASSED] - element1 = driver.findElement(By.xpath("//span[contains(text(),'Quản lý tài khoản merchant')]")): null

16-10-2024T19:06:19 - [TEST_STEP][PASSED] - actions = new org.openqa.selenium.interactions.Actions(driver): null

16-10-2024T19:06:19 - [TEST_STEP][PASSED] - click().perform(): null

16-10-2024T19:06:20 - [TEST_STEP][PASSED] - wait = new org.openqa.selenium.support.ui.WebDriverWait(com.kms.katalon.core.webui.driver.DriverFactory.getWebDriver(), 15): null

16-10-2024T19:06:20 - [TEST_STEP][PASSED] - xpath(xpathManagerListAccount))).click(): null

16-10-2024T19:06:20 - [MESSAGE][PASSED] - Call Test Case 'Test Cases/Quản lý tài khoản merchant/Quản lý danh sách tài khoản/CustomFunctions Deposit' successfully

16-10-2024T19:06:20 - [TEST_STEP][PASSED] - wait = new org.openqa.selenium.support.ui.WebDriverWait(com.kms.katalon.core.webui.driver.DriverFactory.getWebDriver(), 20): null

16-10-2024T19:06:20 - [TEST_STEP][PASSED] - userCode = wait.until(ExpectedConditions.visibilityOfElementLocated(By.xpath(xpathUserCode))): null

16-10-2024T19:06:23 - [TEST_STEP][PASSED] - println(userCode.getText()): null

16-10-2024T19:06:23 - [TEST_STEP][PASSED] - accountBtn = wait.until(ExpectedConditions.elementToBeClickable(By.xpath(xpathBtnAccount))): null

16-10-2024T19:06:23 - [TEST_STEP][PASSED] - accountBtn.click(): null

16-10-2024T19:06:24 - [TEST_STEP][PASSED] - searchTextbox = wait.until(ExpectedConditions.elementToBeClickable(By.xpath(xpathSearchTextbox))): null

16-10-2024T19:06:24 - [TEST_STEP][PASSED] - searchTextbox.sendKeys(username): null

16-10-2024T19:06:24 - [TEST_STEP][PASSED] - xpath(xpathOption)).click(): null

16-10-2024T19:06:24 - [TEST_STEP][PASSED] - xpath(xpathBtnSearch)).click(): null

16-10-2024T19:06:25 - [TEST_STEP][PASSED] - Assert.assertEquals(xpath(xpathAccountName)).getText(), username): null

16-10-2024T19:06:25 - [TEST_STEP][PASSED] - xpath(xpathBtnDeposit)).click(): null

16-10-2024T19:06:26 - [TEST_STEP][PASSED] - Assert.assertEquals(xpath(xpathTitle)).getText(), titleText): null

16-10-2024T19:06:27 - [TEST_STEP][PASSED] - Start listener action : sampleAfterTestCase: null

16-10-2024T19:06:27 - [TEST_STEP][PASSED] - testCaseId = testCaseContext.getTestCaseId(): null

16-10-2024T19:06:27 - [TEST_STEP][PASSED] - if (testCaseId == "Test Cases/Quản lý tài khoản merchant/Quản lý dịch vụ merchant/TC_13_Kiểm tra chức năng xác nhận cấu hình thay đổi VA"): null]]></system-out>
         <system-err><![CDATA[]]></system-err>
      </testcase>
      <testcase name="Test Cases/Quản lý tài khoản merchant/Quản lý danh sách tài khoản/Nạp tiền/TC_02_Kiểm tra khi để trống các trường trong màn Nạp tiền" time="24.702" classname="Test Cases/Quản lý tài khoản merchant/Quản lý danh sách tài khoản/Nạp tiền/TC_02_Kiểm tra khi để trống các trường trong màn Nạp tiền" status="PASSED">
         <system-out><![CDATA[16-10-2024T19:06:27 - [TEST_CASE][PASSED] - Test Cases/Quản lý tài khoản merchant/Quản lý danh sách tài khoản/Nạp tiền/TC_02_Kiểm tra khi để trống các trường trong màn Nạp tiền: Test Cases/Quản lý tài khoản merchant/Quản lý danh sách tài khoản/Nạp tiền/TC_02_Kiểm tra khi để trống các trường trong màn Nạp tiền

16-10-2024T19:06:27 - [TEST_STEP][PASSED] - Start listener action : sampleBeforeTestCase: Navigate to 'https://stg-cms-console.9pay.mobi/login' successfully

16-10-2024T19:06:27 - [TEST_STEP][PASSED] - testCaseId = testCaseContext.getTestCaseId(): null

16-10-2024T19:06:27 - [TEST_STEP][PASSED] - url = <not implemented yet for class: org.codehaus.groovy.ast.expr.EmptyExpression>: null

16-10-2024T19:06:27 - [TEST_STEP][PASSED] - if (testCaseId == "Test Cases/Quản lý tài khoản merchant/Quản lý dịch vụ merchant/TC_14_Kiểm tra thay đổi sau khi cấu hình VA trên MCV"): null

16-10-2024T19:06:27 - [TEST_STEP][PASSED] - else: null

16-10-2024T19:06:27 - [TEST_STEP][PASSED] - url = "https://stg-cms-console.9pay.mobi/login": null

16-10-2024T19:06:27 - [TEST_STEP][PASSED] - openBrowser(""): Browser is opened with url: ''

16-10-2024T19:06:27 - [MESSAGE][WARNING] - A browser is already opened. Closing browser and opening a new one

16-10-2024T19:06:27 - [MESSAGE][INFO] - Starting 'Chrome' driver

16-10-2024T19:06:27 - [MESSAGE][INFO] - Action delay is set to 0 milliseconds

16-10-2024T19:06:27 - [MESSAGE][PASSED] - Browser is opened with url: ''

16-10-2024T19:06:27 - [TEST_STEP][PASSED] - maximizeWindow(): Current window maximized

16-10-2024T19:06:28 - [MESSAGE][PASSED] - Current window maximized

16-10-2024T19:06:28 - [TEST_STEP][PASSED] - navigateToUrl(url): Navigate to 'https://stg-cms-console.9pay.mobi/login' successfully

16-10-2024T19:06:29 - [MESSAGE][PASSED] - Navigate to 'https://stg-cms-console.9pay.mobi/login' successfully

16-10-2024T19:06:29 - [TEST_STEP][PASSED] - driver = getWebDriver(): null

16-10-2024T19:06:29 - [TEST_STEP][PASSED] - callTestCase(findTestCase("Test Cases/Login/LoginCommon"), [:], STOP_ON_FAILURE): Call Test Case 'Test Cases/Login/LoginCommon' successfully

16-10-2024T19:06:29 - [TEST_CASE][PASSED] - Test Cases/Login/LoginCommon: Test Cases/Login/LoginCommon

16-10-2024T19:06:29 - [TEST_STEP][PASSED] - driver = getWebDriver(): null

16-10-2024T19:06:29 - [TEST_STEP][PASSED] - sendKeys(findTestObject("Quản lý tài khoản merchant/Quản lý dịch vụ merchant/userNameTextbox"), userAccount): Keys 'dannt@9pay.vn' sent to object: 'Object Repository/Quản lý tài khoản merchant/Quản lý dịch vụ merchant/userNameTextbox'

16-10-2024T19:06:30 - [MESSAGE][PASSED] - Keys 'dannt@9pay.vn' sent to object: 'Object Repository/Quản lý tài khoản merchant/Quản lý dịch vụ merchant/userNameTextbox'

16-10-2024T19:06:30 - [TEST_STEP][PASSED] - sendKeys(findTestObject("Quản lý tài khoản merchant/Quản lý dịch vụ merchant/passwordTextbox"), password): Keys 'dannt@9pay.vn' sent to object: 'Object Repository/Quản lý tài khoản merchant/Quản lý dịch vụ merchant/passwordTextbox'

16-10-2024T19:06:30 - [MESSAGE][PASSED] - Keys 'dannt@9pay.vn' sent to object: 'Object Repository/Quản lý tài khoản merchant/Quản lý dịch vụ merchant/passwordTextbox'

16-10-2024T19:06:30 - [TEST_STEP][PASSED] - click(findTestObject("Quản lý tài khoản merchant/Quản lý dịch vụ merchant/loginButton")): Object: 'Object Repository/Quản lý tài khoản merchant/Quản lý dịch vụ merchant/loginButton' is clicked on

16-10-2024T19:06:30 - [MESSAGE][PASSED] - Object: 'Object Repository/Quản lý tài khoản merchant/Quản lý dịch vụ merchant/loginButton' is clicked on

16-10-2024T19:06:30 - [MESSAGE][PASSED] - Call Test Case 'Test Cases/Login/LoginCommon' successfully

16-10-2024T19:06:30 - [TEST_STEP][PASSED] - waitForElementVisible(findTestObject("Trang chủ/userName"), 20, STOP_ON_FAILURE): Object 'Object Repository/Trang chủ/userName' is visible

16-10-2024T19:06:34 - [MESSAGE][PASSED] - Object 'Object Repository/Trang chủ/userName' is visible

16-10-2024T19:06:34 - [TEST_STEP][PASSED] - callTestCase(findTestCase("Test Cases/Quản lý tài khoản merchant/Quản lý danh sách tài khoản/CustomFunctions Deposit"), [:], STOP_ON_FAILURE): Call Test Case 'Test Cases/Quản lý tài khoản merchant/Quản lý danh sách tài khoản/CustomFunctions Deposit' successfully

16-10-2024T19:06:34 - [TEST_CASE][PASSED] - Test Cases/Quản lý tài khoản merchant/Quản lý danh sách tài khoản/CustomFunctions Deposit: Test Cases/Quản lý tài khoản merchant/Quản lý danh sách tài khoản/CustomFunctions Deposit

16-10-2024T19:06:34 - [TEST_STEP][PASSED] - driver = getWebDriver(): null

16-10-2024T19:06:34 - [TEST_STEP][PASSED] - element1 = driver.findElement(By.xpath("//span[contains(text(),'Quản lý tài khoản merchant')]")): null

16-10-2024T19:06:34 - [TEST_STEP][PASSED] - actions = new org.openqa.selenium.interactions.Actions(driver): null

16-10-2024T19:06:34 - [TEST_STEP][PASSED] - click().perform(): null

16-10-2024T19:06:34 - [TEST_STEP][PASSED] - wait = new org.openqa.selenium.support.ui.WebDriverWait(com.kms.katalon.core.webui.driver.DriverFactory.getWebDriver(), 15): null

16-10-2024T19:06:34 - [TEST_STEP][PASSED] - xpath(xpathManagerListAccount))).click(): null

16-10-2024T19:06:35 - [MESSAGE][PASSED] - Call Test Case 'Test Cases/Quản lý tài khoản merchant/Quản lý danh sách tài khoản/CustomFunctions Deposit' successfully

16-10-2024T19:06:35 - [TEST_STEP][PASSED] - wait = new org.openqa.selenium.support.ui.WebDriverWait(com.kms.katalon.core.webui.driver.DriverFactory.getWebDriver(), 30): null

16-10-2024T19:06:35 - [TEST_STEP][PASSED] - userCode = wait.until(ExpectedConditions.visibilityOfElementLocated(By.xpath(xpathUserCode))): null

16-10-2024T19:06:38 - [TEST_STEP][PASSED] - println(userCode.getText()): null

16-10-2024T19:06:38 - [TEST_STEP][PASSED] - xpath(xpathBtnAccount))).click(): null

16-10-2024T19:06:38 - [TEST_STEP][PASSED] - searchTextbox = wait.until(ExpectedConditions.elementToBeClickable(By.xpath(xpathSearchTextbox))): null

16-10-2024T19:06:38 - [TEST_STEP][PASSED] - searchTextbox.sendKeys("dannt11"): null

16-10-2024T19:06:38 - [TEST_STEP][PASSED] - xpath(xpathOption)).click(): null

16-10-2024T19:06:39 - [TEST_STEP][PASSED] - xpath(xpathBtnSearch)).click(): null

16-10-2024T19:06:39 - [TEST_STEP][PASSED] - wait.until(ExpectedConditions.visibilityOfElementLocated(By.xpath(xpathAccountName))): null

16-10-2024T19:06:40 - [TEST_STEP][PASSED] - Assert.assertEquals(xpath(xpathAccountName)).getText(), username): null

16-10-2024T19:06:40 - [TEST_STEP][PASSED] - xpath(xpathBtnDeposit)).click(): null

16-10-2024T19:06:40 - [TEST_STEP][PASSED] - textFiled = wait.until(ExpectedConditions.visibilityOfElementLocated(By.xpath(xpathTextAccount))): null

16-10-2024T19:06:51 - [TEST_STEP][PASSED] - xpath(xpathBtnContinue)).click(): null

16-10-2024T19:06:51 - [TEST_STEP][PASSED] - Assert.assertEquals(xpath(xpathErrorWallet)).getText(), errorWallet): null

16-10-2024T19:06:51 - [TEST_STEP][PASSED] - Start listener action : sampleAfterTestCase: null

16-10-2024T19:06:51 - [TEST_STEP][PASSED] - testCaseId = testCaseContext.getTestCaseId(): null

16-10-2024T19:06:51 - [TEST_STEP][PASSED] - if (testCaseId == "Test Cases/Quản lý tài khoản merchant/Quản lý dịch vụ merchant/TC_13_Kiểm tra chức năng xác nhận cấu hình thay đổi VA"): null]]></system-out>
         <system-err><![CDATA[]]></system-err>
      </testcase>
      <testcase name="Test Cases/Quản lý tài khoản merchant/Quản lý danh sách tài khoản/Nạp tiền/TC_03_Kiểm tra khi chọn ví và không chọn kì đối soát" time="30.019" classname="Test Cases/Quản lý tài khoản merchant/Quản lý danh sách tài khoản/Nạp tiền/TC_03_Kiểm tra khi chọn ví và không chọn kì đối soát" status="PASSED">
         <system-out><![CDATA[16-10-2024T19:06:51 - [TEST_CASE][PASSED] - Test Cases/Quản lý tài khoản merchant/Quản lý danh sách tài khoản/Nạp tiền/TC_03_Kiểm tra khi chọn ví và không chọn kì đối soát: Test Cases/Quản lý tài khoản merchant/Quản lý danh sách tài khoản/Nạp tiền/TC_03_Kiểm tra khi chọn ví và không chọn kì đối soát

16-10-2024T19:06:51 - [TEST_STEP][PASSED] - Start listener action : sampleBeforeTestCase: Navigate to 'https://stg-cms-console.9pay.mobi/login' successfully

16-10-2024T19:06:51 - [TEST_STEP][PASSED] - testCaseId = testCaseContext.getTestCaseId(): null

16-10-2024T19:06:51 - [TEST_STEP][PASSED] - url = <not implemented yet for class: org.codehaus.groovy.ast.expr.EmptyExpression>: null

16-10-2024T19:06:51 - [TEST_STEP][PASSED] - if (testCaseId == "Test Cases/Quản lý tài khoản merchant/Quản lý dịch vụ merchant/TC_14_Kiểm tra thay đổi sau khi cấu hình VA trên MCV"): null

16-10-2024T19:06:51 - [TEST_STEP][PASSED] - else: null

16-10-2024T19:06:51 - [TEST_STEP][PASSED] - url = "https://stg-cms-console.9pay.mobi/login": null

16-10-2024T19:06:51 - [TEST_STEP][PASSED] - openBrowser(""): Browser is opened with url: ''

16-10-2024T19:06:51 - [MESSAGE][WARNING] - A browser is already opened. Closing browser and opening a new one

16-10-2024T19:06:52 - [MESSAGE][INFO] - Starting 'Chrome' driver

16-10-2024T19:06:52 - [MESSAGE][INFO] - Action delay is set to 0 milliseconds

16-10-2024T19:06:52 - [MESSAGE][PASSED] - Browser is opened with url: ''

16-10-2024T19:06:52 - [TEST_STEP][PASSED] - maximizeWindow(): Current window maximized

16-10-2024T19:06:52 - [MESSAGE][PASSED] - Current window maximized

16-10-2024T19:06:52 - [TEST_STEP][PASSED] - navigateToUrl(url): Navigate to 'https://stg-cms-console.9pay.mobi/login' successfully

16-10-2024T19:06:53 - [MESSAGE][PASSED] - Navigate to 'https://stg-cms-console.9pay.mobi/login' successfully

16-10-2024T19:06:53 - [TEST_STEP][PASSED] - driver = getWebDriver(): null

16-10-2024T19:06:53 - [TEST_STEP][PASSED] - callTestCase(findTestCase("Test Cases/Login/LoginCommon"), [:], STOP_ON_FAILURE): Call Test Case 'Test Cases/Login/LoginCommon' successfully

16-10-2024T19:06:53 - [TEST_CASE][PASSED] - Test Cases/Login/LoginCommon: Test Cases/Login/LoginCommon

16-10-2024T19:06:53 - [TEST_STEP][PASSED] - driver = getWebDriver(): null

16-10-2024T19:06:53 - [TEST_STEP][PASSED] - sendKeys(findTestObject("Quản lý tài khoản merchant/Quản lý dịch vụ merchant/userNameTextbox"), userAccount): Keys 'dannt@9pay.vn' sent to object: 'Object Repository/Quản lý tài khoản merchant/Quản lý dịch vụ merchant/userNameTextbox'

16-10-2024T19:06:55 - [MESSAGE][PASSED] - Keys 'dannt@9pay.vn' sent to object: 'Object Repository/Quản lý tài khoản merchant/Quản lý dịch vụ merchant/userNameTextbox'

16-10-2024T19:06:55 - [TEST_STEP][PASSED] - sendKeys(findTestObject("Quản lý tài khoản merchant/Quản lý dịch vụ merchant/passwordTextbox"), password): Keys 'dannt@9pay.vn' sent to object: 'Object Repository/Quản lý tài khoản merchant/Quản lý dịch vụ merchant/passwordTextbox'

16-10-2024T19:06:55 - [MESSAGE][PASSED] - Keys 'dannt@9pay.vn' sent to object: 'Object Repository/Quản lý tài khoản merchant/Quản lý dịch vụ merchant/passwordTextbox'

16-10-2024T19:06:55 - [TEST_STEP][PASSED] - click(findTestObject("Quản lý tài khoản merchant/Quản lý dịch vụ merchant/loginButton")): Object: 'Object Repository/Quản lý tài khoản merchant/Quản lý dịch vụ merchant/loginButton' is clicked on

16-10-2024T19:06:55 - [MESSAGE][PASSED] - Object: 'Object Repository/Quản lý tài khoản merchant/Quản lý dịch vụ merchant/loginButton' is clicked on

16-10-2024T19:06:55 - [MESSAGE][PASSED] - Call Test Case 'Test Cases/Login/LoginCommon' successfully

16-10-2024T19:06:55 - [TEST_STEP][PASSED] - waitForElementVisible(findTestObject("Trang chủ/userName"), 20, STOP_ON_FAILURE): Object 'Object Repository/Trang chủ/userName' is visible

16-10-2024T19:06:57 - [MESSAGE][PASSED] - Object 'Object Repository/Trang chủ/userName' is visible

16-10-2024T19:06:57 - [TEST_STEP][PASSED] - callTestCase(findTestCase("Test Cases/Quản lý tài khoản merchant/Quản lý danh sách tài khoản/CustomFunctions Deposit"), [:], STOP_ON_FAILURE): Call Test Case 'Test Cases/Quản lý tài khoản merchant/Quản lý danh sách tài khoản/CustomFunctions Deposit' successfully

16-10-2024T19:06:57 - [TEST_CASE][PASSED] - Test Cases/Quản lý tài khoản merchant/Quản lý danh sách tài khoản/CustomFunctions Deposit: Test Cases/Quản lý tài khoản merchant/Quản lý danh sách tài khoản/CustomFunctions Deposit

16-10-2024T19:06:57 - [TEST_STEP][PASSED] - driver = getWebDriver(): null

16-10-2024T19:06:57 - [TEST_STEP][PASSED] - element1 = driver.findElement(By.xpath("//span[contains(text(),'Quản lý tài khoản merchant')]")): null

16-10-2024T19:06:59 - [TEST_STEP][PASSED] - actions = new org.openqa.selenium.interactions.Actions(driver): null

16-10-2024T19:06:59 - [TEST_STEP][PASSED] - click().perform(): null

16-10-2024T19:06:59 - [TEST_STEP][PASSED] - wait = new org.openqa.selenium.support.ui.WebDriverWait(com.kms.katalon.core.webui.driver.DriverFactory.getWebDriver(), 15): null

16-10-2024T19:06:59 - [TEST_STEP][PASSED] - xpath(xpathManagerListAccount))).click(): null

16-10-2024T19:06:59 - [MESSAGE][PASSED] - Call Test Case 'Test Cases/Quản lý tài khoản merchant/Quản lý danh sách tài khoản/CustomFunctions Deposit' successfully

16-10-2024T19:06:59 - [TEST_STEP][PASSED] - wait = new org.openqa.selenium.support.ui.WebDriverWait(com.kms.katalon.core.webui.driver.DriverFactory.getWebDriver(), 20): null

16-10-2024T19:06:59 - [TEST_STEP][PASSED] - xpath(xpathBtnAccount))).click(): null

16-10-2024T19:07:11 - [TEST_STEP][PASSED] - searchTextbox = wait.until(ExpectedConditions.elementToBeClickable(By.xpath(xpathSearchTextbox))): null

16-10-2024T19:07:11 - [TEST_STEP][PASSED] - searchTextbox.sendKeys("dannt11"): null

16-10-2024T19:07:11 - [TEST_STEP][PASSED] - xpath(xpathOption)).click(): null

16-10-2024T19:07:11 - [TEST_STEP][PASSED] - xpath(xpathBtnSearch)).click(): null

16-10-2024T19:07:12 - [TEST_STEP][PASSED] - wait.until(ExpectedConditions.visibilityOfElementLocated(By.xpath(xpathAccountName))): null

16-10-2024T19:07:13 - [TEST_STEP][PASSED] - Assert.assertEquals(xpath(xpathAccountName)).getText(), username): null

16-10-2024T19:07:13 - [TEST_STEP][PASSED] - xpath(xpathBtnDeposit)).click(): null

16-10-2024T19:07:13 - [TEST_STEP][PASSED] - wait.until(ExpectedConditions.visibilityOfElementLocated(By.xpath(xpathTextAccount))): null

16-10-2024T19:07:20 - [TEST_STEP][PASSED] - xpath(xpathChonVi)).click(): null

16-10-2024T19:07:20 - [TEST_STEP][PASSED] - xpath(xpathThuHo3)).click(): null

16-10-2024T19:07:21 - [TEST_STEP][PASSED] - xpath(xpathBtnContinue)).click(): null

16-10-2024T19:07:21 - [TEST_STEP][PASSED] - Assert.assertEquals(xpath(xpathChonKiDoiSoat)).getText(), "Vui lòng chọn kỳ đối soát"): null

16-10-2024T19:07:21 - [TEST_STEP][PASSED] - Start listener action : sampleAfterTestCase: null

16-10-2024T19:07:21 - [TEST_STEP][PASSED] - testCaseId = testCaseContext.getTestCaseId(): null

16-10-2024T19:07:21 - [TEST_STEP][PASSED] - if (testCaseId == "Test Cases/Quản lý tài khoản merchant/Quản lý dịch vụ merchant/TC_13_Kiểm tra chức năng xác nhận cấu hình thay đổi VA"): null]]></system-out>
         <system-err><![CDATA[]]></system-err>
      </testcase>
      <testcase name="Test Cases/Quản lý tài khoản merchant/Quản lý danh sách tài khoản/Nạp tiền/TC_04_Không nhập số tiền và nhấn Xác nhận" time="25.578" classname="Test Cases/Quản lý tài khoản merchant/Quản lý danh sách tài khoản/Nạp tiền/TC_04_Không nhập số tiền và nhấn Xác nhận" status="PASSED">
         <system-out><![CDATA[16-10-2024T19:07:21 - [TEST_CASE][PASSED] - Test Cases/Quản lý tài khoản merchant/Quản lý danh sách tài khoản/Nạp tiền/TC_04_Không nhập số tiền và nhấn Xác nhận: Test Cases/Quản lý tài khoản merchant/Quản lý danh sách tài khoản/Nạp tiền/TC_04_Không nhập số tiền và nhấn Xác nhận

16-10-2024T19:07:21 - [TEST_STEP][PASSED] - Start listener action : sampleBeforeTestCase: Navigate to 'https://stg-cms-console.9pay.mobi/login' successfully

16-10-2024T19:07:21 - [TEST_STEP][PASSED] - testCaseId = testCaseContext.getTestCaseId(): null

16-10-2024T19:07:21 - [TEST_STEP][PASSED] - url = <not implemented yet for class: org.codehaus.groovy.ast.expr.EmptyExpression>: null

16-10-2024T19:07:21 - [TEST_STEP][PASSED] - if (testCaseId == "Test Cases/Quản lý tài khoản merchant/Quản lý dịch vụ merchant/TC_14_Kiểm tra thay đổi sau khi cấu hình VA trên MCV"): null

16-10-2024T19:07:21 - [TEST_STEP][PASSED] - else: null

16-10-2024T19:07:21 - [TEST_STEP][PASSED] - url = "https://stg-cms-console.9pay.mobi/login": null

16-10-2024T19:07:21 - [TEST_STEP][PASSED] - openBrowser(""): Browser is opened with url: ''

16-10-2024T19:07:21 - [MESSAGE][WARNING] - A browser is already opened. Closing browser and opening a new one

16-10-2024T19:07:22 - [MESSAGE][INFO] - Starting 'Chrome' driver

16-10-2024T19:07:22 - [MESSAGE][INFO] - Action delay is set to 0 milliseconds

16-10-2024T19:07:22 - [MESSAGE][PASSED] - Browser is opened with url: ''

16-10-2024T19:07:22 - [TEST_STEP][PASSED] - maximizeWindow(): Current window maximized

16-10-2024T19:07:22 - [MESSAGE][PASSED] - Current window maximized

16-10-2024T19:07:22 - [TEST_STEP][PASSED] - navigateToUrl(url): Navigate to 'https://stg-cms-console.9pay.mobi/login' successfully

16-10-2024T19:07:24 - [MESSAGE][PASSED] - Navigate to 'https://stg-cms-console.9pay.mobi/login' successfully

16-10-2024T19:07:24 - [TEST_STEP][PASSED] - driver = getWebDriver(): null

16-10-2024T19:07:24 - [TEST_STEP][PASSED] - callTestCase(findTestCase("Test Cases/Login/LoginCommon"), [:], STOP_ON_FAILURE): Call Test Case 'Test Cases/Login/LoginCommon' successfully

16-10-2024T19:07:24 - [TEST_CASE][PASSED] - Test Cases/Login/LoginCommon: Test Cases/Login/LoginCommon

16-10-2024T19:07:24 - [TEST_STEP][PASSED] - driver = getWebDriver(): null

16-10-2024T19:07:24 - [TEST_STEP][PASSED] - sendKeys(findTestObject("Quản lý tài khoản merchant/Quản lý dịch vụ merchant/userNameTextbox"), userAccount): Keys 'dannt@9pay.vn' sent to object: 'Object Repository/Quản lý tài khoản merchant/Quản lý dịch vụ merchant/userNameTextbox'

16-10-2024T19:07:26 - [MESSAGE][PASSED] - Keys 'dannt@9pay.vn' sent to object: 'Object Repository/Quản lý tài khoản merchant/Quản lý dịch vụ merchant/userNameTextbox'

16-10-2024T19:07:26 - [TEST_STEP][PASSED] - sendKeys(findTestObject("Quản lý tài khoản merchant/Quản lý dịch vụ merchant/passwordTextbox"), password): Keys 'dannt@9pay.vn' sent to object: 'Object Repository/Quản lý tài khoản merchant/Quản lý dịch vụ merchant/passwordTextbox'

16-10-2024T19:07:26 - [MESSAGE][PASSED] - Keys 'dannt@9pay.vn' sent to object: 'Object Repository/Quản lý tài khoản merchant/Quản lý dịch vụ merchant/passwordTextbox'

16-10-2024T19:07:26 - [TEST_STEP][PASSED] - click(findTestObject("Quản lý tài khoản merchant/Quản lý dịch vụ merchant/loginButton")): Object: 'Object Repository/Quản lý tài khoản merchant/Quản lý dịch vụ merchant/loginButton' is clicked on

16-10-2024T19:07:27 - [MESSAGE][PASSED] - Object: 'Object Repository/Quản lý tài khoản merchant/Quản lý dịch vụ merchant/loginButton' is clicked on

16-10-2024T19:07:27 - [MESSAGE][PASSED] - Call Test Case 'Test Cases/Login/LoginCommon' successfully

16-10-2024T19:07:27 - [TEST_STEP][PASSED] - waitForElementVisible(findTestObject("Trang chủ/userName"), 20, STOP_ON_FAILURE): Object 'Object Repository/Trang chủ/userName' is visible

16-10-2024T19:07:28 - [MESSAGE][PASSED] - Object 'Object Repository/Trang chủ/userName' is visible

16-10-2024T19:07:28 - [TEST_STEP][PASSED] - callTestCase(findTestCase("Test Cases/Quản lý tài khoản merchant/Quản lý danh sách tài khoản/CustomFunctions Deposit"), [:], STOP_ON_FAILURE): Call Test Case 'Test Cases/Quản lý tài khoản merchant/Quản lý danh sách tài khoản/CustomFunctions Deposit' successfully

16-10-2024T19:07:28 - [TEST_CASE][PASSED] - Test Cases/Quản lý tài khoản merchant/Quản lý danh sách tài khoản/CustomFunctions Deposit: Test Cases/Quản lý tài khoản merchant/Quản lý danh sách tài khoản/CustomFunctions Deposit

16-10-2024T19:07:28 - [TEST_STEP][PASSED] - driver = getWebDriver(): null

16-10-2024T19:07:28 - [TEST_STEP][PASSED] - element1 = driver.findElement(By.xpath("//span[contains(text(),'Quản lý tài khoản merchant')]")): null

16-10-2024T19:07:30 - [TEST_STEP][PASSED] - actions = new org.openqa.selenium.interactions.Actions(driver): null

16-10-2024T19:07:30 - [TEST_STEP][PASSED] - click().perform(): null

16-10-2024T19:07:30 - [TEST_STEP][PASSED] - wait = new org.openqa.selenium.support.ui.WebDriverWait(com.kms.katalon.core.webui.driver.DriverFactory.getWebDriver(), 15): null

16-10-2024T19:07:30 - [TEST_STEP][PASSED] - xpath(xpathManagerListAccount))).click(): null

16-10-2024T19:07:31 - [MESSAGE][PASSED] - Call Test Case 'Test Cases/Quản lý tài khoản merchant/Quản lý danh sách tài khoản/CustomFunctions Deposit' successfully

16-10-2024T19:07:31 - [TEST_STEP][PASSED] - wait = new org.openqa.selenium.support.ui.WebDriverWait(com.kms.katalon.core.webui.driver.DriverFactory.getWebDriver(), 30): null

16-10-2024T19:07:31 - [TEST_STEP][PASSED] - userCode = wait.until(ExpectedConditions.visibilityOfElementLocated(By.xpath(xpathUserCode))): null

16-10-2024T19:07:34 - [TEST_STEP][PASSED] - xpath(xpathBtnAccount))).click(): null

16-10-2024T19:07:34 - [TEST_STEP][PASSED] - searchTextbox = wait.until(ExpectedConditions.elementToBeClickable(By.xpath(xpathSearchTextbox))): null

16-10-2024T19:07:34 - [TEST_STEP][PASSED] - searchTextbox.sendKeys(username): null

16-10-2024T19:07:34 - [TEST_STEP][PASSED] - xpath(xpathOption)).click(): null

16-10-2024T19:07:34 - [TEST_STEP][PASSED] - xpath(xpathBtnSearch)).click(): null

16-10-2024T19:07:35 - [TEST_STEP][PASSED] - wait.until(ExpectedConditions.visibilityOfElementLocated(By.xpath(xpathAccountName))): null

16-10-2024T19:07:36 - [TEST_STEP][PASSED] - xpath(xpathBtnDeposit)).click(): null

16-10-2024T19:07:36 - [TEST_STEP][PASSED] - wait.until(ExpectedConditions.visibilityOfElementLocated(By.xpath(xpathTextAccount))): null

16-10-2024T19:07:42 - [TEST_STEP][PASSED] - xpath(xpathChonVi)).click(): null

16-10-2024T19:07:42 - [TEST_STEP][PASSED] - xpath(xpathThuHo3)).click(): null

16-10-2024T19:07:42 - [TEST_STEP][PASSED] - xpath(xpathDay)).click(): null

16-10-2024T19:07:43 - [TEST_STEP][PASSED] - xpath(xpathHomQua)).click(): null

16-10-2024T19:07:43 - [TEST_STEP][PASSED] - xpath(xpathBtnContinue)).click(): null

16-10-2024T19:07:43 - [TEST_STEP][PASSED] - try: null

16-10-2024T19:07:43 - [TEST_STEP][PASSED] - popupDS = wait.until(ExpectedConditions.visibilityOfElementLocated(By.xpath("//p[contains(text(),'Đã tồn tại kỳ đối soát trước đó, Bạn có chắc chắn ')]"))): null

16-10-2024T19:07:45 - [TEST_STEP][PASSED] - Assert.assertEquals(popupDS.getText(), "Đã tồn tại kỳ đối soát trước đó, Bạn có chắc chắn muốn tiếp tục thực hiện giao dịch?"): null

16-10-2024T19:07:45 - [TEST_STEP][PASSED] - xpath("//button[contains(text(),'Đồng ý')]")).click(): null

16-10-2024T19:07:45 - [TEST_STEP][PASSED] - xpath(xpathBtnConfirm)).click(): null

16-10-2024T19:07:45 - [TEST_STEP][PASSED] - sleep(1000): null

16-10-2024T19:07:46 - [TEST_STEP][PASSED] - errorNoti1 = xpath(xpathThamSoSai))).getText(): null

16-10-2024T19:07:47 - [TEST_STEP][PASSED] - Assert.assertEquals(errorNoti1, "Tham số không hợp lệ"): null

16-10-2024T19:07:47 - [TEST_STEP][PASSED] - xpath(xpathBtnOk)).click(): null

16-10-2024T19:07:47 - [TEST_STEP][PASSED] - Assert.assertEquals(xpath(xpathErrorDeposit1)).getText(), "Vui lòng nhập số tiền."): null

16-10-2024T19:07:47 - [TEST_STEP][PASSED] - Start listener action : sampleAfterTestCase: null

16-10-2024T19:07:47 - [TEST_STEP][PASSED] - testCaseId = testCaseContext.getTestCaseId(): null

16-10-2024T19:07:47 - [TEST_STEP][PASSED] - if (testCaseId == "Test Cases/Quản lý tài khoản merchant/Quản lý dịch vụ merchant/TC_13_Kiểm tra chức năng xác nhận cấu hình thay đổi VA"): null]]></system-out>
         <system-err><![CDATA[]]></system-err>
      </testcase>
      <testcase name="Test Cases/Quản lý tài khoản merchant/Quản lý danh sách tài khoản/Nạp tiền/TC_05_Nhập số tiền là ký tự đặc biệt và chữ nhấn Xác Nhận" time="34.357" classname="Test Cases/Quản lý tài khoản merchant/Quản lý danh sách tài khoản/Nạp tiền/TC_05_Nhập số tiền là ký tự đặc biệt và chữ nhấn Xác Nhận" status="PASSED">
         <system-out><![CDATA[16-10-2024T19:07:47 - [TEST_CASE][PASSED] - Test Cases/Quản lý tài khoản merchant/Quản lý danh sách tài khoản/Nạp tiền/TC_05_Nhập số tiền là ký tự đặc biệt và chữ nhấn Xác Nhận: Test Cases/Quản lý tài khoản merchant/Quản lý danh sách tài khoản/Nạp tiền/TC_05_Nhập số tiền là ký tự đặc biệt và chữ nhấn Xác Nhận

16-10-2024T19:07:47 - [TEST_STEP][PASSED] - Start listener action : sampleBeforeTestCase: Navigate to 'https://stg-cms-console.9pay.mobi/login' successfully

16-10-2024T19:07:47 - [TEST_STEP][PASSED] - testCaseId = testCaseContext.getTestCaseId(): null

16-10-2024T19:07:47 - [TEST_STEP][PASSED] - url = <not implemented yet for class: org.codehaus.groovy.ast.expr.EmptyExpression>: null

16-10-2024T19:07:47 - [TEST_STEP][PASSED] - if (testCaseId == "Test Cases/Quản lý tài khoản merchant/Quản lý dịch vụ merchant/TC_14_Kiểm tra thay đổi sau khi cấu hình VA trên MCV"): null

16-10-2024T19:07:47 - [TEST_STEP][PASSED] - else: null

16-10-2024T19:07:47 - [TEST_STEP][PASSED] - url = "https://stg-cms-console.9pay.mobi/login": null

16-10-2024T19:07:47 - [TEST_STEP][PASSED] - openBrowser(""): Browser is opened with url: ''

16-10-2024T19:07:47 - [MESSAGE][WARNING] - A browser is already opened. Closing browser and opening a new one

16-10-2024T19:07:47 - [MESSAGE][INFO] - Starting 'Chrome' driver

16-10-2024T19:07:47 - [MESSAGE][INFO] - Action delay is set to 0 milliseconds

16-10-2024T19:07:48 - [MESSAGE][PASSED] - Browser is opened with url: ''

16-10-2024T19:07:48 - [TEST_STEP][PASSED] - maximizeWindow(): Current window maximized

16-10-2024T19:07:48 - [MESSAGE][PASSED] - Current window maximized

16-10-2024T19:07:48 - [TEST_STEP][PASSED] - navigateToUrl(url): Navigate to 'https://stg-cms-console.9pay.mobi/login' successfully

16-10-2024T19:07:50 - [MESSAGE][PASSED] - Navigate to 'https://stg-cms-console.9pay.mobi/login' successfully

16-10-2024T19:07:50 - [TEST_STEP][PASSED] - driver = getWebDriver(): null

16-10-2024T19:07:50 - [TEST_STEP][PASSED] - callTestCase(findTestCase("Test Cases/Login/LoginCommon"), [:], STOP_ON_FAILURE): Call Test Case 'Test Cases/Login/LoginCommon' successfully

16-10-2024T19:07:50 - [TEST_CASE][PASSED] - Test Cases/Login/LoginCommon: Test Cases/Login/LoginCommon

16-10-2024T19:07:50 - [TEST_STEP][PASSED] - driver = getWebDriver(): null

16-10-2024T19:07:50 - [TEST_STEP][PASSED] - sendKeys(findTestObject("Quản lý tài khoản merchant/Quản lý dịch vụ merchant/userNameTextbox"), userAccount): Keys 'dannt@9pay.vn' sent to object: 'Object Repository/Quản lý tài khoản merchant/Quản lý dịch vụ merchant/userNameTextbox'

16-10-2024T19:07:50 - [MESSAGE][PASSED] - Keys 'dannt@9pay.vn' sent to object: 'Object Repository/Quản lý tài khoản merchant/Quản lý dịch vụ merchant/userNameTextbox'

16-10-2024T19:07:50 - [TEST_STEP][PASSED] - sendKeys(findTestObject("Quản lý tài khoản merchant/Quản lý dịch vụ merchant/passwordTextbox"), password): Keys 'dannt@9pay.vn' sent to object: 'Object Repository/Quản lý tài khoản merchant/Quản lý dịch vụ merchant/passwordTextbox'

16-10-2024T19:07:50 - [MESSAGE][PASSED] - Keys 'dannt@9pay.vn' sent to object: 'Object Repository/Quản lý tài khoản merchant/Quản lý dịch vụ merchant/passwordTextbox'

16-10-2024T19:07:50 - [TEST_STEP][PASSED] - click(findTestObject("Quản lý tài khoản merchant/Quản lý dịch vụ merchant/loginButton")): Object: 'Object Repository/Quản lý tài khoản merchant/Quản lý dịch vụ merchant/loginButton' is clicked on

16-10-2024T19:07:51 - [MESSAGE][PASSED] - Object: 'Object Repository/Quản lý tài khoản merchant/Quản lý dịch vụ merchant/loginButton' is clicked on

16-10-2024T19:07:51 - [MESSAGE][PASSED] - Call Test Case 'Test Cases/Login/LoginCommon' successfully

16-10-2024T19:07:51 - [TEST_STEP][PASSED] - waitForElementVisible(findTestObject("Trang chủ/userName"), 20, STOP_ON_FAILURE): Object 'Object Repository/Trang chủ/userName' is visible

16-10-2024T19:07:52 - [MESSAGE][PASSED] - Object 'Object Repository/Trang chủ/userName' is visible

16-10-2024T19:07:52 - [TEST_STEP][PASSED] - callTestCase(findTestCase("Test Cases/Quản lý tài khoản merchant/Quản lý danh sách tài khoản/CustomFunctions Deposit"), [:], STOP_ON_FAILURE): Call Test Case 'Test Cases/Quản lý tài khoản merchant/Quản lý danh sách tài khoản/CustomFunctions Deposit' successfully

16-10-2024T19:07:52 - [TEST_CASE][PASSED] - Test Cases/Quản lý tài khoản merchant/Quản lý danh sách tài khoản/CustomFunctions Deposit: Test Cases/Quản lý tài khoản merchant/Quản lý danh sách tài khoản/CustomFunctions Deposit

16-10-2024T19:07:52 - [TEST_STEP][PASSED] - driver = getWebDriver(): null

16-10-2024T19:07:52 - [TEST_STEP][PASSED] - element1 = driver.findElement(By.xpath("//span[contains(text(),'Quản lý tài khoản merchant')]")): null

16-10-2024T19:07:54 - [TEST_STEP][PASSED] - actions = new org.openqa.selenium.interactions.Actions(driver): null

16-10-2024T19:07:54 - [TEST_STEP][PASSED] - click().perform(): null

16-10-2024T19:07:54 - [TEST_STEP][PASSED] - wait = new org.openqa.selenium.support.ui.WebDriverWait(com.kms.katalon.core.webui.driver.DriverFactory.getWebDriver(), 15): null

16-10-2024T19:07:54 - [TEST_STEP][PASSED] - xpath(xpathManagerListAccount))).click(): null

16-10-2024T19:07:55 - [MESSAGE][PASSED] - Call Test Case 'Test Cases/Quản lý tài khoản merchant/Quản lý danh sách tài khoản/CustomFunctions Deposit' successfully

16-10-2024T19:07:55 - [TEST_STEP][PASSED] - wait = new org.openqa.selenium.support.ui.WebDriverWait(com.kms.katalon.core.webui.driver.DriverFactory.getWebDriver(), 20): null

16-10-2024T19:07:55 - [TEST_STEP][PASSED] - userCode = wait.until(ExpectedConditions.visibilityOfElementLocated(By.xpath(xpathUserCode))): null

16-10-2024T19:07:58 - [TEST_STEP][PASSED] - println(userCode.getText()): null

16-10-2024T19:07:58 - [TEST_STEP][PASSED] - xpath(xpathBtnAccount))).click(): null

16-10-2024T19:07:58 - [TEST_STEP][PASSED] - searchTextbox = wait.until(ExpectedConditions.elementToBeClickable(By.xpath(xpathSearchTextbox))): null

16-10-2024T19:07:58 - [TEST_STEP][PASSED] - searchTextbox.sendKeys(username): null

16-10-2024T19:07:58 - [TEST_STEP][PASSED] - xpath(xpathOption)).click(): null

16-10-2024T19:07:59 - [TEST_STEP][PASSED] - xpath(xpathBtnSearch)).click(): null

16-10-2024T19:07:59 - [TEST_STEP][PASSED] - wait.until(ExpectedConditions.visibilityOfElementLocated(By.xpath(xpathAccountName))): null

16-10-2024T19:08:00 - [TEST_STEP][PASSED] - xpath(xpathBtnDeposit)).click(): null

16-10-2024T19:08:00 - [TEST_STEP][PASSED] - wait.until(ExpectedConditions.visibilityOfElementLocated(By.xpath(xpathTextAccount))): null

16-10-2024T19:08:15 - [TEST_STEP][PASSED] - xpath(xpathChonVi)).click(): null

16-10-2024T19:08:15 - [TEST_STEP][PASSED] - xpath(xpathThuHo3)).click(): null

16-10-2024T19:08:15 - [TEST_STEP][PASSED] - xpath(xpathDay)).click(): null

16-10-2024T19:08:16 - [TEST_STEP][PASSED] - xpath(xpathHomQua)).click(): null

16-10-2024T19:08:16 - [TEST_STEP][PASSED] - xpath(xpathBtnContinue)).click(): null

16-10-2024T19:08:16 - [TEST_STEP][PASSED] - try: null

16-10-2024T19:08:16 - [TEST_STEP][PASSED] - popupDS = wait.until(ExpectedConditions.visibilityOfElementLocated(By.xpath("//p[contains(text(),'Đã tồn tại kỳ đối soát trước đó, Bạn có chắc chắn ')]"))): null

16-10-2024T19:08:17 - [TEST_STEP][PASSED] - Assert.assertEquals(popupDS.getText(), "Đã tồn tại kỳ đối soát trước đó, Bạn có chắc chắn muốn tiếp tục thực hiện giao dịch?"): null

16-10-2024T19:08:17 - [TEST_STEP][PASSED] - xpath("//button[contains(text(),'Đồng ý')]")).click(): null

16-10-2024T19:08:17 - [TEST_STEP][PASSED] - xpath(xpathDepositTextbox)).sendKeys(")(*&&^"): null

16-10-2024T19:08:18 - [TEST_STEP][PASSED] - xpath(xpathButtonSubmit)).click(): null

16-10-2024T19:08:18 - [TEST_STEP][PASSED] - errorNoti = xpath(xpathThamSoSai))).getText(): null

16-10-2024T19:08:19 - [TEST_STEP][PASSED] - Assert.assertEquals(errorNoti, "Tham số không hợp lệ"): null

16-10-2024T19:08:19 - [TEST_STEP][PASSED] - xpath("//button[normalize-space()='Ok']")).click(): null

16-10-2024T19:08:19 - [TEST_STEP][PASSED] - Assert.assertEquals(xpath(xpathLoiAmountLaChu)).getText(), "amount phải là chữ số."): null

16-10-2024T19:08:19 - [TEST_STEP][PASSED] - xpath(xpathDepositTextbox)).clear(): null

16-10-2024T19:08:20 - [TEST_STEP][PASSED] - xpath(xpathDepositTextbox)).sendKeys("NGuyen tien dan"): null

16-10-2024T19:08:20 - [TEST_STEP][PASSED] - xpath(xpathButtonSubmit)).click(): null

16-10-2024T19:08:20 - [TEST_STEP][PASSED] - errorNoti1 = xpath(xpathThamSoSai))).getText(): null

16-10-2024T19:08:21 - [TEST_STEP][PASSED] - Assert.assertEquals(errorNoti1, "Tham số không hợp lệ"): null

16-10-2024T19:08:21 - [TEST_STEP][PASSED] - xpath(xpathDepositOkBtn)).click(): null

16-10-2024T19:08:21 - [TEST_STEP][PASSED] - Assert.assertEquals(xpath(xpathLoiAmountLaChu)).getText(), "amount phải là chữ số."): null

16-10-2024T19:08:21 - [TEST_STEP][PASSED] - Start listener action : sampleAfterTestCase: null

16-10-2024T19:08:21 - [TEST_STEP][PASSED] - testCaseId = testCaseContext.getTestCaseId(): null

16-10-2024T19:08:21 - [TEST_STEP][PASSED] - if (testCaseId == "Test Cases/Quản lý tài khoản merchant/Quản lý dịch vụ merchant/TC_13_Kiểm tra chức năng xác nhận cấu hình thay đổi VA"): null]]></system-out>
         <system-err><![CDATA[]]></system-err>
      </testcase>
      <testcase name="Test Cases/Quản lý tài khoản merchant/Quản lý danh sách tài khoản/Nạp tiền/TC_06_KIểm tra khi nhập số tiền đúng và nhấn xác nhận" time="70.809" classname="Test Cases/Quản lý tài khoản merchant/Quản lý danh sách tài khoản/Nạp tiền/TC_06_KIểm tra khi nhập số tiền đúng và nhấn xác nhận" status="ERROR">
         <error type="ERROR" message="Test Cases/Quản lý tài khoản merchant/Quản lý danh sách tài khoản/Nạp tiền/TC_06_KIểm tra khi nhập số tiền đúng và nhấn xác nhận FAILED.&#xa;Reason:&#xa;org.openqa.selenium.TimeoutException: Expected condition failed: waiting for visibility of element located by By.xpath: //h2[contains(text(),'THÔNG TIN GIAO DỊCH')] (tried for 20 second(s) with 500 milliseconds interval)&#xa;	at org.openqa.selenium.support.ui.WebDriverWait.timeoutException(WebDriverWait.java:95)&#xa;	at org.openqa.selenium.support.ui.FluentWait.until(FluentWait.java:272)&#xa;	at TC_06_KIểm tra khi nhập số tiền đúng và nhấn xác nhận.run(TC_06_KIểm tra khi nhập số tiền đúng và nhấn xác nhận:57)&#xa;	at com.kms.katalon.core.main.ScriptEngine.run(ScriptEngine.java:194)&#xa;	at com.kms.katalon.core.main.ScriptEngine.runScriptAsRawText(ScriptEngine.java:119)&#xa;	at com.kms.katalon.core.main.TestCaseExecutor.runScript(TestCaseExecutor.java:448)&#xa;	at com.kms.katalon.core.main.TestCaseExecutor.doExecute(TestCaseExecutor.java:439)&#xa;	at com.kms.katalon.core.main.TestCaseExecutor.processExecutionPhase(TestCaseExecutor.java:418)&#xa;	at com.kms.katalon.core.main.TestCaseExecutor.accessMainPhase(TestCaseExecutor.java:410)&#xa;	at com.kms.katalon.core.main.TestCaseExecutor.execute(TestCaseExecutor.java:285)&#xa;	at com.kms.katalon.core.common.CommonExecutor.accessTestCaseMainPhase(CommonExecutor.java:65)&#xa;	at com.kms.katalon.core.main.TestSuiteExecutor.accessTestSuiteMainPhase(TestSuiteExecutor.java:150)&#xa;	at com.kms.katalon.core.main.TestSuiteExecutor.execute(TestSuiteExecutor.java:106)&#xa;	at com.kms.katalon.core.main.TestCaseMain.startTestSuite(TestCaseMain.java:180)&#xa;	at TempTestSuite1729080368268.run(TempTestSuite1729080368268.groovy:35)&#xa;	at java.base/jdk.internal.reflect.NativeMethodAccessorImpl.invoke0(Native Method)&#xa;	at java.base/jdk.internal.reflect.NativeMethodAccessorImpl.invoke(NativeMethodAccessorImpl.java:77)&#xa;	at java.base/jdk.internal.reflect.DelegatingMethodAccessorImpl.invoke(DelegatingMethodAccessorImpl.java:43)&#xa;Caused by: org.openqa.selenium.NoSuchElementException: no such element: Unable to locate element: {&quot;method&quot;:&quot;xpath&quot;,&quot;selector&quot;:&quot;//h2[contains(text(),'THÔNG TIN GIAO DỊCH')]&quot;}&#xa;  (Session info: chrome=130.0.6723.59)&#xa;For documentation on this error, please visit: https://www.seleniumhq.org/exceptions/no_such_element.html&#xa;Build info: version: '3.141.59', revision: 'unknown', time: 'unknown'&#xa;System info: host: 'Aidans-Macbook.local', ip: '2405:4803:fd90:9ef0:b0c9:6dde:81ec:56fd%en0', os.name: 'Mac OS X', os.arch: 'aarch64', os.version: '14.5', java.version: '17.0.7'&#xa;Driver info: com.kms.katalon.selenium.driver.CChromeDriver&#xa;Capabilities {acceptInsecureCerts: false, browserName: chrome, browserVersion: 130.0.6723.59, chrome: {chromedriverVersion: 129.0.6668.100 (cf58cba358d..., userDataDir: /var/folders/w1/k98vh2j97rz...}, fedcm:accounts: true, goog:chromeOptions: {debuggerAddress: localhost:56606}, javascriptEnabled: true, networkConnectionEnabled: false, pageLoadStrategy: normal, platform: MAC, platformName: MAC, proxy: Proxy(), setWindowRect: true, strictFileInteractability: false, timeouts: {implicit: 0, pageLoad: 300000, script: 30000}, unhandledPromptBehavior: dismiss and notify, webauthn:extension:credBlob: true, webauthn:extension:largeBlob: true, webauthn:extension:minPinLength: true, webauthn:extension:prf: true, webauthn:virtualAuthenticators: true}&#xa;Session ID: c69c202c24ba392f5217c43f73f2a603&#xa;*** Element info: {Using=xpath, value=//h2[contains(text(),'THÔNG TIN GIAO DỊCH')]}&#xa;	at jdk.internal.reflect.GeneratedConstructorAccessor22.newInstance(Unknown Source)&#xa;	at java.base/jdk.internal.reflect.DelegatingConstructorAccessorImpl.newInstance(DelegatingConstructorAccessorImpl.java:45)&#xa;	at org.openqa.selenium.remote.http.W3CHttpResponseCodec.createException(W3CHttpResponseCodec.java:187)&#xa;	at org.openqa.selenium.remote.http.W3CHttpResponseCodec.decode(W3CHttpResponseCodec.java:122)&#xa;	at org.openqa.selenium.remote.http.W3CHttpResponseCodec.decode(W3CHttpResponseCodec.java:49)&#xa;	at org.openqa.selenium.remote.HttpCommandExecutor.execute(HttpCommandExecutor.java:158)&#xa;	at org.openqa.selenium.remote.service.DriverCommandExecutor.execute(DriverCommandExecutor.java:83)&#xa;	at org.openqa.selenium.remote.RemoteWebDriver.execute(RemoteWebDriver.java:552)&#xa;	at com.kms.katalon.selenium.driver.CChromeDriver.execute(CChromeDriver.java:19)&#xa;	at org.openqa.selenium.remote.RemoteWebDriver.findElement(RemoteWebDriver.java:323)&#xa;	at org.openqa.selenium.remote.RemoteWebDriver.findElementByXPath(RemoteWebDriver.java:428)&#xa;	at org.openqa.selenium.By$ByXPath.findElement(By.java:353)&#xa;	at org.openqa.selenium.remote.RemoteWebDriver.findElement(RemoteWebDriver.java:315)&#xa;	at jdk.internal.reflect.GeneratedMethodAccessor9.invoke(Unknown Source)&#xa;	at java.base/jdk.internal.reflect.DelegatingMethodAccessorImpl.invoke(DelegatingMethodAccessorImpl.java:43)&#xa;	at org.openqa.selenium.support.events.EventFiringWebDriver.lambda$new$1(EventFiringWebDriver.java:105)&#xa;	at jdk.proxy2/jdk.proxy2.$Proxy22.findElement(Unknown Source)&#xa;	at org.openqa.selenium.support.events.EventFiringWebDriver.findElement(EventFiringWebDriver.java:194)&#xa;	at org.openqa.selenium.support.ui.ExpectedConditions$7.apply(ExpectedConditions.java:205)&#xa;	at org.openqa.selenium.support.ui.ExpectedConditions$7.apply(ExpectedConditions.java:201)&#xa;	at org.openqa.selenium.support.ui.FluentWait.until(FluentWait.java:249)&#xa;	... 16 more&#xa;"/>
         <system-out><![CDATA[16-10-2024T19:08:21 - [TEST_CASE][ERROR] - Test Cases/Quản lý tài khoản merchant/Quản lý danh sách tài khoản/Nạp tiền/TC_06_KIểm tra khi nhập số tiền đúng và nhấn xác nhận: Test Cases/Quản lý tài khoản merchant/Quản lý danh sách tài khoản/Nạp tiền/TC_06_KIểm tra khi nhập số tiền đúng và nhấn xác nhận FAILED.
Reason:
org.openqa.selenium.TimeoutException: Expected condition failed: waiting for visibility of element located by By.xpath: //h2[contains(text(),'THÔNG TIN GIAO DỊCH')] (tried for 20 second(s) with 500 milliseconds interval)
	at org.openqa.selenium.support.ui.WebDriverWait.timeoutException(WebDriverWait.java:95)
	at org.openqa.selenium.support.ui.FluentWait.until(FluentWait.java:272)
	at TC_06_KIểm tra khi nhập số tiền đúng và nhấn xác nhận.run(TC_06_KIểm tra khi nhập số tiền đúng và nhấn xác nhận:57)
	at com.kms.katalon.core.main.ScriptEngine.run(ScriptEngine.java:194)
	at com.kms.katalon.core.main.ScriptEngine.runScriptAsRawText(ScriptEngine.java:119)
	at com.kms.katalon.core.main.TestCaseExecutor.runScript(TestCaseExecutor.java:448)
	at com.kms.katalon.core.main.TestCaseExecutor.doExecute(TestCaseExecutor.java:439)
	at com.kms.katalon.core.main.TestCaseExecutor.processExecutionPhase(TestCaseExecutor.java:418)
	at com.kms.katalon.core.main.TestCaseExecutor.accessMainPhase(TestCaseExecutor.java:410)
	at com.kms.katalon.core.main.TestCaseExecutor.execute(TestCaseExecutor.java:285)
	at com.kms.katalon.core.common.CommonExecutor.accessTestCaseMainPhase(CommonExecutor.java:65)
	at com.kms.katalon.core.main.TestSuiteExecutor.accessTestSuiteMainPhase(TestSuiteExecutor.java:150)
	at com.kms.katalon.core.main.TestSuiteExecutor.execute(TestSuiteExecutor.java:106)
	at com.kms.katalon.core.main.TestCaseMain.startTestSuite(TestCaseMain.java:180)
	at TempTestSuite1729080368268.run(TempTestSuite1729080368268.groovy:35)
	at java.base/jdk.internal.reflect.NativeMethodAccessorImpl.invoke0(Native Method)
	at java.base/jdk.internal.reflect.NativeMethodAccessorImpl.invoke(NativeMethodAccessorImpl.java:77)
	at java.base/jdk.internal.reflect.DelegatingMethodAccessorImpl.invoke(DelegatingMethodAccessorImpl.java:43)
Caused by: org.openqa.selenium.NoSuchElementException: no such element: Unable to locate element: {"method":"xpath","selector":"//h2[contains(text(),'THÔNG TIN GIAO DỊCH')]"}
  (Session info: chrome=130.0.6723.59)
For documentation on this error, please visit: https://www.seleniumhq.org/exceptions/no_such_element.html
Build info: version: '3.141.59', revision: 'unknown', time: 'unknown'
System info: host: 'Aidans-Macbook.local', ip: '2405:4803:fd90:9ef0:b0c9:6dde:81ec:56fd%en0', os.name: 'Mac OS X', os.arch: 'aarch64', os.version: '14.5', java.version: '17.0.7'
Driver info: com.kms.katalon.selenium.driver.CChromeDriver
Capabilities {acceptInsecureCerts: false, browserName: chrome, browserVersion: 130.0.6723.59, chrome: {chromedriverVersion: 129.0.6668.100 (cf58cba358d..., userDataDir: /var/folders/w1/k98vh2j97rz...}, fedcm:accounts: true, goog:chromeOptions: {debuggerAddress: localhost:56606}, javascriptEnabled: true, networkConnectionEnabled: false, pageLoadStrategy: normal, platform: MAC, platformName: MAC, proxy: Proxy(), setWindowRect: true, strictFileInteractability: false, timeouts: {implicit: 0, pageLoad: 300000, script: 30000}, unhandledPromptBehavior: dismiss and notify, webauthn:extension:credBlob: true, webauthn:extension:largeBlob: true, webauthn:extension:minPinLength: true, webauthn:extension:prf: true, webauthn:virtualAuthenticators: true}
Session ID: c69c202c24ba392f5217c43f73f2a603
*** Element info: {Using=xpath, value=//h2[contains(text(),'THÔNG TIN GIAO DỊCH')]}
	at jdk.internal.reflect.GeneratedConstructorAccessor22.newInstance(Unknown Source)
	at java.base/jdk.internal.reflect.DelegatingConstructorAccessorImpl.newInstance(DelegatingConstructorAccessorImpl.java:45)
	at org.openqa.selenium.remote.http.W3CHttpResponseCodec.createException(W3CHttpResponseCodec.java:187)
	at org.openqa.selenium.remote.http.W3CHttpResponseCodec.decode(W3CHttpResponseCodec.java:122)
	at org.openqa.selenium.remote.http.W3CHttpResponseCodec.decode(W3CHttpResponseCodec.java:49)
	at org.openqa.selenium.remote.HttpCommandExecutor.execute(HttpCommandExecutor.java:158)
	at org.openqa.selenium.remote.service.DriverCommandExecutor.execute(DriverCommandExecutor.java:83)
	at org.openqa.selenium.remote.RemoteWebDriver.execute(RemoteWebDriver.java:552)
	at com.kms.katalon.selenium.driver.CChromeDriver.execute(CChromeDriver.java:19)
	at org.openqa.selenium.remote.RemoteWebDriver.findElement(RemoteWebDriver.java:323)
	at org.openqa.selenium.remote.RemoteWebDriver.findElementByXPath(RemoteWebDriver.java:428)
	at org.openqa.selenium.By$ByXPath.findElement(By.java:353)
	at org.openqa.selenium.remote.RemoteWebDriver.findElement(RemoteWebDriver.java:315)
	at jdk.internal.reflect.GeneratedMethodAccessor9.invoke(Unknown Source)
	at java.base/jdk.internal.reflect.DelegatingMethodAccessorImpl.invoke(DelegatingMethodAccessorImpl.java:43)
	at org.openqa.selenium.support.events.EventFiringWebDriver.lambda$new$1(EventFiringWebDriver.java:105)
	at jdk.proxy2/jdk.proxy2.$Proxy22.findElement(Unknown Source)
	at org.openqa.selenium.support.events.EventFiringWebDriver.findElement(EventFiringWebDriver.java:194)
	at org.openqa.selenium.support.ui.ExpectedConditions$7.apply(ExpectedConditions.java:205)
	at org.openqa.selenium.support.ui.ExpectedConditions$7.apply(ExpectedConditions.java:201)
	at org.openqa.selenium.support.ui.FluentWait.until(FluentWait.java:249)
	... 16 more


16-10-2024T19:08:21 - [TEST_STEP][PASSED] - Start listener action : sampleBeforeTestCase: Navigate to 'https://stg-cms-console.9pay.mobi/login' successfully

16-10-2024T19:08:21 - [TEST_STEP][PASSED] - testCaseId = testCaseContext.getTestCaseId(): null

16-10-2024T19:08:21 - [TEST_STEP][PASSED] - url = <not implemented yet for class: org.codehaus.groovy.ast.expr.EmptyExpression>: null

16-10-2024T19:08:21 - [TEST_STEP][PASSED] - if (testCaseId == "Test Cases/Quản lý tài khoản merchant/Quản lý dịch vụ merchant/TC_14_Kiểm tra thay đổi sau khi cấu hình VA trên MCV"): null

16-10-2024T19:08:21 - [TEST_STEP][PASSED] - else: null

16-10-2024T19:08:21 - [TEST_STEP][PASSED] - url = "https://stg-cms-console.9pay.mobi/login": null

16-10-2024T19:08:21 - [TEST_STEP][PASSED] - openBrowser(""): Browser is opened with url: ''

16-10-2024T19:08:21 - [MESSAGE][WARNING] - A browser is already opened. Closing browser and opening a new one

16-10-2024T19:08:21 - [MESSAGE][INFO] - Starting 'Chrome' driver

16-10-2024T19:08:21 - [MESSAGE][INFO] - Action delay is set to 0 milliseconds

16-10-2024T19:08:22 - [MESSAGE][PASSED] - Browser is opened with url: ''

16-10-2024T19:08:22 - [TEST_STEP][PASSED] - maximizeWindow(): Current window maximized

16-10-2024T19:08:22 - [MESSAGE][PASSED] - Current window maximized

16-10-2024T19:08:22 - [TEST_STEP][PASSED] - navigateToUrl(url): Navigate to 'https://stg-cms-console.9pay.mobi/login' successfully

16-10-2024T19:08:24 - [MESSAGE][PASSED] - Navigate to 'https://stg-cms-console.9pay.mobi/login' successfully

16-10-2024T19:08:24 - [TEST_STEP][PASSED] - driver = getWebDriver(): null

16-10-2024T19:08:24 - [TEST_STEP][PASSED] - callTestCase(findTestCase("Test Cases/Login/LoginCommon"), [:], STOP_ON_FAILURE): Call Test Case 'Test Cases/Login/LoginCommon' successfully

16-10-2024T19:08:24 - [TEST_CASE][PASSED] - Test Cases/Login/LoginCommon: Test Cases/Login/LoginCommon

16-10-2024T19:08:24 - [TEST_STEP][PASSED] - driver = getWebDriver(): null

16-10-2024T19:08:24 - [TEST_STEP][PASSED] - sendKeys(findTestObject("Quản lý tài khoản merchant/Quản lý dịch vụ merchant/userNameTextbox"), userAccount): Keys 'dannt@9pay.vn' sent to object: 'Object Repository/Quản lý tài khoản merchant/Quản lý dịch vụ merchant/userNameTextbox'

16-10-2024T19:08:24 - [MESSAGE][PASSED] - Keys 'dannt@9pay.vn' sent to object: 'Object Repository/Quản lý tài khoản merchant/Quản lý dịch vụ merchant/userNameTextbox'

16-10-2024T19:08:24 - [TEST_STEP][PASSED] - sendKeys(findTestObject("Quản lý tài khoản merchant/Quản lý dịch vụ merchant/passwordTextbox"), password): Keys 'dannt@9pay.vn' sent to object: 'Object Repository/Quản lý tài khoản merchant/Quản lý dịch vụ merchant/passwordTextbox'

16-10-2024T19:08:25 - [MESSAGE][PASSED] - Keys 'dannt@9pay.vn' sent to object: 'Object Repository/Quản lý tài khoản merchant/Quản lý dịch vụ merchant/passwordTextbox'

16-10-2024T19:08:25 - [TEST_STEP][PASSED] - click(findTestObject("Quản lý tài khoản merchant/Quản lý dịch vụ merchant/loginButton")): Object: 'Object Repository/Quản lý tài khoản merchant/Quản lý dịch vụ merchant/loginButton' is clicked on

16-10-2024T19:08:25 - [MESSAGE][PASSED] - Object: 'Object Repository/Quản lý tài khoản merchant/Quản lý dịch vụ merchant/loginButton' is clicked on

16-10-2024T19:08:25 - [MESSAGE][PASSED] - Call Test Case 'Test Cases/Login/LoginCommon' successfully

16-10-2024T19:08:25 - [TEST_STEP][PASSED] - waitForElementVisible(findTestObject("Trang chủ/userName"), 20, STOP_ON_FAILURE): Object 'Object Repository/Trang chủ/userName' is visible

16-10-2024T19:08:26 - [MESSAGE][PASSED] - Object 'Object Repository/Trang chủ/userName' is visible

16-10-2024T19:08:26 - [TEST_STEP][PASSED] - callTestCase(findTestCase("Test Cases/Quản lý tài khoản merchant/Quản lý danh sách tài khoản/CustomFunctions Deposit"), [:], STOP_ON_FAILURE): Call Test Case 'Test Cases/Quản lý tài khoản merchant/Quản lý danh sách tài khoản/CustomFunctions Deposit' successfully

16-10-2024T19:08:26 - [TEST_CASE][PASSED] - Test Cases/Quản lý tài khoản merchant/Quản lý danh sách tài khoản/CustomFunctions Deposit: Test Cases/Quản lý tài khoản merchant/Quản lý danh sách tài khoản/CustomFunctions Deposit

16-10-2024T19:08:26 - [TEST_STEP][PASSED] - driver = getWebDriver(): null

16-10-2024T19:08:26 - [TEST_STEP][PASSED] - element1 = driver.findElement(By.xpath("//span[contains(text(),'Quản lý tài khoản merchant')]")): null

16-10-2024T19:08:28 - [TEST_STEP][PASSED] - actions = new org.openqa.selenium.interactions.Actions(driver): null

16-10-2024T19:08:28 - [TEST_STEP][PASSED] - click().perform(): null

16-10-2024T19:08:29 - [TEST_STEP][PASSED] - wait = new org.openqa.selenium.support.ui.WebDriverWait(com.kms.katalon.core.webui.driver.DriverFactory.getWebDriver(), 15): null

16-10-2024T19:08:29 - [TEST_STEP][PASSED] - xpath(xpathManagerListAccount))).click(): null

16-10-2024T19:08:29 - [MESSAGE][PASSED] - Call Test Case 'Test Cases/Quản lý tài khoản merchant/Quản lý danh sách tài khoản/CustomFunctions Deposit' successfully

16-10-2024T19:08:29 - [TEST_STEP][PASSED] - wait = new org.openqa.selenium.support.ui.WebDriverWait(com.kms.katalon.core.webui.driver.DriverFactory.getWebDriver(), 20): null

16-10-2024T19:08:29 - [TEST_STEP][PASSED] - userCode = wait.until(ExpectedConditions.visibilityOfElementLocated(By.xpath(xpathUserCode))): null

16-10-2024T19:08:32 - [TEST_STEP][PASSED] - println(userCode.getText()): null

16-10-2024T19:08:32 - [TEST_STEP][PASSED] - xpath(xpathBtnAccount))).click(): null

16-10-2024T19:08:32 - [TEST_STEP][PASSED] - searchTextbox = wait.until(ExpectedConditions.elementToBeClickable(By.xpath(xpathSearchTextbox))): null

16-10-2024T19:08:32 - [TEST_STEP][PASSED] - searchTextbox.sendKeys("dannt11"): null

16-10-2024T19:08:33 - [TEST_STEP][PASSED] - xpath(xpathOption)).click(): null

16-10-2024T19:08:33 - [TEST_STEP][PASSED] - xpath(xpathBtnSearch)).click(): null

16-10-2024T19:08:33 - [TEST_STEP][PASSED] - wait.until(ExpectedConditions.visibilityOfElementLocated(By.xpath(xpathAccountName))): null

16-10-2024T19:08:34 - [TEST_STEP][PASSED] - xpath(xpathBtnDeposit)).click(): null

16-10-2024T19:08:34 - [TEST_STEP][PASSED] - wait.until(ExpectedConditions.visibilityOfElementLocated(By.xpath(xpathTextAccount))): null

16-10-2024T19:08:39 - [TEST_STEP][PASSED] - xpath(xpathChonVi)).click(): null

16-10-2024T19:08:40 - [TEST_STEP][PASSED] - xpath(xpathThuHo3)).click(): null

16-10-2024T19:08:40 - [TEST_STEP][PASSED] - xpath(xpathDay)).click(): null

16-10-2024T19:08:40 - [TEST_STEP][PASSED] - xpath(xpathHomNay)).click(): null

16-10-2024T19:08:41 - [TEST_STEP][PASSED] - xpath(xpathBtnContinue)).click(): null

16-10-2024T19:08:41 - [TEST_STEP][PASSED] - try: null

16-10-2024T19:08:41 - [TEST_STEP][PASSED] - popupDS = wait.until(ExpectedConditions.visibilityOfElementLocated(By.xpath("//p[contains(text(),'Đã tồn tại kỳ đối soát trước đó, Bạn có chắc chắn ')]"))): null

16-10-2024T19:09:02 - [TEST_STEP][PASSED] - catch (org.openqa.selenium.TimeoutException e): null

16-10-2024T19:09:02 - [TEST_STEP][PASSED] - println("Popup không xuất hiện, tiếp tục thực hiện giao dịch."): null

16-10-2024T19:09:02 - [TEST_STEP][PASSED] - xpath(xpathDepositTextbox)).sendKeys("150000"): null

16-10-2024T19:09:02 - [TEST_STEP][PASSED] - xpath(xpathButtonSubmit)).click(): null

16-10-2024T19:09:02 - [TEST_STEP][ERROR] - TTGD = xpath(xpathTextAfterAccept))).getText(): Test Cases/Quản lý tài khoản merchant/Quản lý danh sách tài khoản/Nạp tiền/TC_06_KIểm tra khi nhập số tiền đúng và nhấn xác nhận FAILED.
Reason:
org.openqa.selenium.TimeoutException: Expected condition failed: waiting for visibility of element located by By.xpath: //h2[contains(text(),'THÔNG TIN GIAO DỊCH')] (tried for 20 second(s) with 500 milliseconds interval)
	at org.openqa.selenium.support.ui.WebDriverWait.timeoutException(WebDriverWait.java:95)
	at org.openqa.selenium.support.ui.FluentWait.until(FluentWait.java:272)
	at TC_06_KIểm tra khi nhập số tiền đúng và nhấn xác nhận.run(TC_06_KIểm tra khi nhập số tiền đúng và nhấn xác nhận:57)
	at com.kms.katalon.core.main.ScriptEngine.run(ScriptEngine.java:194)
	at com.kms.katalon.core.main.ScriptEngine.runScriptAsRawText(ScriptEngine.java:119)
	at com.kms.katalon.core.main.TestCaseExecutor.runScript(TestCaseExecutor.java:448)
	at com.kms.katalon.core.main.TestCaseExecutor.doExecute(TestCaseExecutor.java:439)
	at com.kms.katalon.core.main.TestCaseExecutor.processExecutionPhase(TestCaseExecutor.java:418)
	at com.kms.katalon.core.main.TestCaseExecutor.accessMainPhase(TestCaseExecutor.java:410)
	at com.kms.katalon.core.main.TestCaseExecutor.execute(TestCaseExecutor.java:285)
	at com.kms.katalon.core.common.CommonExecutor.accessTestCaseMainPhase(CommonExecutor.java:65)
	at com.kms.katalon.core.main.TestSuiteExecutor.accessTestSuiteMainPhase(TestSuiteExecutor.java:150)
	at com.kms.katalon.core.main.TestSuiteExecutor.execute(TestSuiteExecutor.java:106)
	at com.kms.katalon.core.main.TestCaseMain.startTestSuite(TestCaseMain.java:180)
	at TempTestSuite1729080368268.run(TempTestSuite1729080368268.groovy:35)
	at java.base/jdk.internal.reflect.NativeMethodAccessorImpl.invoke0(Native Method)
	at java.base/jdk.internal.reflect.NativeMethodAccessorImpl.invoke(NativeMethodAccessorImpl.java:77)
	at java.base/jdk.internal.reflect.DelegatingMethodAccessorImpl.invoke(DelegatingMethodAccessorImpl.java:43)
Caused by: org.openqa.selenium.NoSuchElementException: no such element: Unable to locate element: {"method":"xpath","selector":"//h2[contains(text(),'THÔNG TIN GIAO DỊCH')]"}
  (Session info: chrome=130.0.6723.59)
For documentation on this error, please visit: https://www.seleniumhq.org/exceptions/no_such_element.html
Build info: version: '3.141.59', revision: 'unknown', time: 'unknown'
System info: host: 'Aidans-Macbook.local', ip: '2405:4803:fd90:9ef0:b0c9:6dde:81ec:56fd%en0', os.name: 'Mac OS X', os.arch: 'aarch64', os.version: '14.5', java.version: '17.0.7'
Driver info: com.kms.katalon.selenium.driver.CChromeDriver
Capabilities {acceptInsecureCerts: false, browserName: chrome, browserVersion: 130.0.6723.59, chrome: {chromedriverVersion: 129.0.6668.100 (cf58cba358d..., userDataDir: /var/folders/w1/k98vh2j97rz...}, fedcm:accounts: true, goog:chromeOptions: {debuggerAddress: localhost:56606}, javascriptEnabled: true, networkConnectionEnabled: false, pageLoadStrategy: normal, platform: MAC, platformName: MAC, proxy: Proxy(), setWindowRect: true, strictFileInteractability: false, timeouts: {implicit: 0, pageLoad: 300000, script: 30000}, unhandledPromptBehavior: dismiss and notify, webauthn:extension:credBlob: true, webauthn:extension:largeBlob: true, webauthn:extension:minPinLength: true, webauthn:extension:prf: true, webauthn:virtualAuthenticators: true}
Session ID: c69c202c24ba392f5217c43f73f2a603
*** Element info: {Using=xpath, value=//h2[contains(text(),'THÔNG TIN GIAO DỊCH')]}
	at jdk.internal.reflect.GeneratedConstructorAccessor22.newInstance(Unknown Source)
	at java.base/jdk.internal.reflect.DelegatingConstructorAccessorImpl.newInstance(DelegatingConstructorAccessorImpl.java:45)
	at org.openqa.selenium.remote.http.W3CHttpResponseCodec.createException(W3CHttpResponseCodec.java:187)
	at org.openqa.selenium.remote.http.W3CHttpResponseCodec.decode(W3CHttpResponseCodec.java:122)
	at org.openqa.selenium.remote.http.W3CHttpResponseCodec.decode(W3CHttpResponseCodec.java:49)
	at org.openqa.selenium.remote.HttpCommandExecutor.execute(HttpCommandExecutor.java:158)
	at org.openqa.selenium.remote.service.DriverCommandExecutor.execute(DriverCommandExecutor.java:83)
	at org.openqa.selenium.remote.RemoteWebDriver.execute(RemoteWebDriver.java:552)
	at com.kms.katalon.selenium.driver.CChromeDriver.execute(CChromeDriver.java:19)
	at org.openqa.selenium.remote.RemoteWebDriver.findElement(RemoteWebDriver.java:323)
	at org.openqa.selenium.remote.RemoteWebDriver.findElementByXPath(RemoteWebDriver.java:428)
	at org.openqa.selenium.By$ByXPath.findElement(By.java:353)
	at org.openqa.selenium.remote.RemoteWebDriver.findElement(RemoteWebDriver.java:315)
	at jdk.internal.reflect.GeneratedMethodAccessor9.invoke(Unknown Source)
	at java.base/jdk.internal.reflect.DelegatingMethodAccessorImpl.invoke(DelegatingMethodAccessorImpl.java:43)
	at org.openqa.selenium.support.events.EventFiringWebDriver.lambda$new$1(EventFiringWebDriver.java:105)
	at jdk.proxy2/jdk.proxy2.$Proxy22.findElement(Unknown Source)
	at org.openqa.selenium.support.events.EventFiringWebDriver.findElement(EventFiringWebDriver.java:194)
	at org.openqa.selenium.support.ui.ExpectedConditions$7.apply(ExpectedConditions.java:205)
	at org.openqa.selenium.support.ui.ExpectedConditions$7.apply(ExpectedConditions.java:201)
	at org.openqa.selenium.support.ui.FluentWait.until(FluentWait.java:249)
	at Script1720717337534.run(Script1720717337534.groovy:57)
	... 15 more


16-10-2024T19:09:32 - [MESSAGE][ERROR] - Test Cases/Quản lý tài khoản merchant/Quản lý danh sách tài khoản/Nạp tiền/TC_06_KIểm tra khi nhập số tiền đúng và nhấn xác nhận FAILED.
Reason:
org.openqa.selenium.TimeoutException: Expected condition failed: waiting for visibility of element located by By.xpath: //h2[contains(text(),'THÔNG TIN GIAO DỊCH')] (tried for 20 second(s) with 500 milliseconds interval)
	at org.openqa.selenium.support.ui.WebDriverWait.timeoutException(WebDriverWait.java:95)
	at org.openqa.selenium.support.ui.FluentWait.until(FluentWait.java:272)
	at TC_06_KIểm tra khi nhập số tiền đúng và nhấn xác nhận.run(TC_06_KIểm tra khi nhập số tiền đúng và nhấn xác nhận:57)
	at com.kms.katalon.core.main.ScriptEngine.run(ScriptEngine.java:194)
	at com.kms.katalon.core.main.ScriptEngine.runScriptAsRawText(ScriptEngine.java:119)
	at com.kms.katalon.core.main.TestCaseExecutor.runScript(TestCaseExecutor.java:448)
	at com.kms.katalon.core.main.TestCaseExecutor.doExecute(TestCaseExecutor.java:439)
	at com.kms.katalon.core.main.TestCaseExecutor.processExecutionPhase(TestCaseExecutor.java:418)
	at com.kms.katalon.core.main.TestCaseExecutor.accessMainPhase(TestCaseExecutor.java:410)
	at com.kms.katalon.core.main.TestCaseExecutor.execute(TestCaseExecutor.java:285)
	at com.kms.katalon.core.common.CommonExecutor.accessTestCaseMainPhase(CommonExecutor.java:65)
	at com.kms.katalon.core.main.TestSuiteExecutor.accessTestSuiteMainPhase(TestSuiteExecutor.java:150)
	at com.kms.katalon.core.main.TestSuiteExecutor.execute(TestSuiteExecutor.java:106)
	at com.kms.katalon.core.main.TestCaseMain.startTestSuite(TestCaseMain.java:180)
	at TempTestSuite1729080368268.run(TempTestSuite1729080368268.groovy:35)
	at java.base/jdk.internal.reflect.NativeMethodAccessorImpl.invoke0(Native Method)
	at java.base/jdk.internal.reflect.NativeMethodAccessorImpl.invoke(NativeMethodAccessorImpl.java:77)
	at java.base/jdk.internal.reflect.DelegatingMethodAccessorImpl.invoke(DelegatingMethodAccessorImpl.java:43)
Caused by: org.openqa.selenium.NoSuchElementException: no such element: Unable to locate element: {"method":"xpath","selector":"//h2[contains(text(),'THÔNG TIN GIAO DỊCH')]"}
  (Session info: chrome=130.0.6723.59)
For documentation on this error, please visit: https://www.seleniumhq.org/exceptions/no_such_element.html
Build info: version: '3.141.59', revision: 'unknown', time: 'unknown'
System info: host: 'Aidans-Macbook.local', ip: '2405:4803:fd90:9ef0:b0c9:6dde:81ec:56fd%en0', os.name: 'Mac OS X', os.arch: 'aarch64', os.version: '14.5', java.version: '17.0.7'
Driver info: com.kms.katalon.selenium.driver.CChromeDriver
Capabilities {acceptInsecureCerts: false, browserName: chrome, browserVersion: 130.0.6723.59, chrome: {chromedriverVersion: 129.0.6668.100 (cf58cba358d..., userDataDir: /var/folders/w1/k98vh2j97rz...}, fedcm:accounts: true, goog:chromeOptions: {debuggerAddress: localhost:56606}, javascriptEnabled: true, networkConnectionEnabled: false, pageLoadStrategy: normal, platform: MAC, platformName: MAC, proxy: Proxy(), setWindowRect: true, strictFileInteractability: false, timeouts: {implicit: 0, pageLoad: 300000, script: 30000}, unhandledPromptBehavior: dismiss and notify, webauthn:extension:credBlob: true, webauthn:extension:largeBlob: true, webauthn:extension:minPinLength: true, webauthn:extension:prf: true, webauthn:virtualAuthenticators: true}
Session ID: c69c202c24ba392f5217c43f73f2a603
*** Element info: {Using=xpath, value=//h2[contains(text(),'THÔNG TIN GIAO DỊCH')]}
	at jdk.internal.reflect.GeneratedConstructorAccessor22.newInstance(Unknown Source)
	at java.base/jdk.internal.reflect.DelegatingConstructorAccessorImpl.newInstance(DelegatingConstructorAccessorImpl.java:45)
	at org.openqa.selenium.remote.http.W3CHttpResponseCodec.createException(W3CHttpResponseCodec.java:187)
	at org.openqa.selenium.remote.http.W3CHttpResponseCodec.decode(W3CHttpResponseCodec.java:122)
	at org.openqa.selenium.remote.http.W3CHttpResponseCodec.decode(W3CHttpResponseCodec.java:49)
	at org.openqa.selenium.remote.HttpCommandExecutor.execute(HttpCommandExecutor.java:158)
	at org.openqa.selenium.remote.service.DriverCommandExecutor.execute(DriverCommandExecutor.java:83)
	at org.openqa.selenium.remote.RemoteWebDriver.execute(RemoteWebDriver.java:552)
	at com.kms.katalon.selenium.driver.CChromeDriver.execute(CChromeDriver.java:19)
	at org.openqa.selenium.remote.RemoteWebDriver.findElement(RemoteWebDriver.java:323)
	at org.openqa.selenium.remote.RemoteWebDriver.findElementByXPath(RemoteWebDriver.java:428)
	at org.openqa.selenium.By$ByXPath.findElement(By.java:353)
	at org.openqa.selenium.remote.RemoteWebDriver.findElement(RemoteWebDriver.java:315)
	at jdk.internal.reflect.GeneratedMethodAccessor9.invoke(Unknown Source)
	at java.base/jdk.internal.reflect.DelegatingMethodAccessorImpl.invoke(DelegatingMethodAccessorImpl.java:43)
	at org.openqa.selenium.support.events.EventFiringWebDriver.lambda$new$1(EventFiringWebDriver.java:105)
	at jdk.proxy2/jdk.proxy2.$Proxy22.findElement(Unknown Source)
	at org.openqa.selenium.support.events.EventFiringWebDriver.findElement(EventFiringWebDriver.java:194)
	at org.openqa.selenium.support.ui.ExpectedConditions$7.apply(ExpectedConditions.java:205)
	at org.openqa.selenium.support.ui.ExpectedConditions$7.apply(ExpectedConditions.java:201)
	at org.openqa.selenium.support.ui.FluentWait.until(FluentWait.java:249)
	at Script1720717337534.run(Script1720717337534.groovy:57)
	... 15 more


16-10-2024T19:09:32 - [TEST_STEP][PASSED] - Start listener action : sampleAfterTestCase: null

16-10-2024T19:09:32 - [TEST_STEP][PASSED] - testCaseId = testCaseContext.getTestCaseId(): null

16-10-2024T19:09:32 - [TEST_STEP][PASSED] - if (testCaseId == "Test Cases/Quản lý tài khoản merchant/Quản lý dịch vụ merchant/TC_13_Kiểm tra chức năng xác nhận cấu hình thay đổi VA"): null]]></system-out>
         <system-err><![CDATA[16-10-2024T19:08:21 - [TEST_CASE][ERROR] - Test Cases/Quản lý tài khoản merchant/Quản lý danh sách tài khoản/Nạp tiền/TC_06_KIểm tra khi nhập số tiền đúng và nhấn xác nhận: Test Cases/Quản lý tài khoản merchant/Quản lý danh sách tài khoản/Nạp tiền/TC_06_KIểm tra khi nhập số tiền đúng và nhấn xác nhận FAILED.
Reason:
org.openqa.selenium.TimeoutException: Expected condition failed: waiting for visibility of element located by By.xpath: //h2[contains(text(),'THÔNG TIN GIAO DỊCH')] (tried for 20 second(s) with 500 milliseconds interval)
	at org.openqa.selenium.support.ui.WebDriverWait.timeoutException(WebDriverWait.java:95)
	at org.openqa.selenium.support.ui.FluentWait.until(FluentWait.java:272)
	at TC_06_KIểm tra khi nhập số tiền đúng và nhấn xác nhận.run(TC_06_KIểm tra khi nhập số tiền đúng và nhấn xác nhận:57)
	at com.kms.katalon.core.main.ScriptEngine.run(ScriptEngine.java:194)
	at com.kms.katalon.core.main.ScriptEngine.runScriptAsRawText(ScriptEngine.java:119)
	at com.kms.katalon.core.main.TestCaseExecutor.runScript(TestCaseExecutor.java:448)
	at com.kms.katalon.core.main.TestCaseExecutor.doExecute(TestCaseExecutor.java:439)
	at com.kms.katalon.core.main.TestCaseExecutor.processExecutionPhase(TestCaseExecutor.java:418)
	at com.kms.katalon.core.main.TestCaseExecutor.accessMainPhase(TestCaseExecutor.java:410)
	at com.kms.katalon.core.main.TestCaseExecutor.execute(TestCaseExecutor.java:285)
	at com.kms.katalon.core.common.CommonExecutor.accessTestCaseMainPhase(CommonExecutor.java:65)
	at com.kms.katalon.core.main.TestSuiteExecutor.accessTestSuiteMainPhase(TestSuiteExecutor.java:150)
	at com.kms.katalon.core.main.TestSuiteExecutor.execute(TestSuiteExecutor.java:106)
	at com.kms.katalon.core.main.TestCaseMain.startTestSuite(TestCaseMain.java:180)
	at TempTestSuite1729080368268.run(TempTestSuite1729080368268.groovy:35)
	at java.base/jdk.internal.reflect.NativeMethodAccessorImpl.invoke0(Native Method)
	at java.base/jdk.internal.reflect.NativeMethodAccessorImpl.invoke(NativeMethodAccessorImpl.java:77)
	at java.base/jdk.internal.reflect.DelegatingMethodAccessorImpl.invoke(DelegatingMethodAccessorImpl.java:43)
Caused by: org.openqa.selenium.NoSuchElementException: no such element: Unable to locate element: {"method":"xpath","selector":"//h2[contains(text(),'THÔNG TIN GIAO DỊCH')]"}
  (Session info: chrome=130.0.6723.59)
For documentation on this error, please visit: https://www.seleniumhq.org/exceptions/no_such_element.html
Build info: version: '3.141.59', revision: 'unknown', time: 'unknown'
System info: host: 'Aidans-Macbook.local', ip: '2405:4803:fd90:9ef0:b0c9:6dde:81ec:56fd%en0', os.name: 'Mac OS X', os.arch: 'aarch64', os.version: '14.5', java.version: '17.0.7'
Driver info: com.kms.katalon.selenium.driver.CChromeDriver
Capabilities {acceptInsecureCerts: false, browserName: chrome, browserVersion: 130.0.6723.59, chrome: {chromedriverVersion: 129.0.6668.100 (cf58cba358d..., userDataDir: /var/folders/w1/k98vh2j97rz...}, fedcm:accounts: true, goog:chromeOptions: {debuggerAddress: localhost:56606}, javascriptEnabled: true, networkConnectionEnabled: false, pageLoadStrategy: normal, platform: MAC, platformName: MAC, proxy: Proxy(), setWindowRect: true, strictFileInteractability: false, timeouts: {implicit: 0, pageLoad: 300000, script: 30000}, unhandledPromptBehavior: dismiss and notify, webauthn:extension:credBlob: true, webauthn:extension:largeBlob: true, webauthn:extension:minPinLength: true, webauthn:extension:prf: true, webauthn:virtualAuthenticators: true}
Session ID: c69c202c24ba392f5217c43f73f2a603
*** Element info: {Using=xpath, value=//h2[contains(text(),'THÔNG TIN GIAO DỊCH')]}
	at jdk.internal.reflect.GeneratedConstructorAccessor22.newInstance(Unknown Source)
	at java.base/jdk.internal.reflect.DelegatingConstructorAccessorImpl.newInstance(DelegatingConstructorAccessorImpl.java:45)
	at org.openqa.selenium.remote.http.W3CHttpResponseCodec.createException(W3CHttpResponseCodec.java:187)
	at org.openqa.selenium.remote.http.W3CHttpResponseCodec.decode(W3CHttpResponseCodec.java:122)
	at org.openqa.selenium.remote.http.W3CHttpResponseCodec.decode(W3CHttpResponseCodec.java:49)
	at org.openqa.selenium.remote.HttpCommandExecutor.execute(HttpCommandExecutor.java:158)
	at org.openqa.selenium.remote.service.DriverCommandExecutor.execute(DriverCommandExecutor.java:83)
	at org.openqa.selenium.remote.RemoteWebDriver.execute(RemoteWebDriver.java:552)
	at com.kms.katalon.selenium.driver.CChromeDriver.execute(CChromeDriver.java:19)
	at org.openqa.selenium.remote.RemoteWebDriver.findElement(RemoteWebDriver.java:323)
	at org.openqa.selenium.remote.RemoteWebDriver.findElementByXPath(RemoteWebDriver.java:428)
	at org.openqa.selenium.By$ByXPath.findElement(By.java:353)
	at org.openqa.selenium.remote.RemoteWebDriver.findElement(RemoteWebDriver.java:315)
	at jdk.internal.reflect.GeneratedMethodAccessor9.invoke(Unknown Source)
	at java.base/jdk.internal.reflect.DelegatingMethodAccessorImpl.invoke(DelegatingMethodAccessorImpl.java:43)
	at org.openqa.selenium.support.events.EventFiringWebDriver.lambda$new$1(EventFiringWebDriver.java:105)
	at jdk.proxy2/jdk.proxy2.$Proxy22.findElement(Unknown Source)
	at org.openqa.selenium.support.events.EventFiringWebDriver.findElement(EventFiringWebDriver.java:194)
	at org.openqa.selenium.support.ui.ExpectedConditions$7.apply(ExpectedConditions.java:205)
	at org.openqa.selenium.support.ui.ExpectedConditions$7.apply(ExpectedConditions.java:201)
	at org.openqa.selenium.support.ui.FluentWait.until(FluentWait.java:249)
	... 16 more]]></system-err>
      </testcase>
      <testcase name="Test Cases/Quản lý tài khoản merchant/Quản lý danh sách tài khoản/Nạp tiền/TC_07_Nhập số tiền đúng và chọn kì đối soát đã có trước đó và nhấn Huỷ" time="50.03" classname="Test Cases/Quản lý tài khoản merchant/Quản lý danh sách tài khoản/Nạp tiền/TC_07_Nhập số tiền đúng và chọn kì đối soát đã có trước đó và nhấn Huỷ" status="ERROR">
         <error type="ERROR" message="Test Cases/Quản lý tài khoản merchant/Quản lý danh sách tài khoản/Nạp tiền/TC_07_Nhập số tiền đúng và chọn kì đối soát đã có trước đó và nhấn Huỷ FAILED.&#xa;Reason:&#xa;org.openqa.selenium.TimeoutException: Expected condition failed: waiting for visibility of element located by By.xpath: //p[contains(text(),'Đã tồn tại kỳ đối soát trước đó, Bạn có chắc chắn ')] (tried for 20 second(s) with 500 milliseconds interval)&#xa;	at org.openqa.selenium.support.ui.WebDriverWait.timeoutException(WebDriverWait.java:95)&#xa;	at org.openqa.selenium.support.ui.FluentWait.until(FluentWait.java:272)&#xa;	at TC_07_Nhập số tiền đúng và chọn kì đối soát đã có trước đó và nhấn Huỷ.run(TC_07_Nhập số tiền đúng và chọn kì đối soát đã có trước đó và nhấn Huỷ:41)&#xa;	at com.kms.katalon.core.main.ScriptEngine.run(ScriptEngine.java:194)&#xa;	at com.kms.katalon.core.main.ScriptEngine.runScriptAsRawText(ScriptEngine.java:119)&#xa;	at com.kms.katalon.core.main.TestCaseExecutor.runScript(TestCaseExecutor.java:448)&#xa;	at com.kms.katalon.core.main.TestCaseExecutor.doExecute(TestCaseExecutor.java:439)&#xa;	at com.kms.katalon.core.main.TestCaseExecutor.processExecutionPhase(TestCaseExecutor.java:418)&#xa;	at com.kms.katalon.core.main.TestCaseExecutor.accessMainPhase(TestCaseExecutor.java:410)&#xa;	at com.kms.katalon.core.main.TestCaseExecutor.execute(TestCaseExecutor.java:285)&#xa;	at com.kms.katalon.core.common.CommonExecutor.accessTestCaseMainPhase(CommonExecutor.java:65)&#xa;	at com.kms.katalon.core.main.TestSuiteExecutor.accessTestSuiteMainPhase(TestSuiteExecutor.java:150)&#xa;	at com.kms.katalon.core.main.TestSuiteExecutor.execute(TestSuiteExecutor.java:106)&#xa;	at com.kms.katalon.core.main.TestCaseMain.startTestSuite(TestCaseMain.java:180)&#xa;	at TempTestSuite1729080368268.run(TempTestSuite1729080368268.groovy:35)&#xa;	at java.base/jdk.internal.reflect.NativeMethodAccessorImpl.invoke0(Native Method)&#xa;	at java.base/jdk.internal.reflect.NativeMethodAccessorImpl.invoke(NativeMethodAccessorImpl.java:77)&#xa;	at java.base/jdk.internal.reflect.DelegatingMethodAccessorImpl.invoke(DelegatingMethodAccessorImpl.java:43)&#xa;Caused by: org.openqa.selenium.NoSuchElementException: no such element: Unable to locate element: {&quot;method&quot;:&quot;xpath&quot;,&quot;selector&quot;:&quot;//p[contains(text(),'Đã tồn tại kỳ đối soát trước đó, Bạn có chắc chắn ')]&quot;}&#xa;  (Session info: chrome=130.0.6723.59)&#xa;For documentation on this error, please visit: https://www.seleniumhq.org/exceptions/no_such_element.html&#xa;Build info: version: '3.141.59', revision: 'unknown', time: 'unknown'&#xa;System info: host: 'Aidans-Macbook.local', ip: '2405:4803:fd90:9ef0:b0c9:6dde:81ec:56fd%en0', os.name: 'Mac OS X', os.arch: 'aarch64', os.version: '14.5', java.version: '17.0.7'&#xa;Driver info: com.kms.katalon.selenium.driver.CChromeDriver&#xa;Capabilities {acceptInsecureCerts: false, browserName: chrome, browserVersion: 130.0.6723.59, chrome: {chromedriverVersion: 129.0.6668.100 (cf58cba358d..., userDataDir: /var/folders/w1/k98vh2j97rz...}, fedcm:accounts: true, goog:chromeOptions: {debuggerAddress: localhost:56638}, javascriptEnabled: true, networkConnectionEnabled: false, pageLoadStrategy: normal, platform: MAC, platformName: MAC, proxy: Proxy(), setWindowRect: true, strictFileInteractability: false, timeouts: {implicit: 0, pageLoad: 300000, script: 30000}, unhandledPromptBehavior: dismiss and notify, webauthn:extension:credBlob: true, webauthn:extension:largeBlob: true, webauthn:extension:minPinLength: true, webauthn:extension:prf: true, webauthn:virtualAuthenticators: true}&#xa;Session ID: 66a80cfffb054b4bb3fa32a950f33c48&#xa;*** Element info: {Using=xpath, value=//p[contains(text(),'Đã tồn tại kỳ đối soát trước đó, Bạn có chắc chắn ')]}&#xa;	at jdk.internal.reflect.GeneratedConstructorAccessor22.newInstance(Unknown Source)&#xa;	at java.base/jdk.internal.reflect.DelegatingConstructorAccessorImpl.newInstance(DelegatingConstructorAccessorImpl.java:45)&#xa;	at org.openqa.selenium.remote.http.W3CHttpResponseCodec.createException(W3CHttpResponseCodec.java:187)&#xa;	at org.openqa.selenium.remote.http.W3CHttpResponseCodec.decode(W3CHttpResponseCodec.java:122)&#xa;	at org.openqa.selenium.remote.http.W3CHttpResponseCodec.decode(W3CHttpResponseCodec.java:49)&#xa;	at org.openqa.selenium.remote.HttpCommandExecutor.execute(HttpCommandExecutor.java:158)&#xa;	at org.openqa.selenium.remote.service.DriverCommandExecutor.execute(DriverCommandExecutor.java:83)&#xa;	at org.openqa.selenium.remote.RemoteWebDriver.execute(RemoteWebDriver.java:552)&#xa;	at com.kms.katalon.selenium.driver.CChromeDriver.execute(CChromeDriver.java:19)&#xa;	at org.openqa.selenium.remote.RemoteWebDriver.findElement(RemoteWebDriver.java:323)&#xa;	at org.openqa.selenium.remote.RemoteWebDriver.findElementByXPath(RemoteWebDriver.java:428)&#xa;	at org.openqa.selenium.By$ByXPath.findElement(By.java:353)&#xa;	at org.openqa.selenium.remote.RemoteWebDriver.findElement(RemoteWebDriver.java:315)&#xa;	at jdk.internal.reflect.GeneratedMethodAccessor9.invoke(Unknown Source)&#xa;	at java.base/jdk.internal.reflect.DelegatingMethodAccessorImpl.invoke(DelegatingMethodAccessorImpl.java:43)&#xa;	at org.openqa.selenium.support.events.EventFiringWebDriver.lambda$new$1(EventFiringWebDriver.java:105)&#xa;	at jdk.proxy2/jdk.proxy2.$Proxy22.findElement(Unknown Source)&#xa;	at org.openqa.selenium.support.events.EventFiringWebDriver.findElement(EventFiringWebDriver.java:194)&#xa;	at org.openqa.selenium.support.ui.ExpectedConditions$7.apply(ExpectedConditions.java:205)&#xa;	at org.openqa.selenium.support.ui.ExpectedConditions$7.apply(ExpectedConditions.java:201)&#xa;	at org.openqa.selenium.support.ui.FluentWait.until(FluentWait.java:249)&#xa;	... 16 more&#xa;"/>
         <system-out><![CDATA[16-10-2024T19:09:32 - [TEST_CASE][ERROR] - Test Cases/Quản lý tài khoản merchant/Quản lý danh sách tài khoản/Nạp tiền/TC_07_Nhập số tiền đúng và chọn kì đối soát đã có trước đó và nhấn Huỷ: Test Cases/Quản lý tài khoản merchant/Quản lý danh sách tài khoản/Nạp tiền/TC_07_Nhập số tiền đúng và chọn kì đối soát đã có trước đó và nhấn Huỷ FAILED.
Reason:
org.openqa.selenium.TimeoutException: Expected condition failed: waiting for visibility of element located by By.xpath: //p[contains(text(),'Đã tồn tại kỳ đối soát trước đó, Bạn có chắc chắn ')] (tried for 20 second(s) with 500 milliseconds interval)
	at org.openqa.selenium.support.ui.WebDriverWait.timeoutException(WebDriverWait.java:95)
	at org.openqa.selenium.support.ui.FluentWait.until(FluentWait.java:272)
	at TC_07_Nhập số tiền đúng và chọn kì đối soát đã có trước đó và nhấn Huỷ.run(TC_07_Nhập số tiền đúng và chọn kì đối soát đã có trước đó và nhấn Huỷ:41)
	at com.kms.katalon.core.main.ScriptEngine.run(ScriptEngine.java:194)
	at com.kms.katalon.core.main.ScriptEngine.runScriptAsRawText(ScriptEngine.java:119)
	at com.kms.katalon.core.main.TestCaseExecutor.runScript(TestCaseExecutor.java:448)
	at com.kms.katalon.core.main.TestCaseExecutor.doExecute(TestCaseExecutor.java:439)
	at com.kms.katalon.core.main.TestCaseExecutor.processExecutionPhase(TestCaseExecutor.java:418)
	at com.kms.katalon.core.main.TestCaseExecutor.accessMainPhase(TestCaseExecutor.java:410)
	at com.kms.katalon.core.main.TestCaseExecutor.execute(TestCaseExecutor.java:285)
	at com.kms.katalon.core.common.CommonExecutor.accessTestCaseMainPhase(CommonExecutor.java:65)
	at com.kms.katalon.core.main.TestSuiteExecutor.accessTestSuiteMainPhase(TestSuiteExecutor.java:150)
	at com.kms.katalon.core.main.TestSuiteExecutor.execute(TestSuiteExecutor.java:106)
	at com.kms.katalon.core.main.TestCaseMain.startTestSuite(TestCaseMain.java:180)
	at TempTestSuite1729080368268.run(TempTestSuite1729080368268.groovy:35)
	at java.base/jdk.internal.reflect.NativeMethodAccessorImpl.invoke0(Native Method)
	at java.base/jdk.internal.reflect.NativeMethodAccessorImpl.invoke(NativeMethodAccessorImpl.java:77)
	at java.base/jdk.internal.reflect.DelegatingMethodAccessorImpl.invoke(DelegatingMethodAccessorImpl.java:43)
Caused by: org.openqa.selenium.NoSuchElementException: no such element: Unable to locate element: {"method":"xpath","selector":"//p[contains(text(),'Đã tồn tại kỳ đối soát trước đó, Bạn có chắc chắn ')]"}
  (Session info: chrome=130.0.6723.59)
For documentation on this error, please visit: https://www.seleniumhq.org/exceptions/no_such_element.html
Build info: version: '3.141.59', revision: 'unknown', time: 'unknown'
System info: host: 'Aidans-Macbook.local', ip: '2405:4803:fd90:9ef0:b0c9:6dde:81ec:56fd%en0', os.name: 'Mac OS X', os.arch: 'aarch64', os.version: '14.5', java.version: '17.0.7'
Driver info: com.kms.katalon.selenium.driver.CChromeDriver
Capabilities {acceptInsecureCerts: false, browserName: chrome, browserVersion: 130.0.6723.59, chrome: {chromedriverVersion: 129.0.6668.100 (cf58cba358d..., userDataDir: /var/folders/w1/k98vh2j97rz...}, fedcm:accounts: true, goog:chromeOptions: {debuggerAddress: localhost:56638}, javascriptEnabled: true, networkConnectionEnabled: false, pageLoadStrategy: normal, platform: MAC, platformName: MAC, proxy: Proxy(), setWindowRect: true, strictFileInteractability: false, timeouts: {implicit: 0, pageLoad: 300000, script: 30000}, unhandledPromptBehavior: dismiss and notify, webauthn:extension:credBlob: true, webauthn:extension:largeBlob: true, webauthn:extension:minPinLength: true, webauthn:extension:prf: true, webauthn:virtualAuthenticators: true}
Session ID: 66a80cfffb054b4bb3fa32a950f33c48
*** Element info: {Using=xpath, value=//p[contains(text(),'Đã tồn tại kỳ đối soát trước đó, Bạn có chắc chắn ')]}
	at jdk.internal.reflect.GeneratedConstructorAccessor22.newInstance(Unknown Source)
	at java.base/jdk.internal.reflect.DelegatingConstructorAccessorImpl.newInstance(DelegatingConstructorAccessorImpl.java:45)
	at org.openqa.selenium.remote.http.W3CHttpResponseCodec.createException(W3CHttpResponseCodec.java:187)
	at org.openqa.selenium.remote.http.W3CHttpResponseCodec.decode(W3CHttpResponseCodec.java:122)
	at org.openqa.selenium.remote.http.W3CHttpResponseCodec.decode(W3CHttpResponseCodec.java:49)
	at org.openqa.selenium.remote.HttpCommandExecutor.execute(HttpCommandExecutor.java:158)
	at org.openqa.selenium.remote.service.DriverCommandExecutor.execute(DriverCommandExecutor.java:83)
	at org.openqa.selenium.remote.RemoteWebDriver.execute(RemoteWebDriver.java:552)
	at com.kms.katalon.selenium.driver.CChromeDriver.execute(CChromeDriver.java:19)
	at org.openqa.selenium.remote.RemoteWebDriver.findElement(RemoteWebDriver.java:323)
	at org.openqa.selenium.remote.RemoteWebDriver.findElementByXPath(RemoteWebDriver.java:428)
	at org.openqa.selenium.By$ByXPath.findElement(By.java:353)
	at org.openqa.selenium.remote.RemoteWebDriver.findElement(RemoteWebDriver.java:315)
	at jdk.internal.reflect.GeneratedMethodAccessor9.invoke(Unknown Source)
	at java.base/jdk.internal.reflect.DelegatingMethodAccessorImpl.invoke(DelegatingMethodAccessorImpl.java:43)
	at org.openqa.selenium.support.events.EventFiringWebDriver.lambda$new$1(EventFiringWebDriver.java:105)
	at jdk.proxy2/jdk.proxy2.$Proxy22.findElement(Unknown Source)
	at org.openqa.selenium.support.events.EventFiringWebDriver.findElement(EventFiringWebDriver.java:194)
	at org.openqa.selenium.support.ui.ExpectedConditions$7.apply(ExpectedConditions.java:205)
	at org.openqa.selenium.support.ui.ExpectedConditions$7.apply(ExpectedConditions.java:201)
	at org.openqa.selenium.support.ui.FluentWait.until(FluentWait.java:249)
	... 16 more


16-10-2024T19:09:32 - [TEST_STEP][PASSED] - Start listener action : sampleBeforeTestCase: Navigate to 'https://stg-cms-console.9pay.mobi/login' successfully

16-10-2024T19:09:32 - [TEST_STEP][PASSED] - testCaseId = testCaseContext.getTestCaseId(): null

16-10-2024T19:09:32 - [TEST_STEP][PASSED] - url = <not implemented yet for class: org.codehaus.groovy.ast.expr.EmptyExpression>: null

16-10-2024T19:09:32 - [TEST_STEP][PASSED] - if (testCaseId == "Test Cases/Quản lý tài khoản merchant/Quản lý dịch vụ merchant/TC_14_Kiểm tra thay đổi sau khi cấu hình VA trên MCV"): null

16-10-2024T19:09:32 - [TEST_STEP][PASSED] - else: null

16-10-2024T19:09:32 - [TEST_STEP][PASSED] - url = "https://stg-cms-console.9pay.mobi/login": null

16-10-2024T19:09:32 - [TEST_STEP][PASSED] - openBrowser(""): Browser is opened with url: ''

16-10-2024T19:09:32 - [MESSAGE][WARNING] - A browser is already opened. Closing browser and opening a new one

16-10-2024T19:09:32 - [MESSAGE][INFO] - Starting 'Chrome' driver

16-10-2024T19:09:32 - [MESSAGE][INFO] - Action delay is set to 0 milliseconds

16-10-2024T19:09:33 - [MESSAGE][PASSED] - Browser is opened with url: ''

16-10-2024T19:09:33 - [TEST_STEP][PASSED] - maximizeWindow(): Current window maximized

16-10-2024T19:09:33 - [MESSAGE][PASSED] - Current window maximized

16-10-2024T19:09:33 - [TEST_STEP][PASSED] - navigateToUrl(url): Navigate to 'https://stg-cms-console.9pay.mobi/login' successfully

16-10-2024T19:09:41 - [MESSAGE][PASSED] - Navigate to 'https://stg-cms-console.9pay.mobi/login' successfully

16-10-2024T19:09:41 - [TEST_STEP][PASSED] - driver = getWebDriver(): null

16-10-2024T19:09:41 - [TEST_STEP][PASSED] - callTestCase(findTestCase("Test Cases/Login/LoginCommon"), [:], STOP_ON_FAILURE): Call Test Case 'Test Cases/Login/LoginCommon' successfully

16-10-2024T19:09:41 - [TEST_CASE][PASSED] - Test Cases/Login/LoginCommon: Test Cases/Login/LoginCommon

16-10-2024T19:09:41 - [TEST_STEP][PASSED] - driver = getWebDriver(): null

16-10-2024T19:09:41 - [TEST_STEP][PASSED] - sendKeys(findTestObject("Quản lý tài khoản merchant/Quản lý dịch vụ merchant/userNameTextbox"), userAccount): Keys 'dannt@9pay.vn' sent to object: 'Object Repository/Quản lý tài khoản merchant/Quản lý dịch vụ merchant/userNameTextbox'

16-10-2024T19:09:41 - [MESSAGE][PASSED] - Keys 'dannt@9pay.vn' sent to object: 'Object Repository/Quản lý tài khoản merchant/Quản lý dịch vụ merchant/userNameTextbox'

16-10-2024T19:09:41 - [TEST_STEP][PASSED] - sendKeys(findTestObject("Quản lý tài khoản merchant/Quản lý dịch vụ merchant/passwordTextbox"), password): Keys 'dannt@9pay.vn' sent to object: 'Object Repository/Quản lý tài khoản merchant/Quản lý dịch vụ merchant/passwordTextbox'

16-10-2024T19:09:42 - [MESSAGE][PASSED] - Keys 'dannt@9pay.vn' sent to object: 'Object Repository/Quản lý tài khoản merchant/Quản lý dịch vụ merchant/passwordTextbox'

16-10-2024T19:09:42 - [TEST_STEP][PASSED] - click(findTestObject("Quản lý tài khoản merchant/Quản lý dịch vụ merchant/loginButton")): Object: 'Object Repository/Quản lý tài khoản merchant/Quản lý dịch vụ merchant/loginButton' is clicked on

16-10-2024T19:09:42 - [MESSAGE][PASSED] - Object: 'Object Repository/Quản lý tài khoản merchant/Quản lý dịch vụ merchant/loginButton' is clicked on

16-10-2024T19:09:42 - [MESSAGE][PASSED] - Call Test Case 'Test Cases/Login/LoginCommon' successfully

16-10-2024T19:09:42 - [TEST_STEP][PASSED] - waitForElementVisible(findTestObject("Trang chủ/userName"), 20, STOP_ON_FAILURE): Object 'Object Repository/Trang chủ/userName' is visible

16-10-2024T19:09:45 - [MESSAGE][PASSED] - Object 'Object Repository/Trang chủ/userName' is visible

16-10-2024T19:09:45 - [TEST_STEP][PASSED] - callTestCase(findTestCase("Test Cases/Quản lý tài khoản merchant/Quản lý danh sách tài khoản/CustomFunctions Deposit"), [:], STOP_ON_FAILURE): Call Test Case 'Test Cases/Quản lý tài khoản merchant/Quản lý danh sách tài khoản/CustomFunctions Deposit' successfully

16-10-2024T19:09:46 - [TEST_CASE][PASSED] - Test Cases/Quản lý tài khoản merchant/Quản lý danh sách tài khoản/CustomFunctions Deposit: Test Cases/Quản lý tài khoản merchant/Quản lý danh sách tài khoản/CustomFunctions Deposit

16-10-2024T19:09:46 - [TEST_STEP][PASSED] - driver = getWebDriver(): null

16-10-2024T19:09:46 - [TEST_STEP][PASSED] - element1 = driver.findElement(By.xpath("//span[contains(text(),'Quản lý tài khoản merchant')]")): null

16-10-2024T19:09:46 - [TEST_STEP][PASSED] - actions = new org.openqa.selenium.interactions.Actions(driver): null

16-10-2024T19:09:46 - [TEST_STEP][PASSED] - click().perform(): null

16-10-2024T19:09:46 - [TEST_STEP][PASSED] - wait = new org.openqa.selenium.support.ui.WebDriverWait(com.kms.katalon.core.webui.driver.DriverFactory.getWebDriver(), 15): null

16-10-2024T19:09:46 - [TEST_STEP][PASSED] - xpath(xpathManagerListAccount))).click(): null

16-10-2024T19:09:46 - [MESSAGE][PASSED] - Call Test Case 'Test Cases/Quản lý tài khoản merchant/Quản lý danh sách tài khoản/CustomFunctions Deposit' successfully

16-10-2024T19:09:46 - [TEST_STEP][PASSED] - wait = new org.openqa.selenium.support.ui.WebDriverWait(com.kms.katalon.core.webui.driver.DriverFactory.getWebDriver(), 20): null

16-10-2024T19:09:46 - [TEST_STEP][PASSED] - userCode = wait.until(ExpectedConditions.visibilityOfElementLocated(By.xpath(xpathUserCode))): null

16-10-2024T19:09:50 - [TEST_STEP][PASSED] - println(userCode.getText()): null

16-10-2024T19:09:50 - [TEST_STEP][PASSED] - xpath(xpathBtnAccount))).click(): null

16-10-2024T19:09:50 - [TEST_STEP][PASSED] - searchTextbox = wait.until(ExpectedConditions.elementToBeClickable(By.xpath(xpathSearchTextbox))): null

16-10-2024T19:09:50 - [TEST_STEP][PASSED] - searchTextbox.sendKeys("dannt11"): null

16-10-2024T19:09:51 - [TEST_STEP][PASSED] - xpath(xpathDannt11)).click(): null

16-10-2024T19:09:51 - [TEST_STEP][PASSED] - xpath(xpathBtnSearch)).click(): null

16-10-2024T19:09:51 - [TEST_STEP][PASSED] - wait.until(ExpectedConditions.visibilityOfElementLocated(By.xpath(xpathAccountName))): null

16-10-2024T19:09:52 - [TEST_STEP][PASSED] - Assert.assertEquals(xpath(xpathAccountName)).getText(), username): null

16-10-2024T19:09:52 - [TEST_STEP][PASSED] - xpath(xpathBtnDeposit)).click(): null

16-10-2024T19:09:53 - [TEST_STEP][PASSED] - wait.until(ExpectedConditions.visibilityOfElementLocated(By.xpath(xpathTextAccount))): null

16-10-2024T19:10:00 - [TEST_STEP][PASSED] - xpath(xpathChonVi)).click(): null

16-10-2024T19:10:01 - [TEST_STEP][PASSED] - xpath(xpathThuHo3)).click(): null

16-10-2024T19:10:01 - [TEST_STEP][PASSED] - xpath(xpathDay)).click(): null

16-10-2024T19:10:01 - [TEST_STEP][PASSED] - xpath(xpathHomNay)).click(): null

16-10-2024T19:10:02 - [TEST_STEP][PASSED] - xpath(xpathBtnContinue)).click(): null

16-10-2024T19:10:02 - [TEST_STEP][ERROR] - popupDS = wait.until(ExpectedConditions.visibilityOfElementLocated(By.xpath(xpathXacNhanKiDS))): Test Cases/Quản lý tài khoản merchant/Quản lý danh sách tài khoản/Nạp tiền/TC_07_Nhập số tiền đúng và chọn kì đối soát đã có trước đó và nhấn Huỷ FAILED.
Reason:
org.openqa.selenium.TimeoutException: Expected condition failed: waiting for visibility of element located by By.xpath: //p[contains(text(),'Đã tồn tại kỳ đối soát trước đó, Bạn có chắc chắn ')] (tried for 20 second(s) with 500 milliseconds interval)
	at org.openqa.selenium.support.ui.WebDriverWait.timeoutException(WebDriverWait.java:95)
	at org.openqa.selenium.support.ui.FluentWait.until(FluentWait.java:272)
	at TC_07_Nhập số tiền đúng và chọn kì đối soát đã có trước đó và nhấn Huỷ.run(TC_07_Nhập số tiền đúng và chọn kì đối soát đã có trước đó và nhấn Huỷ:41)
	at com.kms.katalon.core.main.ScriptEngine.run(ScriptEngine.java:194)
	at com.kms.katalon.core.main.ScriptEngine.runScriptAsRawText(ScriptEngine.java:119)
	at com.kms.katalon.core.main.TestCaseExecutor.runScript(TestCaseExecutor.java:448)
	at com.kms.katalon.core.main.TestCaseExecutor.doExecute(TestCaseExecutor.java:439)
	at com.kms.katalon.core.main.TestCaseExecutor.processExecutionPhase(TestCaseExecutor.java:418)
	at com.kms.katalon.core.main.TestCaseExecutor.accessMainPhase(TestCaseExecutor.java:410)
	at com.kms.katalon.core.main.TestCaseExecutor.execute(TestCaseExecutor.java:285)
	at com.kms.katalon.core.common.CommonExecutor.accessTestCaseMainPhase(CommonExecutor.java:65)
	at com.kms.katalon.core.main.TestSuiteExecutor.accessTestSuiteMainPhase(TestSuiteExecutor.java:150)
	at com.kms.katalon.core.main.TestSuiteExecutor.execute(TestSuiteExecutor.java:106)
	at com.kms.katalon.core.main.TestCaseMain.startTestSuite(TestCaseMain.java:180)
	at TempTestSuite1729080368268.run(TempTestSuite1729080368268.groovy:35)
	at java.base/jdk.internal.reflect.NativeMethodAccessorImpl.invoke0(Native Method)
	at java.base/jdk.internal.reflect.NativeMethodAccessorImpl.invoke(NativeMethodAccessorImpl.java:77)
	at java.base/jdk.internal.reflect.DelegatingMethodAccessorImpl.invoke(DelegatingMethodAccessorImpl.java:43)
Caused by: org.openqa.selenium.NoSuchElementException: no such element: Unable to locate element: {"method":"xpath","selector":"//p[contains(text(),'Đã tồn tại kỳ đối soát trước đó, Bạn có chắc chắn ')]"}
  (Session info: chrome=130.0.6723.59)
For documentation on this error, please visit: https://www.seleniumhq.org/exceptions/no_such_element.html
Build info: version: '3.141.59', revision: 'unknown', time: 'unknown'
System info: host: 'Aidans-Macbook.local', ip: '2405:4803:fd90:9ef0:b0c9:6dde:81ec:56fd%en0', os.name: 'Mac OS X', os.arch: 'aarch64', os.version: '14.5', java.version: '17.0.7'
Driver info: com.kms.katalon.selenium.driver.CChromeDriver
Capabilities {acceptInsecureCerts: false, browserName: chrome, browserVersion: 130.0.6723.59, chrome: {chromedriverVersion: 129.0.6668.100 (cf58cba358d..., userDataDir: /var/folders/w1/k98vh2j97rz...}, fedcm:accounts: true, goog:chromeOptions: {debuggerAddress: localhost:56638}, javascriptEnabled: true, networkConnectionEnabled: false, pageLoadStrategy: normal, platform: MAC, platformName: MAC, proxy: Proxy(), setWindowRect: true, strictFileInteractability: false, timeouts: {implicit: 0, pageLoad: 300000, script: 30000}, unhandledPromptBehavior: dismiss and notify, webauthn:extension:credBlob: true, webauthn:extension:largeBlob: true, webauthn:extension:minPinLength: true, webauthn:extension:prf: true, webauthn:virtualAuthenticators: true}
Session ID: 66a80cfffb054b4bb3fa32a950f33c48
*** Element info: {Using=xpath, value=//p[contains(text(),'Đã tồn tại kỳ đối soát trước đó, Bạn có chắc chắn ')]}
	at jdk.internal.reflect.GeneratedConstructorAccessor22.newInstance(Unknown Source)
	at java.base/jdk.internal.reflect.DelegatingConstructorAccessorImpl.newInstance(DelegatingConstructorAccessorImpl.java:45)
	at org.openqa.selenium.remote.http.W3CHttpResponseCodec.createException(W3CHttpResponseCodec.java:187)
	at org.openqa.selenium.remote.http.W3CHttpResponseCodec.decode(W3CHttpResponseCodec.java:122)
	at org.openqa.selenium.remote.http.W3CHttpResponseCodec.decode(W3CHttpResponseCodec.java:49)
	at org.openqa.selenium.remote.HttpCommandExecutor.execute(HttpCommandExecutor.java:158)
	at org.openqa.selenium.remote.service.DriverCommandExecutor.execute(DriverCommandExecutor.java:83)
	at org.openqa.selenium.remote.RemoteWebDriver.execute(RemoteWebDriver.java:552)
	at com.kms.katalon.selenium.driver.CChromeDriver.execute(CChromeDriver.java:19)
	at org.openqa.selenium.remote.RemoteWebDriver.findElement(RemoteWebDriver.java:323)
	at org.openqa.selenium.remote.RemoteWebDriver.findElementByXPath(RemoteWebDriver.java:428)
	at org.openqa.selenium.By$ByXPath.findElement(By.java:353)
	at org.openqa.selenium.remote.RemoteWebDriver.findElement(RemoteWebDriver.java:315)
	at jdk.internal.reflect.GeneratedMethodAccessor9.invoke(Unknown Source)
	at java.base/jdk.internal.reflect.DelegatingMethodAccessorImpl.invoke(DelegatingMethodAccessorImpl.java:43)
	at org.openqa.selenium.support.events.EventFiringWebDriver.lambda$new$1(EventFiringWebDriver.java:105)
	at jdk.proxy2/jdk.proxy2.$Proxy22.findElement(Unknown Source)
	at org.openqa.selenium.support.events.EventFiringWebDriver.findElement(EventFiringWebDriver.java:194)
	at org.openqa.selenium.support.ui.ExpectedConditions$7.apply(ExpectedConditions.java:205)
	at org.openqa.selenium.support.ui.ExpectedConditions$7.apply(ExpectedConditions.java:201)
	at org.openqa.selenium.support.ui.FluentWait.until(FluentWait.java:249)
	at Script1720717717922.run(Script1720717717922.groovy:41)
	... 15 more


16-10-2024T19:10:22 - [MESSAGE][ERROR] - Test Cases/Quản lý tài khoản merchant/Quản lý danh sách tài khoản/Nạp tiền/TC_07_Nhập số tiền đúng và chọn kì đối soát đã có trước đó và nhấn Huỷ FAILED.
Reason:
org.openqa.selenium.TimeoutException: Expected condition failed: waiting for visibility of element located by By.xpath: //p[contains(text(),'Đã tồn tại kỳ đối soát trước đó, Bạn có chắc chắn ')] (tried for 20 second(s) with 500 milliseconds interval)
	at org.openqa.selenium.support.ui.WebDriverWait.timeoutException(WebDriverWait.java:95)
	at org.openqa.selenium.support.ui.FluentWait.until(FluentWait.java:272)
	at TC_07_Nhập số tiền đúng và chọn kì đối soát đã có trước đó và nhấn Huỷ.run(TC_07_Nhập số tiền đúng và chọn kì đối soát đã có trước đó và nhấn Huỷ:41)
	at com.kms.katalon.core.main.ScriptEngine.run(ScriptEngine.java:194)
	at com.kms.katalon.core.main.ScriptEngine.runScriptAsRawText(ScriptEngine.java:119)
	at com.kms.katalon.core.main.TestCaseExecutor.runScript(TestCaseExecutor.java:448)
	at com.kms.katalon.core.main.TestCaseExecutor.doExecute(TestCaseExecutor.java:439)
	at com.kms.katalon.core.main.TestCaseExecutor.processExecutionPhase(TestCaseExecutor.java:418)
	at com.kms.katalon.core.main.TestCaseExecutor.accessMainPhase(TestCaseExecutor.java:410)
	at com.kms.katalon.core.main.TestCaseExecutor.execute(TestCaseExecutor.java:285)
	at com.kms.katalon.core.common.CommonExecutor.accessTestCaseMainPhase(CommonExecutor.java:65)
	at com.kms.katalon.core.main.TestSuiteExecutor.accessTestSuiteMainPhase(TestSuiteExecutor.java:150)
	at com.kms.katalon.core.main.TestSuiteExecutor.execute(TestSuiteExecutor.java:106)
	at com.kms.katalon.core.main.TestCaseMain.startTestSuite(TestCaseMain.java:180)
	at TempTestSuite1729080368268.run(TempTestSuite1729080368268.groovy:35)
	at java.base/jdk.internal.reflect.NativeMethodAccessorImpl.invoke0(Native Method)
	at java.base/jdk.internal.reflect.NativeMethodAccessorImpl.invoke(NativeMethodAccessorImpl.java:77)
	at java.base/jdk.internal.reflect.DelegatingMethodAccessorImpl.invoke(DelegatingMethodAccessorImpl.java:43)
Caused by: org.openqa.selenium.NoSuchElementException: no such element: Unable to locate element: {"method":"xpath","selector":"//p[contains(text(),'Đã tồn tại kỳ đối soát trước đó, Bạn có chắc chắn ')]"}
  (Session info: chrome=130.0.6723.59)
For documentation on this error, please visit: https://www.seleniumhq.org/exceptions/no_such_element.html
Build info: version: '3.141.59', revision: 'unknown', time: 'unknown'
System info: host: 'Aidans-Macbook.local', ip: '2405:4803:fd90:9ef0:b0c9:6dde:81ec:56fd%en0', os.name: 'Mac OS X', os.arch: 'aarch64', os.version: '14.5', java.version: '17.0.7'
Driver info: com.kms.katalon.selenium.driver.CChromeDriver
Capabilities {acceptInsecureCerts: false, browserName: chrome, browserVersion: 130.0.6723.59, chrome: {chromedriverVersion: 129.0.6668.100 (cf58cba358d..., userDataDir: /var/folders/w1/k98vh2j97rz...}, fedcm:accounts: true, goog:chromeOptions: {debuggerAddress: localhost:56638}, javascriptEnabled: true, networkConnectionEnabled: false, pageLoadStrategy: normal, platform: MAC, platformName: MAC, proxy: Proxy(), setWindowRect: true, strictFileInteractability: false, timeouts: {implicit: 0, pageLoad: 300000, script: 30000}, unhandledPromptBehavior: dismiss and notify, webauthn:extension:credBlob: true, webauthn:extension:largeBlob: true, webauthn:extension:minPinLength: true, webauthn:extension:prf: true, webauthn:virtualAuthenticators: true}
Session ID: 66a80cfffb054b4bb3fa32a950f33c48
*** Element info: {Using=xpath, value=//p[contains(text(),'Đã tồn tại kỳ đối soát trước đó, Bạn có chắc chắn ')]}
	at jdk.internal.reflect.GeneratedConstructorAccessor22.newInstance(Unknown Source)
	at java.base/jdk.internal.reflect.DelegatingConstructorAccessorImpl.newInstance(DelegatingConstructorAccessorImpl.java:45)
	at org.openqa.selenium.remote.http.W3CHttpResponseCodec.createException(W3CHttpResponseCodec.java:187)
	at org.openqa.selenium.remote.http.W3CHttpResponseCodec.decode(W3CHttpResponseCodec.java:122)
	at org.openqa.selenium.remote.http.W3CHttpResponseCodec.decode(W3CHttpResponseCodec.java:49)
	at org.openqa.selenium.remote.HttpCommandExecutor.execute(HttpCommandExecutor.java:158)
	at org.openqa.selenium.remote.service.DriverCommandExecutor.execute(DriverCommandExecutor.java:83)
	at org.openqa.selenium.remote.RemoteWebDriver.execute(RemoteWebDriver.java:552)
	at com.kms.katalon.selenium.driver.CChromeDriver.execute(CChromeDriver.java:19)
	at org.openqa.selenium.remote.RemoteWebDriver.findElement(RemoteWebDriver.java:323)
	at org.openqa.selenium.remote.RemoteWebDriver.findElementByXPath(RemoteWebDriver.java:428)
	at org.openqa.selenium.By$ByXPath.findElement(By.java:353)
	at org.openqa.selenium.remote.RemoteWebDriver.findElement(RemoteWebDriver.java:315)
	at jdk.internal.reflect.GeneratedMethodAccessor9.invoke(Unknown Source)
	at java.base/jdk.internal.reflect.DelegatingMethodAccessorImpl.invoke(DelegatingMethodAccessorImpl.java:43)
	at org.openqa.selenium.support.events.EventFiringWebDriver.lambda$new$1(EventFiringWebDriver.java:105)
	at jdk.proxy2/jdk.proxy2.$Proxy22.findElement(Unknown Source)
	at org.openqa.selenium.support.events.EventFiringWebDriver.findElement(EventFiringWebDriver.java:194)
	at org.openqa.selenium.support.ui.ExpectedConditions$7.apply(ExpectedConditions.java:205)
	at org.openqa.selenium.support.ui.ExpectedConditions$7.apply(ExpectedConditions.java:201)
	at org.openqa.selenium.support.ui.FluentWait.until(FluentWait.java:249)
	at Script1720717717922.run(Script1720717717922.groovy:41)
	... 15 more


16-10-2024T19:10:22 - [TEST_STEP][PASSED] - Start listener action : sampleAfterTestCase: null

16-10-2024T19:10:22 - [TEST_STEP][PASSED] - testCaseId = testCaseContext.getTestCaseId(): null

16-10-2024T19:10:22 - [TEST_STEP][PASSED] - if (testCaseId == "Test Cases/Quản lý tài khoản merchant/Quản lý dịch vụ merchant/TC_13_Kiểm tra chức năng xác nhận cấu hình thay đổi VA"): null]]></system-out>
         <system-err><![CDATA[16-10-2024T19:09:32 - [TEST_CASE][ERROR] - Test Cases/Quản lý tài khoản merchant/Quản lý danh sách tài khoản/Nạp tiền/TC_07_Nhập số tiền đúng và chọn kì đối soát đã có trước đó và nhấn Huỷ: Test Cases/Quản lý tài khoản merchant/Quản lý danh sách tài khoản/Nạp tiền/TC_07_Nhập số tiền đúng và chọn kì đối soát đã có trước đó và nhấn Huỷ FAILED.
Reason:
org.openqa.selenium.TimeoutException: Expected condition failed: waiting for visibility of element located by By.xpath: //p[contains(text(),'Đã tồn tại kỳ đối soát trước đó, Bạn có chắc chắn ')] (tried for 20 second(s) with 500 milliseconds interval)
	at org.openqa.selenium.support.ui.WebDriverWait.timeoutException(WebDriverWait.java:95)
	at org.openqa.selenium.support.ui.FluentWait.until(FluentWait.java:272)
	at TC_07_Nhập số tiền đúng và chọn kì đối soát đã có trước đó và nhấn Huỷ.run(TC_07_Nhập số tiền đúng và chọn kì đối soát đã có trước đó và nhấn Huỷ:41)
	at com.kms.katalon.core.main.ScriptEngine.run(ScriptEngine.java:194)
	at com.kms.katalon.core.main.ScriptEngine.runScriptAsRawText(ScriptEngine.java:119)
	at com.kms.katalon.core.main.TestCaseExecutor.runScript(TestCaseExecutor.java:448)
	at com.kms.katalon.core.main.TestCaseExecutor.doExecute(TestCaseExecutor.java:439)
	at com.kms.katalon.core.main.TestCaseExecutor.processExecutionPhase(TestCaseExecutor.java:418)
	at com.kms.katalon.core.main.TestCaseExecutor.accessMainPhase(TestCaseExecutor.java:410)
	at com.kms.katalon.core.main.TestCaseExecutor.execute(TestCaseExecutor.java:285)
	at com.kms.katalon.core.common.CommonExecutor.accessTestCaseMainPhase(CommonExecutor.java:65)
	at com.kms.katalon.core.main.TestSuiteExecutor.accessTestSuiteMainPhase(TestSuiteExecutor.java:150)
	at com.kms.katalon.core.main.TestSuiteExecutor.execute(TestSuiteExecutor.java:106)
	at com.kms.katalon.core.main.TestCaseMain.startTestSuite(TestCaseMain.java:180)
	at TempTestSuite1729080368268.run(TempTestSuite1729080368268.groovy:35)
	at java.base/jdk.internal.reflect.NativeMethodAccessorImpl.invoke0(Native Method)
	at java.base/jdk.internal.reflect.NativeMethodAccessorImpl.invoke(NativeMethodAccessorImpl.java:77)
	at java.base/jdk.internal.reflect.DelegatingMethodAccessorImpl.invoke(DelegatingMethodAccessorImpl.java:43)
Caused by: org.openqa.selenium.NoSuchElementException: no such element: Unable to locate element: {"method":"xpath","selector":"//p[contains(text(),'Đã tồn tại kỳ đối soát trước đó, Bạn có chắc chắn ')]"}
  (Session info: chrome=130.0.6723.59)
For documentation on this error, please visit: https://www.seleniumhq.org/exceptions/no_such_element.html
Build info: version: '3.141.59', revision: 'unknown', time: 'unknown'
System info: host: 'Aidans-Macbook.local', ip: '2405:4803:fd90:9ef0:b0c9:6dde:81ec:56fd%en0', os.name: 'Mac OS X', os.arch: 'aarch64', os.version: '14.5', java.version: '17.0.7'
Driver info: com.kms.katalon.selenium.driver.CChromeDriver
Capabilities {acceptInsecureCerts: false, browserName: chrome, browserVersion: 130.0.6723.59, chrome: {chromedriverVersion: 129.0.6668.100 (cf58cba358d..., userDataDir: /var/folders/w1/k98vh2j97rz...}, fedcm:accounts: true, goog:chromeOptions: {debuggerAddress: localhost:56638}, javascriptEnabled: true, networkConnectionEnabled: false, pageLoadStrategy: normal, platform: MAC, platformName: MAC, proxy: Proxy(), setWindowRect: true, strictFileInteractability: false, timeouts: {implicit: 0, pageLoad: 300000, script: 30000}, unhandledPromptBehavior: dismiss and notify, webauthn:extension:credBlob: true, webauthn:extension:largeBlob: true, webauthn:extension:minPinLength: true, webauthn:extension:prf: true, webauthn:virtualAuthenticators: true}
Session ID: 66a80cfffb054b4bb3fa32a950f33c48
*** Element info: {Using=xpath, value=//p[contains(text(),'Đã tồn tại kỳ đối soát trước đó, Bạn có chắc chắn ')]}
	at jdk.internal.reflect.GeneratedConstructorAccessor22.newInstance(Unknown Source)
	at java.base/jdk.internal.reflect.DelegatingConstructorAccessorImpl.newInstance(DelegatingConstructorAccessorImpl.java:45)
	at org.openqa.selenium.remote.http.W3CHttpResponseCodec.createException(W3CHttpResponseCodec.java:187)
	at org.openqa.selenium.remote.http.W3CHttpResponseCodec.decode(W3CHttpResponseCodec.java:122)
	at org.openqa.selenium.remote.http.W3CHttpResponseCodec.decode(W3CHttpResponseCodec.java:49)
	at org.openqa.selenium.remote.HttpCommandExecutor.execute(HttpCommandExecutor.java:158)
	at org.openqa.selenium.remote.service.DriverCommandExecutor.execute(DriverCommandExecutor.java:83)
	at org.openqa.selenium.remote.RemoteWebDriver.execute(RemoteWebDriver.java:552)
	at com.kms.katalon.selenium.driver.CChromeDriver.execute(CChromeDriver.java:19)
	at org.openqa.selenium.remote.RemoteWebDriver.findElement(RemoteWebDriver.java:323)
	at org.openqa.selenium.remote.RemoteWebDriver.findElementByXPath(RemoteWebDriver.java:428)
	at org.openqa.selenium.By$ByXPath.findElement(By.java:353)
	at org.openqa.selenium.remote.RemoteWebDriver.findElement(RemoteWebDriver.java:315)
	at jdk.internal.reflect.GeneratedMethodAccessor9.invoke(Unknown Source)
	at java.base/jdk.internal.reflect.DelegatingMethodAccessorImpl.invoke(DelegatingMethodAccessorImpl.java:43)
	at org.openqa.selenium.support.events.EventFiringWebDriver.lambda$new$1(EventFiringWebDriver.java:105)
	at jdk.proxy2/jdk.proxy2.$Proxy22.findElement(Unknown Source)
	at org.openqa.selenium.support.events.EventFiringWebDriver.findElement(EventFiringWebDriver.java:194)
	at org.openqa.selenium.support.ui.ExpectedConditions$7.apply(ExpectedConditions.java:205)
	at org.openqa.selenium.support.ui.ExpectedConditions$7.apply(ExpectedConditions.java:201)
	at org.openqa.selenium.support.ui.FluentWait.until(FluentWait.java:249)
	... 16 more]]></system-err>
      </testcase>
      <testcase name="Test Cases/Quản lý tài khoản merchant/Quản lý danh sách tài khoản/Nạp tiền/TC_08_Nhập số tiền đúng và chọn kì đối soát đã có trước đó và nhấn xác nhận" time="49.483" classname="Test Cases/Quản lý tài khoản merchant/Quản lý danh sách tài khoản/Nạp tiền/TC_08_Nhập số tiền đúng và chọn kì đối soát đã có trước đó và nhấn xác nhận" status="ERROR">
         <error type="ERROR" message="Test Cases/Quản lý tài khoản merchant/Quản lý danh sách tài khoản/Nạp tiền/TC_08_Nhập số tiền đúng và chọn kì đối soát đã có trước đó và nhấn xác nhận FAILED.&#xa;Reason:&#xa;org.openqa.selenium.TimeoutException: Expected condition failed: waiting for visibility of element located by By.xpath: //p[contains(text(),'Đã tồn tại kỳ đối soát trước đó, Bạn có chắc chắn ')] (tried for 20 second(s) with 500 milliseconds interval)&#xa;	at org.openqa.selenium.support.ui.WebDriverWait.timeoutException(WebDriverWait.java:95)&#xa;	at org.openqa.selenium.support.ui.FluentWait.until(FluentWait.java:272)&#xa;	at TC_08_Nhập số tiền đúng và chọn kì đối soát đã có trước đó và nhấn xác nhận.run(TC_08_Nhập số tiền đúng và chọn kì đối soát đã có trước đó và nhấn xác nhận:40)&#xa;	at com.kms.katalon.core.main.ScriptEngine.run(ScriptEngine.java:194)&#xa;	at com.kms.katalon.core.main.ScriptEngine.runScriptAsRawText(ScriptEngine.java:119)&#xa;	at com.kms.katalon.core.main.TestCaseExecutor.runScript(TestCaseExecutor.java:448)&#xa;	at com.kms.katalon.core.main.TestCaseExecutor.doExecute(TestCaseExecutor.java:439)&#xa;	at com.kms.katalon.core.main.TestCaseExecutor.processExecutionPhase(TestCaseExecutor.java:418)&#xa;	at com.kms.katalon.core.main.TestCaseExecutor.accessMainPhase(TestCaseExecutor.java:410)&#xa;	at com.kms.katalon.core.main.TestCaseExecutor.execute(TestCaseExecutor.java:285)&#xa;	at com.kms.katalon.core.common.CommonExecutor.accessTestCaseMainPhase(CommonExecutor.java:65)&#xa;	at com.kms.katalon.core.main.TestSuiteExecutor.accessTestSuiteMainPhase(TestSuiteExecutor.java:150)&#xa;	at com.kms.katalon.core.main.TestSuiteExecutor.execute(TestSuiteExecutor.java:106)&#xa;	at com.kms.katalon.core.main.TestCaseMain.startTestSuite(TestCaseMain.java:180)&#xa;	at TempTestSuite1729080368268.run(TempTestSuite1729080368268.groovy:35)&#xa;	at java.base/jdk.internal.reflect.NativeMethodAccessorImpl.invoke0(Native Method)&#xa;	at java.base/jdk.internal.reflect.NativeMethodAccessorImpl.invoke(NativeMethodAccessorImpl.java:77)&#xa;	at java.base/jdk.internal.reflect.DelegatingMethodAccessorImpl.invoke(DelegatingMethodAccessorImpl.java:43)&#xa;Caused by: org.openqa.selenium.NoSuchElementException: no such element: Unable to locate element: {&quot;method&quot;:&quot;xpath&quot;,&quot;selector&quot;:&quot;//p[contains(text(),'Đã tồn tại kỳ đối soát trước đó, Bạn có chắc chắn ')]&quot;}&#xa;  (Session info: chrome=130.0.6723.59)&#xa;For documentation on this error, please visit: https://www.seleniumhq.org/exceptions/no_such_element.html&#xa;Build info: version: '3.141.59', revision: 'unknown', time: 'unknown'&#xa;System info: host: 'Aidans-Macbook.local', ip: '2405:4803:fd90:9ef0:b0c9:6dde:81ec:56fd%en0', os.name: 'Mac OS X', os.arch: 'aarch64', os.version: '14.5', java.version: '17.0.7'&#xa;Driver info: com.kms.katalon.selenium.driver.CChromeDriver&#xa;Capabilities {acceptInsecureCerts: false, browserName: chrome, browserVersion: 130.0.6723.59, chrome: {chromedriverVersion: 129.0.6668.100 (cf58cba358d..., userDataDir: /var/folders/w1/k98vh2j97rz...}, fedcm:accounts: true, goog:chromeOptions: {debuggerAddress: localhost:56668}, javascriptEnabled: true, networkConnectionEnabled: false, pageLoadStrategy: normal, platform: MAC, platformName: MAC, proxy: Proxy(), setWindowRect: true, strictFileInteractability: false, timeouts: {implicit: 0, pageLoad: 300000, script: 30000}, unhandledPromptBehavior: dismiss and notify, webauthn:extension:credBlob: true, webauthn:extension:largeBlob: true, webauthn:extension:minPinLength: true, webauthn:extension:prf: true, webauthn:virtualAuthenticators: true}&#xa;Session ID: 9d5a4f9bf143c5bd113801f3b3f85e67&#xa;*** Element info: {Using=xpath, value=//p[contains(text(),'Đã tồn tại kỳ đối soát trước đó, Bạn có chắc chắn ')]}&#xa;	at jdk.internal.reflect.GeneratedConstructorAccessor22.newInstance(Unknown Source)&#xa;	at java.base/jdk.internal.reflect.DelegatingConstructorAccessorImpl.newInstance(DelegatingConstructorAccessorImpl.java:45)&#xa;	at org.openqa.selenium.remote.http.W3CHttpResponseCodec.createException(W3CHttpResponseCodec.java:187)&#xa;	at org.openqa.selenium.remote.http.W3CHttpResponseCodec.decode(W3CHttpResponseCodec.java:122)&#xa;	at org.openqa.selenium.remote.http.W3CHttpResponseCodec.decode(W3CHttpResponseCodec.java:49)&#xa;	at org.openqa.selenium.remote.HttpCommandExecutor.execute(HttpCommandExecutor.java:158)&#xa;	at org.openqa.selenium.remote.service.DriverCommandExecutor.execute(DriverCommandExecutor.java:83)&#xa;	at org.openqa.selenium.remote.RemoteWebDriver.execute(RemoteWebDriver.java:552)&#xa;	at com.kms.katalon.selenium.driver.CChromeDriver.execute(CChromeDriver.java:19)&#xa;	at org.openqa.selenium.remote.RemoteWebDriver.findElement(RemoteWebDriver.java:323)&#xa;	at org.openqa.selenium.remote.RemoteWebDriver.findElementByXPath(RemoteWebDriver.java:428)&#xa;	at org.openqa.selenium.By$ByXPath.findElement(By.java:353)&#xa;	at org.openqa.selenium.remote.RemoteWebDriver.findElement(RemoteWebDriver.java:315)&#xa;	at jdk.internal.reflect.GeneratedMethodAccessor9.invoke(Unknown Source)&#xa;	at java.base/jdk.internal.reflect.DelegatingMethodAccessorImpl.invoke(DelegatingMethodAccessorImpl.java:43)&#xa;	at org.openqa.selenium.support.events.EventFiringWebDriver.lambda$new$1(EventFiringWebDriver.java:105)&#xa;	at jdk.proxy2/jdk.proxy2.$Proxy22.findElement(Unknown Source)&#xa;	at org.openqa.selenium.support.events.EventFiringWebDriver.findElement(EventFiringWebDriver.java:194)&#xa;	at org.openqa.selenium.support.ui.ExpectedConditions$7.apply(ExpectedConditions.java:205)&#xa;	at org.openqa.selenium.support.ui.ExpectedConditions$7.apply(ExpectedConditions.java:201)&#xa;	at org.openqa.selenium.support.ui.FluentWait.until(FluentWait.java:249)&#xa;	... 16 more&#xa;"/>
         <system-out><![CDATA[16-10-2024T19:10:22 - [TEST_CASE][ERROR] - Test Cases/Quản lý tài khoản merchant/Quản lý danh sách tài khoản/Nạp tiền/TC_08_Nhập số tiền đúng và chọn kì đối soát đã có trước đó và nhấn xác nhận: Test Cases/Quản lý tài khoản merchant/Quản lý danh sách tài khoản/Nạp tiền/TC_08_Nhập số tiền đúng và chọn kì đối soát đã có trước đó và nhấn xác nhận FAILED.
Reason:
org.openqa.selenium.TimeoutException: Expected condition failed: waiting for visibility of element located by By.xpath: //p[contains(text(),'Đã tồn tại kỳ đối soát trước đó, Bạn có chắc chắn ')] (tried for 20 second(s) with 500 milliseconds interval)
	at org.openqa.selenium.support.ui.WebDriverWait.timeoutException(WebDriverWait.java:95)
	at org.openqa.selenium.support.ui.FluentWait.until(FluentWait.java:272)
	at TC_08_Nhập số tiền đúng và chọn kì đối soát đã có trước đó và nhấn xác nhận.run(TC_08_Nhập số tiền đúng và chọn kì đối soát đã có trước đó và nhấn xác nhận:40)
	at com.kms.katalon.core.main.ScriptEngine.run(ScriptEngine.java:194)
	at com.kms.katalon.core.main.ScriptEngine.runScriptAsRawText(ScriptEngine.java:119)
	at com.kms.katalon.core.main.TestCaseExecutor.runScript(TestCaseExecutor.java:448)
	at com.kms.katalon.core.main.TestCaseExecutor.doExecute(TestCaseExecutor.java:439)
	at com.kms.katalon.core.main.TestCaseExecutor.processExecutionPhase(TestCaseExecutor.java:418)
	at com.kms.katalon.core.main.TestCaseExecutor.accessMainPhase(TestCaseExecutor.java:410)
	at com.kms.katalon.core.main.TestCaseExecutor.execute(TestCaseExecutor.java:285)
	at com.kms.katalon.core.common.CommonExecutor.accessTestCaseMainPhase(CommonExecutor.java:65)
	at com.kms.katalon.core.main.TestSuiteExecutor.accessTestSuiteMainPhase(TestSuiteExecutor.java:150)
	at com.kms.katalon.core.main.TestSuiteExecutor.execute(TestSuiteExecutor.java:106)
	at com.kms.katalon.core.main.TestCaseMain.startTestSuite(TestCaseMain.java:180)
	at TempTestSuite1729080368268.run(TempTestSuite1729080368268.groovy:35)
	at java.base/jdk.internal.reflect.NativeMethodAccessorImpl.invoke0(Native Method)
	at java.base/jdk.internal.reflect.NativeMethodAccessorImpl.invoke(NativeMethodAccessorImpl.java:77)
	at java.base/jdk.internal.reflect.DelegatingMethodAccessorImpl.invoke(DelegatingMethodAccessorImpl.java:43)
Caused by: org.openqa.selenium.NoSuchElementException: no such element: Unable to locate element: {"method":"xpath","selector":"//p[contains(text(),'Đã tồn tại kỳ đối soát trước đó, Bạn có chắc chắn ')]"}
  (Session info: chrome=130.0.6723.59)
For documentation on this error, please visit: https://www.seleniumhq.org/exceptions/no_such_element.html
Build info: version: '3.141.59', revision: 'unknown', time: 'unknown'
System info: host: 'Aidans-Macbook.local', ip: '2405:4803:fd90:9ef0:b0c9:6dde:81ec:56fd%en0', os.name: 'Mac OS X', os.arch: 'aarch64', os.version: '14.5', java.version: '17.0.7'
Driver info: com.kms.katalon.selenium.driver.CChromeDriver
Capabilities {acceptInsecureCerts: false, browserName: chrome, browserVersion: 130.0.6723.59, chrome: {chromedriverVersion: 129.0.6668.100 (cf58cba358d..., userDataDir: /var/folders/w1/k98vh2j97rz...}, fedcm:accounts: true, goog:chromeOptions: {debuggerAddress: localhost:56668}, javascriptEnabled: true, networkConnectionEnabled: false, pageLoadStrategy: normal, platform: MAC, platformName: MAC, proxy: Proxy(), setWindowRect: true, strictFileInteractability: false, timeouts: {implicit: 0, pageLoad: 300000, script: 30000}, unhandledPromptBehavior: dismiss and notify, webauthn:extension:credBlob: true, webauthn:extension:largeBlob: true, webauthn:extension:minPinLength: true, webauthn:extension:prf: true, webauthn:virtualAuthenticators: true}
Session ID: 9d5a4f9bf143c5bd113801f3b3f85e67
*** Element info: {Using=xpath, value=//p[contains(text(),'Đã tồn tại kỳ đối soát trước đó, Bạn có chắc chắn ')]}
	at jdk.internal.reflect.GeneratedConstructorAccessor22.newInstance(Unknown Source)
	at java.base/jdk.internal.reflect.DelegatingConstructorAccessorImpl.newInstance(DelegatingConstructorAccessorImpl.java:45)
	at org.openqa.selenium.remote.http.W3CHttpResponseCodec.createException(W3CHttpResponseCodec.java:187)
	at org.openqa.selenium.remote.http.W3CHttpResponseCodec.decode(W3CHttpResponseCodec.java:122)
	at org.openqa.selenium.remote.http.W3CHttpResponseCodec.decode(W3CHttpResponseCodec.java:49)
	at org.openqa.selenium.remote.HttpCommandExecutor.execute(HttpCommandExecutor.java:158)
	at org.openqa.selenium.remote.service.DriverCommandExecutor.execute(DriverCommandExecutor.java:83)
	at org.openqa.selenium.remote.RemoteWebDriver.execute(RemoteWebDriver.java:552)
	at com.kms.katalon.selenium.driver.CChromeDriver.execute(CChromeDriver.java:19)
	at org.openqa.selenium.remote.RemoteWebDriver.findElement(RemoteWebDriver.java:323)
	at org.openqa.selenium.remote.RemoteWebDriver.findElementByXPath(RemoteWebDriver.java:428)
	at org.openqa.selenium.By$ByXPath.findElement(By.java:353)
	at org.openqa.selenium.remote.RemoteWebDriver.findElement(RemoteWebDriver.java:315)
	at jdk.internal.reflect.GeneratedMethodAccessor9.invoke(Unknown Source)
	at java.base/jdk.internal.reflect.DelegatingMethodAccessorImpl.invoke(DelegatingMethodAccessorImpl.java:43)
	at org.openqa.selenium.support.events.EventFiringWebDriver.lambda$new$1(EventFiringWebDriver.java:105)
	at jdk.proxy2/jdk.proxy2.$Proxy22.findElement(Unknown Source)
	at org.openqa.selenium.support.events.EventFiringWebDriver.findElement(EventFiringWebDriver.java:194)
	at org.openqa.selenium.support.ui.ExpectedConditions$7.apply(ExpectedConditions.java:205)
	at org.openqa.selenium.support.ui.ExpectedConditions$7.apply(ExpectedConditions.java:201)
	at org.openqa.selenium.support.ui.FluentWait.until(FluentWait.java:249)
	... 16 more


16-10-2024T19:10:22 - [TEST_STEP][PASSED] - Start listener action : sampleBeforeTestCase: Navigate to 'https://stg-cms-console.9pay.mobi/login' successfully

16-10-2024T19:10:22 - [TEST_STEP][PASSED] - testCaseId = testCaseContext.getTestCaseId(): null

16-10-2024T19:10:22 - [TEST_STEP][PASSED] - url = <not implemented yet for class: org.codehaus.groovy.ast.expr.EmptyExpression>: null

16-10-2024T19:10:22 - [TEST_STEP][PASSED] - if (testCaseId == "Test Cases/Quản lý tài khoản merchant/Quản lý dịch vụ merchant/TC_14_Kiểm tra thay đổi sau khi cấu hình VA trên MCV"): null

16-10-2024T19:10:22 - [TEST_STEP][PASSED] - else: null

16-10-2024T19:10:22 - [TEST_STEP][PASSED] - url = "https://stg-cms-console.9pay.mobi/login": null

16-10-2024T19:10:22 - [TEST_STEP][PASSED] - openBrowser(""): Browser is opened with url: ''

16-10-2024T19:10:22 - [MESSAGE][WARNING] - A browser is already opened. Closing browser and opening a new one

16-10-2024T19:10:22 - [MESSAGE][INFO] - Starting 'Chrome' driver

16-10-2024T19:10:22 - [MESSAGE][INFO] - Action delay is set to 0 milliseconds

16-10-2024T19:10:23 - [MESSAGE][PASSED] - Browser is opened with url: ''

16-10-2024T19:10:23 - [TEST_STEP][PASSED] - maximizeWindow(): Current window maximized

16-10-2024T19:10:23 - [MESSAGE][PASSED] - Current window maximized

16-10-2024T19:10:23 - [TEST_STEP][PASSED] - navigateToUrl(url): Navigate to 'https://stg-cms-console.9pay.mobi/login' successfully

16-10-2024T19:10:26 - [MESSAGE][PASSED] - Navigate to 'https://stg-cms-console.9pay.mobi/login' successfully

16-10-2024T19:10:26 - [TEST_STEP][PASSED] - driver = getWebDriver(): null

16-10-2024T19:10:26 - [TEST_STEP][PASSED] - callTestCase(findTestCase("Test Cases/Login/LoginCommon"), [:], STOP_ON_FAILURE): Call Test Case 'Test Cases/Login/LoginCommon' successfully

16-10-2024T19:10:26 - [TEST_CASE][PASSED] - Test Cases/Login/LoginCommon: Test Cases/Login/LoginCommon

16-10-2024T19:10:26 - [TEST_STEP][PASSED] - driver = getWebDriver(): null

16-10-2024T19:10:26 - [TEST_STEP][PASSED] - sendKeys(findTestObject("Quản lý tài khoản merchant/Quản lý dịch vụ merchant/userNameTextbox"), userAccount): Keys 'dannt@9pay.vn' sent to object: 'Object Repository/Quản lý tài khoản merchant/Quản lý dịch vụ merchant/userNameTextbox'

16-10-2024T19:10:27 - [MESSAGE][PASSED] - Keys 'dannt@9pay.vn' sent to object: 'Object Repository/Quản lý tài khoản merchant/Quản lý dịch vụ merchant/userNameTextbox'

16-10-2024T19:10:27 - [TEST_STEP][PASSED] - sendKeys(findTestObject("Quản lý tài khoản merchant/Quản lý dịch vụ merchant/passwordTextbox"), password): Keys 'dannt@9pay.vn' sent to object: 'Object Repository/Quản lý tài khoản merchant/Quản lý dịch vụ merchant/passwordTextbox'

16-10-2024T19:10:27 - [MESSAGE][PASSED] - Keys 'dannt@9pay.vn' sent to object: 'Object Repository/Quản lý tài khoản merchant/Quản lý dịch vụ merchant/passwordTextbox'

16-10-2024T19:10:27 - [TEST_STEP][PASSED] - click(findTestObject("Quản lý tài khoản merchant/Quản lý dịch vụ merchant/loginButton")): Object: 'Object Repository/Quản lý tài khoản merchant/Quản lý dịch vụ merchant/loginButton' is clicked on

16-10-2024T19:10:27 - [MESSAGE][PASSED] - Object: 'Object Repository/Quản lý tài khoản merchant/Quản lý dịch vụ merchant/loginButton' is clicked on

16-10-2024T19:10:27 - [MESSAGE][PASSED] - Call Test Case 'Test Cases/Login/LoginCommon' successfully

16-10-2024T19:10:27 - [TEST_STEP][PASSED] - waitForElementVisible(findTestObject("Trang chủ/userName"), 20, STOP_ON_FAILURE): Object 'Object Repository/Trang chủ/userName' is visible

16-10-2024T19:10:31 - [MESSAGE][PASSED] - Object 'Object Repository/Trang chủ/userName' is visible

16-10-2024T19:10:31 - [TEST_STEP][PASSED] - callTestCase(findTestCase("Test Cases/Quản lý tài khoản merchant/Quản lý danh sách tài khoản/CustomFunctions Deposit"), [:], STOP_ON_FAILURE): Call Test Case 'Test Cases/Quản lý tài khoản merchant/Quản lý danh sách tài khoản/CustomFunctions Deposit' successfully

16-10-2024T19:10:31 - [TEST_CASE][PASSED] - Test Cases/Quản lý tài khoản merchant/Quản lý danh sách tài khoản/CustomFunctions Deposit: Test Cases/Quản lý tài khoản merchant/Quản lý danh sách tài khoản/CustomFunctions Deposit

16-10-2024T19:10:31 - [TEST_STEP][PASSED] - driver = getWebDriver(): null

16-10-2024T19:10:31 - [TEST_STEP][PASSED] - element1 = driver.findElement(By.xpath("//span[contains(text(),'Quản lý tài khoản merchant')]")): null

16-10-2024T19:10:31 - [TEST_STEP][PASSED] - actions = new org.openqa.selenium.interactions.Actions(driver): null

16-10-2024T19:10:31 - [TEST_STEP][PASSED] - click().perform(): null

16-10-2024T19:10:31 - [TEST_STEP][PASSED] - wait = new org.openqa.selenium.support.ui.WebDriverWait(com.kms.katalon.core.webui.driver.DriverFactory.getWebDriver(), 15): null

16-10-2024T19:10:31 - [TEST_STEP][PASSED] - xpath(xpathManagerListAccount))).click(): null

16-10-2024T19:10:32 - [MESSAGE][PASSED] - Call Test Case 'Test Cases/Quản lý tài khoản merchant/Quản lý danh sách tài khoản/CustomFunctions Deposit' successfully

16-10-2024T19:10:32 - [TEST_STEP][PASSED] - wait = new org.openqa.selenium.support.ui.WebDriverWait(com.kms.katalon.core.webui.driver.DriverFactory.getWebDriver(), 20): null

16-10-2024T19:10:32 - [TEST_STEP][PASSED] - userCode = wait.until(ExpectedConditions.visibilityOfElementLocated(By.xpath(xpathUserCode))): null

16-10-2024T19:10:35 - [TEST_STEP][PASSED] - println(userCode.getText()): null

16-10-2024T19:10:35 - [TEST_STEP][PASSED] - xpath(xpathBtnAccount))).click(): null

16-10-2024T19:10:35 - [TEST_STEP][PASSED] - searchTextbox = wait.until(ExpectedConditions.elementToBeClickable(By.xpath(xpathSearchTextbox))): null

16-10-2024T19:10:35 - [TEST_STEP][PASSED] - searchTextbox.sendKeys("dannt11"): null

16-10-2024T19:10:36 - [TEST_STEP][PASSED] - xpath(xpathOption)).click(): null

16-10-2024T19:10:36 - [TEST_STEP][PASSED] - xpath(xpathBtnSearch)).click(): null

16-10-2024T19:10:36 - [TEST_STEP][PASSED] - wait.until(ExpectedConditions.visibilityOfElementLocated(By.xpath(xpathAccountName))): null

16-10-2024T19:10:37 - [TEST_STEP][PASSED] - xpath(xpathBtnDeposit)).click(): null

16-10-2024T19:10:37 - [TEST_STEP][PASSED] - wait.until(ExpectedConditions.visibilityOfElementLocated(By.xpath(xpathTextAccount))): null

16-10-2024T19:10:49 - [TEST_STEP][PASSED] - xpath(xpathChonVi)).click(): null

16-10-2024T19:10:50 - [TEST_STEP][PASSED] - xpath(xpathThuHo3)).click(): null

16-10-2024T19:10:50 - [TEST_STEP][PASSED] - xpath(xpathDay)).click(): null

16-10-2024T19:10:50 - [TEST_STEP][PASSED] - xpath(xpathHomNay)).click(): null

16-10-2024T19:10:51 - [TEST_STEP][PASSED] - xpath(xpathBtnContinue)).click(): null

16-10-2024T19:10:51 - [TEST_STEP][ERROR] - popupDS = wait.until(ExpectedConditions.visibilityOfElementLocated(By.xpath(xpathXacNhanKiDS))): Test Cases/Quản lý tài khoản merchant/Quản lý danh sách tài khoản/Nạp tiền/TC_08_Nhập số tiền đúng và chọn kì đối soát đã có trước đó và nhấn xác nhận FAILED.
Reason:
org.openqa.selenium.TimeoutException: Expected condition failed: waiting for visibility of element located by By.xpath: //p[contains(text(),'Đã tồn tại kỳ đối soát trước đó, Bạn có chắc chắn ')] (tried for 20 second(s) with 500 milliseconds interval)
	at org.openqa.selenium.support.ui.WebDriverWait.timeoutException(WebDriverWait.java:95)
	at org.openqa.selenium.support.ui.FluentWait.until(FluentWait.java:272)
	at TC_08_Nhập số tiền đúng và chọn kì đối soát đã có trước đó và nhấn xác nhận.run(TC_08_Nhập số tiền đúng và chọn kì đối soát đã có trước đó và nhấn xác nhận:40)
	at com.kms.katalon.core.main.ScriptEngine.run(ScriptEngine.java:194)
	at com.kms.katalon.core.main.ScriptEngine.runScriptAsRawText(ScriptEngine.java:119)
	at com.kms.katalon.core.main.TestCaseExecutor.runScript(TestCaseExecutor.java:448)
	at com.kms.katalon.core.main.TestCaseExecutor.doExecute(TestCaseExecutor.java:439)
	at com.kms.katalon.core.main.TestCaseExecutor.processExecutionPhase(TestCaseExecutor.java:418)
	at com.kms.katalon.core.main.TestCaseExecutor.accessMainPhase(TestCaseExecutor.java:410)
	at com.kms.katalon.core.main.TestCaseExecutor.execute(TestCaseExecutor.java:285)
	at com.kms.katalon.core.common.CommonExecutor.accessTestCaseMainPhase(CommonExecutor.java:65)
	at com.kms.katalon.core.main.TestSuiteExecutor.accessTestSuiteMainPhase(TestSuiteExecutor.java:150)
	at com.kms.katalon.core.main.TestSuiteExecutor.execute(TestSuiteExecutor.java:106)
	at com.kms.katalon.core.main.TestCaseMain.startTestSuite(TestCaseMain.java:180)
	at TempTestSuite1729080368268.run(TempTestSuite1729080368268.groovy:35)
	at java.base/jdk.internal.reflect.NativeMethodAccessorImpl.invoke0(Native Method)
	at java.base/jdk.internal.reflect.NativeMethodAccessorImpl.invoke(NativeMethodAccessorImpl.java:77)
	at java.base/jdk.internal.reflect.DelegatingMethodAccessorImpl.invoke(DelegatingMethodAccessorImpl.java:43)
Caused by: org.openqa.selenium.NoSuchElementException: no such element: Unable to locate element: {"method":"xpath","selector":"//p[contains(text(),'Đã tồn tại kỳ đối soát trước đó, Bạn có chắc chắn ')]"}
  (Session info: chrome=130.0.6723.59)
For documentation on this error, please visit: https://www.seleniumhq.org/exceptions/no_such_element.html
Build info: version: '3.141.59', revision: 'unknown', time: 'unknown'
System info: host: 'Aidans-Macbook.local', ip: '2405:4803:fd90:9ef0:b0c9:6dde:81ec:56fd%en0', os.name: 'Mac OS X', os.arch: 'aarch64', os.version: '14.5', java.version: '17.0.7'
Driver info: com.kms.katalon.selenium.driver.CChromeDriver
Capabilities {acceptInsecureCerts: false, browserName: chrome, browserVersion: 130.0.6723.59, chrome: {chromedriverVersion: 129.0.6668.100 (cf58cba358d..., userDataDir: /var/folders/w1/k98vh2j97rz...}, fedcm:accounts: true, goog:chromeOptions: {debuggerAddress: localhost:56668}, javascriptEnabled: true, networkConnectionEnabled: false, pageLoadStrategy: normal, platform: MAC, platformName: MAC, proxy: Proxy(), setWindowRect: true, strictFileInteractability: false, timeouts: {implicit: 0, pageLoad: 300000, script: 30000}, unhandledPromptBehavior: dismiss and notify, webauthn:extension:credBlob: true, webauthn:extension:largeBlob: true, webauthn:extension:minPinLength: true, webauthn:extension:prf: true, webauthn:virtualAuthenticators: true}
Session ID: 9d5a4f9bf143c5bd113801f3b3f85e67
*** Element info: {Using=xpath, value=//p[contains(text(),'Đã tồn tại kỳ đối soát trước đó, Bạn có chắc chắn ')]}
	at jdk.internal.reflect.GeneratedConstructorAccessor22.newInstance(Unknown Source)
	at java.base/jdk.internal.reflect.DelegatingConstructorAccessorImpl.newInstance(DelegatingConstructorAccessorImpl.java:45)
	at org.openqa.selenium.remote.http.W3CHttpResponseCodec.createException(W3CHttpResponseCodec.java:187)
	at org.openqa.selenium.remote.http.W3CHttpResponseCodec.decode(W3CHttpResponseCodec.java:122)
	at org.openqa.selenium.remote.http.W3CHttpResponseCodec.decode(W3CHttpResponseCodec.java:49)
	at org.openqa.selenium.remote.HttpCommandExecutor.execute(HttpCommandExecutor.java:158)
	at org.openqa.selenium.remote.service.DriverCommandExecutor.execute(DriverCommandExecutor.java:83)
	at org.openqa.selenium.remote.RemoteWebDriver.execute(RemoteWebDriver.java:552)
	at com.kms.katalon.selenium.driver.CChromeDriver.execute(CChromeDriver.java:19)
	at org.openqa.selenium.remote.RemoteWebDriver.findElement(RemoteWebDriver.java:323)
	at org.openqa.selenium.remote.RemoteWebDriver.findElementByXPath(RemoteWebDriver.java:428)
	at org.openqa.selenium.By$ByXPath.findElement(By.java:353)
	at org.openqa.selenium.remote.RemoteWebDriver.findElement(RemoteWebDriver.java:315)
	at jdk.internal.reflect.GeneratedMethodAccessor9.invoke(Unknown Source)
	at java.base/jdk.internal.reflect.DelegatingMethodAccessorImpl.invoke(DelegatingMethodAccessorImpl.java:43)
	at org.openqa.selenium.support.events.EventFiringWebDriver.lambda$new$1(EventFiringWebDriver.java:105)
	at jdk.proxy2/jdk.proxy2.$Proxy22.findElement(Unknown Source)
	at org.openqa.selenium.support.events.EventFiringWebDriver.findElement(EventFiringWebDriver.java:194)
	at org.openqa.selenium.support.ui.ExpectedConditions$7.apply(ExpectedConditions.java:205)
	at org.openqa.selenium.support.ui.ExpectedConditions$7.apply(ExpectedConditions.java:201)
	at org.openqa.selenium.support.ui.FluentWait.until(FluentWait.java:249)
	at Script1720717890056.run(Script1720717890056.groovy:40)
	... 15 more


16-10-2024T19:11:12 - [MESSAGE][ERROR] - Test Cases/Quản lý tài khoản merchant/Quản lý danh sách tài khoản/Nạp tiền/TC_08_Nhập số tiền đúng và chọn kì đối soát đã có trước đó và nhấn xác nhận FAILED.
Reason:
org.openqa.selenium.TimeoutException: Expected condition failed: waiting for visibility of element located by By.xpath: //p[contains(text(),'Đã tồn tại kỳ đối soát trước đó, Bạn có chắc chắn ')] (tried for 20 second(s) with 500 milliseconds interval)
	at org.openqa.selenium.support.ui.WebDriverWait.timeoutException(WebDriverWait.java:95)
	at org.openqa.selenium.support.ui.FluentWait.until(FluentWait.java:272)
	at TC_08_Nhập số tiền đúng và chọn kì đối soát đã có trước đó và nhấn xác nhận.run(TC_08_Nhập số tiền đúng và chọn kì đối soát đã có trước đó và nhấn xác nhận:40)
	at com.kms.katalon.core.main.ScriptEngine.run(ScriptEngine.java:194)
	at com.kms.katalon.core.main.ScriptEngine.runScriptAsRawText(ScriptEngine.java:119)
	at com.kms.katalon.core.main.TestCaseExecutor.runScript(TestCaseExecutor.java:448)
	at com.kms.katalon.core.main.TestCaseExecutor.doExecute(TestCaseExecutor.java:439)
	at com.kms.katalon.core.main.TestCaseExecutor.processExecutionPhase(TestCaseExecutor.java:418)
	at com.kms.katalon.core.main.TestCaseExecutor.accessMainPhase(TestCaseExecutor.java:410)
	at com.kms.katalon.core.main.TestCaseExecutor.execute(TestCaseExecutor.java:285)
	at com.kms.katalon.core.common.CommonExecutor.accessTestCaseMainPhase(CommonExecutor.java:65)
	at com.kms.katalon.core.main.TestSuiteExecutor.accessTestSuiteMainPhase(TestSuiteExecutor.java:150)
	at com.kms.katalon.core.main.TestSuiteExecutor.execute(TestSuiteExecutor.java:106)
	at com.kms.katalon.core.main.TestCaseMain.startTestSuite(TestCaseMain.java:180)
	at TempTestSuite1729080368268.run(TempTestSuite1729080368268.groovy:35)
	at java.base/jdk.internal.reflect.NativeMethodAccessorImpl.invoke0(Native Method)
	at java.base/jdk.internal.reflect.NativeMethodAccessorImpl.invoke(NativeMethodAccessorImpl.java:77)
	at java.base/jdk.internal.reflect.DelegatingMethodAccessorImpl.invoke(DelegatingMethodAccessorImpl.java:43)
Caused by: org.openqa.selenium.NoSuchElementException: no such element: Unable to locate element: {"method":"xpath","selector":"//p[contains(text(),'Đã tồn tại kỳ đối soát trước đó, Bạn có chắc chắn ')]"}
  (Session info: chrome=130.0.6723.59)
For documentation on this error, please visit: https://www.seleniumhq.org/exceptions/no_such_element.html
Build info: version: '3.141.59', revision: 'unknown', time: 'unknown'
System info: host: 'Aidans-Macbook.local', ip: '2405:4803:fd90:9ef0:b0c9:6dde:81ec:56fd%en0', os.name: 'Mac OS X', os.arch: 'aarch64', os.version: '14.5', java.version: '17.0.7'
Driver info: com.kms.katalon.selenium.driver.CChromeDriver
Capabilities {acceptInsecureCerts: false, browserName: chrome, browserVersion: 130.0.6723.59, chrome: {chromedriverVersion: 129.0.6668.100 (cf58cba358d..., userDataDir: /var/folders/w1/k98vh2j97rz...}, fedcm:accounts: true, goog:chromeOptions: {debuggerAddress: localhost:56668}, javascriptEnabled: true, networkConnectionEnabled: false, pageLoadStrategy: normal, platform: MAC, platformName: MAC, proxy: Proxy(), setWindowRect: true, strictFileInteractability: false, timeouts: {implicit: 0, pageLoad: 300000, script: 30000}, unhandledPromptBehavior: dismiss and notify, webauthn:extension:credBlob: true, webauthn:extension:largeBlob: true, webauthn:extension:minPinLength: true, webauthn:extension:prf: true, webauthn:virtualAuthenticators: true}
Session ID: 9d5a4f9bf143c5bd113801f3b3f85e67
*** Element info: {Using=xpath, value=//p[contains(text(),'Đã tồn tại kỳ đối soát trước đó, Bạn có chắc chắn ')]}
	at jdk.internal.reflect.GeneratedConstructorAccessor22.newInstance(Unknown Source)
	at java.base/jdk.internal.reflect.DelegatingConstructorAccessorImpl.newInstance(DelegatingConstructorAccessorImpl.java:45)
	at org.openqa.selenium.remote.http.W3CHttpResponseCodec.createException(W3CHttpResponseCodec.java:187)
	at org.openqa.selenium.remote.http.W3CHttpResponseCodec.decode(W3CHttpResponseCodec.java:122)
	at org.openqa.selenium.remote.http.W3CHttpResponseCodec.decode(W3CHttpResponseCodec.java:49)
	at org.openqa.selenium.remote.HttpCommandExecutor.execute(HttpCommandExecutor.java:158)
	at org.openqa.selenium.remote.service.DriverCommandExecutor.execute(DriverCommandExecutor.java:83)
	at org.openqa.selenium.remote.RemoteWebDriver.execute(RemoteWebDriver.java:552)
	at com.kms.katalon.selenium.driver.CChromeDriver.execute(CChromeDriver.java:19)
	at org.openqa.selenium.remote.RemoteWebDriver.findElement(RemoteWebDriver.java:323)
	at org.openqa.selenium.remote.RemoteWebDriver.findElementByXPath(RemoteWebDriver.java:428)
	at org.openqa.selenium.By$ByXPath.findElement(By.java:353)
	at org.openqa.selenium.remote.RemoteWebDriver.findElement(RemoteWebDriver.java:315)
	at jdk.internal.reflect.GeneratedMethodAccessor9.invoke(Unknown Source)
	at java.base/jdk.internal.reflect.DelegatingMethodAccessorImpl.invoke(DelegatingMethodAccessorImpl.java:43)
	at org.openqa.selenium.support.events.EventFiringWebDriver.lambda$new$1(EventFiringWebDriver.java:105)
	at jdk.proxy2/jdk.proxy2.$Proxy22.findElement(Unknown Source)
	at org.openqa.selenium.support.events.EventFiringWebDriver.findElement(EventFiringWebDriver.java:194)
	at org.openqa.selenium.support.ui.ExpectedConditions$7.apply(ExpectedConditions.java:205)
	at org.openqa.selenium.support.ui.ExpectedConditions$7.apply(ExpectedConditions.java:201)
	at org.openqa.selenium.support.ui.FluentWait.until(FluentWait.java:249)
	at Script1720717890056.run(Script1720717890056.groovy:40)
	... 15 more


16-10-2024T19:11:12 - [TEST_STEP][PASSED] - Start listener action : sampleAfterTestCase: null

16-10-2024T19:11:12 - [TEST_STEP][PASSED] - testCaseId = testCaseContext.getTestCaseId(): null

16-10-2024T19:11:12 - [TEST_STEP][PASSED] - if (testCaseId == "Test Cases/Quản lý tài khoản merchant/Quản lý dịch vụ merchant/TC_13_Kiểm tra chức năng xác nhận cấu hình thay đổi VA"): null]]></system-out>
         <system-err><![CDATA[16-10-2024T19:10:22 - [TEST_CASE][ERROR] - Test Cases/Quản lý tài khoản merchant/Quản lý danh sách tài khoản/Nạp tiền/TC_08_Nhập số tiền đúng và chọn kì đối soát đã có trước đó và nhấn xác nhận: Test Cases/Quản lý tài khoản merchant/Quản lý danh sách tài khoản/Nạp tiền/TC_08_Nhập số tiền đúng và chọn kì đối soát đã có trước đó và nhấn xác nhận FAILED.
Reason:
org.openqa.selenium.TimeoutException: Expected condition failed: waiting for visibility of element located by By.xpath: //p[contains(text(),'Đã tồn tại kỳ đối soát trước đó, Bạn có chắc chắn ')] (tried for 20 second(s) with 500 milliseconds interval)
	at org.openqa.selenium.support.ui.WebDriverWait.timeoutException(WebDriverWait.java:95)
	at org.openqa.selenium.support.ui.FluentWait.until(FluentWait.java:272)
	at TC_08_Nhập số tiền đúng và chọn kì đối soát đã có trước đó và nhấn xác nhận.run(TC_08_Nhập số tiền đúng và chọn kì đối soát đã có trước đó và nhấn xác nhận:40)
	at com.kms.katalon.core.main.ScriptEngine.run(ScriptEngine.java:194)
	at com.kms.katalon.core.main.ScriptEngine.runScriptAsRawText(ScriptEngine.java:119)
	at com.kms.katalon.core.main.TestCaseExecutor.runScript(TestCaseExecutor.java:448)
	at com.kms.katalon.core.main.TestCaseExecutor.doExecute(TestCaseExecutor.java:439)
	at com.kms.katalon.core.main.TestCaseExecutor.processExecutionPhase(TestCaseExecutor.java:418)
	at com.kms.katalon.core.main.TestCaseExecutor.accessMainPhase(TestCaseExecutor.java:410)
	at com.kms.katalon.core.main.TestCaseExecutor.execute(TestCaseExecutor.java:285)
	at com.kms.katalon.core.common.CommonExecutor.accessTestCaseMainPhase(CommonExecutor.java:65)
	at com.kms.katalon.core.main.TestSuiteExecutor.accessTestSuiteMainPhase(TestSuiteExecutor.java:150)
	at com.kms.katalon.core.main.TestSuiteExecutor.execute(TestSuiteExecutor.java:106)
	at com.kms.katalon.core.main.TestCaseMain.startTestSuite(TestCaseMain.java:180)
	at TempTestSuite1729080368268.run(TempTestSuite1729080368268.groovy:35)
	at java.base/jdk.internal.reflect.NativeMethodAccessorImpl.invoke0(Native Method)
	at java.base/jdk.internal.reflect.NativeMethodAccessorImpl.invoke(NativeMethodAccessorImpl.java:77)
	at java.base/jdk.internal.reflect.DelegatingMethodAccessorImpl.invoke(DelegatingMethodAccessorImpl.java:43)
Caused by: org.openqa.selenium.NoSuchElementException: no such element: Unable to locate element: {"method":"xpath","selector":"//p[contains(text(),'Đã tồn tại kỳ đối soát trước đó, Bạn có chắc chắn ')]"}
  (Session info: chrome=130.0.6723.59)
For documentation on this error, please visit: https://www.seleniumhq.org/exceptions/no_such_element.html
Build info: version: '3.141.59', revision: 'unknown', time: 'unknown'
System info: host: 'Aidans-Macbook.local', ip: '2405:4803:fd90:9ef0:b0c9:6dde:81ec:56fd%en0', os.name: 'Mac OS X', os.arch: 'aarch64', os.version: '14.5', java.version: '17.0.7'
Driver info: com.kms.katalon.selenium.driver.CChromeDriver
Capabilities {acceptInsecureCerts: false, browserName: chrome, browserVersion: 130.0.6723.59, chrome: {chromedriverVersion: 129.0.6668.100 (cf58cba358d..., userDataDir: /var/folders/w1/k98vh2j97rz...}, fedcm:accounts: true, goog:chromeOptions: {debuggerAddress: localhost:56668}, javascriptEnabled: true, networkConnectionEnabled: false, pageLoadStrategy: normal, platform: MAC, platformName: MAC, proxy: Proxy(), setWindowRect: true, strictFileInteractability: false, timeouts: {implicit: 0, pageLoad: 300000, script: 30000}, unhandledPromptBehavior: dismiss and notify, webauthn:extension:credBlob: true, webauthn:extension:largeBlob: true, webauthn:extension:minPinLength: true, webauthn:extension:prf: true, webauthn:virtualAuthenticators: true}
Session ID: 9d5a4f9bf143c5bd113801f3b3f85e67
*** Element info: {Using=xpath, value=//p[contains(text(),'Đã tồn tại kỳ đối soát trước đó, Bạn có chắc chắn ')]}
	at jdk.internal.reflect.GeneratedConstructorAccessor22.newInstance(Unknown Source)
	at java.base/jdk.internal.reflect.DelegatingConstructorAccessorImpl.newInstance(DelegatingConstructorAccessorImpl.java:45)
	at org.openqa.selenium.remote.http.W3CHttpResponseCodec.createException(W3CHttpResponseCodec.java:187)
	at org.openqa.selenium.remote.http.W3CHttpResponseCodec.decode(W3CHttpResponseCodec.java:122)
	at org.openqa.selenium.remote.http.W3CHttpResponseCodec.decode(W3CHttpResponseCodec.java:49)
	at org.openqa.selenium.remote.HttpCommandExecutor.execute(HttpCommandExecutor.java:158)
	at org.openqa.selenium.remote.service.DriverCommandExecutor.execute(DriverCommandExecutor.java:83)
	at org.openqa.selenium.remote.RemoteWebDriver.execute(RemoteWebDriver.java:552)
	at com.kms.katalon.selenium.driver.CChromeDriver.execute(CChromeDriver.java:19)
	at org.openqa.selenium.remote.RemoteWebDriver.findElement(RemoteWebDriver.java:323)
	at org.openqa.selenium.remote.RemoteWebDriver.findElementByXPath(RemoteWebDriver.java:428)
	at org.openqa.selenium.By$ByXPath.findElement(By.java:353)
	at org.openqa.selenium.remote.RemoteWebDriver.findElement(RemoteWebDriver.java:315)
	at jdk.internal.reflect.GeneratedMethodAccessor9.invoke(Unknown Source)
	at java.base/jdk.internal.reflect.DelegatingMethodAccessorImpl.invoke(DelegatingMethodAccessorImpl.java:43)
	at org.openqa.selenium.support.events.EventFiringWebDriver.lambda$new$1(EventFiringWebDriver.java:105)
	at jdk.proxy2/jdk.proxy2.$Proxy22.findElement(Unknown Source)
	at org.openqa.selenium.support.events.EventFiringWebDriver.findElement(EventFiringWebDriver.java:194)
	at org.openqa.selenium.support.ui.ExpectedConditions$7.apply(ExpectedConditions.java:205)
	at org.openqa.selenium.support.ui.ExpectedConditions$7.apply(ExpectedConditions.java:201)
	at org.openqa.selenium.support.ui.FluentWait.until(FluentWait.java:249)
	... 16 more]]></system-err>
      </testcase>
      <testcase name="Test Cases/Quản lý tài khoản merchant/Quản lý danh sách tài khoản/Nạp tiền/TC_09_Kiểm tra khi chọn ví đúng và chọn kỳ đối soát đã tồn tại trước đó" time="75.077" classname="Test Cases/Quản lý tài khoản merchant/Quản lý danh sách tài khoản/Nạp tiền/TC_09_Kiểm tra khi chọn ví đúng và chọn kỳ đối soát đã tồn tại trước đó" status="ERROR">
         <error type="ERROR" message="Test Cases/Quản lý tài khoản merchant/Quản lý danh sách tài khoản/Nạp tiền/TC_09_Kiểm tra khi chọn ví đúng và chọn kỳ đối soát đã tồn tại trước đó FAILED.&#xa;Reason:&#xa;org.openqa.selenium.TimeoutException: Expected condition failed: waiting for element to be clickable: By.xpath: //button[contains(text(),'DUYỆT GIAO DỊCH NẠP')] (tried for 20 second(s) with 500 milliseconds interval)&#xa;	at org.openqa.selenium.support.ui.WebDriverWait.timeoutException(WebDriverWait.java:95)&#xa;	at org.openqa.selenium.support.ui.FluentWait.until(FluentWait.java:272)&#xa;	at TC_09_Kiểm tra khi chọn ví đúng và chọn kỳ đối soát đã tồn tại trước đó.run(TC_09_Kiểm tra khi chọn ví đúng và chọn kỳ đối soát đã tồn tại trước đó:62)&#xa;	at com.kms.katalon.core.main.ScriptEngine.run(ScriptEngine.java:194)&#xa;	at com.kms.katalon.core.main.ScriptEngine.runScriptAsRawText(ScriptEngine.java:119)&#xa;	at com.kms.katalon.core.main.TestCaseExecutor.runScript(TestCaseExecutor.java:448)&#xa;	at com.kms.katalon.core.main.TestCaseExecutor.doExecute(TestCaseExecutor.java:439)&#xa;	at com.kms.katalon.core.main.TestCaseExecutor.processExecutionPhase(TestCaseExecutor.java:418)&#xa;	at com.kms.katalon.core.main.TestCaseExecutor.accessMainPhase(TestCaseExecutor.java:410)&#xa;	at com.kms.katalon.core.main.TestCaseExecutor.execute(TestCaseExecutor.java:285)&#xa;	at com.kms.katalon.core.common.CommonExecutor.accessTestCaseMainPhase(CommonExecutor.java:65)&#xa;	at com.kms.katalon.core.main.TestSuiteExecutor.accessTestSuiteMainPhase(TestSuiteExecutor.java:150)&#xa;	at com.kms.katalon.core.main.TestSuiteExecutor.execute(TestSuiteExecutor.java:106)&#xa;	at com.kms.katalon.core.main.TestCaseMain.startTestSuite(TestCaseMain.java:180)&#xa;	at TempTestSuite1729080368268.run(TempTestSuite1729080368268.groovy:35)&#xa;	at java.base/jdk.internal.reflect.NativeMethodAccessorImpl.invoke0(Native Method)&#xa;	at java.base/jdk.internal.reflect.NativeMethodAccessorImpl.invoke(NativeMethodAccessorImpl.java:77)&#xa;	at java.base/jdk.internal.reflect.DelegatingMethodAccessorImpl.invoke(DelegatingMethodAccessorImpl.java:43)&#xa;Caused by: org.openqa.selenium.NoSuchElementException: no such element: Unable to locate element: {&quot;method&quot;:&quot;xpath&quot;,&quot;selector&quot;:&quot;//button[contains(text(),'DUYỆT GIAO DỊCH NẠP')]&quot;}&#xa;  (Session info: chrome=130.0.6723.59)&#xa;For documentation on this error, please visit: https://www.seleniumhq.org/exceptions/no_such_element.html&#xa;Build info: version: '3.141.59', revision: 'unknown', time: 'unknown'&#xa;System info: host: 'Aidans-Macbook.local', ip: '2405:4803:fd90:9ef0:b0c9:6dde:81ec:56fd%en0', os.name: 'Mac OS X', os.arch: 'aarch64', os.version: '14.5', java.version: '17.0.7'&#xa;Driver info: com.kms.katalon.selenium.driver.CChromeDriver&#xa;Capabilities {acceptInsecureCerts: false, browserName: chrome, browserVersion: 130.0.6723.59, chrome: {chromedriverVersion: 129.0.6668.100 (cf58cba358d..., userDataDir: /var/folders/w1/k98vh2j97rz...}, fedcm:accounts: true, goog:chromeOptions: {debuggerAddress: localhost:56694}, javascriptEnabled: true, networkConnectionEnabled: false, pageLoadStrategy: normal, platform: MAC, platformName: MAC, proxy: Proxy(), setWindowRect: true, strictFileInteractability: false, timeouts: {implicit: 0, pageLoad: 300000, script: 30000}, unhandledPromptBehavior: dismiss and notify, webauthn:extension:credBlob: true, webauthn:extension:largeBlob: true, webauthn:extension:minPinLength: true, webauthn:extension:prf: true, webauthn:virtualAuthenticators: true}&#xa;Session ID: 025f8612653237589d5e206168550168&#xa;*** Element info: {Using=xpath, value=//button[contains(text(),'DUYỆT GIAO DỊCH NẠP')]}&#xa;	at jdk.internal.reflect.GeneratedConstructorAccessor22.newInstance(Unknown Source)&#xa;	at java.base/jdk.internal.reflect.DelegatingConstructorAccessorImpl.newInstance(DelegatingConstructorAccessorImpl.java:45)&#xa;	at org.openqa.selenium.remote.http.W3CHttpResponseCodec.createException(W3CHttpResponseCodec.java:187)&#xa;	at org.openqa.selenium.remote.http.W3CHttpResponseCodec.decode(W3CHttpResponseCodec.java:122)&#xa;	at org.openqa.selenium.remote.http.W3CHttpResponseCodec.decode(W3CHttpResponseCodec.java:49)&#xa;	at org.openqa.selenium.remote.HttpCommandExecutor.execute(HttpCommandExecutor.java:158)&#xa;	at org.openqa.selenium.remote.service.DriverCommandExecutor.execute(DriverCommandExecutor.java:83)&#xa;	at org.openqa.selenium.remote.RemoteWebDriver.execute(RemoteWebDriver.java:552)&#xa;	at com.kms.katalon.selenium.driver.CChromeDriver.execute(CChromeDriver.java:19)&#xa;	at org.openqa.selenium.remote.RemoteWebDriver.findElement(RemoteWebDriver.java:323)&#xa;	at org.openqa.selenium.remote.RemoteWebDriver.findElementByXPath(RemoteWebDriver.java:428)&#xa;	at org.openqa.selenium.By$ByXPath.findElement(By.java:353)&#xa;	at org.openqa.selenium.remote.RemoteWebDriver.findElement(RemoteWebDriver.java:315)&#xa;	at jdk.internal.reflect.GeneratedMethodAccessor9.invoke(Unknown Source)&#xa;	at java.base/jdk.internal.reflect.DelegatingMethodAccessorImpl.invoke(DelegatingMethodAccessorImpl.java:43)&#xa;	at org.openqa.selenium.support.events.EventFiringWebDriver.lambda$new$1(EventFiringWebDriver.java:105)&#xa;	at jdk.proxy2/jdk.proxy2.$Proxy22.findElement(Unknown Source)&#xa;	at org.openqa.selenium.support.events.EventFiringWebDriver.findElement(EventFiringWebDriver.java:194)&#xa;	at org.openqa.selenium.support.ui.ExpectedConditions$7.apply(ExpectedConditions.java:205)&#xa;	at org.openqa.selenium.support.ui.ExpectedConditions$7.apply(ExpectedConditions.java:201)&#xa;	at org.openqa.selenium.support.ui.ExpectedConditions$22.apply(ExpectedConditions.java:641)&#xa;	at org.openqa.selenium.support.ui.ExpectedConditions$22.apply(ExpectedConditions.java:638)&#xa;	at org.openqa.selenium.support.ui.FluentWait.until(FluentWait.java:249)&#xa;	... 16 more&#xa;"/>
         <system-out><![CDATA[16-10-2024T19:11:12 - [TEST_CASE][ERROR] - Test Cases/Quản lý tài khoản merchant/Quản lý danh sách tài khoản/Nạp tiền/TC_09_Kiểm tra khi chọn ví đúng và chọn kỳ đối soát đã tồn tại trước đó: Test Cases/Quản lý tài khoản merchant/Quản lý danh sách tài khoản/Nạp tiền/TC_09_Kiểm tra khi chọn ví đúng và chọn kỳ đối soát đã tồn tại trước đó FAILED.
Reason:
org.openqa.selenium.TimeoutException: Expected condition failed: waiting for element to be clickable: By.xpath: //button[contains(text(),'DUYỆT GIAO DỊCH NẠP')] (tried for 20 second(s) with 500 milliseconds interval)
	at org.openqa.selenium.support.ui.WebDriverWait.timeoutException(WebDriverWait.java:95)
	at org.openqa.selenium.support.ui.FluentWait.until(FluentWait.java:272)
	at TC_09_Kiểm tra khi chọn ví đúng và chọn kỳ đối soát đã tồn tại trước đó.run(TC_09_Kiểm tra khi chọn ví đúng và chọn kỳ đối soát đã tồn tại trước đó:62)
	at com.kms.katalon.core.main.ScriptEngine.run(ScriptEngine.java:194)
	at com.kms.katalon.core.main.ScriptEngine.runScriptAsRawText(ScriptEngine.java:119)
	at com.kms.katalon.core.main.TestCaseExecutor.runScript(TestCaseExecutor.java:448)
	at com.kms.katalon.core.main.TestCaseExecutor.doExecute(TestCaseExecutor.java:439)
	at com.kms.katalon.core.main.TestCaseExecutor.processExecutionPhase(TestCaseExecutor.java:418)
	at com.kms.katalon.core.main.TestCaseExecutor.accessMainPhase(TestCaseExecutor.java:410)
	at com.kms.katalon.core.main.TestCaseExecutor.execute(TestCaseExecutor.java:285)
	at com.kms.katalon.core.common.CommonExecutor.accessTestCaseMainPhase(CommonExecutor.java:65)
	at com.kms.katalon.core.main.TestSuiteExecutor.accessTestSuiteMainPhase(TestSuiteExecutor.java:150)
	at com.kms.katalon.core.main.TestSuiteExecutor.execute(TestSuiteExecutor.java:106)
	at com.kms.katalon.core.main.TestCaseMain.startTestSuite(TestCaseMain.java:180)
	at TempTestSuite1729080368268.run(TempTestSuite1729080368268.groovy:35)
	at java.base/jdk.internal.reflect.NativeMethodAccessorImpl.invoke0(Native Method)
	at java.base/jdk.internal.reflect.NativeMethodAccessorImpl.invoke(NativeMethodAccessorImpl.java:77)
	at java.base/jdk.internal.reflect.DelegatingMethodAccessorImpl.invoke(DelegatingMethodAccessorImpl.java:43)
Caused by: org.openqa.selenium.NoSuchElementException: no such element: Unable to locate element: {"method":"xpath","selector":"//button[contains(text(),'DUYỆT GIAO DỊCH NẠP')]"}
  (Session info: chrome=130.0.6723.59)
For documentation on this error, please visit: https://www.seleniumhq.org/exceptions/no_such_element.html
Build info: version: '3.141.59', revision: 'unknown', time: 'unknown'
System info: host: 'Aidans-Macbook.local', ip: '2405:4803:fd90:9ef0:b0c9:6dde:81ec:56fd%en0', os.name: 'Mac OS X', os.arch: 'aarch64', os.version: '14.5', java.version: '17.0.7'
Driver info: com.kms.katalon.selenium.driver.CChromeDriver
Capabilities {acceptInsecureCerts: false, browserName: chrome, browserVersion: 130.0.6723.59, chrome: {chromedriverVersion: 129.0.6668.100 (cf58cba358d..., userDataDir: /var/folders/w1/k98vh2j97rz...}, fedcm:accounts: true, goog:chromeOptions: {debuggerAddress: localhost:56694}, javascriptEnabled: true, networkConnectionEnabled: false, pageLoadStrategy: normal, platform: MAC, platformName: MAC, proxy: Proxy(), setWindowRect: true, strictFileInteractability: false, timeouts: {implicit: 0, pageLoad: 300000, script: 30000}, unhandledPromptBehavior: dismiss and notify, webauthn:extension:credBlob: true, webauthn:extension:largeBlob: true, webauthn:extension:minPinLength: true, webauthn:extension:prf: true, webauthn:virtualAuthenticators: true}
Session ID: 025f8612653237589d5e206168550168
*** Element info: {Using=xpath, value=//button[contains(text(),'DUYỆT GIAO DỊCH NẠP')]}
	at jdk.internal.reflect.GeneratedConstructorAccessor22.newInstance(Unknown Source)
	at java.base/jdk.internal.reflect.DelegatingConstructorAccessorImpl.newInstance(DelegatingConstructorAccessorImpl.java:45)
	at org.openqa.selenium.remote.http.W3CHttpResponseCodec.createException(W3CHttpResponseCodec.java:187)
	at org.openqa.selenium.remote.http.W3CHttpResponseCodec.decode(W3CHttpResponseCodec.java:122)
	at org.openqa.selenium.remote.http.W3CHttpResponseCodec.decode(W3CHttpResponseCodec.java:49)
	at org.openqa.selenium.remote.HttpCommandExecutor.execute(HttpCommandExecutor.java:158)
	at org.openqa.selenium.remote.service.DriverCommandExecutor.execute(DriverCommandExecutor.java:83)
	at org.openqa.selenium.remote.RemoteWebDriver.execute(RemoteWebDriver.java:552)
	at com.kms.katalon.selenium.driver.CChromeDriver.execute(CChromeDriver.java:19)
	at org.openqa.selenium.remote.RemoteWebDriver.findElement(RemoteWebDriver.java:323)
	at org.openqa.selenium.remote.RemoteWebDriver.findElementByXPath(RemoteWebDriver.java:428)
	at org.openqa.selenium.By$ByXPath.findElement(By.java:353)
	at org.openqa.selenium.remote.RemoteWebDriver.findElement(RemoteWebDriver.java:315)
	at jdk.internal.reflect.GeneratedMethodAccessor9.invoke(Unknown Source)
	at java.base/jdk.internal.reflect.DelegatingMethodAccessorImpl.invoke(DelegatingMethodAccessorImpl.java:43)
	at org.openqa.selenium.support.events.EventFiringWebDriver.lambda$new$1(EventFiringWebDriver.java:105)
	at jdk.proxy2/jdk.proxy2.$Proxy22.findElement(Unknown Source)
	at org.openqa.selenium.support.events.EventFiringWebDriver.findElement(EventFiringWebDriver.java:194)
	at org.openqa.selenium.support.ui.ExpectedConditions$7.apply(ExpectedConditions.java:205)
	at org.openqa.selenium.support.ui.ExpectedConditions$7.apply(ExpectedConditions.java:201)
	at org.openqa.selenium.support.ui.ExpectedConditions$22.apply(ExpectedConditions.java:641)
	at org.openqa.selenium.support.ui.ExpectedConditions$22.apply(ExpectedConditions.java:638)
	at org.openqa.selenium.support.ui.FluentWait.until(FluentWait.java:249)
	... 16 more


16-10-2024T19:11:12 - [TEST_STEP][PASSED] - Start listener action : sampleBeforeTestCase: Navigate to 'https://stg-cms-console.9pay.mobi/login' successfully

16-10-2024T19:11:12 - [TEST_STEP][PASSED] - testCaseId = testCaseContext.getTestCaseId(): null

16-10-2024T19:11:12 - [TEST_STEP][PASSED] - url = <not implemented yet for class: org.codehaus.groovy.ast.expr.EmptyExpression>: null

16-10-2024T19:11:12 - [TEST_STEP][PASSED] - if (testCaseId == "Test Cases/Quản lý tài khoản merchant/Quản lý dịch vụ merchant/TC_14_Kiểm tra thay đổi sau khi cấu hình VA trên MCV"): null

16-10-2024T19:11:12 - [TEST_STEP][PASSED] - else: null

16-10-2024T19:11:12 - [TEST_STEP][PASSED] - url = "https://stg-cms-console.9pay.mobi/login": null

16-10-2024T19:11:12 - [TEST_STEP][PASSED] - openBrowser(""): Browser is opened with url: ''

16-10-2024T19:11:12 - [MESSAGE][WARNING] - A browser is already opened. Closing browser and opening a new one

16-10-2024T19:11:12 - [MESSAGE][INFO] - Starting 'Chrome' driver

16-10-2024T19:11:12 - [MESSAGE][INFO] - Action delay is set to 0 milliseconds

16-10-2024T19:11:12 - [MESSAGE][PASSED] - Browser is opened with url: ''

16-10-2024T19:11:12 - [TEST_STEP][PASSED] - maximizeWindow(): Current window maximized

16-10-2024T19:11:13 - [MESSAGE][PASSED] - Current window maximized

16-10-2024T19:11:13 - [TEST_STEP][PASSED] - navigateToUrl(url): Navigate to 'https://stg-cms-console.9pay.mobi/login' successfully

16-10-2024T19:11:15 - [MESSAGE][PASSED] - Navigate to 'https://stg-cms-console.9pay.mobi/login' successfully

16-10-2024T19:11:15 - [TEST_STEP][PASSED] - driver = getWebDriver(): null

16-10-2024T19:11:15 - [TEST_STEP][PASSED] - callTestCase(findTestCase("Test Cases/Login/LoginCommon"), [:], STOP_ON_FAILURE): Call Test Case 'Test Cases/Login/LoginCommon' successfully

16-10-2024T19:11:15 - [TEST_CASE][PASSED] - Test Cases/Login/LoginCommon: Test Cases/Login/LoginCommon

16-10-2024T19:11:15 - [TEST_STEP][PASSED] - driver = getWebDriver(): null

16-10-2024T19:11:15 - [TEST_STEP][PASSED] - sendKeys(findTestObject("Quản lý tài khoản merchant/Quản lý dịch vụ merchant/userNameTextbox"), userAccount): Keys 'dannt@9pay.vn' sent to object: 'Object Repository/Quản lý tài khoản merchant/Quản lý dịch vụ merchant/userNameTextbox'

16-10-2024T19:11:15 - [MESSAGE][PASSED] - Keys 'dannt@9pay.vn' sent to object: 'Object Repository/Quản lý tài khoản merchant/Quản lý dịch vụ merchant/userNameTextbox'

16-10-2024T19:11:15 - [TEST_STEP][PASSED] - sendKeys(findTestObject("Quản lý tài khoản merchant/Quản lý dịch vụ merchant/passwordTextbox"), password): Keys 'dannt@9pay.vn' sent to object: 'Object Repository/Quản lý tài khoản merchant/Quản lý dịch vụ merchant/passwordTextbox'

16-10-2024T19:11:16 - [MESSAGE][PASSED] - Keys 'dannt@9pay.vn' sent to object: 'Object Repository/Quản lý tài khoản merchant/Quản lý dịch vụ merchant/passwordTextbox'

16-10-2024T19:11:16 - [TEST_STEP][PASSED] - click(findTestObject("Quản lý tài khoản merchant/Quản lý dịch vụ merchant/loginButton")): Object: 'Object Repository/Quản lý tài khoản merchant/Quản lý dịch vụ merchant/loginButton' is clicked on

16-10-2024T19:11:16 - [MESSAGE][PASSED] - Object: 'Object Repository/Quản lý tài khoản merchant/Quản lý dịch vụ merchant/loginButton' is clicked on

16-10-2024T19:11:16 - [MESSAGE][PASSED] - Call Test Case 'Test Cases/Login/LoginCommon' successfully

16-10-2024T19:11:16 - [TEST_STEP][PASSED] - waitForElementVisible(findTestObject("Trang chủ/userName"), 20, STOP_ON_FAILURE): Object 'Object Repository/Trang chủ/userName' is visible

16-10-2024T19:11:20 - [MESSAGE][PASSED] - Object 'Object Repository/Trang chủ/userName' is visible

16-10-2024T19:11:20 - [TEST_STEP][PASSED] - callTestCase(findTestCase("Test Cases/Quản lý tài khoản merchant/Quản lý danh sách tài khoản/CustomFunctions Deposit"), [:], STOP_ON_FAILURE): Call Test Case 'Test Cases/Quản lý tài khoản merchant/Quản lý danh sách tài khoản/CustomFunctions Deposit' successfully

16-10-2024T19:11:20 - [TEST_CASE][PASSED] - Test Cases/Quản lý tài khoản merchant/Quản lý danh sách tài khoản/CustomFunctions Deposit: Test Cases/Quản lý tài khoản merchant/Quản lý danh sách tài khoản/CustomFunctions Deposit

16-10-2024T19:11:20 - [TEST_STEP][PASSED] - driver = getWebDriver(): null

16-10-2024T19:11:20 - [TEST_STEP][PASSED] - element1 = driver.findElement(By.xpath("//span[contains(text(),'Quản lý tài khoản merchant')]")): null

16-10-2024T19:11:20 - [TEST_STEP][PASSED] - actions = new org.openqa.selenium.interactions.Actions(driver): null

16-10-2024T19:11:20 - [TEST_STEP][PASSED] - click().perform(): null

16-10-2024T19:11:20 - [TEST_STEP][PASSED] - wait = new org.openqa.selenium.support.ui.WebDriverWait(com.kms.katalon.core.webui.driver.DriverFactory.getWebDriver(), 15): null

16-10-2024T19:11:20 - [TEST_STEP][PASSED] - xpath(xpathManagerListAccount))).click(): null

16-10-2024T19:11:21 - [MESSAGE][PASSED] - Call Test Case 'Test Cases/Quản lý tài khoản merchant/Quản lý danh sách tài khoản/CustomFunctions Deposit' successfully

16-10-2024T19:11:21 - [TEST_STEP][PASSED] - wait = new org.openqa.selenium.support.ui.WebDriverWait(com.kms.katalon.core.webui.driver.DriverFactory.getWebDriver(), 20): null

16-10-2024T19:11:21 - [TEST_STEP][PASSED] - userCode = wait.until(ExpectedConditions.visibilityOfElementLocated(By.xpath(xpathUserCode))): null

16-10-2024T19:11:24 - [TEST_STEP][PASSED] - println(userCode.getText()): null

16-10-2024T19:11:24 - [TEST_STEP][PASSED] - xpath(xpathBtnAccount))).click(): null

16-10-2024T19:11:24 - [TEST_STEP][PASSED] - searchTextbox = wait.until(ExpectedConditions.elementToBeClickable(By.xpath(xpathSearchTextbox))): null

16-10-2024T19:11:24 - [TEST_STEP][PASSED] - searchTextbox.sendKeys("dannt11"): null

16-10-2024T19:11:25 - [TEST_STEP][PASSED] - xpath(xpathOption)).click(): null

16-10-2024T19:11:25 - [TEST_STEP][PASSED] - xpath(xpathBtnSearch)).click(): null

16-10-2024T19:11:25 - [TEST_STEP][PASSED] - wait.until(ExpectedConditions.visibilityOfElementLocated(By.xpath(xpathAccountName))): null

16-10-2024T19:11:26 - [TEST_STEP][PASSED] - startElement = driver.findElement(By.xpath("//strong[contains(text(),'Thu hộ:')]")): null

16-10-2024T19:11:26 - [TEST_STEP][PASSED] - js = driver: null

16-10-2024T19:11:26 - [TEST_STEP][PASSED] - script = "return arguments[0].nextSibling.textContent;": null

16-10-2024T19:11:26 - [TEST_STEP][PASSED] - nextTextNodeContent = js.executeScript(script, startElement): null

16-10-2024T19:11:26 - [TEST_STEP][PASSED] - out.println("Thu ho " + nextTextNodeContent): null

16-10-2024T19:11:26 - [TEST_STEP][PASSED] - numericString = nextTextNodeContent.replaceAll("[^0-9]", ""): null

16-10-2024T19:11:26 - [TEST_STEP][PASSED] - thuHo = Integer.parseInt(numericString): null

16-10-2024T19:11:26 - [TEST_STEP][PASSED] - out.println("Thu ho " + thuHo): null

16-10-2024T19:11:26 - [TEST_STEP][PASSED] - xpath(xpathBtnDeposit)).click(): null

16-10-2024T19:11:27 - [TEST_STEP][PASSED] - wait.until(ExpectedConditions.visibilityOfElementLocated(By.xpath(xpathTextAccount))): null

16-10-2024T19:11:34 - [TEST_STEP][PASSED] - xpath(xpathChonVi)).click(): null

16-10-2024T19:11:34 - [TEST_STEP][PASSED] - xpath(xpathThuHo3)).click(): null

16-10-2024T19:11:34 - [TEST_STEP][PASSED] - xpath(xpathDay)).click(): null

16-10-2024T19:11:35 - [TEST_STEP][PASSED] - xpath(xpathHomNay)).click(): null

16-10-2024T19:11:35 - [TEST_STEP][PASSED] - xpath(xpathBtnContinue)).click(): null

16-10-2024T19:11:36 - [TEST_STEP][PASSED] - try: null

16-10-2024T19:11:36 - [TEST_STEP][PASSED] - popupDS = wait.until(ExpectedConditions.visibilityOfElementLocated(By.xpath("//p[contains(text(),'Đã tồn tại kỳ đối soát trước đó, Bạn có chắc chắn ')]"))): null

16-10-2024T19:11:56 - [TEST_STEP][PASSED] - catch (org.openqa.selenium.TimeoutException e): null

16-10-2024T19:11:56 - [TEST_STEP][PASSED] - println("Popup không xuất hiện, tiếp tục thực hiện giao dịch."): null

16-10-2024T19:11:56 - [TEST_STEP][PASSED] - xpath(xpathDepositTextbox)).sendKeys("150000"): null

16-10-2024T19:11:56 - [TEST_STEP][PASSED] - xpath(xpathButtonSubmit)).click(): null

16-10-2024T19:11:57 - [TEST_STEP][ERROR] - wait.until(ExpectedConditions.elementToBeClickable(By.xpath(xpathButtonApprove))): Test Cases/Quản lý tài khoản merchant/Quản lý danh sách tài khoản/Nạp tiền/TC_09_Kiểm tra khi chọn ví đúng và chọn kỳ đối soát đã tồn tại trước đó FAILED.
Reason:
org.openqa.selenium.TimeoutException: Expected condition failed: waiting for element to be clickable: By.xpath: //button[contains(text(),'DUYỆT GIAO DỊCH NẠP')] (tried for 20 second(s) with 500 milliseconds interval)
	at org.openqa.selenium.support.ui.WebDriverWait.timeoutException(WebDriverWait.java:95)
	at org.openqa.selenium.support.ui.FluentWait.until(FluentWait.java:272)
	at TC_09_Kiểm tra khi chọn ví đúng và chọn kỳ đối soát đã tồn tại trước đó.run(TC_09_Kiểm tra khi chọn ví đúng và chọn kỳ đối soát đã tồn tại trước đó:62)
	at com.kms.katalon.core.main.ScriptEngine.run(ScriptEngine.java:194)
	at com.kms.katalon.core.main.ScriptEngine.runScriptAsRawText(ScriptEngine.java:119)
	at com.kms.katalon.core.main.TestCaseExecutor.runScript(TestCaseExecutor.java:448)
	at com.kms.katalon.core.main.TestCaseExecutor.doExecute(TestCaseExecutor.java:439)
	at com.kms.katalon.core.main.TestCaseExecutor.processExecutionPhase(TestCaseExecutor.java:418)
	at com.kms.katalon.core.main.TestCaseExecutor.accessMainPhase(TestCaseExecutor.java:410)
	at com.kms.katalon.core.main.TestCaseExecutor.execute(TestCaseExecutor.java:285)
	at com.kms.katalon.core.common.CommonExecutor.accessTestCaseMainPhase(CommonExecutor.java:65)
	at com.kms.katalon.core.main.TestSuiteExecutor.accessTestSuiteMainPhase(TestSuiteExecutor.java:150)
	at com.kms.katalon.core.main.TestSuiteExecutor.execute(TestSuiteExecutor.java:106)
	at com.kms.katalon.core.main.TestCaseMain.startTestSuite(TestCaseMain.java:180)
	at TempTestSuite1729080368268.run(TempTestSuite1729080368268.groovy:35)
	at java.base/jdk.internal.reflect.NativeMethodAccessorImpl.invoke0(Native Method)
	at java.base/jdk.internal.reflect.NativeMethodAccessorImpl.invoke(NativeMethodAccessorImpl.java:77)
	at java.base/jdk.internal.reflect.DelegatingMethodAccessorImpl.invoke(DelegatingMethodAccessorImpl.java:43)
Caused by: org.openqa.selenium.NoSuchElementException: no such element: Unable to locate element: {"method":"xpath","selector":"//button[contains(text(),'DUYỆT GIAO DỊCH NẠP')]"}
  (Session info: chrome=130.0.6723.59)
For documentation on this error, please visit: https://www.seleniumhq.org/exceptions/no_such_element.html
Build info: version: '3.141.59', revision: 'unknown', time: 'unknown'
System info: host: 'Aidans-Macbook.local', ip: '2405:4803:fd90:9ef0:b0c9:6dde:81ec:56fd%en0', os.name: 'Mac OS X', os.arch: 'aarch64', os.version: '14.5', java.version: '17.0.7'
Driver info: com.kms.katalon.selenium.driver.CChromeDriver
Capabilities {acceptInsecureCerts: false, browserName: chrome, browserVersion: 130.0.6723.59, chrome: {chromedriverVersion: 129.0.6668.100 (cf58cba358d..., userDataDir: /var/folders/w1/k98vh2j97rz...}, fedcm:accounts: true, goog:chromeOptions: {debuggerAddress: localhost:56694}, javascriptEnabled: true, networkConnectionEnabled: false, pageLoadStrategy: normal, platform: MAC, platformName: MAC, proxy: Proxy(), setWindowRect: true, strictFileInteractability: false, timeouts: {implicit: 0, pageLoad: 300000, script: 30000}, unhandledPromptBehavior: dismiss and notify, webauthn:extension:credBlob: true, webauthn:extension:largeBlob: true, webauthn:extension:minPinLength: true, webauthn:extension:prf: true, webauthn:virtualAuthenticators: true}
Session ID: 025f8612653237589d5e206168550168
*** Element info: {Using=xpath, value=//button[contains(text(),'DUYỆT GIAO DỊCH NẠP')]}
	at jdk.internal.reflect.GeneratedConstructorAccessor22.newInstance(Unknown Source)
	at java.base/jdk.internal.reflect.DelegatingConstructorAccessorImpl.newInstance(DelegatingConstructorAccessorImpl.java:45)
	at org.openqa.selenium.remote.http.W3CHttpResponseCodec.createException(W3CHttpResponseCodec.java:187)
	at org.openqa.selenium.remote.http.W3CHttpResponseCodec.decode(W3CHttpResponseCodec.java:122)
	at org.openqa.selenium.remote.http.W3CHttpResponseCodec.decode(W3CHttpResponseCodec.java:49)
	at org.openqa.selenium.remote.HttpCommandExecutor.execute(HttpCommandExecutor.java:158)
	at org.openqa.selenium.remote.service.DriverCommandExecutor.execute(DriverCommandExecutor.java:83)
	at org.openqa.selenium.remote.RemoteWebDriver.execute(RemoteWebDriver.java:552)
	at com.kms.katalon.selenium.driver.CChromeDriver.execute(CChromeDriver.java:19)
	at org.openqa.selenium.remote.RemoteWebDriver.findElement(RemoteWebDriver.java:323)
	at org.openqa.selenium.remote.RemoteWebDriver.findElementByXPath(RemoteWebDriver.java:428)
	at org.openqa.selenium.By$ByXPath.findElement(By.java:353)
	at org.openqa.selenium.remote.RemoteWebDriver.findElement(RemoteWebDriver.java:315)
	at jdk.internal.reflect.GeneratedMethodAccessor9.invoke(Unknown Source)
	at java.base/jdk.internal.reflect.DelegatingMethodAccessorImpl.invoke(DelegatingMethodAccessorImpl.java:43)
	at org.openqa.selenium.support.events.EventFiringWebDriver.lambda$new$1(EventFiringWebDriver.java:105)
	at jdk.proxy2/jdk.proxy2.$Proxy22.findElement(Unknown Source)
	at org.openqa.selenium.support.events.EventFiringWebDriver.findElement(EventFiringWebDriver.java:194)
	at org.openqa.selenium.support.ui.ExpectedConditions$7.apply(ExpectedConditions.java:205)
	at org.openqa.selenium.support.ui.ExpectedConditions$7.apply(ExpectedConditions.java:201)
	at org.openqa.selenium.support.ui.ExpectedConditions$22.apply(ExpectedConditions.java:641)
	at org.openqa.selenium.support.ui.ExpectedConditions$22.apply(ExpectedConditions.java:638)
	at org.openqa.selenium.support.ui.FluentWait.until(FluentWait.java:249)
	at Script1720719047713.run(Script1720719047713.groovy:62)
	... 15 more


16-10-2024T19:12:27 - [MESSAGE][ERROR] - Test Cases/Quản lý tài khoản merchant/Quản lý danh sách tài khoản/Nạp tiền/TC_09_Kiểm tra khi chọn ví đúng và chọn kỳ đối soát đã tồn tại trước đó FAILED.
Reason:
org.openqa.selenium.TimeoutException: Expected condition failed: waiting for element to be clickable: By.xpath: //button[contains(text(),'DUYỆT GIAO DỊCH NẠP')] (tried for 20 second(s) with 500 milliseconds interval)
	at org.openqa.selenium.support.ui.WebDriverWait.timeoutException(WebDriverWait.java:95)
	at org.openqa.selenium.support.ui.FluentWait.until(FluentWait.java:272)
	at TC_09_Kiểm tra khi chọn ví đúng và chọn kỳ đối soát đã tồn tại trước đó.run(TC_09_Kiểm tra khi chọn ví đúng và chọn kỳ đối soát đã tồn tại trước đó:62)
	at com.kms.katalon.core.main.ScriptEngine.run(ScriptEngine.java:194)
	at com.kms.katalon.core.main.ScriptEngine.runScriptAsRawText(ScriptEngine.java:119)
	at com.kms.katalon.core.main.TestCaseExecutor.runScript(TestCaseExecutor.java:448)
	at com.kms.katalon.core.main.TestCaseExecutor.doExecute(TestCaseExecutor.java:439)
	at com.kms.katalon.core.main.TestCaseExecutor.processExecutionPhase(TestCaseExecutor.java:418)
	at com.kms.katalon.core.main.TestCaseExecutor.accessMainPhase(TestCaseExecutor.java:410)
	at com.kms.katalon.core.main.TestCaseExecutor.execute(TestCaseExecutor.java:285)
	at com.kms.katalon.core.common.CommonExecutor.accessTestCaseMainPhase(CommonExecutor.java:65)
	at com.kms.katalon.core.main.TestSuiteExecutor.accessTestSuiteMainPhase(TestSuiteExecutor.java:150)
	at com.kms.katalon.core.main.TestSuiteExecutor.execute(TestSuiteExecutor.java:106)
	at com.kms.katalon.core.main.TestCaseMain.startTestSuite(TestCaseMain.java:180)
	at TempTestSuite1729080368268.run(TempTestSuite1729080368268.groovy:35)
	at java.base/jdk.internal.reflect.NativeMethodAccessorImpl.invoke0(Native Method)
	at java.base/jdk.internal.reflect.NativeMethodAccessorImpl.invoke(NativeMethodAccessorImpl.java:77)
	at java.base/jdk.internal.reflect.DelegatingMethodAccessorImpl.invoke(DelegatingMethodAccessorImpl.java:43)
Caused by: org.openqa.selenium.NoSuchElementException: no such element: Unable to locate element: {"method":"xpath","selector":"//button[contains(text(),'DUYỆT GIAO DỊCH NẠP')]"}
  (Session info: chrome=130.0.6723.59)
For documentation on this error, please visit: https://www.seleniumhq.org/exceptions/no_such_element.html
Build info: version: '3.141.59', revision: 'unknown', time: 'unknown'
System info: host: 'Aidans-Macbook.local', ip: '2405:4803:fd90:9ef0:b0c9:6dde:81ec:56fd%en0', os.name: 'Mac OS X', os.arch: 'aarch64', os.version: '14.5', java.version: '17.0.7'
Driver info: com.kms.katalon.selenium.driver.CChromeDriver
Capabilities {acceptInsecureCerts: false, browserName: chrome, browserVersion: 130.0.6723.59, chrome: {chromedriverVersion: 129.0.6668.100 (cf58cba358d..., userDataDir: /var/folders/w1/k98vh2j97rz...}, fedcm:accounts: true, goog:chromeOptions: {debuggerAddress: localhost:56694}, javascriptEnabled: true, networkConnectionEnabled: false, pageLoadStrategy: normal, platform: MAC, platformName: MAC, proxy: Proxy(), setWindowRect: true, strictFileInteractability: false, timeouts: {implicit: 0, pageLoad: 300000, script: 30000}, unhandledPromptBehavior: dismiss and notify, webauthn:extension:credBlob: true, webauthn:extension:largeBlob: true, webauthn:extension:minPinLength: true, webauthn:extension:prf: true, webauthn:virtualAuthenticators: true}
Session ID: 025f8612653237589d5e206168550168
*** Element info: {Using=xpath, value=//button[contains(text(),'DUYỆT GIAO DỊCH NẠP')]}
	at jdk.internal.reflect.GeneratedConstructorAccessor22.newInstance(Unknown Source)
	at java.base/jdk.internal.reflect.DelegatingConstructorAccessorImpl.newInstance(DelegatingConstructorAccessorImpl.java:45)
	at org.openqa.selenium.remote.http.W3CHttpResponseCodec.createException(W3CHttpResponseCodec.java:187)
	at org.openqa.selenium.remote.http.W3CHttpResponseCodec.decode(W3CHttpResponseCodec.java:122)
	at org.openqa.selenium.remote.http.W3CHttpResponseCodec.decode(W3CHttpResponseCodec.java:49)
	at org.openqa.selenium.remote.HttpCommandExecutor.execute(HttpCommandExecutor.java:158)
	at org.openqa.selenium.remote.service.DriverCommandExecutor.execute(DriverCommandExecutor.java:83)
	at org.openqa.selenium.remote.RemoteWebDriver.execute(RemoteWebDriver.java:552)
	at com.kms.katalon.selenium.driver.CChromeDriver.execute(CChromeDriver.java:19)
	at org.openqa.selenium.remote.RemoteWebDriver.findElement(RemoteWebDriver.java:323)
	at org.openqa.selenium.remote.RemoteWebDriver.findElementByXPath(RemoteWebDriver.java:428)
	at org.openqa.selenium.By$ByXPath.findElement(By.java:353)
	at org.openqa.selenium.remote.RemoteWebDriver.findElement(RemoteWebDriver.java:315)
	at jdk.internal.reflect.GeneratedMethodAccessor9.invoke(Unknown Source)
	at java.base/jdk.internal.reflect.DelegatingMethodAccessorImpl.invoke(DelegatingMethodAccessorImpl.java:43)
	at org.openqa.selenium.support.events.EventFiringWebDriver.lambda$new$1(EventFiringWebDriver.java:105)
	at jdk.proxy2/jdk.proxy2.$Proxy22.findElement(Unknown Source)
	at org.openqa.selenium.support.events.EventFiringWebDriver.findElement(EventFiringWebDriver.java:194)
	at org.openqa.selenium.support.ui.ExpectedConditions$7.apply(ExpectedConditions.java:205)
	at org.openqa.selenium.support.ui.ExpectedConditions$7.apply(ExpectedConditions.java:201)
	at org.openqa.selenium.support.ui.ExpectedConditions$22.apply(ExpectedConditions.java:641)
	at org.openqa.selenium.support.ui.ExpectedConditions$22.apply(ExpectedConditions.java:638)
	at org.openqa.selenium.support.ui.FluentWait.until(FluentWait.java:249)
	at Script1720719047713.run(Script1720719047713.groovy:62)
	... 15 more


16-10-2024T19:12:27 - [TEST_STEP][PASSED] - Start listener action : sampleAfterTestCase: null

16-10-2024T19:12:27 - [TEST_STEP][PASSED] - testCaseId = testCaseContext.getTestCaseId(): null

16-10-2024T19:12:27 - [TEST_STEP][PASSED] - if (testCaseId == "Test Cases/Quản lý tài khoản merchant/Quản lý dịch vụ merchant/TC_13_Kiểm tra chức năng xác nhận cấu hình thay đổi VA"): null]]></system-out>
         <system-err><![CDATA[16-10-2024T19:11:12 - [TEST_CASE][ERROR] - Test Cases/Quản lý tài khoản merchant/Quản lý danh sách tài khoản/Nạp tiền/TC_09_Kiểm tra khi chọn ví đúng và chọn kỳ đối soát đã tồn tại trước đó: Test Cases/Quản lý tài khoản merchant/Quản lý danh sách tài khoản/Nạp tiền/TC_09_Kiểm tra khi chọn ví đúng và chọn kỳ đối soát đã tồn tại trước đó FAILED.
Reason:
org.openqa.selenium.TimeoutException: Expected condition failed: waiting for element to be clickable: By.xpath: //button[contains(text(),'DUYỆT GIAO DỊCH NẠP')] (tried for 20 second(s) with 500 milliseconds interval)
	at org.openqa.selenium.support.ui.WebDriverWait.timeoutException(WebDriverWait.java:95)
	at org.openqa.selenium.support.ui.FluentWait.until(FluentWait.java:272)
	at TC_09_Kiểm tra khi chọn ví đúng và chọn kỳ đối soát đã tồn tại trước đó.run(TC_09_Kiểm tra khi chọn ví đúng và chọn kỳ đối soát đã tồn tại trước đó:62)
	at com.kms.katalon.core.main.ScriptEngine.run(ScriptEngine.java:194)
	at com.kms.katalon.core.main.ScriptEngine.runScriptAsRawText(ScriptEngine.java:119)
	at com.kms.katalon.core.main.TestCaseExecutor.runScript(TestCaseExecutor.java:448)
	at com.kms.katalon.core.main.TestCaseExecutor.doExecute(TestCaseExecutor.java:439)
	at com.kms.katalon.core.main.TestCaseExecutor.processExecutionPhase(TestCaseExecutor.java:418)
	at com.kms.katalon.core.main.TestCaseExecutor.accessMainPhase(TestCaseExecutor.java:410)
	at com.kms.katalon.core.main.TestCaseExecutor.execute(TestCaseExecutor.java:285)
	at com.kms.katalon.core.common.CommonExecutor.accessTestCaseMainPhase(CommonExecutor.java:65)
	at com.kms.katalon.core.main.TestSuiteExecutor.accessTestSuiteMainPhase(TestSuiteExecutor.java:150)
	at com.kms.katalon.core.main.TestSuiteExecutor.execute(TestSuiteExecutor.java:106)
	at com.kms.katalon.core.main.TestCaseMain.startTestSuite(TestCaseMain.java:180)
	at TempTestSuite1729080368268.run(TempTestSuite1729080368268.groovy:35)
	at java.base/jdk.internal.reflect.NativeMethodAccessorImpl.invoke0(Native Method)
	at java.base/jdk.internal.reflect.NativeMethodAccessorImpl.invoke(NativeMethodAccessorImpl.java:77)
	at java.base/jdk.internal.reflect.DelegatingMethodAccessorImpl.invoke(DelegatingMethodAccessorImpl.java:43)
Caused by: org.openqa.selenium.NoSuchElementException: no such element: Unable to locate element: {"method":"xpath","selector":"//button[contains(text(),'DUYỆT GIAO DỊCH NẠP')]"}
  (Session info: chrome=130.0.6723.59)
For documentation on this error, please visit: https://www.seleniumhq.org/exceptions/no_such_element.html
Build info: version: '3.141.59', revision: 'unknown', time: 'unknown'
System info: host: 'Aidans-Macbook.local', ip: '2405:4803:fd90:9ef0:b0c9:6dde:81ec:56fd%en0', os.name: 'Mac OS X', os.arch: 'aarch64', os.version: '14.5', java.version: '17.0.7'
Driver info: com.kms.katalon.selenium.driver.CChromeDriver
Capabilities {acceptInsecureCerts: false, browserName: chrome, browserVersion: 130.0.6723.59, chrome: {chromedriverVersion: 129.0.6668.100 (cf58cba358d..., userDataDir: /var/folders/w1/k98vh2j97rz...}, fedcm:accounts: true, goog:chromeOptions: {debuggerAddress: localhost:56694}, javascriptEnabled: true, networkConnectionEnabled: false, pageLoadStrategy: normal, platform: MAC, platformName: MAC, proxy: Proxy(), setWindowRect: true, strictFileInteractability: false, timeouts: {implicit: 0, pageLoad: 300000, script: 30000}, unhandledPromptBehavior: dismiss and notify, webauthn:extension:credBlob: true, webauthn:extension:largeBlob: true, webauthn:extension:minPinLength: true, webauthn:extension:prf: true, webauthn:virtualAuthenticators: true}
Session ID: 025f8612653237589d5e206168550168
*** Element info: {Using=xpath, value=//button[contains(text(),'DUYỆT GIAO DỊCH NẠP')]}
	at jdk.internal.reflect.GeneratedConstructorAccessor22.newInstance(Unknown Source)
	at java.base/jdk.internal.reflect.DelegatingConstructorAccessorImpl.newInstance(DelegatingConstructorAccessorImpl.java:45)
	at org.openqa.selenium.remote.http.W3CHttpResponseCodec.createException(W3CHttpResponseCodec.java:187)
	at org.openqa.selenium.remote.http.W3CHttpResponseCodec.decode(W3CHttpResponseCodec.java:122)
	at org.openqa.selenium.remote.http.W3CHttpResponseCodec.decode(W3CHttpResponseCodec.java:49)
	at org.openqa.selenium.remote.HttpCommandExecutor.execute(HttpCommandExecutor.java:158)
	at org.openqa.selenium.remote.service.DriverCommandExecutor.execute(DriverCommandExecutor.java:83)
	at org.openqa.selenium.remote.RemoteWebDriver.execute(RemoteWebDriver.java:552)
	at com.kms.katalon.selenium.driver.CChromeDriver.execute(CChromeDriver.java:19)
	at org.openqa.selenium.remote.RemoteWebDriver.findElement(RemoteWebDriver.java:323)
	at org.openqa.selenium.remote.RemoteWebDriver.findElementByXPath(RemoteWebDriver.java:428)
	at org.openqa.selenium.By$ByXPath.findElement(By.java:353)
	at org.openqa.selenium.remote.RemoteWebDriver.findElement(RemoteWebDriver.java:315)
	at jdk.internal.reflect.GeneratedMethodAccessor9.invoke(Unknown Source)
	at java.base/jdk.internal.reflect.DelegatingMethodAccessorImpl.invoke(DelegatingMethodAccessorImpl.java:43)
	at org.openqa.selenium.support.events.EventFiringWebDriver.lambda$new$1(EventFiringWebDriver.java:105)
	at jdk.proxy2/jdk.proxy2.$Proxy22.findElement(Unknown Source)
	at org.openqa.selenium.support.events.EventFiringWebDriver.findElement(EventFiringWebDriver.java:194)
	at org.openqa.selenium.support.ui.ExpectedConditions$7.apply(ExpectedConditions.java:205)
	at org.openqa.selenium.support.ui.ExpectedConditions$7.apply(ExpectedConditions.java:201)
	at org.openqa.selenium.support.ui.ExpectedConditions$22.apply(ExpectedConditions.java:641)
	at org.openqa.selenium.support.ui.ExpectedConditions$22.apply(ExpectedConditions.java:638)
	at org.openqa.selenium.support.ui.FluentWait.until(FluentWait.java:249)
	... 16 more]]></system-err>
      </testcase>
      <testcase name="Test Cases/Quản lý tài khoản merchant/Quản lý danh sách tài khoản/Nạp tiền/TC_10_Kiểm tra khi chọn ví đúng và chọn loại giao dịch là hoàn phí" time="77.937" classname="Test Cases/Quản lý tài khoản merchant/Quản lý danh sách tài khoản/Nạp tiền/TC_10_Kiểm tra khi chọn ví đúng và chọn loại giao dịch là hoàn phí" status="ERROR">
         <error type="ERROR" message="Test Cases/Quản lý tài khoản merchant/Quản lý danh sách tài khoản/Nạp tiền/TC_10_Kiểm tra khi chọn ví đúng và chọn loại giao dịch là hoàn phí FAILED.&#xa;Reason:&#xa;org.openqa.selenium.TimeoutException: Expected condition failed: waiting for element to be clickable: By.xpath: //button[contains(text(),'DUYỆT GIAO DỊCH NẠP')] (tried for 20 second(s) with 500 milliseconds interval)&#xa;	at org.openqa.selenium.support.ui.WebDriverWait.timeoutException(WebDriverWait.java:95)&#xa;	at org.openqa.selenium.support.ui.FluentWait.until(FluentWait.java:272)&#xa;	at TC_10_Kiểm tra khi chọn ví đúng và chọn loại giao dịch là hoàn phí.run(TC_10_Kiểm tra khi chọn ví đúng và chọn loại giao dịch là hoàn phí:62)&#xa;	at com.kms.katalon.core.main.ScriptEngine.run(ScriptEngine.java:194)&#xa;	at com.kms.katalon.core.main.ScriptEngine.runScriptAsRawText(ScriptEngine.java:119)&#xa;	at com.kms.katalon.core.main.TestCaseExecutor.runScript(TestCaseExecutor.java:448)&#xa;	at com.kms.katalon.core.main.TestCaseExecutor.doExecute(TestCaseExecutor.java:439)&#xa;	at com.kms.katalon.core.main.TestCaseExecutor.processExecutionPhase(TestCaseExecutor.java:418)&#xa;	at com.kms.katalon.core.main.TestCaseExecutor.accessMainPhase(TestCaseExecutor.java:410)&#xa;	at com.kms.katalon.core.main.TestCaseExecutor.execute(TestCaseExecutor.java:285)&#xa;	at com.kms.katalon.core.common.CommonExecutor.accessTestCaseMainPhase(CommonExecutor.java:65)&#xa;	at com.kms.katalon.core.main.TestSuiteExecutor.accessTestSuiteMainPhase(TestSuiteExecutor.java:150)&#xa;	at com.kms.katalon.core.main.TestSuiteExecutor.execute(TestSuiteExecutor.java:106)&#xa;	at com.kms.katalon.core.main.TestCaseMain.startTestSuite(TestCaseMain.java:180)&#xa;	at TempTestSuite1729080368268.run(TempTestSuite1729080368268.groovy:35)&#xa;	at java.base/jdk.internal.reflect.NativeMethodAccessorImpl.invoke0(Native Method)&#xa;	at java.base/jdk.internal.reflect.NativeMethodAccessorImpl.invoke(NativeMethodAccessorImpl.java:77)&#xa;	at java.base/jdk.internal.reflect.DelegatingMethodAccessorImpl.invoke(DelegatingMethodAccessorImpl.java:43)&#xa;Caused by: org.openqa.selenium.NoSuchElementException: no such element: Unable to locate element: {&quot;method&quot;:&quot;xpath&quot;,&quot;selector&quot;:&quot;//button[contains(text(),'DUYỆT GIAO DỊCH NẠP')]&quot;}&#xa;  (Session info: chrome=130.0.6723.59)&#xa;For documentation on this error, please visit: https://www.seleniumhq.org/exceptions/no_such_element.html&#xa;Build info: version: '3.141.59', revision: 'unknown', time: 'unknown'&#xa;System info: host: 'Aidans-Macbook.local', ip: '2405:4803:fd90:9ef0:b0c9:6dde:81ec:56fd%en0', os.name: 'Mac OS X', os.arch: 'aarch64', os.version: '14.5', java.version: '17.0.7'&#xa;Driver info: com.kms.katalon.selenium.driver.CChromeDriver&#xa;Capabilities {acceptInsecureCerts: false, browserName: chrome, browserVersion: 130.0.6723.59, chrome: {chromedriverVersion: 129.0.6668.100 (cf58cba358d..., userDataDir: /var/folders/w1/k98vh2j97rz...}, fedcm:accounts: true, goog:chromeOptions: {debuggerAddress: localhost:56725}, javascriptEnabled: true, networkConnectionEnabled: false, pageLoadStrategy: normal, platform: MAC, platformName: MAC, proxy: Proxy(), setWindowRect: true, strictFileInteractability: false, timeouts: {implicit: 0, pageLoad: 300000, script: 30000}, unhandledPromptBehavior: dismiss and notify, webauthn:extension:credBlob: true, webauthn:extension:largeBlob: true, webauthn:extension:minPinLength: true, webauthn:extension:prf: true, webauthn:virtualAuthenticators: true}&#xa;Session ID: c28e76586374810762278baa0ad6e387&#xa;*** Element info: {Using=xpath, value=//button[contains(text(),'DUYỆT GIAO DỊCH NẠP')]}&#xa;	at jdk.internal.reflect.GeneratedConstructorAccessor22.newInstance(Unknown Source)&#xa;	at java.base/jdk.internal.reflect.DelegatingConstructorAccessorImpl.newInstance(DelegatingConstructorAccessorImpl.java:45)&#xa;	at org.openqa.selenium.remote.http.W3CHttpResponseCodec.createException(W3CHttpResponseCodec.java:187)&#xa;	at org.openqa.selenium.remote.http.W3CHttpResponseCodec.decode(W3CHttpResponseCodec.java:122)&#xa;	at org.openqa.selenium.remote.http.W3CHttpResponseCodec.decode(W3CHttpResponseCodec.java:49)&#xa;	at org.openqa.selenium.remote.HttpCommandExecutor.execute(HttpCommandExecutor.java:158)&#xa;	at org.openqa.selenium.remote.service.DriverCommandExecutor.execute(DriverCommandExecutor.java:83)&#xa;	at org.openqa.selenium.remote.RemoteWebDriver.execute(RemoteWebDriver.java:552)&#xa;	at com.kms.katalon.selenium.driver.CChromeDriver.execute(CChromeDriver.java:19)&#xa;	at org.openqa.selenium.remote.RemoteWebDriver.findElement(RemoteWebDriver.java:323)&#xa;	at org.openqa.selenium.remote.RemoteWebDriver.findElementByXPath(RemoteWebDriver.java:428)&#xa;	at org.openqa.selenium.By$ByXPath.findElement(By.java:353)&#xa;	at org.openqa.selenium.remote.RemoteWebDriver.findElement(RemoteWebDriver.java:315)&#xa;	at jdk.internal.reflect.GeneratedMethodAccessor9.invoke(Unknown Source)&#xa;	at java.base/jdk.internal.reflect.DelegatingMethodAccessorImpl.invoke(DelegatingMethodAccessorImpl.java:43)&#xa;	at org.openqa.selenium.support.events.EventFiringWebDriver.lambda$new$1(EventFiringWebDriver.java:105)&#xa;	at jdk.proxy2/jdk.proxy2.$Proxy22.findElement(Unknown Source)&#xa;	at org.openqa.selenium.support.events.EventFiringWebDriver.findElement(EventFiringWebDriver.java:194)&#xa;	at org.openqa.selenium.support.ui.ExpectedConditions$7.apply(ExpectedConditions.java:205)&#xa;	at org.openqa.selenium.support.ui.ExpectedConditions$7.apply(ExpectedConditions.java:201)&#xa;	at org.openqa.selenium.support.ui.ExpectedConditions$22.apply(ExpectedConditions.java:641)&#xa;	at org.openqa.selenium.support.ui.ExpectedConditions$22.apply(ExpectedConditions.java:638)&#xa;	at org.openqa.selenium.support.ui.FluentWait.until(FluentWait.java:249)&#xa;	... 16 more&#xa;"/>
         <system-out><![CDATA[16-10-2024T19:12:27 - [TEST_CASE][ERROR] - Test Cases/Quản lý tài khoản merchant/Quản lý danh sách tài khoản/Nạp tiền/TC_10_Kiểm tra khi chọn ví đúng và chọn loại giao dịch là hoàn phí: Test Cases/Quản lý tài khoản merchant/Quản lý danh sách tài khoản/Nạp tiền/TC_10_Kiểm tra khi chọn ví đúng và chọn loại giao dịch là hoàn phí FAILED.
Reason:
org.openqa.selenium.TimeoutException: Expected condition failed: waiting for element to be clickable: By.xpath: //button[contains(text(),'DUYỆT GIAO DỊCH NẠP')] (tried for 20 second(s) with 500 milliseconds interval)
	at org.openqa.selenium.support.ui.WebDriverWait.timeoutException(WebDriverWait.java:95)
	at org.openqa.selenium.support.ui.FluentWait.until(FluentWait.java:272)
	at TC_10_Kiểm tra khi chọn ví đúng và chọn loại giao dịch là hoàn phí.run(TC_10_Kiểm tra khi chọn ví đúng và chọn loại giao dịch là hoàn phí:62)
	at com.kms.katalon.core.main.ScriptEngine.run(ScriptEngine.java:194)
	at com.kms.katalon.core.main.ScriptEngine.runScriptAsRawText(ScriptEngine.java:119)
	at com.kms.katalon.core.main.TestCaseExecutor.runScript(TestCaseExecutor.java:448)
	at com.kms.katalon.core.main.TestCaseExecutor.doExecute(TestCaseExecutor.java:439)
	at com.kms.katalon.core.main.TestCaseExecutor.processExecutionPhase(TestCaseExecutor.java:418)
	at com.kms.katalon.core.main.TestCaseExecutor.accessMainPhase(TestCaseExecutor.java:410)
	at com.kms.katalon.core.main.TestCaseExecutor.execute(TestCaseExecutor.java:285)
	at com.kms.katalon.core.common.CommonExecutor.accessTestCaseMainPhase(CommonExecutor.java:65)
	at com.kms.katalon.core.main.TestSuiteExecutor.accessTestSuiteMainPhase(TestSuiteExecutor.java:150)
	at com.kms.katalon.core.main.TestSuiteExecutor.execute(TestSuiteExecutor.java:106)
	at com.kms.katalon.core.main.TestCaseMain.startTestSuite(TestCaseMain.java:180)
	at TempTestSuite1729080368268.run(TempTestSuite1729080368268.groovy:35)
	at java.base/jdk.internal.reflect.NativeMethodAccessorImpl.invoke0(Native Method)
	at java.base/jdk.internal.reflect.NativeMethodAccessorImpl.invoke(NativeMethodAccessorImpl.java:77)
	at java.base/jdk.internal.reflect.DelegatingMethodAccessorImpl.invoke(DelegatingMethodAccessorImpl.java:43)
Caused by: org.openqa.selenium.NoSuchElementException: no such element: Unable to locate element: {"method":"xpath","selector":"//button[contains(text(),'DUYỆT GIAO DỊCH NẠP')]"}
  (Session info: chrome=130.0.6723.59)
For documentation on this error, please visit: https://www.seleniumhq.org/exceptions/no_such_element.html
Build info: version: '3.141.59', revision: 'unknown', time: 'unknown'
System info: host: 'Aidans-Macbook.local', ip: '2405:4803:fd90:9ef0:b0c9:6dde:81ec:56fd%en0', os.name: 'Mac OS X', os.arch: 'aarch64', os.version: '14.5', java.version: '17.0.7'
Driver info: com.kms.katalon.selenium.driver.CChromeDriver
Capabilities {acceptInsecureCerts: false, browserName: chrome, browserVersion: 130.0.6723.59, chrome: {chromedriverVersion: 129.0.6668.100 (cf58cba358d..., userDataDir: /var/folders/w1/k98vh2j97rz...}, fedcm:accounts: true, goog:chromeOptions: {debuggerAddress: localhost:56725}, javascriptEnabled: true, networkConnectionEnabled: false, pageLoadStrategy: normal, platform: MAC, platformName: MAC, proxy: Proxy(), setWindowRect: true, strictFileInteractability: false, timeouts: {implicit: 0, pageLoad: 300000, script: 30000}, unhandledPromptBehavior: dismiss and notify, webauthn:extension:credBlob: true, webauthn:extension:largeBlob: true, webauthn:extension:minPinLength: true, webauthn:extension:prf: true, webauthn:virtualAuthenticators: true}
Session ID: c28e76586374810762278baa0ad6e387
*** Element info: {Using=xpath, value=//button[contains(text(),'DUYỆT GIAO DỊCH NẠP')]}
	at jdk.internal.reflect.GeneratedConstructorAccessor22.newInstance(Unknown Source)
	at java.base/jdk.internal.reflect.DelegatingConstructorAccessorImpl.newInstance(DelegatingConstructorAccessorImpl.java:45)
	at org.openqa.selenium.remote.http.W3CHttpResponseCodec.createException(W3CHttpResponseCodec.java:187)
	at org.openqa.selenium.remote.http.W3CHttpResponseCodec.decode(W3CHttpResponseCodec.java:122)
	at org.openqa.selenium.remote.http.W3CHttpResponseCodec.decode(W3CHttpResponseCodec.java:49)
	at org.openqa.selenium.remote.HttpCommandExecutor.execute(HttpCommandExecutor.java:158)
	at org.openqa.selenium.remote.service.DriverCommandExecutor.execute(DriverCommandExecutor.java:83)
	at org.openqa.selenium.remote.RemoteWebDriver.execute(RemoteWebDriver.java:552)
	at com.kms.katalon.selenium.driver.CChromeDriver.execute(CChromeDriver.java:19)
	at org.openqa.selenium.remote.RemoteWebDriver.findElement(RemoteWebDriver.java:323)
	at org.openqa.selenium.remote.RemoteWebDriver.findElementByXPath(RemoteWebDriver.java:428)
	at org.openqa.selenium.By$ByXPath.findElement(By.java:353)
	at org.openqa.selenium.remote.RemoteWebDriver.findElement(RemoteWebDriver.java:315)
	at jdk.internal.reflect.GeneratedMethodAccessor9.invoke(Unknown Source)
	at java.base/jdk.internal.reflect.DelegatingMethodAccessorImpl.invoke(DelegatingMethodAccessorImpl.java:43)
	at org.openqa.selenium.support.events.EventFiringWebDriver.lambda$new$1(EventFiringWebDriver.java:105)
	at jdk.proxy2/jdk.proxy2.$Proxy22.findElement(Unknown Source)
	at org.openqa.selenium.support.events.EventFiringWebDriver.findElement(EventFiringWebDriver.java:194)
	at org.openqa.selenium.support.ui.ExpectedConditions$7.apply(ExpectedConditions.java:205)
	at org.openqa.selenium.support.ui.ExpectedConditions$7.apply(ExpectedConditions.java:201)
	at org.openqa.selenium.support.ui.ExpectedConditions$22.apply(ExpectedConditions.java:641)
	at org.openqa.selenium.support.ui.ExpectedConditions$22.apply(ExpectedConditions.java:638)
	at org.openqa.selenium.support.ui.FluentWait.until(FluentWait.java:249)
	... 16 more


16-10-2024T19:12:27 - [TEST_STEP][PASSED] - Start listener action : sampleBeforeTestCase: Navigate to 'https://stg-cms-console.9pay.mobi/login' successfully

16-10-2024T19:12:27 - [TEST_STEP][PASSED] - testCaseId = testCaseContext.getTestCaseId(): null

16-10-2024T19:12:27 - [TEST_STEP][PASSED] - url = <not implemented yet for class: org.codehaus.groovy.ast.expr.EmptyExpression>: null

16-10-2024T19:12:27 - [TEST_STEP][PASSED] - if (testCaseId == "Test Cases/Quản lý tài khoản merchant/Quản lý dịch vụ merchant/TC_14_Kiểm tra thay đổi sau khi cấu hình VA trên MCV"): null

16-10-2024T19:12:27 - [TEST_STEP][PASSED] - else: null

16-10-2024T19:12:27 - [TEST_STEP][PASSED] - url = "https://stg-cms-console.9pay.mobi/login": null

16-10-2024T19:12:27 - [TEST_STEP][PASSED] - openBrowser(""): Browser is opened with url: ''

16-10-2024T19:12:27 - [MESSAGE][WARNING] - A browser is already opened. Closing browser and opening a new one

16-10-2024T19:12:27 - [MESSAGE][INFO] - Starting 'Chrome' driver

16-10-2024T19:12:27 - [MESSAGE][INFO] - Action delay is set to 0 milliseconds

16-10-2024T19:12:27 - [MESSAGE][PASSED] - Browser is opened with url: ''

16-10-2024T19:12:27 - [TEST_STEP][PASSED] - maximizeWindow(): Current window maximized

16-10-2024T19:12:28 - [MESSAGE][PASSED] - Current window maximized

16-10-2024T19:12:28 - [TEST_STEP][PASSED] - navigateToUrl(url): Navigate to 'https://stg-cms-console.9pay.mobi/login' successfully

16-10-2024T19:12:31 - [MESSAGE][PASSED] - Navigate to 'https://stg-cms-console.9pay.mobi/login' successfully

16-10-2024T19:12:31 - [TEST_STEP][PASSED] - driver = getWebDriver(): null

16-10-2024T19:12:31 - [TEST_STEP][PASSED] - callTestCase(findTestCase("Test Cases/Login/LoginCommon"), [:], STOP_ON_FAILURE): Call Test Case 'Test Cases/Login/LoginCommon' successfully

16-10-2024T19:12:31 - [TEST_CASE][PASSED] - Test Cases/Login/LoginCommon: Test Cases/Login/LoginCommon

16-10-2024T19:12:31 - [TEST_STEP][PASSED] - driver = getWebDriver(): null

16-10-2024T19:12:31 - [TEST_STEP][PASSED] - sendKeys(findTestObject("Quản lý tài khoản merchant/Quản lý dịch vụ merchant/userNameTextbox"), userAccount): Keys 'dannt@9pay.vn' sent to object: 'Object Repository/Quản lý tài khoản merchant/Quản lý dịch vụ merchant/userNameTextbox'

16-10-2024T19:12:31 - [MESSAGE][PASSED] - Keys 'dannt@9pay.vn' sent to object: 'Object Repository/Quản lý tài khoản merchant/Quản lý dịch vụ merchant/userNameTextbox'

16-10-2024T19:12:31 - [TEST_STEP][PASSED] - sendKeys(findTestObject("Quản lý tài khoản merchant/Quản lý dịch vụ merchant/passwordTextbox"), password): Keys 'dannt@9pay.vn' sent to object: 'Object Repository/Quản lý tài khoản merchant/Quản lý dịch vụ merchant/passwordTextbox'

16-10-2024T19:12:32 - [MESSAGE][PASSED] - Keys 'dannt@9pay.vn' sent to object: 'Object Repository/Quản lý tài khoản merchant/Quản lý dịch vụ merchant/passwordTextbox'

16-10-2024T19:12:32 - [TEST_STEP][PASSED] - click(findTestObject("Quản lý tài khoản merchant/Quản lý dịch vụ merchant/loginButton")): Object: 'Object Repository/Quản lý tài khoản merchant/Quản lý dịch vụ merchant/loginButton' is clicked on

16-10-2024T19:12:32 - [MESSAGE][PASSED] - Object: 'Object Repository/Quản lý tài khoản merchant/Quản lý dịch vụ merchant/loginButton' is clicked on

16-10-2024T19:12:32 - [MESSAGE][PASSED] - Call Test Case 'Test Cases/Login/LoginCommon' successfully

16-10-2024T19:12:32 - [TEST_STEP][PASSED] - waitForElementVisible(findTestObject("Trang chủ/userName"), 10, STOP_ON_FAILURE): Object 'Object Repository/Trang chủ/userName' is visible

16-10-2024T19:12:34 - [MESSAGE][PASSED] - Object 'Object Repository/Trang chủ/userName' is visible

16-10-2024T19:12:34 - [TEST_STEP][PASSED] - callTestCase(findTestCase("Test Cases/Quản lý tài khoản merchant/Quản lý danh sách tài khoản/CustomFunctions Deposit"), [:], STOP_ON_FAILURE): Call Test Case 'Test Cases/Quản lý tài khoản merchant/Quản lý danh sách tài khoản/CustomFunctions Deposit' successfully

16-10-2024T19:12:34 - [TEST_CASE][PASSED] - Test Cases/Quản lý tài khoản merchant/Quản lý danh sách tài khoản/CustomFunctions Deposit: Test Cases/Quản lý tài khoản merchant/Quản lý danh sách tài khoản/CustomFunctions Deposit

16-10-2024T19:12:34 - [TEST_STEP][PASSED] - driver = getWebDriver(): null

16-10-2024T19:12:34 - [TEST_STEP][PASSED] - element1 = driver.findElement(By.xpath("//span[contains(text(),'Quản lý tài khoản merchant')]")): null

16-10-2024T19:12:35 - [TEST_STEP][PASSED] - actions = new org.openqa.selenium.interactions.Actions(driver): null

16-10-2024T19:12:35 - [TEST_STEP][PASSED] - click().perform(): null

16-10-2024T19:12:35 - [TEST_STEP][PASSED] - wait = new org.openqa.selenium.support.ui.WebDriverWait(com.kms.katalon.core.webui.driver.DriverFactory.getWebDriver(), 15): null

16-10-2024T19:12:35 - [TEST_STEP][PASSED] - xpath(xpathManagerListAccount))).click(): null

16-10-2024T19:12:36 - [MESSAGE][PASSED] - Call Test Case 'Test Cases/Quản lý tài khoản merchant/Quản lý danh sách tài khoản/CustomFunctions Deposit' successfully

16-10-2024T19:12:36 - [TEST_STEP][PASSED] - wait = new org.openqa.selenium.support.ui.WebDriverWait(com.kms.katalon.core.webui.driver.DriverFactory.getWebDriver(), 20): null

16-10-2024T19:12:36 - [TEST_STEP][PASSED] - userCode = wait.until(ExpectedConditions.visibilityOfElementLocated(By.xpath(xpathUserCode))): null

16-10-2024T19:12:39 - [TEST_STEP][PASSED] - println(userCode.getText()): null

16-10-2024T19:12:39 - [TEST_STEP][PASSED] - xpath(xpathBtnAccount))).click(): null

16-10-2024T19:12:40 - [TEST_STEP][PASSED] - searchTextbox = wait.until(ExpectedConditions.elementToBeClickable(By.xpath(xpathSearchTextbox))): null

16-10-2024T19:12:40 - [TEST_STEP][PASSED] - searchTextbox.sendKeys("dannt11"): null

16-10-2024T19:12:40 - [TEST_STEP][PASSED] - xpath(xpathOption)).click(): null

16-10-2024T19:12:40 - [TEST_STEP][PASSED] - xpath(xpathBtnSearch)).click(): null

16-10-2024T19:12:41 - [TEST_STEP][PASSED] - wait.until(ExpectedConditions.visibilityOfElementLocated(By.xpath(xpathAccountName))): null

16-10-2024T19:12:41 - [TEST_STEP][PASSED] - startElement = driver.findElement(By.xpath("//strong[contains(text(),'Thu hộ:')]")): null

16-10-2024T19:12:42 - [TEST_STEP][PASSED] - js = driver: null

16-10-2024T19:12:42 - [TEST_STEP][PASSED] - script = "return arguments[0].nextSibling.textContent;": null

16-10-2024T19:12:42 - [TEST_STEP][PASSED] - nextTextNodeContent = js.executeScript(script, startElement): null

16-10-2024T19:12:42 - [TEST_STEP][PASSED] - out.println("Thu ho " + nextTextNodeContent): null

16-10-2024T19:12:42 - [TEST_STEP][PASSED] - numericString = nextTextNodeContent.replaceAll("[^0-9]", ""): null

16-10-2024T19:12:42 - [TEST_STEP][PASSED] - thuHo = Integer.parseInt(numericString): null

16-10-2024T19:12:42 - [TEST_STEP][PASSED] - out.println("Thu ho " + thuHo): null

16-10-2024T19:12:42 - [TEST_STEP][PASSED] - xpath(xpathBtnDeposit)).click(): null

16-10-2024T19:12:42 - [TEST_STEP][PASSED] - wait.until(ExpectedConditions.visibilityOfElementLocated(By.xpath(xpathTextAccount))): null

16-10-2024T19:12:51 - [TEST_STEP][PASSED] - xpath(xpathChonVi)).click(): null

16-10-2024T19:12:51 - [TEST_STEP][PASSED] - xpath(xpathThuHo3)).click(): null

16-10-2024T19:12:52 - [TEST_STEP][PASSED] - xpath(xpathOptionNapTien)).click(): null

16-10-2024T19:12:52 - [TEST_STEP][PASSED] - xpath(xpathOptionHoanPhi)).click(): null

16-10-2024T19:12:52 - [TEST_STEP][PASSED] - xpath(xpathDay)).click(): null

16-10-2024T19:12:53 - [TEST_STEP][PASSED] - xpath(xpathHomNay)).click(): null

16-10-2024T19:12:53 - [TEST_STEP][PASSED] - xpath(xpathBtnContinue)).click(): null

16-10-2024T19:12:54 - [TEST_STEP][PASSED] - try: null

16-10-2024T19:12:54 - [TEST_STEP][PASSED] - popupDS = wait.until(ExpectedConditions.visibilityOfElementLocated(By.xpath("//p[contains(text(),'Đã tồn tại kỳ đối soát trước đó, Bạn có chắc chắn ')]"))): null

16-10-2024T19:13:14 - [TEST_STEP][PASSED] - catch (org.openqa.selenium.TimeoutException e): null

16-10-2024T19:13:14 - [TEST_STEP][PASSED] - println("Popup không xuất hiện, tiếp tục thực hiện giao dịch."): null

16-10-2024T19:13:14 - [TEST_STEP][PASSED] - xpath(xpathDepositTextbox)).sendKeys("150000"): null

16-10-2024T19:13:14 - [TEST_STEP][PASSED] - xpath(xpathButtonSubmit)).click(): null

16-10-2024T19:13:15 - [TEST_STEP][ERROR] - wait.until(ExpectedConditions.elementToBeClickable(By.xpath(xpathDuyetGDNap))): Test Cases/Quản lý tài khoản merchant/Quản lý danh sách tài khoản/Nạp tiền/TC_10_Kiểm tra khi chọn ví đúng và chọn loại giao dịch là hoàn phí FAILED.
Reason:
org.openqa.selenium.TimeoutException: Expected condition failed: waiting for element to be clickable: By.xpath: //button[contains(text(),'DUYỆT GIAO DỊCH NẠP')] (tried for 20 second(s) with 500 milliseconds interval)
	at org.openqa.selenium.support.ui.WebDriverWait.timeoutException(WebDriverWait.java:95)
	at org.openqa.selenium.support.ui.FluentWait.until(FluentWait.java:272)
	at TC_10_Kiểm tra khi chọn ví đúng và chọn loại giao dịch là hoàn phí.run(TC_10_Kiểm tra khi chọn ví đúng và chọn loại giao dịch là hoàn phí:62)
	at com.kms.katalon.core.main.ScriptEngine.run(ScriptEngine.java:194)
	at com.kms.katalon.core.main.ScriptEngine.runScriptAsRawText(ScriptEngine.java:119)
	at com.kms.katalon.core.main.TestCaseExecutor.runScript(TestCaseExecutor.java:448)
	at com.kms.katalon.core.main.TestCaseExecutor.doExecute(TestCaseExecutor.java:439)
	at com.kms.katalon.core.main.TestCaseExecutor.processExecutionPhase(TestCaseExecutor.java:418)
	at com.kms.katalon.core.main.TestCaseExecutor.accessMainPhase(TestCaseExecutor.java:410)
	at com.kms.katalon.core.main.TestCaseExecutor.execute(TestCaseExecutor.java:285)
	at com.kms.katalon.core.common.CommonExecutor.accessTestCaseMainPhase(CommonExecutor.java:65)
	at com.kms.katalon.core.main.TestSuiteExecutor.accessTestSuiteMainPhase(TestSuiteExecutor.java:150)
	at com.kms.katalon.core.main.TestSuiteExecutor.execute(TestSuiteExecutor.java:106)
	at com.kms.katalon.core.main.TestCaseMain.startTestSuite(TestCaseMain.java:180)
	at TempTestSuite1729080368268.run(TempTestSuite1729080368268.groovy:35)
	at java.base/jdk.internal.reflect.NativeMethodAccessorImpl.invoke0(Native Method)
	at java.base/jdk.internal.reflect.NativeMethodAccessorImpl.invoke(NativeMethodAccessorImpl.java:77)
	at java.base/jdk.internal.reflect.DelegatingMethodAccessorImpl.invoke(DelegatingMethodAccessorImpl.java:43)
Caused by: org.openqa.selenium.NoSuchElementException: no such element: Unable to locate element: {"method":"xpath","selector":"//button[contains(text(),'DUYỆT GIAO DỊCH NẠP')]"}
  (Session info: chrome=130.0.6723.59)
For documentation on this error, please visit: https://www.seleniumhq.org/exceptions/no_such_element.html
Build info: version: '3.141.59', revision: 'unknown', time: 'unknown'
System info: host: 'Aidans-Macbook.local', ip: '2405:4803:fd90:9ef0:b0c9:6dde:81ec:56fd%en0', os.name: 'Mac OS X', os.arch: 'aarch64', os.version: '14.5', java.version: '17.0.7'
Driver info: com.kms.katalon.selenium.driver.CChromeDriver
Capabilities {acceptInsecureCerts: false, browserName: chrome, browserVersion: 130.0.6723.59, chrome: {chromedriverVersion: 129.0.6668.100 (cf58cba358d..., userDataDir: /var/folders/w1/k98vh2j97rz...}, fedcm:accounts: true, goog:chromeOptions: {debuggerAddress: localhost:56725}, javascriptEnabled: true, networkConnectionEnabled: false, pageLoadStrategy: normal, platform: MAC, platformName: MAC, proxy: Proxy(), setWindowRect: true, strictFileInteractability: false, timeouts: {implicit: 0, pageLoad: 300000, script: 30000}, unhandledPromptBehavior: dismiss and notify, webauthn:extension:credBlob: true, webauthn:extension:largeBlob: true, webauthn:extension:minPinLength: true, webauthn:extension:prf: true, webauthn:virtualAuthenticators: true}
Session ID: c28e76586374810762278baa0ad6e387
*** Element info: {Using=xpath, value=//button[contains(text(),'DUYỆT GIAO DỊCH NẠP')]}
	at jdk.internal.reflect.GeneratedConstructorAccessor22.newInstance(Unknown Source)
	at java.base/jdk.internal.reflect.DelegatingConstructorAccessorImpl.newInstance(DelegatingConstructorAccessorImpl.java:45)
	at org.openqa.selenium.remote.http.W3CHttpResponseCodec.createException(W3CHttpResponseCodec.java:187)
	at org.openqa.selenium.remote.http.W3CHttpResponseCodec.decode(W3CHttpResponseCodec.java:122)
	at org.openqa.selenium.remote.http.W3CHttpResponseCodec.decode(W3CHttpResponseCodec.java:49)
	at org.openqa.selenium.remote.HttpCommandExecutor.execute(HttpCommandExecutor.java:158)
	at org.openqa.selenium.remote.service.DriverCommandExecutor.execute(DriverCommandExecutor.java:83)
	at org.openqa.selenium.remote.RemoteWebDriver.execute(RemoteWebDriver.java:552)
	at com.kms.katalon.selenium.driver.CChromeDriver.execute(CChromeDriver.java:19)
	at org.openqa.selenium.remote.RemoteWebDriver.findElement(RemoteWebDriver.java:323)
	at org.openqa.selenium.remote.RemoteWebDriver.findElementByXPath(RemoteWebDriver.java:428)
	at org.openqa.selenium.By$ByXPath.findElement(By.java:353)
	at org.openqa.selenium.remote.RemoteWebDriver.findElement(RemoteWebDriver.java:315)
	at jdk.internal.reflect.GeneratedMethodAccessor9.invoke(Unknown Source)
	at java.base/jdk.internal.reflect.DelegatingMethodAccessorImpl.invoke(DelegatingMethodAccessorImpl.java:43)
	at org.openqa.selenium.support.events.EventFiringWebDriver.lambda$new$1(EventFiringWebDriver.java:105)
	at jdk.proxy2/jdk.proxy2.$Proxy22.findElement(Unknown Source)
	at org.openqa.selenium.support.events.EventFiringWebDriver.findElement(EventFiringWebDriver.java:194)
	at org.openqa.selenium.support.ui.ExpectedConditions$7.apply(ExpectedConditions.java:205)
	at org.openqa.selenium.support.ui.ExpectedConditions$7.apply(ExpectedConditions.java:201)
	at org.openqa.selenium.support.ui.ExpectedConditions$22.apply(ExpectedConditions.java:641)
	at org.openqa.selenium.support.ui.ExpectedConditions$22.apply(ExpectedConditions.java:638)
	at org.openqa.selenium.support.ui.FluentWait.until(FluentWait.java:249)
	at Script1722409366925.run(Script1722409366925.groovy:62)
	... 15 more


16-10-2024T19:13:45 - [MESSAGE][ERROR] - Test Cases/Quản lý tài khoản merchant/Quản lý danh sách tài khoản/Nạp tiền/TC_10_Kiểm tra khi chọn ví đúng và chọn loại giao dịch là hoàn phí FAILED.
Reason:
org.openqa.selenium.TimeoutException: Expected condition failed: waiting for element to be clickable: By.xpath: //button[contains(text(),'DUYỆT GIAO DỊCH NẠP')] (tried for 20 second(s) with 500 milliseconds interval)
	at org.openqa.selenium.support.ui.WebDriverWait.timeoutException(WebDriverWait.java:95)
	at org.openqa.selenium.support.ui.FluentWait.until(FluentWait.java:272)
	at TC_10_Kiểm tra khi chọn ví đúng và chọn loại giao dịch là hoàn phí.run(TC_10_Kiểm tra khi chọn ví đúng và chọn loại giao dịch là hoàn phí:62)
	at com.kms.katalon.core.main.ScriptEngine.run(ScriptEngine.java:194)
	at com.kms.katalon.core.main.ScriptEngine.runScriptAsRawText(ScriptEngine.java:119)
	at com.kms.katalon.core.main.TestCaseExecutor.runScript(TestCaseExecutor.java:448)
	at com.kms.katalon.core.main.TestCaseExecutor.doExecute(TestCaseExecutor.java:439)
	at com.kms.katalon.core.main.TestCaseExecutor.processExecutionPhase(TestCaseExecutor.java:418)
	at com.kms.katalon.core.main.TestCaseExecutor.accessMainPhase(TestCaseExecutor.java:410)
	at com.kms.katalon.core.main.TestCaseExecutor.execute(TestCaseExecutor.java:285)
	at com.kms.katalon.core.common.CommonExecutor.accessTestCaseMainPhase(CommonExecutor.java:65)
	at com.kms.katalon.core.main.TestSuiteExecutor.accessTestSuiteMainPhase(TestSuiteExecutor.java:150)
	at com.kms.katalon.core.main.TestSuiteExecutor.execute(TestSuiteExecutor.java:106)
	at com.kms.katalon.core.main.TestCaseMain.startTestSuite(TestCaseMain.java:180)
	at TempTestSuite1729080368268.run(TempTestSuite1729080368268.groovy:35)
	at java.base/jdk.internal.reflect.NativeMethodAccessorImpl.invoke0(Native Method)
	at java.base/jdk.internal.reflect.NativeMethodAccessorImpl.invoke(NativeMethodAccessorImpl.java:77)
	at java.base/jdk.internal.reflect.DelegatingMethodAccessorImpl.invoke(DelegatingMethodAccessorImpl.java:43)
Caused by: org.openqa.selenium.NoSuchElementException: no such element: Unable to locate element: {"method":"xpath","selector":"//button[contains(text(),'DUYỆT GIAO DỊCH NẠP')]"}
  (Session info: chrome=130.0.6723.59)
For documentation on this error, please visit: https://www.seleniumhq.org/exceptions/no_such_element.html
Build info: version: '3.141.59', revision: 'unknown', time: 'unknown'
System info: host: 'Aidans-Macbook.local', ip: '2405:4803:fd90:9ef0:b0c9:6dde:81ec:56fd%en0', os.name: 'Mac OS X', os.arch: 'aarch64', os.version: '14.5', java.version: '17.0.7'
Driver info: com.kms.katalon.selenium.driver.CChromeDriver
Capabilities {acceptInsecureCerts: false, browserName: chrome, browserVersion: 130.0.6723.59, chrome: {chromedriverVersion: 129.0.6668.100 (cf58cba358d..., userDataDir: /var/folders/w1/k98vh2j97rz...}, fedcm:accounts: true, goog:chromeOptions: {debuggerAddress: localhost:56725}, javascriptEnabled: true, networkConnectionEnabled: false, pageLoadStrategy: normal, platform: MAC, platformName: MAC, proxy: Proxy(), setWindowRect: true, strictFileInteractability: false, timeouts: {implicit: 0, pageLoad: 300000, script: 30000}, unhandledPromptBehavior: dismiss and notify, webauthn:extension:credBlob: true, webauthn:extension:largeBlob: true, webauthn:extension:minPinLength: true, webauthn:extension:prf: true, webauthn:virtualAuthenticators: true}
Session ID: c28e76586374810762278baa0ad6e387
*** Element info: {Using=xpath, value=//button[contains(text(),'DUYỆT GIAO DỊCH NẠP')]}
	at jdk.internal.reflect.GeneratedConstructorAccessor22.newInstance(Unknown Source)
	at java.base/jdk.internal.reflect.DelegatingConstructorAccessorImpl.newInstance(DelegatingConstructorAccessorImpl.java:45)
	at org.openqa.selenium.remote.http.W3CHttpResponseCodec.createException(W3CHttpResponseCodec.java:187)
	at org.openqa.selenium.remote.http.W3CHttpResponseCodec.decode(W3CHttpResponseCodec.java:122)
	at org.openqa.selenium.remote.http.W3CHttpResponseCodec.decode(W3CHttpResponseCodec.java:49)
	at org.openqa.selenium.remote.HttpCommandExecutor.execute(HttpCommandExecutor.java:158)
	at org.openqa.selenium.remote.service.DriverCommandExecutor.execute(DriverCommandExecutor.java:83)
	at org.openqa.selenium.remote.RemoteWebDriver.execute(RemoteWebDriver.java:552)
	at com.kms.katalon.selenium.driver.CChromeDriver.execute(CChromeDriver.java:19)
	at org.openqa.selenium.remote.RemoteWebDriver.findElement(RemoteWebDriver.java:323)
	at org.openqa.selenium.remote.RemoteWebDriver.findElementByXPath(RemoteWebDriver.java:428)
	at org.openqa.selenium.By$ByXPath.findElement(By.java:353)
	at org.openqa.selenium.remote.RemoteWebDriver.findElement(RemoteWebDriver.java:315)
	at jdk.internal.reflect.GeneratedMethodAccessor9.invoke(Unknown Source)
	at java.base/jdk.internal.reflect.DelegatingMethodAccessorImpl.invoke(DelegatingMethodAccessorImpl.java:43)
	at org.openqa.selenium.support.events.EventFiringWebDriver.lambda$new$1(EventFiringWebDriver.java:105)
	at jdk.proxy2/jdk.proxy2.$Proxy22.findElement(Unknown Source)
	at org.openqa.selenium.support.events.EventFiringWebDriver.findElement(EventFiringWebDriver.java:194)
	at org.openqa.selenium.support.ui.ExpectedConditions$7.apply(ExpectedConditions.java:205)
	at org.openqa.selenium.support.ui.ExpectedConditions$7.apply(ExpectedConditions.java:201)
	at org.openqa.selenium.support.ui.ExpectedConditions$22.apply(ExpectedConditions.java:641)
	at org.openqa.selenium.support.ui.ExpectedConditions$22.apply(ExpectedConditions.java:638)
	at org.openqa.selenium.support.ui.FluentWait.until(FluentWait.java:249)
	at Script1722409366925.run(Script1722409366925.groovy:62)
	... 15 more


16-10-2024T19:13:45 - [TEST_STEP][PASSED] - Start listener action : sampleAfterTestCase: null

16-10-2024T19:13:45 - [TEST_STEP][PASSED] - testCaseId = testCaseContext.getTestCaseId(): null

16-10-2024T19:13:45 - [TEST_STEP][PASSED] - if (testCaseId == "Test Cases/Quản lý tài khoản merchant/Quản lý dịch vụ merchant/TC_13_Kiểm tra chức năng xác nhận cấu hình thay đổi VA"): null]]></system-out>
         <system-err><![CDATA[16-10-2024T19:12:27 - [TEST_CASE][ERROR] - Test Cases/Quản lý tài khoản merchant/Quản lý danh sách tài khoản/Nạp tiền/TC_10_Kiểm tra khi chọn ví đúng và chọn loại giao dịch là hoàn phí: Test Cases/Quản lý tài khoản merchant/Quản lý danh sách tài khoản/Nạp tiền/TC_10_Kiểm tra khi chọn ví đúng và chọn loại giao dịch là hoàn phí FAILED.
Reason:
org.openqa.selenium.TimeoutException: Expected condition failed: waiting for element to be clickable: By.xpath: //button[contains(text(),'DUYỆT GIAO DỊCH NẠP')] (tried for 20 second(s) with 500 milliseconds interval)
	at org.openqa.selenium.support.ui.WebDriverWait.timeoutException(WebDriverWait.java:95)
	at org.openqa.selenium.support.ui.FluentWait.until(FluentWait.java:272)
	at TC_10_Kiểm tra khi chọn ví đúng và chọn loại giao dịch là hoàn phí.run(TC_10_Kiểm tra khi chọn ví đúng và chọn loại giao dịch là hoàn phí:62)
	at com.kms.katalon.core.main.ScriptEngine.run(ScriptEngine.java:194)
	at com.kms.katalon.core.main.ScriptEngine.runScriptAsRawText(ScriptEngine.java:119)
	at com.kms.katalon.core.main.TestCaseExecutor.runScript(TestCaseExecutor.java:448)
	at com.kms.katalon.core.main.TestCaseExecutor.doExecute(TestCaseExecutor.java:439)
	at com.kms.katalon.core.main.TestCaseExecutor.processExecutionPhase(TestCaseExecutor.java:418)
	at com.kms.katalon.core.main.TestCaseExecutor.accessMainPhase(TestCaseExecutor.java:410)
	at com.kms.katalon.core.main.TestCaseExecutor.execute(TestCaseExecutor.java:285)
	at com.kms.katalon.core.common.CommonExecutor.accessTestCaseMainPhase(CommonExecutor.java:65)
	at com.kms.katalon.core.main.TestSuiteExecutor.accessTestSuiteMainPhase(TestSuiteExecutor.java:150)
	at com.kms.katalon.core.main.TestSuiteExecutor.execute(TestSuiteExecutor.java:106)
	at com.kms.katalon.core.main.TestCaseMain.startTestSuite(TestCaseMain.java:180)
	at TempTestSuite1729080368268.run(TempTestSuite1729080368268.groovy:35)
	at java.base/jdk.internal.reflect.NativeMethodAccessorImpl.invoke0(Native Method)
	at java.base/jdk.internal.reflect.NativeMethodAccessorImpl.invoke(NativeMethodAccessorImpl.java:77)
	at java.base/jdk.internal.reflect.DelegatingMethodAccessorImpl.invoke(DelegatingMethodAccessorImpl.java:43)
Caused by: org.openqa.selenium.NoSuchElementException: no such element: Unable to locate element: {"method":"xpath","selector":"//button[contains(text(),'DUYỆT GIAO DỊCH NẠP')]"}
  (Session info: chrome=130.0.6723.59)
For documentation on this error, please visit: https://www.seleniumhq.org/exceptions/no_such_element.html
Build info: version: '3.141.59', revision: 'unknown', time: 'unknown'
System info: host: 'Aidans-Macbook.local', ip: '2405:4803:fd90:9ef0:b0c9:6dde:81ec:56fd%en0', os.name: 'Mac OS X', os.arch: 'aarch64', os.version: '14.5', java.version: '17.0.7'
Driver info: com.kms.katalon.selenium.driver.CChromeDriver
Capabilities {acceptInsecureCerts: false, browserName: chrome, browserVersion: 130.0.6723.59, chrome: {chromedriverVersion: 129.0.6668.100 (cf58cba358d..., userDataDir: /var/folders/w1/k98vh2j97rz...}, fedcm:accounts: true, goog:chromeOptions: {debuggerAddress: localhost:56725}, javascriptEnabled: true, networkConnectionEnabled: false, pageLoadStrategy: normal, platform: MAC, platformName: MAC, proxy: Proxy(), setWindowRect: true, strictFileInteractability: false, timeouts: {implicit: 0, pageLoad: 300000, script: 30000}, unhandledPromptBehavior: dismiss and notify, webauthn:extension:credBlob: true, webauthn:extension:largeBlob: true, webauthn:extension:minPinLength: true, webauthn:extension:prf: true, webauthn:virtualAuthenticators: true}
Session ID: c28e76586374810762278baa0ad6e387
*** Element info: {Using=xpath, value=//button[contains(text(),'DUYỆT GIAO DỊCH NẠP')]}
	at jdk.internal.reflect.GeneratedConstructorAccessor22.newInstance(Unknown Source)
	at java.base/jdk.internal.reflect.DelegatingConstructorAccessorImpl.newInstance(DelegatingConstructorAccessorImpl.java:45)
	at org.openqa.selenium.remote.http.W3CHttpResponseCodec.createException(W3CHttpResponseCodec.java:187)
	at org.openqa.selenium.remote.http.W3CHttpResponseCodec.decode(W3CHttpResponseCodec.java:122)
	at org.openqa.selenium.remote.http.W3CHttpResponseCodec.decode(W3CHttpResponseCodec.java:49)
	at org.openqa.selenium.remote.HttpCommandExecutor.execute(HttpCommandExecutor.java:158)
	at org.openqa.selenium.remote.service.DriverCommandExecutor.execute(DriverCommandExecutor.java:83)
	at org.openqa.selenium.remote.RemoteWebDriver.execute(RemoteWebDriver.java:552)
	at com.kms.katalon.selenium.driver.CChromeDriver.execute(CChromeDriver.java:19)
	at org.openqa.selenium.remote.RemoteWebDriver.findElement(RemoteWebDriver.java:323)
	at org.openqa.selenium.remote.RemoteWebDriver.findElementByXPath(RemoteWebDriver.java:428)
	at org.openqa.selenium.By$ByXPath.findElement(By.java:353)
	at org.openqa.selenium.remote.RemoteWebDriver.findElement(RemoteWebDriver.java:315)
	at jdk.internal.reflect.GeneratedMethodAccessor9.invoke(Unknown Source)
	at java.base/jdk.internal.reflect.DelegatingMethodAccessorImpl.invoke(DelegatingMethodAccessorImpl.java:43)
	at org.openqa.selenium.support.events.EventFiringWebDriver.lambda$new$1(EventFiringWebDriver.java:105)
	at jdk.proxy2/jdk.proxy2.$Proxy22.findElement(Unknown Source)
	at org.openqa.selenium.support.events.EventFiringWebDriver.findElement(EventFiringWebDriver.java:194)
	at org.openqa.selenium.support.ui.ExpectedConditions$7.apply(ExpectedConditions.java:205)
	at org.openqa.selenium.support.ui.ExpectedConditions$7.apply(ExpectedConditions.java:201)
	at org.openqa.selenium.support.ui.ExpectedConditions$22.apply(ExpectedConditions.java:641)
	at org.openqa.selenium.support.ui.ExpectedConditions$22.apply(ExpectedConditions.java:638)
	at org.openqa.selenium.support.ui.FluentWait.until(FluentWait.java:249)
	... 16 more]]></system-err>
      </testcase>
      <testcase name="Test Cases/Quản lý tài khoản merchant/Quản lý danh sách tài khoản/Nạp tiền/TC_11_Kiểm tra khi hoàn tiền sau khi đã duyệt" time="80.978" classname="Test Cases/Quản lý tài khoản merchant/Quản lý danh sách tài khoản/Nạp tiền/TC_11_Kiểm tra khi hoàn tiền sau khi đã duyệt" status="ERROR">
         <error type="ERROR" message="Test Cases/Quản lý tài khoản merchant/Quản lý danh sách tài khoản/Nạp tiền/TC_11_Kiểm tra khi hoàn tiền sau khi đã duyệt FAILED.&#xa;Reason:&#xa;org.openqa.selenium.TimeoutException: Expected condition failed: waiting for element to be clickable: By.xpath: //button[contains(text(),'DUYỆT GIAO DỊCH NẠP')] (tried for 20 second(s) with 500 milliseconds interval)&#xa;	at org.openqa.selenium.support.ui.WebDriverWait.timeoutException(WebDriverWait.java:95)&#xa;	at org.openqa.selenium.support.ui.FluentWait.until(FluentWait.java:272)&#xa;	at TC_11_Kiểm tra khi hoàn tiền sau khi đã duyệt.run(TC_11_Kiểm tra khi hoàn tiền sau khi đã duyệt:61)&#xa;	at com.kms.katalon.core.main.ScriptEngine.run(ScriptEngine.java:194)&#xa;	at com.kms.katalon.core.main.ScriptEngine.runScriptAsRawText(ScriptEngine.java:119)&#xa;	at com.kms.katalon.core.main.TestCaseExecutor.runScript(TestCaseExecutor.java:448)&#xa;	at com.kms.katalon.core.main.TestCaseExecutor.doExecute(TestCaseExecutor.java:439)&#xa;	at com.kms.katalon.core.main.TestCaseExecutor.processExecutionPhase(TestCaseExecutor.java:418)&#xa;	at com.kms.katalon.core.main.TestCaseExecutor.accessMainPhase(TestCaseExecutor.java:410)&#xa;	at com.kms.katalon.core.main.TestCaseExecutor.execute(TestCaseExecutor.java:285)&#xa;	at com.kms.katalon.core.common.CommonExecutor.accessTestCaseMainPhase(CommonExecutor.java:65)&#xa;	at com.kms.katalon.core.main.TestSuiteExecutor.accessTestSuiteMainPhase(TestSuiteExecutor.java:150)&#xa;	at com.kms.katalon.core.main.TestSuiteExecutor.execute(TestSuiteExecutor.java:106)&#xa;	at com.kms.katalon.core.main.TestCaseMain.startTestSuite(TestCaseMain.java:180)&#xa;	at TempTestSuite1729080368268.run(TempTestSuite1729080368268.groovy:35)&#xa;	at java.base/jdk.internal.reflect.NativeMethodAccessorImpl.invoke0(Native Method)&#xa;	at java.base/jdk.internal.reflect.NativeMethodAccessorImpl.invoke(NativeMethodAccessorImpl.java:77)&#xa;	at java.base/jdk.internal.reflect.DelegatingMethodAccessorImpl.invoke(DelegatingMethodAccessorImpl.java:43)&#xa;Caused by: org.openqa.selenium.NoSuchElementException: no such element: Unable to locate element: {&quot;method&quot;:&quot;xpath&quot;,&quot;selector&quot;:&quot;//button[contains(text(),'DUYỆT GIAO DỊCH NẠP')]&quot;}&#xa;  (Session info: chrome=130.0.6723.59)&#xa;For documentation on this error, please visit: https://www.seleniumhq.org/exceptions/no_such_element.html&#xa;Build info: version: '3.141.59', revision: 'unknown', time: 'unknown'&#xa;System info: host: 'Aidans-Macbook.local', ip: '2405:4803:fd90:9ef0:b0c9:6dde:81ec:56fd%en0', os.name: 'Mac OS X', os.arch: 'aarch64', os.version: '14.5', java.version: '17.0.7'&#xa;Driver info: com.kms.katalon.selenium.driver.CChromeDriver&#xa;Capabilities {acceptInsecureCerts: false, browserName: chrome, browserVersion: 130.0.6723.59, chrome: {chromedriverVersion: 129.0.6668.100 (cf58cba358d..., userDataDir: /var/folders/w1/k98vh2j97rz...}, fedcm:accounts: true, goog:chromeOptions: {debuggerAddress: localhost:56754}, javascriptEnabled: true, networkConnectionEnabled: false, pageLoadStrategy: normal, platform: MAC, platformName: MAC, proxy: Proxy(), setWindowRect: true, strictFileInteractability: false, timeouts: {implicit: 0, pageLoad: 300000, script: 30000}, unhandledPromptBehavior: dismiss and notify, webauthn:extension:credBlob: true, webauthn:extension:largeBlob: true, webauthn:extension:minPinLength: true, webauthn:extension:prf: true, webauthn:virtualAuthenticators: true}&#xa;Session ID: e4040168295277cd300e54610ade0a18&#xa;*** Element info: {Using=xpath, value=//button[contains(text(),'DUYỆT GIAO DỊCH NẠP')]}&#xa;	at jdk.internal.reflect.GeneratedConstructorAccessor22.newInstance(Unknown Source)&#xa;	at java.base/jdk.internal.reflect.DelegatingConstructorAccessorImpl.newInstance(DelegatingConstructorAccessorImpl.java:45)&#xa;	at org.openqa.selenium.remote.http.W3CHttpResponseCodec.createException(W3CHttpResponseCodec.java:187)&#xa;	at org.openqa.selenium.remote.http.W3CHttpResponseCodec.decode(W3CHttpResponseCodec.java:122)&#xa;	at org.openqa.selenium.remote.http.W3CHttpResponseCodec.decode(W3CHttpResponseCodec.java:49)&#xa;	at org.openqa.selenium.remote.HttpCommandExecutor.execute(HttpCommandExecutor.java:158)&#xa;	at org.openqa.selenium.remote.service.DriverCommandExecutor.execute(DriverCommandExecutor.java:83)&#xa;	at org.openqa.selenium.remote.RemoteWebDriver.execute(RemoteWebDriver.java:552)&#xa;	at com.kms.katalon.selenium.driver.CChromeDriver.execute(CChromeDriver.java:19)&#xa;	at org.openqa.selenium.remote.RemoteWebDriver.findElement(RemoteWebDriver.java:323)&#xa;	at org.openqa.selenium.remote.RemoteWebDriver.findElementByXPath(RemoteWebDriver.java:428)&#xa;	at org.openqa.selenium.By$ByXPath.findElement(By.java:353)&#xa;	at org.openqa.selenium.remote.RemoteWebDriver.findElement(RemoteWebDriver.java:315)&#xa;	at jdk.internal.reflect.GeneratedMethodAccessor9.invoke(Unknown Source)&#xa;	at java.base/jdk.internal.reflect.DelegatingMethodAccessorImpl.invoke(DelegatingMethodAccessorImpl.java:43)&#xa;	at org.openqa.selenium.support.events.EventFiringWebDriver.lambda$new$1(EventFiringWebDriver.java:105)&#xa;	at jdk.proxy2/jdk.proxy2.$Proxy22.findElement(Unknown Source)&#xa;	at org.openqa.selenium.support.events.EventFiringWebDriver.findElement(EventFiringWebDriver.java:194)&#xa;	at org.openqa.selenium.support.ui.ExpectedConditions$7.apply(ExpectedConditions.java:205)&#xa;	at org.openqa.selenium.support.ui.ExpectedConditions$7.apply(ExpectedConditions.java:201)&#xa;	at org.openqa.selenium.support.ui.ExpectedConditions$22.apply(ExpectedConditions.java:641)&#xa;	at org.openqa.selenium.support.ui.ExpectedConditions$22.apply(ExpectedConditions.java:638)&#xa;	at org.openqa.selenium.support.ui.FluentWait.until(FluentWait.java:249)&#xa;	... 16 more&#xa;"/>
         <system-out><![CDATA[16-10-2024T19:13:45 - [TEST_CASE][ERROR] - Test Cases/Quản lý tài khoản merchant/Quản lý danh sách tài khoản/Nạp tiền/TC_11_Kiểm tra khi hoàn tiền sau khi đã duyệt: Test Cases/Quản lý tài khoản merchant/Quản lý danh sách tài khoản/Nạp tiền/TC_11_Kiểm tra khi hoàn tiền sau khi đã duyệt FAILED.
Reason:
org.openqa.selenium.TimeoutException: Expected condition failed: waiting for element to be clickable: By.xpath: //button[contains(text(),'DUYỆT GIAO DỊCH NẠP')] (tried for 20 second(s) with 500 milliseconds interval)
	at org.openqa.selenium.support.ui.WebDriverWait.timeoutException(WebDriverWait.java:95)
	at org.openqa.selenium.support.ui.FluentWait.until(FluentWait.java:272)
	at TC_11_Kiểm tra khi hoàn tiền sau khi đã duyệt.run(TC_11_Kiểm tra khi hoàn tiền sau khi đã duyệt:61)
	at com.kms.katalon.core.main.ScriptEngine.run(ScriptEngine.java:194)
	at com.kms.katalon.core.main.ScriptEngine.runScriptAsRawText(ScriptEngine.java:119)
	at com.kms.katalon.core.main.TestCaseExecutor.runScript(TestCaseExecutor.java:448)
	at com.kms.katalon.core.main.TestCaseExecutor.doExecute(TestCaseExecutor.java:439)
	at com.kms.katalon.core.main.TestCaseExecutor.processExecutionPhase(TestCaseExecutor.java:418)
	at com.kms.katalon.core.main.TestCaseExecutor.accessMainPhase(TestCaseExecutor.java:410)
	at com.kms.katalon.core.main.TestCaseExecutor.execute(TestCaseExecutor.java:285)
	at com.kms.katalon.core.common.CommonExecutor.accessTestCaseMainPhase(CommonExecutor.java:65)
	at com.kms.katalon.core.main.TestSuiteExecutor.accessTestSuiteMainPhase(TestSuiteExecutor.java:150)
	at com.kms.katalon.core.main.TestSuiteExecutor.execute(TestSuiteExecutor.java:106)
	at com.kms.katalon.core.main.TestCaseMain.startTestSuite(TestCaseMain.java:180)
	at TempTestSuite1729080368268.run(TempTestSuite1729080368268.groovy:35)
	at java.base/jdk.internal.reflect.NativeMethodAccessorImpl.invoke0(Native Method)
	at java.base/jdk.internal.reflect.NativeMethodAccessorImpl.invoke(NativeMethodAccessorImpl.java:77)
	at java.base/jdk.internal.reflect.DelegatingMethodAccessorImpl.invoke(DelegatingMethodAccessorImpl.java:43)
Caused by: org.openqa.selenium.NoSuchElementException: no such element: Unable to locate element: {"method":"xpath","selector":"//button[contains(text(),'DUYỆT GIAO DỊCH NẠP')]"}
  (Session info: chrome=130.0.6723.59)
For documentation on this error, please visit: https://www.seleniumhq.org/exceptions/no_such_element.html
Build info: version: '3.141.59', revision: 'unknown', time: 'unknown'
System info: host: 'Aidans-Macbook.local', ip: '2405:4803:fd90:9ef0:b0c9:6dde:81ec:56fd%en0', os.name: 'Mac OS X', os.arch: 'aarch64', os.version: '14.5', java.version: '17.0.7'
Driver info: com.kms.katalon.selenium.driver.CChromeDriver
Capabilities {acceptInsecureCerts: false, browserName: chrome, browserVersion: 130.0.6723.59, chrome: {chromedriverVersion: 129.0.6668.100 (cf58cba358d..., userDataDir: /var/folders/w1/k98vh2j97rz...}, fedcm:accounts: true, goog:chromeOptions: {debuggerAddress: localhost:56754}, javascriptEnabled: true, networkConnectionEnabled: false, pageLoadStrategy: normal, platform: MAC, platformName: MAC, proxy: Proxy(), setWindowRect: true, strictFileInteractability: false, timeouts: {implicit: 0, pageLoad: 300000, script: 30000}, unhandledPromptBehavior: dismiss and notify, webauthn:extension:credBlob: true, webauthn:extension:largeBlob: true, webauthn:extension:minPinLength: true, webauthn:extension:prf: true, webauthn:virtualAuthenticators: true}
Session ID: e4040168295277cd300e54610ade0a18
*** Element info: {Using=xpath, value=//button[contains(text(),'DUYỆT GIAO DỊCH NẠP')]}
	at jdk.internal.reflect.GeneratedConstructorAccessor22.newInstance(Unknown Source)
	at java.base/jdk.internal.reflect.DelegatingConstructorAccessorImpl.newInstance(DelegatingConstructorAccessorImpl.java:45)
	at org.openqa.selenium.remote.http.W3CHttpResponseCodec.createException(W3CHttpResponseCodec.java:187)
	at org.openqa.selenium.remote.http.W3CHttpResponseCodec.decode(W3CHttpResponseCodec.java:122)
	at org.openqa.selenium.remote.http.W3CHttpResponseCodec.decode(W3CHttpResponseCodec.java:49)
	at org.openqa.selenium.remote.HttpCommandExecutor.execute(HttpCommandExecutor.java:158)
	at org.openqa.selenium.remote.service.DriverCommandExecutor.execute(DriverCommandExecutor.java:83)
	at org.openqa.selenium.remote.RemoteWebDriver.execute(RemoteWebDriver.java:552)
	at com.kms.katalon.selenium.driver.CChromeDriver.execute(CChromeDriver.java:19)
	at org.openqa.selenium.remote.RemoteWebDriver.findElement(RemoteWebDriver.java:323)
	at org.openqa.selenium.remote.RemoteWebDriver.findElementByXPath(RemoteWebDriver.java:428)
	at org.openqa.selenium.By$ByXPath.findElement(By.java:353)
	at org.openqa.selenium.remote.RemoteWebDriver.findElement(RemoteWebDriver.java:315)
	at jdk.internal.reflect.GeneratedMethodAccessor9.invoke(Unknown Source)
	at java.base/jdk.internal.reflect.DelegatingMethodAccessorImpl.invoke(DelegatingMethodAccessorImpl.java:43)
	at org.openqa.selenium.support.events.EventFiringWebDriver.lambda$new$1(EventFiringWebDriver.java:105)
	at jdk.proxy2/jdk.proxy2.$Proxy22.findElement(Unknown Source)
	at org.openqa.selenium.support.events.EventFiringWebDriver.findElement(EventFiringWebDriver.java:194)
	at org.openqa.selenium.support.ui.ExpectedConditions$7.apply(ExpectedConditions.java:205)
	at org.openqa.selenium.support.ui.ExpectedConditions$7.apply(ExpectedConditions.java:201)
	at org.openqa.selenium.support.ui.ExpectedConditions$22.apply(ExpectedConditions.java:641)
	at org.openqa.selenium.support.ui.ExpectedConditions$22.apply(ExpectedConditions.java:638)
	at org.openqa.selenium.support.ui.FluentWait.until(FluentWait.java:249)
	... 16 more


16-10-2024T19:13:45 - [TEST_STEP][PASSED] - Start listener action : sampleBeforeTestCase: Navigate to 'https://stg-cms-console.9pay.mobi/login' successfully

16-10-2024T19:13:45 - [TEST_STEP][PASSED] - testCaseId = testCaseContext.getTestCaseId(): null

16-10-2024T19:13:45 - [TEST_STEP][PASSED] - url = <not implemented yet for class: org.codehaus.groovy.ast.expr.EmptyExpression>: null

16-10-2024T19:13:45 - [TEST_STEP][PASSED] - if (testCaseId == "Test Cases/Quản lý tài khoản merchant/Quản lý dịch vụ merchant/TC_14_Kiểm tra thay đổi sau khi cấu hình VA trên MCV"): null

16-10-2024T19:13:45 - [TEST_STEP][PASSED] - else: null

16-10-2024T19:13:45 - [TEST_STEP][PASSED] - url = "https://stg-cms-console.9pay.mobi/login": null

16-10-2024T19:13:45 - [TEST_STEP][PASSED] - openBrowser(""): Browser is opened with url: ''

16-10-2024T19:13:45 - [MESSAGE][WARNING] - A browser is already opened. Closing browser and opening a new one

16-10-2024T19:13:45 - [MESSAGE][INFO] - Starting 'Chrome' driver

16-10-2024T19:13:45 - [MESSAGE][INFO] - Action delay is set to 0 milliseconds

16-10-2024T19:13:45 - [MESSAGE][PASSED] - Browser is opened with url: ''

16-10-2024T19:13:45 - [TEST_STEP][PASSED] - maximizeWindow(): Current window maximized

16-10-2024T19:13:46 - [MESSAGE][PASSED] - Current window maximized

16-10-2024T19:13:46 - [TEST_STEP][PASSED] - navigateToUrl(url): Navigate to 'https://stg-cms-console.9pay.mobi/login' successfully

16-10-2024T19:13:46 - [MESSAGE][PASSED] - Navigate to 'https://stg-cms-console.9pay.mobi/login' successfully

16-10-2024T19:13:46 - [TEST_STEP][PASSED] - driver = getWebDriver(): null

16-10-2024T19:13:46 - [TEST_STEP][PASSED] - callTestCase(findTestCase("Test Cases/Login/LoginCommon"), [:], STOP_ON_FAILURE): Call Test Case 'Test Cases/Login/LoginCommon' successfully

16-10-2024T19:13:46 - [TEST_CASE][PASSED] - Test Cases/Login/LoginCommon: Test Cases/Login/LoginCommon

16-10-2024T19:13:46 - [TEST_STEP][PASSED] - driver = getWebDriver(): null

16-10-2024T19:13:46 - [TEST_STEP][PASSED] - sendKeys(findTestObject("Quản lý tài khoản merchant/Quản lý dịch vụ merchant/userNameTextbox"), userAccount): Keys 'dannt@9pay.vn' sent to object: 'Object Repository/Quản lý tài khoản merchant/Quản lý dịch vụ merchant/userNameTextbox'

16-10-2024T19:13:49 - [MESSAGE][PASSED] - Keys 'dannt@9pay.vn' sent to object: 'Object Repository/Quản lý tài khoản merchant/Quản lý dịch vụ merchant/userNameTextbox'

16-10-2024T19:13:49 - [TEST_STEP][PASSED] - sendKeys(findTestObject("Quản lý tài khoản merchant/Quản lý dịch vụ merchant/passwordTextbox"), password): Keys 'dannt@9pay.vn' sent to object: 'Object Repository/Quản lý tài khoản merchant/Quản lý dịch vụ merchant/passwordTextbox'

16-10-2024T19:13:49 - [MESSAGE][PASSED] - Keys 'dannt@9pay.vn' sent to object: 'Object Repository/Quản lý tài khoản merchant/Quản lý dịch vụ merchant/passwordTextbox'

16-10-2024T19:13:49 - [TEST_STEP][PASSED] - click(findTestObject("Quản lý tài khoản merchant/Quản lý dịch vụ merchant/loginButton")): Object: 'Object Repository/Quản lý tài khoản merchant/Quản lý dịch vụ merchant/loginButton' is clicked on

16-10-2024T19:13:50 - [MESSAGE][PASSED] - Object: 'Object Repository/Quản lý tài khoản merchant/Quản lý dịch vụ merchant/loginButton' is clicked on

16-10-2024T19:13:50 - [MESSAGE][PASSED] - Call Test Case 'Test Cases/Login/LoginCommon' successfully

16-10-2024T19:13:50 - [TEST_STEP][PASSED] - waitForElementVisible(findTestObject("Trang chủ/userName"), 10, STOP_ON_FAILURE): Object 'Object Repository/Trang chủ/userName' is visible

16-10-2024T19:13:51 - [MESSAGE][PASSED] - Object 'Object Repository/Trang chủ/userName' is visible

16-10-2024T19:13:51 - [TEST_STEP][PASSED] - callTestCase(findTestCase("Test Cases/Quản lý tài khoản merchant/Quản lý danh sách tài khoản/CustomFunctions Deposit"), [:], STOP_ON_FAILURE): Call Test Case 'Test Cases/Quản lý tài khoản merchant/Quản lý danh sách tài khoản/CustomFunctions Deposit' successfully

16-10-2024T19:13:51 - [TEST_CASE][PASSED] - Test Cases/Quản lý tài khoản merchant/Quản lý danh sách tài khoản/CustomFunctions Deposit: Test Cases/Quản lý tài khoản merchant/Quản lý danh sách tài khoản/CustomFunctions Deposit

16-10-2024T19:13:51 - [TEST_STEP][PASSED] - driver = getWebDriver(): null

16-10-2024T19:13:51 - [TEST_STEP][PASSED] - element1 = driver.findElement(By.xpath("//span[contains(text(),'Quản lý tài khoản merchant')]")): null

16-10-2024T19:13:53 - [TEST_STEP][PASSED] - actions = new org.openqa.selenium.interactions.Actions(driver): null

16-10-2024T19:13:53 - [TEST_STEP][PASSED] - click().perform(): null

16-10-2024T19:13:53 - [TEST_STEP][PASSED] - wait = new org.openqa.selenium.support.ui.WebDriverWait(com.kms.katalon.core.webui.driver.DriverFactory.getWebDriver(), 15): null

16-10-2024T19:13:53 - [TEST_STEP][PASSED] - xpath(xpathManagerListAccount))).click(): null

16-10-2024T19:13:53 - [MESSAGE][PASSED] - Call Test Case 'Test Cases/Quản lý tài khoản merchant/Quản lý danh sách tài khoản/CustomFunctions Deposit' successfully

16-10-2024T19:13:53 - [TEST_STEP][PASSED] - wait = new org.openqa.selenium.support.ui.WebDriverWait(com.kms.katalon.core.webui.driver.DriverFactory.getWebDriver(), 20): null

16-10-2024T19:13:53 - [TEST_STEP][PASSED] - userCode = wait.until(ExpectedConditions.visibilityOfElementLocated(By.xpath(xpathUserCode))): null

16-10-2024T19:13:56 - [TEST_STEP][PASSED] - println(userCode.getText()): null

16-10-2024T19:13:56 - [TEST_STEP][PASSED] - xpath(xpathBtnAccount))).click(): null

16-10-2024T19:13:57 - [TEST_STEP][PASSED] - searchTextbox = wait.until(ExpectedConditions.elementToBeClickable(By.xpath(xpathSearchTextbox))): null

16-10-2024T19:13:57 - [TEST_STEP][PASSED] - searchTextbox.sendKeys("dannt11"): null

16-10-2024T19:13:57 - [TEST_STEP][PASSED] - xpath(xpathOption)).click(): null

16-10-2024T19:13:57 - [TEST_STEP][PASSED] - xpath(xpathBtnSearch)).click(): null

16-10-2024T19:13:58 - [TEST_STEP][PASSED] - wait.until(ExpectedConditions.visibilityOfElementLocated(By.xpath(xpathAccountName))): null

16-10-2024T19:13:59 - [TEST_STEP][PASSED] - startElement = driver.findElement(By.xpath("//strong[contains(text(),'Thu hộ:')]")): null

16-10-2024T19:13:59 - [TEST_STEP][PASSED] - js = driver: null

16-10-2024T19:13:59 - [TEST_STEP][PASSED] - script = "return arguments[0].nextSibling.textContent;": null

16-10-2024T19:13:59 - [TEST_STEP][PASSED] - nextTextNodeContent = js.executeScript(script, startElement): null

16-10-2024T19:13:59 - [TEST_STEP][PASSED] - out.println("Thu ho " + nextTextNodeContent): null

16-10-2024T19:13:59 - [TEST_STEP][PASSED] - numericString = nextTextNodeContent.replaceAll("[^0-9]", ""): null

16-10-2024T19:13:59 - [TEST_STEP][PASSED] - thuHo = Integer.parseInt(numericString): null

16-10-2024T19:13:59 - [TEST_STEP][PASSED] - out.println("Thu ho " + thuHo): null

16-10-2024T19:13:59 - [TEST_STEP][PASSED] - xpath(xpathBtnDeposit)).click(): null

16-10-2024T19:13:59 - [TEST_STEP][PASSED] - wait.until(ExpectedConditions.visibilityOfElementLocated(By.xpath(xpathTextAccount))): null

16-10-2024T19:14:13 - [TEST_STEP][PASSED] - xpath(xpathChonVi)).click(): null

16-10-2024T19:14:13 - [TEST_STEP][PASSED] - xpath(xpathThuHo3)).click(): null

16-10-2024T19:14:13 - [TEST_STEP][PASSED] - xpath(xpathDay)).click(): null

16-10-2024T19:14:14 - [TEST_STEP][PASSED] - xpath(xpathHomNay)).click(): null

16-10-2024T19:14:14 - [TEST_STEP][PASSED] - xpath(xpathBtnContinue)).click(): null

16-10-2024T19:14:15 - [TEST_STEP][PASSED] - try: null

16-10-2024T19:14:15 - [TEST_STEP][PASSED] - popupDS = wait.until(ExpectedConditions.visibilityOfElementLocated(By.xpath("//p[contains(text(),'Đã tồn tại kỳ đối soát trước đó, Bạn có chắc chắn ')]"))): null

16-10-2024T19:14:35 - [TEST_STEP][PASSED] - catch (org.openqa.selenium.TimeoutException e): null

16-10-2024T19:14:35 - [TEST_STEP][PASSED] - println("Popup không xuất hiện, tiếp tục thực hiện giao dịch."): null

16-10-2024T19:14:35 - [TEST_STEP][PASSED] - xpath(xpathDepositTextbox)).sendKeys("150000"): null

16-10-2024T19:14:35 - [TEST_STEP][PASSED] - xpath(xpathButtonSubmit)).click(): null

16-10-2024T19:14:36 - [TEST_STEP][ERROR] - wait.until(ExpectedConditions.elementToBeClickable(By.xpath(xpathButtonApprove))): Test Cases/Quản lý tài khoản merchant/Quản lý danh sách tài khoản/Nạp tiền/TC_11_Kiểm tra khi hoàn tiền sau khi đã duyệt FAILED.
Reason:
org.openqa.selenium.TimeoutException: Expected condition failed: waiting for element to be clickable: By.xpath: //button[contains(text(),'DUYỆT GIAO DỊCH NẠP')] (tried for 20 second(s) with 500 milliseconds interval)
	at org.openqa.selenium.support.ui.WebDriverWait.timeoutException(WebDriverWait.java:95)
	at org.openqa.selenium.support.ui.FluentWait.until(FluentWait.java:272)
	at TC_11_Kiểm tra khi hoàn tiền sau khi đã duyệt.run(TC_11_Kiểm tra khi hoàn tiền sau khi đã duyệt:61)
	at com.kms.katalon.core.main.ScriptEngine.run(ScriptEngine.java:194)
	at com.kms.katalon.core.main.ScriptEngine.runScriptAsRawText(ScriptEngine.java:119)
	at com.kms.katalon.core.main.TestCaseExecutor.runScript(TestCaseExecutor.java:448)
	at com.kms.katalon.core.main.TestCaseExecutor.doExecute(TestCaseExecutor.java:439)
	at com.kms.katalon.core.main.TestCaseExecutor.processExecutionPhase(TestCaseExecutor.java:418)
	at com.kms.katalon.core.main.TestCaseExecutor.accessMainPhase(TestCaseExecutor.java:410)
	at com.kms.katalon.core.main.TestCaseExecutor.execute(TestCaseExecutor.java:285)
	at com.kms.katalon.core.common.CommonExecutor.accessTestCaseMainPhase(CommonExecutor.java:65)
	at com.kms.katalon.core.main.TestSuiteExecutor.accessTestSuiteMainPhase(TestSuiteExecutor.java:150)
	at com.kms.katalon.core.main.TestSuiteExecutor.execute(TestSuiteExecutor.java:106)
	at com.kms.katalon.core.main.TestCaseMain.startTestSuite(TestCaseMain.java:180)
	at TempTestSuite1729080368268.run(TempTestSuite1729080368268.groovy:35)
	at java.base/jdk.internal.reflect.NativeMethodAccessorImpl.invoke0(Native Method)
	at java.base/jdk.internal.reflect.NativeMethodAccessorImpl.invoke(NativeMethodAccessorImpl.java:77)
	at java.base/jdk.internal.reflect.DelegatingMethodAccessorImpl.invoke(DelegatingMethodAccessorImpl.java:43)
Caused by: org.openqa.selenium.NoSuchElementException: no such element: Unable to locate element: {"method":"xpath","selector":"//button[contains(text(),'DUYỆT GIAO DỊCH NẠP')]"}
  (Session info: chrome=130.0.6723.59)
For documentation on this error, please visit: https://www.seleniumhq.org/exceptions/no_such_element.html
Build info: version: '3.141.59', revision: 'unknown', time: 'unknown'
System info: host: 'Aidans-Macbook.local', ip: '2405:4803:fd90:9ef0:b0c9:6dde:81ec:56fd%en0', os.name: 'Mac OS X', os.arch: 'aarch64', os.version: '14.5', java.version: '17.0.7'
Driver info: com.kms.katalon.selenium.driver.CChromeDriver
Capabilities {acceptInsecureCerts: false, browserName: chrome, browserVersion: 130.0.6723.59, chrome: {chromedriverVersion: 129.0.6668.100 (cf58cba358d..., userDataDir: /var/folders/w1/k98vh2j97rz...}, fedcm:accounts: true, goog:chromeOptions: {debuggerAddress: localhost:56754}, javascriptEnabled: true, networkConnectionEnabled: false, pageLoadStrategy: normal, platform: MAC, platformName: MAC, proxy: Proxy(), setWindowRect: true, strictFileInteractability: false, timeouts: {implicit: 0, pageLoad: 300000, script: 30000}, unhandledPromptBehavior: dismiss and notify, webauthn:extension:credBlob: true, webauthn:extension:largeBlob: true, webauthn:extension:minPinLength: true, webauthn:extension:prf: true, webauthn:virtualAuthenticators: true}
Session ID: e4040168295277cd300e54610ade0a18
*** Element info: {Using=xpath, value=//button[contains(text(),'DUYỆT GIAO DỊCH NẠP')]}
	at jdk.internal.reflect.GeneratedConstructorAccessor22.newInstance(Unknown Source)
	at java.base/jdk.internal.reflect.DelegatingConstructorAccessorImpl.newInstance(DelegatingConstructorAccessorImpl.java:45)
	at org.openqa.selenium.remote.http.W3CHttpResponseCodec.createException(W3CHttpResponseCodec.java:187)
	at org.openqa.selenium.remote.http.W3CHttpResponseCodec.decode(W3CHttpResponseCodec.java:122)
	at org.openqa.selenium.remote.http.W3CHttpResponseCodec.decode(W3CHttpResponseCodec.java:49)
	at org.openqa.selenium.remote.HttpCommandExecutor.execute(HttpCommandExecutor.java:158)
	at org.openqa.selenium.remote.service.DriverCommandExecutor.execute(DriverCommandExecutor.java:83)
	at org.openqa.selenium.remote.RemoteWebDriver.execute(RemoteWebDriver.java:552)
	at com.kms.katalon.selenium.driver.CChromeDriver.execute(CChromeDriver.java:19)
	at org.openqa.selenium.remote.RemoteWebDriver.findElement(RemoteWebDriver.java:323)
	at org.openqa.selenium.remote.RemoteWebDriver.findElementByXPath(RemoteWebDriver.java:428)
	at org.openqa.selenium.By$ByXPath.findElement(By.java:353)
	at org.openqa.selenium.remote.RemoteWebDriver.findElement(RemoteWebDriver.java:315)
	at jdk.internal.reflect.GeneratedMethodAccessor9.invoke(Unknown Source)
	at java.base/jdk.internal.reflect.DelegatingMethodAccessorImpl.invoke(DelegatingMethodAccessorImpl.java:43)
	at org.openqa.selenium.support.events.EventFiringWebDriver.lambda$new$1(EventFiringWebDriver.java:105)
	at jdk.proxy2/jdk.proxy2.$Proxy22.findElement(Unknown Source)
	at org.openqa.selenium.support.events.EventFiringWebDriver.findElement(EventFiringWebDriver.java:194)
	at org.openqa.selenium.support.ui.ExpectedConditions$7.apply(ExpectedConditions.java:205)
	at org.openqa.selenium.support.ui.ExpectedConditions$7.apply(ExpectedConditions.java:201)
	at org.openqa.selenium.support.ui.ExpectedConditions$22.apply(ExpectedConditions.java:641)
	at org.openqa.selenium.support.ui.ExpectedConditions$22.apply(ExpectedConditions.java:638)
	at org.openqa.selenium.support.ui.FluentWait.until(FluentWait.java:249)
	at Script1722496952737.run(Script1722496952737.groovy:61)
	... 15 more


16-10-2024T19:15:06 - [MESSAGE][ERROR] - Test Cases/Quản lý tài khoản merchant/Quản lý danh sách tài khoản/Nạp tiền/TC_11_Kiểm tra khi hoàn tiền sau khi đã duyệt FAILED.
Reason:
org.openqa.selenium.TimeoutException: Expected condition failed: waiting for element to be clickable: By.xpath: //button[contains(text(),'DUYỆT GIAO DỊCH NẠP')] (tried for 20 second(s) with 500 milliseconds interval)
	at org.openqa.selenium.support.ui.WebDriverWait.timeoutException(WebDriverWait.java:95)
	at org.openqa.selenium.support.ui.FluentWait.until(FluentWait.java:272)
	at TC_11_Kiểm tra khi hoàn tiền sau khi đã duyệt.run(TC_11_Kiểm tra khi hoàn tiền sau khi đã duyệt:61)
	at com.kms.katalon.core.main.ScriptEngine.run(ScriptEngine.java:194)
	at com.kms.katalon.core.main.ScriptEngine.runScriptAsRawText(ScriptEngine.java:119)
	at com.kms.katalon.core.main.TestCaseExecutor.runScript(TestCaseExecutor.java:448)
	at com.kms.katalon.core.main.TestCaseExecutor.doExecute(TestCaseExecutor.java:439)
	at com.kms.katalon.core.main.TestCaseExecutor.processExecutionPhase(TestCaseExecutor.java:418)
	at com.kms.katalon.core.main.TestCaseExecutor.accessMainPhase(TestCaseExecutor.java:410)
	at com.kms.katalon.core.main.TestCaseExecutor.execute(TestCaseExecutor.java:285)
	at com.kms.katalon.core.common.CommonExecutor.accessTestCaseMainPhase(CommonExecutor.java:65)
	at com.kms.katalon.core.main.TestSuiteExecutor.accessTestSuiteMainPhase(TestSuiteExecutor.java:150)
	at com.kms.katalon.core.main.TestSuiteExecutor.execute(TestSuiteExecutor.java:106)
	at com.kms.katalon.core.main.TestCaseMain.startTestSuite(TestCaseMain.java:180)
	at TempTestSuite1729080368268.run(TempTestSuite1729080368268.groovy:35)
	at java.base/jdk.internal.reflect.NativeMethodAccessorImpl.invoke0(Native Method)
	at java.base/jdk.internal.reflect.NativeMethodAccessorImpl.invoke(NativeMethodAccessorImpl.java:77)
	at java.base/jdk.internal.reflect.DelegatingMethodAccessorImpl.invoke(DelegatingMethodAccessorImpl.java:43)
Caused by: org.openqa.selenium.NoSuchElementException: no such element: Unable to locate element: {"method":"xpath","selector":"//button[contains(text(),'DUYỆT GIAO DỊCH NẠP')]"}
  (Session info: chrome=130.0.6723.59)
For documentation on this error, please visit: https://www.seleniumhq.org/exceptions/no_such_element.html
Build info: version: '3.141.59', revision: 'unknown', time: 'unknown'
System info: host: 'Aidans-Macbook.local', ip: '2405:4803:fd90:9ef0:b0c9:6dde:81ec:56fd%en0', os.name: 'Mac OS X', os.arch: 'aarch64', os.version: '14.5', java.version: '17.0.7'
Driver info: com.kms.katalon.selenium.driver.CChromeDriver
Capabilities {acceptInsecureCerts: false, browserName: chrome, browserVersion: 130.0.6723.59, chrome: {chromedriverVersion: 129.0.6668.100 (cf58cba358d..., userDataDir: /var/folders/w1/k98vh2j97rz...}, fedcm:accounts: true, goog:chromeOptions: {debuggerAddress: localhost:56754}, javascriptEnabled: true, networkConnectionEnabled: false, pageLoadStrategy: normal, platform: MAC, platformName: MAC, proxy: Proxy(), setWindowRect: true, strictFileInteractability: false, timeouts: {implicit: 0, pageLoad: 300000, script: 30000}, unhandledPromptBehavior: dismiss and notify, webauthn:extension:credBlob: true, webauthn:extension:largeBlob: true, webauthn:extension:minPinLength: true, webauthn:extension:prf: true, webauthn:virtualAuthenticators: true}
Session ID: e4040168295277cd300e54610ade0a18
*** Element info: {Using=xpath, value=//button[contains(text(),'DUYỆT GIAO DỊCH NẠP')]}
	at jdk.internal.reflect.GeneratedConstructorAccessor22.newInstance(Unknown Source)
	at java.base/jdk.internal.reflect.DelegatingConstructorAccessorImpl.newInstance(DelegatingConstructorAccessorImpl.java:45)
	at org.openqa.selenium.remote.http.W3CHttpResponseCodec.createException(W3CHttpResponseCodec.java:187)
	at org.openqa.selenium.remote.http.W3CHttpResponseCodec.decode(W3CHttpResponseCodec.java:122)
	at org.openqa.selenium.remote.http.W3CHttpResponseCodec.decode(W3CHttpResponseCodec.java:49)
	at org.openqa.selenium.remote.HttpCommandExecutor.execute(HttpCommandExecutor.java:158)
	at org.openqa.selenium.remote.service.DriverCommandExecutor.execute(DriverCommandExecutor.java:83)
	at org.openqa.selenium.remote.RemoteWebDriver.execute(RemoteWebDriver.java:552)
	at com.kms.katalon.selenium.driver.CChromeDriver.execute(CChromeDriver.java:19)
	at org.openqa.selenium.remote.RemoteWebDriver.findElement(RemoteWebDriver.java:323)
	at org.openqa.selenium.remote.RemoteWebDriver.findElementByXPath(RemoteWebDriver.java:428)
	at org.openqa.selenium.By$ByXPath.findElement(By.java:353)
	at org.openqa.selenium.remote.RemoteWebDriver.findElement(RemoteWebDriver.java:315)
	at jdk.internal.reflect.GeneratedMethodAccessor9.invoke(Unknown Source)
	at java.base/jdk.internal.reflect.DelegatingMethodAccessorImpl.invoke(DelegatingMethodAccessorImpl.java:43)
	at org.openqa.selenium.support.events.EventFiringWebDriver.lambda$new$1(EventFiringWebDriver.java:105)
	at jdk.proxy2/jdk.proxy2.$Proxy22.findElement(Unknown Source)
	at org.openqa.selenium.support.events.EventFiringWebDriver.findElement(EventFiringWebDriver.java:194)
	at org.openqa.selenium.support.ui.ExpectedConditions$7.apply(ExpectedConditions.java:205)
	at org.openqa.selenium.support.ui.ExpectedConditions$7.apply(ExpectedConditions.java:201)
	at org.openqa.selenium.support.ui.ExpectedConditions$22.apply(ExpectedConditions.java:641)
	at org.openqa.selenium.support.ui.ExpectedConditions$22.apply(ExpectedConditions.java:638)
	at org.openqa.selenium.support.ui.FluentWait.until(FluentWait.java:249)
	at Script1722496952737.run(Script1722496952737.groovy:61)
	... 15 more


16-10-2024T19:15:06 - [TEST_STEP][PASSED] - Start listener action : sampleAfterTestCase: null

16-10-2024T19:15:06 - [TEST_STEP][PASSED] - testCaseId = testCaseContext.getTestCaseId(): null

16-10-2024T19:15:06 - [TEST_STEP][PASSED] - if (testCaseId == "Test Cases/Quản lý tài khoản merchant/Quản lý dịch vụ merchant/TC_13_Kiểm tra chức năng xác nhận cấu hình thay đổi VA"): null]]></system-out>
         <system-err><![CDATA[16-10-2024T19:13:45 - [TEST_CASE][ERROR] - Test Cases/Quản lý tài khoản merchant/Quản lý danh sách tài khoản/Nạp tiền/TC_11_Kiểm tra khi hoàn tiền sau khi đã duyệt: Test Cases/Quản lý tài khoản merchant/Quản lý danh sách tài khoản/Nạp tiền/TC_11_Kiểm tra khi hoàn tiền sau khi đã duyệt FAILED.
Reason:
org.openqa.selenium.TimeoutException: Expected condition failed: waiting for element to be clickable: By.xpath: //button[contains(text(),'DUYỆT GIAO DỊCH NẠP')] (tried for 20 second(s) with 500 milliseconds interval)
	at org.openqa.selenium.support.ui.WebDriverWait.timeoutException(WebDriverWait.java:95)
	at org.openqa.selenium.support.ui.FluentWait.until(FluentWait.java:272)
	at TC_11_Kiểm tra khi hoàn tiền sau khi đã duyệt.run(TC_11_Kiểm tra khi hoàn tiền sau khi đã duyệt:61)
	at com.kms.katalon.core.main.ScriptEngine.run(ScriptEngine.java:194)
	at com.kms.katalon.core.main.ScriptEngine.runScriptAsRawText(ScriptEngine.java:119)
	at com.kms.katalon.core.main.TestCaseExecutor.runScript(TestCaseExecutor.java:448)
	at com.kms.katalon.core.main.TestCaseExecutor.doExecute(TestCaseExecutor.java:439)
	at com.kms.katalon.core.main.TestCaseExecutor.processExecutionPhase(TestCaseExecutor.java:418)
	at com.kms.katalon.core.main.TestCaseExecutor.accessMainPhase(TestCaseExecutor.java:410)
	at com.kms.katalon.core.main.TestCaseExecutor.execute(TestCaseExecutor.java:285)
	at com.kms.katalon.core.common.CommonExecutor.accessTestCaseMainPhase(CommonExecutor.java:65)
	at com.kms.katalon.core.main.TestSuiteExecutor.accessTestSuiteMainPhase(TestSuiteExecutor.java:150)
	at com.kms.katalon.core.main.TestSuiteExecutor.execute(TestSuiteExecutor.java:106)
	at com.kms.katalon.core.main.TestCaseMain.startTestSuite(TestCaseMain.java:180)
	at TempTestSuite1729080368268.run(TempTestSuite1729080368268.groovy:35)
	at java.base/jdk.internal.reflect.NativeMethodAccessorImpl.invoke0(Native Method)
	at java.base/jdk.internal.reflect.NativeMethodAccessorImpl.invoke(NativeMethodAccessorImpl.java:77)
	at java.base/jdk.internal.reflect.DelegatingMethodAccessorImpl.invoke(DelegatingMethodAccessorImpl.java:43)
Caused by: org.openqa.selenium.NoSuchElementException: no such element: Unable to locate element: {"method":"xpath","selector":"//button[contains(text(),'DUYỆT GIAO DỊCH NẠP')]"}
  (Session info: chrome=130.0.6723.59)
For documentation on this error, please visit: https://www.seleniumhq.org/exceptions/no_such_element.html
Build info: version: '3.141.59', revision: 'unknown', time: 'unknown'
System info: host: 'Aidans-Macbook.local', ip: '2405:4803:fd90:9ef0:b0c9:6dde:81ec:56fd%en0', os.name: 'Mac OS X', os.arch: 'aarch64', os.version: '14.5', java.version: '17.0.7'
Driver info: com.kms.katalon.selenium.driver.CChromeDriver
Capabilities {acceptInsecureCerts: false, browserName: chrome, browserVersion: 130.0.6723.59, chrome: {chromedriverVersion: 129.0.6668.100 (cf58cba358d..., userDataDir: /var/folders/w1/k98vh2j97rz...}, fedcm:accounts: true, goog:chromeOptions: {debuggerAddress: localhost:56754}, javascriptEnabled: true, networkConnectionEnabled: false, pageLoadStrategy: normal, platform: MAC, platformName: MAC, proxy: Proxy(), setWindowRect: true, strictFileInteractability: false, timeouts: {implicit: 0, pageLoad: 300000, script: 30000}, unhandledPromptBehavior: dismiss and notify, webauthn:extension:credBlob: true, webauthn:extension:largeBlob: true, webauthn:extension:minPinLength: true, webauthn:extension:prf: true, webauthn:virtualAuthenticators: true}
Session ID: e4040168295277cd300e54610ade0a18
*** Element info: {Using=xpath, value=//button[contains(text(),'DUYỆT GIAO DỊCH NẠP')]}
	at jdk.internal.reflect.GeneratedConstructorAccessor22.newInstance(Unknown Source)
	at java.base/jdk.internal.reflect.DelegatingConstructorAccessorImpl.newInstance(DelegatingConstructorAccessorImpl.java:45)
	at org.openqa.selenium.remote.http.W3CHttpResponseCodec.createException(W3CHttpResponseCodec.java:187)
	at org.openqa.selenium.remote.http.W3CHttpResponseCodec.decode(W3CHttpResponseCodec.java:122)
	at org.openqa.selenium.remote.http.W3CHttpResponseCodec.decode(W3CHttpResponseCodec.java:49)
	at org.openqa.selenium.remote.HttpCommandExecutor.execute(HttpCommandExecutor.java:158)
	at org.openqa.selenium.remote.service.DriverCommandExecutor.execute(DriverCommandExecutor.java:83)
	at org.openqa.selenium.remote.RemoteWebDriver.execute(RemoteWebDriver.java:552)
	at com.kms.katalon.selenium.driver.CChromeDriver.execute(CChromeDriver.java:19)
	at org.openqa.selenium.remote.RemoteWebDriver.findElement(RemoteWebDriver.java:323)
	at org.openqa.selenium.remote.RemoteWebDriver.findElementByXPath(RemoteWebDriver.java:428)
	at org.openqa.selenium.By$ByXPath.findElement(By.java:353)
	at org.openqa.selenium.remote.RemoteWebDriver.findElement(RemoteWebDriver.java:315)
	at jdk.internal.reflect.GeneratedMethodAccessor9.invoke(Unknown Source)
	at java.base/jdk.internal.reflect.DelegatingMethodAccessorImpl.invoke(DelegatingMethodAccessorImpl.java:43)
	at org.openqa.selenium.support.events.EventFiringWebDriver.lambda$new$1(EventFiringWebDriver.java:105)
	at jdk.proxy2/jdk.proxy2.$Proxy22.findElement(Unknown Source)
	at org.openqa.selenium.support.events.EventFiringWebDriver.findElement(EventFiringWebDriver.java:194)
	at org.openqa.selenium.support.ui.ExpectedConditions$7.apply(ExpectedConditions.java:205)
	at org.openqa.selenium.support.ui.ExpectedConditions$7.apply(ExpectedConditions.java:201)
	at org.openqa.selenium.support.ui.ExpectedConditions$22.apply(ExpectedConditions.java:641)
	at org.openqa.selenium.support.ui.ExpectedConditions$22.apply(ExpectedConditions.java:638)
	at org.openqa.selenium.support.ui.FluentWait.until(FluentWait.java:249)
	... 16 more]]></system-err>
      </testcase>
      <system-out><![CDATA[16-10-2024T19:06:12 - [TEST_SUITE][ERROR] - Nạp tiền: Test Cases/Quản lý tài khoản merchant/Quản lý danh sách tài khoản/Nạp tiền/TC_06_KIểm tra khi nhập số tiền đúng và nhấn xác nhận FAILED.
Reason:
org.openqa.selenium.TimeoutException: Expected condition failed: waiting for visibility of element located by By.xpath: //h2[contains(text(),'THÔNG TIN GIAO DỊCH')] (tried for 20 second(s) with 500 milliseconds interval)
	at org.openqa.selenium.support.ui.WebDriverWait.timeoutException(WebDriverWait.java:95)
	at org.openqa.selenium.support.ui.FluentWait.until(FluentWait.java:272)
	at TC_06_KIểm tra khi nhập số tiền đúng và nhấn xác nhận.run(TC_06_KIểm tra khi nhập số tiền đúng và nhấn xác nhận:57)
	at com.kms.katalon.core.main.ScriptEngine.run(ScriptEngine.java:194)
	at com.kms.katalon.core.main.ScriptEngine.runScriptAsRawText(ScriptEngine.java:119)
	at com.kms.katalon.core.main.TestCaseExecutor.runScript(TestCaseExecutor.java:448)
	at com.kms.katalon.core.main.TestCaseExecutor.doExecute(TestCaseExecutor.java:439)
	at com.kms.katalon.core.main.TestCaseExecutor.processExecutionPhase(TestCaseExecutor.java:418)
	at com.kms.katalon.core.main.TestCaseExecutor.accessMainPhase(TestCaseExecutor.java:410)
	at com.kms.katalon.core.main.TestCaseExecutor.execute(TestCaseExecutor.java:285)
	at com.kms.katalon.core.common.CommonExecutor.accessTestCaseMainPhase(CommonExecutor.java:65)
	at com.kms.katalon.core.main.TestSuiteExecutor.accessTestSuiteMainPhase(TestSuiteExecutor.java:150)
	at com.kms.katalon.core.main.TestSuiteExecutor.execute(TestSuiteExecutor.java:106)
	at com.kms.katalon.core.main.TestCaseMain.startTestSuite(TestCaseMain.java:180)
	at TempTestSuite1729080368268.run(TempTestSuite1729080368268.groovy:35)
	at java.base/jdk.internal.reflect.NativeMethodAccessorImpl.invoke0(Native Method)
	at java.base/jdk.internal.reflect.NativeMethodAccessorImpl.invoke(NativeMethodAccessorImpl.java:77)
	at java.base/jdk.internal.reflect.DelegatingMethodAccessorImpl.invoke(DelegatingMethodAccessorImpl.java:43)
Caused by: org.openqa.selenium.NoSuchElementException: no such element: Unable to locate element: {"method":"xpath","selector":"//h2[contains(text(),'THÔNG TIN GIAO DỊCH')]"}
  (Session info: chrome=130.0.6723.59)
For documentation on this error, please visit: https://www.seleniumhq.org/exceptions/no_such_element.html
Build info: version: '3.141.59', revision: 'unknown', time: 'unknown'
System info: host: 'Aidans-Macbook.local', ip: '2405:4803:fd90:9ef0:b0c9:6dde:81ec:56fd%en0', os.name: 'Mac OS X', os.arch: 'aarch64', os.version: '14.5', java.version: '17.0.7'
Driver info: com.kms.katalon.selenium.driver.CChromeDriver
Capabilities {acceptInsecureCerts: false, browserName: chrome, browserVersion: 130.0.6723.59, chrome: {chromedriverVersion: 129.0.6668.100 (cf58cba358d..., userDataDir: /var/folders/w1/k98vh2j97rz...}, fedcm:accounts: true, goog:chromeOptions: {debuggerAddress: localhost:56606}, javascriptEnabled: true, networkConnectionEnabled: false, pageLoadStrategy: normal, platform: MAC, platformName: MAC, proxy: Proxy(), setWindowRect: true, strictFileInteractability: false, timeouts: {implicit: 0, pageLoad: 300000, script: 30000}, unhandledPromptBehavior: dismiss and notify, webauthn:extension:credBlob: true, webauthn:extension:largeBlob: true, webauthn:extension:minPinLength: true, webauthn:extension:prf: true, webauthn:virtualAuthenticators: true}
Session ID: c69c202c24ba392f5217c43f73f2a603
*** Element info: {Using=xpath, value=//h2[contains(text(),'THÔNG TIN GIAO DỊCH')]}
	at jdk.internal.reflect.GeneratedConstructorAccessor22.newInstance(Unknown Source)
	at java.base/jdk.internal.reflect.DelegatingConstructorAccessorImpl.newInstance(DelegatingConstructorAccessorImpl.java:45)
	at org.openqa.selenium.remote.http.W3CHttpResponseCodec.createException(W3CHttpResponseCodec.java:187)
	at org.openqa.selenium.remote.http.W3CHttpResponseCodec.decode(W3CHttpResponseCodec.java:122)
	at org.openqa.selenium.remote.http.W3CHttpResponseCodec.decode(W3CHttpResponseCodec.java:49)
	at org.openqa.selenium.remote.HttpCommandExecutor.execute(HttpCommandExecutor.java:158)
	at org.openqa.selenium.remote.service.DriverCommandExecutor.execute(DriverCommandExecutor.java:83)
	at org.openqa.selenium.remote.RemoteWebDriver.execute(RemoteWebDriver.java:552)
	at com.kms.katalon.selenium.driver.CChromeDriver.execute(CChromeDriver.java:19)
	at org.openqa.selenium.remote.RemoteWebDriver.findElement(RemoteWebDriver.java:323)
	at org.openqa.selenium.remote.RemoteWebDriver.findElementByXPath(RemoteWebDriver.java:428)
	at org.openqa.selenium.By$ByXPath.findElement(By.java:353)
	at org.openqa.selenium.remote.RemoteWebDriver.findElement(RemoteWebDriver.java:315)
	at jdk.internal.reflect.GeneratedMethodAccessor9.invoke(Unknown Source)
	at java.base/jdk.internal.reflect.DelegatingMethodAccessorImpl.invoke(DelegatingMethodAccessorImpl.java:43)
	at org.openqa.selenium.support.events.EventFiringWebDriver.lambda$new$1(EventFiringWebDriver.java:105)
	at jdk.proxy2/jdk.proxy2.$Proxy22.findElement(Unknown Source)
	at org.openqa.selenium.support.events.EventFiringWebDriver.findElement(EventFiringWebDriver.java:194)
	at org.openqa.selenium.support.ui.ExpectedConditions$7.apply(ExpectedConditions.java:205)
	at org.openqa.selenium.support.ui.ExpectedConditions$7.apply(ExpectedConditions.java:201)
	at org.openqa.selenium.support.ui.FluentWait.until(FluentWait.java:249)
	... 16 more]]></system-out>
      <system-err><![CDATA[16-10-2024T19:06:12 - [TEST_SUITE][ERROR] - Nạp tiền: Test Cases/Quản lý tài khoản merchant/Quản lý danh sách tài khoản/Nạp tiền/TC_06_KIểm tra khi nhập số tiền đúng và nhấn xác nhận FAILED.
Reason:
org.openqa.selenium.TimeoutException: Expected condition failed: waiting for visibility of element located by By.xpath: //h2[contains(text(),'THÔNG TIN GIAO DỊCH')] (tried for 20 second(s) with 500 milliseconds interval)
	at org.openqa.selenium.support.ui.WebDriverWait.timeoutException(WebDriverWait.java:95)
	at org.openqa.selenium.support.ui.FluentWait.until(FluentWait.java:272)
	at TC_06_KIểm tra khi nhập số tiền đúng và nhấn xác nhận.run(TC_06_KIểm tra khi nhập số tiền đúng và nhấn xác nhận:57)
	at com.kms.katalon.core.main.ScriptEngine.run(ScriptEngine.java:194)
	at com.kms.katalon.core.main.ScriptEngine.runScriptAsRawText(ScriptEngine.java:119)
	at com.kms.katalon.core.main.TestCaseExecutor.runScript(TestCaseExecutor.java:448)
	at com.kms.katalon.core.main.TestCaseExecutor.doExecute(TestCaseExecutor.java:439)
	at com.kms.katalon.core.main.TestCaseExecutor.processExecutionPhase(TestCaseExecutor.java:418)
	at com.kms.katalon.core.main.TestCaseExecutor.accessMainPhase(TestCaseExecutor.java:410)
	at com.kms.katalon.core.main.TestCaseExecutor.execute(TestCaseExecutor.java:285)
	at com.kms.katalon.core.common.CommonExecutor.accessTestCaseMainPhase(CommonExecutor.java:65)
	at com.kms.katalon.core.main.TestSuiteExecutor.accessTestSuiteMainPhase(TestSuiteExecutor.java:150)
	at com.kms.katalon.core.main.TestSuiteExecutor.execute(TestSuiteExecutor.java:106)
	at com.kms.katalon.core.main.TestCaseMain.startTestSuite(TestCaseMain.java:180)
	at TempTestSuite1729080368268.run(TempTestSuite1729080368268.groovy:35)
	at java.base/jdk.internal.reflect.NativeMethodAccessorImpl.invoke0(Native Method)
	at java.base/jdk.internal.reflect.NativeMethodAccessorImpl.invoke(NativeMethodAccessorImpl.java:77)
	at java.base/jdk.internal.reflect.DelegatingMethodAccessorImpl.invoke(DelegatingMethodAccessorImpl.java:43)
Caused by: org.openqa.selenium.NoSuchElementException: no such element: Unable to locate element: {"method":"xpath","selector":"//h2[contains(text(),'THÔNG TIN GIAO DỊCH')]"}
  (Session info: chrome=130.0.6723.59)
For documentation on this error, please visit: https://www.seleniumhq.org/exceptions/no_such_element.html
Build info: version: '3.141.59', revision: 'unknown', time: 'unknown'
System info: host: 'Aidans-Macbook.local', ip: '2405:4803:fd90:9ef0:b0c9:6dde:81ec:56fd%en0', os.name: 'Mac OS X', os.arch: 'aarch64', os.version: '14.5', java.version: '17.0.7'
Driver info: com.kms.katalon.selenium.driver.CChromeDriver
Capabilities {acceptInsecureCerts: false, browserName: chrome, browserVersion: 130.0.6723.59, chrome: {chromedriverVersion: 129.0.6668.100 (cf58cba358d..., userDataDir: /var/folders/w1/k98vh2j97rz...}, fedcm:accounts: true, goog:chromeOptions: {debuggerAddress: localhost:56606}, javascriptEnabled: true, networkConnectionEnabled: false, pageLoadStrategy: normal, platform: MAC, platformName: MAC, proxy: Proxy(), setWindowRect: true, strictFileInteractability: false, timeouts: {implicit: 0, pageLoad: 300000, script: 30000}, unhandledPromptBehavior: dismiss and notify, webauthn:extension:credBlob: true, webauthn:extension:largeBlob: true, webauthn:extension:minPinLength: true, webauthn:extension:prf: true, webauthn:virtualAuthenticators: true}
Session ID: c69c202c24ba392f5217c43f73f2a603
*** Element info: {Using=xpath, value=//h2[contains(text(),'THÔNG TIN GIAO DỊCH')]}
	at jdk.internal.reflect.GeneratedConstructorAccessor22.newInstance(Unknown Source)
	at java.base/jdk.internal.reflect.DelegatingConstructorAccessorImpl.newInstance(DelegatingConstructorAccessorImpl.java:45)
	at org.openqa.selenium.remote.http.W3CHttpResponseCodec.createException(W3CHttpResponseCodec.java:187)
	at org.openqa.selenium.remote.http.W3CHttpResponseCodec.decode(W3CHttpResponseCodec.java:122)
	at org.openqa.selenium.remote.http.W3CHttpResponseCodec.decode(W3CHttpResponseCodec.java:49)
	at org.openqa.selenium.remote.HttpCommandExecutor.execute(HttpCommandExecutor.java:158)
	at org.openqa.selenium.remote.service.DriverCommandExecutor.execute(DriverCommandExecutor.java:83)
	at org.openqa.selenium.remote.RemoteWebDriver.execute(RemoteWebDriver.java:552)
	at com.kms.katalon.selenium.driver.CChromeDriver.execute(CChromeDriver.java:19)
	at org.openqa.selenium.remote.RemoteWebDriver.findElement(RemoteWebDriver.java:323)
	at org.openqa.selenium.remote.RemoteWebDriver.findElementByXPath(RemoteWebDriver.java:428)
	at org.openqa.selenium.By$ByXPath.findElement(By.java:353)
	at org.openqa.selenium.remote.RemoteWebDriver.findElement(RemoteWebDriver.java:315)
	at jdk.internal.reflect.GeneratedMethodAccessor9.invoke(Unknown Source)
	at java.base/jdk.internal.reflect.DelegatingMethodAccessorImpl.invoke(DelegatingMethodAccessorImpl.java:43)
	at org.openqa.selenium.support.events.EventFiringWebDriver.lambda$new$1(EventFiringWebDriver.java:105)
	at jdk.proxy2/jdk.proxy2.$Proxy22.findElement(Unknown Source)
	at org.openqa.selenium.support.events.EventFiringWebDriver.findElement(EventFiringWebDriver.java:194)
	at org.openqa.selenium.support.ui.ExpectedConditions$7.apply(ExpectedConditions.java:205)
	at org.openqa.selenium.support.ui.ExpectedConditions$7.apply(ExpectedConditions.java:201)
	at org.openqa.selenium.support.ui.FluentWait.until(FluentWait.java:249)
	... 16 more]]></system-err>
   </testsuite>
</testsuites>
