<?xml version="1.0" encoding="UTF-8"?>
<testsuites name="Quản lý dịch vụ merchant" time="521.502" tests="20" failures="3" errors="3">
   <testsuite name="Quản lý dịch vụ merchant" tests="20" failures="3" errors="3" time="521.502" skipped="0" timestamp="12-10-2024T20:26:07" hostname="mac - 192.168.1.10" id="Test Suites/Quản lý tài khoản merchant/Quản lý dịch vụ merchant">
      <properties>
         <property name="deviceName" value=""/>
         <property name="devicePlatform"/>
         <property name="logFolder" value="/Users/mac/Documents/test/Cms9Pay/Reports/20241012_202600/Qu\u1EA3n l\u00FD t\u00E0i kho\u1EA3n merchant/Qu\u1EA3n l\u00FD d\u1ECBch v\u1EE5 merchant/20241012_202601"/>
         <property name="logFiles" value="/Users/mac/Documents/test/Cms9Pay/Reports/20241012_202600/Qu\u1EA3n l\u00FD t\u00E0i kho\u1EA3n merchant/Qu\u1EA3n l\u00FD d\u1ECBch v\u1EE5 merchant/20241012_202601/execution0.log"/>
         <property name="attachments" value=""/>
         <property name="hostName" value="mac - 192.168.1.10"/>
         <property name="os" value="Mac OS X 64bit"/>
         <property name="katalonVersion" value="9.7.2.223"/>
         <property name="browser" value="Chrome 129.0.0.0"/>
         <property name="hostAddress" value="192.168.1.10"/>
         <property name="sessionId" value="e4f789fd72ee0a6c823d67509391efe9"/>
         <property name="seleniumVersion" value="3.141.59"/>
         <property name="proxyInformation" value="ProxyInformation { proxyOption=NO_PROXY, proxyServerType=HTTP, username=, password=********, proxyServerAddress=, proxyServerPort=0, executionList=&quot;&quot;, isApplyToDesiredCapabilities=true }"/>
         <property name="platform" value="Mac OS X"/>
      </properties>
      <testcase name="Test Cases/Quản lý tài khoản merchant/Quản lý dịch vụ merchant/TC_01_Kiểm tra chức năng search" time="14.355" classname="Test Cases/Quản lý tài khoản merchant/Quản lý dịch vụ merchant/TC_01_Kiểm tra chức năng search" status="PASSED">
         <system-out><![CDATA[12-10-2024T20:26:07 - [TEST_CASE][PASSED] - Test Cases/Quản lý tài khoản merchant/Quản lý dịch vụ merchant/TC_01_Kiểm tra chức năng search: Test Cases/Quản lý tài khoản merchant/Quản lý dịch vụ merchant/TC_01_Kiểm tra chức năng search

12-10-2024T20:26:07 - [TEST_STEP][PASSED] - Start listener action : sampleBeforeTestCase: Navigate to 'https://stg-cms-console.9pay.mobi/login' successfully

12-10-2024T20:26:07 - [TEST_STEP][PASSED] - testCaseId = testCaseContext.getTestCaseId(): null

12-10-2024T20:26:07 - [TEST_STEP][PASSED] - url = <not implemented yet for class: org.codehaus.groovy.ast.expr.EmptyExpression>: null

12-10-2024T20:26:07 - [TEST_STEP][PASSED] - if (testCaseId == "Test Cases/Quản lý tài khoản merchant/Quản lý dịch vụ merchant/TC_14_Kiểm tra thay đổi sau khi cấu hình VA trên MCV"): null

12-10-2024T20:26:07 - [TEST_STEP][PASSED] - else: null

12-10-2024T20:26:07 - [TEST_STEP][PASSED] - url = "https://stg-cms-console.9pay.mobi/login": null

12-10-2024T20:26:07 - [TEST_STEP][PASSED] - openBrowser(""): Browser is opened with url: ''

12-10-2024T20:26:07 - [MESSAGE][INFO] - Starting 'Chrome' driver

12-10-2024T20:26:07 - [MESSAGE][INFO] - Action delay is set to 0 milliseconds

12-10-2024T20:26:09 - [MESSAGE][PASSED] - Browser is opened with url: ''

12-10-2024T20:26:09 - [TEST_STEP][PASSED] - maximizeWindow(): Current window maximized

12-10-2024T20:26:09 - [MESSAGE][PASSED] - Current window maximized

12-10-2024T20:26:09 - [TEST_STEP][PASSED] - navigateToUrl(url): Navigate to 'https://stg-cms-console.9pay.mobi/login' successfully

12-10-2024T20:26:12 - [MESSAGE][PASSED] - Navigate to 'https://stg-cms-console.9pay.mobi/login' successfully

12-10-2024T20:26:12 - [TEST_STEP][PASSED] - callTestCase(findTestCase("Test Cases/Login/LoginCommon"), [:], STOP_ON_FAILURE): Call Test Case 'Test Cases/Login/LoginCommon' successfully

12-10-2024T20:26:12 - [TEST_CASE][PASSED] - Test Cases/Login/LoginCommon: Test Cases/Login/LoginCommon

12-10-2024T20:26:12 - [TEST_STEP][PASSED] - driver = getWebDriver(): null

12-10-2024T20:26:12 - [TEST_STEP][PASSED] - sendKeys(findTestObject("Quản lý tài khoản merchant/Quản lý dịch vụ merchant/userNameTextbox"), userAccount): Keys 'dannt@9pay.vn' sent to object: 'Object Repository/Quản lý tài khoản merchant/Quản lý dịch vụ merchant/userNameTextbox'

12-10-2024T20:26:13 - [MESSAGE][PASSED] - Keys 'dannt@9pay.vn' sent to object: 'Object Repository/Quản lý tài khoản merchant/Quản lý dịch vụ merchant/userNameTextbox'

12-10-2024T20:26:13 - [TEST_STEP][PASSED] - sendKeys(findTestObject("Quản lý tài khoản merchant/Quản lý dịch vụ merchant/passwordTextbox"), password): Keys 'dannt@9pay.vn' sent to object: 'Object Repository/Quản lý tài khoản merchant/Quản lý dịch vụ merchant/passwordTextbox'

12-10-2024T20:26:13 - [MESSAGE][PASSED] - Keys 'dannt@9pay.vn' sent to object: 'Object Repository/Quản lý tài khoản merchant/Quản lý dịch vụ merchant/passwordTextbox'

12-10-2024T20:26:13 - [TEST_STEP][PASSED] - click(findTestObject("Quản lý tài khoản merchant/Quản lý dịch vụ merchant/loginButton")): Object: 'Object Repository/Quản lý tài khoản merchant/Quản lý dịch vụ merchant/loginButton' is clicked on

12-10-2024T20:26:13 - [MESSAGE][PASSED] - Object: 'Object Repository/Quản lý tài khoản merchant/Quản lý dịch vụ merchant/loginButton' is clicked on

12-10-2024T20:26:13 - [MESSAGE][PASSED] - Call Test Case 'Test Cases/Login/LoginCommon' successfully

12-10-2024T20:26:13 - [TEST_STEP][PASSED] - waitForElementVisible(findTestObject("Trang chủ/userName"), 20, STOP_ON_FAILURE): Object 'Object Repository/Trang chủ/userName' is visible

12-10-2024T20:26:17 - [MESSAGE][PASSED] - Object 'Object Repository/Trang chủ/userName' is visible

12-10-2024T20:26:17 - [TEST_STEP][PASSED] - callTestCase(findTestCase("Test Cases/Quản lý tài khoản merchant/Quản lý danh sách tài khoản/CustomFunctions"), [:], STOP_ON_FAILURE): Call Test Case 'Test Cases/Quản lý tài khoản merchant/Quản lý danh sách tài khoản/CustomFunctions' successfully

12-10-2024T20:26:17 - [TEST_CASE][PASSED] - Test Cases/Quản lý tài khoản merchant/Quản lý danh sách tài khoản/CustomFunctions: Test Cases/Quản lý tài khoản merchant/Quản lý danh sách tài khoản/CustomFunctions

12-10-2024T20:26:17 - [TEST_STEP][PASSED] - driver = getWebDriver(): null

12-10-2024T20:26:17 - [TEST_STEP][PASSED] - sleep(2000): null

12-10-2024T20:26:19 - [TEST_STEP][PASSED] - element1 = driver.findElement(By.xpath(xpathManagerMC)): null

12-10-2024T20:26:19 - [TEST_STEP][PASSED] - actions = new org.openqa.selenium.interactions.Actions(driver): null

12-10-2024T20:26:19 - [TEST_STEP][PASSED] - click().perform(): null

12-10-2024T20:26:19 - [TEST_STEP][PASSED] - wait = new org.openqa.selenium.support.ui.WebDriverWait(com.kms.katalon.core.webui.driver.DriverFactory.getWebDriver(), 15): null

12-10-2024T20:26:19 - [TEST_STEP][PASSED] - element2 = wait.until(ExpectedConditions.elementToBeClickable(By.xpath(xpathManagerServiceMC))): null

12-10-2024T20:26:20 - [TEST_STEP][PASSED] - click().perform(): null

12-10-2024T20:26:20 - [MESSAGE][PASSED] - Call Test Case 'Test Cases/Quản lý tài khoản merchant/Quản lý danh sách tài khoản/CustomFunctions' successfully

12-10-2024T20:26:20 - [TEST_STEP][PASSED] - verifyElementPresent(findTestObject("Quản lý tài khoản merchant/Quản lý dịch vụ merchant/headerMenu"), 3): Object 'Object Repository/Quản lý tài khoản merchant/Quản lý dịch vụ merchant/headerMenu' is present

12-10-2024T20:26:21 - [MESSAGE][PASSED] - Object 'Object Repository/Quản lý tài khoản merchant/Quản lý dịch vụ merchant/headerMenu' is present

12-10-2024T20:26:21 - [TEST_STEP][PASSED] - Start listener action : sampleAfterTestCase: null

12-10-2024T20:26:21 - [TEST_STEP][PASSED] - testCaseId = testCaseContext.getTestCaseId(): null

12-10-2024T20:26:21 - [TEST_STEP][PASSED] - if (testCaseId == "Test Cases/Quản lý tài khoản merchant/Quản lý dịch vụ merchant/TC_13_Kiểm tra chức năng xác nhận cấu hình thay đổi VA"): null]]></system-out>
         <system-err><![CDATA[]]></system-err>
      </testcase>
      <testcase name="Test Cases/Quản lý tài khoản merchant/Quản lý dịch vụ merchant/TC_02_Kiểm tra chức năng search khi chọn dịch vụ là chi hộ" time="13.756" classname="Test Cases/Quản lý tài khoản merchant/Quản lý dịch vụ merchant/TC_02_Kiểm tra chức năng search khi chọn dịch vụ là chi hộ" status="PASSED">
         <system-out><![CDATA[12-10-2024T20:26:21 - [TEST_CASE][PASSED] - Test Cases/Quản lý tài khoản merchant/Quản lý dịch vụ merchant/TC_02_Kiểm tra chức năng search khi chọn dịch vụ là chi hộ: Test Cases/Quản lý tài khoản merchant/Quản lý dịch vụ merchant/TC_02_Kiểm tra chức năng search khi chọn dịch vụ là chi hộ

12-10-2024T20:26:21 - [TEST_STEP][PASSED] - Start listener action : sampleBeforeTestCase: Navigate to 'https://stg-cms-console.9pay.mobi/login' successfully

12-10-2024T20:26:21 - [TEST_STEP][PASSED] - testCaseId = testCaseContext.getTestCaseId(): null

12-10-2024T20:26:21 - [TEST_STEP][PASSED] - url = <not implemented yet for class: org.codehaus.groovy.ast.expr.EmptyExpression>: null

12-10-2024T20:26:21 - [TEST_STEP][PASSED] - if (testCaseId == "Test Cases/Quản lý tài khoản merchant/Quản lý dịch vụ merchant/TC_14_Kiểm tra thay đổi sau khi cấu hình VA trên MCV"): null

12-10-2024T20:26:21 - [TEST_STEP][PASSED] - else: null

12-10-2024T20:26:21 - [TEST_STEP][PASSED] - url = "https://stg-cms-console.9pay.mobi/login": null

12-10-2024T20:26:21 - [TEST_STEP][PASSED] - openBrowser(""): Browser is opened with url: ''

12-10-2024T20:26:21 - [MESSAGE][WARNING] - A browser is already opened. Closing browser and opening a new one

12-10-2024T20:26:21 - [MESSAGE][INFO] - Starting 'Chrome' driver

12-10-2024T20:26:21 - [MESSAGE][INFO] - Action delay is set to 0 milliseconds

12-10-2024T20:26:22 - [MESSAGE][PASSED] - Browser is opened with url: ''

12-10-2024T20:26:22 - [TEST_STEP][PASSED] - maximizeWindow(): Current window maximized

12-10-2024T20:26:22 - [MESSAGE][PASSED] - Current window maximized

12-10-2024T20:26:22 - [TEST_STEP][PASSED] - navigateToUrl(url): Navigate to 'https://stg-cms-console.9pay.mobi/login' successfully

12-10-2024T20:26:24 - [MESSAGE][PASSED] - Navigate to 'https://stg-cms-console.9pay.mobi/login' successfully

12-10-2024T20:26:24 - [TEST_STEP][PASSED] - callTestCase(findTestCase("Test Cases/Login/LoginCommon"), [:], STOP_ON_FAILURE): Call Test Case 'Test Cases/Login/LoginCommon' successfully

12-10-2024T20:26:24 - [TEST_CASE][PASSED] - Test Cases/Login/LoginCommon: Test Cases/Login/LoginCommon

12-10-2024T20:26:24 - [TEST_STEP][PASSED] - driver = getWebDriver(): null

12-10-2024T20:26:24 - [TEST_STEP][PASSED] - sendKeys(findTestObject("Quản lý tài khoản merchant/Quản lý dịch vụ merchant/userNameTextbox"), userAccount): Keys 'dannt@9pay.vn' sent to object: 'Object Repository/Quản lý tài khoản merchant/Quản lý dịch vụ merchant/userNameTextbox'

12-10-2024T20:26:24 - [MESSAGE][PASSED] - Keys 'dannt@9pay.vn' sent to object: 'Object Repository/Quản lý tài khoản merchant/Quản lý dịch vụ merchant/userNameTextbox'

12-10-2024T20:26:24 - [TEST_STEP][PASSED] - sendKeys(findTestObject("Quản lý tài khoản merchant/Quản lý dịch vụ merchant/passwordTextbox"), password): Keys 'dannt@9pay.vn' sent to object: 'Object Repository/Quản lý tài khoản merchant/Quản lý dịch vụ merchant/passwordTextbox'

12-10-2024T20:26:25 - [MESSAGE][PASSED] - Keys 'dannt@9pay.vn' sent to object: 'Object Repository/Quản lý tài khoản merchant/Quản lý dịch vụ merchant/passwordTextbox'

12-10-2024T20:26:25 - [TEST_STEP][PASSED] - click(findTestObject("Quản lý tài khoản merchant/Quản lý dịch vụ merchant/loginButton")): Object: 'Object Repository/Quản lý tài khoản merchant/Quản lý dịch vụ merchant/loginButton' is clicked on

12-10-2024T20:26:25 - [MESSAGE][PASSED] - Object: 'Object Repository/Quản lý tài khoản merchant/Quản lý dịch vụ merchant/loginButton' is clicked on

12-10-2024T20:26:25 - [MESSAGE][PASSED] - Call Test Case 'Test Cases/Login/LoginCommon' successfully

12-10-2024T20:26:25 - [TEST_STEP][PASSED] - waitForElementVisible(findTestObject("Trang chủ/userName"), 20, STOP_ON_FAILURE): Object 'Object Repository/Trang chủ/userName' is visible

12-10-2024T20:26:29 - [MESSAGE][PASSED] - Object 'Object Repository/Trang chủ/userName' is visible

12-10-2024T20:26:29 - [TEST_STEP][PASSED] - callTestCase(findTestCase("Test Cases/Quản lý tài khoản merchant/Quản lý danh sách tài khoản/CustomFunctions"), [:], STOP_ON_FAILURE): Call Test Case 'Test Cases/Quản lý tài khoản merchant/Quản lý danh sách tài khoản/CustomFunctions' successfully

12-10-2024T20:26:29 - [TEST_CASE][PASSED] - Test Cases/Quản lý tài khoản merchant/Quản lý danh sách tài khoản/CustomFunctions: Test Cases/Quản lý tài khoản merchant/Quản lý danh sách tài khoản/CustomFunctions

12-10-2024T20:26:29 - [TEST_STEP][PASSED] - driver = getWebDriver(): null

12-10-2024T20:26:29 - [TEST_STEP][PASSED] - sleep(2000): null

12-10-2024T20:26:31 - [TEST_STEP][PASSED] - element1 = driver.findElement(By.xpath(xpathManagerMC)): null

12-10-2024T20:26:31 - [TEST_STEP][PASSED] - actions = new org.openqa.selenium.interactions.Actions(driver): null

12-10-2024T20:26:31 - [TEST_STEP][PASSED] - click().perform(): null

12-10-2024T20:26:31 - [TEST_STEP][PASSED] - wait = new org.openqa.selenium.support.ui.WebDriverWait(com.kms.katalon.core.webui.driver.DriverFactory.getWebDriver(), 15): null

12-10-2024T20:26:31 - [TEST_STEP][PASSED] - element2 = wait.until(ExpectedConditions.elementToBeClickable(By.xpath(xpathManagerServiceMC))): null

12-10-2024T20:26:32 - [TEST_STEP][PASSED] - click().perform(): null

12-10-2024T20:26:32 - [MESSAGE][PASSED] - Call Test Case 'Test Cases/Quản lý tài khoản merchant/Quản lý danh sách tài khoản/CustomFunctions' successfully

12-10-2024T20:26:32 - [TEST_STEP][PASSED] - driver = getWebDriver(): null

12-10-2024T20:26:32 - [TEST_STEP][PASSED] - dropdown = driver.findElement(By.name("service_type")): null

12-10-2024T20:26:33 - [TEST_STEP][PASSED] - xpath("//option[@value='TRANSFER_BANK']")).click(): null

12-10-2024T20:26:33 - [TEST_STEP][PASSED] - click(findTestObject("Quản lý tài khoản merchant/Quản lý dịch vụ merchant/searchBtn")): Object: 'Object Repository/Quản lý tài khoản merchant/Quản lý dịch vụ merchant/searchBtn' is clicked on

12-10-2024T20:26:33 - [MESSAGE][PASSED] - Object: 'Object Repository/Quản lý tài khoản merchant/Quản lý dịch vụ merchant/searchBtn' is clicked on

12-10-2024T20:26:33 - [TEST_STEP][PASSED] - xpath = "//label[contains(@for, 'transfer_provider_EPAY')]": null

12-10-2024T20:26:33 - [TEST_STEP][PASSED] - elements = new java.util.ArrayList(): null

12-10-2024T20:26:33 - [TEST_STEP][PASSED] - elements = driver.findElements(By.xpath(xpath)): null

12-10-2024T20:26:35 - [TEST_STEP][PASSED] - println("Số lượng phần tử: " + elements.size()): null

12-10-2024T20:26:35 - [TEST_STEP][PASSED] - expectedElements = 25: null

12-10-2024T20:26:35 - [TEST_STEP][PASSED] - if (elements.size() == expectedElements): Test case đã pass với số lượng icon đúng.

12-10-2024T20:26:35 - [TEST_STEP][PASSED] - println("Số lượng icon tìm thấy là đúng: " + elements.size()): null

12-10-2024T20:26:35 - [TEST_STEP][PASSED] - markPassed("Test case đã pass với số lượng icon đúng."): Test case đã pass với số lượng icon đúng.

12-10-2024T20:26:35 - [MESSAGE][PASSED] - Test case đã pass với số lượng icon đúng.

12-10-2024T20:26:35 - [TEST_STEP][PASSED] - Start listener action : sampleAfterTestCase: null

12-10-2024T20:26:35 - [TEST_STEP][PASSED] - testCaseId = testCaseContext.getTestCaseId(): null

12-10-2024T20:26:35 - [TEST_STEP][PASSED] - if (testCaseId == "Test Cases/Quản lý tài khoản merchant/Quản lý dịch vụ merchant/TC_13_Kiểm tra chức năng xác nhận cấu hình thay đổi VA"): null]]></system-out>
         <system-err><![CDATA[]]></system-err>
      </testcase>
      <testcase name="Test Cases/Quản lý tài khoản merchant/Quản lý dịch vụ merchant/TC_03_Kiểm tra chức năng search khi chọn dịch vụ là chi hộ và Active" time="14.619" classname="Test Cases/Quản lý tài khoản merchant/Quản lý dịch vụ merchant/TC_03_Kiểm tra chức năng search khi chọn dịch vụ là chi hộ và Active" status="PASSED">
         <system-out><![CDATA[12-10-2024T20:26:35 - [TEST_CASE][PASSED] - Test Cases/Quản lý tài khoản merchant/Quản lý dịch vụ merchant/TC_03_Kiểm tra chức năng search khi chọn dịch vụ là chi hộ và Active: Test Cases/Quản lý tài khoản merchant/Quản lý dịch vụ merchant/TC_03_Kiểm tra chức năng search khi chọn dịch vụ là chi hộ và Active

12-10-2024T20:26:35 - [TEST_STEP][PASSED] - Start listener action : sampleBeforeTestCase: Navigate to 'https://stg-cms-console.9pay.mobi/login' successfully

12-10-2024T20:26:35 - [TEST_STEP][PASSED] - testCaseId = testCaseContext.getTestCaseId(): null

12-10-2024T20:26:35 - [TEST_STEP][PASSED] - url = <not implemented yet for class: org.codehaus.groovy.ast.expr.EmptyExpression>: null

12-10-2024T20:26:35 - [TEST_STEP][PASSED] - if (testCaseId == "Test Cases/Quản lý tài khoản merchant/Quản lý dịch vụ merchant/TC_14_Kiểm tra thay đổi sau khi cấu hình VA trên MCV"): null

12-10-2024T20:26:35 - [TEST_STEP][PASSED] - else: null

12-10-2024T20:26:35 - [TEST_STEP][PASSED] - url = "https://stg-cms-console.9pay.mobi/login": null

12-10-2024T20:26:35 - [TEST_STEP][PASSED] - openBrowser(""): Browser is opened with url: ''

12-10-2024T20:26:35 - [MESSAGE][WARNING] - A browser is already opened. Closing browser and opening a new one

12-10-2024T20:26:35 - [MESSAGE][INFO] - Starting 'Chrome' driver

12-10-2024T20:26:35 - [MESSAGE][INFO] - Action delay is set to 0 milliseconds

12-10-2024T20:26:35 - [MESSAGE][PASSED] - Browser is opened with url: ''

12-10-2024T20:26:35 - [TEST_STEP][PASSED] - maximizeWindow(): Current window maximized

12-10-2024T20:26:36 - [MESSAGE][PASSED] - Current window maximized

12-10-2024T20:26:36 - [TEST_STEP][PASSED] - navigateToUrl(url): Navigate to 'https://stg-cms-console.9pay.mobi/login' successfully

12-10-2024T20:26:40 - [MESSAGE][PASSED] - Navigate to 'https://stg-cms-console.9pay.mobi/login' successfully

12-10-2024T20:26:40 - [TEST_STEP][PASSED] - callTestCase(findTestCase("Test Cases/Login/LoginCommon"), [:], STOP_ON_FAILURE): Call Test Case 'Test Cases/Login/LoginCommon' successfully

12-10-2024T20:26:40 - [TEST_CASE][PASSED] - Test Cases/Login/LoginCommon: Test Cases/Login/LoginCommon

12-10-2024T20:26:40 - [TEST_STEP][PASSED] - driver = getWebDriver(): null

12-10-2024T20:26:40 - [TEST_STEP][PASSED] - sendKeys(findTestObject("Quản lý tài khoản merchant/Quản lý dịch vụ merchant/userNameTextbox"), userAccount): Keys 'dannt@9pay.vn' sent to object: 'Object Repository/Quản lý tài khoản merchant/Quản lý dịch vụ merchant/userNameTextbox'

12-10-2024T20:26:40 - [MESSAGE][PASSED] - Keys 'dannt@9pay.vn' sent to object: 'Object Repository/Quản lý tài khoản merchant/Quản lý dịch vụ merchant/userNameTextbox'

12-10-2024T20:26:40 - [TEST_STEP][PASSED] - sendKeys(findTestObject("Quản lý tài khoản merchant/Quản lý dịch vụ merchant/passwordTextbox"), password): Keys 'dannt@9pay.vn' sent to object: 'Object Repository/Quản lý tài khoản merchant/Quản lý dịch vụ merchant/passwordTextbox'

12-10-2024T20:26:40 - [MESSAGE][PASSED] - Keys 'dannt@9pay.vn' sent to object: 'Object Repository/Quản lý tài khoản merchant/Quản lý dịch vụ merchant/passwordTextbox'

12-10-2024T20:26:40 - [TEST_STEP][PASSED] - click(findTestObject("Quản lý tài khoản merchant/Quản lý dịch vụ merchant/loginButton")): Object: 'Object Repository/Quản lý tài khoản merchant/Quản lý dịch vụ merchant/loginButton' is clicked on

12-10-2024T20:26:41 - [MESSAGE][PASSED] - Object: 'Object Repository/Quản lý tài khoản merchant/Quản lý dịch vụ merchant/loginButton' is clicked on

12-10-2024T20:26:41 - [MESSAGE][PASSED] - Call Test Case 'Test Cases/Login/LoginCommon' successfully

12-10-2024T20:26:41 - [TEST_STEP][PASSED] - waitForElementVisible(findTestObject("Trang chủ/userName"), 20, STOP_ON_FAILURE): Object 'Object Repository/Trang chủ/userName' is visible

12-10-2024T20:26:42 - [MESSAGE][PASSED] - Object 'Object Repository/Trang chủ/userName' is visible

12-10-2024T20:26:42 - [TEST_STEP][PASSED] - callTestCase(findTestCase("Test Cases/Quản lý tài khoản merchant/Quản lý danh sách tài khoản/CustomFunctions"), [:], STOP_ON_FAILURE): Call Test Case 'Test Cases/Quản lý tài khoản merchant/Quản lý danh sách tài khoản/CustomFunctions' successfully

12-10-2024T20:26:42 - [TEST_CASE][PASSED] - Test Cases/Quản lý tài khoản merchant/Quản lý danh sách tài khoản/CustomFunctions: Test Cases/Quản lý tài khoản merchant/Quản lý danh sách tài khoản/CustomFunctions

12-10-2024T20:26:42 - [TEST_STEP][PASSED] - driver = getWebDriver(): null

12-10-2024T20:26:42 - [TEST_STEP][PASSED] - sleep(2000): null

12-10-2024T20:26:44 - [TEST_STEP][PASSED] - element1 = driver.findElement(By.xpath(xpathManagerMC)): null

12-10-2024T20:26:45 - [TEST_STEP][PASSED] - actions = new org.openqa.selenium.interactions.Actions(driver): null

12-10-2024T20:26:45 - [TEST_STEP][PASSED] - click().perform(): null

12-10-2024T20:26:45 - [TEST_STEP][PASSED] - wait = new org.openqa.selenium.support.ui.WebDriverWait(com.kms.katalon.core.webui.driver.DriverFactory.getWebDriver(), 15): null

12-10-2024T20:26:45 - [TEST_STEP][PASSED] - element2 = wait.until(ExpectedConditions.elementToBeClickable(By.xpath(xpathManagerServiceMC))): null

12-10-2024T20:26:45 - [TEST_STEP][PASSED] - click().perform(): null

12-10-2024T20:26:45 - [MESSAGE][PASSED] - Call Test Case 'Test Cases/Quản lý tài khoản merchant/Quản lý danh sách tài khoản/CustomFunctions' successfully

12-10-2024T20:26:45 - [TEST_STEP][PASSED] - driver = getWebDriver(): null

12-10-2024T20:26:45 - [TEST_STEP][PASSED] - dropdownService = driver.findElement(By.name("service_type")): null

12-10-2024T20:26:47 - [TEST_STEP][PASSED] - dropdownStt = driver.findElement(By.name("is_active")): null

12-10-2024T20:26:47 - [TEST_STEP][PASSED] - xpath("//option[@value='TRANSFER_BANK']")).click(): null

12-10-2024T20:26:47 - [TEST_STEP][PASSED] - xpath("//option[@value="1"]")).click(): null

12-10-2024T20:26:47 - [TEST_STEP][PASSED] - click(findTestObject("Quản lý tài khoản merchant/Quản lý dịch vụ merchant/searchBtn")): Object: 'Object Repository/Quản lý tài khoản merchant/Quản lý dịch vụ merchant/searchBtn' is clicked on

12-10-2024T20:26:48 - [MESSAGE][PASSED] - Object: 'Object Repository/Quản lý tài khoản merchant/Quản lý dịch vụ merchant/searchBtn' is clicked on

12-10-2024T20:26:48 - [TEST_STEP][PASSED] - xpathPayOn = "//label[contains(@for, 'transfer_provider_EPAY')]": null

12-10-2024T20:26:48 - [TEST_STEP][PASSED] - xpathSttActive = "//td//span[contains(text(),'Đang hoạt động')]": null

12-10-2024T20:26:48 - [TEST_STEP][PASSED] - PayOns = new java.util.ArrayList(): null

12-10-2024T20:26:48 - [TEST_STEP][PASSED] - SttActives = new java.util.ArrayList(): null

12-10-2024T20:26:48 - [TEST_STEP][PASSED] - PayOns = driver.findElements(By.xpath(xpathPayOn)): null

12-10-2024T20:26:49 - [TEST_STEP][PASSED] - SttActives = driver.findElements(By.xpath(xpathSttActive)): null

12-10-2024T20:26:49 - [TEST_STEP][PASSED] - println("Số lượng phần tử chi hộ: " + PayOns.size()): null

12-10-2024T20:26:49 - [TEST_STEP][PASSED] - println("Số lượng phần tử active là: " + SttActives.size()): null

12-10-2024T20:26:49 - [TEST_STEP][PASSED] - expectedElements = 25: null

12-10-2024T20:26:49 - [TEST_STEP][PASSED] - if (PayOns.size() == expectedElements && SttActives.size() == expectedElements): Test case đã pass với số lượng icon đúng.

12-10-2024T20:26:49 - [TEST_STEP][PASSED] - markPassed("Test case đã pass với số lượng icon đúng."): Test case đã pass với số lượng icon đúng.

12-10-2024T20:26:49 - [MESSAGE][PASSED] - Test case đã pass với số lượng icon đúng.

12-10-2024T20:26:49 - [TEST_STEP][PASSED] - Start listener action : sampleAfterTestCase: null

12-10-2024T20:26:49 - [TEST_STEP][PASSED] - testCaseId = testCaseContext.getTestCaseId(): null

12-10-2024T20:26:49 - [TEST_STEP][PASSED] - if (testCaseId == "Test Cases/Quản lý tài khoản merchant/Quản lý dịch vụ merchant/TC_13_Kiểm tra chức năng xác nhận cấu hình thay đổi VA"): null]]></system-out>
         <system-err><![CDATA[]]></system-err>
      </testcase>
      <testcase name="Test Cases/Quản lý tài khoản merchant/Quản lý dịch vụ merchant/TC_04_Kiểm tra chức năng search khi chọn dịch vụ là chi hộ và Inactive" time="38.773" classname="Test Cases/Quản lý tài khoản merchant/Quản lý dịch vụ merchant/TC_04_Kiểm tra chức năng search khi chọn dịch vụ là chi hộ và Inactive" status="ERROR">
         <error type="ERROR" message="Test Cases/Quản lý tài khoản merchant/Quản lý dịch vụ merchant/TC_04_Kiểm tra chức năng search khi chọn dịch vụ là chi hộ và Inactive FAILED.&#xa;Reason:&#xa;com.kms.katalon.core.exception.StepErrorException: Call Test Case 'Test Cases/Quản lý tài khoản merchant/Quản lý danh sách tài khoản/CustomFunctions' failed because of error(s)&#xa;	at com.kms.katalon.core.keyword.builtin.CallTestCaseKeyword$_callTestCase_closure1.doCall(CallTestCaseKeyword.groovy:66)&#xa;	at com.kms.katalon.core.keyword.builtin.CallTestCaseKeyword$_callTestCase_closure1.call(CallTestCaseKeyword.groovy)&#xa;	at com.kms.katalon.core.keyword.internal.KeywordMain.runKeyword(KeywordMain.groovy:75)&#xa;	at com.kms.katalon.core.keyword.builtin.CallTestCaseKeyword.callTestCase(CallTestCaseKeyword.groovy:81)&#xa;	at com.kms.katalon.core.keyword.builtin.CallTestCaseKeyword.execute(CallTestCaseKeyword.groovy:44)&#xa;	at com.kms.katalon.core.keyword.internal.KeywordExecutor.executeKeywordForPlatform(KeywordExecutor.groovy:74)&#xa;	at com.kms.katalon.core.keyword.BuiltinKeywords.callTestCase(BuiltinKeywords.groovy:310)&#xa;	at java.base/jdk.internal.reflect.NativeMethodAccessorImpl.invoke0(Native Method)&#xa;	at java.base/jdk.internal.reflect.NativeMethodAccessorImpl.invoke(NativeMethodAccessorImpl.java:77)&#xa;	at java.base/jdk.internal.reflect.DelegatingMethodAccessorImpl.invoke(DelegatingMethodAccessorImpl.java:43)&#xa;	at TC_04_Kiểm tra chức năng search khi chọn dịch vụ là chi hộ và Inactive.run(TC_04_Kiểm tra chức năng search khi chọn dịch vụ là chi hộ và Inactive:28)&#xa;	at com.kms.katalon.core.main.ScriptEngine.run(ScriptEngine.java:194)&#xa;	at com.kms.katalon.core.main.ScriptEngine.runScriptAsRawText(ScriptEngine.java:119)&#xa;	at com.kms.katalon.core.main.TestCaseExecutor.runScript(TestCaseExecutor.java:448)&#xa;	at com.kms.katalon.core.main.TestCaseExecutor.doExecute(TestCaseExecutor.java:439)&#xa;	at com.kms.katalon.core.main.TestCaseExecutor.processExecutionPhase(TestCaseExecutor.java:418)&#xa;	at com.kms.katalon.core.main.TestCaseExecutor.accessMainPhase(TestCaseExecutor.java:410)&#xa;	at com.kms.katalon.core.main.TestCaseExecutor.execute(TestCaseExecutor.java:285)&#xa;	at com.kms.katalon.core.common.CommonExecutor.accessTestCaseMainPhase(CommonExecutor.java:65)&#xa;	at com.kms.katalon.core.main.TestSuiteExecutor.accessTestSuiteMainPhase(TestSuiteExecutor.java:150)&#xa;	at com.kms.katalon.core.main.TestSuiteExecutor.execute(TestSuiteExecutor.java:106)&#xa;	at com.kms.katalon.core.main.TestCaseMain.startTestSuite(TestCaseMain.java:180)&#xa;	at TempTestSuite1728739561259.run(TempTestSuite1728739561259.groovy:35)&#xa;	at java.base/jdk.internal.reflect.NativeMethodAccessorImpl.invoke0(Native Method)&#xa;	at java.base/jdk.internal.reflect.NativeMethodAccessorImpl.invoke(NativeMethodAccessorImpl.java:77)&#xa;	at java.base/jdk.internal.reflect.DelegatingMethodAccessorImpl.invoke(DelegatingMethodAccessorImpl.java:43)&#xa;Caused by: org.openqa.selenium.TimeoutException: Expected condition failed: waiting for element to be clickable: By.xpath: //a[contains(text(),'Quản lý dịch vụ merchant')] (tried for 15 second(s) with 500 milliseconds interval)&#xa;Build info: version: '3.141.59', revision: 'unknown', time: 'unknown'&#xa;System info: host: 'Aidan', ip: '2405:4803:fd90:9ef0:35c5:6ea1:b1e8:64e8%en0', os.name: 'Mac OS X', os.arch: 'aarch64', os.version: '15.0.1', java.version: '17.0.7'&#xa;Driver info: com.kms.katalon.core.webui.driver.SmartWaitWebDriver&#xa;Capabilities {acceptInsecureCerts: false, browserName: chrome, browserVersion: 129.0.6668.91, chrome: {chromedriverVersion: 128.0.6613.84 (606aa55c7d68..., userDataDir: /var/folders/t5/b7k67ybj7gz...}, fedcm:accounts: true, goog:chromeOptions: {debuggerAddress: localhost:64150}, javascriptEnabled: true, networkConnectionEnabled: false, pageLoadStrategy: normal, platform: MAC, platformName: MAC, proxy: Proxy(), setWindowRect: true, strictFileInteractability: false, timeouts: {implicit: 0, pageLoad: 300000, script: 30000}, unhandledPromptBehavior: dismiss and notify, webauthn:extension:credBlob: true, webauthn:extension:largeBlob: true, webauthn:extension:minPinLength: true, webauthn:extension:prf: true, webauthn:virtualAuthenticators: true}&#xa;Session ID: 38976a8260e6830922472483fe9a9cc8&#xa;	at org.openqa.selenium.support.ui.WebDriverWait.timeoutException(WebDriverWait.java:95)&#xa;	at org.openqa.selenium.support.ui.FluentWait.until(FluentWait.java:272)&#xa;	at CustomFunctions.run(CustomFunctions:19)&#xa;	at com.kms.katalon.core.main.ScriptEngine.run(ScriptEngine.java:194)&#xa;	at com.kms.katalon.core.main.ScriptEngine.runScriptAsRawText(ScriptEngine.java:119)&#xa;	at com.kms.katalon.core.main.TestCaseExecutor.runScript(TestCaseExecutor.java:448)&#xa;	at com.kms.katalon.core.main.TestCaseExecutor.doExecute(TestCaseExecutor.java:439)&#xa;	at com.kms.katalon.core.main.TestCaseExecutor.processExecutionPhase(TestCaseExecutor.java:418)&#xa;	at com.kms.katalon.core.main.TestCaseExecutor.accessMainPhase(TestCaseExecutor.java:410)&#xa;	at com.kms.katalon.core.main.TestCaseExecutor.execute(TestCaseExecutor.java:285)&#xa;	at com.kms.katalon.core.main.TestCaseMain.runTestCase(TestCaseMain.java:137)&#xa;	at com.kms.katalon.core.keyword.builtin.CallTestCaseKeyword$_callTestCase_closure1.doCall(CallTestCaseKeyword.groovy:59)&#xa;	... 25 more&#xa;"/>
         <system-out><![CDATA[12-10-2024T20:26:49 - [TEST_CASE][ERROR] - Test Cases/Quản lý tài khoản merchant/Quản lý dịch vụ merchant/TC_04_Kiểm tra chức năng search khi chọn dịch vụ là chi hộ và Inactive: Test Cases/Quản lý tài khoản merchant/Quản lý dịch vụ merchant/TC_04_Kiểm tra chức năng search khi chọn dịch vụ là chi hộ và Inactive FAILED.
Reason:
com.kms.katalon.core.exception.StepErrorException: Call Test Case 'Test Cases/Quản lý tài khoản merchant/Quản lý danh sách tài khoản/CustomFunctions' failed because of error(s)
	at com.kms.katalon.core.keyword.builtin.CallTestCaseKeyword$_callTestCase_closure1.doCall(CallTestCaseKeyword.groovy:66)
	at com.kms.katalon.core.keyword.builtin.CallTestCaseKeyword$_callTestCase_closure1.call(CallTestCaseKeyword.groovy)
	at com.kms.katalon.core.keyword.internal.KeywordMain.runKeyword(KeywordMain.groovy:75)
	at com.kms.katalon.core.keyword.builtin.CallTestCaseKeyword.callTestCase(CallTestCaseKeyword.groovy:81)
	at com.kms.katalon.core.keyword.builtin.CallTestCaseKeyword.execute(CallTestCaseKeyword.groovy:44)
	at com.kms.katalon.core.keyword.internal.KeywordExecutor.executeKeywordForPlatform(KeywordExecutor.groovy:74)
	at com.kms.katalon.core.keyword.BuiltinKeywords.callTestCase(BuiltinKeywords.groovy:310)
	at java.base/jdk.internal.reflect.NativeMethodAccessorImpl.invoke0(Native Method)
	at java.base/jdk.internal.reflect.NativeMethodAccessorImpl.invoke(NativeMethodAccessorImpl.java:77)
	at java.base/jdk.internal.reflect.DelegatingMethodAccessorImpl.invoke(DelegatingMethodAccessorImpl.java:43)
	at TC_04_Kiểm tra chức năng search khi chọn dịch vụ là chi hộ và Inactive.run(TC_04_Kiểm tra chức năng search khi chọn dịch vụ là chi hộ và Inactive:28)
	at com.kms.katalon.core.main.ScriptEngine.run(ScriptEngine.java:194)
	at com.kms.katalon.core.main.ScriptEngine.runScriptAsRawText(ScriptEngine.java:119)
	at com.kms.katalon.core.main.TestCaseExecutor.runScript(TestCaseExecutor.java:448)
	at com.kms.katalon.core.main.TestCaseExecutor.doExecute(TestCaseExecutor.java:439)
	at com.kms.katalon.core.main.TestCaseExecutor.processExecutionPhase(TestCaseExecutor.java:418)
	at com.kms.katalon.core.main.TestCaseExecutor.accessMainPhase(TestCaseExecutor.java:410)
	at com.kms.katalon.core.main.TestCaseExecutor.execute(TestCaseExecutor.java:285)
	at com.kms.katalon.core.common.CommonExecutor.accessTestCaseMainPhase(CommonExecutor.java:65)
	at com.kms.katalon.core.main.TestSuiteExecutor.accessTestSuiteMainPhase(TestSuiteExecutor.java:150)
	at com.kms.katalon.core.main.TestSuiteExecutor.execute(TestSuiteExecutor.java:106)
	at com.kms.katalon.core.main.TestCaseMain.startTestSuite(TestCaseMain.java:180)
	at TempTestSuite1728739561259.run(TempTestSuite1728739561259.groovy:35)
	at java.base/jdk.internal.reflect.NativeMethodAccessorImpl.invoke0(Native Method)
	at java.base/jdk.internal.reflect.NativeMethodAccessorImpl.invoke(NativeMethodAccessorImpl.java:77)
	at java.base/jdk.internal.reflect.DelegatingMethodAccessorImpl.invoke(DelegatingMethodAccessorImpl.java:43)
Caused by: org.openqa.selenium.TimeoutException: Expected condition failed: waiting for element to be clickable: By.xpath: //a[contains(text(),'Quản lý dịch vụ merchant')] (tried for 15 second(s) with 500 milliseconds interval)
Build info: version: '3.141.59', revision: 'unknown', time: 'unknown'
System info: host: 'Aidan', ip: '2405:4803:fd90:9ef0:35c5:6ea1:b1e8:64e8%en0', os.name: 'Mac OS X', os.arch: 'aarch64', os.version: '15.0.1', java.version: '17.0.7'
Driver info: com.kms.katalon.core.webui.driver.SmartWaitWebDriver
Capabilities {acceptInsecureCerts: false, browserName: chrome, browserVersion: 129.0.6668.91, chrome: {chromedriverVersion: 128.0.6613.84 (606aa55c7d68..., userDataDir: /var/folders/t5/b7k67ybj7gz...}, fedcm:accounts: true, goog:chromeOptions: {debuggerAddress: localhost:64150}, javascriptEnabled: true, networkConnectionEnabled: false, pageLoadStrategy: normal, platform: MAC, platformName: MAC, proxy: Proxy(), setWindowRect: true, strictFileInteractability: false, timeouts: {implicit: 0, pageLoad: 300000, script: 30000}, unhandledPromptBehavior: dismiss and notify, webauthn:extension:credBlob: true, webauthn:extension:largeBlob: true, webauthn:extension:minPinLength: true, webauthn:extension:prf: true, webauthn:virtualAuthenticators: true}
Session ID: 38976a8260e6830922472483fe9a9cc8
	at org.openqa.selenium.support.ui.WebDriverWait.timeoutException(WebDriverWait.java:95)
	at org.openqa.selenium.support.ui.FluentWait.until(FluentWait.java:272)
	at CustomFunctions.run(CustomFunctions:19)
	at com.kms.katalon.core.main.ScriptEngine.run(ScriptEngine.java:194)
	at com.kms.katalon.core.main.ScriptEngine.runScriptAsRawText(ScriptEngine.java:119)
	at com.kms.katalon.core.main.TestCaseExecutor.runScript(TestCaseExecutor.java:448)
	at com.kms.katalon.core.main.TestCaseExecutor.doExecute(TestCaseExecutor.java:439)
	at com.kms.katalon.core.main.TestCaseExecutor.processExecutionPhase(TestCaseExecutor.java:418)
	at com.kms.katalon.core.main.TestCaseExecutor.accessMainPhase(TestCaseExecutor.java:410)
	at com.kms.katalon.core.main.TestCaseExecutor.execute(TestCaseExecutor.java:285)
	at com.kms.katalon.core.main.TestCaseMain.runTestCase(TestCaseMain.java:137)
	at com.kms.katalon.core.keyword.builtin.CallTestCaseKeyword$_callTestCase_closure1.doCall(CallTestCaseKeyword.groovy:59)
	... 25 more


12-10-2024T20:26:49 - [TEST_STEP][PASSED] - Start listener action : sampleBeforeTestCase: Navigate to 'https://stg-cms-console.9pay.mobi/login' successfully

12-10-2024T20:26:49 - [TEST_STEP][PASSED] - testCaseId = testCaseContext.getTestCaseId(): null

12-10-2024T20:26:49 - [TEST_STEP][PASSED] - url = <not implemented yet for class: org.codehaus.groovy.ast.expr.EmptyExpression>: null

12-10-2024T20:26:49 - [TEST_STEP][PASSED] - if (testCaseId == "Test Cases/Quản lý tài khoản merchant/Quản lý dịch vụ merchant/TC_14_Kiểm tra thay đổi sau khi cấu hình VA trên MCV"): null

12-10-2024T20:26:49 - [TEST_STEP][PASSED] - else: null

12-10-2024T20:26:49 - [TEST_STEP][PASSED] - url = "https://stg-cms-console.9pay.mobi/login": null

12-10-2024T20:26:49 - [TEST_STEP][PASSED] - openBrowser(""): Browser is opened with url: ''

12-10-2024T20:26:49 - [MESSAGE][WARNING] - A browser is already opened. Closing browser and opening a new one

12-10-2024T20:26:49 - [MESSAGE][INFO] - Starting 'Chrome' driver

12-10-2024T20:26:49 - [MESSAGE][INFO] - Action delay is set to 0 milliseconds

12-10-2024T20:26:50 - [MESSAGE][PASSED] - Browser is opened with url: ''

12-10-2024T20:26:50 - [TEST_STEP][PASSED] - maximizeWindow(): Current window maximized

12-10-2024T20:26:50 - [MESSAGE][PASSED] - Current window maximized

12-10-2024T20:26:50 - [TEST_STEP][PASSED] - navigateToUrl(url): Navigate to 'https://stg-cms-console.9pay.mobi/login' successfully

12-10-2024T20:26:53 - [MESSAGE][PASSED] - Navigate to 'https://stg-cms-console.9pay.mobi/login' successfully

12-10-2024T20:26:53 - [TEST_STEP][PASSED] - callTestCase(findTestCase("Test Cases/Login/LoginCommon"), [:], STOP_ON_FAILURE): Call Test Case 'Test Cases/Login/LoginCommon' successfully

12-10-2024T20:26:53 - [TEST_CASE][PASSED] - Test Cases/Login/LoginCommon: Test Cases/Login/LoginCommon

12-10-2024T20:26:53 - [TEST_STEP][PASSED] - driver = getWebDriver(): null

12-10-2024T20:26:53 - [TEST_STEP][PASSED] - sendKeys(findTestObject("Quản lý tài khoản merchant/Quản lý dịch vụ merchant/userNameTextbox"), userAccount): Keys 'dannt@9pay.vn' sent to object: 'Object Repository/Quản lý tài khoản merchant/Quản lý dịch vụ merchant/userNameTextbox'

12-10-2024T20:26:54 - [MESSAGE][PASSED] - Keys 'dannt@9pay.vn' sent to object: 'Object Repository/Quản lý tài khoản merchant/Quản lý dịch vụ merchant/userNameTextbox'

12-10-2024T20:26:54 - [TEST_STEP][PASSED] - sendKeys(findTestObject("Quản lý tài khoản merchant/Quản lý dịch vụ merchant/passwordTextbox"), password): Keys 'dannt@9pay.vn' sent to object: 'Object Repository/Quản lý tài khoản merchant/Quản lý dịch vụ merchant/passwordTextbox'

12-10-2024T20:26:54 - [MESSAGE][PASSED] - Keys 'dannt@9pay.vn' sent to object: 'Object Repository/Quản lý tài khoản merchant/Quản lý dịch vụ merchant/passwordTextbox'

12-10-2024T20:26:54 - [TEST_STEP][PASSED] - click(findTestObject("Quản lý tài khoản merchant/Quản lý dịch vụ merchant/loginButton")): Object: 'Object Repository/Quản lý tài khoản merchant/Quản lý dịch vụ merchant/loginButton' is clicked on

12-10-2024T20:26:54 - [MESSAGE][PASSED] - Object: 'Object Repository/Quản lý tài khoản merchant/Quản lý dịch vụ merchant/loginButton' is clicked on

12-10-2024T20:26:54 - [MESSAGE][PASSED] - Call Test Case 'Test Cases/Login/LoginCommon' successfully

12-10-2024T20:26:54 - [TEST_STEP][PASSED] - waitForElementVisible(findTestObject("Trang chủ/userName"), 20, STOP_ON_FAILURE): Object 'Object Repository/Trang chủ/userName' is visible

12-10-2024T20:26:56 - [MESSAGE][PASSED] - Object 'Object Repository/Trang chủ/userName' is visible

12-10-2024T20:26:56 - [TEST_STEP][ERROR] - callTestCase(findTestCase("Test Cases/Quản lý tài khoản merchant/Quản lý danh sách tài khoản/CustomFunctions"), [:], STOP_ON_FAILURE): Test Cases/Quản lý tài khoản merchant/Quản lý dịch vụ merchant/TC_04_Kiểm tra chức năng search khi chọn dịch vụ là chi hộ và Inactive FAILED.
Reason:
com.kms.katalon.core.exception.StepErrorException: Call Test Case 'Test Cases/Quản lý tài khoản merchant/Quản lý danh sách tài khoản/CustomFunctions' failed because of error(s)
	at com.kms.katalon.core.keyword.builtin.CallTestCaseKeyword$_callTestCase_closure1.doCall(CallTestCaseKeyword.groovy:66)
	at com.kms.katalon.core.keyword.builtin.CallTestCaseKeyword$_callTestCase_closure1.call(CallTestCaseKeyword.groovy)
	at com.kms.katalon.core.keyword.internal.KeywordMain.runKeyword(KeywordMain.groovy:75)
	at com.kms.katalon.core.keyword.builtin.CallTestCaseKeyword.callTestCase(CallTestCaseKeyword.groovy:81)
	at com.kms.katalon.core.keyword.builtin.CallTestCaseKeyword.execute(CallTestCaseKeyword.groovy:44)
	at com.kms.katalon.core.keyword.internal.KeywordExecutor.executeKeywordForPlatform(KeywordExecutor.groovy:74)
	at com.kms.katalon.core.keyword.BuiltinKeywords.callTestCase(BuiltinKeywords.groovy:310)
	at java.base/jdk.internal.reflect.NativeMethodAccessorImpl.invoke0(Native Method)
	at java.base/jdk.internal.reflect.NativeMethodAccessorImpl.invoke(NativeMethodAccessorImpl.java:77)
	at java.base/jdk.internal.reflect.DelegatingMethodAccessorImpl.invoke(DelegatingMethodAccessorImpl.java:43)
	at TC_04_Kiểm tra chức năng search khi chọn dịch vụ là chi hộ và Inactive.run(TC_04_Kiểm tra chức năng search khi chọn dịch vụ là chi hộ và Inactive:28)
	at com.kms.katalon.core.main.ScriptEngine.run(ScriptEngine.java:194)
	at com.kms.katalon.core.main.ScriptEngine.runScriptAsRawText(ScriptEngine.java:119)
	at com.kms.katalon.core.main.TestCaseExecutor.runScript(TestCaseExecutor.java:448)
	at com.kms.katalon.core.main.TestCaseExecutor.doExecute(TestCaseExecutor.java:439)
	at com.kms.katalon.core.main.TestCaseExecutor.processExecutionPhase(TestCaseExecutor.java:418)
	at com.kms.katalon.core.main.TestCaseExecutor.accessMainPhase(TestCaseExecutor.java:410)
	at com.kms.katalon.core.main.TestCaseExecutor.execute(TestCaseExecutor.java:285)
	at com.kms.katalon.core.common.CommonExecutor.accessTestCaseMainPhase(CommonExecutor.java:65)
	at com.kms.katalon.core.main.TestSuiteExecutor.accessTestSuiteMainPhase(TestSuiteExecutor.java:150)
	at com.kms.katalon.core.main.TestSuiteExecutor.execute(TestSuiteExecutor.java:106)
	at com.kms.katalon.core.main.TestCaseMain.startTestSuite(TestCaseMain.java:180)
	at TempTestSuite1728739561259.run(TempTestSuite1728739561259.groovy:35)
	at java.base/jdk.internal.reflect.NativeMethodAccessorImpl.invoke0(Native Method)
	at java.base/jdk.internal.reflect.NativeMethodAccessorImpl.invoke(NativeMethodAccessorImpl.java:77)
	at java.base/jdk.internal.reflect.DelegatingMethodAccessorImpl.invoke(DelegatingMethodAccessorImpl.java:43)
Caused by: org.openqa.selenium.TimeoutException: Expected condition failed: waiting for element to be clickable: By.xpath: //a[contains(text(),'Quản lý dịch vụ merchant')] (tried for 15 second(s) with 500 milliseconds interval)
Build info: version: '3.141.59', revision: 'unknown', time: 'unknown'
System info: host: 'Aidan', ip: '2405:4803:fd90:9ef0:35c5:6ea1:b1e8:64e8%en0', os.name: 'Mac OS X', os.arch: 'aarch64', os.version: '15.0.1', java.version: '17.0.7'
Driver info: com.kms.katalon.core.webui.driver.SmartWaitWebDriver
Capabilities {acceptInsecureCerts: false, browserName: chrome, browserVersion: 129.0.6668.91, chrome: {chromedriverVersion: 128.0.6613.84 (606aa55c7d68..., userDataDir: /var/folders/t5/b7k67ybj7gz...}, fedcm:accounts: true, goog:chromeOptions: {debuggerAddress: localhost:64150}, javascriptEnabled: true, networkConnectionEnabled: false, pageLoadStrategy: normal, platform: MAC, platformName: MAC, proxy: Proxy(), setWindowRect: true, strictFileInteractability: false, timeouts: {implicit: 0, pageLoad: 300000, script: 30000}, unhandledPromptBehavior: dismiss and notify, webauthn:extension:credBlob: true, webauthn:extension:largeBlob: true, webauthn:extension:minPinLength: true, webauthn:extension:prf: true, webauthn:virtualAuthenticators: true}
Session ID: 38976a8260e6830922472483fe9a9cc8
	at org.openqa.selenium.support.ui.WebDriverWait.timeoutException(WebDriverWait.java:95)
	at org.openqa.selenium.support.ui.FluentWait.until(FluentWait.java:272)
	at CustomFunctions.run(CustomFunctions:19)
	at com.kms.katalon.core.main.ScriptEngine.run(ScriptEngine.java:194)
	at com.kms.katalon.core.main.ScriptEngine.runScriptAsRawText(ScriptEngine.java:119)
	at com.kms.katalon.core.main.TestCaseExecutor.runScript(TestCaseExecutor.java:448)
	at com.kms.katalon.core.main.TestCaseExecutor.doExecute(TestCaseExecutor.java:439)
	at com.kms.katalon.core.main.TestCaseExecutor.processExecutionPhase(TestCaseExecutor.java:418)
	at com.kms.katalon.core.main.TestCaseExecutor.accessMainPhase(TestCaseExecutor.java:410)
	at com.kms.katalon.core.main.TestCaseExecutor.execute(TestCaseExecutor.java:285)
	at com.kms.katalon.core.main.TestCaseMain.runTestCase(TestCaseMain.java:137)
	at com.kms.katalon.core.keyword.builtin.CallTestCaseKeyword$_callTestCase_closure1.doCall(CallTestCaseKeyword.groovy:59)
	... 25 more


12-10-2024T20:26:56 - [TEST_CASE][ERROR] - Test Cases/Quản lý tài khoản merchant/Quản lý danh sách tài khoản/CustomFunctions: Test Cases/Quản lý tài khoản merchant/Quản lý danh sách tài khoản/CustomFunctions FAILED.
Reason:
org.openqa.selenium.TimeoutException: Expected condition failed: waiting for element to be clickable: By.xpath: //a[contains(text(),'Quản lý dịch vụ merchant')] (tried for 15 second(s) with 500 milliseconds interval)
Build info: version: '3.141.59', revision: 'unknown', time: 'unknown'
System info: host: 'Aidan', ip: '2405:4803:fd90:9ef0:35c5:6ea1:b1e8:64e8%en0', os.name: 'Mac OS X', os.arch: 'aarch64', os.version: '15.0.1', java.version: '17.0.7'
Driver info: com.kms.katalon.core.webui.driver.SmartWaitWebDriver
Capabilities {acceptInsecureCerts: false, browserName: chrome, browserVersion: 129.0.6668.91, chrome: {chromedriverVersion: 128.0.6613.84 (606aa55c7d68..., userDataDir: /var/folders/t5/b7k67ybj7gz...}, fedcm:accounts: true, goog:chromeOptions: {debuggerAddress: localhost:64150}, javascriptEnabled: true, networkConnectionEnabled: false, pageLoadStrategy: normal, platform: MAC, platformName: MAC, proxy: Proxy(), setWindowRect: true, strictFileInteractability: false, timeouts: {implicit: 0, pageLoad: 300000, script: 30000}, unhandledPromptBehavior: dismiss and notify, webauthn:extension:credBlob: true, webauthn:extension:largeBlob: true, webauthn:extension:minPinLength: true, webauthn:extension:prf: true, webauthn:virtualAuthenticators: true}
Session ID: 38976a8260e6830922472483fe9a9cc8
	at org.openqa.selenium.support.ui.WebDriverWait.timeoutException(WebDriverWait.java:95)
	at org.openqa.selenium.support.ui.FluentWait.until(FluentWait.java:272)
	at CustomFunctions.run(CustomFunctions:19)
	at com.kms.katalon.core.main.ScriptEngine.run(ScriptEngine.java:194)
	at com.kms.katalon.core.main.ScriptEngine.runScriptAsRawText(ScriptEngine.java:119)
	at com.kms.katalon.core.main.TestCaseExecutor.runScript(TestCaseExecutor.java:448)
	at com.kms.katalon.core.main.TestCaseExecutor.doExecute(TestCaseExecutor.java:439)
	at com.kms.katalon.core.main.TestCaseExecutor.processExecutionPhase(TestCaseExecutor.java:418)
	at com.kms.katalon.core.main.TestCaseExecutor.accessMainPhase(TestCaseExecutor.java:410)
	at com.kms.katalon.core.main.TestCaseExecutor.execute(TestCaseExecutor.java:285)
	at com.kms.katalon.core.main.TestCaseMain.runTestCase(TestCaseMain.java:137)
	at com.kms.katalon.core.keyword.builtin.CallTestCaseKeyword$_callTestCase_closure1.doCall(CallTestCaseKeyword.groovy:59)
	at com.kms.katalon.core.keyword.builtin.CallTestCaseKeyword$_callTestCase_closure1.call(CallTestCaseKeyword.groovy)
	at com.kms.katalon.core.keyword.internal.KeywordMain.runKeyword(KeywordMain.groovy:75)
	at com.kms.katalon.core.keyword.builtin.CallTestCaseKeyword.callTestCase(CallTestCaseKeyword.groovy:81)
	at com.kms.katalon.core.keyword.builtin.CallTestCaseKeyword.execute(CallTestCaseKeyword.groovy:44)
	at com.kms.katalon.core.keyword.internal.KeywordExecutor.executeKeywordForPlatform(KeywordExecutor.groovy:74)
	at com.kms.katalon.core.keyword.BuiltinKeywords.callTestCase(BuiltinKeywords.groovy:310)
	at java.base/jdk.internal.reflect.NativeMethodAccessorImpl.invoke0(Native Method)
	at java.base/jdk.internal.reflect.NativeMethodAccessorImpl.invoke(NativeMethodAccessorImpl.java:77)
	at java.base/jdk.internal.reflect.DelegatingMethodAccessorImpl.invoke(DelegatingMethodAccessorImpl.java:43)
	at TC_04_Kiểm tra chức năng search khi chọn dịch vụ là chi hộ và Inactive.run(TC_04_Kiểm tra chức năng search khi chọn dịch vụ là chi hộ và Inactive:28)
	at com.kms.katalon.core.main.ScriptEngine.run(ScriptEngine.java:194)
	at com.kms.katalon.core.main.ScriptEngine.runScriptAsRawText(ScriptEngine.java:119)
	at com.kms.katalon.core.main.TestCaseExecutor.runScript(TestCaseExecutor.java:448)
	at com.kms.katalon.core.main.TestCaseExecutor.doExecute(TestCaseExecutor.java:439)
	at com.kms.katalon.core.main.TestCaseExecutor.processExecutionPhase(TestCaseExecutor.java:418)
	at com.kms.katalon.core.main.TestCaseExecutor.accessMainPhase(TestCaseExecutor.java:410)
	at com.kms.katalon.core.main.TestCaseExecutor.execute(TestCaseExecutor.java:285)
	at com.kms.katalon.core.common.CommonExecutor.accessTestCaseMainPhase(CommonExecutor.java:65)
	at com.kms.katalon.core.main.TestSuiteExecutor.accessTestSuiteMainPhase(TestSuiteExecutor.java:150)
	at com.kms.katalon.core.main.TestSuiteExecutor.execute(TestSuiteExecutor.java:106)
	at com.kms.katalon.core.main.TestCaseMain.startTestSuite(TestCaseMain.java:180)
	at TempTestSuite1728739561259.run(TempTestSuite1728739561259.groovy:35)
	at java.base/jdk.internal.reflect.NativeMethodAccessorImpl.invoke0(Native Method)
	at java.base/jdk.internal.reflect.NativeMethodAccessorImpl.invoke(NativeMethodAccessorImpl.java:77)
	at java.base/jdk.internal.reflect.DelegatingMethodAccessorImpl.invoke(DelegatingMethodAccessorImpl.java:43)


12-10-2024T20:26:56 - [TEST_STEP][PASSED] - driver = getWebDriver(): null

12-10-2024T20:26:56 - [TEST_STEP][PASSED] - sleep(2000): null

12-10-2024T20:26:58 - [TEST_STEP][PASSED] - element1 = driver.findElement(By.xpath(xpathManagerMC)): null

12-10-2024T20:27:13 - [TEST_STEP][PASSED] - actions = new org.openqa.selenium.interactions.Actions(driver): null

12-10-2024T20:27:13 - [TEST_STEP][PASSED] - click().perform(): null

12-10-2024T20:27:13 - [TEST_STEP][PASSED] - wait = new org.openqa.selenium.support.ui.WebDriverWait(com.kms.katalon.core.webui.driver.DriverFactory.getWebDriver(), 15): null

12-10-2024T20:27:13 - [TEST_STEP][ERROR] - element2 = wait.until(ExpectedConditions.elementToBeClickable(By.xpath(xpathManagerServiceMC))): Test Cases/Quản lý tài khoản merchant/Quản lý danh sách tài khoản/CustomFunctions FAILED.
Reason:
org.openqa.selenium.TimeoutException: Expected condition failed: waiting for element to be clickable: By.xpath: //a[contains(text(),'Quản lý dịch vụ merchant')] (tried for 15 second(s) with 500 milliseconds interval)
Build info: version: '3.141.59', revision: 'unknown', time: 'unknown'
System info: host: 'Aidan', ip: '2405:4803:fd90:9ef0:35c5:6ea1:b1e8:64e8%en0', os.name: 'Mac OS X', os.arch: 'aarch64', os.version: '15.0.1', java.version: '17.0.7'
Driver info: com.kms.katalon.core.webui.driver.SmartWaitWebDriver
Capabilities {acceptInsecureCerts: false, browserName: chrome, browserVersion: 129.0.6668.91, chrome: {chromedriverVersion: 128.0.6613.84 (606aa55c7d68..., userDataDir: /var/folders/t5/b7k67ybj7gz...}, fedcm:accounts: true, goog:chromeOptions: {debuggerAddress: localhost:64150}, javascriptEnabled: true, networkConnectionEnabled: false, pageLoadStrategy: normal, platform: MAC, platformName: MAC, proxy: Proxy(), setWindowRect: true, strictFileInteractability: false, timeouts: {implicit: 0, pageLoad: 300000, script: 30000}, unhandledPromptBehavior: dismiss and notify, webauthn:extension:credBlob: true, webauthn:extension:largeBlob: true, webauthn:extension:minPinLength: true, webauthn:extension:prf: true, webauthn:virtualAuthenticators: true}
Session ID: 38976a8260e6830922472483fe9a9cc8
	at org.openqa.selenium.support.ui.WebDriverWait.timeoutException(WebDriverWait.java:95)
	at org.openqa.selenium.support.ui.FluentWait.until(FluentWait.java:272)
	at CustomFunctions.run(CustomFunctions:19)
	at com.kms.katalon.core.main.ScriptEngine.run(ScriptEngine.java:194)
	at com.kms.katalon.core.main.ScriptEngine.runScriptAsRawText(ScriptEngine.java:119)
	at com.kms.katalon.core.main.TestCaseExecutor.runScript(TestCaseExecutor.java:448)
	at com.kms.katalon.core.main.TestCaseExecutor.doExecute(TestCaseExecutor.java:439)
	at com.kms.katalon.core.main.TestCaseExecutor.processExecutionPhase(TestCaseExecutor.java:418)
	at com.kms.katalon.core.main.TestCaseExecutor.accessMainPhase(TestCaseExecutor.java:410)
	at com.kms.katalon.core.main.TestCaseExecutor.execute(TestCaseExecutor.java:285)
	at com.kms.katalon.core.main.TestCaseMain.runTestCase(TestCaseMain.java:137)
	at com.kms.katalon.core.keyword.builtin.CallTestCaseKeyword$_callTestCase_closure1.doCall(CallTestCaseKeyword.groovy:59)
	at com.kms.katalon.core.keyword.builtin.CallTestCaseKeyword$_callTestCase_closure1.call(CallTestCaseKeyword.groovy)
	at com.kms.katalon.core.keyword.internal.KeywordMain.runKeyword(KeywordMain.groovy:75)
	at com.kms.katalon.core.keyword.builtin.CallTestCaseKeyword.callTestCase(CallTestCaseKeyword.groovy:81)
	at com.kms.katalon.core.keyword.builtin.CallTestCaseKeyword.execute(CallTestCaseKeyword.groovy:44)
	at com.kms.katalon.core.keyword.internal.KeywordExecutor.executeKeywordForPlatform(KeywordExecutor.groovy:74)
	at com.kms.katalon.core.keyword.BuiltinKeywords.callTestCase(BuiltinKeywords.groovy:310)
	at java.base/jdk.internal.reflect.NativeMethodAccessorImpl.invoke0(Native Method)
	at java.base/jdk.internal.reflect.NativeMethodAccessorImpl.invoke(NativeMethodAccessorImpl.java:77)
	at java.base/jdk.internal.reflect.DelegatingMethodAccessorImpl.invoke(DelegatingMethodAccessorImpl.java:43)
	at TC_04_Kiểm tra chức năng search khi chọn dịch vụ là chi hộ và Inactive.run(TC_04_Kiểm tra chức năng search khi chọn dịch vụ là chi hộ và Inactive:28)
	at com.kms.katalon.core.main.ScriptEngine.run(ScriptEngine.java:194)
	at com.kms.katalon.core.main.ScriptEngine.runScriptAsRawText(ScriptEngine.java:119)
	at com.kms.katalon.core.main.TestCaseExecutor.runScript(TestCaseExecutor.java:448)
	at com.kms.katalon.core.main.TestCaseExecutor.doExecute(TestCaseExecutor.java:439)
	at com.kms.katalon.core.main.TestCaseExecutor.processExecutionPhase(TestCaseExecutor.java:418)
	at com.kms.katalon.core.main.TestCaseExecutor.accessMainPhase(TestCaseExecutor.java:410)
	at com.kms.katalon.core.main.TestCaseExecutor.execute(TestCaseExecutor.java:285)
	at com.kms.katalon.core.common.CommonExecutor.accessTestCaseMainPhase(CommonExecutor.java:65)
	at com.kms.katalon.core.main.TestSuiteExecutor.accessTestSuiteMainPhase(TestSuiteExecutor.java:150)
	at com.kms.katalon.core.main.TestSuiteExecutor.execute(TestSuiteExecutor.java:106)
	at com.kms.katalon.core.main.TestCaseMain.startTestSuite(TestCaseMain.java:180)
	at TempTestSuite1728739561259.run(TempTestSuite1728739561259.groovy:35)
	at java.base/jdk.internal.reflect.NativeMethodAccessorImpl.invoke0(Native Method)
	at java.base/jdk.internal.reflect.NativeMethodAccessorImpl.invoke(NativeMethodAccessorImpl.java:77)
	at java.base/jdk.internal.reflect.DelegatingMethodAccessorImpl.invoke(DelegatingMethodAccessorImpl.java:43)


12-10-2024T20:27:28 - [MESSAGE][ERROR] - Test Cases/Quản lý tài khoản merchant/Quản lý danh sách tài khoản/CustomFunctions FAILED.
Reason:
org.openqa.selenium.TimeoutException: Expected condition failed: waiting for element to be clickable: By.xpath: //a[contains(text(),'Quản lý dịch vụ merchant')] (tried for 15 second(s) with 500 milliseconds interval)
Build info: version: '3.141.59', revision: 'unknown', time: 'unknown'
System info: host: 'Aidan', ip: '2405:4803:fd90:9ef0:35c5:6ea1:b1e8:64e8%en0', os.name: 'Mac OS X', os.arch: 'aarch64', os.version: '15.0.1', java.version: '17.0.7'
Driver info: com.kms.katalon.core.webui.driver.SmartWaitWebDriver
Capabilities {acceptInsecureCerts: false, browserName: chrome, browserVersion: 129.0.6668.91, chrome: {chromedriverVersion: 128.0.6613.84 (606aa55c7d68..., userDataDir: /var/folders/t5/b7k67ybj7gz...}, fedcm:accounts: true, goog:chromeOptions: {debuggerAddress: localhost:64150}, javascriptEnabled: true, networkConnectionEnabled: false, pageLoadStrategy: normal, platform: MAC, platformName: MAC, proxy: Proxy(), setWindowRect: true, strictFileInteractability: false, timeouts: {implicit: 0, pageLoad: 300000, script: 30000}, unhandledPromptBehavior: dismiss and notify, webauthn:extension:credBlob: true, webauthn:extension:largeBlob: true, webauthn:extension:minPinLength: true, webauthn:extension:prf: true, webauthn:virtualAuthenticators: true}
Session ID: 38976a8260e6830922472483fe9a9cc8
	at org.openqa.selenium.support.ui.WebDriverWait.timeoutException(WebDriverWait.java:95)
	at org.openqa.selenium.support.ui.FluentWait.until(FluentWait.java:272)
	at CustomFunctions.run(CustomFunctions:19)
	at com.kms.katalon.core.main.ScriptEngine.run(ScriptEngine.java:194)
	at com.kms.katalon.core.main.ScriptEngine.runScriptAsRawText(ScriptEngine.java:119)
	at com.kms.katalon.core.main.TestCaseExecutor.runScript(TestCaseExecutor.java:448)
	at com.kms.katalon.core.main.TestCaseExecutor.doExecute(TestCaseExecutor.java:439)
	at com.kms.katalon.core.main.TestCaseExecutor.processExecutionPhase(TestCaseExecutor.java:418)
	at com.kms.katalon.core.main.TestCaseExecutor.accessMainPhase(TestCaseExecutor.java:410)
	at com.kms.katalon.core.main.TestCaseExecutor.execute(TestCaseExecutor.java:285)
	at com.kms.katalon.core.main.TestCaseMain.runTestCase(TestCaseMain.java:137)
	at com.kms.katalon.core.keyword.builtin.CallTestCaseKeyword$_callTestCase_closure1.doCall(CallTestCaseKeyword.groovy:59)
	at com.kms.katalon.core.keyword.builtin.CallTestCaseKeyword$_callTestCase_closure1.call(CallTestCaseKeyword.groovy)
	at com.kms.katalon.core.keyword.internal.KeywordMain.runKeyword(KeywordMain.groovy:75)
	at com.kms.katalon.core.keyword.builtin.CallTestCaseKeyword.callTestCase(CallTestCaseKeyword.groovy:81)
	at com.kms.katalon.core.keyword.builtin.CallTestCaseKeyword.execute(CallTestCaseKeyword.groovy:44)
	at com.kms.katalon.core.keyword.internal.KeywordExecutor.executeKeywordForPlatform(KeywordExecutor.groovy:74)
	at com.kms.katalon.core.keyword.BuiltinKeywords.callTestCase(BuiltinKeywords.groovy:310)
	at java.base/jdk.internal.reflect.NativeMethodAccessorImpl.invoke0(Native Method)
	at java.base/jdk.internal.reflect.NativeMethodAccessorImpl.invoke(NativeMethodAccessorImpl.java:77)
	at java.base/jdk.internal.reflect.DelegatingMethodAccessorImpl.invoke(DelegatingMethodAccessorImpl.java:43)
	at TC_04_Kiểm tra chức năng search khi chọn dịch vụ là chi hộ và Inactive.run(TC_04_Kiểm tra chức năng search khi chọn dịch vụ là chi hộ và Inactive:28)
	at com.kms.katalon.core.main.ScriptEngine.run(ScriptEngine.java:194)
	at com.kms.katalon.core.main.ScriptEngine.runScriptAsRawText(ScriptEngine.java:119)
	at com.kms.katalon.core.main.TestCaseExecutor.runScript(TestCaseExecutor.java:448)
	at com.kms.katalon.core.main.TestCaseExecutor.doExecute(TestCaseExecutor.java:439)
	at com.kms.katalon.core.main.TestCaseExecutor.processExecutionPhase(TestCaseExecutor.java:418)
	at com.kms.katalon.core.main.TestCaseExecutor.accessMainPhase(TestCaseExecutor.java:410)
	at com.kms.katalon.core.main.TestCaseExecutor.execute(TestCaseExecutor.java:285)
	at com.kms.katalon.core.common.CommonExecutor.accessTestCaseMainPhase(CommonExecutor.java:65)
	at com.kms.katalon.core.main.TestSuiteExecutor.accessTestSuiteMainPhase(TestSuiteExecutor.java:150)
	at com.kms.katalon.core.main.TestSuiteExecutor.execute(TestSuiteExecutor.java:106)
	at com.kms.katalon.core.main.TestCaseMain.startTestSuite(TestCaseMain.java:180)
	at TempTestSuite1728739561259.run(TempTestSuite1728739561259.groovy:35)
	at java.base/jdk.internal.reflect.NativeMethodAccessorImpl.invoke0(Native Method)
	at java.base/jdk.internal.reflect.NativeMethodAccessorImpl.invoke(NativeMethodAccessorImpl.java:77)
	at java.base/jdk.internal.reflect.DelegatingMethodAccessorImpl.invoke(DelegatingMethodAccessorImpl.java:43)


12-10-2024T20:27:28 - [MESSAGE][FAILED] - Unable to call Test Case 'Test Cases/Quản lý tài khoản merchant/Quản lý danh sách tài khoản/CustomFunctions' (Root cause: com.kms.katalon.core.exception.StepErrorException: Call Test Case 'Test Cases/Quản lý tài khoản merchant/Quản lý danh sách tài khoản/CustomFunctions' failed because of error(s)
	at com.kms.katalon.core.keyword.builtin.CallTestCaseKeyword$_callTestCase_closure1.doCall(CallTestCaseKeyword.groovy:66)
	at com.kms.katalon.core.keyword.builtin.CallTestCaseKeyword$_callTestCase_closure1.call(CallTestCaseKeyword.groovy)
	at com.kms.katalon.core.keyword.internal.KeywordMain.runKeyword(KeywordMain.groovy:75)
	at com.kms.katalon.core.keyword.builtin.CallTestCaseKeyword.callTestCase(CallTestCaseKeyword.groovy:81)
	at com.kms.katalon.core.keyword.builtin.CallTestCaseKeyword.execute(CallTestCaseKeyword.groovy:44)
	at com.kms.katalon.core.keyword.internal.KeywordExecutor.executeKeywordForPlatform(KeywordExecutor.groovy:74)
	at com.kms.katalon.core.keyword.BuiltinKeywords.callTestCase(BuiltinKeywords.groovy:310)
	at java.base/jdk.internal.reflect.NativeMethodAccessorImpl.invoke0(Native Method)
	at java.base/jdk.internal.reflect.NativeMethodAccessorImpl.invoke(NativeMethodAccessorImpl.java:77)
	at java.base/jdk.internal.reflect.DelegatingMethodAccessorImpl.invoke(DelegatingMethodAccessorImpl.java:43)
	at TC_04_Kiểm tra chức năng search khi chọn dịch vụ là chi hộ và Inactive.run(TC_04_Kiểm tra chức năng search khi chọn dịch vụ là chi hộ và Inactive:28)
	at com.kms.katalon.core.main.ScriptEngine.run(ScriptEngine.java:194)
	at com.kms.katalon.core.main.ScriptEngine.runScriptAsRawText(ScriptEngine.java:119)
	at com.kms.katalon.core.main.TestCaseExecutor.runScript(TestCaseExecutor.java:448)
	at com.kms.katalon.core.main.TestCaseExecutor.doExecute(TestCaseExecutor.java:439)
	at com.kms.katalon.core.main.TestCaseExecutor.processExecutionPhase(TestCaseExecutor.java:418)
	at com.kms.katalon.core.main.TestCaseExecutor.accessMainPhase(TestCaseExecutor.java:410)
	at com.kms.katalon.core.main.TestCaseExecutor.execute(TestCaseExecutor.java:285)
	at com.kms.katalon.core.common.CommonExecutor.accessTestCaseMainPhase(CommonExecutor.java:65)
	at com.kms.katalon.core.main.TestSuiteExecutor.accessTestSuiteMainPhase(TestSuiteExecutor.java:150)
	at com.kms.katalon.core.main.TestSuiteExecutor.execute(TestSuiteExecutor.java:106)
	at com.kms.katalon.core.main.TestCaseMain.startTestSuite(TestCaseMain.java:180)
	at TempTestSuite1728739561259.run(TempTestSuite1728739561259.groovy:35)
	at java.base/jdk.internal.reflect.NativeMethodAccessorImpl.invoke0(Native Method)
	at java.base/jdk.internal.reflect.NativeMethodAccessorImpl.invoke(NativeMethodAccessorImpl.java:77)
	at java.base/jdk.internal.reflect.DelegatingMethodAccessorImpl.invoke(DelegatingMethodAccessorImpl.java:43)
Caused by: org.openqa.selenium.TimeoutException: Expected condition failed: waiting for element to be clickable: By.xpath: //a[contains(text(),'Quản lý dịch vụ merchant')] (tried for 15 second(s) with 500 milliseconds interval)
Build info: version: '3.141.59', revision: 'unknown', time: 'unknown'
System info: host: 'Aidan', ip: '2405:4803:fd90:9ef0:35c5:6ea1:b1e8:64e8%en0', os.name: 'Mac OS X', os.arch: 'aarch64', os.version: '15.0.1', java.version: '17.0.7'
Driver info: com.kms.katalon.core.webui.driver.SmartWaitWebDriver
Capabilities {acceptInsecureCerts: false, browserName: chrome, browserVersion: 129.0.6668.91, chrome: {chromedriverVersion: 128.0.6613.84 (606aa55c7d68..., userDataDir: /var/folders/t5/b7k67ybj7gz...}, fedcm:accounts: true, goog:chromeOptions: {debuggerAddress: localhost:64150}, javascriptEnabled: true, networkConnectionEnabled: false, pageLoadStrategy: normal, platform: MAC, platformName: MAC, proxy: Proxy(), setWindowRect: true, strictFileInteractability: false, timeouts: {implicit: 0, pageLoad: 300000, script: 30000}, unhandledPromptBehavior: dismiss and notify, webauthn:extension:credBlob: true, webauthn:extension:largeBlob: true, webauthn:extension:minPinLength: true, webauthn:extension:prf: true, webauthn:virtualAuthenticators: true}
Session ID: 38976a8260e6830922472483fe9a9cc8
	at org.openqa.selenium.support.ui.WebDriverWait.timeoutException(WebDriverWait.java:95)
	at org.openqa.selenium.support.ui.FluentWait.until(FluentWait.java:272)
	at CustomFunctions.run(CustomFunctions:19)
	at com.kms.katalon.core.main.ScriptEngine.run(ScriptEngine.java:194)
	at com.kms.katalon.core.main.ScriptEngine.runScriptAsRawText(ScriptEngine.java:119)
	at com.kms.katalon.core.main.TestCaseExecutor.runScript(TestCaseExecutor.java:448)
	at com.kms.katalon.core.main.TestCaseExecutor.doExecute(TestCaseExecutor.java:439)
	at com.kms.katalon.core.main.TestCaseExecutor.processExecutionPhase(TestCaseExecutor.java:418)
	at com.kms.katalon.core.main.TestCaseExecutor.accessMainPhase(TestCaseExecutor.java:410)
	at com.kms.katalon.core.main.TestCaseExecutor.execute(TestCaseExecutor.java:285)
	at com.kms.katalon.core.main.TestCaseMain.runTestCase(TestCaseMain.java:137)
	at com.kms.katalon.core.keyword.builtin.CallTestCaseKeyword$_callTestCase_closure1.doCall(CallTestCaseKeyword.groovy:59)
	... 25 more
)

12-10-2024T20:27:28 - [MESSAGE][ERROR] - Test Cases/Quản lý tài khoản merchant/Quản lý dịch vụ merchant/TC_04_Kiểm tra chức năng search khi chọn dịch vụ là chi hộ và Inactive FAILED.
Reason:
com.kms.katalon.core.exception.StepErrorException: Call Test Case 'Test Cases/Quản lý tài khoản merchant/Quản lý danh sách tài khoản/CustomFunctions' failed because of error(s)
	at com.kms.katalon.core.keyword.builtin.CallTestCaseKeyword$_callTestCase_closure1.doCall(CallTestCaseKeyword.groovy:66)
	at com.kms.katalon.core.keyword.builtin.CallTestCaseKeyword$_callTestCase_closure1.call(CallTestCaseKeyword.groovy)
	at com.kms.katalon.core.keyword.internal.KeywordMain.runKeyword(KeywordMain.groovy:75)
	at com.kms.katalon.core.keyword.builtin.CallTestCaseKeyword.callTestCase(CallTestCaseKeyword.groovy:81)
	at com.kms.katalon.core.keyword.builtin.CallTestCaseKeyword.execute(CallTestCaseKeyword.groovy:44)
	at com.kms.katalon.core.keyword.internal.KeywordExecutor.executeKeywordForPlatform(KeywordExecutor.groovy:74)
	at com.kms.katalon.core.keyword.BuiltinKeywords.callTestCase(BuiltinKeywords.groovy:310)
	at java.base/jdk.internal.reflect.NativeMethodAccessorImpl.invoke0(Native Method)
	at java.base/jdk.internal.reflect.NativeMethodAccessorImpl.invoke(NativeMethodAccessorImpl.java:77)
	at java.base/jdk.internal.reflect.DelegatingMethodAccessorImpl.invoke(DelegatingMethodAccessorImpl.java:43)
	at TC_04_Kiểm tra chức năng search khi chọn dịch vụ là chi hộ và Inactive.run(TC_04_Kiểm tra chức năng search khi chọn dịch vụ là chi hộ và Inactive:28)
	at com.kms.katalon.core.main.ScriptEngine.run(ScriptEngine.java:194)
	at com.kms.katalon.core.main.ScriptEngine.runScriptAsRawText(ScriptEngine.java:119)
	at com.kms.katalon.core.main.TestCaseExecutor.runScript(TestCaseExecutor.java:448)
	at com.kms.katalon.core.main.TestCaseExecutor.doExecute(TestCaseExecutor.java:439)
	at com.kms.katalon.core.main.TestCaseExecutor.processExecutionPhase(TestCaseExecutor.java:418)
	at com.kms.katalon.core.main.TestCaseExecutor.accessMainPhase(TestCaseExecutor.java:410)
	at com.kms.katalon.core.main.TestCaseExecutor.execute(TestCaseExecutor.java:285)
	at com.kms.katalon.core.common.CommonExecutor.accessTestCaseMainPhase(CommonExecutor.java:65)
	at com.kms.katalon.core.main.TestSuiteExecutor.accessTestSuiteMainPhase(TestSuiteExecutor.java:150)
	at com.kms.katalon.core.main.TestSuiteExecutor.execute(TestSuiteExecutor.java:106)
	at com.kms.katalon.core.main.TestCaseMain.startTestSuite(TestCaseMain.java:180)
	at TempTestSuite1728739561259.run(TempTestSuite1728739561259.groovy:35)
	at java.base/jdk.internal.reflect.NativeMethodAccessorImpl.invoke0(Native Method)
	at java.base/jdk.internal.reflect.NativeMethodAccessorImpl.invoke(NativeMethodAccessorImpl.java:77)
	at java.base/jdk.internal.reflect.DelegatingMethodAccessorImpl.invoke(DelegatingMethodAccessorImpl.java:43)
Caused by: org.openqa.selenium.TimeoutException: Expected condition failed: waiting for element to be clickable: By.xpath: //a[contains(text(),'Quản lý dịch vụ merchant')] (tried for 15 second(s) with 500 milliseconds interval)
Build info: version: '3.141.59', revision: 'unknown', time: 'unknown'
System info: host: 'Aidan', ip: '2405:4803:fd90:9ef0:35c5:6ea1:b1e8:64e8%en0', os.name: 'Mac OS X', os.arch: 'aarch64', os.version: '15.0.1', java.version: '17.0.7'
Driver info: com.kms.katalon.core.webui.driver.SmartWaitWebDriver
Capabilities {acceptInsecureCerts: false, browserName: chrome, browserVersion: 129.0.6668.91, chrome: {chromedriverVersion: 128.0.6613.84 (606aa55c7d68..., userDataDir: /var/folders/t5/b7k67ybj7gz...}, fedcm:accounts: true, goog:chromeOptions: {debuggerAddress: localhost:64150}, javascriptEnabled: true, networkConnectionEnabled: false, pageLoadStrategy: normal, platform: MAC, platformName: MAC, proxy: Proxy(), setWindowRect: true, strictFileInteractability: false, timeouts: {implicit: 0, pageLoad: 300000, script: 30000}, unhandledPromptBehavior: dismiss and notify, webauthn:extension:credBlob: true, webauthn:extension:largeBlob: true, webauthn:extension:minPinLength: true, webauthn:extension:prf: true, webauthn:virtualAuthenticators: true}
Session ID: 38976a8260e6830922472483fe9a9cc8
	at org.openqa.selenium.support.ui.WebDriverWait.timeoutException(WebDriverWait.java:95)
	at org.openqa.selenium.support.ui.FluentWait.until(FluentWait.java:272)
	at CustomFunctions.run(CustomFunctions:19)
	at com.kms.katalon.core.main.ScriptEngine.run(ScriptEngine.java:194)
	at com.kms.katalon.core.main.ScriptEngine.runScriptAsRawText(ScriptEngine.java:119)
	at com.kms.katalon.core.main.TestCaseExecutor.runScript(TestCaseExecutor.java:448)
	at com.kms.katalon.core.main.TestCaseExecutor.doExecute(TestCaseExecutor.java:439)
	at com.kms.katalon.core.main.TestCaseExecutor.processExecutionPhase(TestCaseExecutor.java:418)
	at com.kms.katalon.core.main.TestCaseExecutor.accessMainPhase(TestCaseExecutor.java:410)
	at com.kms.katalon.core.main.TestCaseExecutor.execute(TestCaseExecutor.java:285)
	at com.kms.katalon.core.main.TestCaseMain.runTestCase(TestCaseMain.java:137)
	at com.kms.katalon.core.keyword.builtin.CallTestCaseKeyword$_callTestCase_closure1.doCall(CallTestCaseKeyword.groovy:59)
	... 25 more


12-10-2024T20:27:28 - [TEST_STEP][PASSED] - Start listener action : sampleAfterTestCase: null

12-10-2024T20:27:28 - [TEST_STEP][PASSED] - testCaseId = testCaseContext.getTestCaseId(): null

12-10-2024T20:27:28 - [TEST_STEP][PASSED] - if (testCaseId == "Test Cases/Quản lý tài khoản merchant/Quản lý dịch vụ merchant/TC_13_Kiểm tra chức năng xác nhận cấu hình thay đổi VA"): null]]></system-out>
         <system-err><![CDATA[12-10-2024T20:26:49 - [TEST_CASE][ERROR] - Test Cases/Quản lý tài khoản merchant/Quản lý dịch vụ merchant/TC_04_Kiểm tra chức năng search khi chọn dịch vụ là chi hộ và Inactive: Test Cases/Quản lý tài khoản merchant/Quản lý dịch vụ merchant/TC_04_Kiểm tra chức năng search khi chọn dịch vụ là chi hộ và Inactive FAILED.
Reason:
com.kms.katalon.core.exception.StepErrorException: Call Test Case 'Test Cases/Quản lý tài khoản merchant/Quản lý danh sách tài khoản/CustomFunctions' failed because of error(s)
	at com.kms.katalon.core.keyword.builtin.CallTestCaseKeyword$_callTestCase_closure1.doCall(CallTestCaseKeyword.groovy:66)
	at com.kms.katalon.core.keyword.builtin.CallTestCaseKeyword$_callTestCase_closure1.call(CallTestCaseKeyword.groovy)
	at com.kms.katalon.core.keyword.internal.KeywordMain.runKeyword(KeywordMain.groovy:75)
	at com.kms.katalon.core.keyword.builtin.CallTestCaseKeyword.callTestCase(CallTestCaseKeyword.groovy:81)
	at com.kms.katalon.core.keyword.builtin.CallTestCaseKeyword.execute(CallTestCaseKeyword.groovy:44)
	at com.kms.katalon.core.keyword.internal.KeywordExecutor.executeKeywordForPlatform(KeywordExecutor.groovy:74)
	at com.kms.katalon.core.keyword.BuiltinKeywords.callTestCase(BuiltinKeywords.groovy:310)
	at java.base/jdk.internal.reflect.NativeMethodAccessorImpl.invoke0(Native Method)
	at java.base/jdk.internal.reflect.NativeMethodAccessorImpl.invoke(NativeMethodAccessorImpl.java:77)
	at java.base/jdk.internal.reflect.DelegatingMethodAccessorImpl.invoke(DelegatingMethodAccessorImpl.java:43)
	at TC_04_Kiểm tra chức năng search khi chọn dịch vụ là chi hộ và Inactive.run(TC_04_Kiểm tra chức năng search khi chọn dịch vụ là chi hộ và Inactive:28)
	at com.kms.katalon.core.main.ScriptEngine.run(ScriptEngine.java:194)
	at com.kms.katalon.core.main.ScriptEngine.runScriptAsRawText(ScriptEngine.java:119)
	at com.kms.katalon.core.main.TestCaseExecutor.runScript(TestCaseExecutor.java:448)
	at com.kms.katalon.core.main.TestCaseExecutor.doExecute(TestCaseExecutor.java:439)
	at com.kms.katalon.core.main.TestCaseExecutor.processExecutionPhase(TestCaseExecutor.java:418)
	at com.kms.katalon.core.main.TestCaseExecutor.accessMainPhase(TestCaseExecutor.java:410)
	at com.kms.katalon.core.main.TestCaseExecutor.execute(TestCaseExecutor.java:285)
	at com.kms.katalon.core.common.CommonExecutor.accessTestCaseMainPhase(CommonExecutor.java:65)
	at com.kms.katalon.core.main.TestSuiteExecutor.accessTestSuiteMainPhase(TestSuiteExecutor.java:150)
	at com.kms.katalon.core.main.TestSuiteExecutor.execute(TestSuiteExecutor.java:106)
	at com.kms.katalon.core.main.TestCaseMain.startTestSuite(TestCaseMain.java:180)
	at TempTestSuite1728739561259.run(TempTestSuite1728739561259.groovy:35)
	at java.base/jdk.internal.reflect.NativeMethodAccessorImpl.invoke0(Native Method)
	at java.base/jdk.internal.reflect.NativeMethodAccessorImpl.invoke(NativeMethodAccessorImpl.java:77)
	at java.base/jdk.internal.reflect.DelegatingMethodAccessorImpl.invoke(DelegatingMethodAccessorImpl.java:43)
Caused by: org.openqa.selenium.TimeoutException: Expected condition failed: waiting for element to be clickable: By.xpath: //a[contains(text(),'Quản lý dịch vụ merchant')] (tried for 15 second(s) with 500 milliseconds interval)
Build info: version: '3.141.59', revision: 'unknown', time: 'unknown'
System info: host: 'Aidan', ip: '2405:4803:fd90:9ef0:35c5:6ea1:b1e8:64e8%en0', os.name: 'Mac OS X', os.arch: 'aarch64', os.version: '15.0.1', java.version: '17.0.7'
Driver info: com.kms.katalon.core.webui.driver.SmartWaitWebDriver
Capabilities {acceptInsecureCerts: false, browserName: chrome, browserVersion: 129.0.6668.91, chrome: {chromedriverVersion: 128.0.6613.84 (606aa55c7d68..., userDataDir: /var/folders/t5/b7k67ybj7gz...}, fedcm:accounts: true, goog:chromeOptions: {debuggerAddress: localhost:64150}, javascriptEnabled: true, networkConnectionEnabled: false, pageLoadStrategy: normal, platform: MAC, platformName: MAC, proxy: Proxy(), setWindowRect: true, strictFileInteractability: false, timeouts: {implicit: 0, pageLoad: 300000, script: 30000}, unhandledPromptBehavior: dismiss and notify, webauthn:extension:credBlob: true, webauthn:extension:largeBlob: true, webauthn:extension:minPinLength: true, webauthn:extension:prf: true, webauthn:virtualAuthenticators: true}
Session ID: 38976a8260e6830922472483fe9a9cc8
	at org.openqa.selenium.support.ui.WebDriverWait.timeoutException(WebDriverWait.java:95)
	at org.openqa.selenium.support.ui.FluentWait.until(FluentWait.java:272)
	at CustomFunctions.run(CustomFunctions:19)
	at com.kms.katalon.core.main.ScriptEngine.run(ScriptEngine.java:194)
	at com.kms.katalon.core.main.ScriptEngine.runScriptAsRawText(ScriptEngine.java:119)
	at com.kms.katalon.core.main.TestCaseExecutor.runScript(TestCaseExecutor.java:448)
	at com.kms.katalon.core.main.TestCaseExecutor.doExecute(TestCaseExecutor.java:439)
	at com.kms.katalon.core.main.TestCaseExecutor.processExecutionPhase(TestCaseExecutor.java:418)
	at com.kms.katalon.core.main.TestCaseExecutor.accessMainPhase(TestCaseExecutor.java:410)
	at com.kms.katalon.core.main.TestCaseExecutor.execute(TestCaseExecutor.java:285)
	at com.kms.katalon.core.main.TestCaseMain.runTestCase(TestCaseMain.java:137)
	at com.kms.katalon.core.keyword.builtin.CallTestCaseKeyword$_callTestCase_closure1.doCall(CallTestCaseKeyword.groovy:59)
	... 25 more]]></system-err>
      </testcase>
      <testcase name="Test Cases/Quản lý tài khoản merchant/Quản lý dịch vụ merchant/TC_05_kiểm tra chức năng search khi chọn dịch vụ là thu hộ IB" time="11.86" classname="Test Cases/Quản lý tài khoản merchant/Quản lý dịch vụ merchant/TC_05_kiểm tra chức năng search khi chọn dịch vụ là thu hộ IB" status="PASSED">
         <system-out><![CDATA[12-10-2024T20:27:28 - [TEST_CASE][PASSED] - Test Cases/Quản lý tài khoản merchant/Quản lý dịch vụ merchant/TC_05_kiểm tra chức năng search khi chọn dịch vụ là thu hộ IB: Test Cases/Quản lý tài khoản merchant/Quản lý dịch vụ merchant/TC_05_kiểm tra chức năng search khi chọn dịch vụ là thu hộ IB

12-10-2024T20:27:28 - [TEST_STEP][PASSED] - Start listener action : sampleBeforeTestCase: Navigate to 'https://stg-cms-console.9pay.mobi/login' successfully

12-10-2024T20:27:28 - [TEST_STEP][PASSED] - testCaseId = testCaseContext.getTestCaseId(): null

12-10-2024T20:27:28 - [TEST_STEP][PASSED] - url = <not implemented yet for class: org.codehaus.groovy.ast.expr.EmptyExpression>: null

12-10-2024T20:27:28 - [TEST_STEP][PASSED] - if (testCaseId == "Test Cases/Quản lý tài khoản merchant/Quản lý dịch vụ merchant/TC_14_Kiểm tra thay đổi sau khi cấu hình VA trên MCV"): null

12-10-2024T20:27:28 - [TEST_STEP][PASSED] - else: null

12-10-2024T20:27:28 - [TEST_STEP][PASSED] - url = "https://stg-cms-console.9pay.mobi/login": null

12-10-2024T20:27:28 - [TEST_STEP][PASSED] - openBrowser(""): Browser is opened with url: ''

12-10-2024T20:27:28 - [MESSAGE][WARNING] - A browser is already opened. Closing browser and opening a new one

12-10-2024T20:27:28 - [MESSAGE][INFO] - Starting 'Chrome' driver

12-10-2024T20:27:28 - [MESSAGE][INFO] - Action delay is set to 0 milliseconds

12-10-2024T20:27:29 - [MESSAGE][PASSED] - Browser is opened with url: ''

12-10-2024T20:27:29 - [TEST_STEP][PASSED] - maximizeWindow(): Current window maximized

12-10-2024T20:27:29 - [MESSAGE][PASSED] - Current window maximized

12-10-2024T20:27:29 - [TEST_STEP][PASSED] - navigateToUrl(url): Navigate to 'https://stg-cms-console.9pay.mobi/login' successfully

12-10-2024T20:27:31 - [MESSAGE][PASSED] - Navigate to 'https://stg-cms-console.9pay.mobi/login' successfully

12-10-2024T20:27:31 - [TEST_STEP][PASSED] - callTestCase(findTestCase("Test Cases/Login/LoginCommon"), [:], STOP_ON_FAILURE): Call Test Case 'Test Cases/Login/LoginCommon' successfully

12-10-2024T20:27:31 - [TEST_CASE][PASSED] - Test Cases/Login/LoginCommon: Test Cases/Login/LoginCommon

12-10-2024T20:27:31 - [TEST_STEP][PASSED] - driver = getWebDriver(): null

12-10-2024T20:27:31 - [TEST_STEP][PASSED] - sendKeys(findTestObject("Quản lý tài khoản merchant/Quản lý dịch vụ merchant/userNameTextbox"), userAccount): Keys 'dannt@9pay.vn' sent to object: 'Object Repository/Quản lý tài khoản merchant/Quản lý dịch vụ merchant/userNameTextbox'

12-10-2024T20:27:32 - [MESSAGE][PASSED] - Keys 'dannt@9pay.vn' sent to object: 'Object Repository/Quản lý tài khoản merchant/Quản lý dịch vụ merchant/userNameTextbox'

12-10-2024T20:27:32 - [TEST_STEP][PASSED] - sendKeys(findTestObject("Quản lý tài khoản merchant/Quản lý dịch vụ merchant/passwordTextbox"), password): Keys 'dannt@9pay.vn' sent to object: 'Object Repository/Quản lý tài khoản merchant/Quản lý dịch vụ merchant/passwordTextbox'

12-10-2024T20:27:32 - [MESSAGE][PASSED] - Keys 'dannt@9pay.vn' sent to object: 'Object Repository/Quản lý tài khoản merchant/Quản lý dịch vụ merchant/passwordTextbox'

12-10-2024T20:27:32 - [TEST_STEP][PASSED] - click(findTestObject("Quản lý tài khoản merchant/Quản lý dịch vụ merchant/loginButton")): Object: 'Object Repository/Quản lý tài khoản merchant/Quản lý dịch vụ merchant/loginButton' is clicked on

12-10-2024T20:27:32 - [MESSAGE][PASSED] - Object: 'Object Repository/Quản lý tài khoản merchant/Quản lý dịch vụ merchant/loginButton' is clicked on

12-10-2024T20:27:32 - [MESSAGE][PASSED] - Call Test Case 'Test Cases/Login/LoginCommon' successfully

12-10-2024T20:27:32 - [TEST_STEP][PASSED] - waitForElementVisible(findTestObject("Trang chủ/userName"), 20, STOP_ON_FAILURE): Object 'Object Repository/Trang chủ/userName' is visible

12-10-2024T20:27:34 - [MESSAGE][PASSED] - Object 'Object Repository/Trang chủ/userName' is visible

12-10-2024T20:27:34 - [TEST_STEP][PASSED] - callTestCase(findTestCase("Test Cases/Quản lý tài khoản merchant/Quản lý danh sách tài khoản/CustomFunctions"), [:], STOP_ON_FAILURE): Call Test Case 'Test Cases/Quản lý tài khoản merchant/Quản lý danh sách tài khoản/CustomFunctions' successfully

12-10-2024T20:27:34 - [TEST_CASE][PASSED] - Test Cases/Quản lý tài khoản merchant/Quản lý danh sách tài khoản/CustomFunctions: Test Cases/Quản lý tài khoản merchant/Quản lý danh sách tài khoản/CustomFunctions

12-10-2024T20:27:34 - [TEST_STEP][PASSED] - driver = getWebDriver(): null

12-10-2024T20:27:34 - [TEST_STEP][PASSED] - sleep(2000): null

12-10-2024T20:27:36 - [TEST_STEP][PASSED] - element1 = driver.findElement(By.xpath(xpathManagerMC)): null

12-10-2024T20:27:36 - [TEST_STEP][PASSED] - actions = new org.openqa.selenium.interactions.Actions(driver): null

12-10-2024T20:27:36 - [TEST_STEP][PASSED] - click().perform(): null

12-10-2024T20:27:36 - [TEST_STEP][PASSED] - wait = new org.openqa.selenium.support.ui.WebDriverWait(com.kms.katalon.core.webui.driver.DriverFactory.getWebDriver(), 15): null

12-10-2024T20:27:36 - [TEST_STEP][PASSED] - element2 = wait.until(ExpectedConditions.elementToBeClickable(By.xpath(xpathManagerServiceMC))): null

12-10-2024T20:27:37 - [TEST_STEP][PASSED] - click().perform(): null

12-10-2024T20:27:37 - [MESSAGE][PASSED] - Call Test Case 'Test Cases/Quản lý tài khoản merchant/Quản lý danh sách tài khoản/CustomFunctions' successfully

12-10-2024T20:27:37 - [TEST_STEP][PASSED] - driver = getWebDriver(): null

12-10-2024T20:27:37 - [TEST_STEP][PASSED] - dropdown = driver.findElement(By.name("service_type")): null

12-10-2024T20:27:38 - [TEST_STEP][PASSED] - xpath("//option[@value='DEPOSIT_TRANSFER_IB']")).click(): null

12-10-2024T20:27:39 - [TEST_STEP][PASSED] - click(findTestObject("Quản lý tài khoản merchant/Quản lý dịch vụ merchant/searchBtn")): Object: 'Object Repository/Quản lý tài khoản merchant/Quản lý dịch vụ merchant/searchBtn' is clicked on

12-10-2024T20:27:39 - [MESSAGE][PASSED] - Object: 'Object Repository/Quản lý tài khoản merchant/Quản lý dịch vụ merchant/searchBtn' is clicked on

12-10-2024T20:27:39 - [TEST_STEP][PASSED] - xpath = "//th/span[@class='font-bold col-teal']/i[@class='material-icons' and text()='check_circle']": null

12-10-2024T20:27:39 - [TEST_STEP][PASSED] - elements = new java.util.ArrayList(): null

12-10-2024T20:27:39 - [TEST_STEP][PASSED] - elements = driver.findElements(By.xpath(xpath)): null

12-10-2024T20:27:40 - [TEST_STEP][PASSED] - println("Số lượng phần tử: " + elements.size()): null

12-10-2024T20:27:40 - [TEST_STEP][PASSED] - expectedElements = 24: null

12-10-2024T20:27:40 - [TEST_STEP][PASSED] - if (elements.size() == expectedElements): Test case đã pass với số lượng icon đúng.

12-10-2024T20:27:40 - [TEST_STEP][PASSED] - println("Số lượng icon tìm thấy là đúng: " + elements.size()): null

12-10-2024T20:27:40 - [TEST_STEP][PASSED] - markPassed("Test case đã pass với số lượng icon đúng."): Test case đã pass với số lượng icon đúng.

12-10-2024T20:27:40 - [MESSAGE][PASSED] - Test case đã pass với số lượng icon đúng.

12-10-2024T20:27:40 - [TEST_STEP][PASSED] - Start listener action : sampleAfterTestCase: null

12-10-2024T20:27:40 - [TEST_STEP][PASSED] - testCaseId = testCaseContext.getTestCaseId(): null

12-10-2024T20:27:40 - [TEST_STEP][PASSED] - if (testCaseId == "Test Cases/Quản lý tài khoản merchant/Quản lý dịch vụ merchant/TC_13_Kiểm tra chức năng xác nhận cấu hình thay đổi VA"): null]]></system-out>
         <system-err><![CDATA[]]></system-err>
      </testcase>
      <testcase name="Test Cases/Quản lý tài khoản merchant/Quản lý dịch vụ merchant/TC_06_Kiểm tra chức năng search khi chọn dịch vụ là thu hộ IB và active" time="39.333" classname="Test Cases/Quản lý tài khoản merchant/Quản lý dịch vụ merchant/TC_06_Kiểm tra chức năng search khi chọn dịch vụ là thu hộ IB và active" status="PASSED">
         <system-out><![CDATA[12-10-2024T20:27:40 - [TEST_CASE][PASSED] - Test Cases/Quản lý tài khoản merchant/Quản lý dịch vụ merchant/TC_06_Kiểm tra chức năng search khi chọn dịch vụ là thu hộ IB và active: Test Cases/Quản lý tài khoản merchant/Quản lý dịch vụ merchant/TC_06_Kiểm tra chức năng search khi chọn dịch vụ là thu hộ IB và active

12-10-2024T20:27:40 - [TEST_STEP][PASSED] - Start listener action : sampleBeforeTestCase: Navigate to 'https://stg-cms-console.9pay.mobi/login' successfully

12-10-2024T20:27:40 - [TEST_STEP][PASSED] - testCaseId = testCaseContext.getTestCaseId(): null

12-10-2024T20:27:40 - [TEST_STEP][PASSED] - url = <not implemented yet for class: org.codehaus.groovy.ast.expr.EmptyExpression>: null

12-10-2024T20:27:40 - [TEST_STEP][PASSED] - if (testCaseId == "Test Cases/Quản lý tài khoản merchant/Quản lý dịch vụ merchant/TC_14_Kiểm tra thay đổi sau khi cấu hình VA trên MCV"): null

12-10-2024T20:27:40 - [TEST_STEP][PASSED] - else: null

12-10-2024T20:27:40 - [TEST_STEP][PASSED] - url = "https://stg-cms-console.9pay.mobi/login": null

12-10-2024T20:27:40 - [TEST_STEP][PASSED] - openBrowser(""): Browser is opened with url: ''

12-10-2024T20:27:40 - [MESSAGE][WARNING] - A browser is already opened. Closing browser and opening a new one

12-10-2024T20:27:40 - [MESSAGE][INFO] - Starting 'Chrome' driver

12-10-2024T20:27:40 - [MESSAGE][INFO] - Action delay is set to 0 milliseconds

12-10-2024T20:27:41 - [MESSAGE][PASSED] - Browser is opened with url: ''

12-10-2024T20:27:41 - [TEST_STEP][PASSED] - maximizeWindow(): Current window maximized

12-10-2024T20:27:41 - [MESSAGE][PASSED] - Current window maximized

12-10-2024T20:27:41 - [TEST_STEP][PASSED] - navigateToUrl(url): Navigate to 'https://stg-cms-console.9pay.mobi/login' successfully

12-10-2024T20:27:43 - [MESSAGE][PASSED] - Navigate to 'https://stg-cms-console.9pay.mobi/login' successfully

12-10-2024T20:27:43 - [TEST_STEP][PASSED] - callTestCase(findTestCase("Test Cases/Login/LoginCommon"), [:], STOP_ON_FAILURE): Call Test Case 'Test Cases/Login/LoginCommon' successfully

12-10-2024T20:27:43 - [TEST_CASE][PASSED] - Test Cases/Login/LoginCommon: Test Cases/Login/LoginCommon

12-10-2024T20:27:43 - [TEST_STEP][PASSED] - driver = getWebDriver(): null

12-10-2024T20:27:43 - [TEST_STEP][PASSED] - sendKeys(findTestObject("Quản lý tài khoản merchant/Quản lý dịch vụ merchant/userNameTextbox"), userAccount): Keys 'dannt@9pay.vn' sent to object: 'Object Repository/Quản lý tài khoản merchant/Quản lý dịch vụ merchant/userNameTextbox'

12-10-2024T20:27:43 - [MESSAGE][PASSED] - Keys 'dannt@9pay.vn' sent to object: 'Object Repository/Quản lý tài khoản merchant/Quản lý dịch vụ merchant/userNameTextbox'

12-10-2024T20:27:43 - [TEST_STEP][PASSED] - sendKeys(findTestObject("Quản lý tài khoản merchant/Quản lý dịch vụ merchant/passwordTextbox"), password): Keys 'dannt@9pay.vn' sent to object: 'Object Repository/Quản lý tài khoản merchant/Quản lý dịch vụ merchant/passwordTextbox'

12-10-2024T20:27:44 - [MESSAGE][PASSED] - Keys 'dannt@9pay.vn' sent to object: 'Object Repository/Quản lý tài khoản merchant/Quản lý dịch vụ merchant/passwordTextbox'

12-10-2024T20:27:44 - [TEST_STEP][PASSED] - click(findTestObject("Quản lý tài khoản merchant/Quản lý dịch vụ merchant/loginButton")): Object: 'Object Repository/Quản lý tài khoản merchant/Quản lý dịch vụ merchant/loginButton' is clicked on

12-10-2024T20:27:44 - [MESSAGE][PASSED] - Object: 'Object Repository/Quản lý tài khoản merchant/Quản lý dịch vụ merchant/loginButton' is clicked on

12-10-2024T20:27:44 - [MESSAGE][PASSED] - Call Test Case 'Test Cases/Login/LoginCommon' successfully

12-10-2024T20:27:44 - [TEST_STEP][PASSED] - waitForElementVisible(findTestObject("Trang chủ/userName"), 20, STOP_ON_FAILURE): Object 'Object Repository/Trang chủ/userName' is visible

12-10-2024T20:27:45 - [MESSAGE][PASSED] - Object 'Object Repository/Trang chủ/userName' is visible

12-10-2024T20:27:45 - [TEST_STEP][PASSED] - callTestCase(findTestCase("Test Cases/Quản lý tài khoản merchant/Quản lý danh sách tài khoản/CustomFunctions"), [:], STOP_ON_FAILURE): Call Test Case 'Test Cases/Quản lý tài khoản merchant/Quản lý danh sách tài khoản/CustomFunctions' successfully

12-10-2024T20:27:45 - [TEST_CASE][PASSED] - Test Cases/Quản lý tài khoản merchant/Quản lý danh sách tài khoản/CustomFunctions: Test Cases/Quản lý tài khoản merchant/Quản lý danh sách tài khoản/CustomFunctions

12-10-2024T20:27:45 - [TEST_STEP][PASSED] - driver = getWebDriver(): null

12-10-2024T20:27:45 - [TEST_STEP][PASSED] - sleep(2000): null

12-10-2024T20:27:47 - [TEST_STEP][PASSED] - element1 = driver.findElement(By.xpath(xpathManagerMC)): null

12-10-2024T20:27:49 - [TEST_STEP][PASSED] - actions = new org.openqa.selenium.interactions.Actions(driver): null

12-10-2024T20:27:49 - [TEST_STEP][PASSED] - click().perform(): null

12-10-2024T20:27:54 - [TEST_STEP][PASSED] - wait = new org.openqa.selenium.support.ui.WebDriverWait(com.kms.katalon.core.webui.driver.DriverFactory.getWebDriver(), 15): null

12-10-2024T20:27:54 - [TEST_STEP][PASSED] - element2 = wait.until(ExpectedConditions.elementToBeClickable(By.xpath(xpathManagerServiceMC))): null

12-10-2024T20:27:56 - [TEST_STEP][PASSED] - click().perform(): null

12-10-2024T20:28:02 - [MESSAGE][PASSED] - Call Test Case 'Test Cases/Quản lý tài khoản merchant/Quản lý danh sách tài khoản/CustomFunctions' successfully

12-10-2024T20:28:02 - [TEST_STEP][PASSED] - driver = getWebDriver(): null

12-10-2024T20:28:02 - [TEST_STEP][PASSED] - dropdown = driver.findElement(By.name("service_type")): null

12-10-2024T20:28:07 - [TEST_STEP][PASSED] - xpath("//option[@value='DEPOSIT_TRANSFER_IB']")).click(): null

12-10-2024T20:28:09 - [TEST_STEP][PASSED] - dropdownStt = driver.findElement(By.name("is_active")): null

12-10-2024T20:28:11 - [TEST_STEP][PASSED] - xpath("//option[@value="1"]")).click(): null

12-10-2024T20:28:13 - [TEST_STEP][PASSED] - click(findTestObject("Quản lý tài khoản merchant/Quản lý dịch vụ merchant/searchBtn")): Object: 'Object Repository/Quản lý tài khoản merchant/Quản lý dịch vụ merchant/searchBtn' is clicked on

12-10-2024T20:28:15 - [MESSAGE][PASSED] - Object: 'Object Repository/Quản lý tài khoản merchant/Quản lý dịch vụ merchant/searchBtn' is clicked on

12-10-2024T20:28:15 - [TEST_STEP][PASSED] - xpathCollectionIB = "//th/span[@class='font-bold col-teal']/i[@class='material-icons' and text()='check_circle']": null

12-10-2024T20:28:15 - [TEST_STEP][PASSED] - xpathSttActive = "//td//span[contains(text(),'Đang hoạt động')]": null

12-10-2024T20:28:15 - [TEST_STEP][PASSED] - CollectionIBs = new java.util.ArrayList(): null

12-10-2024T20:28:15 - [TEST_STEP][PASSED] - SttActives = new java.util.ArrayList(): null

12-10-2024T20:28:15 - [TEST_STEP][PASSED] - CollectionIBs = driver.findElements(By.xpath(xpathCollectionIB)): null

12-10-2024T20:28:17 - [TEST_STEP][PASSED] - SttActives = driver.findElements(By.xpath(xpathSttActive)): null

12-10-2024T20:28:19 - [TEST_STEP][PASSED] - expectedElements = 25: null

12-10-2024T20:28:19 - [TEST_STEP][PASSED] - if (SttActives.size() == expectedElements): Test case đã pass với số lượng icon đúng.

12-10-2024T20:28:19 - [TEST_STEP][PASSED] - println("Số lượng icon tìm thấy là đúng: " + CollectionIBs.size()): null

12-10-2024T20:28:19 - [TEST_STEP][PASSED] - markPassed("Test case đã pass với số lượng icon đúng."): Test case đã pass với số lượng icon đúng.

12-10-2024T20:28:19 - [MESSAGE][PASSED] - Test case đã pass với số lượng icon đúng.

12-10-2024T20:28:19 - [TEST_STEP][PASSED] - Start listener action : sampleAfterTestCase: null

12-10-2024T20:28:19 - [TEST_STEP][PASSED] - testCaseId = testCaseContext.getTestCaseId(): null

12-10-2024T20:28:19 - [TEST_STEP][PASSED] - if (testCaseId == "Test Cases/Quản lý tài khoản merchant/Quản lý dịch vụ merchant/TC_13_Kiểm tra chức năng xác nhận cấu hình thay đổi VA"): null]]></system-out>
         <system-err><![CDATA[]]></system-err>
      </testcase>
      <testcase name="Test Cases/Quản lý tài khoản merchant/Quản lý dịch vụ merchant/TC_07_Kiểm tra chức năng search khi chọn dịch vụ là thu hộ IB và inactive" time="16.123" classname="Test Cases/Quản lý tài khoản merchant/Quản lý dịch vụ merchant/TC_07_Kiểm tra chức năng search khi chọn dịch vụ là thu hộ IB và inactive" status="PASSED">
         <system-out><![CDATA[12-10-2024T20:28:19 - [TEST_CASE][PASSED] - Test Cases/Quản lý tài khoản merchant/Quản lý dịch vụ merchant/TC_07_Kiểm tra chức năng search khi chọn dịch vụ là thu hộ IB và inactive: Test Cases/Quản lý tài khoản merchant/Quản lý dịch vụ merchant/TC_07_Kiểm tra chức năng search khi chọn dịch vụ là thu hộ IB và inactive

12-10-2024T20:28:19 - [TEST_STEP][PASSED] - Start listener action : sampleBeforeTestCase: Navigate to 'https://stg-cms-console.9pay.mobi/login' successfully

12-10-2024T20:28:19 - [TEST_STEP][PASSED] - testCaseId = testCaseContext.getTestCaseId(): null

12-10-2024T20:28:19 - [TEST_STEP][PASSED] - url = <not implemented yet for class: org.codehaus.groovy.ast.expr.EmptyExpression>: null

12-10-2024T20:28:19 - [TEST_STEP][PASSED] - if (testCaseId == "Test Cases/Quản lý tài khoản merchant/Quản lý dịch vụ merchant/TC_14_Kiểm tra thay đổi sau khi cấu hình VA trên MCV"): null

12-10-2024T20:28:19 - [TEST_STEP][PASSED] - else: null

12-10-2024T20:28:19 - [TEST_STEP][PASSED] - url = "https://stg-cms-console.9pay.mobi/login": null

12-10-2024T20:28:19 - [TEST_STEP][PASSED] - openBrowser(""): Browser is opened with url: ''

12-10-2024T20:28:19 - [MESSAGE][WARNING] - A browser is already opened. Closing browser and opening a new one

12-10-2024T20:28:19 - [MESSAGE][INFO] - Starting 'Chrome' driver

12-10-2024T20:28:19 - [MESSAGE][INFO] - Action delay is set to 0 milliseconds

12-10-2024T20:28:20 - [MESSAGE][PASSED] - Browser is opened with url: ''

12-10-2024T20:28:20 - [TEST_STEP][PASSED] - maximizeWindow(): Current window maximized

12-10-2024T20:28:20 - [MESSAGE][PASSED] - Current window maximized

12-10-2024T20:28:20 - [TEST_STEP][PASSED] - navigateToUrl(url): Navigate to 'https://stg-cms-console.9pay.mobi/login' successfully

12-10-2024T20:28:24 - [MESSAGE][PASSED] - Navigate to 'https://stg-cms-console.9pay.mobi/login' successfully

12-10-2024T20:28:24 - [TEST_STEP][PASSED] - callTestCase(findTestCase("Test Cases/Login/LoginCommon"), [:], STOP_ON_FAILURE): Call Test Case 'Test Cases/Login/LoginCommon' successfully

12-10-2024T20:28:24 - [TEST_CASE][PASSED] - Test Cases/Login/LoginCommon: Test Cases/Login/LoginCommon

12-10-2024T20:28:24 - [TEST_STEP][PASSED] - driver = getWebDriver(): null

12-10-2024T20:28:24 - [TEST_STEP][PASSED] - sendKeys(findTestObject("Quản lý tài khoản merchant/Quản lý dịch vụ merchant/userNameTextbox"), userAccount): Keys 'dannt@9pay.vn' sent to object: 'Object Repository/Quản lý tài khoản merchant/Quản lý dịch vụ merchant/userNameTextbox'

12-10-2024T20:28:25 - [MESSAGE][PASSED] - Keys 'dannt@9pay.vn' sent to object: 'Object Repository/Quản lý tài khoản merchant/Quản lý dịch vụ merchant/userNameTextbox'

12-10-2024T20:28:25 - [TEST_STEP][PASSED] - sendKeys(findTestObject("Quản lý tài khoản merchant/Quản lý dịch vụ merchant/passwordTextbox"), password): Keys 'dannt@9pay.vn' sent to object: 'Object Repository/Quản lý tài khoản merchant/Quản lý dịch vụ merchant/passwordTextbox'

12-10-2024T20:28:25 - [MESSAGE][PASSED] - Keys 'dannt@9pay.vn' sent to object: 'Object Repository/Quản lý tài khoản merchant/Quản lý dịch vụ merchant/passwordTextbox'

12-10-2024T20:28:25 - [TEST_STEP][PASSED] - click(findTestObject("Quản lý tài khoản merchant/Quản lý dịch vụ merchant/loginButton")): Object: 'Object Repository/Quản lý tài khoản merchant/Quản lý dịch vụ merchant/loginButton' is clicked on

12-10-2024T20:28:25 - [MESSAGE][PASSED] - Object: 'Object Repository/Quản lý tài khoản merchant/Quản lý dịch vụ merchant/loginButton' is clicked on

12-10-2024T20:28:25 - [MESSAGE][PASSED] - Call Test Case 'Test Cases/Login/LoginCommon' successfully

12-10-2024T20:28:25 - [TEST_STEP][PASSED] - waitForElementVisible(findTestObject("Trang chủ/userName"), 20, STOP_ON_FAILURE): Object 'Object Repository/Trang chủ/userName' is visible

12-10-2024T20:28:29 - [MESSAGE][PASSED] - Object 'Object Repository/Trang chủ/userName' is visible

12-10-2024T20:28:29 - [TEST_STEP][PASSED] - callTestCase(findTestCase("Test Cases/Quản lý tài khoản merchant/Quản lý danh sách tài khoản/CustomFunctions"), [:], STOP_ON_FAILURE): Call Test Case 'Test Cases/Quản lý tài khoản merchant/Quản lý danh sách tài khoản/CustomFunctions' successfully

12-10-2024T20:28:29 - [TEST_CASE][PASSED] - Test Cases/Quản lý tài khoản merchant/Quản lý danh sách tài khoản/CustomFunctions: Test Cases/Quản lý tài khoản merchant/Quản lý danh sách tài khoản/CustomFunctions

12-10-2024T20:28:29 - [TEST_STEP][PASSED] - driver = getWebDriver(): null

12-10-2024T20:28:29 - [TEST_STEP][PASSED] - sleep(2000): null

12-10-2024T20:28:31 - [TEST_STEP][PASSED] - element1 = driver.findElement(By.xpath(xpathManagerMC)): null

12-10-2024T20:28:31 - [TEST_STEP][PASSED] - actions = new org.openqa.selenium.interactions.Actions(driver): null

12-10-2024T20:28:31 - [TEST_STEP][PASSED] - click().perform(): null

12-10-2024T20:28:31 - [TEST_STEP][PASSED] - wait = new org.openqa.selenium.support.ui.WebDriverWait(com.kms.katalon.core.webui.driver.DriverFactory.getWebDriver(), 15): null

12-10-2024T20:28:31 - [TEST_STEP][PASSED] - element2 = wait.until(ExpectedConditions.elementToBeClickable(By.xpath(xpathManagerServiceMC))): null

12-10-2024T20:28:32 - [TEST_STEP][PASSED] - click().perform(): null

12-10-2024T20:28:32 - [MESSAGE][PASSED] - Call Test Case 'Test Cases/Quản lý tài khoản merchant/Quản lý danh sách tài khoản/CustomFunctions' successfully

12-10-2024T20:28:32 - [TEST_STEP][PASSED] - driver = getWebDriver(): null

12-10-2024T20:28:32 - [TEST_STEP][PASSED] - dropdown = driver.findElement(By.name("service_type")): null

12-10-2024T20:28:33 - [TEST_STEP][PASSED] - dropdownStt = driver.findElement(By.name("is_active")): null

12-10-2024T20:28:33 - [TEST_STEP][PASSED] - xpath("//option[@value='DEPOSIT_TRANSFER_IB']")).click(): null

12-10-2024T20:28:34 - [TEST_STEP][PASSED] - xpath("//option[@value="0"]")).click(): null

12-10-2024T20:28:34 - [TEST_STEP][PASSED] - click(findTestObject("Quản lý tài khoản merchant/Quản lý dịch vụ merchant/searchBtn")): Object: 'Object Repository/Quản lý tài khoản merchant/Quản lý dịch vụ merchant/searchBtn' is clicked on

12-10-2024T20:28:34 - [MESSAGE][PASSED] - Object: 'Object Repository/Quản lý tài khoản merchant/Quản lý dịch vụ merchant/searchBtn' is clicked on

12-10-2024T20:28:34 - [TEST_STEP][PASSED] - xpathCollectionIB = "//th/span[@class='font-bold col-teal']/i[@class='material-icons' and text()='check_circle']": null

12-10-2024T20:28:34 - [TEST_STEP][PASSED] - xpathSttInactive = "//td//span[contains(text(),'Không hoạt động')]": null

12-10-2024T20:28:34 - [TEST_STEP][PASSED] - CollectionIBs = new java.util.ArrayList(): null

12-10-2024T20:28:34 - [TEST_STEP][PASSED] - SttInactives = new java.util.ArrayList(): null

12-10-2024T20:28:34 - [TEST_STEP][PASSED] - CollectionIBs = driver.findElements(By.xpath(xpathCollectionIB)): null

12-10-2024T20:28:35 - [TEST_STEP][PASSED] - SttInactives = driver.findElements(By.xpath(xpathSttInactive)): null

12-10-2024T20:28:35 - [TEST_STEP][PASSED] - for (org.openqa.selenium.WebElement element : SttInactives): null

12-10-2024T20:28:35 - [TEST_STEP][PASSED] - elementText = element.getText(): null

12-10-2024T20:28:35 - [TEST_STEP][PASSED] - if (elementText == "Không hoạt động"): null

12-10-2024T20:28:35 - [TEST_STEP][PASSED] - println("Element text is correct: " + elementText): null

12-10-2024T20:28:35 - [TEST_STEP][PASSED] - elementText = element.getText(): null

12-10-2024T20:28:35 - [TEST_STEP][PASSED] - if (elementText == "Không hoạt động"): null

12-10-2024T20:28:35 - [TEST_STEP][PASSED] - println("Element text is correct: " + elementText): null

12-10-2024T20:28:35 - [TEST_STEP][PASSED] - elementText = element.getText(): null

12-10-2024T20:28:35 - [TEST_STEP][PASSED] - if (elementText == "Không hoạt động"): null

12-10-2024T20:28:35 - [TEST_STEP][PASSED] - println("Element text is correct: " + elementText): null

12-10-2024T20:28:35 - [TEST_STEP][PASSED] - elementText = element.getText(): null

12-10-2024T20:28:35 - [TEST_STEP][PASSED] - if (elementText == "Không hoạt động"): null

12-10-2024T20:28:35 - [TEST_STEP][PASSED] - println("Element text is correct: " + elementText): null

12-10-2024T20:28:35 - [TEST_STEP][PASSED] - Start listener action : sampleAfterTestCase: null

12-10-2024T20:28:35 - [TEST_STEP][PASSED] - testCaseId = testCaseContext.getTestCaseId(): null

12-10-2024T20:28:35 - [TEST_STEP][PASSED] - if (testCaseId == "Test Cases/Quản lý tài khoản merchant/Quản lý dịch vụ merchant/TC_13_Kiểm tra chức năng xác nhận cấu hình thay đổi VA"): null]]></system-out>
         <system-err><![CDATA[]]></system-err>
      </testcase>
      <testcase name="Test Cases/Quản lý tài khoản merchant/Quản lý dịch vụ merchant/TC_08_Kiểm tra chức năng search khi chọn dịch vụ là thu hộ Va" time="12.065" classname="Test Cases/Quản lý tài khoản merchant/Quản lý dịch vụ merchant/TC_08_Kiểm tra chức năng search khi chọn dịch vụ là thu hộ Va" status="PASSED">
         <system-out><![CDATA[12-10-2024T20:28:35 - [TEST_CASE][PASSED] - Test Cases/Quản lý tài khoản merchant/Quản lý dịch vụ merchant/TC_08_Kiểm tra chức năng search khi chọn dịch vụ là thu hộ Va: Test Cases/Quản lý tài khoản merchant/Quản lý dịch vụ merchant/TC_08_Kiểm tra chức năng search khi chọn dịch vụ là thu hộ Va

12-10-2024T20:28:35 - [TEST_STEP][PASSED] - Start listener action : sampleBeforeTestCase: Navigate to 'https://stg-cms-console.9pay.mobi/login' successfully

12-10-2024T20:28:35 - [TEST_STEP][PASSED] - testCaseId = testCaseContext.getTestCaseId(): null

12-10-2024T20:28:35 - [TEST_STEP][PASSED] - url = <not implemented yet for class: org.codehaus.groovy.ast.expr.EmptyExpression>: null

12-10-2024T20:28:35 - [TEST_STEP][PASSED] - if (testCaseId == "Test Cases/Quản lý tài khoản merchant/Quản lý dịch vụ merchant/TC_14_Kiểm tra thay đổi sau khi cấu hình VA trên MCV"): null

12-10-2024T20:28:35 - [TEST_STEP][PASSED] - else: null

12-10-2024T20:28:35 - [TEST_STEP][PASSED] - url = "https://stg-cms-console.9pay.mobi/login": null

12-10-2024T20:28:35 - [TEST_STEP][PASSED] - openBrowser(""): Browser is opened with url: ''

12-10-2024T20:28:35 - [MESSAGE][WARNING] - A browser is already opened. Closing browser and opening a new one

12-10-2024T20:28:36 - [MESSAGE][INFO] - Starting 'Chrome' driver

12-10-2024T20:28:36 - [MESSAGE][INFO] - Action delay is set to 0 milliseconds

12-10-2024T20:28:36 - [MESSAGE][PASSED] - Browser is opened with url: ''

12-10-2024T20:28:36 - [TEST_STEP][PASSED] - maximizeWindow(): Current window maximized

12-10-2024T20:28:37 - [MESSAGE][PASSED] - Current window maximized

12-10-2024T20:28:37 - [TEST_STEP][PASSED] - navigateToUrl(url): Navigate to 'https://stg-cms-console.9pay.mobi/login' successfully

12-10-2024T20:28:38 - [MESSAGE][PASSED] - Navigate to 'https://stg-cms-console.9pay.mobi/login' successfully

12-10-2024T20:28:38 - [TEST_STEP][PASSED] - callTestCase(findTestCase("Test Cases/Login/LoginCommon"), [:], STOP_ON_FAILURE): Call Test Case 'Test Cases/Login/LoginCommon' successfully

12-10-2024T20:28:38 - [TEST_CASE][PASSED] - Test Cases/Login/LoginCommon: Test Cases/Login/LoginCommon

12-10-2024T20:28:38 - [TEST_STEP][PASSED] - driver = getWebDriver(): null

12-10-2024T20:28:38 - [TEST_STEP][PASSED] - sendKeys(findTestObject("Quản lý tài khoản merchant/Quản lý dịch vụ merchant/userNameTextbox"), userAccount): Keys 'dannt@9pay.vn' sent to object: 'Object Repository/Quản lý tài khoản merchant/Quản lý dịch vụ merchant/userNameTextbox'

12-10-2024T20:28:39 - [MESSAGE][PASSED] - Keys 'dannt@9pay.vn' sent to object: 'Object Repository/Quản lý tài khoản merchant/Quản lý dịch vụ merchant/userNameTextbox'

12-10-2024T20:28:39 - [TEST_STEP][PASSED] - sendKeys(findTestObject("Quản lý tài khoản merchant/Quản lý dịch vụ merchant/passwordTextbox"), password): Keys 'dannt@9pay.vn' sent to object: 'Object Repository/Quản lý tài khoản merchant/Quản lý dịch vụ merchant/passwordTextbox'

12-10-2024T20:28:39 - [MESSAGE][PASSED] - Keys 'dannt@9pay.vn' sent to object: 'Object Repository/Quản lý tài khoản merchant/Quản lý dịch vụ merchant/passwordTextbox'

12-10-2024T20:28:39 - [TEST_STEP][PASSED] - click(findTestObject("Quản lý tài khoản merchant/Quản lý dịch vụ merchant/loginButton")): Object: 'Object Repository/Quản lý tài khoản merchant/Quản lý dịch vụ merchant/loginButton' is clicked on

12-10-2024T20:28:39 - [MESSAGE][PASSED] - Object: 'Object Repository/Quản lý tài khoản merchant/Quản lý dịch vụ merchant/loginButton' is clicked on

12-10-2024T20:28:39 - [MESSAGE][PASSED] - Call Test Case 'Test Cases/Login/LoginCommon' successfully

12-10-2024T20:28:39 - [TEST_STEP][PASSED] - waitForElementVisible(findTestObject("Trang chủ/userName"), 20, STOP_ON_FAILURE): Object 'Object Repository/Trang chủ/userName' is visible

12-10-2024T20:28:41 - [MESSAGE][PASSED] - Object 'Object Repository/Trang chủ/userName' is visible

12-10-2024T20:28:41 - [TEST_STEP][PASSED] - callTestCase(findTestCase("Test Cases/Quản lý tài khoản merchant/Quản lý danh sách tài khoản/CustomFunctions"), [:], STOP_ON_FAILURE): Call Test Case 'Test Cases/Quản lý tài khoản merchant/Quản lý danh sách tài khoản/CustomFunctions' successfully

12-10-2024T20:28:41 - [TEST_CASE][PASSED] - Test Cases/Quản lý tài khoản merchant/Quản lý danh sách tài khoản/CustomFunctions: Test Cases/Quản lý tài khoản merchant/Quản lý danh sách tài khoản/CustomFunctions

12-10-2024T20:28:41 - [TEST_STEP][PASSED] - driver = getWebDriver(): null

12-10-2024T20:28:41 - [TEST_STEP][PASSED] - sleep(2000): null

12-10-2024T20:28:43 - [TEST_STEP][PASSED] - element1 = driver.findElement(By.xpath(xpathManagerMC)): null

12-10-2024T20:28:43 - [TEST_STEP][PASSED] - actions = new org.openqa.selenium.interactions.Actions(driver): null

12-10-2024T20:28:43 - [TEST_STEP][PASSED] - click().perform(): null

12-10-2024T20:28:43 - [TEST_STEP][PASSED] - wait = new org.openqa.selenium.support.ui.WebDriverWait(com.kms.katalon.core.webui.driver.DriverFactory.getWebDriver(), 15): null

12-10-2024T20:28:43 - [TEST_STEP][PASSED] - element2 = wait.until(ExpectedConditions.elementToBeClickable(By.xpath(xpathManagerServiceMC))): null

12-10-2024T20:28:44 - [TEST_STEP][PASSED] - click().perform(): null

12-10-2024T20:28:44 - [MESSAGE][PASSED] - Call Test Case 'Test Cases/Quản lý tài khoản merchant/Quản lý danh sách tài khoản/CustomFunctions' successfully

12-10-2024T20:28:44 - [TEST_STEP][PASSED] - driver = getWebDriver(): null

12-10-2024T20:28:44 - [TEST_STEP][PASSED] - dropdown = driver.findElement(By.name("service_type")): null

12-10-2024T20:28:45 - [TEST_STEP][PASSED] - xpath("//option[@value='DEPOSIT_TRANSFER_VA']")).click(): null

12-10-2024T20:28:45 - [TEST_STEP][PASSED] - click(findTestObject("Quản lý tài khoản merchant/Quản lý dịch vụ merchant/searchBtn")): Object: 'Object Repository/Quản lý tài khoản merchant/Quản lý dịch vụ merchant/searchBtn' is clicked on

12-10-2024T20:28:46 - [MESSAGE][PASSED] - Object: 'Object Repository/Quản lý tài khoản merchant/Quản lý dịch vụ merchant/searchBtn' is clicked on

12-10-2024T20:28:46 - [TEST_STEP][PASSED] - xpath = "//label[contains(@for, 'bank_va_TECHCOMBANK')]": null

12-10-2024T20:28:46 - [TEST_STEP][PASSED] - elements = new java.util.ArrayList(): null

12-10-2024T20:28:46 - [TEST_STEP][PASSED] - elements = driver.findElements(By.xpath(xpath)): null

12-10-2024T20:28:48 - [TEST_STEP][PASSED] - println("Số lượng phần tử: " + elements.size()): null

12-10-2024T20:28:48 - [TEST_STEP][PASSED] - expectedElements = 24: null

12-10-2024T20:28:48 - [TEST_STEP][PASSED] - if (elements.size() == expectedElements): Test case đã pass với số lượng icon đúng.

12-10-2024T20:28:48 - [TEST_STEP][PASSED] - println("Số lượng icon tìm thấy là đúng: " + elements.size()): null

12-10-2024T20:28:48 - [TEST_STEP][PASSED] - markPassed("Test case đã pass với số lượng icon đúng."): Test case đã pass với số lượng icon đúng.

12-10-2024T20:28:48 - [MESSAGE][PASSED] - Test case đã pass với số lượng icon đúng.

12-10-2024T20:28:48 - [TEST_STEP][PASSED] - Start listener action : sampleAfterTestCase: null

12-10-2024T20:28:48 - [TEST_STEP][PASSED] - testCaseId = testCaseContext.getTestCaseId(): null

12-10-2024T20:28:48 - [TEST_STEP][PASSED] - if (testCaseId == "Test Cases/Quản lý tài khoản merchant/Quản lý dịch vụ merchant/TC_13_Kiểm tra chức năng xác nhận cấu hình thay đổi VA"): null]]></system-out>
         <system-err><![CDATA[]]></system-err>
      </testcase>
      <testcase name="Test Cases/Quản lý tài khoản merchant/Quản lý dịch vụ merchant/TC_09_Kiểm tra chức năng search khi chọn dịch vụ là thu hộ Va và active" time="12.483" classname="Test Cases/Quản lý tài khoản merchant/Quản lý dịch vụ merchant/TC_09_Kiểm tra chức năng search khi chọn dịch vụ là thu hộ Va và active" status="FAILED">
         <failure type="FAILED" message="Test Cases/Quản lý tài khoản merchant/Quản lý dịch vụ merchant/TC_09_Kiểm tra chức năng search khi chọn dịch vụ là thu hộ Va và active FAILED.&#xa;Reason:&#xa;com.kms.katalon.core.exception.StepFailedException: Test case đã fail với số lượng icon không đúng.&#xa;	at com.kms.katalon.core.util.KeywordUtil.markFailed(KeywordUtil.java:19)&#xa;	at TC_09_Kiểm tra chức năng search khi chọn dịch vụ là thu hộ Va và active.run(TC_09_Kiểm tra chức năng search khi chọn dịch vụ là thu hộ Va và active:65)&#xa;	at com.kms.katalon.core.main.ScriptEngine.run(ScriptEngine.java:194)&#xa;	at com.kms.katalon.core.main.ScriptEngine.runScriptAsRawText(ScriptEngine.java:119)&#xa;	at com.kms.katalon.core.main.TestCaseExecutor.runScript(TestCaseExecutor.java:448)&#xa;	at com.kms.katalon.core.main.TestCaseExecutor.doExecute(TestCaseExecutor.java:439)&#xa;	at com.kms.katalon.core.main.TestCaseExecutor.processExecutionPhase(TestCaseExecutor.java:418)&#xa;	at com.kms.katalon.core.main.TestCaseExecutor.accessMainPhase(TestCaseExecutor.java:410)&#xa;	at com.kms.katalon.core.main.TestCaseExecutor.execute(TestCaseExecutor.java:285)&#xa;	at com.kms.katalon.core.common.CommonExecutor.accessTestCaseMainPhase(CommonExecutor.java:65)&#xa;	at com.kms.katalon.core.main.TestSuiteExecutor.accessTestSuiteMainPhase(TestSuiteExecutor.java:150)&#xa;	at com.kms.katalon.core.main.TestSuiteExecutor.execute(TestSuiteExecutor.java:106)&#xa;	at com.kms.katalon.core.main.TestCaseMain.startTestSuite(TestCaseMain.java:180)&#xa;	at TempTestSuite1728739561259.run(TempTestSuite1728739561259.groovy:35)&#xa;	at java.base/jdk.internal.reflect.NativeMethodAccessorImpl.invoke0(Native Method)&#xa;	at java.base/jdk.internal.reflect.NativeMethodAccessorImpl.invoke(NativeMethodAccessorImpl.java:77)&#xa;	at java.base/jdk.internal.reflect.DelegatingMethodAccessorImpl.invoke(DelegatingMethodAccessorImpl.java:43)&#xa;"/>
         <system-out><![CDATA[12-10-2024T20:28:48 - [TEST_CASE][FAILED] - Test Cases/Quản lý tài khoản merchant/Quản lý dịch vụ merchant/TC_09_Kiểm tra chức năng search khi chọn dịch vụ là thu hộ Va và active: Test Cases/Quản lý tài khoản merchant/Quản lý dịch vụ merchant/TC_09_Kiểm tra chức năng search khi chọn dịch vụ là thu hộ Va và active FAILED.
Reason:
com.kms.katalon.core.exception.StepFailedException: Test case đã fail với số lượng icon không đúng.
	at com.kms.katalon.core.util.KeywordUtil.markFailed(KeywordUtil.java:19)
	at TC_09_Kiểm tra chức năng search khi chọn dịch vụ là thu hộ Va và active.run(TC_09_Kiểm tra chức năng search khi chọn dịch vụ là thu hộ Va và active:65)
	at com.kms.katalon.core.main.ScriptEngine.run(ScriptEngine.java:194)
	at com.kms.katalon.core.main.ScriptEngine.runScriptAsRawText(ScriptEngine.java:119)
	at com.kms.katalon.core.main.TestCaseExecutor.runScript(TestCaseExecutor.java:448)
	at com.kms.katalon.core.main.TestCaseExecutor.doExecute(TestCaseExecutor.java:439)
	at com.kms.katalon.core.main.TestCaseExecutor.processExecutionPhase(TestCaseExecutor.java:418)
	at com.kms.katalon.core.main.TestCaseExecutor.accessMainPhase(TestCaseExecutor.java:410)
	at com.kms.katalon.core.main.TestCaseExecutor.execute(TestCaseExecutor.java:285)
	at com.kms.katalon.core.common.CommonExecutor.accessTestCaseMainPhase(CommonExecutor.java:65)
	at com.kms.katalon.core.main.TestSuiteExecutor.accessTestSuiteMainPhase(TestSuiteExecutor.java:150)
	at com.kms.katalon.core.main.TestSuiteExecutor.execute(TestSuiteExecutor.java:106)
	at com.kms.katalon.core.main.TestCaseMain.startTestSuite(TestCaseMain.java:180)
	at TempTestSuite1728739561259.run(TempTestSuite1728739561259.groovy:35)
	at java.base/jdk.internal.reflect.NativeMethodAccessorImpl.invoke0(Native Method)
	at java.base/jdk.internal.reflect.NativeMethodAccessorImpl.invoke(NativeMethodAccessorImpl.java:77)
	at java.base/jdk.internal.reflect.DelegatingMethodAccessorImpl.invoke(DelegatingMethodAccessorImpl.java:43)


12-10-2024T20:28:48 - [TEST_STEP][PASSED] - Start listener action : sampleBeforeTestCase: Navigate to 'https://stg-cms-console.9pay.mobi/login' successfully

12-10-2024T20:28:48 - [TEST_STEP][PASSED] - testCaseId = testCaseContext.getTestCaseId(): null

12-10-2024T20:28:48 - [TEST_STEP][PASSED] - url = <not implemented yet for class: org.codehaus.groovy.ast.expr.EmptyExpression>: null

12-10-2024T20:28:48 - [TEST_STEP][PASSED] - if (testCaseId == "Test Cases/Quản lý tài khoản merchant/Quản lý dịch vụ merchant/TC_14_Kiểm tra thay đổi sau khi cấu hình VA trên MCV"): null

12-10-2024T20:28:48 - [TEST_STEP][PASSED] - else: null

12-10-2024T20:28:48 - [TEST_STEP][PASSED] - url = "https://stg-cms-console.9pay.mobi/login": null

12-10-2024T20:28:48 - [TEST_STEP][PASSED] - openBrowser(""): Browser is opened with url: ''

12-10-2024T20:28:48 - [MESSAGE][WARNING] - A browser is already opened. Closing browser and opening a new one

12-10-2024T20:28:48 - [MESSAGE][INFO] - Starting 'Chrome' driver

12-10-2024T20:28:48 - [MESSAGE][INFO] - Action delay is set to 0 milliseconds

12-10-2024T20:28:48 - [MESSAGE][PASSED] - Browser is opened with url: ''

12-10-2024T20:28:48 - [TEST_STEP][PASSED] - maximizeWindow(): Current window maximized

12-10-2024T20:28:49 - [MESSAGE][PASSED] - Current window maximized

12-10-2024T20:28:49 - [TEST_STEP][PASSED] - navigateToUrl(url): Navigate to 'https://stg-cms-console.9pay.mobi/login' successfully

12-10-2024T20:28:50 - [MESSAGE][PASSED] - Navigate to 'https://stg-cms-console.9pay.mobi/login' successfully

12-10-2024T20:28:50 - [TEST_STEP][PASSED] - callTestCase(findTestCase("Test Cases/Login/LoginCommon"), [:], STOP_ON_FAILURE): Call Test Case 'Test Cases/Login/LoginCommon' successfully

12-10-2024T20:28:50 - [TEST_CASE][PASSED] - Test Cases/Login/LoginCommon: Test Cases/Login/LoginCommon

12-10-2024T20:28:50 - [TEST_STEP][PASSED] - driver = getWebDriver(): null

12-10-2024T20:28:50 - [TEST_STEP][PASSED] - sendKeys(findTestObject("Quản lý tài khoản merchant/Quản lý dịch vụ merchant/userNameTextbox"), userAccount): Keys 'dannt@9pay.vn' sent to object: 'Object Repository/Quản lý tài khoản merchant/Quản lý dịch vụ merchant/userNameTextbox'

12-10-2024T20:28:51 - [MESSAGE][PASSED] - Keys 'dannt@9pay.vn' sent to object: 'Object Repository/Quản lý tài khoản merchant/Quản lý dịch vụ merchant/userNameTextbox'

12-10-2024T20:28:51 - [TEST_STEP][PASSED] - sendKeys(findTestObject("Quản lý tài khoản merchant/Quản lý dịch vụ merchant/passwordTextbox"), password): Keys 'dannt@9pay.vn' sent to object: 'Object Repository/Quản lý tài khoản merchant/Quản lý dịch vụ merchant/passwordTextbox'

12-10-2024T20:28:51 - [MESSAGE][PASSED] - Keys 'dannt@9pay.vn' sent to object: 'Object Repository/Quản lý tài khoản merchant/Quản lý dịch vụ merchant/passwordTextbox'

12-10-2024T20:28:51 - [TEST_STEP][PASSED] - click(findTestObject("Quản lý tài khoản merchant/Quản lý dịch vụ merchant/loginButton")): Object: 'Object Repository/Quản lý tài khoản merchant/Quản lý dịch vụ merchant/loginButton' is clicked on

12-10-2024T20:28:51 - [MESSAGE][PASSED] - Object: 'Object Repository/Quản lý tài khoản merchant/Quản lý dịch vụ merchant/loginButton' is clicked on

12-10-2024T20:28:51 - [MESSAGE][PASSED] - Call Test Case 'Test Cases/Login/LoginCommon' successfully

12-10-2024T20:28:51 - [TEST_STEP][PASSED] - waitForElementVisible(findTestObject("Trang chủ/userName"), 20, STOP_ON_FAILURE): Object 'Object Repository/Trang chủ/userName' is visible

12-10-2024T20:28:53 - [MESSAGE][PASSED] - Object 'Object Repository/Trang chủ/userName' is visible

12-10-2024T20:28:53 - [TEST_STEP][PASSED] - callTestCase(findTestCase("Test Cases/Quản lý tài khoản merchant/Quản lý danh sách tài khoản/CustomFunctions"), [:], STOP_ON_FAILURE): Call Test Case 'Test Cases/Quản lý tài khoản merchant/Quản lý danh sách tài khoản/CustomFunctions' successfully

12-10-2024T20:28:53 - [TEST_CASE][PASSED] - Test Cases/Quản lý tài khoản merchant/Quản lý danh sách tài khoản/CustomFunctions: Test Cases/Quản lý tài khoản merchant/Quản lý danh sách tài khoản/CustomFunctions

12-10-2024T20:28:53 - [TEST_STEP][PASSED] - driver = getWebDriver(): null

12-10-2024T20:28:53 - [TEST_STEP][PASSED] - sleep(2000): null

12-10-2024T20:28:55 - [TEST_STEP][PASSED] - element1 = driver.findElement(By.xpath(xpathManagerMC)): null

12-10-2024T20:28:55 - [TEST_STEP][PASSED] - actions = new org.openqa.selenium.interactions.Actions(driver): null

12-10-2024T20:28:55 - [TEST_STEP][PASSED] - click().perform(): null

12-10-2024T20:28:56 - [TEST_STEP][PASSED] - wait = new org.openqa.selenium.support.ui.WebDriverWait(com.kms.katalon.core.webui.driver.DriverFactory.getWebDriver(), 15): null

12-10-2024T20:28:56 - [TEST_STEP][PASSED] - element2 = wait.until(ExpectedConditions.elementToBeClickable(By.xpath(xpathManagerServiceMC))): null

12-10-2024T20:28:56 - [TEST_STEP][PASSED] - click().perform(): null

12-10-2024T20:28:56 - [MESSAGE][PASSED] - Call Test Case 'Test Cases/Quản lý tài khoản merchant/Quản lý danh sách tài khoản/CustomFunctions' successfully

12-10-2024T20:28:56 - [TEST_STEP][PASSED] - driver = getWebDriver(): null

12-10-2024T20:28:56 - [TEST_STEP][PASSED] - dropdown = driver.findElement(By.name("service_type")): null

12-10-2024T20:28:57 - [TEST_STEP][PASSED] - dropdownStt = driver.findElement(By.name("is_active")): null

12-10-2024T20:28:58 - [TEST_STEP][PASSED] - xpath("//option[@value='DEPOSIT_TRANSFER_VA']")).click(): null

12-10-2024T20:28:58 - [TEST_STEP][PASSED] - xpath("//option[@value="1"]")).click(): null

12-10-2024T20:28:58 - [TEST_STEP][PASSED] - click(findTestObject("Quản lý tài khoản merchant/Quản lý dịch vụ merchant/searchBtn")): Object: 'Object Repository/Quản lý tài khoản merchant/Quản lý dịch vụ merchant/searchBtn' is clicked on

12-10-2024T20:28:59 - [MESSAGE][PASSED] - Object: 'Object Repository/Quản lý tài khoản merchant/Quản lý dịch vụ merchant/searchBtn' is clicked on

12-10-2024T20:28:59 - [TEST_STEP][PASSED] - xpath = "//label[contains(@for, 'bank_va_TECHCOMBANK')]": null

12-10-2024T20:28:59 - [TEST_STEP][PASSED] - xpathSttActive = "//td//span[contains(text(),'Đang hoạt động')]": null

12-10-2024T20:28:59 - [TEST_STEP][PASSED] - elements = new java.util.ArrayList(): null

12-10-2024T20:28:59 - [TEST_STEP][PASSED] - SttActives = new java.util.ArrayList(): null

12-10-2024T20:28:59 - [TEST_STEP][PASSED] - elements = driver.findElements(By.xpath(xpath)): null

12-10-2024T20:29:00 - [TEST_STEP][PASSED] - SttActives = driver.findElements(By.xpath(xpathSttActive)): null

12-10-2024T20:29:00 - [TEST_STEP][PASSED] - println("Số lượng phần tử: " + elements.size()): null

12-10-2024T20:29:00 - [TEST_STEP][PASSED] - expectedElements = 24: null

12-10-2024T20:29:00 - [TEST_STEP][PASSED] - if (elements.size() == expectedElements && SttActives.size() == expectedElements): null

12-10-2024T20:29:00 - [TEST_STEP][FAILED] - else: Test case đã fail với số lượng icon không đúng.

12-10-2024T20:29:00 - [TEST_STEP][PASSED] - println("Số lượng icon tìm thấy không đúng. Số lượng thực tế: " + elements.size() + ", Số lượng mong đợi: " + expectedElements): null

12-10-2024T20:29:00 - [TEST_STEP][FAILED] - markFailed("Test case đã fail với số lượng icon không đúng."): Test case đã fail với số lượng icon không đúng.

12-10-2024T20:29:00 - [MESSAGE][FAILED] - Test case đã fail với số lượng icon không đúng.

12-10-2024T20:29:00 - [TEST_STEP][PASSED] - Start listener action : sampleAfterTestCase: null

12-10-2024T20:29:00 - [TEST_STEP][PASSED] - testCaseId = testCaseContext.getTestCaseId(): null

12-10-2024T20:29:00 - [TEST_STEP][PASSED] - if (testCaseId == "Test Cases/Quản lý tài khoản merchant/Quản lý dịch vụ merchant/TC_13_Kiểm tra chức năng xác nhận cấu hình thay đổi VA"): null]]></system-out>
         <system-err><![CDATA[12-10-2024T20:28:48 - [TEST_CASE][FAILED] - Test Cases/Quản lý tài khoản merchant/Quản lý dịch vụ merchant/TC_09_Kiểm tra chức năng search khi chọn dịch vụ là thu hộ Va và active: Test Cases/Quản lý tài khoản merchant/Quản lý dịch vụ merchant/TC_09_Kiểm tra chức năng search khi chọn dịch vụ là thu hộ Va và active FAILED.
Reason:
com.kms.katalon.core.exception.StepFailedException: Test case đã fail với số lượng icon không đúng.
	at com.kms.katalon.core.util.KeywordUtil.markFailed(KeywordUtil.java:19)
	at TC_09_Kiểm tra chức năng search khi chọn dịch vụ là thu hộ Va và active.run(TC_09_Kiểm tra chức năng search khi chọn dịch vụ là thu hộ Va và active:65)
	at com.kms.katalon.core.main.ScriptEngine.run(ScriptEngine.java:194)
	at com.kms.katalon.core.main.ScriptEngine.runScriptAsRawText(ScriptEngine.java:119)
	at com.kms.katalon.core.main.TestCaseExecutor.runScript(TestCaseExecutor.java:448)
	at com.kms.katalon.core.main.TestCaseExecutor.doExecute(TestCaseExecutor.java:439)
	at com.kms.katalon.core.main.TestCaseExecutor.processExecutionPhase(TestCaseExecutor.java:418)
	at com.kms.katalon.core.main.TestCaseExecutor.accessMainPhase(TestCaseExecutor.java:410)
	at com.kms.katalon.core.main.TestCaseExecutor.execute(TestCaseExecutor.java:285)
	at com.kms.katalon.core.common.CommonExecutor.accessTestCaseMainPhase(CommonExecutor.java:65)
	at com.kms.katalon.core.main.TestSuiteExecutor.accessTestSuiteMainPhase(TestSuiteExecutor.java:150)
	at com.kms.katalon.core.main.TestSuiteExecutor.execute(TestSuiteExecutor.java:106)
	at com.kms.katalon.core.main.TestCaseMain.startTestSuite(TestCaseMain.java:180)
	at TempTestSuite1728739561259.run(TempTestSuite1728739561259.groovy:35)
	at java.base/jdk.internal.reflect.NativeMethodAccessorImpl.invoke0(Native Method)
	at java.base/jdk.internal.reflect.NativeMethodAccessorImpl.invoke(NativeMethodAccessorImpl.java:77)
	at java.base/jdk.internal.reflect.DelegatingMethodAccessorImpl.invoke(DelegatingMethodAccessorImpl.java:43)]]></system-err>
      </testcase>
      <testcase name="Test Cases/Quản lý tài khoản merchant/Quản lý dịch vụ merchant/TC_10_Kiểm tra chức năng search khi chọn dịch vụ là thu hộ VA và inactive" time="19.993" classname="Test Cases/Quản lý tài khoản merchant/Quản lý dịch vụ merchant/TC_10_Kiểm tra chức năng search khi chọn dịch vụ là thu hộ VA và inactive" status="FAILED">
         <failure type="FAILED" message="Test Cases/Quản lý tài khoản merchant/Quản lý dịch vụ merchant/TC_10_Kiểm tra chức năng search khi chọn dịch vụ là thu hộ VA và inactive FAILED.&#xa;Reason:&#xa;com.kms.katalon.core.exception.StepFailedException: Test case đã fail với số lượng icon không đúng.&#xa;	at com.kms.katalon.core.util.KeywordUtil.markFailed(KeywordUtil.java:19)&#xa;	at TC_10_Kiểm tra chức năng search khi chọn dịch vụ là thu hộ VA và inactive.run(TC_10_Kiểm tra chức năng search khi chọn dịch vụ là thu hộ VA và inactive:65)&#xa;	at com.kms.katalon.core.main.ScriptEngine.run(ScriptEngine.java:194)&#xa;	at com.kms.katalon.core.main.ScriptEngine.runScriptAsRawText(ScriptEngine.java:119)&#xa;	at com.kms.katalon.core.main.TestCaseExecutor.runScript(TestCaseExecutor.java:448)&#xa;	at com.kms.katalon.core.main.TestCaseExecutor.doExecute(TestCaseExecutor.java:439)&#xa;	at com.kms.katalon.core.main.TestCaseExecutor.processExecutionPhase(TestCaseExecutor.java:418)&#xa;	at com.kms.katalon.core.main.TestCaseExecutor.accessMainPhase(TestCaseExecutor.java:410)&#xa;	at com.kms.katalon.core.main.TestCaseExecutor.execute(TestCaseExecutor.java:285)&#xa;	at com.kms.katalon.core.common.CommonExecutor.accessTestCaseMainPhase(CommonExecutor.java:65)&#xa;	at com.kms.katalon.core.main.TestSuiteExecutor.accessTestSuiteMainPhase(TestSuiteExecutor.java:150)&#xa;	at com.kms.katalon.core.main.TestSuiteExecutor.execute(TestSuiteExecutor.java:106)&#xa;	at com.kms.katalon.core.main.TestCaseMain.startTestSuite(TestCaseMain.java:180)&#xa;	at TempTestSuite1728739561259.run(TempTestSuite1728739561259.groovy:35)&#xa;	at java.base/jdk.internal.reflect.NativeMethodAccessorImpl.invoke0(Native Method)&#xa;	at java.base/jdk.internal.reflect.NativeMethodAccessorImpl.invoke(NativeMethodAccessorImpl.java:77)&#xa;	at java.base/jdk.internal.reflect.DelegatingMethodAccessorImpl.invoke(DelegatingMethodAccessorImpl.java:43)&#xa;"/>
         <system-out><![CDATA[12-10-2024T20:29:00 - [TEST_CASE][FAILED] - Test Cases/Quản lý tài khoản merchant/Quản lý dịch vụ merchant/TC_10_Kiểm tra chức năng search khi chọn dịch vụ là thu hộ VA và inactive: Test Cases/Quản lý tài khoản merchant/Quản lý dịch vụ merchant/TC_10_Kiểm tra chức năng search khi chọn dịch vụ là thu hộ VA và inactive FAILED.
Reason:
com.kms.katalon.core.exception.StepFailedException: Test case đã fail với số lượng icon không đúng.
	at com.kms.katalon.core.util.KeywordUtil.markFailed(KeywordUtil.java:19)
	at TC_10_Kiểm tra chức năng search khi chọn dịch vụ là thu hộ VA và inactive.run(TC_10_Kiểm tra chức năng search khi chọn dịch vụ là thu hộ VA và inactive:65)
	at com.kms.katalon.core.main.ScriptEngine.run(ScriptEngine.java:194)
	at com.kms.katalon.core.main.ScriptEngine.runScriptAsRawText(ScriptEngine.java:119)
	at com.kms.katalon.core.main.TestCaseExecutor.runScript(TestCaseExecutor.java:448)
	at com.kms.katalon.core.main.TestCaseExecutor.doExecute(TestCaseExecutor.java:439)
	at com.kms.katalon.core.main.TestCaseExecutor.processExecutionPhase(TestCaseExecutor.java:418)
	at com.kms.katalon.core.main.TestCaseExecutor.accessMainPhase(TestCaseExecutor.java:410)
	at com.kms.katalon.core.main.TestCaseExecutor.execute(TestCaseExecutor.java:285)
	at com.kms.katalon.core.common.CommonExecutor.accessTestCaseMainPhase(CommonExecutor.java:65)
	at com.kms.katalon.core.main.TestSuiteExecutor.accessTestSuiteMainPhase(TestSuiteExecutor.java:150)
	at com.kms.katalon.core.main.TestSuiteExecutor.execute(TestSuiteExecutor.java:106)
	at com.kms.katalon.core.main.TestCaseMain.startTestSuite(TestCaseMain.java:180)
	at TempTestSuite1728739561259.run(TempTestSuite1728739561259.groovy:35)
	at java.base/jdk.internal.reflect.NativeMethodAccessorImpl.invoke0(Native Method)
	at java.base/jdk.internal.reflect.NativeMethodAccessorImpl.invoke(NativeMethodAccessorImpl.java:77)
	at java.base/jdk.internal.reflect.DelegatingMethodAccessorImpl.invoke(DelegatingMethodAccessorImpl.java:43)


12-10-2024T20:29:00 - [TEST_STEP][PASSED] - Start listener action : sampleBeforeTestCase: Navigate to 'https://stg-cms-console.9pay.mobi/login' successfully

12-10-2024T20:29:00 - [TEST_STEP][PASSED] - testCaseId = testCaseContext.getTestCaseId(): null

12-10-2024T20:29:00 - [TEST_STEP][PASSED] - url = <not implemented yet for class: org.codehaus.groovy.ast.expr.EmptyExpression>: null

12-10-2024T20:29:00 - [TEST_STEP][PASSED] - if (testCaseId == "Test Cases/Quản lý tài khoản merchant/Quản lý dịch vụ merchant/TC_14_Kiểm tra thay đổi sau khi cấu hình VA trên MCV"): null

12-10-2024T20:29:00 - [TEST_STEP][PASSED] - else: null

12-10-2024T20:29:00 - [TEST_STEP][PASSED] - url = "https://stg-cms-console.9pay.mobi/login": null

12-10-2024T20:29:00 - [TEST_STEP][PASSED] - openBrowser(""): Browser is opened with url: ''

12-10-2024T20:29:00 - [MESSAGE][WARNING] - A browser is already opened. Closing browser and opening a new one

12-10-2024T20:29:00 - [MESSAGE][INFO] - Starting 'Chrome' driver

12-10-2024T20:29:00 - [MESSAGE][INFO] - Action delay is set to 0 milliseconds

12-10-2024T20:29:01 - [MESSAGE][PASSED] - Browser is opened with url: ''

12-10-2024T20:29:01 - [TEST_STEP][PASSED] - maximizeWindow(): Current window maximized

12-10-2024T20:29:01 - [MESSAGE][PASSED] - Current window maximized

12-10-2024T20:29:01 - [TEST_STEP][PASSED] - navigateToUrl(url): Navigate to 'https://stg-cms-console.9pay.mobi/login' successfully

12-10-2024T20:29:03 - [MESSAGE][PASSED] - Navigate to 'https://stg-cms-console.9pay.mobi/login' successfully

12-10-2024T20:29:03 - [TEST_STEP][PASSED] - callTestCase(findTestCase("Test Cases/Login/LoginCommon"), [:], STOP_ON_FAILURE): Call Test Case 'Test Cases/Login/LoginCommon' successfully

12-10-2024T20:29:04 - [TEST_CASE][PASSED] - Test Cases/Login/LoginCommon: Test Cases/Login/LoginCommon

12-10-2024T20:29:04 - [TEST_STEP][PASSED] - driver = getWebDriver(): null

12-10-2024T20:29:04 - [TEST_STEP][PASSED] - sendKeys(findTestObject("Quản lý tài khoản merchant/Quản lý dịch vụ merchant/userNameTextbox"), userAccount): Keys 'dannt@9pay.vn' sent to object: 'Object Repository/Quản lý tài khoản merchant/Quản lý dịch vụ merchant/userNameTextbox'

12-10-2024T20:29:04 - [MESSAGE][PASSED] - Keys 'dannt@9pay.vn' sent to object: 'Object Repository/Quản lý tài khoản merchant/Quản lý dịch vụ merchant/userNameTextbox'

12-10-2024T20:29:04 - [TEST_STEP][PASSED] - sendKeys(findTestObject("Quản lý tài khoản merchant/Quản lý dịch vụ merchant/passwordTextbox"), password): Keys 'dannt@9pay.vn' sent to object: 'Object Repository/Quản lý tài khoản merchant/Quản lý dịch vụ merchant/passwordTextbox'

12-10-2024T20:29:04 - [MESSAGE][PASSED] - Keys 'dannt@9pay.vn' sent to object: 'Object Repository/Quản lý tài khoản merchant/Quản lý dịch vụ merchant/passwordTextbox'

12-10-2024T20:29:04 - [TEST_STEP][PASSED] - click(findTestObject("Quản lý tài khoản merchant/Quản lý dịch vụ merchant/loginButton")): Object: 'Object Repository/Quản lý tài khoản merchant/Quản lý dịch vụ merchant/loginButton' is clicked on

12-10-2024T20:29:05 - [MESSAGE][PASSED] - Object: 'Object Repository/Quản lý tài khoản merchant/Quản lý dịch vụ merchant/loginButton' is clicked on

12-10-2024T20:29:05 - [MESSAGE][PASSED] - Call Test Case 'Test Cases/Login/LoginCommon' successfully

12-10-2024T20:29:05 - [TEST_STEP][PASSED] - waitForElementVisible(findTestObject("Trang chủ/userName"), 20, STOP_ON_FAILURE): Object 'Object Repository/Trang chủ/userName' is visible

12-10-2024T20:29:12 - [MESSAGE][PASSED] - Object 'Object Repository/Trang chủ/userName' is visible

12-10-2024T20:29:12 - [TEST_STEP][PASSED] - callTestCase(findTestCase("Test Cases/Quản lý tài khoản merchant/Quản lý danh sách tài khoản/CustomFunctions"), [:], STOP_ON_FAILURE): Call Test Case 'Test Cases/Quản lý tài khoản merchant/Quản lý danh sách tài khoản/CustomFunctions' successfully

12-10-2024T20:29:12 - [TEST_CASE][PASSED] - Test Cases/Quản lý tài khoản merchant/Quản lý danh sách tài khoản/CustomFunctions: Test Cases/Quản lý tài khoản merchant/Quản lý danh sách tài khoản/CustomFunctions

12-10-2024T20:29:12 - [TEST_STEP][PASSED] - driver = getWebDriver(): null

12-10-2024T20:29:12 - [TEST_STEP][PASSED] - sleep(2000): null

12-10-2024T20:29:14 - [TEST_STEP][PASSED] - element1 = driver.findElement(By.xpath(xpathManagerMC)): null

12-10-2024T20:29:14 - [TEST_STEP][PASSED] - actions = new org.openqa.selenium.interactions.Actions(driver): null

12-10-2024T20:29:14 - [TEST_STEP][PASSED] - click().perform(): null

12-10-2024T20:29:14 - [TEST_STEP][PASSED] - wait = new org.openqa.selenium.support.ui.WebDriverWait(com.kms.katalon.core.webui.driver.DriverFactory.getWebDriver(), 15): null

12-10-2024T20:29:14 - [TEST_STEP][PASSED] - element2 = wait.until(ExpectedConditions.elementToBeClickable(By.xpath(xpathManagerServiceMC))): null

12-10-2024T20:29:15 - [TEST_STEP][PASSED] - click().perform(): null

12-10-2024T20:29:15 - [MESSAGE][PASSED] - Call Test Case 'Test Cases/Quản lý tài khoản merchant/Quản lý danh sách tài khoản/CustomFunctions' successfully

12-10-2024T20:29:15 - [TEST_STEP][PASSED] - driver = getWebDriver(): null

12-10-2024T20:29:15 - [TEST_STEP][PASSED] - dropdown = driver.findElement(By.name("service_type")): null

12-10-2024T20:29:18 - [TEST_STEP][PASSED] - dropdownStt = driver.findElement(By.name("is_active")): null

12-10-2024T20:29:18 - [TEST_STEP][PASSED] - xpath("//option[@value='DEPOSIT_TRANSFER_VA']")).click(): null

12-10-2024T20:29:18 - [TEST_STEP][PASSED] - xpath("//option[@value="0"]")).click(): null

12-10-2024T20:29:19 - [TEST_STEP][PASSED] - click(findTestObject("Quản lý tài khoản merchant/Quản lý dịch vụ merchant/searchBtn")): Object: 'Object Repository/Quản lý tài khoản merchant/Quản lý dịch vụ merchant/searchBtn' is clicked on

12-10-2024T20:29:19 - [MESSAGE][PASSED] - Object: 'Object Repository/Quản lý tài khoản merchant/Quản lý dịch vụ merchant/searchBtn' is clicked on

12-10-2024T20:29:19 - [TEST_STEP][PASSED] - xpath = "//label[contains(@for, 'bank_va_TECHCOMBANK')]": null

12-10-2024T20:29:19 - [TEST_STEP][PASSED] - xpathSttInactive = "//td//span[contains(text(),'Không hoạt động')]": null

12-10-2024T20:29:19 - [TEST_STEP][PASSED] - elements = new java.util.ArrayList(): null

12-10-2024T20:29:19 - [TEST_STEP][PASSED] - SttInactives = new java.util.ArrayList(): null

12-10-2024T20:29:19 - [TEST_STEP][PASSED] - elements = driver.findElements(By.xpath(xpath)): null

12-10-2024T20:29:20 - [TEST_STEP][PASSED] - SttInactives = driver.findElements(By.xpath(xpathSttInactive)): null

12-10-2024T20:29:20 - [TEST_STEP][PASSED] - println("Số lượng phần tử: " + elements.size()): null

12-10-2024T20:29:20 - [TEST_STEP][PASSED] - expectedElements = 1: null

12-10-2024T20:29:20 - [TEST_STEP][PASSED] - if (elements.size() == expectedElements && SttInactives.size() == expectedElements): null

12-10-2024T20:29:20 - [TEST_STEP][FAILED] - else: Test case đã fail với số lượng icon không đúng.

12-10-2024T20:29:20 - [TEST_STEP][PASSED] - println("Số lượng icon tìm thấy không đúng. Số lượng thực tế: " + elements.size() + ", Số lượng mong đợi: " + expectedElements): null

12-10-2024T20:29:20 - [TEST_STEP][FAILED] - markFailed("Test case đã fail với số lượng icon không đúng."): Test case đã fail với số lượng icon không đúng.

12-10-2024T20:29:20 - [MESSAGE][FAILED] - Test case đã fail với số lượng icon không đúng.

12-10-2024T20:29:20 - [TEST_STEP][PASSED] - Start listener action : sampleAfterTestCase: null

12-10-2024T20:29:20 - [TEST_STEP][PASSED] - testCaseId = testCaseContext.getTestCaseId(): null

12-10-2024T20:29:20 - [TEST_STEP][PASSED] - if (testCaseId == "Test Cases/Quản lý tài khoản merchant/Quản lý dịch vụ merchant/TC_13_Kiểm tra chức năng xác nhận cấu hình thay đổi VA"): null]]></system-out>
         <system-err><![CDATA[12-10-2024T20:29:00 - [TEST_CASE][FAILED] - Test Cases/Quản lý tài khoản merchant/Quản lý dịch vụ merchant/TC_10_Kiểm tra chức năng search khi chọn dịch vụ là thu hộ VA và inactive: Test Cases/Quản lý tài khoản merchant/Quản lý dịch vụ merchant/TC_10_Kiểm tra chức năng search khi chọn dịch vụ là thu hộ VA và inactive FAILED.
Reason:
com.kms.katalon.core.exception.StepFailedException: Test case đã fail với số lượng icon không đúng.
	at com.kms.katalon.core.util.KeywordUtil.markFailed(KeywordUtil.java:19)
	at TC_10_Kiểm tra chức năng search khi chọn dịch vụ là thu hộ VA và inactive.run(TC_10_Kiểm tra chức năng search khi chọn dịch vụ là thu hộ VA và inactive:65)
	at com.kms.katalon.core.main.ScriptEngine.run(ScriptEngine.java:194)
	at com.kms.katalon.core.main.ScriptEngine.runScriptAsRawText(ScriptEngine.java:119)
	at com.kms.katalon.core.main.TestCaseExecutor.runScript(TestCaseExecutor.java:448)
	at com.kms.katalon.core.main.TestCaseExecutor.doExecute(TestCaseExecutor.java:439)
	at com.kms.katalon.core.main.TestCaseExecutor.processExecutionPhase(TestCaseExecutor.java:418)
	at com.kms.katalon.core.main.TestCaseExecutor.accessMainPhase(TestCaseExecutor.java:410)
	at com.kms.katalon.core.main.TestCaseExecutor.execute(TestCaseExecutor.java:285)
	at com.kms.katalon.core.common.CommonExecutor.accessTestCaseMainPhase(CommonExecutor.java:65)
	at com.kms.katalon.core.main.TestSuiteExecutor.accessTestSuiteMainPhase(TestSuiteExecutor.java:150)
	at com.kms.katalon.core.main.TestSuiteExecutor.execute(TestSuiteExecutor.java:106)
	at com.kms.katalon.core.main.TestCaseMain.startTestSuite(TestCaseMain.java:180)
	at TempTestSuite1728739561259.run(TempTestSuite1728739561259.groovy:35)
	at java.base/jdk.internal.reflect.NativeMethodAccessorImpl.invoke0(Native Method)
	at java.base/jdk.internal.reflect.NativeMethodAccessorImpl.invoke(NativeMethodAccessorImpl.java:77)
	at java.base/jdk.internal.reflect.DelegatingMethodAccessorImpl.invoke(DelegatingMethodAccessorImpl.java:43)]]></system-err>
      </testcase>
      <testcase name="Test Cases/Quản lý tài khoản merchant/Quản lý dịch vụ merchant/TC_11_Kiểm tra chức năng search khi chọn tên merchant đúng" time="13.64" classname="Test Cases/Quản lý tài khoản merchant/Quản lý dịch vụ merchant/TC_11_Kiểm tra chức năng search khi chọn tên merchant đúng" status="PASSED">
         <system-out><![CDATA[12-10-2024T20:29:20 - [TEST_CASE][PASSED] - Test Cases/Quản lý tài khoản merchant/Quản lý dịch vụ merchant/TC_11_Kiểm tra chức năng search khi chọn tên merchant đúng: Test Cases/Quản lý tài khoản merchant/Quản lý dịch vụ merchant/TC_11_Kiểm tra chức năng search khi chọn tên merchant đúng

12-10-2024T20:29:20 - [TEST_STEP][PASSED] - Start listener action : sampleBeforeTestCase: Navigate to 'https://stg-cms-console.9pay.mobi/login' successfully

12-10-2024T20:29:20 - [TEST_STEP][PASSED] - testCaseId = testCaseContext.getTestCaseId(): null

12-10-2024T20:29:20 - [TEST_STEP][PASSED] - url = <not implemented yet for class: org.codehaus.groovy.ast.expr.EmptyExpression>: null

12-10-2024T20:29:20 - [TEST_STEP][PASSED] - if (testCaseId == "Test Cases/Quản lý tài khoản merchant/Quản lý dịch vụ merchant/TC_14_Kiểm tra thay đổi sau khi cấu hình VA trên MCV"): null

12-10-2024T20:29:20 - [TEST_STEP][PASSED] - else: null

12-10-2024T20:29:20 - [TEST_STEP][PASSED] - url = "https://stg-cms-console.9pay.mobi/login": null

12-10-2024T20:29:20 - [TEST_STEP][PASSED] - openBrowser(""): Browser is opened with url: ''

12-10-2024T20:29:20 - [MESSAGE][WARNING] - A browser is already opened. Closing browser and opening a new one

12-10-2024T20:29:20 - [MESSAGE][INFO] - Starting 'Chrome' driver

12-10-2024T20:29:20 - [MESSAGE][INFO] - Action delay is set to 0 milliseconds

12-10-2024T20:29:21 - [MESSAGE][PASSED] - Browser is opened with url: ''

12-10-2024T20:29:21 - [TEST_STEP][PASSED] - maximizeWindow(): Current window maximized

12-10-2024T20:29:21 - [MESSAGE][PASSED] - Current window maximized

12-10-2024T20:29:21 - [TEST_STEP][PASSED] - navigateToUrl(url): Navigate to 'https://stg-cms-console.9pay.mobi/login' successfully

12-10-2024T20:29:26 - [MESSAGE][PASSED] - Navigate to 'https://stg-cms-console.9pay.mobi/login' successfully

12-10-2024T20:29:26 - [TEST_STEP][PASSED] - callTestCase(findTestCase("Test Cases/Login/LoginCommon"), [:], STOP_ON_FAILURE): Call Test Case 'Test Cases/Login/LoginCommon' successfully

12-10-2024T20:29:26 - [TEST_CASE][PASSED] - Test Cases/Login/LoginCommon: Test Cases/Login/LoginCommon

12-10-2024T20:29:26 - [TEST_STEP][PASSED] - driver = getWebDriver(): null

12-10-2024T20:29:26 - [TEST_STEP][PASSED] - sendKeys(findTestObject("Quản lý tài khoản merchant/Quản lý dịch vụ merchant/userNameTextbox"), userAccount): Keys 'dannt@9pay.vn' sent to object: 'Object Repository/Quản lý tài khoản merchant/Quản lý dịch vụ merchant/userNameTextbox'

12-10-2024T20:29:26 - [MESSAGE][PASSED] - Keys 'dannt@9pay.vn' sent to object: 'Object Repository/Quản lý tài khoản merchant/Quản lý dịch vụ merchant/userNameTextbox'

12-10-2024T20:29:26 - [TEST_STEP][PASSED] - sendKeys(findTestObject("Quản lý tài khoản merchant/Quản lý dịch vụ merchant/passwordTextbox"), password): Keys 'dannt@9pay.vn' sent to object: 'Object Repository/Quản lý tài khoản merchant/Quản lý dịch vụ merchant/passwordTextbox'

12-10-2024T20:29:27 - [MESSAGE][PASSED] - Keys 'dannt@9pay.vn' sent to object: 'Object Repository/Quản lý tài khoản merchant/Quản lý dịch vụ merchant/passwordTextbox'

12-10-2024T20:29:27 - [TEST_STEP][PASSED] - click(findTestObject("Quản lý tài khoản merchant/Quản lý dịch vụ merchant/loginButton")): Object: 'Object Repository/Quản lý tài khoản merchant/Quản lý dịch vụ merchant/loginButton' is clicked on

12-10-2024T20:29:27 - [MESSAGE][PASSED] - Object: 'Object Repository/Quản lý tài khoản merchant/Quản lý dịch vụ merchant/loginButton' is clicked on

12-10-2024T20:29:27 - [MESSAGE][PASSED] - Call Test Case 'Test Cases/Login/LoginCommon' successfully

12-10-2024T20:29:27 - [TEST_STEP][PASSED] - waitForElementVisible(findTestObject("Trang chủ/userName"), 20, STOP_ON_FAILURE): Object 'Object Repository/Trang chủ/userName' is visible

12-10-2024T20:29:28 - [MESSAGE][PASSED] - Object 'Object Repository/Trang chủ/userName' is visible

12-10-2024T20:29:28 - [TEST_STEP][PASSED] - callTestCase(findTestCase("Test Cases/Quản lý tài khoản merchant/Quản lý danh sách tài khoản/CustomFunctions"), [:], STOP_ON_FAILURE): Call Test Case 'Test Cases/Quản lý tài khoản merchant/Quản lý danh sách tài khoản/CustomFunctions' successfully

12-10-2024T20:29:29 - [TEST_CASE][PASSED] - Test Cases/Quản lý tài khoản merchant/Quản lý danh sách tài khoản/CustomFunctions: Test Cases/Quản lý tài khoản merchant/Quản lý danh sách tài khoản/CustomFunctions

12-10-2024T20:29:29 - [TEST_STEP][PASSED] - driver = getWebDriver(): null

12-10-2024T20:29:29 - [TEST_STEP][PASSED] - sleep(2000): null

12-10-2024T20:29:31 - [TEST_STEP][PASSED] - element1 = driver.findElement(By.xpath(xpathManagerMC)): null

12-10-2024T20:29:31 - [TEST_STEP][PASSED] - actions = new org.openqa.selenium.interactions.Actions(driver): null

12-10-2024T20:29:31 - [TEST_STEP][PASSED] - click().perform(): null

12-10-2024T20:29:31 - [TEST_STEP][PASSED] - wait = new org.openqa.selenium.support.ui.WebDriverWait(com.kms.katalon.core.webui.driver.DriverFactory.getWebDriver(), 15): null

12-10-2024T20:29:31 - [TEST_STEP][PASSED] - element2 = wait.until(ExpectedConditions.elementToBeClickable(By.xpath(xpathManagerServiceMC))): null

12-10-2024T20:29:31 - [TEST_STEP][PASSED] - click().perform(): null

12-10-2024T20:29:32 - [MESSAGE][PASSED] - Call Test Case 'Test Cases/Quản lý tài khoản merchant/Quản lý danh sách tài khoản/CustomFunctions' successfully

12-10-2024T20:29:32 - [TEST_STEP][PASSED] - sendKeys(findTestObject("Quản lý tài khoản merchant/Quản lý dịch vụ merchant/accountName"), "dannt11"): Keys 'dannt11' sent to object: 'Object Repository/Quản lý tài khoản merchant/Quản lý dịch vụ merchant/accountName'

12-10-2024T20:29:33 - [MESSAGE][PASSED] - Keys 'dannt11' sent to object: 'Object Repository/Quản lý tài khoản merchant/Quản lý dịch vụ merchant/accountName'

12-10-2024T20:29:33 - [TEST_STEP][PASSED] - click(findTestObject("Quản lý tài khoản merchant/Quản lý dịch vụ merchant/searchBtn")): Object: 'Object Repository/Quản lý tài khoản merchant/Quản lý dịch vụ merchant/searchBtn' is clicked on

12-10-2024T20:29:33 - [MESSAGE][PASSED] - Object: 'Object Repository/Quản lý tài khoản merchant/Quản lý dịch vụ merchant/searchBtn' is clicked on

12-10-2024T20:29:33 - [TEST_STEP][PASSED] - verifyElementPresent(findTestObject("Quản lý tài khoản merchant/Quản lý dịch vụ merchant/accountNameWhenSearch"), 2): Object 'Object Repository/Quản lý tài khoản merchant/Quản lý dịch vụ merchant/accountNameWhenSearch' is present

12-10-2024T20:29:34 - [MESSAGE][PASSED] - Object 'Object Repository/Quản lý tài khoản merchant/Quản lý dịch vụ merchant/accountNameWhenSearch' is present

12-10-2024T20:29:34 - [TEST_STEP][PASSED] - Start listener action : sampleAfterTestCase: null

12-10-2024T20:29:34 - [TEST_STEP][PASSED] - testCaseId = testCaseContext.getTestCaseId(): null

12-10-2024T20:29:34 - [TEST_STEP][PASSED] - if (testCaseId == "Test Cases/Quản lý tài khoản merchant/Quản lý dịch vụ merchant/TC_13_Kiểm tra chức năng xác nhận cấu hình thay đổi VA"): null]]></system-out>
         <system-err><![CDATA[]]></system-err>
      </testcase>
      <testcase name="Test Cases/Quản lý tài khoản merchant/Quản lý dịch vụ merchant/TC_12_Kiểm tra chức năng search khi nhập tên merchant không đúng" time="32.696" classname="Test Cases/Quản lý tài khoản merchant/Quản lý dịch vụ merchant/TC_12_Kiểm tra chức năng search khi nhập tên merchant không đúng" status="PASSED">
         <system-out><![CDATA[12-10-2024T20:29:34 - [TEST_CASE][PASSED] - Test Cases/Quản lý tài khoản merchant/Quản lý dịch vụ merchant/TC_12_Kiểm tra chức năng search khi nhập tên merchant không đúng: Test Cases/Quản lý tài khoản merchant/Quản lý dịch vụ merchant/TC_12_Kiểm tra chức năng search khi nhập tên merchant không đúng

12-10-2024T20:29:34 - [TEST_STEP][PASSED] - Start listener action : sampleBeforeTestCase: Navigate to 'https://stg-cms-console.9pay.mobi/login' successfully

12-10-2024T20:29:34 - [TEST_STEP][PASSED] - testCaseId = testCaseContext.getTestCaseId(): null

12-10-2024T20:29:34 - [TEST_STEP][PASSED] - url = <not implemented yet for class: org.codehaus.groovy.ast.expr.EmptyExpression>: null

12-10-2024T20:29:34 - [TEST_STEP][PASSED] - if (testCaseId == "Test Cases/Quản lý tài khoản merchant/Quản lý dịch vụ merchant/TC_14_Kiểm tra thay đổi sau khi cấu hình VA trên MCV"): null

12-10-2024T20:29:34 - [TEST_STEP][PASSED] - else: null

12-10-2024T20:29:34 - [TEST_STEP][PASSED] - url = "https://stg-cms-console.9pay.mobi/login": null

12-10-2024T20:29:34 - [TEST_STEP][PASSED] - openBrowser(""): Browser is opened with url: ''

12-10-2024T20:29:34 - [MESSAGE][WARNING] - A browser is already opened. Closing browser and opening a new one

12-10-2024T20:29:34 - [MESSAGE][INFO] - Starting 'Chrome' driver

12-10-2024T20:29:34 - [MESSAGE][INFO] - Action delay is set to 0 milliseconds

12-10-2024T20:29:34 - [MESSAGE][PASSED] - Browser is opened with url: ''

12-10-2024T20:29:34 - [TEST_STEP][PASSED] - maximizeWindow(): Current window maximized

12-10-2024T20:29:35 - [MESSAGE][PASSED] - Current window maximized

12-10-2024T20:29:35 - [TEST_STEP][PASSED] - navigateToUrl(url): Navigate to 'https://stg-cms-console.9pay.mobi/login' successfully

12-10-2024T20:29:37 - [MESSAGE][PASSED] - Navigate to 'https://stg-cms-console.9pay.mobi/login' successfully

12-10-2024T20:29:37 - [TEST_STEP][PASSED] - callTestCase(findTestCase("Test Cases/Login/LoginCommon"), [:], STOP_ON_FAILURE): Call Test Case 'Test Cases/Login/LoginCommon' successfully

12-10-2024T20:29:37 - [TEST_CASE][PASSED] - Test Cases/Login/LoginCommon: Test Cases/Login/LoginCommon

12-10-2024T20:29:37 - [TEST_STEP][PASSED] - driver = getWebDriver(): null

12-10-2024T20:29:37 - [TEST_STEP][PASSED] - sendKeys(findTestObject("Quản lý tài khoản merchant/Quản lý dịch vụ merchant/userNameTextbox"), userAccount): Keys 'dannt@9pay.vn' sent to object: 'Object Repository/Quản lý tài khoản merchant/Quản lý dịch vụ merchant/userNameTextbox'

12-10-2024T20:29:37 - [MESSAGE][PASSED] - Keys 'dannt@9pay.vn' sent to object: 'Object Repository/Quản lý tài khoản merchant/Quản lý dịch vụ merchant/userNameTextbox'

12-10-2024T20:29:37 - [TEST_STEP][PASSED] - sendKeys(findTestObject("Quản lý tài khoản merchant/Quản lý dịch vụ merchant/passwordTextbox"), password): Keys 'dannt@9pay.vn' sent to object: 'Object Repository/Quản lý tài khoản merchant/Quản lý dịch vụ merchant/passwordTextbox'

12-10-2024T20:29:37 - [MESSAGE][PASSED] - Keys 'dannt@9pay.vn' sent to object: 'Object Repository/Quản lý tài khoản merchant/Quản lý dịch vụ merchant/passwordTextbox'

12-10-2024T20:29:37 - [TEST_STEP][PASSED] - click(findTestObject("Quản lý tài khoản merchant/Quản lý dịch vụ merchant/loginButton")): Object: 'Object Repository/Quản lý tài khoản merchant/Quản lý dịch vụ merchant/loginButton' is clicked on

12-10-2024T20:29:38 - [MESSAGE][PASSED] - Object: 'Object Repository/Quản lý tài khoản merchant/Quản lý dịch vụ merchant/loginButton' is clicked on

12-10-2024T20:29:38 - [MESSAGE][PASSED] - Call Test Case 'Test Cases/Login/LoginCommon' successfully

12-10-2024T20:29:38 - [TEST_STEP][PASSED] - waitForElementVisible(findTestObject("Trang chủ/userName"), 20, STOP_ON_FAILURE): Object 'Object Repository/Trang chủ/userName' is visible

12-10-2024T20:29:42 - [MESSAGE][PASSED] - Object 'Object Repository/Trang chủ/userName' is visible

12-10-2024T20:29:42 - [TEST_STEP][PASSED] - callTestCase(findTestCase("Test Cases/Quản lý tài khoản merchant/Quản lý danh sách tài khoản/CustomFunctions"), [:], STOP_ON_FAILURE): Call Test Case 'Test Cases/Quản lý tài khoản merchant/Quản lý danh sách tài khoản/CustomFunctions' successfully

12-10-2024T20:29:42 - [TEST_CASE][PASSED] - Test Cases/Quản lý tài khoản merchant/Quản lý danh sách tài khoản/CustomFunctions: Test Cases/Quản lý tài khoản merchant/Quản lý danh sách tài khoản/CustomFunctions

12-10-2024T20:29:42 - [TEST_STEP][PASSED] - driver = getWebDriver(): null

12-10-2024T20:29:42 - [TEST_STEP][PASSED] - sleep(2000): null

12-10-2024T20:29:44 - [TEST_STEP][PASSED] - element1 = driver.findElement(By.xpath(xpathManagerMC)): null

12-10-2024T20:29:46 - [TEST_STEP][PASSED] - actions = new org.openqa.selenium.interactions.Actions(driver): null

12-10-2024T20:29:46 - [TEST_STEP][PASSED] - click().perform(): null

12-10-2024T20:29:51 - [TEST_STEP][PASSED] - wait = new org.openqa.selenium.support.ui.WebDriverWait(com.kms.katalon.core.webui.driver.DriverFactory.getWebDriver(), 15): null

12-10-2024T20:29:51 - [TEST_STEP][PASSED] - element2 = wait.until(ExpectedConditions.elementToBeClickable(By.xpath(xpathManagerServiceMC))): null

12-10-2024T20:29:53 - [TEST_STEP][PASSED] - click().perform(): null

12-10-2024T20:29:59 - [MESSAGE][PASSED] - Call Test Case 'Test Cases/Quản lý tài khoản merchant/Quản lý danh sách tài khoản/CustomFunctions' successfully

12-10-2024T20:29:59 - [TEST_STEP][PASSED] - sendKeys(findTestObject("Quản lý tài khoản merchant/Quản lý dịch vụ merchant/accountName"), "dannt11222"): Keys 'dannt11222' sent to object: 'Object Repository/Quản lý tài khoản merchant/Quản lý dịch vụ merchant/accountName'

12-10-2024T20:30:00 - [MESSAGE][PASSED] - Keys 'dannt11222' sent to object: 'Object Repository/Quản lý tài khoản merchant/Quản lý dịch vụ merchant/accountName'

12-10-2024T20:30:00 - [TEST_STEP][PASSED] - click(findTestObject("Quản lý tài khoản merchant/Quản lý dịch vụ merchant/searchBtn")): Object: 'Object Repository/Quản lý tài khoản merchant/Quản lý dịch vụ merchant/searchBtn' is clicked on

12-10-2024T20:30:02 - [MESSAGE][PASSED] - Object: 'Object Repository/Quản lý tài khoản merchant/Quản lý dịch vụ merchant/searchBtn' is clicked on

12-10-2024T20:30:02 - [TEST_STEP][PASSED] - textSearchIncorect = getText(findTestObject("Quản lý tài khoản merchant/Quản lý dịch vụ merchant/textSearchIncorect")): Text of object 'Object Repository/Quản lý tài khoản merchant/Quản lý dịch vụ merchant/textSearchIncorect' is: 'Không tìm thấy dữ liệu.'

12-10-2024T20:30:06 - [MESSAGE][PASSED] - Text of object 'Object Repository/Quản lý tài khoản merchant/Quản lý dịch vụ merchant/textSearchIncorect' is: 'Không tìm thấy dữ liệu.'

12-10-2024T20:30:06 - [TEST_STEP][PASSED] - verifyEqual(textSearchIncorect, "Không tìm thấy dữ liệu."): Actual object 'Không tìm thấy dữ liệu.' and expected object 'Không tìm thấy dữ liệu.' are equal

12-10-2024T20:30:06 - [MESSAGE][PASSED] - Actual object 'Không tìm thấy dữ liệu.' and expected object 'Không tìm thấy dữ liệu.' are equal

12-10-2024T20:30:06 - [TEST_STEP][PASSED] - Start listener action : sampleAfterTestCase: null

12-10-2024T20:30:06 - [TEST_STEP][PASSED] - testCaseId = testCaseContext.getTestCaseId(): null

12-10-2024T20:30:06 - [TEST_STEP][PASSED] - if (testCaseId == "Test Cases/Quản lý tài khoản merchant/Quản lý dịch vụ merchant/TC_13_Kiểm tra chức năng xác nhận cấu hình thay đổi VA"): null]]></system-out>
         <system-err><![CDATA[]]></system-err>
      </testcase>
      <testcase name="Test Cases/Quản lý tài khoản merchant/Quản lý dịch vụ merchant/TC_13_Kiểm tra chức năng xác nhận cấu hình thay đổi VA" time="84.994" classname="Test Cases/Quản lý tài khoản merchant/Quản lý dịch vụ merchant/TC_13_Kiểm tra chức năng xác nhận cấu hình thay đổi VA" status="ERROR">
         <error type="ERROR" message="Test Cases/Quản lý tài khoản merchant/Quản lý dịch vụ merchant/TC_13_Kiểm tra chức năng xác nhận cấu hình thay đổi VA FAILED.&#xa;Reason:&#xa;org.openqa.selenium.NoSuchElementException: no such element: Unable to locate element: {&quot;method&quot;:&quot;xpath&quot;,&quot;selector&quot;:&quot;//button[normalize-space()='Ok']&quot;}&#xa;  (Session info: chrome=129.0.6668.91)&#xa;For documentation on this error, please visit: https://www.seleniumhq.org/exceptions/no_such_element.html&#xa;Build info: version: '3.141.59', revision: 'unknown', time: 'unknown'&#xa;System info: host: 'Aidan', ip: '2405:4803:fd90:9ef0:35c5:6ea1:b1e8:64e8%en0', os.name: 'Mac OS X', os.arch: 'aarch64', os.version: '15.0.1', java.version: '17.0.7'&#xa;Driver info: com.kms.katalon.selenium.driver.CChromeDriver&#xa;Capabilities {acceptInsecureCerts: false, browserName: chrome, browserVersion: 129.0.6668.91, chrome: {chromedriverVersion: 128.0.6613.84 (606aa55c7d68..., userDataDir: /var/folders/t5/b7k67ybj7gz...}, fedcm:accounts: true, goog:chromeOptions: {debuggerAddress: localhost:64399}, javascriptEnabled: true, networkConnectionEnabled: false, pageLoadStrategy: normal, platform: MAC, platformName: MAC, proxy: Proxy(), setWindowRect: true, strictFileInteractability: false, timeouts: {implicit: 0, pageLoad: 300000, script: 30000}, unhandledPromptBehavior: dismiss and notify, webauthn:extension:credBlob: true, webauthn:extension:largeBlob: true, webauthn:extension:minPinLength: true, webauthn:extension:prf: true, webauthn:virtualAuthenticators: true}&#xa;Session ID: d46ae6c2b92fa86d42574c4fd4ea6d78&#xa;*** Element info: {Using=xpath, value=//button[normalize-space()='Ok']}&#xa;	at java.base/jdk.internal.reflect.NativeConstructorAccessorImpl.newInstance0(Native Method)&#xa;	at java.base/jdk.internal.reflect.NativeConstructorAccessorImpl.newInstance(NativeConstructorAccessorImpl.java:77)&#xa;	at java.base/jdk.internal.reflect.DelegatingConstructorAccessorImpl.newInstance(DelegatingConstructorAccessorImpl.java:45)&#xa;	at org.openqa.selenium.remote.http.W3CHttpResponseCodec.createException(W3CHttpResponseCodec.java:187)&#xa;	at org.openqa.selenium.remote.http.W3CHttpResponseCodec.decode(W3CHttpResponseCodec.java:122)&#xa;	at org.openqa.selenium.remote.http.W3CHttpResponseCodec.decode(W3CHttpResponseCodec.java:49)&#xa;	at org.openqa.selenium.remote.HttpCommandExecutor.execute(HttpCommandExecutor.java:158)&#xa;	at org.openqa.selenium.remote.service.DriverCommandExecutor.execute(DriverCommandExecutor.java:83)&#xa;	at org.openqa.selenium.remote.RemoteWebDriver.execute(RemoteWebDriver.java:552)&#xa;	at com.kms.katalon.selenium.driver.CChromeDriver.execute(CChromeDriver.java:19)&#xa;	at org.openqa.selenium.remote.RemoteWebDriver.findElement(RemoteWebDriver.java:323)&#xa;	at org.openqa.selenium.remote.RemoteWebDriver.findElementByXPath(RemoteWebDriver.java:428)&#xa;	at org.openqa.selenium.By$ByXPath.findElement(By.java:353)&#xa;	at org.openqa.selenium.remote.RemoteWebDriver.findElement(RemoteWebDriver.java:315)&#xa;	at jdk.internal.reflect.GeneratedMethodAccessor13.invoke(Unknown Source)&#xa;	at java.base/jdk.internal.reflect.DelegatingMethodAccessorImpl.invoke(DelegatingMethodAccessorImpl.java:43)&#xa;	at org.openqa.selenium.support.events.EventFiringWebDriver.lambda$new$1(EventFiringWebDriver.java:105)&#xa;	at jdk.proxy2/jdk.proxy2.$Proxy22.findElement(Unknown Source)&#xa;	at org.openqa.selenium.support.events.EventFiringWebDriver.findElement(EventFiringWebDriver.java:194)&#xa;	at TC_13_Kiểm tra chức năng xác nhận cấu hình thay đổi VA.run(TC_13_Kiểm tra chức năng xác nhận cấu hình thay đổi VA:102)&#xa;	at com.kms.katalon.core.main.ScriptEngine.run(ScriptEngine.java:194)&#xa;	at com.kms.katalon.core.main.ScriptEngine.runScriptAsRawText(ScriptEngine.java:119)&#xa;	at com.kms.katalon.core.main.TestCaseExecutor.runScript(TestCaseExecutor.java:448)&#xa;	at com.kms.katalon.core.main.TestCaseExecutor.doExecute(TestCaseExecutor.java:439)&#xa;	at com.kms.katalon.core.main.TestCaseExecutor.processExecutionPhase(TestCaseExecutor.java:418)&#xa;	at com.kms.katalon.core.main.TestCaseExecutor.accessMainPhase(TestCaseExecutor.java:410)&#xa;	at com.kms.katalon.core.main.TestCaseExecutor.execute(TestCaseExecutor.java:285)&#xa;	at com.kms.katalon.core.common.CommonExecutor.accessTestCaseMainPhase(CommonExecutor.java:65)&#xa;	at com.kms.katalon.core.main.TestSuiteExecutor.accessTestSuiteMainPhase(TestSuiteExecutor.java:150)&#xa;	at com.kms.katalon.core.main.TestSuiteExecutor.execute(TestSuiteExecutor.java:106)&#xa;	at com.kms.katalon.core.main.TestCaseMain.startTestSuite(TestCaseMain.java:180)&#xa;	at TempTestSuite1728739561259.run(TempTestSuite1728739561259.groovy:35)&#xa;	at java.base/jdk.internal.reflect.NativeMethodAccessorImpl.invoke0(Native Method)&#xa;	at java.base/jdk.internal.reflect.NativeMethodAccessorImpl.invoke(NativeMethodAccessorImpl.java:77)&#xa;	at java.base/jdk.internal.reflect.DelegatingMethodAccessorImpl.invoke(DelegatingMethodAccessorImpl.java:43)&#xa;"/>
         <system-out><![CDATA[12-10-2024T20:30:06 - [TEST_CASE][ERROR] - Test Cases/Quản lý tài khoản merchant/Quản lý dịch vụ merchant/TC_13_Kiểm tra chức năng xác nhận cấu hình thay đổi VA: Test Cases/Quản lý tài khoản merchant/Quản lý dịch vụ merchant/TC_13_Kiểm tra chức năng xác nhận cấu hình thay đổi VA FAILED.
Reason:
org.openqa.selenium.NoSuchElementException: no such element: Unable to locate element: {"method":"xpath","selector":"//button[normalize-space()='Ok']"}
  (Session info: chrome=129.0.6668.91)
For documentation on this error, please visit: https://www.seleniumhq.org/exceptions/no_such_element.html
Build info: version: '3.141.59', revision: 'unknown', time: 'unknown'
System info: host: 'Aidan', ip: '2405:4803:fd90:9ef0:35c5:6ea1:b1e8:64e8%en0', os.name: 'Mac OS X', os.arch: 'aarch64', os.version: '15.0.1', java.version: '17.0.7'
Driver info: com.kms.katalon.selenium.driver.CChromeDriver
Capabilities {acceptInsecureCerts: false, browserName: chrome, browserVersion: 129.0.6668.91, chrome: {chromedriverVersion: 128.0.6613.84 (606aa55c7d68..., userDataDir: /var/folders/t5/b7k67ybj7gz...}, fedcm:accounts: true, goog:chromeOptions: {debuggerAddress: localhost:64399}, javascriptEnabled: true, networkConnectionEnabled: false, pageLoadStrategy: normal, platform: MAC, platformName: MAC, proxy: Proxy(), setWindowRect: true, strictFileInteractability: false, timeouts: {implicit: 0, pageLoad: 300000, script: 30000}, unhandledPromptBehavior: dismiss and notify, webauthn:extension:credBlob: true, webauthn:extension:largeBlob: true, webauthn:extension:minPinLength: true, webauthn:extension:prf: true, webauthn:virtualAuthenticators: true}
Session ID: d46ae6c2b92fa86d42574c4fd4ea6d78
*** Element info: {Using=xpath, value=//button[normalize-space()='Ok']}
	at java.base/jdk.internal.reflect.NativeConstructorAccessorImpl.newInstance0(Native Method)
	at java.base/jdk.internal.reflect.NativeConstructorAccessorImpl.newInstance(NativeConstructorAccessorImpl.java:77)
	at java.base/jdk.internal.reflect.DelegatingConstructorAccessorImpl.newInstance(DelegatingConstructorAccessorImpl.java:45)
	at org.openqa.selenium.remote.http.W3CHttpResponseCodec.createException(W3CHttpResponseCodec.java:187)
	at org.openqa.selenium.remote.http.W3CHttpResponseCodec.decode(W3CHttpResponseCodec.java:122)
	at org.openqa.selenium.remote.http.W3CHttpResponseCodec.decode(W3CHttpResponseCodec.java:49)
	at org.openqa.selenium.remote.HttpCommandExecutor.execute(HttpCommandExecutor.java:158)
	at org.openqa.selenium.remote.service.DriverCommandExecutor.execute(DriverCommandExecutor.java:83)
	at org.openqa.selenium.remote.RemoteWebDriver.execute(RemoteWebDriver.java:552)
	at com.kms.katalon.selenium.driver.CChromeDriver.execute(CChromeDriver.java:19)
	at org.openqa.selenium.remote.RemoteWebDriver.findElement(RemoteWebDriver.java:323)
	at org.openqa.selenium.remote.RemoteWebDriver.findElementByXPath(RemoteWebDriver.java:428)
	at org.openqa.selenium.By$ByXPath.findElement(By.java:353)
	at org.openqa.selenium.remote.RemoteWebDriver.findElement(RemoteWebDriver.java:315)
	at jdk.internal.reflect.GeneratedMethodAccessor13.invoke(Unknown Source)
	at java.base/jdk.internal.reflect.DelegatingMethodAccessorImpl.invoke(DelegatingMethodAccessorImpl.java:43)
	at org.openqa.selenium.support.events.EventFiringWebDriver.lambda$new$1(EventFiringWebDriver.java:105)
	at jdk.proxy2/jdk.proxy2.$Proxy22.findElement(Unknown Source)
	at org.openqa.selenium.support.events.EventFiringWebDriver.findElement(EventFiringWebDriver.java:194)
	at TC_13_Kiểm tra chức năng xác nhận cấu hình thay đổi VA.run(TC_13_Kiểm tra chức năng xác nhận cấu hình thay đổi VA:102)
	at com.kms.katalon.core.main.ScriptEngine.run(ScriptEngine.java:194)
	at com.kms.katalon.core.main.ScriptEngine.runScriptAsRawText(ScriptEngine.java:119)
	at com.kms.katalon.core.main.TestCaseExecutor.runScript(TestCaseExecutor.java:448)
	at com.kms.katalon.core.main.TestCaseExecutor.doExecute(TestCaseExecutor.java:439)
	at com.kms.katalon.core.main.TestCaseExecutor.processExecutionPhase(TestCaseExecutor.java:418)
	at com.kms.katalon.core.main.TestCaseExecutor.accessMainPhase(TestCaseExecutor.java:410)
	at com.kms.katalon.core.main.TestCaseExecutor.execute(TestCaseExecutor.java:285)
	at com.kms.katalon.core.common.CommonExecutor.accessTestCaseMainPhase(CommonExecutor.java:65)
	at com.kms.katalon.core.main.TestSuiteExecutor.accessTestSuiteMainPhase(TestSuiteExecutor.java:150)
	at com.kms.katalon.core.main.TestSuiteExecutor.execute(TestSuiteExecutor.java:106)
	at com.kms.katalon.core.main.TestCaseMain.startTestSuite(TestCaseMain.java:180)
	at TempTestSuite1728739561259.run(TempTestSuite1728739561259.groovy:35)
	at java.base/jdk.internal.reflect.NativeMethodAccessorImpl.invoke0(Native Method)
	at java.base/jdk.internal.reflect.NativeMethodAccessorImpl.invoke(NativeMethodAccessorImpl.java:77)
	at java.base/jdk.internal.reflect.DelegatingMethodAccessorImpl.invoke(DelegatingMethodAccessorImpl.java:43)


12-10-2024T20:30:06 - [TEST_STEP][PASSED] - Start listener action : sampleBeforeTestCase: Navigate to 'https://stg-cms-console.9pay.mobi/login' successfully

12-10-2024T20:30:06 - [TEST_STEP][PASSED] - testCaseId = testCaseContext.getTestCaseId(): null

12-10-2024T20:30:06 - [TEST_STEP][PASSED] - url = <not implemented yet for class: org.codehaus.groovy.ast.expr.EmptyExpression>: null

12-10-2024T20:30:06 - [TEST_STEP][PASSED] - if (testCaseId == "Test Cases/Quản lý tài khoản merchant/Quản lý dịch vụ merchant/TC_14_Kiểm tra thay đổi sau khi cấu hình VA trên MCV"): null

12-10-2024T20:30:06 - [TEST_STEP][PASSED] - else: null

12-10-2024T20:30:06 - [TEST_STEP][PASSED] - url = "https://stg-cms-console.9pay.mobi/login": null

12-10-2024T20:30:06 - [TEST_STEP][PASSED] - openBrowser(""): Browser is opened with url: ''

12-10-2024T20:30:06 - [MESSAGE][WARNING] - A browser is already opened. Closing browser and opening a new one

12-10-2024T20:30:06 - [MESSAGE][INFO] - Starting 'Chrome' driver

12-10-2024T20:30:06 - [MESSAGE][INFO] - Action delay is set to 0 milliseconds

12-10-2024T20:30:07 - [MESSAGE][PASSED] - Browser is opened with url: ''

12-10-2024T20:30:07 - [TEST_STEP][PASSED] - maximizeWindow(): Current window maximized

12-10-2024T20:30:07 - [MESSAGE][PASSED] - Current window maximized

12-10-2024T20:30:07 - [TEST_STEP][PASSED] - navigateToUrl(url): Navigate to 'https://stg-cms-console.9pay.mobi/login' successfully

12-10-2024T20:30:10 - [MESSAGE][PASSED] - Navigate to 'https://stg-cms-console.9pay.mobi/login' successfully

12-10-2024T20:30:10 - [TEST_STEP][PASSED] - callTestCase(findTestCase("Test Cases/Login/LoginCommon"), [:], STOP_ON_FAILURE): Call Test Case 'Test Cases/Login/LoginCommon' successfully

12-10-2024T20:30:10 - [TEST_CASE][PASSED] - Test Cases/Login/LoginCommon: Test Cases/Login/LoginCommon

12-10-2024T20:30:10 - [TEST_STEP][PASSED] - driver = getWebDriver(): null

12-10-2024T20:30:10 - [TEST_STEP][PASSED] - sendKeys(findTestObject("Quản lý tài khoản merchant/Quản lý dịch vụ merchant/userNameTextbox"), userAccount): Keys 'dannt@9pay.vn' sent to object: 'Object Repository/Quản lý tài khoản merchant/Quản lý dịch vụ merchant/userNameTextbox'

12-10-2024T20:30:11 - [MESSAGE][PASSED] - Keys 'dannt@9pay.vn' sent to object: 'Object Repository/Quản lý tài khoản merchant/Quản lý dịch vụ merchant/userNameTextbox'

12-10-2024T20:30:11 - [TEST_STEP][PASSED] - sendKeys(findTestObject("Quản lý tài khoản merchant/Quản lý dịch vụ merchant/passwordTextbox"), password): Keys 'dannt@9pay.vn' sent to object: 'Object Repository/Quản lý tài khoản merchant/Quản lý dịch vụ merchant/passwordTextbox'

12-10-2024T20:30:11 - [MESSAGE][PASSED] - Keys 'dannt@9pay.vn' sent to object: 'Object Repository/Quản lý tài khoản merchant/Quản lý dịch vụ merchant/passwordTextbox'

12-10-2024T20:30:11 - [TEST_STEP][PASSED] - click(findTestObject("Quản lý tài khoản merchant/Quản lý dịch vụ merchant/loginButton")): Object: 'Object Repository/Quản lý tài khoản merchant/Quản lý dịch vụ merchant/loginButton' is clicked on

12-10-2024T20:30:11 - [MESSAGE][PASSED] - Object: 'Object Repository/Quản lý tài khoản merchant/Quản lý dịch vụ merchant/loginButton' is clicked on

12-10-2024T20:30:11 - [MESSAGE][PASSED] - Call Test Case 'Test Cases/Login/LoginCommon' successfully

12-10-2024T20:30:11 - [TEST_STEP][PASSED] - waitForElementVisible(findTestObject("Trang chủ/userName"), 20, STOP_ON_FAILURE): Object 'Object Repository/Trang chủ/userName' is visible

12-10-2024T20:30:18 - [MESSAGE][PASSED] - Object 'Object Repository/Trang chủ/userName' is visible

12-10-2024T20:30:18 - [TEST_STEP][PASSED] - callTestCase(findTestCase("Test Cases/Quản lý tài khoản merchant/Quản lý danh sách tài khoản/CustomFunctions"), [:], STOP_ON_FAILURE): Call Test Case 'Test Cases/Quản lý tài khoản merchant/Quản lý danh sách tài khoản/CustomFunctions' successfully

12-10-2024T20:30:18 - [TEST_CASE][PASSED] - Test Cases/Quản lý tài khoản merchant/Quản lý danh sách tài khoản/CustomFunctions: Test Cases/Quản lý tài khoản merchant/Quản lý danh sách tài khoản/CustomFunctions

12-10-2024T20:30:18 - [TEST_STEP][PASSED] - driver = getWebDriver(): null

12-10-2024T20:30:18 - [TEST_STEP][PASSED] - sleep(2000): null

12-10-2024T20:30:20 - [TEST_STEP][PASSED] - element1 = driver.findElement(By.xpath(xpathManagerMC)): null

12-10-2024T20:30:22 - [TEST_STEP][PASSED] - actions = new org.openqa.selenium.interactions.Actions(driver): null

12-10-2024T20:30:22 - [TEST_STEP][PASSED] - click().perform(): null

12-10-2024T20:30:22 - [TEST_STEP][PASSED] - wait = new org.openqa.selenium.support.ui.WebDriverWait(com.kms.katalon.core.webui.driver.DriverFactory.getWebDriver(), 15): null

12-10-2024T20:30:22 - [TEST_STEP][PASSED] - element2 = wait.until(ExpectedConditions.elementToBeClickable(By.xpath(xpathManagerServiceMC))): null

12-10-2024T20:30:22 - [TEST_STEP][PASSED] - click().perform(): null

12-10-2024T20:30:23 - [MESSAGE][PASSED] - Call Test Case 'Test Cases/Quản lý tài khoản merchant/Quản lý danh sách tài khoản/CustomFunctions' successfully

12-10-2024T20:30:23 - [TEST_STEP][PASSED] - click(findTestObject("Quản lý tài khoản merchant/Quản lý dịch vụ merchant/iconTime")): Object: 'Object Repository/Quản lý tài khoản merchant/Quản lý dịch vụ merchant/iconTime' is clicked on

12-10-2024T20:30:25 - [MESSAGE][PASSED] - Object: 'Object Repository/Quản lý tài khoản merchant/Quản lý dịch vụ merchant/iconTime' is clicked on

12-10-2024T20:30:25 - [TEST_STEP][PASSED] - driver = getWebDriver(): null

12-10-2024T20:30:25 - [TEST_STEP][PASSED] - wait = new org.openqa.selenium.support.ui.WebDriverWait(com.kms.katalon.core.webui.driver.DriverFactory.getWebDriver(), 10): null

12-10-2024T20:30:25 - [TEST_STEP][PASSED] - iconClick = driver.findElement(By.xpath(xpathDropdownSwitchFrom)): null

12-10-2024T20:30:27 - [TEST_STEP][PASSED] - iconClick.click(): null

12-10-2024T20:30:27 - [TEST_STEP][PASSED] - techcombankOtp = driver.findElement(By.xpath(xpathOptionTCB)): null

12-10-2024T20:30:29 - [TEST_STEP][PASSED] - textTech = techcombankOtp.getText(): null

12-10-2024T20:30:29 - [TEST_STEP][PASSED] - println("Đoạn văn: " + textTech): null

12-10-2024T20:30:29 - [TEST_STEP][PASSED] - techcombankOtp.click(): null

12-10-2024T20:30:29 - [TEST_STEP][PASSED] - matcher = textTech =~ "\bTECHCOMBANK\b": null

12-10-2024T20:30:29 - [TEST_STEP][PASSED] - techcombank = (matcher.find()) ? matcher.group() : : null

12-10-2024T20:30:29 - [TEST_STEP][PASSED] - iconClick2 = driver.findElement(By.xpath(xpathDropdownSwitchTo)): null

12-10-2024T20:30:31 - [TEST_STEP][PASSED] - iconClick2.click(): null

12-10-2024T20:30:31 - [TEST_STEP][PASSED] - element2 = driver.findElement(By.xpath(xpathOptionVPTo)): null

12-10-2024T20:30:33 - [TEST_STEP][PASSED] - element2.click(): null

12-10-2024T20:30:33 - [TEST_STEP][PASSED] - xpath(xpathDatePicker)).click(): null

12-10-2024T20:30:35 - [TEST_STEP][PASSED] - xpath(xpathOkBtn)).click(): null

12-10-2024T20:30:37 - [TEST_STEP][PASSED] - xpath(xpathOkBtn)).click(): null

12-10-2024T20:30:39 - [TEST_STEP][PASSED] - now = new java.util.Date(): null

12-10-2024T20:30:39 - [TEST_STEP][PASSED] - sdf1 = new java.text.SimpleDateFormat(mm): null

12-10-2024T20:30:39 - [TEST_STEP][PASSED] - formattedDate1 = sdf1.format(now): null

12-10-2024T20:30:39 - [TEST_STEP][PASSED] - currentMinute1 = Integer.parseInt(formattedDate1) + 1: null

12-10-2024T20:30:39 - [TEST_STEP][PASSED] - dateXpath1 = "m-" + currentMinute1: null

12-10-2024T20:30:39 - [TEST_STEP][PASSED] - clock3 = "//div[@class='dtp']/descendant::*[name()='circle' and @id='" + dateXpath1 + "']": null

12-10-2024T20:30:39 - [TEST_STEP][PASSED] - println("element: " + clock3): null

12-10-2024T20:30:39 - [TEST_STEP][PASSED] - clock4 = wait.until(ExpectedConditions.elementToBeClickable(By.xpath(clock3))): null

12-10-2024T20:30:41 - [TEST_STEP][PASSED] - script1 = "var event = new MouseEvent('click', {" + "view: window," + "bubbles: true," + "cancelable: true" + "});" + "arguments[0].dispatchEvent(event);": null

12-10-2024T20:30:41 - [TEST_STEP][PASSED] - driver.executeScript(script1, clock4): null

12-10-2024T20:30:41 - [TEST_STEP][PASSED] - xpath(xpathOkBtn)).click(): null

12-10-2024T20:30:43 - [TEST_STEP][PASSED] - xpath(xpathDatePickerEnd)).click(): null

12-10-2024T20:30:45 - [TEST_STEP][PASSED] - xpath(xpathBtnOkEnd)).click(): null

12-10-2024T20:30:47 - [TEST_STEP][PASSED] - xpath(xpathBtnOkEnd)).click(): null

12-10-2024T20:30:49 - [TEST_STEP][PASSED] - sdf = new java.text.SimpleDateFormat(mm): null

12-10-2024T20:30:49 - [TEST_STEP][PASSED] - formattedDate = sdf.format(now): null

12-10-2024T20:30:49 - [TEST_STEP][PASSED] - currentMinute = Integer.parseInt(formattedDate) + 2: null

12-10-2024T20:30:49 - [TEST_STEP][PASSED] - dateXpath = "m-" + currentMinute: null

12-10-2024T20:30:49 - [TEST_STEP][PASSED] - clock2 = "//div[@class='dtp']/descendant::*[name()='circle' and @id='" + dateXpath + "']": null

12-10-2024T20:30:49 - [TEST_STEP][PASSED] - clock1 = wait.until(ExpectedConditions.elementToBeClickable(By.xpath(clock2))): null

12-10-2024T20:30:51 - [TEST_STEP][PASSED] - script = "var event = new MouseEvent('click', {" + "view: window," + "bubbles: true," + "cancelable: true" + "});" + "arguments[0].dispatchEvent(event);": null

12-10-2024T20:30:51 - [TEST_STEP][PASSED] - driver.executeScript(script, clock1): null

12-10-2024T20:30:51 - [TEST_STEP][PASSED] - xpath(xpathBtnOkEnd)).click(): null

12-10-2024T20:30:53 - [TEST_STEP][PASSED] - xpath(xpathOptionBack)).click(): null

12-10-2024T20:30:55 - [TEST_STEP][PASSED] - xpath(xpathOptionTCBBack)).click(): null

12-10-2024T20:30:57 - [TEST_STEP][PASSED] - xpath(xpathUpdateBtn)).click(): null

12-10-2024T20:30:59 - [TEST_STEP][ERROR] - xpath("//button[normalize-space()='Ok']")).click(): Test Cases/Quản lý tài khoản merchant/Quản lý dịch vụ merchant/TC_13_Kiểm tra chức năng xác nhận cấu hình thay đổi VA FAILED.
Reason:
org.openqa.selenium.NoSuchElementException: no such element: Unable to locate element: {"method":"xpath","selector":"//button[normalize-space()='Ok']"}
  (Session info: chrome=129.0.6668.91)
For documentation on this error, please visit: https://www.seleniumhq.org/exceptions/no_such_element.html
Build info: version: '3.141.59', revision: 'unknown', time: 'unknown'
System info: host: 'Aidan', ip: '2405:4803:fd90:9ef0:35c5:6ea1:b1e8:64e8%en0', os.name: 'Mac OS X', os.arch: 'aarch64', os.version: '15.0.1', java.version: '17.0.7'
Driver info: com.kms.katalon.selenium.driver.CChromeDriver
Capabilities {acceptInsecureCerts: false, browserName: chrome, browserVersion: 129.0.6668.91, chrome: {chromedriverVersion: 128.0.6613.84 (606aa55c7d68..., userDataDir: /var/folders/t5/b7k67ybj7gz...}, fedcm:accounts: true, goog:chromeOptions: {debuggerAddress: localhost:64399}, javascriptEnabled: true, networkConnectionEnabled: false, pageLoadStrategy: normal, platform: MAC, platformName: MAC, proxy: Proxy(), setWindowRect: true, strictFileInteractability: false, timeouts: {implicit: 0, pageLoad: 300000, script: 30000}, unhandledPromptBehavior: dismiss and notify, webauthn:extension:credBlob: true, webauthn:extension:largeBlob: true, webauthn:extension:minPinLength: true, webauthn:extension:prf: true, webauthn:virtualAuthenticators: true}
Session ID: d46ae6c2b92fa86d42574c4fd4ea6d78
*** Element info: {Using=xpath, value=//button[normalize-space()='Ok']}
	at java.base/jdk.internal.reflect.NativeConstructorAccessorImpl.newInstance0(Native Method)
	at java.base/jdk.internal.reflect.NativeConstructorAccessorImpl.newInstance(NativeConstructorAccessorImpl.java:77)
	at java.base/jdk.internal.reflect.DelegatingConstructorAccessorImpl.newInstance(DelegatingConstructorAccessorImpl.java:45)
	at org.openqa.selenium.remote.http.W3CHttpResponseCodec.createException(W3CHttpResponseCodec.java:187)
	at org.openqa.selenium.remote.http.W3CHttpResponseCodec.decode(W3CHttpResponseCodec.java:122)
	at org.openqa.selenium.remote.http.W3CHttpResponseCodec.decode(W3CHttpResponseCodec.java:49)
	at org.openqa.selenium.remote.HttpCommandExecutor.execute(HttpCommandExecutor.java:158)
	at org.openqa.selenium.remote.service.DriverCommandExecutor.execute(DriverCommandExecutor.java:83)
	at org.openqa.selenium.remote.RemoteWebDriver.execute(RemoteWebDriver.java:552)
	at com.kms.katalon.selenium.driver.CChromeDriver.execute(CChromeDriver.java:19)
	at org.openqa.selenium.remote.RemoteWebDriver.findElement(RemoteWebDriver.java:323)
	at org.openqa.selenium.remote.RemoteWebDriver.findElementByXPath(RemoteWebDriver.java:428)
	at org.openqa.selenium.By$ByXPath.findElement(By.java:353)
	at org.openqa.selenium.remote.RemoteWebDriver.findElement(RemoteWebDriver.java:315)
	at jdk.internal.reflect.GeneratedMethodAccessor13.invoke(Unknown Source)
	at java.base/jdk.internal.reflect.DelegatingMethodAccessorImpl.invoke(DelegatingMethodAccessorImpl.java:43)
	at org.openqa.selenium.support.events.EventFiringWebDriver.lambda$new$1(EventFiringWebDriver.java:105)
	at jdk.proxy2/jdk.proxy2.$Proxy22.findElement(Unknown Source)
	at org.openqa.selenium.support.events.EventFiringWebDriver.findElement(EventFiringWebDriver.java:194)
	at TC_13_Kiểm tra chức năng xác nhận cấu hình thay đổi VA.run(TC_13_Kiểm tra chức năng xác nhận cấu hình thay đổi VA:102)
	at com.kms.katalon.core.main.ScriptEngine.run(ScriptEngine.java:194)
	at com.kms.katalon.core.main.ScriptEngine.runScriptAsRawText(ScriptEngine.java:119)
	at com.kms.katalon.core.main.TestCaseExecutor.runScript(TestCaseExecutor.java:448)
	at com.kms.katalon.core.main.TestCaseExecutor.doExecute(TestCaseExecutor.java:439)
	at com.kms.katalon.core.main.TestCaseExecutor.processExecutionPhase(TestCaseExecutor.java:418)
	at com.kms.katalon.core.main.TestCaseExecutor.accessMainPhase(TestCaseExecutor.java:410)
	at com.kms.katalon.core.main.TestCaseExecutor.execute(TestCaseExecutor.java:285)
	at com.kms.katalon.core.common.CommonExecutor.accessTestCaseMainPhase(CommonExecutor.java:65)
	at com.kms.katalon.core.main.TestSuiteExecutor.accessTestSuiteMainPhase(TestSuiteExecutor.java:150)
	at com.kms.katalon.core.main.TestSuiteExecutor.execute(TestSuiteExecutor.java:106)
	at com.kms.katalon.core.main.TestCaseMain.startTestSuite(TestCaseMain.java:180)
	at TempTestSuite1728739561259.run(TempTestSuite1728739561259.groovy:35)
	at java.base/jdk.internal.reflect.NativeMethodAccessorImpl.invoke0(Native Method)
	at java.base/jdk.internal.reflect.NativeMethodAccessorImpl.invoke(NativeMethodAccessorImpl.java:77)
	at java.base/jdk.internal.reflect.DelegatingMethodAccessorImpl.invoke(DelegatingMethodAccessorImpl.java:43)


12-10-2024T20:31:01 - [MESSAGE][ERROR] - Test Cases/Quản lý tài khoản merchant/Quản lý dịch vụ merchant/TC_13_Kiểm tra chức năng xác nhận cấu hình thay đổi VA FAILED.
Reason:
org.openqa.selenium.NoSuchElementException: no such element: Unable to locate element: {"method":"xpath","selector":"//button[normalize-space()='Ok']"}
  (Session info: chrome=129.0.6668.91)
For documentation on this error, please visit: https://www.seleniumhq.org/exceptions/no_such_element.html
Build info: version: '3.141.59', revision: 'unknown', time: 'unknown'
System info: host: 'Aidan', ip: '2405:4803:fd90:9ef0:35c5:6ea1:b1e8:64e8%en0', os.name: 'Mac OS X', os.arch: 'aarch64', os.version: '15.0.1', java.version: '17.0.7'
Driver info: com.kms.katalon.selenium.driver.CChromeDriver
Capabilities {acceptInsecureCerts: false, browserName: chrome, browserVersion: 129.0.6668.91, chrome: {chromedriverVersion: 128.0.6613.84 (606aa55c7d68..., userDataDir: /var/folders/t5/b7k67ybj7gz...}, fedcm:accounts: true, goog:chromeOptions: {debuggerAddress: localhost:64399}, javascriptEnabled: true, networkConnectionEnabled: false, pageLoadStrategy: normal, platform: MAC, platformName: MAC, proxy: Proxy(), setWindowRect: true, strictFileInteractability: false, timeouts: {implicit: 0, pageLoad: 300000, script: 30000}, unhandledPromptBehavior: dismiss and notify, webauthn:extension:credBlob: true, webauthn:extension:largeBlob: true, webauthn:extension:minPinLength: true, webauthn:extension:prf: true, webauthn:virtualAuthenticators: true}
Session ID: d46ae6c2b92fa86d42574c4fd4ea6d78
*** Element info: {Using=xpath, value=//button[normalize-space()='Ok']}
	at java.base/jdk.internal.reflect.NativeConstructorAccessorImpl.newInstance0(Native Method)
	at java.base/jdk.internal.reflect.NativeConstructorAccessorImpl.newInstance(NativeConstructorAccessorImpl.java:77)
	at java.base/jdk.internal.reflect.DelegatingConstructorAccessorImpl.newInstance(DelegatingConstructorAccessorImpl.java:45)
	at org.openqa.selenium.remote.http.W3CHttpResponseCodec.createException(W3CHttpResponseCodec.java:187)
	at org.openqa.selenium.remote.http.W3CHttpResponseCodec.decode(W3CHttpResponseCodec.java:122)
	at org.openqa.selenium.remote.http.W3CHttpResponseCodec.decode(W3CHttpResponseCodec.java:49)
	at org.openqa.selenium.remote.HttpCommandExecutor.execute(HttpCommandExecutor.java:158)
	at org.openqa.selenium.remote.service.DriverCommandExecutor.execute(DriverCommandExecutor.java:83)
	at org.openqa.selenium.remote.RemoteWebDriver.execute(RemoteWebDriver.java:552)
	at com.kms.katalon.selenium.driver.CChromeDriver.execute(CChromeDriver.java:19)
	at org.openqa.selenium.remote.RemoteWebDriver.findElement(RemoteWebDriver.java:323)
	at org.openqa.selenium.remote.RemoteWebDriver.findElementByXPath(RemoteWebDriver.java:428)
	at org.openqa.selenium.By$ByXPath.findElement(By.java:353)
	at org.openqa.selenium.remote.RemoteWebDriver.findElement(RemoteWebDriver.java:315)
	at jdk.internal.reflect.GeneratedMethodAccessor13.invoke(Unknown Source)
	at java.base/jdk.internal.reflect.DelegatingMethodAccessorImpl.invoke(DelegatingMethodAccessorImpl.java:43)
	at org.openqa.selenium.support.events.EventFiringWebDriver.lambda$new$1(EventFiringWebDriver.java:105)
	at jdk.proxy2/jdk.proxy2.$Proxy22.findElement(Unknown Source)
	at org.openqa.selenium.support.events.EventFiringWebDriver.findElement(EventFiringWebDriver.java:194)
	at TC_13_Kiểm tra chức năng xác nhận cấu hình thay đổi VA.run(TC_13_Kiểm tra chức năng xác nhận cấu hình thay đổi VA:102)
	at com.kms.katalon.core.main.ScriptEngine.run(ScriptEngine.java:194)
	at com.kms.katalon.core.main.ScriptEngine.runScriptAsRawText(ScriptEngine.java:119)
	at com.kms.katalon.core.main.TestCaseExecutor.runScript(TestCaseExecutor.java:448)
	at com.kms.katalon.core.main.TestCaseExecutor.doExecute(TestCaseExecutor.java:439)
	at com.kms.katalon.core.main.TestCaseExecutor.processExecutionPhase(TestCaseExecutor.java:418)
	at com.kms.katalon.core.main.TestCaseExecutor.accessMainPhase(TestCaseExecutor.java:410)
	at com.kms.katalon.core.main.TestCaseExecutor.execute(TestCaseExecutor.java:285)
	at com.kms.katalon.core.common.CommonExecutor.accessTestCaseMainPhase(CommonExecutor.java:65)
	at com.kms.katalon.core.main.TestSuiteExecutor.accessTestSuiteMainPhase(TestSuiteExecutor.java:150)
	at com.kms.katalon.core.main.TestSuiteExecutor.execute(TestSuiteExecutor.java:106)
	at com.kms.katalon.core.main.TestCaseMain.startTestSuite(TestCaseMain.java:180)
	at TempTestSuite1728739561259.run(TempTestSuite1728739561259.groovy:35)
	at java.base/jdk.internal.reflect.NativeMethodAccessorImpl.invoke0(Native Method)
	at java.base/jdk.internal.reflect.NativeMethodAccessorImpl.invoke(NativeMethodAccessorImpl.java:77)
	at java.base/jdk.internal.reflect.DelegatingMethodAccessorImpl.invoke(DelegatingMethodAccessorImpl.java:43)


12-10-2024T20:31:01 - [TEST_STEP][PASSED] - Start listener action : sampleAfterTestCase: null

12-10-2024T20:31:01 - [TEST_STEP][PASSED] - testCaseId = testCaseContext.getTestCaseId(): null

12-10-2024T20:31:01 - [TEST_STEP][PASSED] - if (testCaseId == "Test Cases/Quản lý tài khoản merchant/Quản lý dịch vụ merchant/TC_13_Kiểm tra chức năng xác nhận cấu hình thay đổi VA"): null

12-10-2024T20:31:01 - [TEST_STEP][PASSED] - Thread.sleep(30000): null]]></system-out>
         <system-err><![CDATA[12-10-2024T20:30:06 - [TEST_CASE][ERROR] - Test Cases/Quản lý tài khoản merchant/Quản lý dịch vụ merchant/TC_13_Kiểm tra chức năng xác nhận cấu hình thay đổi VA: Test Cases/Quản lý tài khoản merchant/Quản lý dịch vụ merchant/TC_13_Kiểm tra chức năng xác nhận cấu hình thay đổi VA FAILED.
Reason:
org.openqa.selenium.NoSuchElementException: no such element: Unable to locate element: {"method":"xpath","selector":"//button[normalize-space()='Ok']"}
  (Session info: chrome=129.0.6668.91)
For documentation on this error, please visit: https://www.seleniumhq.org/exceptions/no_such_element.html
Build info: version: '3.141.59', revision: 'unknown', time: 'unknown'
System info: host: 'Aidan', ip: '2405:4803:fd90:9ef0:35c5:6ea1:b1e8:64e8%en0', os.name: 'Mac OS X', os.arch: 'aarch64', os.version: '15.0.1', java.version: '17.0.7'
Driver info: com.kms.katalon.selenium.driver.CChromeDriver
Capabilities {acceptInsecureCerts: false, browserName: chrome, browserVersion: 129.0.6668.91, chrome: {chromedriverVersion: 128.0.6613.84 (606aa55c7d68..., userDataDir: /var/folders/t5/b7k67ybj7gz...}, fedcm:accounts: true, goog:chromeOptions: {debuggerAddress: localhost:64399}, javascriptEnabled: true, networkConnectionEnabled: false, pageLoadStrategy: normal, platform: MAC, platformName: MAC, proxy: Proxy(), setWindowRect: true, strictFileInteractability: false, timeouts: {implicit: 0, pageLoad: 300000, script: 30000}, unhandledPromptBehavior: dismiss and notify, webauthn:extension:credBlob: true, webauthn:extension:largeBlob: true, webauthn:extension:minPinLength: true, webauthn:extension:prf: true, webauthn:virtualAuthenticators: true}
Session ID: d46ae6c2b92fa86d42574c4fd4ea6d78
*** Element info: {Using=xpath, value=//button[normalize-space()='Ok']}
	at java.base/jdk.internal.reflect.NativeConstructorAccessorImpl.newInstance0(Native Method)
	at java.base/jdk.internal.reflect.NativeConstructorAccessorImpl.newInstance(NativeConstructorAccessorImpl.java:77)
	at java.base/jdk.internal.reflect.DelegatingConstructorAccessorImpl.newInstance(DelegatingConstructorAccessorImpl.java:45)
	at org.openqa.selenium.remote.http.W3CHttpResponseCodec.createException(W3CHttpResponseCodec.java:187)
	at org.openqa.selenium.remote.http.W3CHttpResponseCodec.decode(W3CHttpResponseCodec.java:122)
	at org.openqa.selenium.remote.http.W3CHttpResponseCodec.decode(W3CHttpResponseCodec.java:49)
	at org.openqa.selenium.remote.HttpCommandExecutor.execute(HttpCommandExecutor.java:158)
	at org.openqa.selenium.remote.service.DriverCommandExecutor.execute(DriverCommandExecutor.java:83)
	at org.openqa.selenium.remote.RemoteWebDriver.execute(RemoteWebDriver.java:552)
	at com.kms.katalon.selenium.driver.CChromeDriver.execute(CChromeDriver.java:19)
	at org.openqa.selenium.remote.RemoteWebDriver.findElement(RemoteWebDriver.java:323)
	at org.openqa.selenium.remote.RemoteWebDriver.findElementByXPath(RemoteWebDriver.java:428)
	at org.openqa.selenium.By$ByXPath.findElement(By.java:353)
	at org.openqa.selenium.remote.RemoteWebDriver.findElement(RemoteWebDriver.java:315)
	at jdk.internal.reflect.GeneratedMethodAccessor13.invoke(Unknown Source)
	at java.base/jdk.internal.reflect.DelegatingMethodAccessorImpl.invoke(DelegatingMethodAccessorImpl.java:43)
	at org.openqa.selenium.support.events.EventFiringWebDriver.lambda$new$1(EventFiringWebDriver.java:105)
	at jdk.proxy2/jdk.proxy2.$Proxy22.findElement(Unknown Source)
	at org.openqa.selenium.support.events.EventFiringWebDriver.findElement(EventFiringWebDriver.java:194)
	at TC_13_Kiểm tra chức năng xác nhận cấu hình thay đổi VA.run(TC_13_Kiểm tra chức năng xác nhận cấu hình thay đổi VA:102)
	at com.kms.katalon.core.main.ScriptEngine.run(ScriptEngine.java:194)
	at com.kms.katalon.core.main.ScriptEngine.runScriptAsRawText(ScriptEngine.java:119)
	at com.kms.katalon.core.main.TestCaseExecutor.runScript(TestCaseExecutor.java:448)
	at com.kms.katalon.core.main.TestCaseExecutor.doExecute(TestCaseExecutor.java:439)
	at com.kms.katalon.core.main.TestCaseExecutor.processExecutionPhase(TestCaseExecutor.java:418)
	at com.kms.katalon.core.main.TestCaseExecutor.accessMainPhase(TestCaseExecutor.java:410)
	at com.kms.katalon.core.main.TestCaseExecutor.execute(TestCaseExecutor.java:285)
	at com.kms.katalon.core.common.CommonExecutor.accessTestCaseMainPhase(CommonExecutor.java:65)
	at com.kms.katalon.core.main.TestSuiteExecutor.accessTestSuiteMainPhase(TestSuiteExecutor.java:150)
	at com.kms.katalon.core.main.TestSuiteExecutor.execute(TestSuiteExecutor.java:106)
	at com.kms.katalon.core.main.TestCaseMain.startTestSuite(TestCaseMain.java:180)
	at TempTestSuite1728739561259.run(TempTestSuite1728739561259.groovy:35)
	at java.base/jdk.internal.reflect.NativeMethodAccessorImpl.invoke0(Native Method)
	at java.base/jdk.internal.reflect.NativeMethodAccessorImpl.invoke(NativeMethodAccessorImpl.java:77)
	at java.base/jdk.internal.reflect.DelegatingMethodAccessorImpl.invoke(DelegatingMethodAccessorImpl.java:43)]]></system-err>
      </testcase>
      <testcase name="Test Cases/Quản lý tài khoản merchant/Quản lý dịch vụ merchant/TC_14_Kiểm tra thay đổi sau khi cấu hình VA trên MCV" time="41.554" classname="Test Cases/Quản lý tài khoản merchant/Quản lý dịch vụ merchant/TC_14_Kiểm tra thay đổi sau khi cấu hình VA trên MCV" status="ERROR">
         <error type="ERROR" message="Test Cases/Quản lý tài khoản merchant/Quản lý dịch vụ merchant/TC_14_Kiểm tra thay đổi sau khi cấu hình VA trên MCV FAILED.&#xa;Reason:&#xa;org.openqa.selenium.TimeoutException: Expected condition failed: waiting for visibility of element located by By.xpath: //div[contains(text(),'VPBANK')] (tried for 20 second(s) with 500 milliseconds interval)&#xa;	at org.openqa.selenium.support.ui.WebDriverWait.timeoutException(WebDriverWait.java:95)&#xa;	at org.openqa.selenium.support.ui.FluentWait.until(FluentWait.java:272)&#xa;	at TC_14_Kiểm tra thay đổi sau khi cấu hình VA trên MCV.run(TC_14_Kiểm tra thay đổi sau khi cấu hình VA trên MCV:34)&#xa;	at com.kms.katalon.core.main.ScriptEngine.run(ScriptEngine.java:194)&#xa;	at com.kms.katalon.core.main.ScriptEngine.runScriptAsRawText(ScriptEngine.java:119)&#xa;	at com.kms.katalon.core.main.TestCaseExecutor.runScript(TestCaseExecutor.java:448)&#xa;	at com.kms.katalon.core.main.TestCaseExecutor.doExecute(TestCaseExecutor.java:439)&#xa;	at com.kms.katalon.core.main.TestCaseExecutor.processExecutionPhase(TestCaseExecutor.java:418)&#xa;	at com.kms.katalon.core.main.TestCaseExecutor.accessMainPhase(TestCaseExecutor.java:410)&#xa;	at com.kms.katalon.core.main.TestCaseExecutor.execute(TestCaseExecutor.java:285)&#xa;	at com.kms.katalon.core.common.CommonExecutor.accessTestCaseMainPhase(CommonExecutor.java:65)&#xa;	at com.kms.katalon.core.main.TestSuiteExecutor.accessTestSuiteMainPhase(TestSuiteExecutor.java:150)&#xa;	at com.kms.katalon.core.main.TestSuiteExecutor.execute(TestSuiteExecutor.java:106)&#xa;	at com.kms.katalon.core.main.TestCaseMain.startTestSuite(TestCaseMain.java:180)&#xa;	at TempTestSuite1728739561259.run(TempTestSuite1728739561259.groovy:35)&#xa;	at java.base/jdk.internal.reflect.NativeMethodAccessorImpl.invoke0(Native Method)&#xa;	at java.base/jdk.internal.reflect.NativeMethodAccessorImpl.invoke(NativeMethodAccessorImpl.java:77)&#xa;	at java.base/jdk.internal.reflect.DelegatingMethodAccessorImpl.invoke(DelegatingMethodAccessorImpl.java:43)&#xa;Caused by: org.openqa.selenium.NoSuchElementException: no such element: Unable to locate element: {&quot;method&quot;:&quot;xpath&quot;,&quot;selector&quot;:&quot;//div[contains(text(),'VPBANK')]&quot;}&#xa;  (Session info: chrome=129.0.6668.91)&#xa;For documentation on this error, please visit: https://www.seleniumhq.org/exceptions/no_such_element.html&#xa;Build info: version: '3.141.59', revision: 'unknown', time: 'unknown'&#xa;System info: host: 'Aidan', ip: '2405:4803:fd90:9ef0:35c5:6ea1:b1e8:64e8%en0', os.name: 'Mac OS X', os.arch: 'aarch64', os.version: '15.0.1', java.version: '17.0.7'&#xa;Driver info: com.kms.katalon.selenium.driver.CChromeDriver&#xa;Capabilities {acceptInsecureCerts: false, browserName: chrome, browserVersion: 129.0.6668.91, chrome: {chromedriverVersion: 128.0.6613.84 (606aa55c7d68..., userDataDir: /var/folders/t5/b7k67ybj7gz...}, fedcm:accounts: true, goog:chromeOptions: {debuggerAddress: localhost:64429}, javascriptEnabled: true, networkConnectionEnabled: false, pageLoadStrategy: normal, platform: MAC, platformName: MAC, proxy: Proxy(), setWindowRect: true, strictFileInteractability: false, timeouts: {implicit: 0, pageLoad: 300000, script: 30000}, unhandledPromptBehavior: dismiss and notify, webauthn:extension:credBlob: true, webauthn:extension:largeBlob: true, webauthn:extension:minPinLength: true, webauthn:extension:prf: true, webauthn:virtualAuthenticators: true}&#xa;Session ID: d1ef296510e8a2903509274fd1f46ca1&#xa;*** Element info: {Using=xpath, value=//div[contains(text(),'VPBANK')]}&#xa;	at java.base/jdk.internal.reflect.NativeConstructorAccessorImpl.newInstance0(Native Method)&#xa;	at java.base/jdk.internal.reflect.NativeConstructorAccessorImpl.newInstance(NativeConstructorAccessorImpl.java:77)&#xa;	at java.base/jdk.internal.reflect.DelegatingConstructorAccessorImpl.newInstance(DelegatingConstructorAccessorImpl.java:45)&#xa;	at org.openqa.selenium.remote.http.W3CHttpResponseCodec.createException(W3CHttpResponseCodec.java:187)&#xa;	at org.openqa.selenium.remote.http.W3CHttpResponseCodec.decode(W3CHttpResponseCodec.java:122)&#xa;	at org.openqa.selenium.remote.http.W3CHttpResponseCodec.decode(W3CHttpResponseCodec.java:49)&#xa;	at org.openqa.selenium.remote.HttpCommandExecutor.execute(HttpCommandExecutor.java:158)&#xa;	at org.openqa.selenium.remote.service.DriverCommandExecutor.execute(DriverCommandExecutor.java:83)&#xa;	at org.openqa.selenium.remote.RemoteWebDriver.execute(RemoteWebDriver.java:552)&#xa;	at com.kms.katalon.selenium.driver.CChromeDriver.execute(CChromeDriver.java:19)&#xa;	at org.openqa.selenium.remote.RemoteWebDriver.findElement(RemoteWebDriver.java:323)&#xa;	at org.openqa.selenium.remote.RemoteWebDriver.findElementByXPath(RemoteWebDriver.java:428)&#xa;	at org.openqa.selenium.By$ByXPath.findElement(By.java:353)&#xa;	at org.openqa.selenium.remote.RemoteWebDriver.findElement(RemoteWebDriver.java:315)&#xa;	at jdk.internal.reflect.GeneratedMethodAccessor13.invoke(Unknown Source)&#xa;	at java.base/jdk.internal.reflect.DelegatingMethodAccessorImpl.invoke(DelegatingMethodAccessorImpl.java:43)&#xa;	at org.openqa.selenium.support.events.EventFiringWebDriver.lambda$new$1(EventFiringWebDriver.java:105)&#xa;	at jdk.proxy2/jdk.proxy2.$Proxy22.findElement(Unknown Source)&#xa;	at org.openqa.selenium.support.events.EventFiringWebDriver.findElement(EventFiringWebDriver.java:194)&#xa;	at org.openqa.selenium.support.ui.ExpectedConditions$7.apply(ExpectedConditions.java:205)&#xa;	at org.openqa.selenium.support.ui.ExpectedConditions$7.apply(ExpectedConditions.java:201)&#xa;	at org.openqa.selenium.support.ui.FluentWait.until(FluentWait.java:249)&#xa;	... 16 more&#xa;"/>
         <system-out><![CDATA[12-10-2024T20:31:31 - [TEST_CASE][ERROR] - Test Cases/Quản lý tài khoản merchant/Quản lý dịch vụ merchant/TC_14_Kiểm tra thay đổi sau khi cấu hình VA trên MCV: Test Cases/Quản lý tài khoản merchant/Quản lý dịch vụ merchant/TC_14_Kiểm tra thay đổi sau khi cấu hình VA trên MCV FAILED.
Reason:
org.openqa.selenium.TimeoutException: Expected condition failed: waiting for visibility of element located by By.xpath: //div[contains(text(),'VPBANK')] (tried for 20 second(s) with 500 milliseconds interval)
	at org.openqa.selenium.support.ui.WebDriverWait.timeoutException(WebDriverWait.java:95)
	at org.openqa.selenium.support.ui.FluentWait.until(FluentWait.java:272)
	at TC_14_Kiểm tra thay đổi sau khi cấu hình VA trên MCV.run(TC_14_Kiểm tra thay đổi sau khi cấu hình VA trên MCV:34)
	at com.kms.katalon.core.main.ScriptEngine.run(ScriptEngine.java:194)
	at com.kms.katalon.core.main.ScriptEngine.runScriptAsRawText(ScriptEngine.java:119)
	at com.kms.katalon.core.main.TestCaseExecutor.runScript(TestCaseExecutor.java:448)
	at com.kms.katalon.core.main.TestCaseExecutor.doExecute(TestCaseExecutor.java:439)
	at com.kms.katalon.core.main.TestCaseExecutor.processExecutionPhase(TestCaseExecutor.java:418)
	at com.kms.katalon.core.main.TestCaseExecutor.accessMainPhase(TestCaseExecutor.java:410)
	at com.kms.katalon.core.main.TestCaseExecutor.execute(TestCaseExecutor.java:285)
	at com.kms.katalon.core.common.CommonExecutor.accessTestCaseMainPhase(CommonExecutor.java:65)
	at com.kms.katalon.core.main.TestSuiteExecutor.accessTestSuiteMainPhase(TestSuiteExecutor.java:150)
	at com.kms.katalon.core.main.TestSuiteExecutor.execute(TestSuiteExecutor.java:106)
	at com.kms.katalon.core.main.TestCaseMain.startTestSuite(TestCaseMain.java:180)
	at TempTestSuite1728739561259.run(TempTestSuite1728739561259.groovy:35)
	at java.base/jdk.internal.reflect.NativeMethodAccessorImpl.invoke0(Native Method)
	at java.base/jdk.internal.reflect.NativeMethodAccessorImpl.invoke(NativeMethodAccessorImpl.java:77)
	at java.base/jdk.internal.reflect.DelegatingMethodAccessorImpl.invoke(DelegatingMethodAccessorImpl.java:43)
Caused by: org.openqa.selenium.NoSuchElementException: no such element: Unable to locate element: {"method":"xpath","selector":"//div[contains(text(),'VPBANK')]"}
  (Session info: chrome=129.0.6668.91)
For documentation on this error, please visit: https://www.seleniumhq.org/exceptions/no_such_element.html
Build info: version: '3.141.59', revision: 'unknown', time: 'unknown'
System info: host: 'Aidan', ip: '2405:4803:fd90:9ef0:35c5:6ea1:b1e8:64e8%en0', os.name: 'Mac OS X', os.arch: 'aarch64', os.version: '15.0.1', java.version: '17.0.7'
Driver info: com.kms.katalon.selenium.driver.CChromeDriver
Capabilities {acceptInsecureCerts: false, browserName: chrome, browserVersion: 129.0.6668.91, chrome: {chromedriverVersion: 128.0.6613.84 (606aa55c7d68..., userDataDir: /var/folders/t5/b7k67ybj7gz...}, fedcm:accounts: true, goog:chromeOptions: {debuggerAddress: localhost:64429}, javascriptEnabled: true, networkConnectionEnabled: false, pageLoadStrategy: normal, platform: MAC, platformName: MAC, proxy: Proxy(), setWindowRect: true, strictFileInteractability: false, timeouts: {implicit: 0, pageLoad: 300000, script: 30000}, unhandledPromptBehavior: dismiss and notify, webauthn:extension:credBlob: true, webauthn:extension:largeBlob: true, webauthn:extension:minPinLength: true, webauthn:extension:prf: true, webauthn:virtualAuthenticators: true}
Session ID: d1ef296510e8a2903509274fd1f46ca1
*** Element info: {Using=xpath, value=//div[contains(text(),'VPBANK')]}
	at java.base/jdk.internal.reflect.NativeConstructorAccessorImpl.newInstance0(Native Method)
	at java.base/jdk.internal.reflect.NativeConstructorAccessorImpl.newInstance(NativeConstructorAccessorImpl.java:77)
	at java.base/jdk.internal.reflect.DelegatingConstructorAccessorImpl.newInstance(DelegatingConstructorAccessorImpl.java:45)
	at org.openqa.selenium.remote.http.W3CHttpResponseCodec.createException(W3CHttpResponseCodec.java:187)
	at org.openqa.selenium.remote.http.W3CHttpResponseCodec.decode(W3CHttpResponseCodec.java:122)
	at org.openqa.selenium.remote.http.W3CHttpResponseCodec.decode(W3CHttpResponseCodec.java:49)
	at org.openqa.selenium.remote.HttpCommandExecutor.execute(HttpCommandExecutor.java:158)
	at org.openqa.selenium.remote.service.DriverCommandExecutor.execute(DriverCommandExecutor.java:83)
	at org.openqa.selenium.remote.RemoteWebDriver.execute(RemoteWebDriver.java:552)
	at com.kms.katalon.selenium.driver.CChromeDriver.execute(CChromeDriver.java:19)
	at org.openqa.selenium.remote.RemoteWebDriver.findElement(RemoteWebDriver.java:323)
	at org.openqa.selenium.remote.RemoteWebDriver.findElementByXPath(RemoteWebDriver.java:428)
	at org.openqa.selenium.By$ByXPath.findElement(By.java:353)
	at org.openqa.selenium.remote.RemoteWebDriver.findElement(RemoteWebDriver.java:315)
	at jdk.internal.reflect.GeneratedMethodAccessor13.invoke(Unknown Source)
	at java.base/jdk.internal.reflect.DelegatingMethodAccessorImpl.invoke(DelegatingMethodAccessorImpl.java:43)
	at org.openqa.selenium.support.events.EventFiringWebDriver.lambda$new$1(EventFiringWebDriver.java:105)
	at jdk.proxy2/jdk.proxy2.$Proxy22.findElement(Unknown Source)
	at org.openqa.selenium.support.events.EventFiringWebDriver.findElement(EventFiringWebDriver.java:194)
	at org.openqa.selenium.support.ui.ExpectedConditions$7.apply(ExpectedConditions.java:205)
	at org.openqa.selenium.support.ui.ExpectedConditions$7.apply(ExpectedConditions.java:201)
	at org.openqa.selenium.support.ui.FluentWait.until(FluentWait.java:249)
	... 16 more


12-10-2024T20:31:31 - [TEST_STEP][PASSED] - Start listener action : sampleBeforeTestCase: Navigate to 'https://stg-console.9pay.mobi/login' successfully

12-10-2024T20:31:31 - [TEST_STEP][PASSED] - testCaseId = testCaseContext.getTestCaseId(): null

12-10-2024T20:31:31 - [TEST_STEP][PASSED] - url = <not implemented yet for class: org.codehaus.groovy.ast.expr.EmptyExpression>: null

12-10-2024T20:31:31 - [TEST_STEP][PASSED] - if (testCaseId == "Test Cases/Quản lý tài khoản merchant/Quản lý dịch vụ merchant/TC_14_Kiểm tra thay đổi sau khi cấu hình VA trên MCV"): null

12-10-2024T20:31:31 - [TEST_STEP][PASSED] - url = "https://stg-console.9pay.mobi/login": null

12-10-2024T20:31:31 - [TEST_STEP][PASSED] - openBrowser(""): Browser is opened with url: ''

12-10-2024T20:31:31 - [MESSAGE][WARNING] - A browser is already opened. Closing browser and opening a new one

12-10-2024T20:31:31 - [MESSAGE][INFO] - Starting 'Chrome' driver

12-10-2024T20:31:31 - [MESSAGE][INFO] - Action delay is set to 0 milliseconds

12-10-2024T20:31:32 - [MESSAGE][PASSED] - Browser is opened with url: ''

12-10-2024T20:31:32 - [TEST_STEP][PASSED] - maximizeWindow(): Current window maximized

12-10-2024T20:31:32 - [MESSAGE][PASSED] - Current window maximized

12-10-2024T20:31:32 - [TEST_STEP][PASSED] - navigateToUrl(url): Navigate to 'https://stg-console.9pay.mobi/login' successfully

12-10-2024T20:31:35 - [MESSAGE][PASSED] - Navigate to 'https://stg-console.9pay.mobi/login' successfully

12-10-2024T20:31:35 - [TEST_STEP][PASSED] - driver = getWebDriver(): null

12-10-2024T20:31:35 - [TEST_STEP][PASSED] - xpath("//input[@placeholder='Tài khoản']")).sendKeys("dannt11"): null

12-10-2024T20:31:35 - [TEST_STEP][PASSED] - xpath("//input[@placeholder='Mật khẩu']")).sendKeys("9Pay@1234"): null

12-10-2024T20:31:36 - [TEST_STEP][PASSED] - xpath("//button[contains(text(),'Đăng nhập')]")).click(): null

12-10-2024T20:31:36 - [TEST_STEP][PASSED] - wait = new org.openqa.selenium.support.ui.WebDriverWait(com.kms.katalon.core.webui.driver.DriverFactory.getWebDriver(), 20): null

12-10-2024T20:31:36 - [TEST_STEP][PASSED] - xpath("//a[contains(text(),'Quản lý dịch vụ Thu')]"))).click(): null

12-10-2024T20:31:38 - [TEST_STEP][PASSED] - xpath("//a[contains(text(),'Tạo yêu cầu thu tiền')]"))).click(): null

12-10-2024T20:31:39 - [TEST_STEP][PASSED] - xpath("//span[contains(text(),'Chọn ngân hàng')]"))).click(): null

12-10-2024T20:31:40 - [TEST_STEP][PASSED] - elements = getWebDriver().findElements(By.xpath("//li[contains(text(),'NH')]")): null

12-10-2024T20:31:40 - [TEST_STEP][PASSED] - if (elements.size() > 0): null

12-10-2024T20:31:40 - [TEST_STEP][PASSED] - rand = new java.util.Random(): null

12-10-2024T20:31:40 - [TEST_STEP][PASSED] - randomElement = elements.get(rand.nextInt(elements.size())): null

12-10-2024T20:31:40 - [TEST_STEP][PASSED] - randomElement.click(): null

12-10-2024T20:31:40 - [TEST_STEP][PASSED] - xpath("//input[@placeholder='Giá trị GD']")).sendKeys("100000"): null

12-10-2024T20:31:41 - [TEST_STEP][PASSED] - xpath("//button[contains(text(),'Tiếp tục')]")).click(): null

12-10-2024T20:31:41 - [TEST_STEP][ERROR] - wait.until(ExpectedConditions.visibilityOfElementLocated(By.xpath("//div[contains(text(),'VPBANK')]"))): Test Cases/Quản lý tài khoản merchant/Quản lý dịch vụ merchant/TC_14_Kiểm tra thay đổi sau khi cấu hình VA trên MCV FAILED.
Reason:
org.openqa.selenium.TimeoutException: Expected condition failed: waiting for visibility of element located by By.xpath: //div[contains(text(),'VPBANK')] (tried for 20 second(s) with 500 milliseconds interval)
	at org.openqa.selenium.support.ui.WebDriverWait.timeoutException(WebDriverWait.java:95)
	at org.openqa.selenium.support.ui.FluentWait.until(FluentWait.java:272)
	at TC_14_Kiểm tra thay đổi sau khi cấu hình VA trên MCV.run(TC_14_Kiểm tra thay đổi sau khi cấu hình VA trên MCV:34)
	at com.kms.katalon.core.main.ScriptEngine.run(ScriptEngine.java:194)
	at com.kms.katalon.core.main.ScriptEngine.runScriptAsRawText(ScriptEngine.java:119)
	at com.kms.katalon.core.main.TestCaseExecutor.runScript(TestCaseExecutor.java:448)
	at com.kms.katalon.core.main.TestCaseExecutor.doExecute(TestCaseExecutor.java:439)
	at com.kms.katalon.core.main.TestCaseExecutor.processExecutionPhase(TestCaseExecutor.java:418)
	at com.kms.katalon.core.main.TestCaseExecutor.accessMainPhase(TestCaseExecutor.java:410)
	at com.kms.katalon.core.main.TestCaseExecutor.execute(TestCaseExecutor.java:285)
	at com.kms.katalon.core.common.CommonExecutor.accessTestCaseMainPhase(CommonExecutor.java:65)
	at com.kms.katalon.core.main.TestSuiteExecutor.accessTestSuiteMainPhase(TestSuiteExecutor.java:150)
	at com.kms.katalon.core.main.TestSuiteExecutor.execute(TestSuiteExecutor.java:106)
	at com.kms.katalon.core.main.TestCaseMain.startTestSuite(TestCaseMain.java:180)
	at TempTestSuite1728739561259.run(TempTestSuite1728739561259.groovy:35)
	at java.base/jdk.internal.reflect.NativeMethodAccessorImpl.invoke0(Native Method)
	at java.base/jdk.internal.reflect.NativeMethodAccessorImpl.invoke(NativeMethodAccessorImpl.java:77)
	at java.base/jdk.internal.reflect.DelegatingMethodAccessorImpl.invoke(DelegatingMethodAccessorImpl.java:43)
Caused by: org.openqa.selenium.NoSuchElementException: no such element: Unable to locate element: {"method":"xpath","selector":"//div[contains(text(),'VPBANK')]"}
  (Session info: chrome=129.0.6668.91)
For documentation on this error, please visit: https://www.seleniumhq.org/exceptions/no_such_element.html
Build info: version: '3.141.59', revision: 'unknown', time: 'unknown'
System info: host: 'Aidan', ip: '2405:4803:fd90:9ef0:35c5:6ea1:b1e8:64e8%en0', os.name: 'Mac OS X', os.arch: 'aarch64', os.version: '15.0.1', java.version: '17.0.7'
Driver info: com.kms.katalon.selenium.driver.CChromeDriver
Capabilities {acceptInsecureCerts: false, browserName: chrome, browserVersion: 129.0.6668.91, chrome: {chromedriverVersion: 128.0.6613.84 (606aa55c7d68..., userDataDir: /var/folders/t5/b7k67ybj7gz...}, fedcm:accounts: true, goog:chromeOptions: {debuggerAddress: localhost:64429}, javascriptEnabled: true, networkConnectionEnabled: false, pageLoadStrategy: normal, platform: MAC, platformName: MAC, proxy: Proxy(), setWindowRect: true, strictFileInteractability: false, timeouts: {implicit: 0, pageLoad: 300000, script: 30000}, unhandledPromptBehavior: dismiss and notify, webauthn:extension:credBlob: true, webauthn:extension:largeBlob: true, webauthn:extension:minPinLength: true, webauthn:extension:prf: true, webauthn:virtualAuthenticators: true}
Session ID: d1ef296510e8a2903509274fd1f46ca1
*** Element info: {Using=xpath, value=//div[contains(text(),'VPBANK')]}
	at java.base/jdk.internal.reflect.NativeConstructorAccessorImpl.newInstance0(Native Method)
	at java.base/jdk.internal.reflect.NativeConstructorAccessorImpl.newInstance(NativeConstructorAccessorImpl.java:77)
	at java.base/jdk.internal.reflect.DelegatingConstructorAccessorImpl.newInstance(DelegatingConstructorAccessorImpl.java:45)
	at org.openqa.selenium.remote.http.W3CHttpResponseCodec.createException(W3CHttpResponseCodec.java:187)
	at org.openqa.selenium.remote.http.W3CHttpResponseCodec.decode(W3CHttpResponseCodec.java:122)
	at org.openqa.selenium.remote.http.W3CHttpResponseCodec.decode(W3CHttpResponseCodec.java:49)
	at org.openqa.selenium.remote.HttpCommandExecutor.execute(HttpCommandExecutor.java:158)
	at org.openqa.selenium.remote.service.DriverCommandExecutor.execute(DriverCommandExecutor.java:83)
	at org.openqa.selenium.remote.RemoteWebDriver.execute(RemoteWebDriver.java:552)
	at com.kms.katalon.selenium.driver.CChromeDriver.execute(CChromeDriver.java:19)
	at org.openqa.selenium.remote.RemoteWebDriver.findElement(RemoteWebDriver.java:323)
	at org.openqa.selenium.remote.RemoteWebDriver.findElementByXPath(RemoteWebDriver.java:428)
	at org.openqa.selenium.By$ByXPath.findElement(By.java:353)
	at org.openqa.selenium.remote.RemoteWebDriver.findElement(RemoteWebDriver.java:315)
	at jdk.internal.reflect.GeneratedMethodAccessor13.invoke(Unknown Source)
	at java.base/jdk.internal.reflect.DelegatingMethodAccessorImpl.invoke(DelegatingMethodAccessorImpl.java:43)
	at org.openqa.selenium.support.events.EventFiringWebDriver.lambda$new$1(EventFiringWebDriver.java:105)
	at jdk.proxy2/jdk.proxy2.$Proxy22.findElement(Unknown Source)
	at org.openqa.selenium.support.events.EventFiringWebDriver.findElement(EventFiringWebDriver.java:194)
	at org.openqa.selenium.support.ui.ExpectedConditions$7.apply(ExpectedConditions.java:205)
	at org.openqa.selenium.support.ui.ExpectedConditions$7.apply(ExpectedConditions.java:201)
	at org.openqa.selenium.support.ui.FluentWait.until(FluentWait.java:249)
	at Script1728736946548.run(Script1728736946548.groovy:34)
	... 15 more


12-10-2024T20:32:13 - [MESSAGE][ERROR] - Test Cases/Quản lý tài khoản merchant/Quản lý dịch vụ merchant/TC_14_Kiểm tra thay đổi sau khi cấu hình VA trên MCV FAILED.
Reason:
org.openqa.selenium.TimeoutException: Expected condition failed: waiting for visibility of element located by By.xpath: //div[contains(text(),'VPBANK')] (tried for 20 second(s) with 500 milliseconds interval)
	at org.openqa.selenium.support.ui.WebDriverWait.timeoutException(WebDriverWait.java:95)
	at org.openqa.selenium.support.ui.FluentWait.until(FluentWait.java:272)
	at TC_14_Kiểm tra thay đổi sau khi cấu hình VA trên MCV.run(TC_14_Kiểm tra thay đổi sau khi cấu hình VA trên MCV:34)
	at com.kms.katalon.core.main.ScriptEngine.run(ScriptEngine.java:194)
	at com.kms.katalon.core.main.ScriptEngine.runScriptAsRawText(ScriptEngine.java:119)
	at com.kms.katalon.core.main.TestCaseExecutor.runScript(TestCaseExecutor.java:448)
	at com.kms.katalon.core.main.TestCaseExecutor.doExecute(TestCaseExecutor.java:439)
	at com.kms.katalon.core.main.TestCaseExecutor.processExecutionPhase(TestCaseExecutor.java:418)
	at com.kms.katalon.core.main.TestCaseExecutor.accessMainPhase(TestCaseExecutor.java:410)
	at com.kms.katalon.core.main.TestCaseExecutor.execute(TestCaseExecutor.java:285)
	at com.kms.katalon.core.common.CommonExecutor.accessTestCaseMainPhase(CommonExecutor.java:65)
	at com.kms.katalon.core.main.TestSuiteExecutor.accessTestSuiteMainPhase(TestSuiteExecutor.java:150)
	at com.kms.katalon.core.main.TestSuiteExecutor.execute(TestSuiteExecutor.java:106)
	at com.kms.katalon.core.main.TestCaseMain.startTestSuite(TestCaseMain.java:180)
	at TempTestSuite1728739561259.run(TempTestSuite1728739561259.groovy:35)
	at java.base/jdk.internal.reflect.NativeMethodAccessorImpl.invoke0(Native Method)
	at java.base/jdk.internal.reflect.NativeMethodAccessorImpl.invoke(NativeMethodAccessorImpl.java:77)
	at java.base/jdk.internal.reflect.DelegatingMethodAccessorImpl.invoke(DelegatingMethodAccessorImpl.java:43)
Caused by: org.openqa.selenium.NoSuchElementException: no such element: Unable to locate element: {"method":"xpath","selector":"//div[contains(text(),'VPBANK')]"}
  (Session info: chrome=129.0.6668.91)
For documentation on this error, please visit: https://www.seleniumhq.org/exceptions/no_such_element.html
Build info: version: '3.141.59', revision: 'unknown', time: 'unknown'
System info: host: 'Aidan', ip: '2405:4803:fd90:9ef0:35c5:6ea1:b1e8:64e8%en0', os.name: 'Mac OS X', os.arch: 'aarch64', os.version: '15.0.1', java.version: '17.0.7'
Driver info: com.kms.katalon.selenium.driver.CChromeDriver
Capabilities {acceptInsecureCerts: false, browserName: chrome, browserVersion: 129.0.6668.91, chrome: {chromedriverVersion: 128.0.6613.84 (606aa55c7d68..., userDataDir: /var/folders/t5/b7k67ybj7gz...}, fedcm:accounts: true, goog:chromeOptions: {debuggerAddress: localhost:64429}, javascriptEnabled: true, networkConnectionEnabled: false, pageLoadStrategy: normal, platform: MAC, platformName: MAC, proxy: Proxy(), setWindowRect: true, strictFileInteractability: false, timeouts: {implicit: 0, pageLoad: 300000, script: 30000}, unhandledPromptBehavior: dismiss and notify, webauthn:extension:credBlob: true, webauthn:extension:largeBlob: true, webauthn:extension:minPinLength: true, webauthn:extension:prf: true, webauthn:virtualAuthenticators: true}
Session ID: d1ef296510e8a2903509274fd1f46ca1
*** Element info: {Using=xpath, value=//div[contains(text(),'VPBANK')]}
	at java.base/jdk.internal.reflect.NativeConstructorAccessorImpl.newInstance0(Native Method)
	at java.base/jdk.internal.reflect.NativeConstructorAccessorImpl.newInstance(NativeConstructorAccessorImpl.java:77)
	at java.base/jdk.internal.reflect.DelegatingConstructorAccessorImpl.newInstance(DelegatingConstructorAccessorImpl.java:45)
	at org.openqa.selenium.remote.http.W3CHttpResponseCodec.createException(W3CHttpResponseCodec.java:187)
	at org.openqa.selenium.remote.http.W3CHttpResponseCodec.decode(W3CHttpResponseCodec.java:122)
	at org.openqa.selenium.remote.http.W3CHttpResponseCodec.decode(W3CHttpResponseCodec.java:49)
	at org.openqa.selenium.remote.HttpCommandExecutor.execute(HttpCommandExecutor.java:158)
	at org.openqa.selenium.remote.service.DriverCommandExecutor.execute(DriverCommandExecutor.java:83)
	at org.openqa.selenium.remote.RemoteWebDriver.execute(RemoteWebDriver.java:552)
	at com.kms.katalon.selenium.driver.CChromeDriver.execute(CChromeDriver.java:19)
	at org.openqa.selenium.remote.RemoteWebDriver.findElement(RemoteWebDriver.java:323)
	at org.openqa.selenium.remote.RemoteWebDriver.findElementByXPath(RemoteWebDriver.java:428)
	at org.openqa.selenium.By$ByXPath.findElement(By.java:353)
	at org.openqa.selenium.remote.RemoteWebDriver.findElement(RemoteWebDriver.java:315)
	at jdk.internal.reflect.GeneratedMethodAccessor13.invoke(Unknown Source)
	at java.base/jdk.internal.reflect.DelegatingMethodAccessorImpl.invoke(DelegatingMethodAccessorImpl.java:43)
	at org.openqa.selenium.support.events.EventFiringWebDriver.lambda$new$1(EventFiringWebDriver.java:105)
	at jdk.proxy2/jdk.proxy2.$Proxy22.findElement(Unknown Source)
	at org.openqa.selenium.support.events.EventFiringWebDriver.findElement(EventFiringWebDriver.java:194)
	at org.openqa.selenium.support.ui.ExpectedConditions$7.apply(ExpectedConditions.java:205)
	at org.openqa.selenium.support.ui.ExpectedConditions$7.apply(ExpectedConditions.java:201)
	at org.openqa.selenium.support.ui.FluentWait.until(FluentWait.java:249)
	at Script1728736946548.run(Script1728736946548.groovy:34)
	... 15 more


12-10-2024T20:32:13 - [TEST_STEP][PASSED] - Start listener action : sampleAfterTestCase: null

12-10-2024T20:32:13 - [TEST_STEP][PASSED] - testCaseId = testCaseContext.getTestCaseId(): null

12-10-2024T20:32:13 - [TEST_STEP][PASSED] - if (testCaseId == "Test Cases/Quản lý tài khoản merchant/Quản lý dịch vụ merchant/TC_13_Kiểm tra chức năng xác nhận cấu hình thay đổi VA"): null]]></system-out>
         <system-err><![CDATA[12-10-2024T20:31:31 - [TEST_CASE][ERROR] - Test Cases/Quản lý tài khoản merchant/Quản lý dịch vụ merchant/TC_14_Kiểm tra thay đổi sau khi cấu hình VA trên MCV: Test Cases/Quản lý tài khoản merchant/Quản lý dịch vụ merchant/TC_14_Kiểm tra thay đổi sau khi cấu hình VA trên MCV FAILED.
Reason:
org.openqa.selenium.TimeoutException: Expected condition failed: waiting for visibility of element located by By.xpath: //div[contains(text(),'VPBANK')] (tried for 20 second(s) with 500 milliseconds interval)
	at org.openqa.selenium.support.ui.WebDriverWait.timeoutException(WebDriverWait.java:95)
	at org.openqa.selenium.support.ui.FluentWait.until(FluentWait.java:272)
	at TC_14_Kiểm tra thay đổi sau khi cấu hình VA trên MCV.run(TC_14_Kiểm tra thay đổi sau khi cấu hình VA trên MCV:34)
	at com.kms.katalon.core.main.ScriptEngine.run(ScriptEngine.java:194)
	at com.kms.katalon.core.main.ScriptEngine.runScriptAsRawText(ScriptEngine.java:119)
	at com.kms.katalon.core.main.TestCaseExecutor.runScript(TestCaseExecutor.java:448)
	at com.kms.katalon.core.main.TestCaseExecutor.doExecute(TestCaseExecutor.java:439)
	at com.kms.katalon.core.main.TestCaseExecutor.processExecutionPhase(TestCaseExecutor.java:418)
	at com.kms.katalon.core.main.TestCaseExecutor.accessMainPhase(TestCaseExecutor.java:410)
	at com.kms.katalon.core.main.TestCaseExecutor.execute(TestCaseExecutor.java:285)
	at com.kms.katalon.core.common.CommonExecutor.accessTestCaseMainPhase(CommonExecutor.java:65)
	at com.kms.katalon.core.main.TestSuiteExecutor.accessTestSuiteMainPhase(TestSuiteExecutor.java:150)
	at com.kms.katalon.core.main.TestSuiteExecutor.execute(TestSuiteExecutor.java:106)
	at com.kms.katalon.core.main.TestCaseMain.startTestSuite(TestCaseMain.java:180)
	at TempTestSuite1728739561259.run(TempTestSuite1728739561259.groovy:35)
	at java.base/jdk.internal.reflect.NativeMethodAccessorImpl.invoke0(Native Method)
	at java.base/jdk.internal.reflect.NativeMethodAccessorImpl.invoke(NativeMethodAccessorImpl.java:77)
	at java.base/jdk.internal.reflect.DelegatingMethodAccessorImpl.invoke(DelegatingMethodAccessorImpl.java:43)
Caused by: org.openqa.selenium.NoSuchElementException: no such element: Unable to locate element: {"method":"xpath","selector":"//div[contains(text(),'VPBANK')]"}
  (Session info: chrome=129.0.6668.91)
For documentation on this error, please visit: https://www.seleniumhq.org/exceptions/no_such_element.html
Build info: version: '3.141.59', revision: 'unknown', time: 'unknown'
System info: host: 'Aidan', ip: '2405:4803:fd90:9ef0:35c5:6ea1:b1e8:64e8%en0', os.name: 'Mac OS X', os.arch: 'aarch64', os.version: '15.0.1', java.version: '17.0.7'
Driver info: com.kms.katalon.selenium.driver.CChromeDriver
Capabilities {acceptInsecureCerts: false, browserName: chrome, browserVersion: 129.0.6668.91, chrome: {chromedriverVersion: 128.0.6613.84 (606aa55c7d68..., userDataDir: /var/folders/t5/b7k67ybj7gz...}, fedcm:accounts: true, goog:chromeOptions: {debuggerAddress: localhost:64429}, javascriptEnabled: true, networkConnectionEnabled: false, pageLoadStrategy: normal, platform: MAC, platformName: MAC, proxy: Proxy(), setWindowRect: true, strictFileInteractability: false, timeouts: {implicit: 0, pageLoad: 300000, script: 30000}, unhandledPromptBehavior: dismiss and notify, webauthn:extension:credBlob: true, webauthn:extension:largeBlob: true, webauthn:extension:minPinLength: true, webauthn:extension:prf: true, webauthn:virtualAuthenticators: true}
Session ID: d1ef296510e8a2903509274fd1f46ca1
*** Element info: {Using=xpath, value=//div[contains(text(),'VPBANK')]}
	at java.base/jdk.internal.reflect.NativeConstructorAccessorImpl.newInstance0(Native Method)
	at java.base/jdk.internal.reflect.NativeConstructorAccessorImpl.newInstance(NativeConstructorAccessorImpl.java:77)
	at java.base/jdk.internal.reflect.DelegatingConstructorAccessorImpl.newInstance(DelegatingConstructorAccessorImpl.java:45)
	at org.openqa.selenium.remote.http.W3CHttpResponseCodec.createException(W3CHttpResponseCodec.java:187)
	at org.openqa.selenium.remote.http.W3CHttpResponseCodec.decode(W3CHttpResponseCodec.java:122)
	at org.openqa.selenium.remote.http.W3CHttpResponseCodec.decode(W3CHttpResponseCodec.java:49)
	at org.openqa.selenium.remote.HttpCommandExecutor.execute(HttpCommandExecutor.java:158)
	at org.openqa.selenium.remote.service.DriverCommandExecutor.execute(DriverCommandExecutor.java:83)
	at org.openqa.selenium.remote.RemoteWebDriver.execute(RemoteWebDriver.java:552)
	at com.kms.katalon.selenium.driver.CChromeDriver.execute(CChromeDriver.java:19)
	at org.openqa.selenium.remote.RemoteWebDriver.findElement(RemoteWebDriver.java:323)
	at org.openqa.selenium.remote.RemoteWebDriver.findElementByXPath(RemoteWebDriver.java:428)
	at org.openqa.selenium.By$ByXPath.findElement(By.java:353)
	at org.openqa.selenium.remote.RemoteWebDriver.findElement(RemoteWebDriver.java:315)
	at jdk.internal.reflect.GeneratedMethodAccessor13.invoke(Unknown Source)
	at java.base/jdk.internal.reflect.DelegatingMethodAccessorImpl.invoke(DelegatingMethodAccessorImpl.java:43)
	at org.openqa.selenium.support.events.EventFiringWebDriver.lambda$new$1(EventFiringWebDriver.java:105)
	at jdk.proxy2/jdk.proxy2.$Proxy22.findElement(Unknown Source)
	at org.openqa.selenium.support.events.EventFiringWebDriver.findElement(EventFiringWebDriver.java:194)
	at org.openqa.selenium.support.ui.ExpectedConditions$7.apply(ExpectedConditions.java:205)
	at org.openqa.selenium.support.ui.ExpectedConditions$7.apply(ExpectedConditions.java:201)
	at org.openqa.selenium.support.ui.FluentWait.until(FluentWait.java:249)
	... 16 more]]></system-err>
      </testcase>
      <testcase name="Test Cases/Quản lý tài khoản merchant/Quản lý dịch vụ merchant/TC_15_Kiểm tra khi button lịch sử cấu hình VA" time="28.447" classname="Test Cases/Quản lý tài khoản merchant/Quản lý dịch vụ merchant/TC_15_Kiểm tra khi button lịch sử cấu hình VA" status="FAILED">
         <failure type="FAILED" message="Test Cases/Quản lý tài khoản merchant/Quản lý dịch vụ merchant/TC_15_Kiểm tra khi button lịch sử cấu hình VA FAILED.&#xa;Reason:&#xa;java.lang.AssertionError: expected [Lịch sử cấu hình chuyển mạch VA] but found []&#xa;	at org.testng.Assert.fail(Assert.java:111)&#xa;	at org.testng.Assert.failNotEquals(Assert.java:1578)&#xa;	at org.testng.Assert.assertEqualsImpl(Assert.java:150)&#xa;	at org.testng.Assert.assertEquals(Assert.java:132)&#xa;	at org.testng.Assert.assertEquals(Assert.java:656)&#xa;	at org.testng.Assert.assertEquals(Assert.java:666)&#xa;	at TC_15_Kiểm tra khi button lịch sử cấu hình VA.run(TC_15_Kiểm tra khi button lịch sử cấu hình VA:27)&#xa;	at com.kms.katalon.core.main.ScriptEngine.run(ScriptEngine.java:194)&#xa;	at com.kms.katalon.core.main.ScriptEngine.runScriptAsRawText(ScriptEngine.java:119)&#xa;	at com.kms.katalon.core.main.TestCaseExecutor.runScript(TestCaseExecutor.java:448)&#xa;	at com.kms.katalon.core.main.TestCaseExecutor.doExecute(TestCaseExecutor.java:439)&#xa;	at com.kms.katalon.core.main.TestCaseExecutor.processExecutionPhase(TestCaseExecutor.java:418)&#xa;	at com.kms.katalon.core.main.TestCaseExecutor.accessMainPhase(TestCaseExecutor.java:410)&#xa;	at com.kms.katalon.core.main.TestCaseExecutor.execute(TestCaseExecutor.java:285)&#xa;	at com.kms.katalon.core.common.CommonExecutor.accessTestCaseMainPhase(CommonExecutor.java:65)&#xa;	at com.kms.katalon.core.main.TestSuiteExecutor.accessTestSuiteMainPhase(TestSuiteExecutor.java:150)&#xa;	at com.kms.katalon.core.main.TestSuiteExecutor.execute(TestSuiteExecutor.java:106)&#xa;	at com.kms.katalon.core.main.TestCaseMain.startTestSuite(TestCaseMain.java:180)&#xa;	at TempTestSuite1728739561259.run(TempTestSuite1728739561259.groovy:35)&#xa;	at java.base/jdk.internal.reflect.NativeMethodAccessorImpl.invoke0(Native Method)&#xa;	at java.base/jdk.internal.reflect.NativeMethodAccessorImpl.invoke(NativeMethodAccessorImpl.java:77)&#xa;	at java.base/jdk.internal.reflect.DelegatingMethodAccessorImpl.invoke(DelegatingMethodAccessorImpl.java:43)&#xa;"/>
         <system-out><![CDATA[12-10-2024T20:32:13 - [TEST_CASE][FAILED] - Test Cases/Quản lý tài khoản merchant/Quản lý dịch vụ merchant/TC_15_Kiểm tra khi button lịch sử cấu hình VA: Test Cases/Quản lý tài khoản merchant/Quản lý dịch vụ merchant/TC_15_Kiểm tra khi button lịch sử cấu hình VA FAILED.
Reason:
java.lang.AssertionError: expected [Lịch sử cấu hình chuyển mạch VA] but found []
	at org.testng.Assert.fail(Assert.java:111)
	at org.testng.Assert.failNotEquals(Assert.java:1578)
	at org.testng.Assert.assertEqualsImpl(Assert.java:150)
	at org.testng.Assert.assertEquals(Assert.java:132)
	at org.testng.Assert.assertEquals(Assert.java:656)
	at org.testng.Assert.assertEquals(Assert.java:666)
	at TC_15_Kiểm tra khi button lịch sử cấu hình VA.run(TC_15_Kiểm tra khi button lịch sử cấu hình VA:27)
	at com.kms.katalon.core.main.ScriptEngine.run(ScriptEngine.java:194)
	at com.kms.katalon.core.main.ScriptEngine.runScriptAsRawText(ScriptEngine.java:119)
	at com.kms.katalon.core.main.TestCaseExecutor.runScript(TestCaseExecutor.java:448)
	at com.kms.katalon.core.main.TestCaseExecutor.doExecute(TestCaseExecutor.java:439)
	at com.kms.katalon.core.main.TestCaseExecutor.processExecutionPhase(TestCaseExecutor.java:418)
	at com.kms.katalon.core.main.TestCaseExecutor.accessMainPhase(TestCaseExecutor.java:410)
	at com.kms.katalon.core.main.TestCaseExecutor.execute(TestCaseExecutor.java:285)
	at com.kms.katalon.core.common.CommonExecutor.accessTestCaseMainPhase(CommonExecutor.java:65)
	at com.kms.katalon.core.main.TestSuiteExecutor.accessTestSuiteMainPhase(TestSuiteExecutor.java:150)
	at com.kms.katalon.core.main.TestSuiteExecutor.execute(TestSuiteExecutor.java:106)
	at com.kms.katalon.core.main.TestCaseMain.startTestSuite(TestCaseMain.java:180)
	at TempTestSuite1728739561259.run(TempTestSuite1728739561259.groovy:35)
	at java.base/jdk.internal.reflect.NativeMethodAccessorImpl.invoke0(Native Method)
	at java.base/jdk.internal.reflect.NativeMethodAccessorImpl.invoke(NativeMethodAccessorImpl.java:77)
	at java.base/jdk.internal.reflect.DelegatingMethodAccessorImpl.invoke(DelegatingMethodAccessorImpl.java:43)


12-10-2024T20:32:13 - [TEST_STEP][PASSED] - Start listener action : sampleBeforeTestCase: Navigate to 'https://stg-cms-console.9pay.mobi/login' successfully

12-10-2024T20:32:13 - [TEST_STEP][PASSED] - testCaseId = testCaseContext.getTestCaseId(): null

12-10-2024T20:32:13 - [TEST_STEP][PASSED] - url = <not implemented yet for class: org.codehaus.groovy.ast.expr.EmptyExpression>: null

12-10-2024T20:32:13 - [TEST_STEP][PASSED] - if (testCaseId == "Test Cases/Quản lý tài khoản merchant/Quản lý dịch vụ merchant/TC_14_Kiểm tra thay đổi sau khi cấu hình VA trên MCV"): null

12-10-2024T20:32:13 - [TEST_STEP][PASSED] - else: null

12-10-2024T20:32:13 - [TEST_STEP][PASSED] - url = "https://stg-cms-console.9pay.mobi/login": null

12-10-2024T20:32:13 - [TEST_STEP][PASSED] - openBrowser(""): Browser is opened with url: ''

12-10-2024T20:32:13 - [MESSAGE][WARNING] - A browser is already opened. Closing browser and opening a new one

12-10-2024T20:32:13 - [MESSAGE][INFO] - Starting 'Chrome' driver

12-10-2024T20:32:13 - [MESSAGE][INFO] - Action delay is set to 0 milliseconds

12-10-2024T20:32:14 - [MESSAGE][PASSED] - Browser is opened with url: ''

12-10-2024T20:32:14 - [TEST_STEP][PASSED] - maximizeWindow(): Current window maximized

12-10-2024T20:32:14 - [MESSAGE][PASSED] - Current window maximized

12-10-2024T20:32:14 - [TEST_STEP][PASSED] - navigateToUrl(url): Navigate to 'https://stg-cms-console.9pay.mobi/login' successfully

12-10-2024T20:32:16 - [MESSAGE][PASSED] - Navigate to 'https://stg-cms-console.9pay.mobi/login' successfully

12-10-2024T20:32:16 - [TEST_STEP][PASSED] - callTestCase(findTestCase("Test Cases/Login/LoginCommon"), [:], STOP_ON_FAILURE): Call Test Case 'Test Cases/Login/LoginCommon' successfully

12-10-2024T20:32:16 - [TEST_CASE][PASSED] - Test Cases/Login/LoginCommon: Test Cases/Login/LoginCommon

12-10-2024T20:32:16 - [TEST_STEP][PASSED] - driver = getWebDriver(): null

12-10-2024T20:32:16 - [TEST_STEP][PASSED] - sendKeys(findTestObject("Quản lý tài khoản merchant/Quản lý dịch vụ merchant/userNameTextbox"), userAccount): Keys 'dannt@9pay.vn' sent to object: 'Object Repository/Quản lý tài khoản merchant/Quản lý dịch vụ merchant/userNameTextbox'

12-10-2024T20:32:16 - [MESSAGE][PASSED] - Keys 'dannt@9pay.vn' sent to object: 'Object Repository/Quản lý tài khoản merchant/Quản lý dịch vụ merchant/userNameTextbox'

12-10-2024T20:32:16 - [TEST_STEP][PASSED] - sendKeys(findTestObject("Quản lý tài khoản merchant/Quản lý dịch vụ merchant/passwordTextbox"), password): Keys 'dannt@9pay.vn' sent to object: 'Object Repository/Quản lý tài khoản merchant/Quản lý dịch vụ merchant/passwordTextbox'

12-10-2024T20:32:16 - [MESSAGE][PASSED] - Keys 'dannt@9pay.vn' sent to object: 'Object Repository/Quản lý tài khoản merchant/Quản lý dịch vụ merchant/passwordTextbox'

12-10-2024T20:32:16 - [TEST_STEP][PASSED] - click(findTestObject("Quản lý tài khoản merchant/Quản lý dịch vụ merchant/loginButton")): Object: 'Object Repository/Quản lý tài khoản merchant/Quản lý dịch vụ merchant/loginButton' is clicked on

12-10-2024T20:32:17 - [MESSAGE][PASSED] - Object: 'Object Repository/Quản lý tài khoản merchant/Quản lý dịch vụ merchant/loginButton' is clicked on

12-10-2024T20:32:17 - [MESSAGE][PASSED] - Call Test Case 'Test Cases/Login/LoginCommon' successfully

12-10-2024T20:32:17 - [TEST_STEP][PASSED] - waitForElementVisible(findTestObject("Trang chủ/userName"), 20, STOP_ON_FAILURE): Object 'Object Repository/Trang chủ/userName' is visible

12-10-2024T20:32:21 - [MESSAGE][PASSED] - Object 'Object Repository/Trang chủ/userName' is visible

12-10-2024T20:32:21 - [TEST_STEP][PASSED] - callTestCase(findTestCase("Test Cases/Quản lý tài khoản merchant/Quản lý danh sách tài khoản/CustomFunctions"), [:], STOP_ON_FAILURE): Call Test Case 'Test Cases/Quản lý tài khoản merchant/Quản lý danh sách tài khoản/CustomFunctions' successfully

12-10-2024T20:32:21 - [TEST_CASE][PASSED] - Test Cases/Quản lý tài khoản merchant/Quản lý danh sách tài khoản/CustomFunctions: Test Cases/Quản lý tài khoản merchant/Quản lý danh sách tài khoản/CustomFunctions

12-10-2024T20:32:21 - [TEST_STEP][PASSED] - driver = getWebDriver(): null

12-10-2024T20:32:21 - [TEST_STEP][PASSED] - sleep(2000): null

12-10-2024T20:32:23 - [TEST_STEP][PASSED] - element1 = driver.findElement(By.xpath(xpathManagerMC)): null

12-10-2024T20:32:25 - [TEST_STEP][PASSED] - actions = new org.openqa.selenium.interactions.Actions(driver): null

12-10-2024T20:32:25 - [TEST_STEP][PASSED] - click().perform(): null

12-10-2024T20:32:30 - [TEST_STEP][PASSED] - wait = new org.openqa.selenium.support.ui.WebDriverWait(com.kms.katalon.core.webui.driver.DriverFactory.getWebDriver(), 15): null

12-10-2024T20:32:30 - [TEST_STEP][PASSED] - element2 = wait.until(ExpectedConditions.elementToBeClickable(By.xpath(xpathManagerServiceMC))): null

12-10-2024T20:32:32 - [TEST_STEP][PASSED] - click().perform(): null

12-10-2024T20:32:38 - [MESSAGE][PASSED] - Call Test Case 'Test Cases/Quản lý tài khoản merchant/Quản lý danh sách tài khoản/CustomFunctions' successfully

12-10-2024T20:32:38 - [TEST_STEP][PASSED] - driver = getWebDriver(): null

12-10-2024T20:32:38 - [TEST_STEP][PASSED] - wait = new org.openqa.selenium.support.ui.WebDriverWait(com.kms.katalon.core.webui.driver.DriverFactory.getWebDriver(), 20): null

12-10-2024T20:32:38 - [TEST_STEP][PASSED] - xpath("//button[contains(text(),'Lịch sử cấu hình VA')]")).click(): null

12-10-2024T20:32:39 - [TEST_STEP][FAILED] - Assert.assertEquals(xpath("//h4[contains(text(),'Lịch sử cấu hình chuyển mạch VA')]")).getText(), "Lịch sử cấu hình chuyển mạch VA"): Test Cases/Quản lý tài khoản merchant/Quản lý dịch vụ merchant/TC_15_Kiểm tra khi button lịch sử cấu hình VA FAILED.
Reason:
java.lang.AssertionError: expected [Lịch sử cấu hình chuyển mạch VA] but found []
	at org.testng.Assert.fail(Assert.java:111)
	at org.testng.Assert.failNotEquals(Assert.java:1578)
	at org.testng.Assert.assertEqualsImpl(Assert.java:150)
	at org.testng.Assert.assertEquals(Assert.java:132)
	at org.testng.Assert.assertEquals(Assert.java:656)
	at org.testng.Assert.assertEquals(Assert.java:666)
	at TC_15_Kiểm tra khi button lịch sử cấu hình VA.run(TC_15_Kiểm tra khi button lịch sử cấu hình VA:27)
	at com.kms.katalon.core.main.ScriptEngine.run(ScriptEngine.java:194)
	at com.kms.katalon.core.main.ScriptEngine.runScriptAsRawText(ScriptEngine.java:119)
	at com.kms.katalon.core.main.TestCaseExecutor.runScript(TestCaseExecutor.java:448)
	at com.kms.katalon.core.main.TestCaseExecutor.doExecute(TestCaseExecutor.java:439)
	at com.kms.katalon.core.main.TestCaseExecutor.processExecutionPhase(TestCaseExecutor.java:418)
	at com.kms.katalon.core.main.TestCaseExecutor.accessMainPhase(TestCaseExecutor.java:410)
	at com.kms.katalon.core.main.TestCaseExecutor.execute(TestCaseExecutor.java:285)
	at com.kms.katalon.core.common.CommonExecutor.accessTestCaseMainPhase(CommonExecutor.java:65)
	at com.kms.katalon.core.main.TestSuiteExecutor.accessTestSuiteMainPhase(TestSuiteExecutor.java:150)
	at com.kms.katalon.core.main.TestSuiteExecutor.execute(TestSuiteExecutor.java:106)
	at com.kms.katalon.core.main.TestCaseMain.startTestSuite(TestCaseMain.java:180)
	at TempTestSuite1728739561259.run(TempTestSuite1728739561259.groovy:35)
	at java.base/jdk.internal.reflect.NativeMethodAccessorImpl.invoke0(Native Method)
	at java.base/jdk.internal.reflect.NativeMethodAccessorImpl.invoke(NativeMethodAccessorImpl.java:77)
	at java.base/jdk.internal.reflect.DelegatingMethodAccessorImpl.invoke(DelegatingMethodAccessorImpl.java:43)


12-10-2024T20:32:41 - [MESSAGE][FAILED] - Test Cases/Quản lý tài khoản merchant/Quản lý dịch vụ merchant/TC_15_Kiểm tra khi button lịch sử cấu hình VA FAILED.
Reason:
java.lang.AssertionError: expected [Lịch sử cấu hình chuyển mạch VA] but found []
	at org.testng.Assert.fail(Assert.java:111)
	at org.testng.Assert.failNotEquals(Assert.java:1578)
	at org.testng.Assert.assertEqualsImpl(Assert.java:150)
	at org.testng.Assert.assertEquals(Assert.java:132)
	at org.testng.Assert.assertEquals(Assert.java:656)
	at org.testng.Assert.assertEquals(Assert.java:666)
	at TC_15_Kiểm tra khi button lịch sử cấu hình VA.run(TC_15_Kiểm tra khi button lịch sử cấu hình VA:27)
	at com.kms.katalon.core.main.ScriptEngine.run(ScriptEngine.java:194)
	at com.kms.katalon.core.main.ScriptEngine.runScriptAsRawText(ScriptEngine.java:119)
	at com.kms.katalon.core.main.TestCaseExecutor.runScript(TestCaseExecutor.java:448)
	at com.kms.katalon.core.main.TestCaseExecutor.doExecute(TestCaseExecutor.java:439)
	at com.kms.katalon.core.main.TestCaseExecutor.processExecutionPhase(TestCaseExecutor.java:418)
	at com.kms.katalon.core.main.TestCaseExecutor.accessMainPhase(TestCaseExecutor.java:410)
	at com.kms.katalon.core.main.TestCaseExecutor.execute(TestCaseExecutor.java:285)
	at com.kms.katalon.core.common.CommonExecutor.accessTestCaseMainPhase(CommonExecutor.java:65)
	at com.kms.katalon.core.main.TestSuiteExecutor.accessTestSuiteMainPhase(TestSuiteExecutor.java:150)
	at com.kms.katalon.core.main.TestSuiteExecutor.execute(TestSuiteExecutor.java:106)
	at com.kms.katalon.core.main.TestCaseMain.startTestSuite(TestCaseMain.java:180)
	at TempTestSuite1728739561259.run(TempTestSuite1728739561259.groovy:35)
	at java.base/jdk.internal.reflect.NativeMethodAccessorImpl.invoke0(Native Method)
	at java.base/jdk.internal.reflect.NativeMethodAccessorImpl.invoke(NativeMethodAccessorImpl.java:77)
	at java.base/jdk.internal.reflect.DelegatingMethodAccessorImpl.invoke(DelegatingMethodAccessorImpl.java:43)


12-10-2024T20:32:41 - [TEST_STEP][PASSED] - Start listener action : sampleAfterTestCase: null

12-10-2024T20:32:41 - [TEST_STEP][PASSED] - testCaseId = testCaseContext.getTestCaseId(): null

12-10-2024T20:32:41 - [TEST_STEP][PASSED] - if (testCaseId == "Test Cases/Quản lý tài khoản merchant/Quản lý dịch vụ merchant/TC_13_Kiểm tra chức năng xác nhận cấu hình thay đổi VA"): null]]></system-out>
         <system-err><![CDATA[12-10-2024T20:32:13 - [TEST_CASE][FAILED] - Test Cases/Quản lý tài khoản merchant/Quản lý dịch vụ merchant/TC_15_Kiểm tra khi button lịch sử cấu hình VA: Test Cases/Quản lý tài khoản merchant/Quản lý dịch vụ merchant/TC_15_Kiểm tra khi button lịch sử cấu hình VA FAILED.
Reason:
java.lang.AssertionError: expected [Lịch sử cấu hình chuyển mạch VA] but found []
	at org.testng.Assert.fail(Assert.java:111)
	at org.testng.Assert.failNotEquals(Assert.java:1578)
	at org.testng.Assert.assertEqualsImpl(Assert.java:150)
	at org.testng.Assert.assertEquals(Assert.java:132)
	at org.testng.Assert.assertEquals(Assert.java:656)
	at org.testng.Assert.assertEquals(Assert.java:666)
	at TC_15_Kiểm tra khi button lịch sử cấu hình VA.run(TC_15_Kiểm tra khi button lịch sử cấu hình VA:27)
	at com.kms.katalon.core.main.ScriptEngine.run(ScriptEngine.java:194)
	at com.kms.katalon.core.main.ScriptEngine.runScriptAsRawText(ScriptEngine.java:119)
	at com.kms.katalon.core.main.TestCaseExecutor.runScript(TestCaseExecutor.java:448)
	at com.kms.katalon.core.main.TestCaseExecutor.doExecute(TestCaseExecutor.java:439)
	at com.kms.katalon.core.main.TestCaseExecutor.processExecutionPhase(TestCaseExecutor.java:418)
	at com.kms.katalon.core.main.TestCaseExecutor.accessMainPhase(TestCaseExecutor.java:410)
	at com.kms.katalon.core.main.TestCaseExecutor.execute(TestCaseExecutor.java:285)
	at com.kms.katalon.core.common.CommonExecutor.accessTestCaseMainPhase(CommonExecutor.java:65)
	at com.kms.katalon.core.main.TestSuiteExecutor.accessTestSuiteMainPhase(TestSuiteExecutor.java:150)
	at com.kms.katalon.core.main.TestSuiteExecutor.execute(TestSuiteExecutor.java:106)
	at com.kms.katalon.core.main.TestCaseMain.startTestSuite(TestCaseMain.java:180)
	at TempTestSuite1728739561259.run(TempTestSuite1728739561259.groovy:35)
	at java.base/jdk.internal.reflect.NativeMethodAccessorImpl.invoke0(Native Method)
	at java.base/jdk.internal.reflect.NativeMethodAccessorImpl.invoke(NativeMethodAccessorImpl.java:77)
	at java.base/jdk.internal.reflect.DelegatingMethodAccessorImpl.invoke(DelegatingMethodAccessorImpl.java:43)]]></system-err>
      </testcase>
      <testcase name="Test Cases/Quản lý tài khoản merchant/Quản lý dịch vụ merchant/TC_16_Kiểm tra khi click vào button Sửa sau mỗi bản ghi" time="37.368" classname="Test Cases/Quản lý tài khoản merchant/Quản lý dịch vụ merchant/TC_16_Kiểm tra khi click vào button Sửa sau mỗi bản ghi" status="PASSED">
         <system-out><![CDATA[12-10-2024T20:32:41 - [TEST_CASE][PASSED] - Test Cases/Quản lý tài khoản merchant/Quản lý dịch vụ merchant/TC_16_Kiểm tra khi click vào button Sửa sau mỗi bản ghi: Test Cases/Quản lý tài khoản merchant/Quản lý dịch vụ merchant/TC_16_Kiểm tra khi click vào button Sửa sau mỗi bản ghi

12-10-2024T20:32:41 - [TEST_STEP][PASSED] - Start listener action : sampleBeforeTestCase: Navigate to 'https://stg-cms-console.9pay.mobi/login' successfully

12-10-2024T20:32:41 - [TEST_STEP][PASSED] - testCaseId = testCaseContext.getTestCaseId(): null

12-10-2024T20:32:41 - [TEST_STEP][PASSED] - url = <not implemented yet for class: org.codehaus.groovy.ast.expr.EmptyExpression>: null

12-10-2024T20:32:41 - [TEST_STEP][PASSED] - if (testCaseId == "Test Cases/Quản lý tài khoản merchant/Quản lý dịch vụ merchant/TC_14_Kiểm tra thay đổi sau khi cấu hình VA trên MCV"): null

12-10-2024T20:32:41 - [TEST_STEP][PASSED] - else: null

12-10-2024T20:32:41 - [TEST_STEP][PASSED] - url = "https://stg-cms-console.9pay.mobi/login": null

12-10-2024T20:32:41 - [TEST_STEP][PASSED] - openBrowser(""): Browser is opened with url: ''

12-10-2024T20:32:41 - [MESSAGE][WARNING] - A browser is already opened. Closing browser and opening a new one

12-10-2024T20:32:41 - [MESSAGE][INFO] - Starting 'Chrome' driver

12-10-2024T20:32:41 - [MESSAGE][INFO] - Action delay is set to 0 milliseconds

12-10-2024T20:32:42 - [MESSAGE][PASSED] - Browser is opened with url: ''

12-10-2024T20:32:42 - [TEST_STEP][PASSED] - maximizeWindow(): Current window maximized

12-10-2024T20:32:42 - [MESSAGE][PASSED] - Current window maximized

12-10-2024T20:32:42 - [TEST_STEP][PASSED] - navigateToUrl(url): Navigate to 'https://stg-cms-console.9pay.mobi/login' successfully

12-10-2024T20:32:44 - [MESSAGE][PASSED] - Navigate to 'https://stg-cms-console.9pay.mobi/login' successfully

12-10-2024T20:32:44 - [TEST_STEP][PASSED] - callTestCase(findTestCase("Test Cases/Login/LoginCommon"), [:], STOP_ON_FAILURE): Call Test Case 'Test Cases/Login/LoginCommon' successfully

12-10-2024T20:32:44 - [TEST_CASE][PASSED] - Test Cases/Login/LoginCommon: Test Cases/Login/LoginCommon

12-10-2024T20:32:44 - [TEST_STEP][PASSED] - driver = getWebDriver(): null

12-10-2024T20:32:44 - [TEST_STEP][PASSED] - sendKeys(findTestObject("Quản lý tài khoản merchant/Quản lý dịch vụ merchant/userNameTextbox"), userAccount): Keys 'dannt@9pay.vn' sent to object: 'Object Repository/Quản lý tài khoản merchant/Quản lý dịch vụ merchant/userNameTextbox'

12-10-2024T20:32:45 - [MESSAGE][PASSED] - Keys 'dannt@9pay.vn' sent to object: 'Object Repository/Quản lý tài khoản merchant/Quản lý dịch vụ merchant/userNameTextbox'

12-10-2024T20:32:45 - [TEST_STEP][PASSED] - sendKeys(findTestObject("Quản lý tài khoản merchant/Quản lý dịch vụ merchant/passwordTextbox"), password): Keys 'dannt@9pay.vn' sent to object: 'Object Repository/Quản lý tài khoản merchant/Quản lý dịch vụ merchant/passwordTextbox'

12-10-2024T20:32:45 - [MESSAGE][PASSED] - Keys 'dannt@9pay.vn' sent to object: 'Object Repository/Quản lý tài khoản merchant/Quản lý dịch vụ merchant/passwordTextbox'

12-10-2024T20:32:45 - [TEST_STEP][PASSED] - click(findTestObject("Quản lý tài khoản merchant/Quản lý dịch vụ merchant/loginButton")): Object: 'Object Repository/Quản lý tài khoản merchant/Quản lý dịch vụ merchant/loginButton' is clicked on

12-10-2024T20:32:45 - [MESSAGE][PASSED] - Object: 'Object Repository/Quản lý tài khoản merchant/Quản lý dịch vụ merchant/loginButton' is clicked on

12-10-2024T20:32:45 - [MESSAGE][PASSED] - Call Test Case 'Test Cases/Login/LoginCommon' successfully

12-10-2024T20:32:45 - [TEST_STEP][PASSED] - waitForElementVisible(findTestObject("Trang chủ/userName"), 20, STOP_ON_FAILURE): Object 'Object Repository/Trang chủ/userName' is visible

12-10-2024T20:32:58 - [MESSAGE][PASSED] - Object 'Object Repository/Trang chủ/userName' is visible

12-10-2024T20:32:58 - [TEST_STEP][PASSED] - driver = getWebDriver(): null

12-10-2024T20:32:58 - [TEST_STEP][PASSED] - wait = new org.openqa.selenium.support.ui.WebDriverWait(com.kms.katalon.core.webui.driver.DriverFactory.getWebDriver(), 20): null

12-10-2024T20:32:58 - [TEST_STEP][PASSED] - callTestCase(findTestCase("Test Cases/Quản lý tài khoản merchant/Quản lý danh sách tài khoản/CustomFunctions"), [:], STOP_ON_FAILURE): Call Test Case 'Test Cases/Quản lý tài khoản merchant/Quản lý danh sách tài khoản/CustomFunctions' successfully

12-10-2024T20:32:58 - [TEST_CASE][PASSED] - Test Cases/Quản lý tài khoản merchant/Quản lý danh sách tài khoản/CustomFunctions: Test Cases/Quản lý tài khoản merchant/Quản lý danh sách tài khoản/CustomFunctions

12-10-2024T20:32:58 - [TEST_STEP][PASSED] - driver = getWebDriver(): null

12-10-2024T20:32:58 - [TEST_STEP][PASSED] - sleep(2000): null

12-10-2024T20:33:00 - [TEST_STEP][PASSED] - element1 = driver.findElement(By.xpath(xpathManagerMC)): null

12-10-2024T20:33:00 - [TEST_STEP][PASSED] - actions = new org.openqa.selenium.interactions.Actions(driver): null

12-10-2024T20:33:00 - [TEST_STEP][PASSED] - click().perform(): null

12-10-2024T20:33:00 - [TEST_STEP][PASSED] - wait = new org.openqa.selenium.support.ui.WebDriverWait(com.kms.katalon.core.webui.driver.DriverFactory.getWebDriver(), 15): null

12-10-2024T20:33:00 - [TEST_STEP][PASSED] - element2 = wait.until(ExpectedConditions.elementToBeClickable(By.xpath(xpathManagerServiceMC))): null

12-10-2024T20:33:00 - [TEST_STEP][PASSED] - click().perform(): null

12-10-2024T20:33:01 - [MESSAGE][PASSED] - Call Test Case 'Test Cases/Quản lý tài khoản merchant/Quản lý danh sách tài khoản/CustomFunctions' successfully

12-10-2024T20:33:01 - [TEST_STEP][PASSED] - elements = driver.findElements(By.xpath("//a[contains(.,'edit')]")): null

12-10-2024T20:33:03 - [TEST_STEP][PASSED] - random = new java.util.Random(): null

12-10-2024T20:33:03 - [TEST_STEP][PASSED] - randomElement = elements.get(random.nextInt(elements.size())): null

12-10-2024T20:33:03 - [TEST_STEP][PASSED] - randomElement.click(): null

12-10-2024T20:33:03 - [TEST_STEP][PASSED] - title = xpath("//h2[contains(text(),'THÔNG TIN TÀI KHOẢN')]")).getText(): null

12-10-2024T20:33:19 - [TEST_STEP][PASSED] - Assert.assertEquals(title, "THÔNG TIN TÀI KHOẢN"): null

12-10-2024T20:33:19 - [TEST_STEP][PASSED] - Start listener action : sampleAfterTestCase: null

12-10-2024T20:33:19 - [TEST_STEP][PASSED] - testCaseId = testCaseContext.getTestCaseId(): null

12-10-2024T20:33:19 - [TEST_STEP][PASSED] - if (testCaseId == "Test Cases/Quản lý tài khoản merchant/Quản lý dịch vụ merchant/TC_13_Kiểm tra chức năng xác nhận cấu hình thay đổi VA"): null]]></system-out>
         <system-err><![CDATA[]]></system-err>
      </testcase>
      <testcase name="Test Cases/Quản lý tài khoản merchant/Quản lý dịch vụ merchant/TC_17_Kiểm tra khi nhấn resetBtn" time="18.213" classname="Test Cases/Quản lý tài khoản merchant/Quản lý dịch vụ merchant/TC_17_Kiểm tra khi nhấn resetBtn" status="PASSED">
         <system-out><![CDATA[12-10-2024T20:33:19 - [TEST_CASE][PASSED] - Test Cases/Quản lý tài khoản merchant/Quản lý dịch vụ merchant/TC_17_Kiểm tra khi nhấn resetBtn: Test Cases/Quản lý tài khoản merchant/Quản lý dịch vụ merchant/TC_17_Kiểm tra khi nhấn resetBtn

12-10-2024T20:33:19 - [TEST_STEP][PASSED] - Start listener action : sampleBeforeTestCase: Navigate to 'https://stg-cms-console.9pay.mobi/login' successfully

12-10-2024T20:33:19 - [TEST_STEP][PASSED] - testCaseId = testCaseContext.getTestCaseId(): null

12-10-2024T20:33:19 - [TEST_STEP][PASSED] - url = <not implemented yet for class: org.codehaus.groovy.ast.expr.EmptyExpression>: null

12-10-2024T20:33:19 - [TEST_STEP][PASSED] - if (testCaseId == "Test Cases/Quản lý tài khoản merchant/Quản lý dịch vụ merchant/TC_14_Kiểm tra thay đổi sau khi cấu hình VA trên MCV"): null

12-10-2024T20:33:19 - [TEST_STEP][PASSED] - else: null

12-10-2024T20:33:19 - [TEST_STEP][PASSED] - url = "https://stg-cms-console.9pay.mobi/login": null

12-10-2024T20:33:19 - [TEST_STEP][PASSED] - openBrowser(""): Browser is opened with url: ''

12-10-2024T20:33:19 - [MESSAGE][WARNING] - A browser is already opened. Closing browser and opening a new one

12-10-2024T20:33:19 - [MESSAGE][INFO] - Starting 'Chrome' driver

12-10-2024T20:33:19 - [MESSAGE][INFO] - Action delay is set to 0 milliseconds

12-10-2024T20:33:19 - [MESSAGE][PASSED] - Browser is opened with url: ''

12-10-2024T20:33:19 - [TEST_STEP][PASSED] - maximizeWindow(): Current window maximized

12-10-2024T20:33:20 - [MESSAGE][PASSED] - Current window maximized

12-10-2024T20:33:20 - [TEST_STEP][PASSED] - navigateToUrl(url): Navigate to 'https://stg-cms-console.9pay.mobi/login' successfully

12-10-2024T20:33:21 - [MESSAGE][PASSED] - Navigate to 'https://stg-cms-console.9pay.mobi/login' successfully

12-10-2024T20:33:21 - [TEST_STEP][PASSED] - callTestCase(findTestCase("Test Cases/Login/LoginCommon"), [:], STOP_ON_FAILURE): Call Test Case 'Test Cases/Login/LoginCommon' successfully

12-10-2024T20:33:21 - [TEST_CASE][PASSED] - Test Cases/Login/LoginCommon: Test Cases/Login/LoginCommon

12-10-2024T20:33:21 - [TEST_STEP][PASSED] - driver = getWebDriver(): null

12-10-2024T20:33:21 - [TEST_STEP][PASSED] - sendKeys(findTestObject("Quản lý tài khoản merchant/Quản lý dịch vụ merchant/userNameTextbox"), userAccount): Keys 'dannt@9pay.vn' sent to object: 'Object Repository/Quản lý tài khoản merchant/Quản lý dịch vụ merchant/userNameTextbox'

12-10-2024T20:33:26 - [MESSAGE][PASSED] - Keys 'dannt@9pay.vn' sent to object: 'Object Repository/Quản lý tài khoản merchant/Quản lý dịch vụ merchant/userNameTextbox'

12-10-2024T20:33:26 - [TEST_STEP][PASSED] - sendKeys(findTestObject("Quản lý tài khoản merchant/Quản lý dịch vụ merchant/passwordTextbox"), password): Keys 'dannt@9pay.vn' sent to object: 'Object Repository/Quản lý tài khoản merchant/Quản lý dịch vụ merchant/passwordTextbox'

12-10-2024T20:33:26 - [MESSAGE][PASSED] - Keys 'dannt@9pay.vn' sent to object: 'Object Repository/Quản lý tài khoản merchant/Quản lý dịch vụ merchant/passwordTextbox'

12-10-2024T20:33:26 - [TEST_STEP][PASSED] - click(findTestObject("Quản lý tài khoản merchant/Quản lý dịch vụ merchant/loginButton")): Object: 'Object Repository/Quản lý tài khoản merchant/Quản lý dịch vụ merchant/loginButton' is clicked on

12-10-2024T20:33:27 - [MESSAGE][PASSED] - Object: 'Object Repository/Quản lý tài khoản merchant/Quản lý dịch vụ merchant/loginButton' is clicked on

12-10-2024T20:33:27 - [MESSAGE][PASSED] - Call Test Case 'Test Cases/Login/LoginCommon' successfully

12-10-2024T20:33:27 - [TEST_STEP][PASSED] - waitForElementVisible(findTestObject("Trang chủ/userName"), 20, STOP_ON_FAILURE): Object 'Object Repository/Trang chủ/userName' is visible

12-10-2024T20:33:30 - [MESSAGE][PASSED] - Object 'Object Repository/Trang chủ/userName' is visible

12-10-2024T20:33:30 - [TEST_STEP][PASSED] - callTestCase(findTestCase("Test Cases/Quản lý tài khoản merchant/Quản lý danh sách tài khoản/CustomFunctions"), [:], STOP_ON_FAILURE): Call Test Case 'Test Cases/Quản lý tài khoản merchant/Quản lý danh sách tài khoản/CustomFunctions' successfully

12-10-2024T20:33:30 - [TEST_CASE][PASSED] - Test Cases/Quản lý tài khoản merchant/Quản lý danh sách tài khoản/CustomFunctions: Test Cases/Quản lý tài khoản merchant/Quản lý danh sách tài khoản/CustomFunctions

12-10-2024T20:33:30 - [TEST_STEP][PASSED] - driver = getWebDriver(): null

12-10-2024T20:33:30 - [TEST_STEP][PASSED] - sleep(2000): null

12-10-2024T20:33:32 - [TEST_STEP][PASSED] - element1 = driver.findElement(By.xpath(xpathManagerMC)): null

12-10-2024T20:33:32 - [TEST_STEP][PASSED] - actions = new org.openqa.selenium.interactions.Actions(driver): null

12-10-2024T20:33:32 - [TEST_STEP][PASSED] - click().perform(): null

12-10-2024T20:33:32 - [TEST_STEP][PASSED] - wait = new org.openqa.selenium.support.ui.WebDriverWait(com.kms.katalon.core.webui.driver.DriverFactory.getWebDriver(), 15): null

12-10-2024T20:33:32 - [TEST_STEP][PASSED] - element2 = wait.until(ExpectedConditions.elementToBeClickable(By.xpath(xpathManagerServiceMC))): null

12-10-2024T20:33:33 - [TEST_STEP][PASSED] - click().perform(): null

12-10-2024T20:33:33 - [MESSAGE][PASSED] - Call Test Case 'Test Cases/Quản lý tài khoản merchant/Quản lý danh sách tài khoản/CustomFunctions' successfully

12-10-2024T20:33:33 - [TEST_STEP][PASSED] - driver = getWebDriver(): null

12-10-2024T20:33:33 - [TEST_STEP][PASSED] - dropdown = driver.findElement(By.name("service_type")): null

12-10-2024T20:33:34 - [TEST_STEP][PASSED] - usenameInputField = driver.findElement(By.xpath("//input[@placeholder='Nhập tên tài khoản']")): null

12-10-2024T20:33:35 - [TEST_STEP][PASSED] - xpath("//option[@value='DEPOSIT_TRANSFER_IB']")).click(): null

12-10-2024T20:33:35 - [TEST_STEP][PASSED] - dropdownStt = driver.findElement(By.name("is_active")): null

12-10-2024T20:33:35 - [TEST_STEP][PASSED] - xpath("//option[@value="1"]")).click(): null

12-10-2024T20:33:35 - [TEST_STEP][PASSED] - sendKeys(findTestObject("Quản lý tài khoản merchant/Quản lý dịch vụ merchant/accountName"), "dannt11"): Keys 'dannt11' sent to object: 'Object Repository/Quản lý tài khoản merchant/Quản lý dịch vụ merchant/accountName'

12-10-2024T20:33:36 - [MESSAGE][PASSED] - Keys 'dannt11' sent to object: 'Object Repository/Quản lý tài khoản merchant/Quản lý dịch vụ merchant/accountName'

12-10-2024T20:33:36 - [TEST_STEP][PASSED] - valueUsername = usenameInputField.getAttribute("value"): null

12-10-2024T20:33:36 - [TEST_STEP][PASSED] - println("Giá trị đã nhập trước là: " + valueUsername): null

12-10-2024T20:33:36 - [TEST_STEP][PASSED] - resetBtn = driver.findElement(By.xpath("//button[contains(text(),'Reset bộ lọc')]")): null

12-10-2024T20:33:36 - [TEST_STEP][PASSED] - resetBtn.click(): null

12-10-2024T20:33:36 - [TEST_STEP][PASSED] - wait = new org.openqa.selenium.support.ui.WebDriverWait(com.kms.katalon.core.webui.driver.DriverFactory.getWebDriver(), 20): null

12-10-2024T20:33:36 - [TEST_STEP][PASSED] - inputElement = wait.until(ExpectedConditions.presenceOfElementLocated(By.xpath("//input[@placeholder='Nhập tên tài khoản']"))): null

12-10-2024T20:33:37 - [TEST_STEP][PASSED] - usenameInputFieldg = driver.findElement(By.xpath("//input[@placeholder='Nhập tên tài khoản']")): null

12-10-2024T20:33:37 - [TEST_STEP][PASSED] - valueUsernameAf = usenameInputFieldg.getAttribute("value"): null

12-10-2024T20:33:37 - [TEST_STEP][PASSED] - println("Giá trị đã nhập là: " + valueUsernameAf): null

12-10-2024T20:33:37 - [TEST_STEP][PASSED] - if (valueUsernameAf != valueUsername): Values are not equal

12-10-2024T20:33:37 - [TEST_STEP][PASSED] - markPassed("Values are not equal"): Values are not equal

12-10-2024T20:33:37 - [MESSAGE][PASSED] - Values are not equal

12-10-2024T20:33:37 - [TEST_STEP][PASSED] - Start listener action : sampleAfterTestCase: null

12-10-2024T20:33:37 - [TEST_STEP][PASSED] - testCaseId = testCaseContext.getTestCaseId(): null

12-10-2024T20:33:37 - [TEST_STEP][PASSED] - if (testCaseId == "Test Cases/Quản lý tài khoản merchant/Quản lý dịch vụ merchant/TC_13_Kiểm tra chức năng xác nhận cấu hình thay đổi VA"): null]]></system-out>
         <system-err><![CDATA[]]></system-err>
      </testcase>
      <testcase name="Test Cases/Quản lý tài khoản merchant/Quản lý dịch vụ merchant/TC_18_Kiểm tra khả năng mở form quản lý dịch vụ merchant" time="12.913" classname="Test Cases/Quản lý tài khoản merchant/Quản lý dịch vụ merchant/TC_18_Kiểm tra khả năng mở form quản lý dịch vụ merchant" status="PASSED">
         <system-out><![CDATA[12-10-2024T20:33:37 - [TEST_CASE][PASSED] - Test Cases/Quản lý tài khoản merchant/Quản lý dịch vụ merchant/TC_18_Kiểm tra khả năng mở form quản lý dịch vụ merchant: Test Cases/Quản lý tài khoản merchant/Quản lý dịch vụ merchant/TC_18_Kiểm tra khả năng mở form quản lý dịch vụ merchant

12-10-2024T20:33:37 - [TEST_STEP][PASSED] - Start listener action : sampleBeforeTestCase: Navigate to 'https://stg-cms-console.9pay.mobi/login' successfully

12-10-2024T20:33:37 - [TEST_STEP][PASSED] - testCaseId = testCaseContext.getTestCaseId(): null

12-10-2024T20:33:37 - [TEST_STEP][PASSED] - url = <not implemented yet for class: org.codehaus.groovy.ast.expr.EmptyExpression>: null

12-10-2024T20:33:37 - [TEST_STEP][PASSED] - if (testCaseId == "Test Cases/Quản lý tài khoản merchant/Quản lý dịch vụ merchant/TC_14_Kiểm tra thay đổi sau khi cấu hình VA trên MCV"): null

12-10-2024T20:33:37 - [TEST_STEP][PASSED] - else: null

12-10-2024T20:33:37 - [TEST_STEP][PASSED] - url = "https://stg-cms-console.9pay.mobi/login": null

12-10-2024T20:33:37 - [TEST_STEP][PASSED] - openBrowser(""): Browser is opened with url: ''

12-10-2024T20:33:37 - [MESSAGE][WARNING] - A browser is already opened. Closing browser and opening a new one

12-10-2024T20:33:37 - [MESSAGE][INFO] - Starting 'Chrome' driver

12-10-2024T20:33:37 - [MESSAGE][INFO] - Action delay is set to 0 milliseconds

12-10-2024T20:33:38 - [MESSAGE][PASSED] - Browser is opened with url: ''

12-10-2024T20:33:38 - [TEST_STEP][PASSED] - maximizeWindow(): Current window maximized

12-10-2024T20:33:38 - [MESSAGE][PASSED] - Current window maximized

12-10-2024T20:33:38 - [TEST_STEP][PASSED] - navigateToUrl(url): Navigate to 'https://stg-cms-console.9pay.mobi/login' successfully

12-10-2024T20:33:41 - [MESSAGE][PASSED] - Navigate to 'https://stg-cms-console.9pay.mobi/login' successfully

12-10-2024T20:33:41 - [TEST_STEP][PASSED] - callTestCase(findTestCase("Test Cases/Login/LoginCommon"), [:], STOP_ON_FAILURE): Call Test Case 'Test Cases/Login/LoginCommon' successfully

12-10-2024T20:33:41 - [TEST_CASE][PASSED] - Test Cases/Login/LoginCommon: Test Cases/Login/LoginCommon

12-10-2024T20:33:41 - [TEST_STEP][PASSED] - driver = getWebDriver(): null

12-10-2024T20:33:41 - [TEST_STEP][PASSED] - sendKeys(findTestObject("Quản lý tài khoản merchant/Quản lý dịch vụ merchant/userNameTextbox"), userAccount): Keys 'dannt@9pay.vn' sent to object: 'Object Repository/Quản lý tài khoản merchant/Quản lý dịch vụ merchant/userNameTextbox'

12-10-2024T20:33:41 - [MESSAGE][PASSED] - Keys 'dannt@9pay.vn' sent to object: 'Object Repository/Quản lý tài khoản merchant/Quản lý dịch vụ merchant/userNameTextbox'

12-10-2024T20:33:41 - [TEST_STEP][PASSED] - sendKeys(findTestObject("Quản lý tài khoản merchant/Quản lý dịch vụ merchant/passwordTextbox"), password): Keys 'dannt@9pay.vn' sent to object: 'Object Repository/Quản lý tài khoản merchant/Quản lý dịch vụ merchant/passwordTextbox'

12-10-2024T20:33:42 - [MESSAGE][PASSED] - Keys 'dannt@9pay.vn' sent to object: 'Object Repository/Quản lý tài khoản merchant/Quản lý dịch vụ merchant/passwordTextbox'

12-10-2024T20:33:42 - [TEST_STEP][PASSED] - click(findTestObject("Quản lý tài khoản merchant/Quản lý dịch vụ merchant/loginButton")): Object: 'Object Repository/Quản lý tài khoản merchant/Quản lý dịch vụ merchant/loginButton' is clicked on

12-10-2024T20:33:42 - [MESSAGE][PASSED] - Object: 'Object Repository/Quản lý tài khoản merchant/Quản lý dịch vụ merchant/loginButton' is clicked on

12-10-2024T20:33:42 - [MESSAGE][PASSED] - Call Test Case 'Test Cases/Login/LoginCommon' successfully

12-10-2024T20:33:42 - [TEST_STEP][PASSED] - waitForElementVisible(findTestObject("Trang chủ/userName"), 20, STOP_ON_FAILURE): Object 'Object Repository/Trang chủ/userName' is visible

12-10-2024T20:33:46 - [MESSAGE][PASSED] - Object 'Object Repository/Trang chủ/userName' is visible

12-10-2024T20:33:46 - [TEST_STEP][PASSED] - callTestCase(findTestCase("Test Cases/Quản lý tài khoản merchant/Quản lý danh sách tài khoản/CustomFunctions"), [:], STOP_ON_FAILURE): Call Test Case 'Test Cases/Quản lý tài khoản merchant/Quản lý danh sách tài khoản/CustomFunctions' successfully

12-10-2024T20:33:46 - [TEST_CASE][PASSED] - Test Cases/Quản lý tài khoản merchant/Quản lý danh sách tài khoản/CustomFunctions: Test Cases/Quản lý tài khoản merchant/Quản lý danh sách tài khoản/CustomFunctions

12-10-2024T20:33:46 - [TEST_STEP][PASSED] - driver = getWebDriver(): null

12-10-2024T20:33:46 - [TEST_STEP][PASSED] - sleep(2000): null

12-10-2024T20:33:48 - [TEST_STEP][PASSED] - element1 = driver.findElement(By.xpath(xpathManagerMC)): null

12-10-2024T20:33:48 - [TEST_STEP][PASSED] - actions = new org.openqa.selenium.interactions.Actions(driver): null

12-10-2024T20:33:48 - [TEST_STEP][PASSED] - click().perform(): null

12-10-2024T20:33:48 - [TEST_STEP][PASSED] - wait = new org.openqa.selenium.support.ui.WebDriverWait(com.kms.katalon.core.webui.driver.DriverFactory.getWebDriver(), 15): null

12-10-2024T20:33:48 - [TEST_STEP][PASSED] - element2 = wait.until(ExpectedConditions.elementToBeClickable(By.xpath(xpathManagerServiceMC))): null

12-10-2024T20:33:49 - [TEST_STEP][PASSED] - click().perform(): null

12-10-2024T20:33:49 - [MESSAGE][PASSED] - Call Test Case 'Test Cases/Quản lý tài khoản merchant/Quản lý danh sách tài khoản/CustomFunctions' successfully

12-10-2024T20:33:49 - [TEST_STEP][PASSED] - verifyElementPresent(findTestObject("Quản lý tài khoản merchant/Quản lý dịch vụ merchant/headerMenu"), 3): Object 'Object Repository/Quản lý tài khoản merchant/Quản lý dịch vụ merchant/headerMenu' is present

12-10-2024T20:33:50 - [MESSAGE][PASSED] - Object 'Object Repository/Quản lý tài khoản merchant/Quản lý dịch vụ merchant/headerMenu' is present

12-10-2024T20:33:50 - [TEST_STEP][PASSED] - Start listener action : sampleAfterTestCase: null

12-10-2024T20:33:50 - [TEST_STEP][PASSED] - testCaseId = testCaseContext.getTestCaseId(): null

12-10-2024T20:33:50 - [TEST_STEP][PASSED] - if (testCaseId == "Test Cases/Quản lý tài khoản merchant/Quản lý dịch vụ merchant/TC_13_Kiểm tra chức năng xác nhận cấu hình thay đổi VA"): null]]></system-out>
         <system-err><![CDATA[]]></system-err>
      </testcase>
      <testcase name="Test Cases/Quản lý tài khoản merchant/Quản lý dịch vụ merchant/TC_19_Kiểm tra tài khoản đã active dịch vụ chi" time="44.488" classname="Test Cases/Quản lý tài khoản merchant/Quản lý dịch vụ merchant/TC_19_Kiểm tra tài khoản đã active dịch vụ chi" status="PASSED">
         <system-out><![CDATA[12-10-2024T20:33:50 - [TEST_CASE][PASSED] - Test Cases/Quản lý tài khoản merchant/Quản lý dịch vụ merchant/TC_19_Kiểm tra tài khoản đã active dịch vụ chi: Test Cases/Quản lý tài khoản merchant/Quản lý dịch vụ merchant/TC_19_Kiểm tra tài khoản đã active dịch vụ chi

12-10-2024T20:33:50 - [TEST_STEP][PASSED] - Start listener action : sampleBeforeTestCase: Navigate to 'https://stg-cms-console.9pay.mobi/login' successfully

12-10-2024T20:33:50 - [TEST_STEP][PASSED] - testCaseId = testCaseContext.getTestCaseId(): null

12-10-2024T20:33:50 - [TEST_STEP][PASSED] - url = <not implemented yet for class: org.codehaus.groovy.ast.expr.EmptyExpression>: null

12-10-2024T20:33:50 - [TEST_STEP][PASSED] - if (testCaseId == "Test Cases/Quản lý tài khoản merchant/Quản lý dịch vụ merchant/TC_14_Kiểm tra thay đổi sau khi cấu hình VA trên MCV"): null

12-10-2024T20:33:50 - [TEST_STEP][PASSED] - else: null

12-10-2024T20:33:50 - [TEST_STEP][PASSED] - url = "https://stg-cms-console.9pay.mobi/login": null

12-10-2024T20:33:50 - [TEST_STEP][PASSED] - openBrowser(""): Browser is opened with url: ''

12-10-2024T20:33:50 - [MESSAGE][WARNING] - A browser is already opened. Closing browser and opening a new one

12-10-2024T20:33:50 - [MESSAGE][INFO] - Starting 'Chrome' driver

12-10-2024T20:33:50 - [MESSAGE][INFO] - Action delay is set to 0 milliseconds

12-10-2024T20:33:51 - [MESSAGE][PASSED] - Browser is opened with url: ''

12-10-2024T20:33:51 - [TEST_STEP][PASSED] - maximizeWindow(): Current window maximized

12-10-2024T20:33:51 - [MESSAGE][PASSED] - Current window maximized

12-10-2024T20:33:51 - [TEST_STEP][PASSED] - navigateToUrl(url): Navigate to 'https://stg-cms-console.9pay.mobi/login' successfully

12-10-2024T20:33:53 - [MESSAGE][PASSED] - Navigate to 'https://stg-cms-console.9pay.mobi/login' successfully

12-10-2024T20:33:53 - [TEST_STEP][PASSED] - callTestCase(findTestCase("Test Cases/Login/LoginCommon"), [:], STOP_ON_FAILURE): Call Test Case 'Test Cases/Login/LoginCommon' successfully

12-10-2024T20:33:53 - [TEST_CASE][PASSED] - Test Cases/Login/LoginCommon: Test Cases/Login/LoginCommon

12-10-2024T20:33:53 - [TEST_STEP][PASSED] - driver = getWebDriver(): null

12-10-2024T20:33:53 - [TEST_STEP][PASSED] - sendKeys(findTestObject("Quản lý tài khoản merchant/Quản lý dịch vụ merchant/userNameTextbox"), userAccount): Keys 'dannt@9pay.vn' sent to object: 'Object Repository/Quản lý tài khoản merchant/Quản lý dịch vụ merchant/userNameTextbox'

12-10-2024T20:33:53 - [MESSAGE][PASSED] - Keys 'dannt@9pay.vn' sent to object: 'Object Repository/Quản lý tài khoản merchant/Quản lý dịch vụ merchant/userNameTextbox'

12-10-2024T20:33:53 - [TEST_STEP][PASSED] - sendKeys(findTestObject("Quản lý tài khoản merchant/Quản lý dịch vụ merchant/passwordTextbox"), password): Keys 'dannt@9pay.vn' sent to object: 'Object Repository/Quản lý tài khoản merchant/Quản lý dịch vụ merchant/passwordTextbox'

12-10-2024T20:33:54 - [MESSAGE][PASSED] - Keys 'dannt@9pay.vn' sent to object: 'Object Repository/Quản lý tài khoản merchant/Quản lý dịch vụ merchant/passwordTextbox'

12-10-2024T20:33:54 - [TEST_STEP][PASSED] - click(findTestObject("Quản lý tài khoản merchant/Quản lý dịch vụ merchant/loginButton")): Object: 'Object Repository/Quản lý tài khoản merchant/Quản lý dịch vụ merchant/loginButton' is clicked on

12-10-2024T20:33:54 - [MESSAGE][PASSED] - Object: 'Object Repository/Quản lý tài khoản merchant/Quản lý dịch vụ merchant/loginButton' is clicked on

12-10-2024T20:33:54 - [MESSAGE][PASSED] - Call Test Case 'Test Cases/Login/LoginCommon' successfully

12-10-2024T20:33:54 - [TEST_STEP][PASSED] - waitForElementVisible(findTestObject("Trang chủ/userName"), 10, STOP_ON_FAILURE): Object 'Object Repository/Trang chủ/userName' is visible

12-10-2024T20:34:11 - [MESSAGE][PASSED] - Object 'Object Repository/Trang chủ/userName' is visible

12-10-2024T20:34:11 - [TEST_STEP][PASSED] - driver = getWebDriver(): null

12-10-2024T20:34:11 - [TEST_STEP][PASSED] - wait = new org.openqa.selenium.support.ui.WebDriverWait(com.kms.katalon.core.webui.driver.DriverFactory.getWebDriver(), 20): null

12-10-2024T20:34:11 - [TEST_STEP][PASSED] - callTestCase(findTestCase("Test Cases/Quản lý tài khoản merchant/Quản lý danh sách tài khoản/CustomFunctions"), [:], STOP_ON_FAILURE): Call Test Case 'Test Cases/Quản lý tài khoản merchant/Quản lý danh sách tài khoản/CustomFunctions' successfully

12-10-2024T20:34:11 - [TEST_CASE][PASSED] - Test Cases/Quản lý tài khoản merchant/Quản lý danh sách tài khoản/CustomFunctions: Test Cases/Quản lý tài khoản merchant/Quản lý danh sách tài khoản/CustomFunctions

12-10-2024T20:34:11 - [TEST_STEP][PASSED] - driver = getWebDriver(): null

12-10-2024T20:34:11 - [TEST_STEP][PASSED] - sleep(2000): null

12-10-2024T20:34:13 - [TEST_STEP][PASSED] - element1 = driver.findElement(By.xpath(xpathManagerMC)): null

12-10-2024T20:34:14 - [TEST_STEP][PASSED] - actions = new org.openqa.selenium.interactions.Actions(driver): null

12-10-2024T20:34:14 - [TEST_STEP][PASSED] - click().perform(): null

12-10-2024T20:34:14 - [TEST_STEP][PASSED] - wait = new org.openqa.selenium.support.ui.WebDriverWait(com.kms.katalon.core.webui.driver.DriverFactory.getWebDriver(), 15): null

12-10-2024T20:34:14 - [TEST_STEP][PASSED] - element2 = wait.until(ExpectedConditions.elementToBeClickable(By.xpath(xpathManagerServiceMC))): null

12-10-2024T20:34:14 - [TEST_STEP][PASSED] - click().perform(): null

12-10-2024T20:34:14 - [MESSAGE][PASSED] - Call Test Case 'Test Cases/Quản lý tài khoản merchant/Quản lý danh sách tài khoản/CustomFunctions' successfully

12-10-2024T20:34:14 - [TEST_STEP][PASSED] - elements = driver.findElements(By.xpath("//tbody//td[@class='text-center'][2]")): null

12-10-2024T20:34:16 - [TEST_STEP][PASSED] - random = new java.util.Random(): null

12-10-2024T20:34:16 - [TEST_STEP][PASSED] - randomElement = elements.get(random.nextInt(elements.size())): null

12-10-2024T20:34:16 - [TEST_STEP][PASSED] - element1 = randomElement.getText(): null

12-10-2024T20:34:16 - [TEST_STEP][PASSED] - println("tên merchant: " + element1): null

12-10-2024T20:34:16 - [TEST_STEP][PASSED] - xpath("//input[@placeholder='Nhập tên tài khoản']")).sendKeys(element1): null

12-10-2024T20:34:18 - [TEST_STEP][PASSED] - xpath("//button[contains(text(),'Tìm kiếm')]")).click(): null

12-10-2024T20:34:20 - [TEST_STEP][PASSED] - xpath("//a[contains(text(),'Quản lý phí dịch vụ merchant')]")).click(): null

12-10-2024T20:34:22 - [TEST_STEP][PASSED] - xpath("//span[@class='filter-option pull-left']")).click(): null

12-10-2024T20:34:26 - [TEST_STEP][PASSED] - xpath("//input[@class='form-control']")).sendKeys(element1): null

12-10-2024T20:34:29 - [TEST_STEP][PASSED] - xpath("//ul[@role='menu']//li[@class='active']//a")).click(): null

12-10-2024T20:34:30 - [TEST_STEP][PASSED] - xpath("//button[contains(text(),'Tìm kiếm')]")).click(): null

12-10-2024T20:34:32 - [TEST_STEP][PASSED] - chiho = driver.findElement(By.xpath("//td[2][@class='text-center' and contains(text(), 'Chi hộ')]")): null

12-10-2024T20:34:34 - [TEST_STEP][PASSED] - println("Giá trị của chi hộ là: " + chiho.getText()): null

12-10-2024T20:34:34 - [TEST_STEP][PASSED] - Assert.assertEquals(chiho.getText(), "Chi hộ"): null

12-10-2024T20:34:34 - [TEST_STEP][PASSED] - Start listener action : sampleAfterTestCase: null

12-10-2024T20:34:34 - [TEST_STEP][PASSED] - testCaseId = testCaseContext.getTestCaseId(): null

12-10-2024T20:34:34 - [TEST_STEP][PASSED] - if (testCaseId == "Test Cases/Quản lý tài khoản merchant/Quản lý dịch vụ merchant/TC_13_Kiểm tra chức năng xác nhận cấu hình thay đổi VA"): null]]></system-out>
         <system-err><![CDATA[]]></system-err>
      </testcase>
      <testcase name="Test Cases/Quản lý tài khoản merchant/Quản lý dịch vụ merchant/TC_20_Kiểm tra tài khoản đã active dịch vụ thu hộ IB" time="13.71" classname="Test Cases/Quản lý tài khoản merchant/Quản lý dịch vụ merchant/TC_20_Kiểm tra tài khoản đã active dịch vụ thu hộ IB" status="PASSED">
         <system-out><![CDATA[12-10-2024T20:34:34 - [TEST_CASE][PASSED] - Test Cases/Quản lý tài khoản merchant/Quản lý dịch vụ merchant/TC_20_Kiểm tra tài khoản đã active dịch vụ thu hộ IB: Test Cases/Quản lý tài khoản merchant/Quản lý dịch vụ merchant/TC_20_Kiểm tra tài khoản đã active dịch vụ thu hộ IB

12-10-2024T20:34:34 - [TEST_STEP][PASSED] - Start listener action : sampleBeforeTestCase: Navigate to 'https://stg-cms-console.9pay.mobi/login' successfully

12-10-2024T20:34:34 - [TEST_STEP][PASSED] - testCaseId = testCaseContext.getTestCaseId(): null

12-10-2024T20:34:34 - [TEST_STEP][PASSED] - url = <not implemented yet for class: org.codehaus.groovy.ast.expr.EmptyExpression>: null

12-10-2024T20:34:34 - [TEST_STEP][PASSED] - if (testCaseId == "Test Cases/Quản lý tài khoản merchant/Quản lý dịch vụ merchant/TC_14_Kiểm tra thay đổi sau khi cấu hình VA trên MCV"): null

12-10-2024T20:34:34 - [TEST_STEP][PASSED] - else: null

12-10-2024T20:34:34 - [TEST_STEP][PASSED] - url = "https://stg-cms-console.9pay.mobi/login": null

12-10-2024T20:34:34 - [TEST_STEP][PASSED] - openBrowser(""): Browser is opened with url: ''

12-10-2024T20:34:34 - [MESSAGE][WARNING] - A browser is already opened. Closing browser and opening a new one

12-10-2024T20:34:34 - [MESSAGE][INFO] - Starting 'Chrome' driver

12-10-2024T20:34:34 - [MESSAGE][INFO] - Action delay is set to 0 milliseconds

12-10-2024T20:34:35 - [MESSAGE][PASSED] - Browser is opened with url: ''

12-10-2024T20:34:35 - [TEST_STEP][PASSED] - maximizeWindow(): Current window maximized

12-10-2024T20:34:35 - [MESSAGE][PASSED] - Current window maximized

12-10-2024T20:34:35 - [TEST_STEP][PASSED] - navigateToUrl(url): Navigate to 'https://stg-cms-console.9pay.mobi/login' successfully

12-10-2024T20:34:38 - [MESSAGE][PASSED] - Navigate to 'https://stg-cms-console.9pay.mobi/login' successfully

12-10-2024T20:34:38 - [TEST_STEP][PASSED] - callTestCase(findTestCase("Test Cases/Login/LoginCommon"), [:], STOP_ON_FAILURE): Call Test Case 'Test Cases/Login/LoginCommon' successfully

12-10-2024T20:34:38 - [TEST_CASE][PASSED] - Test Cases/Login/LoginCommon: Test Cases/Login/LoginCommon

12-10-2024T20:34:38 - [TEST_STEP][PASSED] - driver = getWebDriver(): null

12-10-2024T20:34:38 - [TEST_STEP][PASSED] - sendKeys(findTestObject("Quản lý tài khoản merchant/Quản lý dịch vụ merchant/userNameTextbox"), userAccount): Keys 'dannt@9pay.vn' sent to object: 'Object Repository/Quản lý tài khoản merchant/Quản lý dịch vụ merchant/userNameTextbox'

12-10-2024T20:34:39 - [MESSAGE][PASSED] - Keys 'dannt@9pay.vn' sent to object: 'Object Repository/Quản lý tài khoản merchant/Quản lý dịch vụ merchant/userNameTextbox'

12-10-2024T20:34:39 - [TEST_STEP][PASSED] - sendKeys(findTestObject("Quản lý tài khoản merchant/Quản lý dịch vụ merchant/passwordTextbox"), password): Keys 'dannt@9pay.vn' sent to object: 'Object Repository/Quản lý tài khoản merchant/Quản lý dịch vụ merchant/passwordTextbox'

12-10-2024T20:34:39 - [MESSAGE][PASSED] - Keys 'dannt@9pay.vn' sent to object: 'Object Repository/Quản lý tài khoản merchant/Quản lý dịch vụ merchant/passwordTextbox'

12-10-2024T20:34:39 - [TEST_STEP][PASSED] - click(findTestObject("Quản lý tài khoản merchant/Quản lý dịch vụ merchant/loginButton")): Object: 'Object Repository/Quản lý tài khoản merchant/Quản lý dịch vụ merchant/loginButton' is clicked on

12-10-2024T20:34:39 - [MESSAGE][PASSED] - Object: 'Object Repository/Quản lý tài khoản merchant/Quản lý dịch vụ merchant/loginButton' is clicked on

12-10-2024T20:34:39 - [MESSAGE][PASSED] - Call Test Case 'Test Cases/Login/LoginCommon' successfully

12-10-2024T20:34:39 - [TEST_STEP][PASSED] - waitForElementVisible(findTestObject("Trang chủ/userName"), 10, STOP_ON_FAILURE): Object 'Object Repository/Trang chủ/userName' is visible

12-10-2024T20:34:43 - [MESSAGE][PASSED] - Object 'Object Repository/Trang chủ/userName' is visible

12-10-2024T20:34:43 - [TEST_STEP][PASSED] - driver = getWebDriver(): null

12-10-2024T20:34:43 - [TEST_STEP][PASSED] - wait = new org.openqa.selenium.support.ui.WebDriverWait(com.kms.katalon.core.webui.driver.DriverFactory.getWebDriver(), 20): null

12-10-2024T20:34:43 - [TEST_STEP][PASSED] - callTestCase(findTestCase("Test Cases/Quản lý tài khoản merchant/Quản lý danh sách tài khoản/CustomFunctions"), [:], STOP_ON_FAILURE): Call Test Case 'Test Cases/Quản lý tài khoản merchant/Quản lý danh sách tài khoản/CustomFunctions' successfully

12-10-2024T20:34:43 - [TEST_CASE][PASSED] - Test Cases/Quản lý tài khoản merchant/Quản lý danh sách tài khoản/CustomFunctions: Test Cases/Quản lý tài khoản merchant/Quản lý danh sách tài khoản/CustomFunctions

12-10-2024T20:34:43 - [TEST_STEP][PASSED] - driver = getWebDriver(): null

12-10-2024T20:34:43 - [TEST_STEP][PASSED] - sleep(2000): null

12-10-2024T20:34:45 - [TEST_STEP][PASSED] - element1 = driver.findElement(By.xpath(xpathManagerMC)): null

12-10-2024T20:34:45 - [TEST_STEP][PASSED] - actions = new org.openqa.selenium.interactions.Actions(driver): null

12-10-2024T20:34:45 - [TEST_STEP][PASSED] - click().perform(): null

12-10-2024T20:34:45 - [TEST_STEP][PASSED] - wait = new org.openqa.selenium.support.ui.WebDriverWait(com.kms.katalon.core.webui.driver.DriverFactory.getWebDriver(), 15): null

12-10-2024T20:34:45 - [TEST_STEP][PASSED] - element2 = wait.until(ExpectedConditions.elementToBeClickable(By.xpath(xpathManagerServiceMC))): null

12-10-2024T20:34:46 - [TEST_STEP][PASSED] - click().perform(): null

12-10-2024T20:34:46 - [MESSAGE][PASSED] - Call Test Case 'Test Cases/Quản lý tài khoản merchant/Quản lý danh sách tài khoản/CustomFunctions' successfully

12-10-2024T20:34:46 - [TEST_STEP][PASSED] - elements = driver.findElements(By.xpath("//label[contains(.,'Nhà cung cấp EPAY')]")): null

12-10-2024T20:34:47 - [TEST_STEP][PASSED] - random = new java.util.Random(): null

12-10-2024T20:34:47 - [TEST_STEP][PASSED] - randomElement = elements.get(random.nextInt(elements.size())): null

12-10-2024T20:34:47 - [TEST_STEP][PASSED] - randomElement.click(): null

12-10-2024T20:34:47 - [TEST_STEP][PASSED] - Assert.assertEquals(xpath("//h4[contains(text(),'Xác nhận thay đổi nhà cung cấp chi hộ mặc định')]")).getText(), "Xác nhận thay đổi nhà cung cấp chi hộ mặc định"): null

12-10-2024T20:34:48 - [TEST_STEP][PASSED] - Start listener action : sampleAfterTestCase: null

12-10-2024T20:34:48 - [TEST_STEP][PASSED] - testCaseId = testCaseContext.getTestCaseId(): null

12-10-2024T20:34:48 - [TEST_STEP][PASSED] - if (testCaseId == "Test Cases/Quản lý tài khoản merchant/Quản lý dịch vụ merchant/TC_13_Kiểm tra chức năng xác nhận cấu hình thay đổi VA"): null]]></system-out>
         <system-err><![CDATA[]]></system-err>
      </testcase>
      <system-out><![CDATA[12-10-2024T20:26:07 - [TEST_SUITE][ERROR] - Quản lý dịch vụ merchant: Test Cases/Quản lý tài khoản merchant/Quản lý dịch vụ merchant/TC_04_Kiểm tra chức năng search khi chọn dịch vụ là chi hộ và Inactive FAILED.
Reason:
com.kms.katalon.core.exception.StepErrorException: Call Test Case 'Test Cases/Quản lý tài khoản merchant/Quản lý danh sách tài khoản/CustomFunctions' failed because of error(s)
	at com.kms.katalon.core.keyword.builtin.CallTestCaseKeyword$_callTestCase_closure1.doCall(CallTestCaseKeyword.groovy:66)
	at com.kms.katalon.core.keyword.builtin.CallTestCaseKeyword$_callTestCase_closure1.call(CallTestCaseKeyword.groovy)
	at com.kms.katalon.core.keyword.internal.KeywordMain.runKeyword(KeywordMain.groovy:75)
	at com.kms.katalon.core.keyword.builtin.CallTestCaseKeyword.callTestCase(CallTestCaseKeyword.groovy:81)
	at com.kms.katalon.core.keyword.builtin.CallTestCaseKeyword.execute(CallTestCaseKeyword.groovy:44)
	at com.kms.katalon.core.keyword.internal.KeywordExecutor.executeKeywordForPlatform(KeywordExecutor.groovy:74)
	at com.kms.katalon.core.keyword.BuiltinKeywords.callTestCase(BuiltinKeywords.groovy:310)
	at java.base/jdk.internal.reflect.NativeMethodAccessorImpl.invoke0(Native Method)
	at java.base/jdk.internal.reflect.NativeMethodAccessorImpl.invoke(NativeMethodAccessorImpl.java:77)
	at java.base/jdk.internal.reflect.DelegatingMethodAccessorImpl.invoke(DelegatingMethodAccessorImpl.java:43)
	at TC_04_Kiểm tra chức năng search khi chọn dịch vụ là chi hộ và Inactive.run(TC_04_Kiểm tra chức năng search khi chọn dịch vụ là chi hộ và Inactive:28)
	at com.kms.katalon.core.main.ScriptEngine.run(ScriptEngine.java:194)
	at com.kms.katalon.core.main.ScriptEngine.runScriptAsRawText(ScriptEngine.java:119)
	at com.kms.katalon.core.main.TestCaseExecutor.runScript(TestCaseExecutor.java:448)
	at com.kms.katalon.core.main.TestCaseExecutor.doExecute(TestCaseExecutor.java:439)
	at com.kms.katalon.core.main.TestCaseExecutor.processExecutionPhase(TestCaseExecutor.java:418)
	at com.kms.katalon.core.main.TestCaseExecutor.accessMainPhase(TestCaseExecutor.java:410)
	at com.kms.katalon.core.main.TestCaseExecutor.execute(TestCaseExecutor.java:285)
	at com.kms.katalon.core.common.CommonExecutor.accessTestCaseMainPhase(CommonExecutor.java:65)
	at com.kms.katalon.core.main.TestSuiteExecutor.accessTestSuiteMainPhase(TestSuiteExecutor.java:150)
	at com.kms.katalon.core.main.TestSuiteExecutor.execute(TestSuiteExecutor.java:106)
	at com.kms.katalon.core.main.TestCaseMain.startTestSuite(TestCaseMain.java:180)
	at TempTestSuite1728739561259.run(TempTestSuite1728739561259.groovy:35)
	at java.base/jdk.internal.reflect.NativeMethodAccessorImpl.invoke0(Native Method)
	at java.base/jdk.internal.reflect.NativeMethodAccessorImpl.invoke(NativeMethodAccessorImpl.java:77)
	at java.base/jdk.internal.reflect.DelegatingMethodAccessorImpl.invoke(DelegatingMethodAccessorImpl.java:43)
Caused by: org.openqa.selenium.TimeoutException: Expected condition failed: waiting for element to be clickable: By.xpath: //a[contains(text(),'Quản lý dịch vụ merchant')] (tried for 15 second(s) with 500 milliseconds interval)
Build info: version: '3.141.59', revision: 'unknown', time: 'unknown'
System info: host: 'Aidan', ip: '2405:4803:fd90:9ef0:35c5:6ea1:b1e8:64e8%en0', os.name: 'Mac OS X', os.arch: 'aarch64', os.version: '15.0.1', java.version: '17.0.7'
Driver info: com.kms.katalon.core.webui.driver.SmartWaitWebDriver
Capabilities {acceptInsecureCerts: false, browserName: chrome, browserVersion: 129.0.6668.91, chrome: {chromedriverVersion: 128.0.6613.84 (606aa55c7d68..., userDataDir: /var/folders/t5/b7k67ybj7gz...}, fedcm:accounts: true, goog:chromeOptions: {debuggerAddress: localhost:64150}, javascriptEnabled: true, networkConnectionEnabled: false, pageLoadStrategy: normal, platform: MAC, platformName: MAC, proxy: Proxy(), setWindowRect: true, strictFileInteractability: false, timeouts: {implicit: 0, pageLoad: 300000, script: 30000}, unhandledPromptBehavior: dismiss and notify, webauthn:extension:credBlob: true, webauthn:extension:largeBlob: true, webauthn:extension:minPinLength: true, webauthn:extension:prf: true, webauthn:virtualAuthenticators: true}
Session ID: 38976a8260e6830922472483fe9a9cc8
	at org.openqa.selenium.support.ui.WebDriverWait.timeoutException(WebDriverWait.java:95)
	at org.openqa.selenium.support.ui.FluentWait.until(FluentWait.java:272)
	at CustomFunctions.run(CustomFunctions:19)
	at com.kms.katalon.core.main.ScriptEngine.run(ScriptEngine.java:194)
	at com.kms.katalon.core.main.ScriptEngine.runScriptAsRawText(ScriptEngine.java:119)
	at com.kms.katalon.core.main.TestCaseExecutor.runScript(TestCaseExecutor.java:448)
	at com.kms.katalon.core.main.TestCaseExecutor.doExecute(TestCaseExecutor.java:439)
	at com.kms.katalon.core.main.TestCaseExecutor.processExecutionPhase(TestCaseExecutor.java:418)
	at com.kms.katalon.core.main.TestCaseExecutor.accessMainPhase(TestCaseExecutor.java:410)
	at com.kms.katalon.core.main.TestCaseExecutor.execute(TestCaseExecutor.java:285)
	at com.kms.katalon.core.main.TestCaseMain.runTestCase(TestCaseMain.java:137)
	at com.kms.katalon.core.keyword.builtin.CallTestCaseKeyword$_callTestCase_closure1.doCall(CallTestCaseKeyword.groovy:59)
	... 25 more]]></system-out>
      <system-err><![CDATA[12-10-2024T20:26:07 - [TEST_SUITE][ERROR] - Quản lý dịch vụ merchant: Test Cases/Quản lý tài khoản merchant/Quản lý dịch vụ merchant/TC_04_Kiểm tra chức năng search khi chọn dịch vụ là chi hộ và Inactive FAILED.
Reason:
com.kms.katalon.core.exception.StepErrorException: Call Test Case 'Test Cases/Quản lý tài khoản merchant/Quản lý danh sách tài khoản/CustomFunctions' failed because of error(s)
	at com.kms.katalon.core.keyword.builtin.CallTestCaseKeyword$_callTestCase_closure1.doCall(CallTestCaseKeyword.groovy:66)
	at com.kms.katalon.core.keyword.builtin.CallTestCaseKeyword$_callTestCase_closure1.call(CallTestCaseKeyword.groovy)
	at com.kms.katalon.core.keyword.internal.KeywordMain.runKeyword(KeywordMain.groovy:75)
	at com.kms.katalon.core.keyword.builtin.CallTestCaseKeyword.callTestCase(CallTestCaseKeyword.groovy:81)
	at com.kms.katalon.core.keyword.builtin.CallTestCaseKeyword.execute(CallTestCaseKeyword.groovy:44)
	at com.kms.katalon.core.keyword.internal.KeywordExecutor.executeKeywordForPlatform(KeywordExecutor.groovy:74)
	at com.kms.katalon.core.keyword.BuiltinKeywords.callTestCase(BuiltinKeywords.groovy:310)
	at java.base/jdk.internal.reflect.NativeMethodAccessorImpl.invoke0(Native Method)
	at java.base/jdk.internal.reflect.NativeMethodAccessorImpl.invoke(NativeMethodAccessorImpl.java:77)
	at java.base/jdk.internal.reflect.DelegatingMethodAccessorImpl.invoke(DelegatingMethodAccessorImpl.java:43)
	at TC_04_Kiểm tra chức năng search khi chọn dịch vụ là chi hộ và Inactive.run(TC_04_Kiểm tra chức năng search khi chọn dịch vụ là chi hộ và Inactive:28)
	at com.kms.katalon.core.main.ScriptEngine.run(ScriptEngine.java:194)
	at com.kms.katalon.core.main.ScriptEngine.runScriptAsRawText(ScriptEngine.java:119)
	at com.kms.katalon.core.main.TestCaseExecutor.runScript(TestCaseExecutor.java:448)
	at com.kms.katalon.core.main.TestCaseExecutor.doExecute(TestCaseExecutor.java:439)
	at com.kms.katalon.core.main.TestCaseExecutor.processExecutionPhase(TestCaseExecutor.java:418)
	at com.kms.katalon.core.main.TestCaseExecutor.accessMainPhase(TestCaseExecutor.java:410)
	at com.kms.katalon.core.main.TestCaseExecutor.execute(TestCaseExecutor.java:285)
	at com.kms.katalon.core.common.CommonExecutor.accessTestCaseMainPhase(CommonExecutor.java:65)
	at com.kms.katalon.core.main.TestSuiteExecutor.accessTestSuiteMainPhase(TestSuiteExecutor.java:150)
	at com.kms.katalon.core.main.TestSuiteExecutor.execute(TestSuiteExecutor.java:106)
	at com.kms.katalon.core.main.TestCaseMain.startTestSuite(TestCaseMain.java:180)
	at TempTestSuite1728739561259.run(TempTestSuite1728739561259.groovy:35)
	at java.base/jdk.internal.reflect.NativeMethodAccessorImpl.invoke0(Native Method)
	at java.base/jdk.internal.reflect.NativeMethodAccessorImpl.invoke(NativeMethodAccessorImpl.java:77)
	at java.base/jdk.internal.reflect.DelegatingMethodAccessorImpl.invoke(DelegatingMethodAccessorImpl.java:43)
Caused by: org.openqa.selenium.TimeoutException: Expected condition failed: waiting for element to be clickable: By.xpath: //a[contains(text(),'Quản lý dịch vụ merchant')] (tried for 15 second(s) with 500 milliseconds interval)
Build info: version: '3.141.59', revision: 'unknown', time: 'unknown'
System info: host: 'Aidan', ip: '2405:4803:fd90:9ef0:35c5:6ea1:b1e8:64e8%en0', os.name: 'Mac OS X', os.arch: 'aarch64', os.version: '15.0.1', java.version: '17.0.7'
Driver info: com.kms.katalon.core.webui.driver.SmartWaitWebDriver
Capabilities {acceptInsecureCerts: false, browserName: chrome, browserVersion: 129.0.6668.91, chrome: {chromedriverVersion: 128.0.6613.84 (606aa55c7d68..., userDataDir: /var/folders/t5/b7k67ybj7gz...}, fedcm:accounts: true, goog:chromeOptions: {debuggerAddress: localhost:64150}, javascriptEnabled: true, networkConnectionEnabled: false, pageLoadStrategy: normal, platform: MAC, platformName: MAC, proxy: Proxy(), setWindowRect: true, strictFileInteractability: false, timeouts: {implicit: 0, pageLoad: 300000, script: 30000}, unhandledPromptBehavior: dismiss and notify, webauthn:extension:credBlob: true, webauthn:extension:largeBlob: true, webauthn:extension:minPinLength: true, webauthn:extension:prf: true, webauthn:virtualAuthenticators: true}
Session ID: 38976a8260e6830922472483fe9a9cc8
	at org.openqa.selenium.support.ui.WebDriverWait.timeoutException(WebDriverWait.java:95)
	at org.openqa.selenium.support.ui.FluentWait.until(FluentWait.java:272)
	at CustomFunctions.run(CustomFunctions:19)
	at com.kms.katalon.core.main.ScriptEngine.run(ScriptEngine.java:194)
	at com.kms.katalon.core.main.ScriptEngine.runScriptAsRawText(ScriptEngine.java:119)
	at com.kms.katalon.core.main.TestCaseExecutor.runScript(TestCaseExecutor.java:448)
	at com.kms.katalon.core.main.TestCaseExecutor.doExecute(TestCaseExecutor.java:439)
	at com.kms.katalon.core.main.TestCaseExecutor.processExecutionPhase(TestCaseExecutor.java:418)
	at com.kms.katalon.core.main.TestCaseExecutor.accessMainPhase(TestCaseExecutor.java:410)
	at com.kms.katalon.core.main.TestCaseExecutor.execute(TestCaseExecutor.java:285)
	at com.kms.katalon.core.main.TestCaseMain.runTestCase(TestCaseMain.java:137)
	at com.kms.katalon.core.keyword.builtin.CallTestCaseKeyword$_callTestCase_closure1.doCall(CallTestCaseKeyword.groovy:59)
	... 25 more]]></system-err>
   </testsuite>
</testsuites>
