<?xml version="1.0" encoding="UTF-8"?>
<testsuites name="Nạp tiền" time="489.001" tests="11" failures="0" errors="7">
   <testsuite name="Nạp tiền" tests="11" failures="0" errors="7" time="489.001" skipped="0" timestamp="12-10-2024T22:35:11" hostname="mac - 192.168.1.10" id="Test Suites/Quản lý tài khoản merchant/Nạp tiền">
      <properties>
         <property name="deviceName" value=""/>
         <property name="devicePlatform"/>
         <property name="logFolder" value="/Users/mac/Documents/test/Cms9Pay/Reports/20241012_223506/Qu\u1EA3n l\u00FD t\u00E0i kho\u1EA3n merchant/N\u1EA1p ti\u1EC1n/20241012_223506"/>
         <property name="logFiles" value="/Users/mac/Documents/test/Cms9Pay/Reports/20241012_223506/Qu\u1EA3n l\u00FD t\u00E0i kho\u1EA3n merchant/N\u1EA1p ti\u1EC1n/20241012_223506/execution0.log"/>
         <property name="attachments" value=""/>
         <property name="hostName" value="mac - 192.168.1.10"/>
         <property name="os" value="Mac OS X 64bit"/>
         <property name="katalonVersion" value="9.7.2.223"/>
         <property name="browser" value="Chrome 129.0.0.0"/>
         <property name="hostAddress" value="192.168.1.10"/>
         <property name="sessionId" value="d58902c67903fa1fc5b92448f64eaa83"/>
         <property name="seleniumVersion" value="3.141.59"/>
         <property name="proxyInformation" value="ProxyInformation { proxyOption=NO_PROXY, proxyServerType=HTTP, username=, password=********, proxyServerAddress=, proxyServerPort=0, executionList=&quot;&quot;, isApplyToDesiredCapabilities=true }"/>
         <property name="platform" value="Mac OS X"/>
      </properties>
      <testcase name="Test Cases/Quản lý tài khoản merchant/Quản lý danh sách tài khoản/Nạp tiền/TC_01_Kiểm tra mở màn hình nạp tiền" time="27.012" classname="Test Cases/Quản lý tài khoản merchant/Quản lý danh sách tài khoản/Nạp tiền/TC_01_Kiểm tra mở màn hình nạp tiền" status="PASSED">
         <system-out><![CDATA[12-10-2024T22:35:11 - [TEST_CASE][PASSED] - Test Cases/Quản lý tài khoản merchant/Quản lý danh sách tài khoản/Nạp tiền/TC_01_Kiểm tra mở màn hình nạp tiền: Test Cases/Quản lý tài khoản merchant/Quản lý danh sách tài khoản/Nạp tiền/TC_01_Kiểm tra mở màn hình nạp tiền

12-10-2024T22:35:11 - [TEST_STEP][PASSED] - Start listener action : sampleBeforeTestCase: Navigate to 'https://stg-cms-console.9pay.mobi/login' successfully

12-10-2024T22:35:11 - [TEST_STEP][PASSED] - testCaseId = testCaseContext.getTestCaseId(): null

12-10-2024T22:35:11 - [TEST_STEP][PASSED] - url = <not implemented yet for class: org.codehaus.groovy.ast.expr.EmptyExpression>: null

12-10-2024T22:35:11 - [TEST_STEP][PASSED] - if (testCaseId == "Test Cases/Quản lý tài khoản merchant/Quản lý dịch vụ merchant/TC_14_Kiểm tra thay đổi sau khi cấu hình VA trên MCV"): null

12-10-2024T22:35:11 - [TEST_STEP][PASSED] - else: null

12-10-2024T22:35:11 - [TEST_STEP][PASSED] - url = "https://stg-cms-console.9pay.mobi/login": null

12-10-2024T22:35:11 - [TEST_STEP][PASSED] - openBrowser(""): Browser is opened with url: ''

12-10-2024T22:35:11 - [MESSAGE][INFO] - Starting 'Chrome' driver

12-10-2024T22:35:11 - [MESSAGE][INFO] - Action delay is set to 0 milliseconds

12-10-2024T22:35:13 - [MESSAGE][PASSED] - Browser is opened with url: ''

12-10-2024T22:35:13 - [TEST_STEP][PASSED] - maximizeWindow(): Current window maximized

12-10-2024T22:35:13 - [MESSAGE][PASSED] - Current window maximized

12-10-2024T22:35:13 - [TEST_STEP][PASSED] - navigateToUrl(url): Navigate to 'https://stg-cms-console.9pay.mobi/login' successfully

12-10-2024T22:35:16 - [MESSAGE][PASSED] - Navigate to 'https://stg-cms-console.9pay.mobi/login' successfully

12-10-2024T22:35:16 - [TEST_STEP][PASSED] - driver = getWebDriver(): null

12-10-2024T22:35:16 - [TEST_STEP][PASSED] - callTestCase(findTestCase("Test Cases/Login/LoginCommon"), [:], STOP_ON_FAILURE): Call Test Case 'Test Cases/Login/LoginCommon' successfully

12-10-2024T22:35:16 - [TEST_CASE][PASSED] - Test Cases/Login/LoginCommon: Test Cases/Login/LoginCommon

12-10-2024T22:35:16 - [TEST_STEP][PASSED] - driver = getWebDriver(): null

12-10-2024T22:35:16 - [TEST_STEP][PASSED] - sendKeys(findTestObject("Quản lý tài khoản merchant/Quản lý dịch vụ merchant/userNameTextbox"), userAccount): Keys 'dannt@9pay.vn' sent to object: 'Object Repository/Quản lý tài khoản merchant/Quản lý dịch vụ merchant/userNameTextbox'

12-10-2024T22:35:16 - [MESSAGE][PASSED] - Keys 'dannt@9pay.vn' sent to object: 'Object Repository/Quản lý tài khoản merchant/Quản lý dịch vụ merchant/userNameTextbox'

12-10-2024T22:35:16 - [TEST_STEP][PASSED] - sendKeys(findTestObject("Quản lý tài khoản merchant/Quản lý dịch vụ merchant/passwordTextbox"), password): Keys 'dannt@9pay.vn' sent to object: 'Object Repository/Quản lý tài khoản merchant/Quản lý dịch vụ merchant/passwordTextbox'

12-10-2024T22:35:17 - [MESSAGE][PASSED] - Keys 'dannt@9pay.vn' sent to object: 'Object Repository/Quản lý tài khoản merchant/Quản lý dịch vụ merchant/passwordTextbox'

12-10-2024T22:35:17 - [TEST_STEP][PASSED] - click(findTestObject("Quản lý tài khoản merchant/Quản lý dịch vụ merchant/loginButton")): Object: 'Object Repository/Quản lý tài khoản merchant/Quản lý dịch vụ merchant/loginButton' is clicked on

12-10-2024T22:35:17 - [MESSAGE][PASSED] - Object: 'Object Repository/Quản lý tài khoản merchant/Quản lý dịch vụ merchant/loginButton' is clicked on

12-10-2024T22:35:17 - [MESSAGE][PASSED] - Call Test Case 'Test Cases/Login/LoginCommon' successfully

12-10-2024T22:35:17 - [TEST_STEP][PASSED] - waitForElementVisible(findTestObject("Trang chủ/userName"), 20, STOP_ON_FAILURE): Object 'Object Repository/Trang chủ/userName' is visible

12-10-2024T22:35:21 - [MESSAGE][PASSED] - Object 'Object Repository/Trang chủ/userName' is visible

12-10-2024T22:35:21 - [TEST_STEP][PASSED] - callTestCase(findTestCase("Test Cases/Quản lý tài khoản merchant/Quản lý danh sách tài khoản/CustomFunctions Deposit"), [:], STOP_ON_FAILURE): Call Test Case 'Test Cases/Quản lý tài khoản merchant/Quản lý danh sách tài khoản/CustomFunctions Deposit' successfully

12-10-2024T22:35:21 - [TEST_CASE][PASSED] - Test Cases/Quản lý tài khoản merchant/Quản lý danh sách tài khoản/CustomFunctions Deposit: Test Cases/Quản lý tài khoản merchant/Quản lý danh sách tài khoản/CustomFunctions Deposit

12-10-2024T22:35:21 - [TEST_STEP][PASSED] - driver = getWebDriver(): null

12-10-2024T22:35:21 - [TEST_STEP][PASSED] - element1 = driver.findElement(By.xpath("//span[contains(text(),'Quản lý tài khoản merchant')]")): null

12-10-2024T22:35:21 - [TEST_STEP][PASSED] - actions = new org.openqa.selenium.interactions.Actions(driver): null

12-10-2024T22:35:21 - [TEST_STEP][PASSED] - click().perform(): null

12-10-2024T22:35:21 - [TEST_STEP][PASSED] - wait = new org.openqa.selenium.support.ui.WebDriverWait(com.kms.katalon.core.webui.driver.DriverFactory.getWebDriver(), 15): null

12-10-2024T22:35:21 - [TEST_STEP][PASSED] - xpath(xpathManagerListAccount))).click(): null

12-10-2024T22:35:22 - [MESSAGE][PASSED] - Call Test Case 'Test Cases/Quản lý tài khoản merchant/Quản lý danh sách tài khoản/CustomFunctions Deposit' successfully

12-10-2024T22:35:22 - [TEST_STEP][PASSED] - wait = new org.openqa.selenium.support.ui.WebDriverWait(com.kms.katalon.core.webui.driver.DriverFactory.getWebDriver(), 20): null

12-10-2024T22:35:22 - [TEST_STEP][PASSED] - userCode = wait.until(ExpectedConditions.visibilityOfElementLocated(By.xpath(xpathUserCode))): null

12-10-2024T22:35:25 - [TEST_STEP][PASSED] - println(userCode.getText()): null

12-10-2024T22:35:25 - [TEST_STEP][PASSED] - accountBtn = wait.until(ExpectedConditions.elementToBeClickable(By.xpath(xpathBtnAccount))): null

12-10-2024T22:35:25 - [TEST_STEP][PASSED] - accountBtn.click(): null

12-10-2024T22:35:25 - [TEST_STEP][PASSED] - searchTextbox = wait.until(ExpectedConditions.elementToBeClickable(By.xpath(xpathSearchTextbox))): null

12-10-2024T22:35:25 - [TEST_STEP][PASSED] - searchTextbox.sendKeys(username): null

12-10-2024T22:35:25 - [TEST_STEP][PASSED] - xpath(xpathOption)).click(): null

12-10-2024T22:35:26 - [TEST_STEP][PASSED] - xpath(xpathBtnSearch)).click(): null

12-10-2024T22:35:26 - [TEST_STEP][PASSED] - Assert.assertEquals(xpath(xpathAccountName)).getText(), username): null

12-10-2024T22:35:27 - [TEST_STEP][PASSED] - xpath(xpathBtnDeposit)).click(): null

12-10-2024T22:35:28 - [TEST_STEP][PASSED] - Assert.assertEquals(xpath(xpathTitle)).getText(), titleText): null

12-10-2024T22:35:38 - [TEST_STEP][PASSED] - Start listener action : sampleAfterTestCase: null

12-10-2024T22:35:38 - [TEST_STEP][PASSED] - testCaseId = testCaseContext.getTestCaseId(): null

12-10-2024T22:35:38 - [TEST_STEP][PASSED] - if (testCaseId == "Test Cases/Quản lý tài khoản merchant/Quản lý dịch vụ merchant/TC_13_Kiểm tra chức năng xác nhận cấu hình thay đổi VA"): null]]></system-out>
         <system-err><![CDATA[]]></system-err>
      </testcase>
      <testcase name="Test Cases/Quản lý tài khoản merchant/Quản lý danh sách tài khoản/Nạp tiền/TC_02_Kiểm tra khi để trống các trường trong màn Nạp tiền" time="34.889" classname="Test Cases/Quản lý tài khoản merchant/Quản lý danh sách tài khoản/Nạp tiền/TC_02_Kiểm tra khi để trống các trường trong màn Nạp tiền" status="ERROR">
         <error type="ERROR" message="Test Cases/Quản lý tài khoản merchant/Quản lý danh sách tài khoản/Nạp tiền/TC_02_Kiểm tra khi để trống các trường trong màn Nạp tiền FAILED.&#xa;Reason:&#xa;org.openqa.selenium.TimeoutException: Expected condition failed: waiting for visibility of element located by By.xpath: //span[@class='filter-option pull-left'][normalize-space()='dannt11'] (tried for 20 second(s) with 500 milliseconds interval)&#xa;	at org.openqa.selenium.support.ui.WebDriverWait.timeoutException(WebDriverWait.java:95)&#xa;	at org.openqa.selenium.support.ui.FluentWait.until(FluentWait.java:272)&#xa;	at TC_02_Kiểm tra khi để trống các trường trong màn Nạp tiền.run(TC_02_Kiểm tra khi để trống các trường trong màn Nạp tiền:40)&#xa;	at com.kms.katalon.core.main.ScriptEngine.run(ScriptEngine.java:194)&#xa;	at com.kms.katalon.core.main.ScriptEngine.runScriptAsRawText(ScriptEngine.java:119)&#xa;	at com.kms.katalon.core.main.TestCaseExecutor.runScript(TestCaseExecutor.java:448)&#xa;	at com.kms.katalon.core.main.TestCaseExecutor.doExecute(TestCaseExecutor.java:439)&#xa;	at com.kms.katalon.core.main.TestCaseExecutor.processExecutionPhase(TestCaseExecutor.java:418)&#xa;	at com.kms.katalon.core.main.TestCaseExecutor.accessMainPhase(TestCaseExecutor.java:410)&#xa;	at com.kms.katalon.core.main.TestCaseExecutor.execute(TestCaseExecutor.java:285)&#xa;	at com.kms.katalon.core.common.CommonExecutor.accessTestCaseMainPhase(CommonExecutor.java:65)&#xa;	at com.kms.katalon.core.main.TestSuiteExecutor.accessTestSuiteMainPhase(TestSuiteExecutor.java:150)&#xa;	at com.kms.katalon.core.main.TestSuiteExecutor.execute(TestSuiteExecutor.java:106)&#xa;	at com.kms.katalon.core.main.TestCaseMain.startTestSuite(TestCaseMain.java:180)&#xa;	at TempTestSuite1728747306042.run(TempTestSuite1728747306042.groovy:35)&#xa;	at java.base/jdk.internal.reflect.NativeMethodAccessorImpl.invoke0(Native Method)&#xa;	at java.base/jdk.internal.reflect.NativeMethodAccessorImpl.invoke(NativeMethodAccessorImpl.java:77)&#xa;	at java.base/jdk.internal.reflect.DelegatingMethodAccessorImpl.invoke(DelegatingMethodAccessorImpl.java:43)&#xa;Caused by: org.openqa.selenium.NoSuchElementException: no such element: Unable to locate element: {&quot;method&quot;:&quot;xpath&quot;,&quot;selector&quot;:&quot;//span[@class='filter-option pull-left'][normalize-space()='dannt11']&quot;}&#xa;  (Session info: chrome=129.0.6668.91)&#xa;For documentation on this error, please visit: https://www.seleniumhq.org/exceptions/no_such_element.html&#xa;Build info: version: '3.141.59', revision: 'unknown', time: 'unknown'&#xa;System info: host: 'Aidan', ip: '2405:4803:fd90:9ef0:35c5:6ea1:b1e8:64e8%en0', os.name: 'Mac OS X', os.arch: 'aarch64', os.version: '15.0.1', java.version: '17.0.7'&#xa;Driver info: com.kms.katalon.selenium.driver.CChromeDriver&#xa;Capabilities {acceptInsecureCerts: false, browserName: chrome, browserVersion: 129.0.6668.91, chrome: {chromedriverVersion: 128.0.6613.84 (606aa55c7d68..., userDataDir: /var/folders/t5/b7k67ybj7gz...}, fedcm:accounts: true, goog:chromeOptions: {debuggerAddress: localhost:54476}, javascriptEnabled: true, networkConnectionEnabled: false, pageLoadStrategy: normal, platform: MAC, platformName: MAC, proxy: Proxy(), setWindowRect: true, strictFileInteractability: false, timeouts: {implicit: 0, pageLoad: 300000, script: 30000}, unhandledPromptBehavior: dismiss and notify, webauthn:extension:credBlob: true, webauthn:extension:largeBlob: true, webauthn:extension:minPinLength: true, webauthn:extension:prf: true, webauthn:virtualAuthenticators: true}&#xa;Session ID: 25afc7689f9af6efb17fd8f3060666e5&#xa;*** Element info: {Using=xpath, value=//span[@class='filter-option pull-left'][normalize-space()='dannt11']}&#xa;	at jdk.internal.reflect.GeneratedConstructorAccessor21.newInstance(Unknown Source)&#xa;	at java.base/jdk.internal.reflect.DelegatingConstructorAccessorImpl.newInstance(DelegatingConstructorAccessorImpl.java:45)&#xa;	at org.openqa.selenium.remote.http.W3CHttpResponseCodec.createException(W3CHttpResponseCodec.java:187)&#xa;	at org.openqa.selenium.remote.http.W3CHttpResponseCodec.decode(W3CHttpResponseCodec.java:122)&#xa;	at org.openqa.selenium.remote.http.W3CHttpResponseCodec.decode(W3CHttpResponseCodec.java:49)&#xa;	at org.openqa.selenium.remote.HttpCommandExecutor.execute(HttpCommandExecutor.java:158)&#xa;	at org.openqa.selenium.remote.service.DriverCommandExecutor.execute(DriverCommandExecutor.java:83)&#xa;	at org.openqa.selenium.remote.RemoteWebDriver.execute(RemoteWebDriver.java:552)&#xa;	at com.kms.katalon.selenium.driver.CChromeDriver.execute(CChromeDriver.java:19)&#xa;	at org.openqa.selenium.remote.RemoteWebDriver.findElement(RemoteWebDriver.java:323)&#xa;	at org.openqa.selenium.remote.RemoteWebDriver.findElementByXPath(RemoteWebDriver.java:428)&#xa;	at org.openqa.selenium.By$ByXPath.findElement(By.java:353)&#xa;	at org.openqa.selenium.remote.RemoteWebDriver.findElement(RemoteWebDriver.java:315)&#xa;	at jdk.internal.reflect.GeneratedMethodAccessor9.invoke(Unknown Source)&#xa;	at java.base/jdk.internal.reflect.DelegatingMethodAccessorImpl.invoke(DelegatingMethodAccessorImpl.java:43)&#xa;	at org.openqa.selenium.support.events.EventFiringWebDriver.lambda$new$1(EventFiringWebDriver.java:105)&#xa;	at jdk.proxy2/jdk.proxy2.$Proxy22.findElement(Unknown Source)&#xa;	at org.openqa.selenium.support.events.EventFiringWebDriver.findElement(EventFiringWebDriver.java:194)&#xa;	at org.openqa.selenium.support.ui.ExpectedConditions$7.apply(ExpectedConditions.java:205)&#xa;	at org.openqa.selenium.support.ui.ExpectedConditions$7.apply(ExpectedConditions.java:201)&#xa;	at org.openqa.selenium.support.ui.FluentWait.until(FluentWait.java:249)&#xa;	... 16 more&#xa;"/>
         <system-out><![CDATA[12-10-2024T22:35:38 - [TEST_CASE][ERROR] - Test Cases/Quản lý tài khoản merchant/Quản lý danh sách tài khoản/Nạp tiền/TC_02_Kiểm tra khi để trống các trường trong màn Nạp tiền: Test Cases/Quản lý tài khoản merchant/Quản lý danh sách tài khoản/Nạp tiền/TC_02_Kiểm tra khi để trống các trường trong màn Nạp tiền FAILED.
Reason:
org.openqa.selenium.TimeoutException: Expected condition failed: waiting for visibility of element located by By.xpath: //span[@class='filter-option pull-left'][normalize-space()='dannt11'] (tried for 20 second(s) with 500 milliseconds interval)
	at org.openqa.selenium.support.ui.WebDriverWait.timeoutException(WebDriverWait.java:95)
	at org.openqa.selenium.support.ui.FluentWait.until(FluentWait.java:272)
	at TC_02_Kiểm tra khi để trống các trường trong màn Nạp tiền.run(TC_02_Kiểm tra khi để trống các trường trong màn Nạp tiền:40)
	at com.kms.katalon.core.main.ScriptEngine.run(ScriptEngine.java:194)
	at com.kms.katalon.core.main.ScriptEngine.runScriptAsRawText(ScriptEngine.java:119)
	at com.kms.katalon.core.main.TestCaseExecutor.runScript(TestCaseExecutor.java:448)
	at com.kms.katalon.core.main.TestCaseExecutor.doExecute(TestCaseExecutor.java:439)
	at com.kms.katalon.core.main.TestCaseExecutor.processExecutionPhase(TestCaseExecutor.java:418)
	at com.kms.katalon.core.main.TestCaseExecutor.accessMainPhase(TestCaseExecutor.java:410)
	at com.kms.katalon.core.main.TestCaseExecutor.execute(TestCaseExecutor.java:285)
	at com.kms.katalon.core.common.CommonExecutor.accessTestCaseMainPhase(CommonExecutor.java:65)
	at com.kms.katalon.core.main.TestSuiteExecutor.accessTestSuiteMainPhase(TestSuiteExecutor.java:150)
	at com.kms.katalon.core.main.TestSuiteExecutor.execute(TestSuiteExecutor.java:106)
	at com.kms.katalon.core.main.TestCaseMain.startTestSuite(TestCaseMain.java:180)
	at TempTestSuite1728747306042.run(TempTestSuite1728747306042.groovy:35)
	at java.base/jdk.internal.reflect.NativeMethodAccessorImpl.invoke0(Native Method)
	at java.base/jdk.internal.reflect.NativeMethodAccessorImpl.invoke(NativeMethodAccessorImpl.java:77)
	at java.base/jdk.internal.reflect.DelegatingMethodAccessorImpl.invoke(DelegatingMethodAccessorImpl.java:43)
Caused by: org.openqa.selenium.NoSuchElementException: no such element: Unable to locate element: {"method":"xpath","selector":"//span[@class='filter-option pull-left'][normalize-space()='dannt11']"}
  (Session info: chrome=129.0.6668.91)
For documentation on this error, please visit: https://www.seleniumhq.org/exceptions/no_such_element.html
Build info: version: '3.141.59', revision: 'unknown', time: 'unknown'
System info: host: 'Aidan', ip: '2405:4803:fd90:9ef0:35c5:6ea1:b1e8:64e8%en0', os.name: 'Mac OS X', os.arch: 'aarch64', os.version: '15.0.1', java.version: '17.0.7'
Driver info: com.kms.katalon.selenium.driver.CChromeDriver
Capabilities {acceptInsecureCerts: false, browserName: chrome, browserVersion: 129.0.6668.91, chrome: {chromedriverVersion: 128.0.6613.84 (606aa55c7d68..., userDataDir: /var/folders/t5/b7k67ybj7gz...}, fedcm:accounts: true, goog:chromeOptions: {debuggerAddress: localhost:54476}, javascriptEnabled: true, networkConnectionEnabled: false, pageLoadStrategy: normal, platform: MAC, platformName: MAC, proxy: Proxy(), setWindowRect: true, strictFileInteractability: false, timeouts: {implicit: 0, pageLoad: 300000, script: 30000}, unhandledPromptBehavior: dismiss and notify, webauthn:extension:credBlob: true, webauthn:extension:largeBlob: true, webauthn:extension:minPinLength: true, webauthn:extension:prf: true, webauthn:virtualAuthenticators: true}
Session ID: 25afc7689f9af6efb17fd8f3060666e5
*** Element info: {Using=xpath, value=//span[@class='filter-option pull-left'][normalize-space()='dannt11']}
	at jdk.internal.reflect.GeneratedConstructorAccessor21.newInstance(Unknown Source)
	at java.base/jdk.internal.reflect.DelegatingConstructorAccessorImpl.newInstance(DelegatingConstructorAccessorImpl.java:45)
	at org.openqa.selenium.remote.http.W3CHttpResponseCodec.createException(W3CHttpResponseCodec.java:187)
	at org.openqa.selenium.remote.http.W3CHttpResponseCodec.decode(W3CHttpResponseCodec.java:122)
	at org.openqa.selenium.remote.http.W3CHttpResponseCodec.decode(W3CHttpResponseCodec.java:49)
	at org.openqa.selenium.remote.HttpCommandExecutor.execute(HttpCommandExecutor.java:158)
	at org.openqa.selenium.remote.service.DriverCommandExecutor.execute(DriverCommandExecutor.java:83)
	at org.openqa.selenium.remote.RemoteWebDriver.execute(RemoteWebDriver.java:552)
	at com.kms.katalon.selenium.driver.CChromeDriver.execute(CChromeDriver.java:19)
	at org.openqa.selenium.remote.RemoteWebDriver.findElement(RemoteWebDriver.java:323)
	at org.openqa.selenium.remote.RemoteWebDriver.findElementByXPath(RemoteWebDriver.java:428)
	at org.openqa.selenium.By$ByXPath.findElement(By.java:353)
	at org.openqa.selenium.remote.RemoteWebDriver.findElement(RemoteWebDriver.java:315)
	at jdk.internal.reflect.GeneratedMethodAccessor9.invoke(Unknown Source)
	at java.base/jdk.internal.reflect.DelegatingMethodAccessorImpl.invoke(DelegatingMethodAccessorImpl.java:43)
	at org.openqa.selenium.support.events.EventFiringWebDriver.lambda$new$1(EventFiringWebDriver.java:105)
	at jdk.proxy2/jdk.proxy2.$Proxy22.findElement(Unknown Source)
	at org.openqa.selenium.support.events.EventFiringWebDriver.findElement(EventFiringWebDriver.java:194)
	at org.openqa.selenium.support.ui.ExpectedConditions$7.apply(ExpectedConditions.java:205)
	at org.openqa.selenium.support.ui.ExpectedConditions$7.apply(ExpectedConditions.java:201)
	at org.openqa.selenium.support.ui.FluentWait.until(FluentWait.java:249)
	... 16 more


12-10-2024T22:35:38 - [TEST_STEP][PASSED] - Start listener action : sampleBeforeTestCase: Navigate to 'https://stg-cms-console.9pay.mobi/login' successfully

12-10-2024T22:35:38 - [TEST_STEP][PASSED] - testCaseId = testCaseContext.getTestCaseId(): null

12-10-2024T22:35:38 - [TEST_STEP][PASSED] - url = <not implemented yet for class: org.codehaus.groovy.ast.expr.EmptyExpression>: null

12-10-2024T22:35:38 - [TEST_STEP][PASSED] - if (testCaseId == "Test Cases/Quản lý tài khoản merchant/Quản lý dịch vụ merchant/TC_14_Kiểm tra thay đổi sau khi cấu hình VA trên MCV"): null

12-10-2024T22:35:38 - [TEST_STEP][PASSED] - else: null

12-10-2024T22:35:38 - [TEST_STEP][PASSED] - url = "https://stg-cms-console.9pay.mobi/login": null

12-10-2024T22:35:38 - [TEST_STEP][PASSED] - openBrowser(""): Browser is opened with url: ''

12-10-2024T22:35:38 - [MESSAGE][WARNING] - A browser is already opened. Closing browser and opening a new one

12-10-2024T22:35:38 - [MESSAGE][INFO] - Starting 'Chrome' driver

12-10-2024T22:35:38 - [MESSAGE][INFO] - Action delay is set to 0 milliseconds

12-10-2024T22:35:39 - [MESSAGE][PASSED] - Browser is opened with url: ''

12-10-2024T22:35:39 - [TEST_STEP][PASSED] - maximizeWindow(): Current window maximized

12-10-2024T22:35:39 - [MESSAGE][PASSED] - Current window maximized

12-10-2024T22:35:39 - [TEST_STEP][PASSED] - navigateToUrl(url): Navigate to 'https://stg-cms-console.9pay.mobi/login' successfully

12-10-2024T22:35:41 - [MESSAGE][PASSED] - Navigate to 'https://stg-cms-console.9pay.mobi/login' successfully

12-10-2024T22:35:41 - [TEST_STEP][PASSED] - driver = getWebDriver(): null

12-10-2024T22:35:41 - [TEST_STEP][PASSED] - callTestCase(findTestCase("Test Cases/Login/LoginCommon"), [:], STOP_ON_FAILURE): Call Test Case 'Test Cases/Login/LoginCommon' successfully

12-10-2024T22:35:41 - [TEST_CASE][PASSED] - Test Cases/Login/LoginCommon: Test Cases/Login/LoginCommon

12-10-2024T22:35:41 - [TEST_STEP][PASSED] - driver = getWebDriver(): null

12-10-2024T22:35:41 - [TEST_STEP][PASSED] - sendKeys(findTestObject("Quản lý tài khoản merchant/Quản lý dịch vụ merchant/userNameTextbox"), userAccount): Keys 'dannt@9pay.vn' sent to object: 'Object Repository/Quản lý tài khoản merchant/Quản lý dịch vụ merchant/userNameTextbox'

12-10-2024T22:35:42 - [MESSAGE][PASSED] - Keys 'dannt@9pay.vn' sent to object: 'Object Repository/Quản lý tài khoản merchant/Quản lý dịch vụ merchant/userNameTextbox'

12-10-2024T22:35:42 - [TEST_STEP][PASSED] - sendKeys(findTestObject("Quản lý tài khoản merchant/Quản lý dịch vụ merchant/passwordTextbox"), password): Keys 'dannt@9pay.vn' sent to object: 'Object Repository/Quản lý tài khoản merchant/Quản lý dịch vụ merchant/passwordTextbox'

12-10-2024T22:35:42 - [MESSAGE][PASSED] - Keys 'dannt@9pay.vn' sent to object: 'Object Repository/Quản lý tài khoản merchant/Quản lý dịch vụ merchant/passwordTextbox'

12-10-2024T22:35:42 - [TEST_STEP][PASSED] - click(findTestObject("Quản lý tài khoản merchant/Quản lý dịch vụ merchant/loginButton")): Object: 'Object Repository/Quản lý tài khoản merchant/Quản lý dịch vụ merchant/loginButton' is clicked on

12-10-2024T22:35:42 - [MESSAGE][PASSED] - Object: 'Object Repository/Quản lý tài khoản merchant/Quản lý dịch vụ merchant/loginButton' is clicked on

12-10-2024T22:35:42 - [MESSAGE][PASSED] - Call Test Case 'Test Cases/Login/LoginCommon' successfully

12-10-2024T22:35:42 - [TEST_STEP][PASSED] - waitForElementVisible(findTestObject("Trang chủ/userName"), 20, STOP_ON_FAILURE): Object 'Object Repository/Trang chủ/userName' is visible

12-10-2024T22:35:46 - [MESSAGE][PASSED] - Object 'Object Repository/Trang chủ/userName' is visible

12-10-2024T22:35:46 - [TEST_STEP][PASSED] - callTestCase(findTestCase("Test Cases/Quản lý tài khoản merchant/Quản lý danh sách tài khoản/CustomFunctions Deposit"), [:], STOP_ON_FAILURE): Call Test Case 'Test Cases/Quản lý tài khoản merchant/Quản lý danh sách tài khoản/CustomFunctions Deposit' successfully

12-10-2024T22:35:46 - [TEST_CASE][PASSED] - Test Cases/Quản lý tài khoản merchant/Quản lý danh sách tài khoản/CustomFunctions Deposit: Test Cases/Quản lý tài khoản merchant/Quản lý danh sách tài khoản/CustomFunctions Deposit

12-10-2024T22:35:46 - [TEST_STEP][PASSED] - driver = getWebDriver(): null

12-10-2024T22:35:46 - [TEST_STEP][PASSED] - element1 = driver.findElement(By.xpath("//span[contains(text(),'Quản lý tài khoản merchant')]")): null

12-10-2024T22:35:46 - [TEST_STEP][PASSED] - actions = new org.openqa.selenium.interactions.Actions(driver): null

12-10-2024T22:35:46 - [TEST_STEP][PASSED] - click().perform(): null

12-10-2024T22:35:46 - [TEST_STEP][PASSED] - wait = new org.openqa.selenium.support.ui.WebDriverWait(com.kms.katalon.core.webui.driver.DriverFactory.getWebDriver(), 15): null

12-10-2024T22:35:46 - [TEST_STEP][PASSED] - xpath(xpathManagerListAccount))).click(): null

12-10-2024T22:35:47 - [MESSAGE][PASSED] - Call Test Case 'Test Cases/Quản lý tài khoản merchant/Quản lý danh sách tài khoản/CustomFunctions Deposit' successfully

12-10-2024T22:35:47 - [TEST_STEP][PASSED] - wait = new org.openqa.selenium.support.ui.WebDriverWait(com.kms.katalon.core.webui.driver.DriverFactory.getWebDriver(), 20): null

12-10-2024T22:35:47 - [TEST_STEP][PASSED] - userCode = wait.until(ExpectedConditions.visibilityOfElementLocated(By.xpath(xpathUserCode))): null

12-10-2024T22:35:50 - [TEST_STEP][PASSED] - println(userCode.getText()): null

12-10-2024T22:35:50 - [TEST_STEP][PASSED] - xpath(xpathBtnAccount))).click(): null

12-10-2024T22:35:50 - [TEST_STEP][PASSED] - searchTextbox = wait.until(ExpectedConditions.elementToBeClickable(By.xpath(xpathSearchTextbox))): null

12-10-2024T22:35:50 - [TEST_STEP][PASSED] - searchTextbox.sendKeys("dannt11"): null

12-10-2024T22:35:51 - [TEST_STEP][PASSED] - xpath(xpathOption)).click(): null

12-10-2024T22:35:51 - [TEST_STEP][PASSED] - xpath(xpathBtnSearch)).click(): null

12-10-2024T22:35:51 - [TEST_STEP][PASSED] - wait.until(ExpectedConditions.visibilityOfElementLocated(By.xpath(xpathAccountName))): null

12-10-2024T22:35:52 - [TEST_STEP][PASSED] - Assert.assertEquals(xpath(xpathAccountName)).getText(), username): null

12-10-2024T22:35:52 - [TEST_STEP][PASSED] - xpath(xpathBtnDeposit)).click(): null

12-10-2024T22:35:53 - [TEST_STEP][ERROR] - textFiled = wait.until(ExpectedConditions.visibilityOfElementLocated(By.xpath(xpathTextAccount))): Test Cases/Quản lý tài khoản merchant/Quản lý danh sách tài khoản/Nạp tiền/TC_02_Kiểm tra khi để trống các trường trong màn Nạp tiền FAILED.
Reason:
org.openqa.selenium.TimeoutException: Expected condition failed: waiting for visibility of element located by By.xpath: //span[@class='filter-option pull-left'][normalize-space()='dannt11'] (tried for 20 second(s) with 500 milliseconds interval)
	at org.openqa.selenium.support.ui.WebDriverWait.timeoutException(WebDriverWait.java:95)
	at org.openqa.selenium.support.ui.FluentWait.until(FluentWait.java:272)
	at TC_02_Kiểm tra khi để trống các trường trong màn Nạp tiền.run(TC_02_Kiểm tra khi để trống các trường trong màn Nạp tiền:40)
	at com.kms.katalon.core.main.ScriptEngine.run(ScriptEngine.java:194)
	at com.kms.katalon.core.main.ScriptEngine.runScriptAsRawText(ScriptEngine.java:119)
	at com.kms.katalon.core.main.TestCaseExecutor.runScript(TestCaseExecutor.java:448)
	at com.kms.katalon.core.main.TestCaseExecutor.doExecute(TestCaseExecutor.java:439)
	at com.kms.katalon.core.main.TestCaseExecutor.processExecutionPhase(TestCaseExecutor.java:418)
	at com.kms.katalon.core.main.TestCaseExecutor.accessMainPhase(TestCaseExecutor.java:410)
	at com.kms.katalon.core.main.TestCaseExecutor.execute(TestCaseExecutor.java:285)
	at com.kms.katalon.core.common.CommonExecutor.accessTestCaseMainPhase(CommonExecutor.java:65)
	at com.kms.katalon.core.main.TestSuiteExecutor.accessTestSuiteMainPhase(TestSuiteExecutor.java:150)
	at com.kms.katalon.core.main.TestSuiteExecutor.execute(TestSuiteExecutor.java:106)
	at com.kms.katalon.core.main.TestCaseMain.startTestSuite(TestCaseMain.java:180)
	at TempTestSuite1728747306042.run(TempTestSuite1728747306042.groovy:35)
	at java.base/jdk.internal.reflect.NativeMethodAccessorImpl.invoke0(Native Method)
	at java.base/jdk.internal.reflect.NativeMethodAccessorImpl.invoke(NativeMethodAccessorImpl.java:77)
	at java.base/jdk.internal.reflect.DelegatingMethodAccessorImpl.invoke(DelegatingMethodAccessorImpl.java:43)
Caused by: org.openqa.selenium.NoSuchElementException: no such element: Unable to locate element: {"method":"xpath","selector":"//span[@class='filter-option pull-left'][normalize-space()='dannt11']"}
  (Session info: chrome=129.0.6668.91)
For documentation on this error, please visit: https://www.seleniumhq.org/exceptions/no_such_element.html
Build info: version: '3.141.59', revision: 'unknown', time: 'unknown'
System info: host: 'Aidan', ip: '2405:4803:fd90:9ef0:35c5:6ea1:b1e8:64e8%en0', os.name: 'Mac OS X', os.arch: 'aarch64', os.version: '15.0.1', java.version: '17.0.7'
Driver info: com.kms.katalon.selenium.driver.CChromeDriver
Capabilities {acceptInsecureCerts: false, browserName: chrome, browserVersion: 129.0.6668.91, chrome: {chromedriverVersion: 128.0.6613.84 (606aa55c7d68..., userDataDir: /var/folders/t5/b7k67ybj7gz...}, fedcm:accounts: true, goog:chromeOptions: {debuggerAddress: localhost:54476}, javascriptEnabled: true, networkConnectionEnabled: false, pageLoadStrategy: normal, platform: MAC, platformName: MAC, proxy: Proxy(), setWindowRect: true, strictFileInteractability: false, timeouts: {implicit: 0, pageLoad: 300000, script: 30000}, unhandledPromptBehavior: dismiss and notify, webauthn:extension:credBlob: true, webauthn:extension:largeBlob: true, webauthn:extension:minPinLength: true, webauthn:extension:prf: true, webauthn:virtualAuthenticators: true}
Session ID: 25afc7689f9af6efb17fd8f3060666e5
*** Element info: {Using=xpath, value=//span[@class='filter-option pull-left'][normalize-space()='dannt11']}
	at jdk.internal.reflect.GeneratedConstructorAccessor21.newInstance(Unknown Source)
	at java.base/jdk.internal.reflect.DelegatingConstructorAccessorImpl.newInstance(DelegatingConstructorAccessorImpl.java:45)
	at org.openqa.selenium.remote.http.W3CHttpResponseCodec.createException(W3CHttpResponseCodec.java:187)
	at org.openqa.selenium.remote.http.W3CHttpResponseCodec.decode(W3CHttpResponseCodec.java:122)
	at org.openqa.selenium.remote.http.W3CHttpResponseCodec.decode(W3CHttpResponseCodec.java:49)
	at org.openqa.selenium.remote.HttpCommandExecutor.execute(HttpCommandExecutor.java:158)
	at org.openqa.selenium.remote.service.DriverCommandExecutor.execute(DriverCommandExecutor.java:83)
	at org.openqa.selenium.remote.RemoteWebDriver.execute(RemoteWebDriver.java:552)
	at com.kms.katalon.selenium.driver.CChromeDriver.execute(CChromeDriver.java:19)
	at org.openqa.selenium.remote.RemoteWebDriver.findElement(RemoteWebDriver.java:323)
	at org.openqa.selenium.remote.RemoteWebDriver.findElementByXPath(RemoteWebDriver.java:428)
	at org.openqa.selenium.By$ByXPath.findElement(By.java:353)
	at org.openqa.selenium.remote.RemoteWebDriver.findElement(RemoteWebDriver.java:315)
	at jdk.internal.reflect.GeneratedMethodAccessor9.invoke(Unknown Source)
	at java.base/jdk.internal.reflect.DelegatingMethodAccessorImpl.invoke(DelegatingMethodAccessorImpl.java:43)
	at org.openqa.selenium.support.events.EventFiringWebDriver.lambda$new$1(EventFiringWebDriver.java:105)
	at jdk.proxy2/jdk.proxy2.$Proxy22.findElement(Unknown Source)
	at org.openqa.selenium.support.events.EventFiringWebDriver.findElement(EventFiringWebDriver.java:194)
	at org.openqa.selenium.support.ui.ExpectedConditions$7.apply(ExpectedConditions.java:205)
	at org.openqa.selenium.support.ui.ExpectedConditions$7.apply(ExpectedConditions.java:201)
	at org.openqa.selenium.support.ui.FluentWait.until(FluentWait.java:249)
	at Script1720714997650.run(Script1720714997650.groovy:40)
	... 15 more


12-10-2024T22:36:13 - [MESSAGE][ERROR] - Test Cases/Quản lý tài khoản merchant/Quản lý danh sách tài khoản/Nạp tiền/TC_02_Kiểm tra khi để trống các trường trong màn Nạp tiền FAILED.
Reason:
org.openqa.selenium.TimeoutException: Expected condition failed: waiting for visibility of element located by By.xpath: //span[@class='filter-option pull-left'][normalize-space()='dannt11'] (tried for 20 second(s) with 500 milliseconds interval)
	at org.openqa.selenium.support.ui.WebDriverWait.timeoutException(WebDriverWait.java:95)
	at org.openqa.selenium.support.ui.FluentWait.until(FluentWait.java:272)
	at TC_02_Kiểm tra khi để trống các trường trong màn Nạp tiền.run(TC_02_Kiểm tra khi để trống các trường trong màn Nạp tiền:40)
	at com.kms.katalon.core.main.ScriptEngine.run(ScriptEngine.java:194)
	at com.kms.katalon.core.main.ScriptEngine.runScriptAsRawText(ScriptEngine.java:119)
	at com.kms.katalon.core.main.TestCaseExecutor.runScript(TestCaseExecutor.java:448)
	at com.kms.katalon.core.main.TestCaseExecutor.doExecute(TestCaseExecutor.java:439)
	at com.kms.katalon.core.main.TestCaseExecutor.processExecutionPhase(TestCaseExecutor.java:418)
	at com.kms.katalon.core.main.TestCaseExecutor.accessMainPhase(TestCaseExecutor.java:410)
	at com.kms.katalon.core.main.TestCaseExecutor.execute(TestCaseExecutor.java:285)
	at com.kms.katalon.core.common.CommonExecutor.accessTestCaseMainPhase(CommonExecutor.java:65)
	at com.kms.katalon.core.main.TestSuiteExecutor.accessTestSuiteMainPhase(TestSuiteExecutor.java:150)
	at com.kms.katalon.core.main.TestSuiteExecutor.execute(TestSuiteExecutor.java:106)
	at com.kms.katalon.core.main.TestCaseMain.startTestSuite(TestCaseMain.java:180)
	at TempTestSuite1728747306042.run(TempTestSuite1728747306042.groovy:35)
	at java.base/jdk.internal.reflect.NativeMethodAccessorImpl.invoke0(Native Method)
	at java.base/jdk.internal.reflect.NativeMethodAccessorImpl.invoke(NativeMethodAccessorImpl.java:77)
	at java.base/jdk.internal.reflect.DelegatingMethodAccessorImpl.invoke(DelegatingMethodAccessorImpl.java:43)
Caused by: org.openqa.selenium.NoSuchElementException: no such element: Unable to locate element: {"method":"xpath","selector":"//span[@class='filter-option pull-left'][normalize-space()='dannt11']"}
  (Session info: chrome=129.0.6668.91)
For documentation on this error, please visit: https://www.seleniumhq.org/exceptions/no_such_element.html
Build info: version: '3.141.59', revision: 'unknown', time: 'unknown'
System info: host: 'Aidan', ip: '2405:4803:fd90:9ef0:35c5:6ea1:b1e8:64e8%en0', os.name: 'Mac OS X', os.arch: 'aarch64', os.version: '15.0.1', java.version: '17.0.7'
Driver info: com.kms.katalon.selenium.driver.CChromeDriver
Capabilities {acceptInsecureCerts: false, browserName: chrome, browserVersion: 129.0.6668.91, chrome: {chromedriverVersion: 128.0.6613.84 (606aa55c7d68..., userDataDir: /var/folders/t5/b7k67ybj7gz...}, fedcm:accounts: true, goog:chromeOptions: {debuggerAddress: localhost:54476}, javascriptEnabled: true, networkConnectionEnabled: false, pageLoadStrategy: normal, platform: MAC, platformName: MAC, proxy: Proxy(), setWindowRect: true, strictFileInteractability: false, timeouts: {implicit: 0, pageLoad: 300000, script: 30000}, unhandledPromptBehavior: dismiss and notify, webauthn:extension:credBlob: true, webauthn:extension:largeBlob: true, webauthn:extension:minPinLength: true, webauthn:extension:prf: true, webauthn:virtualAuthenticators: true}
Session ID: 25afc7689f9af6efb17fd8f3060666e5
*** Element info: {Using=xpath, value=//span[@class='filter-option pull-left'][normalize-space()='dannt11']}
	at jdk.internal.reflect.GeneratedConstructorAccessor21.newInstance(Unknown Source)
	at java.base/jdk.internal.reflect.DelegatingConstructorAccessorImpl.newInstance(DelegatingConstructorAccessorImpl.java:45)
	at org.openqa.selenium.remote.http.W3CHttpResponseCodec.createException(W3CHttpResponseCodec.java:187)
	at org.openqa.selenium.remote.http.W3CHttpResponseCodec.decode(W3CHttpResponseCodec.java:122)
	at org.openqa.selenium.remote.http.W3CHttpResponseCodec.decode(W3CHttpResponseCodec.java:49)
	at org.openqa.selenium.remote.HttpCommandExecutor.execute(HttpCommandExecutor.java:158)
	at org.openqa.selenium.remote.service.DriverCommandExecutor.execute(DriverCommandExecutor.java:83)
	at org.openqa.selenium.remote.RemoteWebDriver.execute(RemoteWebDriver.java:552)
	at com.kms.katalon.selenium.driver.CChromeDriver.execute(CChromeDriver.java:19)
	at org.openqa.selenium.remote.RemoteWebDriver.findElement(RemoteWebDriver.java:323)
	at org.openqa.selenium.remote.RemoteWebDriver.findElementByXPath(RemoteWebDriver.java:428)
	at org.openqa.selenium.By$ByXPath.findElement(By.java:353)
	at org.openqa.selenium.remote.RemoteWebDriver.findElement(RemoteWebDriver.java:315)
	at jdk.internal.reflect.GeneratedMethodAccessor9.invoke(Unknown Source)
	at java.base/jdk.internal.reflect.DelegatingMethodAccessorImpl.invoke(DelegatingMethodAccessorImpl.java:43)
	at org.openqa.selenium.support.events.EventFiringWebDriver.lambda$new$1(EventFiringWebDriver.java:105)
	at jdk.proxy2/jdk.proxy2.$Proxy22.findElement(Unknown Source)
	at org.openqa.selenium.support.events.EventFiringWebDriver.findElement(EventFiringWebDriver.java:194)
	at org.openqa.selenium.support.ui.ExpectedConditions$7.apply(ExpectedConditions.java:205)
	at org.openqa.selenium.support.ui.ExpectedConditions$7.apply(ExpectedConditions.java:201)
	at org.openqa.selenium.support.ui.FluentWait.until(FluentWait.java:249)
	at Script1720714997650.run(Script1720714997650.groovy:40)
	... 15 more


12-10-2024T22:36:13 - [TEST_STEP][PASSED] - Start listener action : sampleAfterTestCase: null

12-10-2024T22:36:13 - [TEST_STEP][PASSED] - testCaseId = testCaseContext.getTestCaseId(): null

12-10-2024T22:36:13 - [TEST_STEP][PASSED] - if (testCaseId == "Test Cases/Quản lý tài khoản merchant/Quản lý dịch vụ merchant/TC_13_Kiểm tra chức năng xác nhận cấu hình thay đổi VA"): null]]></system-out>
         <system-err><![CDATA[12-10-2024T22:35:38 - [TEST_CASE][ERROR] - Test Cases/Quản lý tài khoản merchant/Quản lý danh sách tài khoản/Nạp tiền/TC_02_Kiểm tra khi để trống các trường trong màn Nạp tiền: Test Cases/Quản lý tài khoản merchant/Quản lý danh sách tài khoản/Nạp tiền/TC_02_Kiểm tra khi để trống các trường trong màn Nạp tiền FAILED.
Reason:
org.openqa.selenium.TimeoutException: Expected condition failed: waiting for visibility of element located by By.xpath: //span[@class='filter-option pull-left'][normalize-space()='dannt11'] (tried for 20 second(s) with 500 milliseconds interval)
	at org.openqa.selenium.support.ui.WebDriverWait.timeoutException(WebDriverWait.java:95)
	at org.openqa.selenium.support.ui.FluentWait.until(FluentWait.java:272)
	at TC_02_Kiểm tra khi để trống các trường trong màn Nạp tiền.run(TC_02_Kiểm tra khi để trống các trường trong màn Nạp tiền:40)
	at com.kms.katalon.core.main.ScriptEngine.run(ScriptEngine.java:194)
	at com.kms.katalon.core.main.ScriptEngine.runScriptAsRawText(ScriptEngine.java:119)
	at com.kms.katalon.core.main.TestCaseExecutor.runScript(TestCaseExecutor.java:448)
	at com.kms.katalon.core.main.TestCaseExecutor.doExecute(TestCaseExecutor.java:439)
	at com.kms.katalon.core.main.TestCaseExecutor.processExecutionPhase(TestCaseExecutor.java:418)
	at com.kms.katalon.core.main.TestCaseExecutor.accessMainPhase(TestCaseExecutor.java:410)
	at com.kms.katalon.core.main.TestCaseExecutor.execute(TestCaseExecutor.java:285)
	at com.kms.katalon.core.common.CommonExecutor.accessTestCaseMainPhase(CommonExecutor.java:65)
	at com.kms.katalon.core.main.TestSuiteExecutor.accessTestSuiteMainPhase(TestSuiteExecutor.java:150)
	at com.kms.katalon.core.main.TestSuiteExecutor.execute(TestSuiteExecutor.java:106)
	at com.kms.katalon.core.main.TestCaseMain.startTestSuite(TestCaseMain.java:180)
	at TempTestSuite1728747306042.run(TempTestSuite1728747306042.groovy:35)
	at java.base/jdk.internal.reflect.NativeMethodAccessorImpl.invoke0(Native Method)
	at java.base/jdk.internal.reflect.NativeMethodAccessorImpl.invoke(NativeMethodAccessorImpl.java:77)
	at java.base/jdk.internal.reflect.DelegatingMethodAccessorImpl.invoke(DelegatingMethodAccessorImpl.java:43)
Caused by: org.openqa.selenium.NoSuchElementException: no such element: Unable to locate element: {"method":"xpath","selector":"//span[@class='filter-option pull-left'][normalize-space()='dannt11']"}
  (Session info: chrome=129.0.6668.91)
For documentation on this error, please visit: https://www.seleniumhq.org/exceptions/no_such_element.html
Build info: version: '3.141.59', revision: 'unknown', time: 'unknown'
System info: host: 'Aidan', ip: '2405:4803:fd90:9ef0:35c5:6ea1:b1e8:64e8%en0', os.name: 'Mac OS X', os.arch: 'aarch64', os.version: '15.0.1', java.version: '17.0.7'
Driver info: com.kms.katalon.selenium.driver.CChromeDriver
Capabilities {acceptInsecureCerts: false, browserName: chrome, browserVersion: 129.0.6668.91, chrome: {chromedriverVersion: 128.0.6613.84 (606aa55c7d68..., userDataDir: /var/folders/t5/b7k67ybj7gz...}, fedcm:accounts: true, goog:chromeOptions: {debuggerAddress: localhost:54476}, javascriptEnabled: true, networkConnectionEnabled: false, pageLoadStrategy: normal, platform: MAC, platformName: MAC, proxy: Proxy(), setWindowRect: true, strictFileInteractability: false, timeouts: {implicit: 0, pageLoad: 300000, script: 30000}, unhandledPromptBehavior: dismiss and notify, webauthn:extension:credBlob: true, webauthn:extension:largeBlob: true, webauthn:extension:minPinLength: true, webauthn:extension:prf: true, webauthn:virtualAuthenticators: true}
Session ID: 25afc7689f9af6efb17fd8f3060666e5
*** Element info: {Using=xpath, value=//span[@class='filter-option pull-left'][normalize-space()='dannt11']}
	at jdk.internal.reflect.GeneratedConstructorAccessor21.newInstance(Unknown Source)
	at java.base/jdk.internal.reflect.DelegatingConstructorAccessorImpl.newInstance(DelegatingConstructorAccessorImpl.java:45)
	at org.openqa.selenium.remote.http.W3CHttpResponseCodec.createException(W3CHttpResponseCodec.java:187)
	at org.openqa.selenium.remote.http.W3CHttpResponseCodec.decode(W3CHttpResponseCodec.java:122)
	at org.openqa.selenium.remote.http.W3CHttpResponseCodec.decode(W3CHttpResponseCodec.java:49)
	at org.openqa.selenium.remote.HttpCommandExecutor.execute(HttpCommandExecutor.java:158)
	at org.openqa.selenium.remote.service.DriverCommandExecutor.execute(DriverCommandExecutor.java:83)
	at org.openqa.selenium.remote.RemoteWebDriver.execute(RemoteWebDriver.java:552)
	at com.kms.katalon.selenium.driver.CChromeDriver.execute(CChromeDriver.java:19)
	at org.openqa.selenium.remote.RemoteWebDriver.findElement(RemoteWebDriver.java:323)
	at org.openqa.selenium.remote.RemoteWebDriver.findElementByXPath(RemoteWebDriver.java:428)
	at org.openqa.selenium.By$ByXPath.findElement(By.java:353)
	at org.openqa.selenium.remote.RemoteWebDriver.findElement(RemoteWebDriver.java:315)
	at jdk.internal.reflect.GeneratedMethodAccessor9.invoke(Unknown Source)
	at java.base/jdk.internal.reflect.DelegatingMethodAccessorImpl.invoke(DelegatingMethodAccessorImpl.java:43)
	at org.openqa.selenium.support.events.EventFiringWebDriver.lambda$new$1(EventFiringWebDriver.java:105)
	at jdk.proxy2/jdk.proxy2.$Proxy22.findElement(Unknown Source)
	at org.openqa.selenium.support.events.EventFiringWebDriver.findElement(EventFiringWebDriver.java:194)
	at org.openqa.selenium.support.ui.ExpectedConditions$7.apply(ExpectedConditions.java:205)
	at org.openqa.selenium.support.ui.ExpectedConditions$7.apply(ExpectedConditions.java:201)
	at org.openqa.selenium.support.ui.FluentWait.until(FluentWait.java:249)
	... 16 more]]></system-err>
      </testcase>
      <testcase name="Test Cases/Quản lý tài khoản merchant/Quản lý danh sách tài khoản/Nạp tiền/TC_03_Kiểm tra khi chọn ví và không chọn kì đối soát" time="29.816" classname="Test Cases/Quản lý tài khoản merchant/Quản lý danh sách tài khoản/Nạp tiền/TC_03_Kiểm tra khi chọn ví và không chọn kì đối soát" status="PASSED">
         <system-out><![CDATA[12-10-2024T22:36:13 - [TEST_CASE][PASSED] - Test Cases/Quản lý tài khoản merchant/Quản lý danh sách tài khoản/Nạp tiền/TC_03_Kiểm tra khi chọn ví và không chọn kì đối soát: Test Cases/Quản lý tài khoản merchant/Quản lý danh sách tài khoản/Nạp tiền/TC_03_Kiểm tra khi chọn ví và không chọn kì đối soát

12-10-2024T22:36:13 - [TEST_STEP][PASSED] - Start listener action : sampleBeforeTestCase: Navigate to 'https://stg-cms-console.9pay.mobi/login' successfully

12-10-2024T22:36:13 - [TEST_STEP][PASSED] - testCaseId = testCaseContext.getTestCaseId(): null

12-10-2024T22:36:13 - [TEST_STEP][PASSED] - url = <not implemented yet for class: org.codehaus.groovy.ast.expr.EmptyExpression>: null

12-10-2024T22:36:13 - [TEST_STEP][PASSED] - if (testCaseId == "Test Cases/Quản lý tài khoản merchant/Quản lý dịch vụ merchant/TC_14_Kiểm tra thay đổi sau khi cấu hình VA trên MCV"): null

12-10-2024T22:36:13 - [TEST_STEP][PASSED] - else: null

12-10-2024T22:36:13 - [TEST_STEP][PASSED] - url = "https://stg-cms-console.9pay.mobi/login": null

12-10-2024T22:36:13 - [TEST_STEP][PASSED] - openBrowser(""): Browser is opened with url: ''

12-10-2024T22:36:13 - [MESSAGE][WARNING] - A browser is already opened. Closing browser and opening a new one

12-10-2024T22:36:13 - [MESSAGE][INFO] - Starting 'Chrome' driver

12-10-2024T22:36:13 - [MESSAGE][INFO] - Action delay is set to 0 milliseconds

12-10-2024T22:36:14 - [MESSAGE][PASSED] - Browser is opened with url: ''

12-10-2024T22:36:14 - [TEST_STEP][PASSED] - maximizeWindow(): Current window maximized

12-10-2024T22:36:14 - [MESSAGE][PASSED] - Current window maximized

12-10-2024T22:36:14 - [TEST_STEP][PASSED] - navigateToUrl(url): Navigate to 'https://stg-cms-console.9pay.mobi/login' successfully

12-10-2024T22:36:17 - [MESSAGE][PASSED] - Navigate to 'https://stg-cms-console.9pay.mobi/login' successfully

12-10-2024T22:36:17 - [TEST_STEP][PASSED] - driver = getWebDriver(): null

12-10-2024T22:36:17 - [TEST_STEP][PASSED] - callTestCase(findTestCase("Test Cases/Login/LoginCommon"), [:], STOP_ON_FAILURE): Call Test Case 'Test Cases/Login/LoginCommon' successfully

12-10-2024T22:36:17 - [TEST_CASE][PASSED] - Test Cases/Login/LoginCommon: Test Cases/Login/LoginCommon

12-10-2024T22:36:17 - [TEST_STEP][PASSED] - driver = getWebDriver(): null

12-10-2024T22:36:17 - [TEST_STEP][PASSED] - sendKeys(findTestObject("Quản lý tài khoản merchant/Quản lý dịch vụ merchant/userNameTextbox"), userAccount): Keys 'dannt@9pay.vn' sent to object: 'Object Repository/Quản lý tài khoản merchant/Quản lý dịch vụ merchant/userNameTextbox'

12-10-2024T22:36:17 - [MESSAGE][PASSED] - Keys 'dannt@9pay.vn' sent to object: 'Object Repository/Quản lý tài khoản merchant/Quản lý dịch vụ merchant/userNameTextbox'

12-10-2024T22:36:17 - [TEST_STEP][PASSED] - sendKeys(findTestObject("Quản lý tài khoản merchant/Quản lý dịch vụ merchant/passwordTextbox"), password): Keys 'dannt@9pay.vn' sent to object: 'Object Repository/Quản lý tài khoản merchant/Quản lý dịch vụ merchant/passwordTextbox'

12-10-2024T22:36:18 - [MESSAGE][PASSED] - Keys 'dannt@9pay.vn' sent to object: 'Object Repository/Quản lý tài khoản merchant/Quản lý dịch vụ merchant/passwordTextbox'

12-10-2024T22:36:18 - [TEST_STEP][PASSED] - click(findTestObject("Quản lý tài khoản merchant/Quản lý dịch vụ merchant/loginButton")): Object: 'Object Repository/Quản lý tài khoản merchant/Quản lý dịch vụ merchant/loginButton' is clicked on

12-10-2024T22:36:18 - [MESSAGE][PASSED] - Object: 'Object Repository/Quản lý tài khoản merchant/Quản lý dịch vụ merchant/loginButton' is clicked on

12-10-2024T22:36:18 - [MESSAGE][PASSED] - Call Test Case 'Test Cases/Login/LoginCommon' successfully

12-10-2024T22:36:18 - [TEST_STEP][PASSED] - waitForElementVisible(findTestObject("Trang chủ/userName"), 20, STOP_ON_FAILURE): Object 'Object Repository/Trang chủ/userName' is visible

12-10-2024T22:36:20 - [MESSAGE][PASSED] - Object 'Object Repository/Trang chủ/userName' is visible

12-10-2024T22:36:20 - [TEST_STEP][PASSED] - callTestCase(findTestCase("Test Cases/Quản lý tài khoản merchant/Quản lý danh sách tài khoản/CustomFunctions Deposit"), [:], STOP_ON_FAILURE): Call Test Case 'Test Cases/Quản lý tài khoản merchant/Quản lý danh sách tài khoản/CustomFunctions Deposit' successfully

12-10-2024T22:36:20 - [TEST_CASE][PASSED] - Test Cases/Quản lý tài khoản merchant/Quản lý danh sách tài khoản/CustomFunctions Deposit: Test Cases/Quản lý tài khoản merchant/Quản lý danh sách tài khoản/CustomFunctions Deposit

12-10-2024T22:36:20 - [TEST_STEP][PASSED] - driver = getWebDriver(): null

12-10-2024T22:36:20 - [TEST_STEP][PASSED] - element1 = driver.findElement(By.xpath("//span[contains(text(),'Quản lý tài khoản merchant')]")): null

12-10-2024T22:36:21 - [TEST_STEP][PASSED] - actions = new org.openqa.selenium.interactions.Actions(driver): null

12-10-2024T22:36:21 - [TEST_STEP][PASSED] - click().perform(): null

12-10-2024T22:36:21 - [TEST_STEP][PASSED] - wait = new org.openqa.selenium.support.ui.WebDriverWait(com.kms.katalon.core.webui.driver.DriverFactory.getWebDriver(), 15): null

12-10-2024T22:36:21 - [TEST_STEP][PASSED] - xpath(xpathManagerListAccount))).click(): null

12-10-2024T22:36:22 - [MESSAGE][PASSED] - Call Test Case 'Test Cases/Quản lý tài khoản merchant/Quản lý danh sách tài khoản/CustomFunctions Deposit' successfully

12-10-2024T22:36:22 - [TEST_STEP][PASSED] - wait = new org.openqa.selenium.support.ui.WebDriverWait(com.kms.katalon.core.webui.driver.DriverFactory.getWebDriver(), 20): null

12-10-2024T22:36:22 - [TEST_STEP][PASSED] - xpath(xpathBtnAccount))).click(): null

12-10-2024T22:36:26 - [TEST_STEP][PASSED] - searchTextbox = wait.until(ExpectedConditions.elementToBeClickable(By.xpath(xpathSearchTextbox))): null

12-10-2024T22:36:27 - [TEST_STEP][PASSED] - searchTextbox.sendKeys("dannt11"): null

12-10-2024T22:36:27 - [TEST_STEP][PASSED] - xpath(xpathOption)).click(): null

12-10-2024T22:36:27 - [TEST_STEP][PASSED] - xpath(xpathBtnSearch)).click(): null

12-10-2024T22:36:28 - [TEST_STEP][PASSED] - wait.until(ExpectedConditions.visibilityOfElementLocated(By.xpath(xpathAccountName))): null

12-10-2024T22:36:28 - [TEST_STEP][PASSED] - Assert.assertEquals(xpath(xpathAccountName)).getText(), username): null

12-10-2024T22:36:29 - [TEST_STEP][PASSED] - xpath(xpathBtnDeposit)).click(): null

12-10-2024T22:36:29 - [TEST_STEP][PASSED] - wait.until(ExpectedConditions.visibilityOfElementLocated(By.xpath(xpathTextAccount))): null

12-10-2024T22:36:41 - [TEST_STEP][PASSED] - xpath(xpathChonVi)).click(): null

12-10-2024T22:36:42 - [TEST_STEP][PASSED] - xpath(xpathThuHo3)).click(): null

12-10-2024T22:36:42 - [TEST_STEP][PASSED] - xpath(xpathBtnContinue)).click(): null

12-10-2024T22:36:42 - [TEST_STEP][PASSED] - Assert.assertEquals(xpath(xpathChonKiDoiSoat)).getText(), "Vui lòng chọn kỳ đối soát"): null

12-10-2024T22:36:43 - [TEST_STEP][PASSED] - Start listener action : sampleAfterTestCase: null

12-10-2024T22:36:43 - [TEST_STEP][PASSED] - testCaseId = testCaseContext.getTestCaseId(): null

12-10-2024T22:36:43 - [TEST_STEP][PASSED] - if (testCaseId == "Test Cases/Quản lý tài khoản merchant/Quản lý dịch vụ merchant/TC_13_Kiểm tra chức năng xác nhận cấu hình thay đổi VA"): null]]></system-out>
         <system-err><![CDATA[]]></system-err>
      </testcase>
      <testcase name="Test Cases/Quản lý tài khoản merchant/Quản lý danh sách tài khoản/Nạp tiền/TC_04_Không nhập số tiền và nhấn Xác nhận" time="67.074" classname="Test Cases/Quản lý tài khoản merchant/Quản lý danh sách tài khoản/Nạp tiền/TC_04_Không nhập số tiền và nhấn Xác nhận" status="PASSED">
         <system-out><![CDATA[12-10-2024T22:36:43 - [TEST_CASE][PASSED] - Test Cases/Quản lý tài khoản merchant/Quản lý danh sách tài khoản/Nạp tiền/TC_04_Không nhập số tiền và nhấn Xác nhận: Test Cases/Quản lý tài khoản merchant/Quản lý danh sách tài khoản/Nạp tiền/TC_04_Không nhập số tiền và nhấn Xác nhận

12-10-2024T22:36:43 - [TEST_STEP][PASSED] - Start listener action : sampleBeforeTestCase: Navigate to 'https://stg-cms-console.9pay.mobi/login' successfully

12-10-2024T22:36:43 - [TEST_STEP][PASSED] - testCaseId = testCaseContext.getTestCaseId(): null

12-10-2024T22:36:43 - [TEST_STEP][PASSED] - url = <not implemented yet for class: org.codehaus.groovy.ast.expr.EmptyExpression>: null

12-10-2024T22:36:43 - [TEST_STEP][PASSED] - if (testCaseId == "Test Cases/Quản lý tài khoản merchant/Quản lý dịch vụ merchant/TC_14_Kiểm tra thay đổi sau khi cấu hình VA trên MCV"): null

12-10-2024T22:36:43 - [TEST_STEP][PASSED] - else: null

12-10-2024T22:36:43 - [TEST_STEP][PASSED] - url = "https://stg-cms-console.9pay.mobi/login": null

12-10-2024T22:36:43 - [TEST_STEP][PASSED] - openBrowser(""): Browser is opened with url: ''

12-10-2024T22:36:43 - [MESSAGE][WARNING] - A browser is already opened. Closing browser and opening a new one

12-10-2024T22:36:43 - [MESSAGE][INFO] - Starting 'Chrome' driver

12-10-2024T22:36:43 - [MESSAGE][INFO] - Action delay is set to 0 milliseconds

12-10-2024T22:36:44 - [MESSAGE][PASSED] - Browser is opened with url: ''

12-10-2024T22:36:44 - [TEST_STEP][PASSED] - maximizeWindow(): Current window maximized

12-10-2024T22:36:44 - [MESSAGE][PASSED] - Current window maximized

12-10-2024T22:36:44 - [TEST_STEP][PASSED] - navigateToUrl(url): Navigate to 'https://stg-cms-console.9pay.mobi/login' successfully

12-10-2024T22:36:48 - [MESSAGE][PASSED] - Navigate to 'https://stg-cms-console.9pay.mobi/login' successfully

12-10-2024T22:36:48 - [TEST_STEP][PASSED] - driver = getWebDriver(): null

12-10-2024T22:36:48 - [TEST_STEP][PASSED] - callTestCase(findTestCase("Test Cases/Login/LoginCommon"), [:], STOP_ON_FAILURE): Call Test Case 'Test Cases/Login/LoginCommon' successfully

12-10-2024T22:36:48 - [TEST_CASE][PASSED] - Test Cases/Login/LoginCommon: Test Cases/Login/LoginCommon

12-10-2024T22:36:48 - [TEST_STEP][PASSED] - driver = getWebDriver(): null

12-10-2024T22:36:48 - [TEST_STEP][PASSED] - sendKeys(findTestObject("Quản lý tài khoản merchant/Quản lý dịch vụ merchant/userNameTextbox"), userAccount): Keys 'dannt@9pay.vn' sent to object: 'Object Repository/Quản lý tài khoản merchant/Quản lý dịch vụ merchant/userNameTextbox'

12-10-2024T22:36:49 - [MESSAGE][PASSED] - Keys 'dannt@9pay.vn' sent to object: 'Object Repository/Quản lý tài khoản merchant/Quản lý dịch vụ merchant/userNameTextbox'

12-10-2024T22:36:49 - [TEST_STEP][PASSED] - sendKeys(findTestObject("Quản lý tài khoản merchant/Quản lý dịch vụ merchant/passwordTextbox"), password): Keys 'dannt@9pay.vn' sent to object: 'Object Repository/Quản lý tài khoản merchant/Quản lý dịch vụ merchant/passwordTextbox'

12-10-2024T22:36:49 - [MESSAGE][PASSED] - Keys 'dannt@9pay.vn' sent to object: 'Object Repository/Quản lý tài khoản merchant/Quản lý dịch vụ merchant/passwordTextbox'

12-10-2024T22:36:49 - [TEST_STEP][PASSED] - click(findTestObject("Quản lý tài khoản merchant/Quản lý dịch vụ merchant/loginButton")): Object: 'Object Repository/Quản lý tài khoản merchant/Quản lý dịch vụ merchant/loginButton' is clicked on

12-10-2024T22:36:49 - [MESSAGE][PASSED] - Object: 'Object Repository/Quản lý tài khoản merchant/Quản lý dịch vụ merchant/loginButton' is clicked on

12-10-2024T22:36:49 - [MESSAGE][PASSED] - Call Test Case 'Test Cases/Login/LoginCommon' successfully

12-10-2024T22:36:49 - [TEST_STEP][PASSED] - waitForElementVisible(findTestObject("Trang chủ/userName"), 20, STOP_ON_FAILURE): Object 'Object Repository/Trang chủ/userName' is visible

12-10-2024T22:36:51 - [MESSAGE][PASSED] - Object 'Object Repository/Trang chủ/userName' is visible

12-10-2024T22:36:51 - [TEST_STEP][PASSED] - callTestCase(findTestCase("Test Cases/Quản lý tài khoản merchant/Quản lý danh sách tài khoản/CustomFunctions Deposit"), [:], STOP_ON_FAILURE): Call Test Case 'Test Cases/Quản lý tài khoản merchant/Quản lý danh sách tài khoản/CustomFunctions Deposit' successfully

12-10-2024T22:36:51 - [TEST_CASE][PASSED] - Test Cases/Quản lý tài khoản merchant/Quản lý danh sách tài khoản/CustomFunctions Deposit: Test Cases/Quản lý tài khoản merchant/Quản lý danh sách tài khoản/CustomFunctions Deposit

12-10-2024T22:36:51 - [TEST_STEP][PASSED] - driver = getWebDriver(): null

12-10-2024T22:36:51 - [TEST_STEP][PASSED] - element1 = driver.findElement(By.xpath("//span[contains(text(),'Quản lý tài khoản merchant')]")): null

12-10-2024T22:36:53 - [TEST_STEP][PASSED] - actions = new org.openqa.selenium.interactions.Actions(driver): null

12-10-2024T22:36:53 - [TEST_STEP][PASSED] - click().perform(): null

12-10-2024T22:36:53 - [TEST_STEP][PASSED] - wait = new org.openqa.selenium.support.ui.WebDriverWait(com.kms.katalon.core.webui.driver.DriverFactory.getWebDriver(), 15): null

12-10-2024T22:36:53 - [TEST_STEP][PASSED] - xpath(xpathManagerListAccount))).click(): null

12-10-2024T22:36:53 - [MESSAGE][PASSED] - Call Test Case 'Test Cases/Quản lý tài khoản merchant/Quản lý danh sách tài khoản/CustomFunctions Deposit' successfully

12-10-2024T22:36:53 - [TEST_STEP][PASSED] - wait = new org.openqa.selenium.support.ui.WebDriverWait(com.kms.katalon.core.webui.driver.DriverFactory.getWebDriver(), 30): null

12-10-2024T22:36:53 - [TEST_STEP][PASSED] - userCode = wait.until(ExpectedConditions.visibilityOfElementLocated(By.xpath(xpathUserCode))): null

12-10-2024T22:37:01 - [TEST_STEP][PASSED] - xpath(xpathBtnAccount))).click(): null

12-10-2024T22:37:01 - [TEST_STEP][PASSED] - searchTextbox = wait.until(ExpectedConditions.elementToBeClickable(By.xpath(xpathSearchTextbox))): null

12-10-2024T22:37:01 - [TEST_STEP][PASSED] - searchTextbox.sendKeys(username): null

12-10-2024T22:37:02 - [TEST_STEP][PASSED] - xpath(xpathOption)).click(): null

12-10-2024T22:37:02 - [TEST_STEP][PASSED] - xpath(xpathBtnSearch)).click(): null

12-10-2024T22:37:02 - [TEST_STEP][PASSED] - wait.until(ExpectedConditions.visibilityOfElementLocated(By.xpath(xpathAccountName))): null

12-10-2024T22:37:05 - [TEST_STEP][PASSED] - xpath(xpathBtnDeposit)).click(): null

12-10-2024T22:37:05 - [TEST_STEP][PASSED] - wait.until(ExpectedConditions.visibilityOfElementLocated(By.xpath(xpathTextAccount))): null

12-10-2024T22:37:16 - [TEST_STEP][PASSED] - xpath(xpathChonVi)).click(): null

12-10-2024T22:37:16 - [TEST_STEP][PASSED] - xpath(xpathThuHo3)).click(): null

12-10-2024T22:37:16 - [TEST_STEP][PASSED] - xpath(xpathDay)).click(): null

12-10-2024T22:37:17 - [TEST_STEP][PASSED] - xpath(xpathHomQua)).click(): null

12-10-2024T22:37:17 - [TEST_STEP][PASSED] - xpath(xpathBtnContinue)).click(): null

12-10-2024T22:37:18 - [TEST_STEP][PASSED] - try: null

12-10-2024T22:37:18 - [TEST_STEP][PASSED] - popupDS = wait.until(ExpectedConditions.visibilityOfElementLocated(By.xpath("//p[contains(text(),'Đã tồn tại kỳ đối soát trước đó, Bạn có chắc chắn ')]"))): null

12-10-2024T22:37:48 - [TEST_STEP][PASSED] - catch (org.openqa.selenium.TimeoutException e): null

12-10-2024T22:37:48 - [TEST_STEP][PASSED] - println("Popup không xuất hiện, tiếp tục thực hiện giao dịch."): null

12-10-2024T22:37:48 - [TEST_STEP][PASSED] - xpath(xpathBtnConfirm)).click(): null

12-10-2024T22:37:48 - [TEST_STEP][PASSED] - sleep(1000): null

12-10-2024T22:37:49 - [TEST_STEP][PASSED] - errorNoti1 = xpath(xpathThamSoSai))).getText(): null

12-10-2024T22:37:49 - [TEST_STEP][PASSED] - Assert.assertEquals(errorNoti1, "Tham số không hợp lệ"): null

12-10-2024T22:37:49 - [TEST_STEP][PASSED] - xpath(xpathBtnOk)).click(): null

12-10-2024T22:37:50 - [TEST_STEP][PASSED] - Assert.assertEquals(xpath(xpathErrorDeposit1)).getText(), "Vui lòng nhập số tiền."): null

12-10-2024T22:37:50 - [TEST_STEP][PASSED] - Start listener action : sampleAfterTestCase: null

12-10-2024T22:37:50 - [TEST_STEP][PASSED] - testCaseId = testCaseContext.getTestCaseId(): null

12-10-2024T22:37:50 - [TEST_STEP][PASSED] - if (testCaseId == "Test Cases/Quản lý tài khoản merchant/Quản lý dịch vụ merchant/TC_13_Kiểm tra chức năng xác nhận cấu hình thay đổi VA"): null]]></system-out>
         <system-err><![CDATA[]]></system-err>
      </testcase>
      <testcase name="Test Cases/Quản lý tài khoản merchant/Quản lý danh sách tài khoản/Nạp tiền/TC_05_Nhập số tiền là ký tự đặc biệt và chữ nhấn Xác Nhận" time="64.157" classname="Test Cases/Quản lý tài khoản merchant/Quản lý danh sách tài khoản/Nạp tiền/TC_05_Nhập số tiền là ký tự đặc biệt và chữ nhấn Xác Nhận" status="PASSED">
         <system-out><![CDATA[12-10-2024T22:37:50 - [TEST_CASE][PASSED] - Test Cases/Quản lý tài khoản merchant/Quản lý danh sách tài khoản/Nạp tiền/TC_05_Nhập số tiền là ký tự đặc biệt và chữ nhấn Xác Nhận: Test Cases/Quản lý tài khoản merchant/Quản lý danh sách tài khoản/Nạp tiền/TC_05_Nhập số tiền là ký tự đặc biệt và chữ nhấn Xác Nhận

12-10-2024T22:37:50 - [TEST_STEP][PASSED] - Start listener action : sampleBeforeTestCase: Navigate to 'https://stg-cms-console.9pay.mobi/login' successfully

12-10-2024T22:37:50 - [TEST_STEP][PASSED] - testCaseId = testCaseContext.getTestCaseId(): null

12-10-2024T22:37:50 - [TEST_STEP][PASSED] - url = <not implemented yet for class: org.codehaus.groovy.ast.expr.EmptyExpression>: null

12-10-2024T22:37:50 - [TEST_STEP][PASSED] - if (testCaseId == "Test Cases/Quản lý tài khoản merchant/Quản lý dịch vụ merchant/TC_14_Kiểm tra thay đổi sau khi cấu hình VA trên MCV"): null

12-10-2024T22:37:50 - [TEST_STEP][PASSED] - else: null

12-10-2024T22:37:50 - [TEST_STEP][PASSED] - url = "https://stg-cms-console.9pay.mobi/login": null

12-10-2024T22:37:50 - [TEST_STEP][PASSED] - openBrowser(""): Browser is opened with url: ''

12-10-2024T22:37:50 - [MESSAGE][WARNING] - A browser is already opened. Closing browser and opening a new one

12-10-2024T22:37:50 - [MESSAGE][INFO] - Starting 'Chrome' driver

12-10-2024T22:37:50 - [MESSAGE][INFO] - Action delay is set to 0 milliseconds

12-10-2024T22:37:51 - [MESSAGE][PASSED] - Browser is opened with url: ''

12-10-2024T22:37:51 - [TEST_STEP][PASSED] - maximizeWindow(): Current window maximized

12-10-2024T22:37:51 - [MESSAGE][PASSED] - Current window maximized

12-10-2024T22:37:51 - [TEST_STEP][PASSED] - navigateToUrl(url): Navigate to 'https://stg-cms-console.9pay.mobi/login' successfully

12-10-2024T22:37:56 - [MESSAGE][PASSED] - Navigate to 'https://stg-cms-console.9pay.mobi/login' successfully

12-10-2024T22:37:56 - [TEST_STEP][PASSED] - driver = getWebDriver(): null

12-10-2024T22:37:56 - [TEST_STEP][PASSED] - callTestCase(findTestCase("Test Cases/Login/LoginCommon"), [:], STOP_ON_FAILURE): Call Test Case 'Test Cases/Login/LoginCommon' successfully

12-10-2024T22:37:56 - [TEST_CASE][PASSED] - Test Cases/Login/LoginCommon: Test Cases/Login/LoginCommon

12-10-2024T22:37:56 - [TEST_STEP][PASSED] - driver = getWebDriver(): null

12-10-2024T22:37:56 - [TEST_STEP][PASSED] - sendKeys(findTestObject("Quản lý tài khoản merchant/Quản lý dịch vụ merchant/userNameTextbox"), userAccount): Keys 'dannt@9pay.vn' sent to object: 'Object Repository/Quản lý tài khoản merchant/Quản lý dịch vụ merchant/userNameTextbox'

12-10-2024T22:37:56 - [MESSAGE][PASSED] - Keys 'dannt@9pay.vn' sent to object: 'Object Repository/Quản lý tài khoản merchant/Quản lý dịch vụ merchant/userNameTextbox'

12-10-2024T22:37:56 - [TEST_STEP][PASSED] - sendKeys(findTestObject("Quản lý tài khoản merchant/Quản lý dịch vụ merchant/passwordTextbox"), password): Keys 'dannt@9pay.vn' sent to object: 'Object Repository/Quản lý tài khoản merchant/Quản lý dịch vụ merchant/passwordTextbox'

12-10-2024T22:37:57 - [MESSAGE][PASSED] - Keys 'dannt@9pay.vn' sent to object: 'Object Repository/Quản lý tài khoản merchant/Quản lý dịch vụ merchant/passwordTextbox'

12-10-2024T22:37:57 - [TEST_STEP][PASSED] - click(findTestObject("Quản lý tài khoản merchant/Quản lý dịch vụ merchant/loginButton")): Object: 'Object Repository/Quản lý tài khoản merchant/Quản lý dịch vụ merchant/loginButton' is clicked on

12-10-2024T22:37:57 - [MESSAGE][PASSED] - Object: 'Object Repository/Quản lý tài khoản merchant/Quản lý dịch vụ merchant/loginButton' is clicked on

12-10-2024T22:37:57 - [MESSAGE][PASSED] - Call Test Case 'Test Cases/Login/LoginCommon' successfully

12-10-2024T22:37:57 - [TEST_STEP][PASSED] - waitForElementVisible(findTestObject("Trang chủ/userName"), 20, STOP_ON_FAILURE): Object 'Object Repository/Trang chủ/userName' is visible

12-10-2024T22:37:58 - [MESSAGE][PASSED] - Object 'Object Repository/Trang chủ/userName' is visible

12-10-2024T22:37:58 - [TEST_STEP][PASSED] - callTestCase(findTestCase("Test Cases/Quản lý tài khoản merchant/Quản lý danh sách tài khoản/CustomFunctions Deposit"), [:], STOP_ON_FAILURE): Call Test Case 'Test Cases/Quản lý tài khoản merchant/Quản lý danh sách tài khoản/CustomFunctions Deposit' successfully

12-10-2024T22:37:58 - [TEST_CASE][PASSED] - Test Cases/Quản lý tài khoản merchant/Quản lý danh sách tài khoản/CustomFunctions Deposit: Test Cases/Quản lý tài khoản merchant/Quản lý danh sách tài khoản/CustomFunctions Deposit

12-10-2024T22:37:58 - [TEST_STEP][PASSED] - driver = getWebDriver(): null

12-10-2024T22:37:58 - [TEST_STEP][PASSED] - element1 = driver.findElement(By.xpath("//span[contains(text(),'Quản lý tài khoản merchant')]")): null

12-10-2024T22:38:00 - [TEST_STEP][PASSED] - actions = new org.openqa.selenium.interactions.Actions(driver): null

12-10-2024T22:38:00 - [TEST_STEP][PASSED] - click().perform(): null

12-10-2024T22:38:00 - [TEST_STEP][PASSED] - wait = new org.openqa.selenium.support.ui.WebDriverWait(com.kms.katalon.core.webui.driver.DriverFactory.getWebDriver(), 15): null

12-10-2024T22:38:00 - [TEST_STEP][PASSED] - xpath(xpathManagerListAccount))).click(): null

12-10-2024T22:38:01 - [MESSAGE][PASSED] - Call Test Case 'Test Cases/Quản lý tài khoản merchant/Quản lý danh sách tài khoản/CustomFunctions Deposit' successfully

12-10-2024T22:38:01 - [TEST_STEP][PASSED] - wait = new org.openqa.selenium.support.ui.WebDriverWait(com.kms.katalon.core.webui.driver.DriverFactory.getWebDriver(), 20): null

12-10-2024T22:38:01 - [TEST_STEP][PASSED] - userCode = wait.until(ExpectedConditions.visibilityOfElementLocated(By.xpath(xpathUserCode))): null

12-10-2024T22:38:19 - [TEST_STEP][PASSED] - println(userCode.getText()): null

12-10-2024T22:38:20 - [TEST_STEP][PASSED] - xpath(xpathBtnAccount))).click(): null

12-10-2024T22:38:20 - [TEST_STEP][PASSED] - searchTextbox = wait.until(ExpectedConditions.elementToBeClickable(By.xpath(xpathSearchTextbox))): null

12-10-2024T22:38:20 - [TEST_STEP][PASSED] - searchTextbox.sendKeys(username): null

12-10-2024T22:38:20 - [TEST_STEP][PASSED] - xpath(xpathOption)).click(): null

12-10-2024T22:38:21 - [TEST_STEP][PASSED] - xpath(xpathBtnSearch)).click(): null

12-10-2024T22:38:21 - [TEST_STEP][PASSED] - wait.until(ExpectedConditions.visibilityOfElementLocated(By.xpath(xpathAccountName))): null

12-10-2024T22:38:22 - [TEST_STEP][PASSED] - xpath(xpathBtnDeposit)).click(): null

12-10-2024T22:38:22 - [TEST_STEP][PASSED] - wait.until(ExpectedConditions.visibilityOfElementLocated(By.xpath(xpathTextAccount))): null

12-10-2024T22:38:28 - [TEST_STEP][PASSED] - xpath(xpathChonVi)).click(): null

12-10-2024T22:38:28 - [TEST_STEP][PASSED] - xpath(xpathThuHo3)).click(): null

12-10-2024T22:38:28 - [TEST_STEP][PASSED] - xpath(xpathDay)).click(): null

12-10-2024T22:38:29 - [TEST_STEP][PASSED] - xpath(xpathHomQua)).click(): null

12-10-2024T22:38:29 - [TEST_STEP][PASSED] - xpath(xpathBtnContinue)).click(): null

12-10-2024T22:38:30 - [TEST_STEP][PASSED] - try: null

12-10-2024T22:38:30 - [TEST_STEP][PASSED] - popupDS = wait.until(ExpectedConditions.visibilityOfElementLocated(By.xpath("//p[contains(text(),'Đã tồn tại kỳ đối soát trước đó, Bạn có chắc chắn ')]"))): null

12-10-2024T22:38:50 - [TEST_STEP][PASSED] - catch (org.openqa.selenium.TimeoutException e): null

12-10-2024T22:38:50 - [TEST_STEP][PASSED] - println("Popup không xuất hiện, tiếp tục thực hiện giao dịch."): null

12-10-2024T22:38:50 - [TEST_STEP][PASSED] - xpath(xpathDepositTextbox)).sendKeys(")(*&&^"): null

12-10-2024T22:38:51 - [TEST_STEP][PASSED] - xpath(xpathButtonSubmit)).click(): null

12-10-2024T22:38:51 - [TEST_STEP][PASSED] - errorNoti = xpath(xpathThamSoSai))).getText(): null

12-10-2024T22:38:52 - [TEST_STEP][PASSED] - Assert.assertEquals(errorNoti, "Tham số không hợp lệ"): null

12-10-2024T22:38:52 - [TEST_STEP][PASSED] - xpath("//button[normalize-space()='Ok']")).click(): null

12-10-2024T22:38:52 - [TEST_STEP][PASSED] - Assert.assertEquals(xpath(xpathLoiAmountLaChu)).getText(), "amount phải là chữ số."): null

12-10-2024T22:38:52 - [TEST_STEP][PASSED] - xpath(xpathDepositTextbox)).clear(): null

12-10-2024T22:38:52 - [TEST_STEP][PASSED] - xpath(xpathDepositTextbox)).sendKeys("NGuyen tien dan"): null

12-10-2024T22:38:53 - [TEST_STEP][PASSED] - xpath(xpathButtonSubmit)).click(): null

12-10-2024T22:38:53 - [TEST_STEP][PASSED] - errorNoti1 = xpath(xpathThamSoSai))).getText(): null

12-10-2024T22:38:54 - [TEST_STEP][PASSED] - Assert.assertEquals(errorNoti1, "Tham số không hợp lệ"): null

12-10-2024T22:38:54 - [TEST_STEP][PASSED] - xpath(xpathDepositOkBtn)).click(): null

12-10-2024T22:38:54 - [TEST_STEP][PASSED] - Assert.assertEquals(xpath(xpathLoiAmountLaChu)).getText(), "amount phải là chữ số."): null

12-10-2024T22:38:54 - [TEST_STEP][PASSED] - Start listener action : sampleAfterTestCase: null

12-10-2024T22:38:54 - [TEST_STEP][PASSED] - testCaseId = testCaseContext.getTestCaseId(): null

12-10-2024T22:38:54 - [TEST_STEP][PASSED] - if (testCaseId == "Test Cases/Quản lý tài khoản merchant/Quản lý dịch vụ merchant/TC_13_Kiểm tra chức năng xác nhận cấu hình thay đổi VA"): null]]></system-out>
         <system-err><![CDATA[]]></system-err>
      </testcase>
      <testcase name="Test Cases/Quản lý tài khoản merchant/Quản lý danh sách tài khoản/Nạp tiền/TC_06_KIểm tra khi nhập số tiền đúng và nhấn xác nhận" time="58.8" classname="Test Cases/Quản lý tài khoản merchant/Quản lý danh sách tài khoản/Nạp tiền/TC_06_KIểm tra khi nhập số tiền đúng và nhấn xác nhận" status="ERROR">
         <error type="ERROR" message="Test Cases/Quản lý tài khoản merchant/Quản lý danh sách tài khoản/Nạp tiền/TC_06_KIểm tra khi nhập số tiền đúng và nhấn xác nhận FAILED.&#xa;Reason:&#xa;org.openqa.selenium.TimeoutException: Expected condition failed: waiting for visibility of element located by By.xpath: //p[contains(text(),'Đã tồn tại kỳ đối soát trước đó, Bạn có chắc chắn ')] (tried for 20 second(s) with 500 milliseconds interval)&#xa;	at org.openqa.selenium.support.ui.WebDriverWait.timeoutException(WebDriverWait.java:95)&#xa;	at org.openqa.selenium.support.ui.FluentWait.until(FluentWait.java:272)&#xa;	at TC_06_KIểm tra khi nhập số tiền đúng và nhấn xác nhận.run(TC_06_KIểm tra khi nhập số tiền đúng và nhấn xác nhận:43)&#xa;	at com.kms.katalon.core.main.ScriptEngine.run(ScriptEngine.java:194)&#xa;	at com.kms.katalon.core.main.ScriptEngine.runScriptAsRawText(ScriptEngine.java:119)&#xa;	at com.kms.katalon.core.main.TestCaseExecutor.runScript(TestCaseExecutor.java:448)&#xa;	at com.kms.katalon.core.main.TestCaseExecutor.doExecute(TestCaseExecutor.java:439)&#xa;	at com.kms.katalon.core.main.TestCaseExecutor.processExecutionPhase(TestCaseExecutor.java:418)&#xa;	at com.kms.katalon.core.main.TestCaseExecutor.accessMainPhase(TestCaseExecutor.java:410)&#xa;	at com.kms.katalon.core.main.TestCaseExecutor.execute(TestCaseExecutor.java:285)&#xa;	at com.kms.katalon.core.common.CommonExecutor.accessTestCaseMainPhase(CommonExecutor.java:65)&#xa;	at com.kms.katalon.core.main.TestSuiteExecutor.accessTestSuiteMainPhase(TestSuiteExecutor.java:150)&#xa;	at com.kms.katalon.core.main.TestSuiteExecutor.execute(TestSuiteExecutor.java:106)&#xa;	at com.kms.katalon.core.main.TestCaseMain.startTestSuite(TestCaseMain.java:180)&#xa;	at TempTestSuite1728747306042.run(TempTestSuite1728747306042.groovy:35)&#xa;	at java.base/jdk.internal.reflect.NativeMethodAccessorImpl.invoke0(Native Method)&#xa;	at java.base/jdk.internal.reflect.NativeMethodAccessorImpl.invoke(NativeMethodAccessorImpl.java:77)&#xa;	at java.base/jdk.internal.reflect.DelegatingMethodAccessorImpl.invoke(DelegatingMethodAccessorImpl.java:43)&#xa;Caused by: org.openqa.selenium.NoSuchElementException: no such element: Unable to locate element: {&quot;method&quot;:&quot;xpath&quot;,&quot;selector&quot;:&quot;//p[contains(text(),'Đã tồn tại kỳ đối soát trước đó, Bạn có chắc chắn ')]&quot;}&#xa;  (Session info: chrome=129.0.6668.91)&#xa;For documentation on this error, please visit: https://www.seleniumhq.org/exceptions/no_such_element.html&#xa;Build info: version: '3.141.59', revision: 'unknown', time: 'unknown'&#xa;System info: host: 'Aidan', ip: '2405:4803:fd90:9ef0:35c5:6ea1:b1e8:64e8%en0', os.name: 'Mac OS X', os.arch: 'aarch64', os.version: '15.0.1', java.version: '17.0.7'&#xa;Driver info: com.kms.katalon.selenium.driver.CChromeDriver&#xa;Capabilities {acceptInsecureCerts: false, browserName: chrome, browserVersion: 129.0.6668.91, chrome: {chromedriverVersion: 128.0.6613.84 (606aa55c7d68..., userDataDir: /var/folders/t5/b7k67ybj7gz...}, fedcm:accounts: true, goog:chromeOptions: {debuggerAddress: localhost:54586}, javascriptEnabled: true, networkConnectionEnabled: false, pageLoadStrategy: normal, platform: MAC, platformName: MAC, proxy: Proxy(), setWindowRect: true, strictFileInteractability: false, timeouts: {implicit: 0, pageLoad: 300000, script: 30000}, unhandledPromptBehavior: dismiss and notify, webauthn:extension:credBlob: true, webauthn:extension:largeBlob: true, webauthn:extension:minPinLength: true, webauthn:extension:prf: true, webauthn:virtualAuthenticators: true}&#xa;Session ID: c68c78870802ecce2964fc79aa3d1bff&#xa;*** Element info: {Using=xpath, value=//p[contains(text(),'Đã tồn tại kỳ đối soát trước đó, Bạn có chắc chắn ')]}&#xa;	at jdk.internal.reflect.GeneratedConstructorAccessor21.newInstance(Unknown Source)&#xa;	at java.base/jdk.internal.reflect.DelegatingConstructorAccessorImpl.newInstance(DelegatingConstructorAccessorImpl.java:45)&#xa;	at org.openqa.selenium.remote.http.W3CHttpResponseCodec.createException(W3CHttpResponseCodec.java:187)&#xa;	at org.openqa.selenium.remote.http.W3CHttpResponseCodec.decode(W3CHttpResponseCodec.java:122)&#xa;	at org.openqa.selenium.remote.http.W3CHttpResponseCodec.decode(W3CHttpResponseCodec.java:49)&#xa;	at org.openqa.selenium.remote.HttpCommandExecutor.execute(HttpCommandExecutor.java:158)&#xa;	at org.openqa.selenium.remote.service.DriverCommandExecutor.execute(DriverCommandExecutor.java:83)&#xa;	at org.openqa.selenium.remote.RemoteWebDriver.execute(RemoteWebDriver.java:552)&#xa;	at com.kms.katalon.selenium.driver.CChromeDriver.execute(CChromeDriver.java:19)&#xa;	at org.openqa.selenium.remote.RemoteWebDriver.findElement(RemoteWebDriver.java:323)&#xa;	at org.openqa.selenium.remote.RemoteWebDriver.findElementByXPath(RemoteWebDriver.java:428)&#xa;	at org.openqa.selenium.By$ByXPath.findElement(By.java:353)&#xa;	at org.openqa.selenium.remote.RemoteWebDriver.findElement(RemoteWebDriver.java:315)&#xa;	at jdk.internal.reflect.GeneratedMethodAccessor9.invoke(Unknown Source)&#xa;	at java.base/jdk.internal.reflect.DelegatingMethodAccessorImpl.invoke(DelegatingMethodAccessorImpl.java:43)&#xa;	at org.openqa.selenium.support.events.EventFiringWebDriver.lambda$new$1(EventFiringWebDriver.java:105)&#xa;	at jdk.proxy2/jdk.proxy2.$Proxy22.findElement(Unknown Source)&#xa;	at org.openqa.selenium.support.events.EventFiringWebDriver.findElement(EventFiringWebDriver.java:194)&#xa;	at org.openqa.selenium.support.ui.ExpectedConditions$7.apply(ExpectedConditions.java:205)&#xa;	at org.openqa.selenium.support.ui.ExpectedConditions$7.apply(ExpectedConditions.java:201)&#xa;	at org.openqa.selenium.support.ui.FluentWait.until(FluentWait.java:249)&#xa;	... 16 more&#xa;"/>
         <system-out><![CDATA[12-10-2024T22:38:54 - [TEST_CASE][ERROR] - Test Cases/Quản lý tài khoản merchant/Quản lý danh sách tài khoản/Nạp tiền/TC_06_KIểm tra khi nhập số tiền đúng và nhấn xác nhận: Test Cases/Quản lý tài khoản merchant/Quản lý danh sách tài khoản/Nạp tiền/TC_06_KIểm tra khi nhập số tiền đúng và nhấn xác nhận FAILED.
Reason:
org.openqa.selenium.TimeoutException: Expected condition failed: waiting for visibility of element located by By.xpath: //p[contains(text(),'Đã tồn tại kỳ đối soát trước đó, Bạn có chắc chắn ')] (tried for 20 second(s) with 500 milliseconds interval)
	at org.openqa.selenium.support.ui.WebDriverWait.timeoutException(WebDriverWait.java:95)
	at org.openqa.selenium.support.ui.FluentWait.until(FluentWait.java:272)
	at TC_06_KIểm tra khi nhập số tiền đúng và nhấn xác nhận.run(TC_06_KIểm tra khi nhập số tiền đúng và nhấn xác nhận:43)
	at com.kms.katalon.core.main.ScriptEngine.run(ScriptEngine.java:194)
	at com.kms.katalon.core.main.ScriptEngine.runScriptAsRawText(ScriptEngine.java:119)
	at com.kms.katalon.core.main.TestCaseExecutor.runScript(TestCaseExecutor.java:448)
	at com.kms.katalon.core.main.TestCaseExecutor.doExecute(TestCaseExecutor.java:439)
	at com.kms.katalon.core.main.TestCaseExecutor.processExecutionPhase(TestCaseExecutor.java:418)
	at com.kms.katalon.core.main.TestCaseExecutor.accessMainPhase(TestCaseExecutor.java:410)
	at com.kms.katalon.core.main.TestCaseExecutor.execute(TestCaseExecutor.java:285)
	at com.kms.katalon.core.common.CommonExecutor.accessTestCaseMainPhase(CommonExecutor.java:65)
	at com.kms.katalon.core.main.TestSuiteExecutor.accessTestSuiteMainPhase(TestSuiteExecutor.java:150)
	at com.kms.katalon.core.main.TestSuiteExecutor.execute(TestSuiteExecutor.java:106)
	at com.kms.katalon.core.main.TestCaseMain.startTestSuite(TestCaseMain.java:180)
	at TempTestSuite1728747306042.run(TempTestSuite1728747306042.groovy:35)
	at java.base/jdk.internal.reflect.NativeMethodAccessorImpl.invoke0(Native Method)
	at java.base/jdk.internal.reflect.NativeMethodAccessorImpl.invoke(NativeMethodAccessorImpl.java:77)
	at java.base/jdk.internal.reflect.DelegatingMethodAccessorImpl.invoke(DelegatingMethodAccessorImpl.java:43)
Caused by: org.openqa.selenium.NoSuchElementException: no such element: Unable to locate element: {"method":"xpath","selector":"//p[contains(text(),'Đã tồn tại kỳ đối soát trước đó, Bạn có chắc chắn ')]"}
  (Session info: chrome=129.0.6668.91)
For documentation on this error, please visit: https://www.seleniumhq.org/exceptions/no_such_element.html
Build info: version: '3.141.59', revision: 'unknown', time: 'unknown'
System info: host: 'Aidan', ip: '2405:4803:fd90:9ef0:35c5:6ea1:b1e8:64e8%en0', os.name: 'Mac OS X', os.arch: 'aarch64', os.version: '15.0.1', java.version: '17.0.7'
Driver info: com.kms.katalon.selenium.driver.CChromeDriver
Capabilities {acceptInsecureCerts: false, browserName: chrome, browserVersion: 129.0.6668.91, chrome: {chromedriverVersion: 128.0.6613.84 (606aa55c7d68..., userDataDir: /var/folders/t5/b7k67ybj7gz...}, fedcm:accounts: true, goog:chromeOptions: {debuggerAddress: localhost:54586}, javascriptEnabled: true, networkConnectionEnabled: false, pageLoadStrategy: normal, platform: MAC, platformName: MAC, proxy: Proxy(), setWindowRect: true, strictFileInteractability: false, timeouts: {implicit: 0, pageLoad: 300000, script: 30000}, unhandledPromptBehavior: dismiss and notify, webauthn:extension:credBlob: true, webauthn:extension:largeBlob: true, webauthn:extension:minPinLength: true, webauthn:extension:prf: true, webauthn:virtualAuthenticators: true}
Session ID: c68c78870802ecce2964fc79aa3d1bff
*** Element info: {Using=xpath, value=//p[contains(text(),'Đã tồn tại kỳ đối soát trước đó, Bạn có chắc chắn ')]}
	at jdk.internal.reflect.GeneratedConstructorAccessor21.newInstance(Unknown Source)
	at java.base/jdk.internal.reflect.DelegatingConstructorAccessorImpl.newInstance(DelegatingConstructorAccessorImpl.java:45)
	at org.openqa.selenium.remote.http.W3CHttpResponseCodec.createException(W3CHttpResponseCodec.java:187)
	at org.openqa.selenium.remote.http.W3CHttpResponseCodec.decode(W3CHttpResponseCodec.java:122)
	at org.openqa.selenium.remote.http.W3CHttpResponseCodec.decode(W3CHttpResponseCodec.java:49)
	at org.openqa.selenium.remote.HttpCommandExecutor.execute(HttpCommandExecutor.java:158)
	at org.openqa.selenium.remote.service.DriverCommandExecutor.execute(DriverCommandExecutor.java:83)
	at org.openqa.selenium.remote.RemoteWebDriver.execute(RemoteWebDriver.java:552)
	at com.kms.katalon.selenium.driver.CChromeDriver.execute(CChromeDriver.java:19)
	at org.openqa.selenium.remote.RemoteWebDriver.findElement(RemoteWebDriver.java:323)
	at org.openqa.selenium.remote.RemoteWebDriver.findElementByXPath(RemoteWebDriver.java:428)
	at org.openqa.selenium.By$ByXPath.findElement(By.java:353)
	at org.openqa.selenium.remote.RemoteWebDriver.findElement(RemoteWebDriver.java:315)
	at jdk.internal.reflect.GeneratedMethodAccessor9.invoke(Unknown Source)
	at java.base/jdk.internal.reflect.DelegatingMethodAccessorImpl.invoke(DelegatingMethodAccessorImpl.java:43)
	at org.openqa.selenium.support.events.EventFiringWebDriver.lambda$new$1(EventFiringWebDriver.java:105)
	at jdk.proxy2/jdk.proxy2.$Proxy22.findElement(Unknown Source)
	at org.openqa.selenium.support.events.EventFiringWebDriver.findElement(EventFiringWebDriver.java:194)
	at org.openqa.selenium.support.ui.ExpectedConditions$7.apply(ExpectedConditions.java:205)
	at org.openqa.selenium.support.ui.ExpectedConditions$7.apply(ExpectedConditions.java:201)
	at org.openqa.selenium.support.ui.FluentWait.until(FluentWait.java:249)
	... 16 more


12-10-2024T22:38:54 - [TEST_STEP][PASSED] - Start listener action : sampleBeforeTestCase: Navigate to 'https://stg-cms-console.9pay.mobi/login' successfully

12-10-2024T22:38:54 - [TEST_STEP][PASSED] - testCaseId = testCaseContext.getTestCaseId(): null

12-10-2024T22:38:54 - [TEST_STEP][PASSED] - url = <not implemented yet for class: org.codehaus.groovy.ast.expr.EmptyExpression>: null

12-10-2024T22:38:54 - [TEST_STEP][PASSED] - if (testCaseId == "Test Cases/Quản lý tài khoản merchant/Quản lý dịch vụ merchant/TC_14_Kiểm tra thay đổi sau khi cấu hình VA trên MCV"): null

12-10-2024T22:38:54 - [TEST_STEP][PASSED] - else: null

12-10-2024T22:38:54 - [TEST_STEP][PASSED] - url = "https://stg-cms-console.9pay.mobi/login": null

12-10-2024T22:38:54 - [TEST_STEP][PASSED] - openBrowser(""): Browser is opened with url: ''

12-10-2024T22:38:54 - [MESSAGE][WARNING] - A browser is already opened. Closing browser and opening a new one

12-10-2024T22:38:54 - [MESSAGE][INFO] - Starting 'Chrome' driver

12-10-2024T22:38:54 - [MESSAGE][INFO] - Action delay is set to 0 milliseconds

12-10-2024T22:38:55 - [MESSAGE][PASSED] - Browser is opened with url: ''

12-10-2024T22:38:55 - [TEST_STEP][PASSED] - maximizeWindow(): Current window maximized

12-10-2024T22:38:55 - [MESSAGE][PASSED] - Current window maximized

12-10-2024T22:38:55 - [TEST_STEP][PASSED] - navigateToUrl(url): Navigate to 'https://stg-cms-console.9pay.mobi/login' successfully

12-10-2024T22:38:58 - [MESSAGE][PASSED] - Navigate to 'https://stg-cms-console.9pay.mobi/login' successfully

12-10-2024T22:38:58 - [TEST_STEP][PASSED] - driver = getWebDriver(): null

12-10-2024T22:38:58 - [TEST_STEP][PASSED] - callTestCase(findTestCase("Test Cases/Login/LoginCommon"), [:], STOP_ON_FAILURE): Call Test Case 'Test Cases/Login/LoginCommon' successfully

12-10-2024T22:38:58 - [TEST_CASE][PASSED] - Test Cases/Login/LoginCommon: Test Cases/Login/LoginCommon

12-10-2024T22:38:58 - [TEST_STEP][PASSED] - driver = getWebDriver(): null

12-10-2024T22:38:58 - [TEST_STEP][PASSED] - sendKeys(findTestObject("Quản lý tài khoản merchant/Quản lý dịch vụ merchant/userNameTextbox"), userAccount): Keys 'dannt@9pay.vn' sent to object: 'Object Repository/Quản lý tài khoản merchant/Quản lý dịch vụ merchant/userNameTextbox'

12-10-2024T22:38:59 - [MESSAGE][PASSED] - Keys 'dannt@9pay.vn' sent to object: 'Object Repository/Quản lý tài khoản merchant/Quản lý dịch vụ merchant/userNameTextbox'

12-10-2024T22:38:59 - [TEST_STEP][PASSED] - sendKeys(findTestObject("Quản lý tài khoản merchant/Quản lý dịch vụ merchant/passwordTextbox"), password): Keys 'dannt@9pay.vn' sent to object: 'Object Repository/Quản lý tài khoản merchant/Quản lý dịch vụ merchant/passwordTextbox'

12-10-2024T22:38:59 - [MESSAGE][PASSED] - Keys 'dannt@9pay.vn' sent to object: 'Object Repository/Quản lý tài khoản merchant/Quản lý dịch vụ merchant/passwordTextbox'

12-10-2024T22:38:59 - [TEST_STEP][PASSED] - click(findTestObject("Quản lý tài khoản merchant/Quản lý dịch vụ merchant/loginButton")): Object: 'Object Repository/Quản lý tài khoản merchant/Quản lý dịch vụ merchant/loginButton' is clicked on

12-10-2024T22:38:59 - [MESSAGE][PASSED] - Object: 'Object Repository/Quản lý tài khoản merchant/Quản lý dịch vụ merchant/loginButton' is clicked on

12-10-2024T22:38:59 - [MESSAGE][PASSED] - Call Test Case 'Test Cases/Login/LoginCommon' successfully

12-10-2024T22:38:59 - [TEST_STEP][PASSED] - waitForElementVisible(findTestObject("Trang chủ/userName"), 20, STOP_ON_FAILURE): Object 'Object Repository/Trang chủ/userName' is visible

12-10-2024T22:39:12 - [MESSAGE][PASSED] - Object 'Object Repository/Trang chủ/userName' is visible

12-10-2024T22:39:12 - [TEST_STEP][PASSED] - callTestCase(findTestCase("Test Cases/Quản lý tài khoản merchant/Quản lý danh sách tài khoản/CustomFunctions Deposit"), [:], STOP_ON_FAILURE): Call Test Case 'Test Cases/Quản lý tài khoản merchant/Quản lý danh sách tài khoản/CustomFunctions Deposit' successfully

12-10-2024T22:39:12 - [TEST_CASE][PASSED] - Test Cases/Quản lý tài khoản merchant/Quản lý danh sách tài khoản/CustomFunctions Deposit: Test Cases/Quản lý tài khoản merchant/Quản lý danh sách tài khoản/CustomFunctions Deposit

12-10-2024T22:39:12 - [TEST_STEP][PASSED] - driver = getWebDriver(): null

12-10-2024T22:39:12 - [TEST_STEP][PASSED] - element1 = driver.findElement(By.xpath("//span[contains(text(),'Quản lý tài khoản merchant')]")): null

12-10-2024T22:39:12 - [TEST_STEP][PASSED] - actions = new org.openqa.selenium.interactions.Actions(driver): null

12-10-2024T22:39:12 - [TEST_STEP][PASSED] - click().perform(): null

12-10-2024T22:39:12 - [TEST_STEP][PASSED] - wait = new org.openqa.selenium.support.ui.WebDriverWait(com.kms.katalon.core.webui.driver.DriverFactory.getWebDriver(), 15): null

12-10-2024T22:39:12 - [TEST_STEP][PASSED] - xpath(xpathManagerListAccount))).click(): null

12-10-2024T22:39:13 - [MESSAGE][PASSED] - Call Test Case 'Test Cases/Quản lý tài khoản merchant/Quản lý danh sách tài khoản/CustomFunctions Deposit' successfully

12-10-2024T22:39:13 - [TEST_STEP][PASSED] - wait = new org.openqa.selenium.support.ui.WebDriverWait(com.kms.katalon.core.webui.driver.DriverFactory.getWebDriver(), 20): null

12-10-2024T22:39:13 - [TEST_STEP][PASSED] - userCode = wait.until(ExpectedConditions.visibilityOfElementLocated(By.xpath(xpathUserCode))): null

12-10-2024T22:39:16 - [TEST_STEP][PASSED] - println(userCode.getText()): null

12-10-2024T22:39:16 - [TEST_STEP][PASSED] - xpath(xpathBtnAccount))).click(): null

12-10-2024T22:39:16 - [TEST_STEP][PASSED] - searchTextbox = wait.until(ExpectedConditions.elementToBeClickable(By.xpath(xpathSearchTextbox))): null

12-10-2024T22:39:17 - [TEST_STEP][PASSED] - searchTextbox.sendKeys("dannt11"): null

12-10-2024T22:39:17 - [TEST_STEP][PASSED] - xpath(xpathOption)).click(): null

12-10-2024T22:39:17 - [TEST_STEP][PASSED] - xpath(xpathBtnSearch)).click(): null

12-10-2024T22:39:18 - [TEST_STEP][PASSED] - wait.until(ExpectedConditions.visibilityOfElementLocated(By.xpath(xpathAccountName))): null

12-10-2024T22:39:18 - [TEST_STEP][PASSED] - xpath(xpathBtnDeposit)).click(): null

12-10-2024T22:39:19 - [TEST_STEP][PASSED] - wait.until(ExpectedConditions.visibilityOfElementLocated(By.xpath(xpathTextAccount))): null

12-10-2024T22:39:30 - [TEST_STEP][PASSED] - xpath(xpathChonVi)).click(): null

12-10-2024T22:39:31 - [TEST_STEP][PASSED] - xpath(xpathThuHo3)).click(): null

12-10-2024T22:39:31 - [TEST_STEP][PASSED] - xpath(xpathDay)).click(): null

12-10-2024T22:39:31 - [TEST_STEP][PASSED] - xpath(xpathHomNay)).click(): null

12-10-2024T22:39:32 - [TEST_STEP][PASSED] - xpath(xpathBtnContinue)).click(): null

12-10-2024T22:39:32 - [TEST_STEP][ERROR] - popupDS = wait.until(ExpectedConditions.visibilityOfElementLocated(By.xpath(xpathXacNhanKiDS))): Test Cases/Quản lý tài khoản merchant/Quản lý danh sách tài khoản/Nạp tiền/TC_06_KIểm tra khi nhập số tiền đúng và nhấn xác nhận FAILED.
Reason:
org.openqa.selenium.TimeoutException: Expected condition failed: waiting for visibility of element located by By.xpath: //p[contains(text(),'Đã tồn tại kỳ đối soát trước đó, Bạn có chắc chắn ')] (tried for 20 second(s) with 500 milliseconds interval)
	at org.openqa.selenium.support.ui.WebDriverWait.timeoutException(WebDriverWait.java:95)
	at org.openqa.selenium.support.ui.FluentWait.until(FluentWait.java:272)
	at TC_06_KIểm tra khi nhập số tiền đúng và nhấn xác nhận.run(TC_06_KIểm tra khi nhập số tiền đúng và nhấn xác nhận:43)
	at com.kms.katalon.core.main.ScriptEngine.run(ScriptEngine.java:194)
	at com.kms.katalon.core.main.ScriptEngine.runScriptAsRawText(ScriptEngine.java:119)
	at com.kms.katalon.core.main.TestCaseExecutor.runScript(TestCaseExecutor.java:448)
	at com.kms.katalon.core.main.TestCaseExecutor.doExecute(TestCaseExecutor.java:439)
	at com.kms.katalon.core.main.TestCaseExecutor.processExecutionPhase(TestCaseExecutor.java:418)
	at com.kms.katalon.core.main.TestCaseExecutor.accessMainPhase(TestCaseExecutor.java:410)
	at com.kms.katalon.core.main.TestCaseExecutor.execute(TestCaseExecutor.java:285)
	at com.kms.katalon.core.common.CommonExecutor.accessTestCaseMainPhase(CommonExecutor.java:65)
	at com.kms.katalon.core.main.TestSuiteExecutor.accessTestSuiteMainPhase(TestSuiteExecutor.java:150)
	at com.kms.katalon.core.main.TestSuiteExecutor.execute(TestSuiteExecutor.java:106)
	at com.kms.katalon.core.main.TestCaseMain.startTestSuite(TestCaseMain.java:180)
	at TempTestSuite1728747306042.run(TempTestSuite1728747306042.groovy:35)
	at java.base/jdk.internal.reflect.NativeMethodAccessorImpl.invoke0(Native Method)
	at java.base/jdk.internal.reflect.NativeMethodAccessorImpl.invoke(NativeMethodAccessorImpl.java:77)
	at java.base/jdk.internal.reflect.DelegatingMethodAccessorImpl.invoke(DelegatingMethodAccessorImpl.java:43)
Caused by: org.openqa.selenium.NoSuchElementException: no such element: Unable to locate element: {"method":"xpath","selector":"//p[contains(text(),'Đã tồn tại kỳ đối soát trước đó, Bạn có chắc chắn ')]"}
  (Session info: chrome=129.0.6668.91)
For documentation on this error, please visit: https://www.seleniumhq.org/exceptions/no_such_element.html
Build info: version: '3.141.59', revision: 'unknown', time: 'unknown'
System info: host: 'Aidan', ip: '2405:4803:fd90:9ef0:35c5:6ea1:b1e8:64e8%en0', os.name: 'Mac OS X', os.arch: 'aarch64', os.version: '15.0.1', java.version: '17.0.7'
Driver info: com.kms.katalon.selenium.driver.CChromeDriver
Capabilities {acceptInsecureCerts: false, browserName: chrome, browserVersion: 129.0.6668.91, chrome: {chromedriverVersion: 128.0.6613.84 (606aa55c7d68..., userDataDir: /var/folders/t5/b7k67ybj7gz...}, fedcm:accounts: true, goog:chromeOptions: {debuggerAddress: localhost:54586}, javascriptEnabled: true, networkConnectionEnabled: false, pageLoadStrategy: normal, platform: MAC, platformName: MAC, proxy: Proxy(), setWindowRect: true, strictFileInteractability: false, timeouts: {implicit: 0, pageLoad: 300000, script: 30000}, unhandledPromptBehavior: dismiss and notify, webauthn:extension:credBlob: true, webauthn:extension:largeBlob: true, webauthn:extension:minPinLength: true, webauthn:extension:prf: true, webauthn:virtualAuthenticators: true}
Session ID: c68c78870802ecce2964fc79aa3d1bff
*** Element info: {Using=xpath, value=//p[contains(text(),'Đã tồn tại kỳ đối soát trước đó, Bạn có chắc chắn ')]}
	at jdk.internal.reflect.GeneratedConstructorAccessor21.newInstance(Unknown Source)
	at java.base/jdk.internal.reflect.DelegatingConstructorAccessorImpl.newInstance(DelegatingConstructorAccessorImpl.java:45)
	at org.openqa.selenium.remote.http.W3CHttpResponseCodec.createException(W3CHttpResponseCodec.java:187)
	at org.openqa.selenium.remote.http.W3CHttpResponseCodec.decode(W3CHttpResponseCodec.java:122)
	at org.openqa.selenium.remote.http.W3CHttpResponseCodec.decode(W3CHttpResponseCodec.java:49)
	at org.openqa.selenium.remote.HttpCommandExecutor.execute(HttpCommandExecutor.java:158)
	at org.openqa.selenium.remote.service.DriverCommandExecutor.execute(DriverCommandExecutor.java:83)
	at org.openqa.selenium.remote.RemoteWebDriver.execute(RemoteWebDriver.java:552)
	at com.kms.katalon.selenium.driver.CChromeDriver.execute(CChromeDriver.java:19)
	at org.openqa.selenium.remote.RemoteWebDriver.findElement(RemoteWebDriver.java:323)
	at org.openqa.selenium.remote.RemoteWebDriver.findElementByXPath(RemoteWebDriver.java:428)
	at org.openqa.selenium.By$ByXPath.findElement(By.java:353)
	at org.openqa.selenium.remote.RemoteWebDriver.findElement(RemoteWebDriver.java:315)
	at jdk.internal.reflect.GeneratedMethodAccessor9.invoke(Unknown Source)
	at java.base/jdk.internal.reflect.DelegatingMethodAccessorImpl.invoke(DelegatingMethodAccessorImpl.java:43)
	at org.openqa.selenium.support.events.EventFiringWebDriver.lambda$new$1(EventFiringWebDriver.java:105)
	at jdk.proxy2/jdk.proxy2.$Proxy22.findElement(Unknown Source)
	at org.openqa.selenium.support.events.EventFiringWebDriver.findElement(EventFiringWebDriver.java:194)
	at org.openqa.selenium.support.ui.ExpectedConditions$7.apply(ExpectedConditions.java:205)
	at org.openqa.selenium.support.ui.ExpectedConditions$7.apply(ExpectedConditions.java:201)
	at org.openqa.selenium.support.ui.FluentWait.until(FluentWait.java:249)
	at Script1720717337534.run(Script1720717337534.groovy:43)
	... 15 more


12-10-2024T22:39:53 - [MESSAGE][ERROR] - Test Cases/Quản lý tài khoản merchant/Quản lý danh sách tài khoản/Nạp tiền/TC_06_KIểm tra khi nhập số tiền đúng và nhấn xác nhận FAILED.
Reason:
org.openqa.selenium.TimeoutException: Expected condition failed: waiting for visibility of element located by By.xpath: //p[contains(text(),'Đã tồn tại kỳ đối soát trước đó, Bạn có chắc chắn ')] (tried for 20 second(s) with 500 milliseconds interval)
	at org.openqa.selenium.support.ui.WebDriverWait.timeoutException(WebDriverWait.java:95)
	at org.openqa.selenium.support.ui.FluentWait.until(FluentWait.java:272)
	at TC_06_KIểm tra khi nhập số tiền đúng và nhấn xác nhận.run(TC_06_KIểm tra khi nhập số tiền đúng và nhấn xác nhận:43)
	at com.kms.katalon.core.main.ScriptEngine.run(ScriptEngine.java:194)
	at com.kms.katalon.core.main.ScriptEngine.runScriptAsRawText(ScriptEngine.java:119)
	at com.kms.katalon.core.main.TestCaseExecutor.runScript(TestCaseExecutor.java:448)
	at com.kms.katalon.core.main.TestCaseExecutor.doExecute(TestCaseExecutor.java:439)
	at com.kms.katalon.core.main.TestCaseExecutor.processExecutionPhase(TestCaseExecutor.java:418)
	at com.kms.katalon.core.main.TestCaseExecutor.accessMainPhase(TestCaseExecutor.java:410)
	at com.kms.katalon.core.main.TestCaseExecutor.execute(TestCaseExecutor.java:285)
	at com.kms.katalon.core.common.CommonExecutor.accessTestCaseMainPhase(CommonExecutor.java:65)
	at com.kms.katalon.core.main.TestSuiteExecutor.accessTestSuiteMainPhase(TestSuiteExecutor.java:150)
	at com.kms.katalon.core.main.TestSuiteExecutor.execute(TestSuiteExecutor.java:106)
	at com.kms.katalon.core.main.TestCaseMain.startTestSuite(TestCaseMain.java:180)
	at TempTestSuite1728747306042.run(TempTestSuite1728747306042.groovy:35)
	at java.base/jdk.internal.reflect.NativeMethodAccessorImpl.invoke0(Native Method)
	at java.base/jdk.internal.reflect.NativeMethodAccessorImpl.invoke(NativeMethodAccessorImpl.java:77)
	at java.base/jdk.internal.reflect.DelegatingMethodAccessorImpl.invoke(DelegatingMethodAccessorImpl.java:43)
Caused by: org.openqa.selenium.NoSuchElementException: no such element: Unable to locate element: {"method":"xpath","selector":"//p[contains(text(),'Đã tồn tại kỳ đối soát trước đó, Bạn có chắc chắn ')]"}
  (Session info: chrome=129.0.6668.91)
For documentation on this error, please visit: https://www.seleniumhq.org/exceptions/no_such_element.html
Build info: version: '3.141.59', revision: 'unknown', time: 'unknown'
System info: host: 'Aidan', ip: '2405:4803:fd90:9ef0:35c5:6ea1:b1e8:64e8%en0', os.name: 'Mac OS X', os.arch: 'aarch64', os.version: '15.0.1', java.version: '17.0.7'
Driver info: com.kms.katalon.selenium.driver.CChromeDriver
Capabilities {acceptInsecureCerts: false, browserName: chrome, browserVersion: 129.0.6668.91, chrome: {chromedriverVersion: 128.0.6613.84 (606aa55c7d68..., userDataDir: /var/folders/t5/b7k67ybj7gz...}, fedcm:accounts: true, goog:chromeOptions: {debuggerAddress: localhost:54586}, javascriptEnabled: true, networkConnectionEnabled: false, pageLoadStrategy: normal, platform: MAC, platformName: MAC, proxy: Proxy(), setWindowRect: true, strictFileInteractability: false, timeouts: {implicit: 0, pageLoad: 300000, script: 30000}, unhandledPromptBehavior: dismiss and notify, webauthn:extension:credBlob: true, webauthn:extension:largeBlob: true, webauthn:extension:minPinLength: true, webauthn:extension:prf: true, webauthn:virtualAuthenticators: true}
Session ID: c68c78870802ecce2964fc79aa3d1bff
*** Element info: {Using=xpath, value=//p[contains(text(),'Đã tồn tại kỳ đối soát trước đó, Bạn có chắc chắn ')]}
	at jdk.internal.reflect.GeneratedConstructorAccessor21.newInstance(Unknown Source)
	at java.base/jdk.internal.reflect.DelegatingConstructorAccessorImpl.newInstance(DelegatingConstructorAccessorImpl.java:45)
	at org.openqa.selenium.remote.http.W3CHttpResponseCodec.createException(W3CHttpResponseCodec.java:187)
	at org.openqa.selenium.remote.http.W3CHttpResponseCodec.decode(W3CHttpResponseCodec.java:122)
	at org.openqa.selenium.remote.http.W3CHttpResponseCodec.decode(W3CHttpResponseCodec.java:49)
	at org.openqa.selenium.remote.HttpCommandExecutor.execute(HttpCommandExecutor.java:158)
	at org.openqa.selenium.remote.service.DriverCommandExecutor.execute(DriverCommandExecutor.java:83)
	at org.openqa.selenium.remote.RemoteWebDriver.execute(RemoteWebDriver.java:552)
	at com.kms.katalon.selenium.driver.CChromeDriver.execute(CChromeDriver.java:19)
	at org.openqa.selenium.remote.RemoteWebDriver.findElement(RemoteWebDriver.java:323)
	at org.openqa.selenium.remote.RemoteWebDriver.findElementByXPath(RemoteWebDriver.java:428)
	at org.openqa.selenium.By$ByXPath.findElement(By.java:353)
	at org.openqa.selenium.remote.RemoteWebDriver.findElement(RemoteWebDriver.java:315)
	at jdk.internal.reflect.GeneratedMethodAccessor9.invoke(Unknown Source)
	at java.base/jdk.internal.reflect.DelegatingMethodAccessorImpl.invoke(DelegatingMethodAccessorImpl.java:43)
	at org.openqa.selenium.support.events.EventFiringWebDriver.lambda$new$1(EventFiringWebDriver.java:105)
	at jdk.proxy2/jdk.proxy2.$Proxy22.findElement(Unknown Source)
	at org.openqa.selenium.support.events.EventFiringWebDriver.findElement(EventFiringWebDriver.java:194)
	at org.openqa.selenium.support.ui.ExpectedConditions$7.apply(ExpectedConditions.java:205)
	at org.openqa.selenium.support.ui.ExpectedConditions$7.apply(ExpectedConditions.java:201)
	at org.openqa.selenium.support.ui.FluentWait.until(FluentWait.java:249)
	at Script1720717337534.run(Script1720717337534.groovy:43)
	... 15 more


12-10-2024T22:39:53 - [TEST_STEP][PASSED] - Start listener action : sampleAfterTestCase: null

12-10-2024T22:39:53 - [TEST_STEP][PASSED] - testCaseId = testCaseContext.getTestCaseId(): null

12-10-2024T22:39:53 - [TEST_STEP][PASSED] - if (testCaseId == "Test Cases/Quản lý tài khoản merchant/Quản lý dịch vụ merchant/TC_13_Kiểm tra chức năng xác nhận cấu hình thay đổi VA"): null]]></system-out>
         <system-err><![CDATA[12-10-2024T22:38:54 - [TEST_CASE][ERROR] - Test Cases/Quản lý tài khoản merchant/Quản lý danh sách tài khoản/Nạp tiền/TC_06_KIểm tra khi nhập số tiền đúng và nhấn xác nhận: Test Cases/Quản lý tài khoản merchant/Quản lý danh sách tài khoản/Nạp tiền/TC_06_KIểm tra khi nhập số tiền đúng và nhấn xác nhận FAILED.
Reason:
org.openqa.selenium.TimeoutException: Expected condition failed: waiting for visibility of element located by By.xpath: //p[contains(text(),'Đã tồn tại kỳ đối soát trước đó, Bạn có chắc chắn ')] (tried for 20 second(s) with 500 milliseconds interval)
	at org.openqa.selenium.support.ui.WebDriverWait.timeoutException(WebDriverWait.java:95)
	at org.openqa.selenium.support.ui.FluentWait.until(FluentWait.java:272)
	at TC_06_KIểm tra khi nhập số tiền đúng và nhấn xác nhận.run(TC_06_KIểm tra khi nhập số tiền đúng và nhấn xác nhận:43)
	at com.kms.katalon.core.main.ScriptEngine.run(ScriptEngine.java:194)
	at com.kms.katalon.core.main.ScriptEngine.runScriptAsRawText(ScriptEngine.java:119)
	at com.kms.katalon.core.main.TestCaseExecutor.runScript(TestCaseExecutor.java:448)
	at com.kms.katalon.core.main.TestCaseExecutor.doExecute(TestCaseExecutor.java:439)
	at com.kms.katalon.core.main.TestCaseExecutor.processExecutionPhase(TestCaseExecutor.java:418)
	at com.kms.katalon.core.main.TestCaseExecutor.accessMainPhase(TestCaseExecutor.java:410)
	at com.kms.katalon.core.main.TestCaseExecutor.execute(TestCaseExecutor.java:285)
	at com.kms.katalon.core.common.CommonExecutor.accessTestCaseMainPhase(CommonExecutor.java:65)
	at com.kms.katalon.core.main.TestSuiteExecutor.accessTestSuiteMainPhase(TestSuiteExecutor.java:150)
	at com.kms.katalon.core.main.TestSuiteExecutor.execute(TestSuiteExecutor.java:106)
	at com.kms.katalon.core.main.TestCaseMain.startTestSuite(TestCaseMain.java:180)
	at TempTestSuite1728747306042.run(TempTestSuite1728747306042.groovy:35)
	at java.base/jdk.internal.reflect.NativeMethodAccessorImpl.invoke0(Native Method)
	at java.base/jdk.internal.reflect.NativeMethodAccessorImpl.invoke(NativeMethodAccessorImpl.java:77)
	at java.base/jdk.internal.reflect.DelegatingMethodAccessorImpl.invoke(DelegatingMethodAccessorImpl.java:43)
Caused by: org.openqa.selenium.NoSuchElementException: no such element: Unable to locate element: {"method":"xpath","selector":"//p[contains(text(),'Đã tồn tại kỳ đối soát trước đó, Bạn có chắc chắn ')]"}
  (Session info: chrome=129.0.6668.91)
For documentation on this error, please visit: https://www.seleniumhq.org/exceptions/no_such_element.html
Build info: version: '3.141.59', revision: 'unknown', time: 'unknown'
System info: host: 'Aidan', ip: '2405:4803:fd90:9ef0:35c5:6ea1:b1e8:64e8%en0', os.name: 'Mac OS X', os.arch: 'aarch64', os.version: '15.0.1', java.version: '17.0.7'
Driver info: com.kms.katalon.selenium.driver.CChromeDriver
Capabilities {acceptInsecureCerts: false, browserName: chrome, browserVersion: 129.0.6668.91, chrome: {chromedriverVersion: 128.0.6613.84 (606aa55c7d68..., userDataDir: /var/folders/t5/b7k67ybj7gz...}, fedcm:accounts: true, goog:chromeOptions: {debuggerAddress: localhost:54586}, javascriptEnabled: true, networkConnectionEnabled: false, pageLoadStrategy: normal, platform: MAC, platformName: MAC, proxy: Proxy(), setWindowRect: true, strictFileInteractability: false, timeouts: {implicit: 0, pageLoad: 300000, script: 30000}, unhandledPromptBehavior: dismiss and notify, webauthn:extension:credBlob: true, webauthn:extension:largeBlob: true, webauthn:extension:minPinLength: true, webauthn:extension:prf: true, webauthn:virtualAuthenticators: true}
Session ID: c68c78870802ecce2964fc79aa3d1bff
*** Element info: {Using=xpath, value=//p[contains(text(),'Đã tồn tại kỳ đối soát trước đó, Bạn có chắc chắn ')]}
	at jdk.internal.reflect.GeneratedConstructorAccessor21.newInstance(Unknown Source)
	at java.base/jdk.internal.reflect.DelegatingConstructorAccessorImpl.newInstance(DelegatingConstructorAccessorImpl.java:45)
	at org.openqa.selenium.remote.http.W3CHttpResponseCodec.createException(W3CHttpResponseCodec.java:187)
	at org.openqa.selenium.remote.http.W3CHttpResponseCodec.decode(W3CHttpResponseCodec.java:122)
	at org.openqa.selenium.remote.http.W3CHttpResponseCodec.decode(W3CHttpResponseCodec.java:49)
	at org.openqa.selenium.remote.HttpCommandExecutor.execute(HttpCommandExecutor.java:158)
	at org.openqa.selenium.remote.service.DriverCommandExecutor.execute(DriverCommandExecutor.java:83)
	at org.openqa.selenium.remote.RemoteWebDriver.execute(RemoteWebDriver.java:552)
	at com.kms.katalon.selenium.driver.CChromeDriver.execute(CChromeDriver.java:19)
	at org.openqa.selenium.remote.RemoteWebDriver.findElement(RemoteWebDriver.java:323)
	at org.openqa.selenium.remote.RemoteWebDriver.findElementByXPath(RemoteWebDriver.java:428)
	at org.openqa.selenium.By$ByXPath.findElement(By.java:353)
	at org.openqa.selenium.remote.RemoteWebDriver.findElement(RemoteWebDriver.java:315)
	at jdk.internal.reflect.GeneratedMethodAccessor9.invoke(Unknown Source)
	at java.base/jdk.internal.reflect.DelegatingMethodAccessorImpl.invoke(DelegatingMethodAccessorImpl.java:43)
	at org.openqa.selenium.support.events.EventFiringWebDriver.lambda$new$1(EventFiringWebDriver.java:105)
	at jdk.proxy2/jdk.proxy2.$Proxy22.findElement(Unknown Source)
	at org.openqa.selenium.support.events.EventFiringWebDriver.findElement(EventFiringWebDriver.java:194)
	at org.openqa.selenium.support.ui.ExpectedConditions$7.apply(ExpectedConditions.java:205)
	at org.openqa.selenium.support.ui.ExpectedConditions$7.apply(ExpectedConditions.java:201)
	at org.openqa.selenium.support.ui.FluentWait.until(FluentWait.java:249)
	... 16 more]]></system-err>
      </testcase>
      <testcase name="Test Cases/Quản lý tài khoản merchant/Quản lý danh sách tài khoản/Nạp tiền/TC_07_Nhập số tiền đúng và chọn kì đối soát đã có trước đó và nhấn Huỷ" time="57.414" classname="Test Cases/Quản lý tài khoản merchant/Quản lý danh sách tài khoản/Nạp tiền/TC_07_Nhập số tiền đúng và chọn kì đối soát đã có trước đó và nhấn Huỷ" status="ERROR">
         <error type="ERROR" message="Test Cases/Quản lý tài khoản merchant/Quản lý danh sách tài khoản/Nạp tiền/TC_07_Nhập số tiền đúng và chọn kì đối soát đã có trước đó và nhấn Huỷ FAILED.&#xa;Reason:&#xa;org.openqa.selenium.TimeoutException: Expected condition failed: waiting for visibility of element located by By.xpath: //p[contains(text(),'Đã tồn tại kỳ đối soát trước đó, Bạn có chắc chắn ')] (tried for 20 second(s) with 500 milliseconds interval)&#xa;	at org.openqa.selenium.support.ui.WebDriverWait.timeoutException(WebDriverWait.java:95)&#xa;	at org.openqa.selenium.support.ui.FluentWait.until(FluentWait.java:272)&#xa;	at TC_07_Nhập số tiền đúng và chọn kì đối soát đã có trước đó và nhấn Huỷ.run(TC_07_Nhập số tiền đúng và chọn kì đối soát đã có trước đó và nhấn Huỷ:41)&#xa;	at com.kms.katalon.core.main.ScriptEngine.run(ScriptEngine.java:194)&#xa;	at com.kms.katalon.core.main.ScriptEngine.runScriptAsRawText(ScriptEngine.java:119)&#xa;	at com.kms.katalon.core.main.TestCaseExecutor.runScript(TestCaseExecutor.java:448)&#xa;	at com.kms.katalon.core.main.TestCaseExecutor.doExecute(TestCaseExecutor.java:439)&#xa;	at com.kms.katalon.core.main.TestCaseExecutor.processExecutionPhase(TestCaseExecutor.java:418)&#xa;	at com.kms.katalon.core.main.TestCaseExecutor.accessMainPhase(TestCaseExecutor.java:410)&#xa;	at com.kms.katalon.core.main.TestCaseExecutor.execute(TestCaseExecutor.java:285)&#xa;	at com.kms.katalon.core.common.CommonExecutor.accessTestCaseMainPhase(CommonExecutor.java:65)&#xa;	at com.kms.katalon.core.main.TestSuiteExecutor.accessTestSuiteMainPhase(TestSuiteExecutor.java:150)&#xa;	at com.kms.katalon.core.main.TestSuiteExecutor.execute(TestSuiteExecutor.java:106)&#xa;	at com.kms.katalon.core.main.TestCaseMain.startTestSuite(TestCaseMain.java:180)&#xa;	at TempTestSuite1728747306042.run(TempTestSuite1728747306042.groovy:35)&#xa;	at java.base/jdk.internal.reflect.NativeMethodAccessorImpl.invoke0(Native Method)&#xa;	at java.base/jdk.internal.reflect.NativeMethodAccessorImpl.invoke(NativeMethodAccessorImpl.java:77)&#xa;	at java.base/jdk.internal.reflect.DelegatingMethodAccessorImpl.invoke(DelegatingMethodAccessorImpl.java:43)&#xa;Caused by: org.openqa.selenium.NoSuchElementException: no such element: Unable to locate element: {&quot;method&quot;:&quot;xpath&quot;,&quot;selector&quot;:&quot;//p[contains(text(),'Đã tồn tại kỳ đối soát trước đó, Bạn có chắc chắn ')]&quot;}&#xa;  (Session info: chrome=129.0.6668.91)&#xa;For documentation on this error, please visit: https://www.seleniumhq.org/exceptions/no_such_element.html&#xa;Build info: version: '3.141.59', revision: 'unknown', time: 'unknown'&#xa;System info: host: 'Aidan', ip: '2405:4803:fd90:9ef0:35c5:6ea1:b1e8:64e8%en0', os.name: 'Mac OS X', os.arch: 'aarch64', os.version: '15.0.1', java.version: '17.0.7'&#xa;Driver info: com.kms.katalon.selenium.driver.CChromeDriver&#xa;Capabilities {acceptInsecureCerts: false, browserName: chrome, browserVersion: 129.0.6668.91, chrome: {chromedriverVersion: 128.0.6613.84 (606aa55c7d68..., userDataDir: /var/folders/t5/b7k67ybj7gz...}, fedcm:accounts: true, goog:chromeOptions: {debuggerAddress: localhost:54612}, javascriptEnabled: true, networkConnectionEnabled: false, pageLoadStrategy: normal, platform: MAC, platformName: MAC, proxy: Proxy(), setWindowRect: true, strictFileInteractability: false, timeouts: {implicit: 0, pageLoad: 300000, script: 30000}, unhandledPromptBehavior: dismiss and notify, webauthn:extension:credBlob: true, webauthn:extension:largeBlob: true, webauthn:extension:minPinLength: true, webauthn:extension:prf: true, webauthn:virtualAuthenticators: true}&#xa;Session ID: 8bd535d28e09c421be24ad980e85e6b0&#xa;*** Element info: {Using=xpath, value=//p[contains(text(),'Đã tồn tại kỳ đối soát trước đó, Bạn có chắc chắn ')]}&#xa;	at jdk.internal.reflect.GeneratedConstructorAccessor21.newInstance(Unknown Source)&#xa;	at java.base/jdk.internal.reflect.DelegatingConstructorAccessorImpl.newInstance(DelegatingConstructorAccessorImpl.java:45)&#xa;	at org.openqa.selenium.remote.http.W3CHttpResponseCodec.createException(W3CHttpResponseCodec.java:187)&#xa;	at org.openqa.selenium.remote.http.W3CHttpResponseCodec.decode(W3CHttpResponseCodec.java:122)&#xa;	at org.openqa.selenium.remote.http.W3CHttpResponseCodec.decode(W3CHttpResponseCodec.java:49)&#xa;	at org.openqa.selenium.remote.HttpCommandExecutor.execute(HttpCommandExecutor.java:158)&#xa;	at org.openqa.selenium.remote.service.DriverCommandExecutor.execute(DriverCommandExecutor.java:83)&#xa;	at org.openqa.selenium.remote.RemoteWebDriver.execute(RemoteWebDriver.java:552)&#xa;	at com.kms.katalon.selenium.driver.CChromeDriver.execute(CChromeDriver.java:19)&#xa;	at org.openqa.selenium.remote.RemoteWebDriver.findElement(RemoteWebDriver.java:323)&#xa;	at org.openqa.selenium.remote.RemoteWebDriver.findElementByXPath(RemoteWebDriver.java:428)&#xa;	at org.openqa.selenium.By$ByXPath.findElement(By.java:353)&#xa;	at org.openqa.selenium.remote.RemoteWebDriver.findElement(RemoteWebDriver.java:315)&#xa;	at jdk.internal.reflect.GeneratedMethodAccessor9.invoke(Unknown Source)&#xa;	at java.base/jdk.internal.reflect.DelegatingMethodAccessorImpl.invoke(DelegatingMethodAccessorImpl.java:43)&#xa;	at org.openqa.selenium.support.events.EventFiringWebDriver.lambda$new$1(EventFiringWebDriver.java:105)&#xa;	at jdk.proxy2/jdk.proxy2.$Proxy22.findElement(Unknown Source)&#xa;	at org.openqa.selenium.support.events.EventFiringWebDriver.findElement(EventFiringWebDriver.java:194)&#xa;	at org.openqa.selenium.support.ui.ExpectedConditions$7.apply(ExpectedConditions.java:205)&#xa;	at org.openqa.selenium.support.ui.ExpectedConditions$7.apply(ExpectedConditions.java:201)&#xa;	at org.openqa.selenium.support.ui.FluentWait.until(FluentWait.java:249)&#xa;	... 16 more&#xa;"/>
         <system-out><![CDATA[12-10-2024T22:39:53 - [TEST_CASE][ERROR] - Test Cases/Quản lý tài khoản merchant/Quản lý danh sách tài khoản/Nạp tiền/TC_07_Nhập số tiền đúng và chọn kì đối soát đã có trước đó và nhấn Huỷ: Test Cases/Quản lý tài khoản merchant/Quản lý danh sách tài khoản/Nạp tiền/TC_07_Nhập số tiền đúng và chọn kì đối soát đã có trước đó và nhấn Huỷ FAILED.
Reason:
org.openqa.selenium.TimeoutException: Expected condition failed: waiting for visibility of element located by By.xpath: //p[contains(text(),'Đã tồn tại kỳ đối soát trước đó, Bạn có chắc chắn ')] (tried for 20 second(s) with 500 milliseconds interval)
	at org.openqa.selenium.support.ui.WebDriverWait.timeoutException(WebDriverWait.java:95)
	at org.openqa.selenium.support.ui.FluentWait.until(FluentWait.java:272)
	at TC_07_Nhập số tiền đúng và chọn kì đối soát đã có trước đó và nhấn Huỷ.run(TC_07_Nhập số tiền đúng và chọn kì đối soát đã có trước đó và nhấn Huỷ:41)
	at com.kms.katalon.core.main.ScriptEngine.run(ScriptEngine.java:194)
	at com.kms.katalon.core.main.ScriptEngine.runScriptAsRawText(ScriptEngine.java:119)
	at com.kms.katalon.core.main.TestCaseExecutor.runScript(TestCaseExecutor.java:448)
	at com.kms.katalon.core.main.TestCaseExecutor.doExecute(TestCaseExecutor.java:439)
	at com.kms.katalon.core.main.TestCaseExecutor.processExecutionPhase(TestCaseExecutor.java:418)
	at com.kms.katalon.core.main.TestCaseExecutor.accessMainPhase(TestCaseExecutor.java:410)
	at com.kms.katalon.core.main.TestCaseExecutor.execute(TestCaseExecutor.java:285)
	at com.kms.katalon.core.common.CommonExecutor.accessTestCaseMainPhase(CommonExecutor.java:65)
	at com.kms.katalon.core.main.TestSuiteExecutor.accessTestSuiteMainPhase(TestSuiteExecutor.java:150)
	at com.kms.katalon.core.main.TestSuiteExecutor.execute(TestSuiteExecutor.java:106)
	at com.kms.katalon.core.main.TestCaseMain.startTestSuite(TestCaseMain.java:180)
	at TempTestSuite1728747306042.run(TempTestSuite1728747306042.groovy:35)
	at java.base/jdk.internal.reflect.NativeMethodAccessorImpl.invoke0(Native Method)
	at java.base/jdk.internal.reflect.NativeMethodAccessorImpl.invoke(NativeMethodAccessorImpl.java:77)
	at java.base/jdk.internal.reflect.DelegatingMethodAccessorImpl.invoke(DelegatingMethodAccessorImpl.java:43)
Caused by: org.openqa.selenium.NoSuchElementException: no such element: Unable to locate element: {"method":"xpath","selector":"//p[contains(text(),'Đã tồn tại kỳ đối soát trước đó, Bạn có chắc chắn ')]"}
  (Session info: chrome=129.0.6668.91)
For documentation on this error, please visit: https://www.seleniumhq.org/exceptions/no_such_element.html
Build info: version: '3.141.59', revision: 'unknown', time: 'unknown'
System info: host: 'Aidan', ip: '2405:4803:fd90:9ef0:35c5:6ea1:b1e8:64e8%en0', os.name: 'Mac OS X', os.arch: 'aarch64', os.version: '15.0.1', java.version: '17.0.7'
Driver info: com.kms.katalon.selenium.driver.CChromeDriver
Capabilities {acceptInsecureCerts: false, browserName: chrome, browserVersion: 129.0.6668.91, chrome: {chromedriverVersion: 128.0.6613.84 (606aa55c7d68..., userDataDir: /var/folders/t5/b7k67ybj7gz...}, fedcm:accounts: true, goog:chromeOptions: {debuggerAddress: localhost:54612}, javascriptEnabled: true, networkConnectionEnabled: false, pageLoadStrategy: normal, platform: MAC, platformName: MAC, proxy: Proxy(), setWindowRect: true, strictFileInteractability: false, timeouts: {implicit: 0, pageLoad: 300000, script: 30000}, unhandledPromptBehavior: dismiss and notify, webauthn:extension:credBlob: true, webauthn:extension:largeBlob: true, webauthn:extension:minPinLength: true, webauthn:extension:prf: true, webauthn:virtualAuthenticators: true}
Session ID: 8bd535d28e09c421be24ad980e85e6b0
*** Element info: {Using=xpath, value=//p[contains(text(),'Đã tồn tại kỳ đối soát trước đó, Bạn có chắc chắn ')]}
	at jdk.internal.reflect.GeneratedConstructorAccessor21.newInstance(Unknown Source)
	at java.base/jdk.internal.reflect.DelegatingConstructorAccessorImpl.newInstance(DelegatingConstructorAccessorImpl.java:45)
	at org.openqa.selenium.remote.http.W3CHttpResponseCodec.createException(W3CHttpResponseCodec.java:187)
	at org.openqa.selenium.remote.http.W3CHttpResponseCodec.decode(W3CHttpResponseCodec.java:122)
	at org.openqa.selenium.remote.http.W3CHttpResponseCodec.decode(W3CHttpResponseCodec.java:49)
	at org.openqa.selenium.remote.HttpCommandExecutor.execute(HttpCommandExecutor.java:158)
	at org.openqa.selenium.remote.service.DriverCommandExecutor.execute(DriverCommandExecutor.java:83)
	at org.openqa.selenium.remote.RemoteWebDriver.execute(RemoteWebDriver.java:552)
	at com.kms.katalon.selenium.driver.CChromeDriver.execute(CChromeDriver.java:19)
	at org.openqa.selenium.remote.RemoteWebDriver.findElement(RemoteWebDriver.java:323)
	at org.openqa.selenium.remote.RemoteWebDriver.findElementByXPath(RemoteWebDriver.java:428)
	at org.openqa.selenium.By$ByXPath.findElement(By.java:353)
	at org.openqa.selenium.remote.RemoteWebDriver.findElement(RemoteWebDriver.java:315)
	at jdk.internal.reflect.GeneratedMethodAccessor9.invoke(Unknown Source)
	at java.base/jdk.internal.reflect.DelegatingMethodAccessorImpl.invoke(DelegatingMethodAccessorImpl.java:43)
	at org.openqa.selenium.support.events.EventFiringWebDriver.lambda$new$1(EventFiringWebDriver.java:105)
	at jdk.proxy2/jdk.proxy2.$Proxy22.findElement(Unknown Source)
	at org.openqa.selenium.support.events.EventFiringWebDriver.findElement(EventFiringWebDriver.java:194)
	at org.openqa.selenium.support.ui.ExpectedConditions$7.apply(ExpectedConditions.java:205)
	at org.openqa.selenium.support.ui.ExpectedConditions$7.apply(ExpectedConditions.java:201)
	at org.openqa.selenium.support.ui.FluentWait.until(FluentWait.java:249)
	... 16 more


12-10-2024T22:39:53 - [TEST_STEP][PASSED] - Start listener action : sampleBeforeTestCase: Navigate to 'https://stg-cms-console.9pay.mobi/login' successfully

12-10-2024T22:39:53 - [TEST_STEP][PASSED] - testCaseId = testCaseContext.getTestCaseId(): null

12-10-2024T22:39:53 - [TEST_STEP][PASSED] - url = <not implemented yet for class: org.codehaus.groovy.ast.expr.EmptyExpression>: null

12-10-2024T22:39:53 - [TEST_STEP][PASSED] - if (testCaseId == "Test Cases/Quản lý tài khoản merchant/Quản lý dịch vụ merchant/TC_14_Kiểm tra thay đổi sau khi cấu hình VA trên MCV"): null

12-10-2024T22:39:53 - [TEST_STEP][PASSED] - else: null

12-10-2024T22:39:53 - [TEST_STEP][PASSED] - url = "https://stg-cms-console.9pay.mobi/login": null

12-10-2024T22:39:53 - [TEST_STEP][PASSED] - openBrowser(""): Browser is opened with url: ''

12-10-2024T22:39:53 - [MESSAGE][WARNING] - A browser is already opened. Closing browser and opening a new one

12-10-2024T22:39:53 - [MESSAGE][INFO] - Starting 'Chrome' driver

12-10-2024T22:39:53 - [MESSAGE][INFO] - Action delay is set to 0 milliseconds

12-10-2024T22:39:54 - [MESSAGE][PASSED] - Browser is opened with url: ''

12-10-2024T22:39:54 - [TEST_STEP][PASSED] - maximizeWindow(): Current window maximized

12-10-2024T22:39:54 - [MESSAGE][PASSED] - Current window maximized

12-10-2024T22:39:54 - [TEST_STEP][PASSED] - navigateToUrl(url): Navigate to 'https://stg-cms-console.9pay.mobi/login' successfully

12-10-2024T22:39:58 - [MESSAGE][PASSED] - Navigate to 'https://stg-cms-console.9pay.mobi/login' successfully

12-10-2024T22:39:58 - [TEST_STEP][PASSED] - driver = getWebDriver(): null

12-10-2024T22:39:58 - [TEST_STEP][PASSED] - callTestCase(findTestCase("Test Cases/Login/LoginCommon"), [:], STOP_ON_FAILURE): Call Test Case 'Test Cases/Login/LoginCommon' successfully

12-10-2024T22:39:58 - [TEST_CASE][PASSED] - Test Cases/Login/LoginCommon: Test Cases/Login/LoginCommon

12-10-2024T22:39:58 - [TEST_STEP][PASSED] - driver = getWebDriver(): null

12-10-2024T22:39:58 - [TEST_STEP][PASSED] - sendKeys(findTestObject("Quản lý tài khoản merchant/Quản lý dịch vụ merchant/userNameTextbox"), userAccount): Keys 'dannt@9pay.vn' sent to object: 'Object Repository/Quản lý tài khoản merchant/Quản lý dịch vụ merchant/userNameTextbox'

12-10-2024T22:39:58 - [MESSAGE][PASSED] - Keys 'dannt@9pay.vn' sent to object: 'Object Repository/Quản lý tài khoản merchant/Quản lý dịch vụ merchant/userNameTextbox'

12-10-2024T22:39:58 - [TEST_STEP][PASSED] - sendKeys(findTestObject("Quản lý tài khoản merchant/Quản lý dịch vụ merchant/passwordTextbox"), password): Keys 'dannt@9pay.vn' sent to object: 'Object Repository/Quản lý tài khoản merchant/Quản lý dịch vụ merchant/passwordTextbox'

12-10-2024T22:39:59 - [MESSAGE][PASSED] - Keys 'dannt@9pay.vn' sent to object: 'Object Repository/Quản lý tài khoản merchant/Quản lý dịch vụ merchant/passwordTextbox'

12-10-2024T22:39:59 - [TEST_STEP][PASSED] - click(findTestObject("Quản lý tài khoản merchant/Quản lý dịch vụ merchant/loginButton")): Object: 'Object Repository/Quản lý tài khoản merchant/Quản lý dịch vụ merchant/loginButton' is clicked on

12-10-2024T22:39:59 - [MESSAGE][PASSED] - Object: 'Object Repository/Quản lý tài khoản merchant/Quản lý dịch vụ merchant/loginButton' is clicked on

12-10-2024T22:39:59 - [MESSAGE][PASSED] - Call Test Case 'Test Cases/Login/LoginCommon' successfully

12-10-2024T22:39:59 - [TEST_STEP][PASSED] - waitForElementVisible(findTestObject("Trang chủ/userName"), 20, STOP_ON_FAILURE): Object 'Object Repository/Trang chủ/userName' is visible

12-10-2024T22:40:14 - [MESSAGE][PASSED] - Object 'Object Repository/Trang chủ/userName' is visible

12-10-2024T22:40:14 - [TEST_STEP][PASSED] - callTestCase(findTestCase("Test Cases/Quản lý tài khoản merchant/Quản lý danh sách tài khoản/CustomFunctions Deposit"), [:], STOP_ON_FAILURE): Call Test Case 'Test Cases/Quản lý tài khoản merchant/Quản lý danh sách tài khoản/CustomFunctions Deposit' successfully

12-10-2024T22:40:14 - [TEST_CASE][PASSED] - Test Cases/Quản lý tài khoản merchant/Quản lý danh sách tài khoản/CustomFunctions Deposit: Test Cases/Quản lý tài khoản merchant/Quản lý danh sách tài khoản/CustomFunctions Deposit

12-10-2024T22:40:14 - [TEST_STEP][PASSED] - driver = getWebDriver(): null

12-10-2024T22:40:14 - [TEST_STEP][PASSED] - element1 = driver.findElement(By.xpath("//span[contains(text(),'Quản lý tài khoản merchant')]")): null

12-10-2024T22:40:14 - [TEST_STEP][PASSED] - actions = new org.openqa.selenium.interactions.Actions(driver): null

12-10-2024T22:40:14 - [TEST_STEP][PASSED] - click().perform(): null

12-10-2024T22:40:14 - [TEST_STEP][PASSED] - wait = new org.openqa.selenium.support.ui.WebDriverWait(com.kms.katalon.core.webui.driver.DriverFactory.getWebDriver(), 15): null

12-10-2024T22:40:14 - [TEST_STEP][PASSED] - xpath(xpathManagerListAccount))).click(): null

12-10-2024T22:40:15 - [MESSAGE][PASSED] - Call Test Case 'Test Cases/Quản lý tài khoản merchant/Quản lý danh sách tài khoản/CustomFunctions Deposit' successfully

12-10-2024T22:40:15 - [TEST_STEP][PASSED] - wait = new org.openqa.selenium.support.ui.WebDriverWait(com.kms.katalon.core.webui.driver.DriverFactory.getWebDriver(), 20): null

12-10-2024T22:40:15 - [TEST_STEP][PASSED] - userCode = wait.until(ExpectedConditions.visibilityOfElementLocated(By.xpath(xpathUserCode))): null

12-10-2024T22:40:20 - [TEST_STEP][PASSED] - println(userCode.getText()): null

12-10-2024T22:40:20 - [TEST_STEP][PASSED] - xpath(xpathBtnAccount))).click(): null

12-10-2024T22:40:20 - [TEST_STEP][PASSED] - searchTextbox = wait.until(ExpectedConditions.elementToBeClickable(By.xpath(xpathSearchTextbox))): null

12-10-2024T22:40:21 - [TEST_STEP][PASSED] - searchTextbox.sendKeys("dannt11"): null

12-10-2024T22:40:21 - [TEST_STEP][PASSED] - xpath(xpathDannt11)).click(): null

12-10-2024T22:40:21 - [TEST_STEP][PASSED] - xpath(xpathBtnSearch)).click(): null

12-10-2024T22:40:22 - [TEST_STEP][PASSED] - wait.until(ExpectedConditions.visibilityOfElementLocated(By.xpath(xpathAccountName))): null

12-10-2024T22:40:22 - [TEST_STEP][PASSED] - Assert.assertEquals(xpath(xpathAccountName)).getText(), username): null

12-10-2024T22:40:23 - [TEST_STEP][PASSED] - xpath(xpathBtnDeposit)).click(): null

12-10-2024T22:40:23 - [TEST_STEP][PASSED] - wait.until(ExpectedConditions.visibilityOfElementLocated(By.xpath(xpathTextAccount))): null

12-10-2024T22:40:28 - [TEST_STEP][PASSED] - xpath(xpathChonVi)).click(): null

12-10-2024T22:40:28 - [TEST_STEP][PASSED] - xpath(xpathThuHo3)).click(): null

12-10-2024T22:40:29 - [TEST_STEP][PASSED] - xpath(xpathDay)).click(): null

12-10-2024T22:40:29 - [TEST_STEP][PASSED] - xpath(xpathHomNay)).click(): null

12-10-2024T22:40:30 - [TEST_STEP][PASSED] - xpath(xpathBtnContinue)).click(): null

12-10-2024T22:40:30 - [TEST_STEP][ERROR] - popupDS = wait.until(ExpectedConditions.visibilityOfElementLocated(By.xpath(xpathXacNhanKiDS))): Test Cases/Quản lý tài khoản merchant/Quản lý danh sách tài khoản/Nạp tiền/TC_07_Nhập số tiền đúng và chọn kì đối soát đã có trước đó và nhấn Huỷ FAILED.
Reason:
org.openqa.selenium.TimeoutException: Expected condition failed: waiting for visibility of element located by By.xpath: //p[contains(text(),'Đã tồn tại kỳ đối soát trước đó, Bạn có chắc chắn ')] (tried for 20 second(s) with 500 milliseconds interval)
	at org.openqa.selenium.support.ui.WebDriverWait.timeoutException(WebDriverWait.java:95)
	at org.openqa.selenium.support.ui.FluentWait.until(FluentWait.java:272)
	at TC_07_Nhập số tiền đúng và chọn kì đối soát đã có trước đó và nhấn Huỷ.run(TC_07_Nhập số tiền đúng và chọn kì đối soát đã có trước đó và nhấn Huỷ:41)
	at com.kms.katalon.core.main.ScriptEngine.run(ScriptEngine.java:194)
	at com.kms.katalon.core.main.ScriptEngine.runScriptAsRawText(ScriptEngine.java:119)
	at com.kms.katalon.core.main.TestCaseExecutor.runScript(TestCaseExecutor.java:448)
	at com.kms.katalon.core.main.TestCaseExecutor.doExecute(TestCaseExecutor.java:439)
	at com.kms.katalon.core.main.TestCaseExecutor.processExecutionPhase(TestCaseExecutor.java:418)
	at com.kms.katalon.core.main.TestCaseExecutor.accessMainPhase(TestCaseExecutor.java:410)
	at com.kms.katalon.core.main.TestCaseExecutor.execute(TestCaseExecutor.java:285)
	at com.kms.katalon.core.common.CommonExecutor.accessTestCaseMainPhase(CommonExecutor.java:65)
	at com.kms.katalon.core.main.TestSuiteExecutor.accessTestSuiteMainPhase(TestSuiteExecutor.java:150)
	at com.kms.katalon.core.main.TestSuiteExecutor.execute(TestSuiteExecutor.java:106)
	at com.kms.katalon.core.main.TestCaseMain.startTestSuite(TestCaseMain.java:180)
	at TempTestSuite1728747306042.run(TempTestSuite1728747306042.groovy:35)
	at java.base/jdk.internal.reflect.NativeMethodAccessorImpl.invoke0(Native Method)
	at java.base/jdk.internal.reflect.NativeMethodAccessorImpl.invoke(NativeMethodAccessorImpl.java:77)
	at java.base/jdk.internal.reflect.DelegatingMethodAccessorImpl.invoke(DelegatingMethodAccessorImpl.java:43)
Caused by: org.openqa.selenium.NoSuchElementException: no such element: Unable to locate element: {"method":"xpath","selector":"//p[contains(text(),'Đã tồn tại kỳ đối soát trước đó, Bạn có chắc chắn ')]"}
  (Session info: chrome=129.0.6668.91)
For documentation on this error, please visit: https://www.seleniumhq.org/exceptions/no_such_element.html
Build info: version: '3.141.59', revision: 'unknown', time: 'unknown'
System info: host: 'Aidan', ip: '2405:4803:fd90:9ef0:35c5:6ea1:b1e8:64e8%en0', os.name: 'Mac OS X', os.arch: 'aarch64', os.version: '15.0.1', java.version: '17.0.7'
Driver info: com.kms.katalon.selenium.driver.CChromeDriver
Capabilities {acceptInsecureCerts: false, browserName: chrome, browserVersion: 129.0.6668.91, chrome: {chromedriverVersion: 128.0.6613.84 (606aa55c7d68..., userDataDir: /var/folders/t5/b7k67ybj7gz...}, fedcm:accounts: true, goog:chromeOptions: {debuggerAddress: localhost:54612}, javascriptEnabled: true, networkConnectionEnabled: false, pageLoadStrategy: normal, platform: MAC, platformName: MAC, proxy: Proxy(), setWindowRect: true, strictFileInteractability: false, timeouts: {implicit: 0, pageLoad: 300000, script: 30000}, unhandledPromptBehavior: dismiss and notify, webauthn:extension:credBlob: true, webauthn:extension:largeBlob: true, webauthn:extension:minPinLength: true, webauthn:extension:prf: true, webauthn:virtualAuthenticators: true}
Session ID: 8bd535d28e09c421be24ad980e85e6b0
*** Element info: {Using=xpath, value=//p[contains(text(),'Đã tồn tại kỳ đối soát trước đó, Bạn có chắc chắn ')]}
	at jdk.internal.reflect.GeneratedConstructorAccessor21.newInstance(Unknown Source)
	at java.base/jdk.internal.reflect.DelegatingConstructorAccessorImpl.newInstance(DelegatingConstructorAccessorImpl.java:45)
	at org.openqa.selenium.remote.http.W3CHttpResponseCodec.createException(W3CHttpResponseCodec.java:187)
	at org.openqa.selenium.remote.http.W3CHttpResponseCodec.decode(W3CHttpResponseCodec.java:122)
	at org.openqa.selenium.remote.http.W3CHttpResponseCodec.decode(W3CHttpResponseCodec.java:49)
	at org.openqa.selenium.remote.HttpCommandExecutor.execute(HttpCommandExecutor.java:158)
	at org.openqa.selenium.remote.service.DriverCommandExecutor.execute(DriverCommandExecutor.java:83)
	at org.openqa.selenium.remote.RemoteWebDriver.execute(RemoteWebDriver.java:552)
	at com.kms.katalon.selenium.driver.CChromeDriver.execute(CChromeDriver.java:19)
	at org.openqa.selenium.remote.RemoteWebDriver.findElement(RemoteWebDriver.java:323)
	at org.openqa.selenium.remote.RemoteWebDriver.findElementByXPath(RemoteWebDriver.java:428)
	at org.openqa.selenium.By$ByXPath.findElement(By.java:353)
	at org.openqa.selenium.remote.RemoteWebDriver.findElement(RemoteWebDriver.java:315)
	at jdk.internal.reflect.GeneratedMethodAccessor9.invoke(Unknown Source)
	at java.base/jdk.internal.reflect.DelegatingMethodAccessorImpl.invoke(DelegatingMethodAccessorImpl.java:43)
	at org.openqa.selenium.support.events.EventFiringWebDriver.lambda$new$1(EventFiringWebDriver.java:105)
	at jdk.proxy2/jdk.proxy2.$Proxy22.findElement(Unknown Source)
	at org.openqa.selenium.support.events.EventFiringWebDriver.findElement(EventFiringWebDriver.java:194)
	at org.openqa.selenium.support.ui.ExpectedConditions$7.apply(ExpectedConditions.java:205)
	at org.openqa.selenium.support.ui.ExpectedConditions$7.apply(ExpectedConditions.java:201)
	at org.openqa.selenium.support.ui.FluentWait.until(FluentWait.java:249)
	at Script1720717717922.run(Script1720717717922.groovy:41)
	... 15 more


12-10-2024T22:40:50 - [MESSAGE][ERROR] - Test Cases/Quản lý tài khoản merchant/Quản lý danh sách tài khoản/Nạp tiền/TC_07_Nhập số tiền đúng và chọn kì đối soát đã có trước đó và nhấn Huỷ FAILED.
Reason:
org.openqa.selenium.TimeoutException: Expected condition failed: waiting for visibility of element located by By.xpath: //p[contains(text(),'Đã tồn tại kỳ đối soát trước đó, Bạn có chắc chắn ')] (tried for 20 second(s) with 500 milliseconds interval)
	at org.openqa.selenium.support.ui.WebDriverWait.timeoutException(WebDriverWait.java:95)
	at org.openqa.selenium.support.ui.FluentWait.until(FluentWait.java:272)
	at TC_07_Nhập số tiền đúng và chọn kì đối soát đã có trước đó và nhấn Huỷ.run(TC_07_Nhập số tiền đúng và chọn kì đối soát đã có trước đó và nhấn Huỷ:41)
	at com.kms.katalon.core.main.ScriptEngine.run(ScriptEngine.java:194)
	at com.kms.katalon.core.main.ScriptEngine.runScriptAsRawText(ScriptEngine.java:119)
	at com.kms.katalon.core.main.TestCaseExecutor.runScript(TestCaseExecutor.java:448)
	at com.kms.katalon.core.main.TestCaseExecutor.doExecute(TestCaseExecutor.java:439)
	at com.kms.katalon.core.main.TestCaseExecutor.processExecutionPhase(TestCaseExecutor.java:418)
	at com.kms.katalon.core.main.TestCaseExecutor.accessMainPhase(TestCaseExecutor.java:410)
	at com.kms.katalon.core.main.TestCaseExecutor.execute(TestCaseExecutor.java:285)
	at com.kms.katalon.core.common.CommonExecutor.accessTestCaseMainPhase(CommonExecutor.java:65)
	at com.kms.katalon.core.main.TestSuiteExecutor.accessTestSuiteMainPhase(TestSuiteExecutor.java:150)
	at com.kms.katalon.core.main.TestSuiteExecutor.execute(TestSuiteExecutor.java:106)
	at com.kms.katalon.core.main.TestCaseMain.startTestSuite(TestCaseMain.java:180)
	at TempTestSuite1728747306042.run(TempTestSuite1728747306042.groovy:35)
	at java.base/jdk.internal.reflect.NativeMethodAccessorImpl.invoke0(Native Method)
	at java.base/jdk.internal.reflect.NativeMethodAccessorImpl.invoke(NativeMethodAccessorImpl.java:77)
	at java.base/jdk.internal.reflect.DelegatingMethodAccessorImpl.invoke(DelegatingMethodAccessorImpl.java:43)
Caused by: org.openqa.selenium.NoSuchElementException: no such element: Unable to locate element: {"method":"xpath","selector":"//p[contains(text(),'Đã tồn tại kỳ đối soát trước đó, Bạn có chắc chắn ')]"}
  (Session info: chrome=129.0.6668.91)
For documentation on this error, please visit: https://www.seleniumhq.org/exceptions/no_such_element.html
Build info: version: '3.141.59', revision: 'unknown', time: 'unknown'
System info: host: 'Aidan', ip: '2405:4803:fd90:9ef0:35c5:6ea1:b1e8:64e8%en0', os.name: 'Mac OS X', os.arch: 'aarch64', os.version: '15.0.1', java.version: '17.0.7'
Driver info: com.kms.katalon.selenium.driver.CChromeDriver
Capabilities {acceptInsecureCerts: false, browserName: chrome, browserVersion: 129.0.6668.91, chrome: {chromedriverVersion: 128.0.6613.84 (606aa55c7d68..., userDataDir: /var/folders/t5/b7k67ybj7gz...}, fedcm:accounts: true, goog:chromeOptions: {debuggerAddress: localhost:54612}, javascriptEnabled: true, networkConnectionEnabled: false, pageLoadStrategy: normal, platform: MAC, platformName: MAC, proxy: Proxy(), setWindowRect: true, strictFileInteractability: false, timeouts: {implicit: 0, pageLoad: 300000, script: 30000}, unhandledPromptBehavior: dismiss and notify, webauthn:extension:credBlob: true, webauthn:extension:largeBlob: true, webauthn:extension:minPinLength: true, webauthn:extension:prf: true, webauthn:virtualAuthenticators: true}
Session ID: 8bd535d28e09c421be24ad980e85e6b0
*** Element info: {Using=xpath, value=//p[contains(text(),'Đã tồn tại kỳ đối soát trước đó, Bạn có chắc chắn ')]}
	at jdk.internal.reflect.GeneratedConstructorAccessor21.newInstance(Unknown Source)
	at java.base/jdk.internal.reflect.DelegatingConstructorAccessorImpl.newInstance(DelegatingConstructorAccessorImpl.java:45)
	at org.openqa.selenium.remote.http.W3CHttpResponseCodec.createException(W3CHttpResponseCodec.java:187)
	at org.openqa.selenium.remote.http.W3CHttpResponseCodec.decode(W3CHttpResponseCodec.java:122)
	at org.openqa.selenium.remote.http.W3CHttpResponseCodec.decode(W3CHttpResponseCodec.java:49)
	at org.openqa.selenium.remote.HttpCommandExecutor.execute(HttpCommandExecutor.java:158)
	at org.openqa.selenium.remote.service.DriverCommandExecutor.execute(DriverCommandExecutor.java:83)
	at org.openqa.selenium.remote.RemoteWebDriver.execute(RemoteWebDriver.java:552)
	at com.kms.katalon.selenium.driver.CChromeDriver.execute(CChromeDriver.java:19)
	at org.openqa.selenium.remote.RemoteWebDriver.findElement(RemoteWebDriver.java:323)
	at org.openqa.selenium.remote.RemoteWebDriver.findElementByXPath(RemoteWebDriver.java:428)
	at org.openqa.selenium.By$ByXPath.findElement(By.java:353)
	at org.openqa.selenium.remote.RemoteWebDriver.findElement(RemoteWebDriver.java:315)
	at jdk.internal.reflect.GeneratedMethodAccessor9.invoke(Unknown Source)
	at java.base/jdk.internal.reflect.DelegatingMethodAccessorImpl.invoke(DelegatingMethodAccessorImpl.java:43)
	at org.openqa.selenium.support.events.EventFiringWebDriver.lambda$new$1(EventFiringWebDriver.java:105)
	at jdk.proxy2/jdk.proxy2.$Proxy22.findElement(Unknown Source)
	at org.openqa.selenium.support.events.EventFiringWebDriver.findElement(EventFiringWebDriver.java:194)
	at org.openqa.selenium.support.ui.ExpectedConditions$7.apply(ExpectedConditions.java:205)
	at org.openqa.selenium.support.ui.ExpectedConditions$7.apply(ExpectedConditions.java:201)
	at org.openqa.selenium.support.ui.FluentWait.until(FluentWait.java:249)
	at Script1720717717922.run(Script1720717717922.groovy:41)
	... 15 more


12-10-2024T22:40:50 - [TEST_STEP][PASSED] - Start listener action : sampleAfterTestCase: null

12-10-2024T22:40:50 - [TEST_STEP][PASSED] - testCaseId = testCaseContext.getTestCaseId(): null

12-10-2024T22:40:50 - [TEST_STEP][PASSED] - if (testCaseId == "Test Cases/Quản lý tài khoản merchant/Quản lý dịch vụ merchant/TC_13_Kiểm tra chức năng xác nhận cấu hình thay đổi VA"): null]]></system-out>
         <system-err><![CDATA[12-10-2024T22:39:53 - [TEST_CASE][ERROR] - Test Cases/Quản lý tài khoản merchant/Quản lý danh sách tài khoản/Nạp tiền/TC_07_Nhập số tiền đúng và chọn kì đối soát đã có trước đó và nhấn Huỷ: Test Cases/Quản lý tài khoản merchant/Quản lý danh sách tài khoản/Nạp tiền/TC_07_Nhập số tiền đúng và chọn kì đối soát đã có trước đó và nhấn Huỷ FAILED.
Reason:
org.openqa.selenium.TimeoutException: Expected condition failed: waiting for visibility of element located by By.xpath: //p[contains(text(),'Đã tồn tại kỳ đối soát trước đó, Bạn có chắc chắn ')] (tried for 20 second(s) with 500 milliseconds interval)
	at org.openqa.selenium.support.ui.WebDriverWait.timeoutException(WebDriverWait.java:95)
	at org.openqa.selenium.support.ui.FluentWait.until(FluentWait.java:272)
	at TC_07_Nhập số tiền đúng và chọn kì đối soát đã có trước đó và nhấn Huỷ.run(TC_07_Nhập số tiền đúng và chọn kì đối soát đã có trước đó và nhấn Huỷ:41)
	at com.kms.katalon.core.main.ScriptEngine.run(ScriptEngine.java:194)
	at com.kms.katalon.core.main.ScriptEngine.runScriptAsRawText(ScriptEngine.java:119)
	at com.kms.katalon.core.main.TestCaseExecutor.runScript(TestCaseExecutor.java:448)
	at com.kms.katalon.core.main.TestCaseExecutor.doExecute(TestCaseExecutor.java:439)
	at com.kms.katalon.core.main.TestCaseExecutor.processExecutionPhase(TestCaseExecutor.java:418)
	at com.kms.katalon.core.main.TestCaseExecutor.accessMainPhase(TestCaseExecutor.java:410)
	at com.kms.katalon.core.main.TestCaseExecutor.execute(TestCaseExecutor.java:285)
	at com.kms.katalon.core.common.CommonExecutor.accessTestCaseMainPhase(CommonExecutor.java:65)
	at com.kms.katalon.core.main.TestSuiteExecutor.accessTestSuiteMainPhase(TestSuiteExecutor.java:150)
	at com.kms.katalon.core.main.TestSuiteExecutor.execute(TestSuiteExecutor.java:106)
	at com.kms.katalon.core.main.TestCaseMain.startTestSuite(TestCaseMain.java:180)
	at TempTestSuite1728747306042.run(TempTestSuite1728747306042.groovy:35)
	at java.base/jdk.internal.reflect.NativeMethodAccessorImpl.invoke0(Native Method)
	at java.base/jdk.internal.reflect.NativeMethodAccessorImpl.invoke(NativeMethodAccessorImpl.java:77)
	at java.base/jdk.internal.reflect.DelegatingMethodAccessorImpl.invoke(DelegatingMethodAccessorImpl.java:43)
Caused by: org.openqa.selenium.NoSuchElementException: no such element: Unable to locate element: {"method":"xpath","selector":"//p[contains(text(),'Đã tồn tại kỳ đối soát trước đó, Bạn có chắc chắn ')]"}
  (Session info: chrome=129.0.6668.91)
For documentation on this error, please visit: https://www.seleniumhq.org/exceptions/no_such_element.html
Build info: version: '3.141.59', revision: 'unknown', time: 'unknown'
System info: host: 'Aidan', ip: '2405:4803:fd90:9ef0:35c5:6ea1:b1e8:64e8%en0', os.name: 'Mac OS X', os.arch: 'aarch64', os.version: '15.0.1', java.version: '17.0.7'
Driver info: com.kms.katalon.selenium.driver.CChromeDriver
Capabilities {acceptInsecureCerts: false, browserName: chrome, browserVersion: 129.0.6668.91, chrome: {chromedriverVersion: 128.0.6613.84 (606aa55c7d68..., userDataDir: /var/folders/t5/b7k67ybj7gz...}, fedcm:accounts: true, goog:chromeOptions: {debuggerAddress: localhost:54612}, javascriptEnabled: true, networkConnectionEnabled: false, pageLoadStrategy: normal, platform: MAC, platformName: MAC, proxy: Proxy(), setWindowRect: true, strictFileInteractability: false, timeouts: {implicit: 0, pageLoad: 300000, script: 30000}, unhandledPromptBehavior: dismiss and notify, webauthn:extension:credBlob: true, webauthn:extension:largeBlob: true, webauthn:extension:minPinLength: true, webauthn:extension:prf: true, webauthn:virtualAuthenticators: true}
Session ID: 8bd535d28e09c421be24ad980e85e6b0
*** Element info: {Using=xpath, value=//p[contains(text(),'Đã tồn tại kỳ đối soát trước đó, Bạn có chắc chắn ')]}
	at jdk.internal.reflect.GeneratedConstructorAccessor21.newInstance(Unknown Source)
	at java.base/jdk.internal.reflect.DelegatingConstructorAccessorImpl.newInstance(DelegatingConstructorAccessorImpl.java:45)
	at org.openqa.selenium.remote.http.W3CHttpResponseCodec.createException(W3CHttpResponseCodec.java:187)
	at org.openqa.selenium.remote.http.W3CHttpResponseCodec.decode(W3CHttpResponseCodec.java:122)
	at org.openqa.selenium.remote.http.W3CHttpResponseCodec.decode(W3CHttpResponseCodec.java:49)
	at org.openqa.selenium.remote.HttpCommandExecutor.execute(HttpCommandExecutor.java:158)
	at org.openqa.selenium.remote.service.DriverCommandExecutor.execute(DriverCommandExecutor.java:83)
	at org.openqa.selenium.remote.RemoteWebDriver.execute(RemoteWebDriver.java:552)
	at com.kms.katalon.selenium.driver.CChromeDriver.execute(CChromeDriver.java:19)
	at org.openqa.selenium.remote.RemoteWebDriver.findElement(RemoteWebDriver.java:323)
	at org.openqa.selenium.remote.RemoteWebDriver.findElementByXPath(RemoteWebDriver.java:428)
	at org.openqa.selenium.By$ByXPath.findElement(By.java:353)
	at org.openqa.selenium.remote.RemoteWebDriver.findElement(RemoteWebDriver.java:315)
	at jdk.internal.reflect.GeneratedMethodAccessor9.invoke(Unknown Source)
	at java.base/jdk.internal.reflect.DelegatingMethodAccessorImpl.invoke(DelegatingMethodAccessorImpl.java:43)
	at org.openqa.selenium.support.events.EventFiringWebDriver.lambda$new$1(EventFiringWebDriver.java:105)
	at jdk.proxy2/jdk.proxy2.$Proxy22.findElement(Unknown Source)
	at org.openqa.selenium.support.events.EventFiringWebDriver.findElement(EventFiringWebDriver.java:194)
	at org.openqa.selenium.support.ui.ExpectedConditions$7.apply(ExpectedConditions.java:205)
	at org.openqa.selenium.support.ui.ExpectedConditions$7.apply(ExpectedConditions.java:201)
	at org.openqa.selenium.support.ui.FluentWait.until(FluentWait.java:249)
	... 16 more]]></system-err>
      </testcase>
      <testcase name="Test Cases/Quản lý tài khoản merchant/Quản lý danh sách tài khoản/Nạp tiền/TC_08_Nhập số tiền đúng và chọn kì đối soát đã có trước đó và nhấn xác nhận" time="40.037" classname="Test Cases/Quản lý tài khoản merchant/Quản lý danh sách tài khoản/Nạp tiền/TC_08_Nhập số tiền đúng và chọn kì đối soát đã có trước đó và nhấn xác nhận" status="ERROR">
         <error type="ERROR" message="Test Cases/Quản lý tài khoản merchant/Quản lý danh sách tài khoản/Nạp tiền/TC_08_Nhập số tiền đúng và chọn kì đối soát đã có trước đó và nhấn xác nhận FAILED.&#xa;Reason:&#xa;org.openqa.selenium.ElementNotInteractableException: element not interactable&#xa;  (Session info: chrome=129.0.6668.91)&#xa;Build info: version: '3.141.59', revision: 'unknown', time: 'unknown'&#xa;System info: host: 'Aidan', ip: '2405:4803:fd90:9ef0:35c5:6ea1:b1e8:64e8%en0', os.name: 'Mac OS X', os.arch: 'aarch64', os.version: '15.0.1', java.version: '17.0.7'&#xa;Driver info: com.kms.katalon.selenium.driver.CChromeDriver&#xa;Capabilities {acceptInsecureCerts: false, browserName: chrome, browserVersion: 129.0.6668.91, chrome: {chromedriverVersion: 128.0.6613.84 (606aa55c7d68..., userDataDir: /var/folders/t5/b7k67ybj7gz...}, fedcm:accounts: true, goog:chromeOptions: {debuggerAddress: localhost:54638}, javascriptEnabled: true, networkConnectionEnabled: false, pageLoadStrategy: normal, platform: MAC, platformName: MAC, proxy: Proxy(), setWindowRect: true, strictFileInteractability: false, timeouts: {implicit: 0, pageLoad: 300000, script: 30000}, unhandledPromptBehavior: dismiss and notify, webauthn:extension:credBlob: true, webauthn:extension:largeBlob: true, webauthn:extension:minPinLength: true, webauthn:extension:prf: true, webauthn:virtualAuthenticators: true}&#xa;Session ID: 59c484734612c371d73a20531965d5d4&#xa;	at java.base/jdk.internal.reflect.NativeConstructorAccessorImpl.newInstance0(Native Method)&#xa;	at java.base/jdk.internal.reflect.NativeConstructorAccessorImpl.newInstance(NativeConstructorAccessorImpl.java:77)&#xa;	at java.base/jdk.internal.reflect.DelegatingConstructorAccessorImpl.newInstance(DelegatingConstructorAccessorImpl.java:45)&#xa;	at org.openqa.selenium.remote.http.W3CHttpResponseCodec.createException(W3CHttpResponseCodec.java:187)&#xa;	at org.openqa.selenium.remote.http.W3CHttpResponseCodec.decode(W3CHttpResponseCodec.java:122)&#xa;	at org.openqa.selenium.remote.http.W3CHttpResponseCodec.decode(W3CHttpResponseCodec.java:49)&#xa;	at org.openqa.selenium.remote.HttpCommandExecutor.execute(HttpCommandExecutor.java:158)&#xa;	at org.openqa.selenium.remote.service.DriverCommandExecutor.execute(DriverCommandExecutor.java:83)&#xa;	at org.openqa.selenium.remote.RemoteWebDriver.execute(RemoteWebDriver.java:552)&#xa;	at com.kms.katalon.selenium.driver.CChromeDriver.execute(CChromeDriver.java:19)&#xa;	at org.openqa.selenium.remote.RemoteWebElement.execute(RemoteWebElement.java:285)&#xa;	at org.openqa.selenium.remote.RemoteWebElement.click(RemoteWebElement.java:84)&#xa;	at jdk.internal.reflect.GeneratedMethodAccessor12.invoke(Unknown Source)&#xa;	at java.base/jdk.internal.reflect.DelegatingMethodAccessorImpl.invoke(DelegatingMethodAccessorImpl.java:43)&#xa;	at org.openqa.selenium.support.events.EventFiringWebDriver$EventFiringWebElement.lambda$new$0(EventFiringWebDriver.java:404)&#xa;	at jdk.proxy2/jdk.proxy2.$Proxy23.click(Unknown Source)&#xa;	at org.openqa.selenium.support.events.EventFiringWebDriver$EventFiringWebElement.click(EventFiringWebDriver.java:417)&#xa;	at TC_08_Nhập số tiền đúng và chọn kì đối soát đã có trước đó và nhấn xác nhận.run(TC_08_Nhập số tiền đúng và chọn kì đối soát đã có trước đó và nhấn xác nhận:29)&#xa;	at com.kms.katalon.core.main.ScriptEngine.run(ScriptEngine.java:194)&#xa;	at com.kms.katalon.core.main.ScriptEngine.runScriptAsRawText(ScriptEngine.java:119)&#xa;	at com.kms.katalon.core.main.TestCaseExecutor.runScript(TestCaseExecutor.java:448)&#xa;	at com.kms.katalon.core.main.TestCaseExecutor.doExecute(TestCaseExecutor.java:439)&#xa;	at com.kms.katalon.core.main.TestCaseExecutor.processExecutionPhase(TestCaseExecutor.java:418)&#xa;	at com.kms.katalon.core.main.TestCaseExecutor.accessMainPhase(TestCaseExecutor.java:410)&#xa;	at com.kms.katalon.core.main.TestCaseExecutor.execute(TestCaseExecutor.java:285)&#xa;	at com.kms.katalon.core.common.CommonExecutor.accessTestCaseMainPhase(CommonExecutor.java:65)&#xa;	at com.kms.katalon.core.main.TestSuiteExecutor.accessTestSuiteMainPhase(TestSuiteExecutor.java:150)&#xa;	at com.kms.katalon.core.main.TestSuiteExecutor.execute(TestSuiteExecutor.java:106)&#xa;	at com.kms.katalon.core.main.TestCaseMain.startTestSuite(TestCaseMain.java:180)&#xa;	at TempTestSuite1728747306042.run(TempTestSuite1728747306042.groovy:35)&#xa;	at java.base/jdk.internal.reflect.NativeMethodAccessorImpl.invoke0(Native Method)&#xa;	at java.base/jdk.internal.reflect.NativeMethodAccessorImpl.invoke(NativeMethodAccessorImpl.java:77)&#xa;	at java.base/jdk.internal.reflect.DelegatingMethodAccessorImpl.invoke(DelegatingMethodAccessorImpl.java:43)&#xa;"/>
         <system-out><![CDATA[12-10-2024T22:40:50 - [TEST_CASE][ERROR] - Test Cases/Quản lý tài khoản merchant/Quản lý danh sách tài khoản/Nạp tiền/TC_08_Nhập số tiền đúng và chọn kì đối soát đã có trước đó và nhấn xác nhận: Test Cases/Quản lý tài khoản merchant/Quản lý danh sách tài khoản/Nạp tiền/TC_08_Nhập số tiền đúng và chọn kì đối soát đã có trước đó và nhấn xác nhận FAILED.
Reason:
org.openqa.selenium.ElementNotInteractableException: element not interactable
  (Session info: chrome=129.0.6668.91)
Build info: version: '3.141.59', revision: 'unknown', time: 'unknown'
System info: host: 'Aidan', ip: '2405:4803:fd90:9ef0:35c5:6ea1:b1e8:64e8%en0', os.name: 'Mac OS X', os.arch: 'aarch64', os.version: '15.0.1', java.version: '17.0.7'
Driver info: com.kms.katalon.selenium.driver.CChromeDriver
Capabilities {acceptInsecureCerts: false, browserName: chrome, browserVersion: 129.0.6668.91, chrome: {chromedriverVersion: 128.0.6613.84 (606aa55c7d68..., userDataDir: /var/folders/t5/b7k67ybj7gz...}, fedcm:accounts: true, goog:chromeOptions: {debuggerAddress: localhost:54638}, javascriptEnabled: true, networkConnectionEnabled: false, pageLoadStrategy: normal, platform: MAC, platformName: MAC, proxy: Proxy(), setWindowRect: true, strictFileInteractability: false, timeouts: {implicit: 0, pageLoad: 300000, script: 30000}, unhandledPromptBehavior: dismiss and notify, webauthn:extension:credBlob: true, webauthn:extension:largeBlob: true, webauthn:extension:minPinLength: true, webauthn:extension:prf: true, webauthn:virtualAuthenticators: true}
Session ID: 59c484734612c371d73a20531965d5d4
	at java.base/jdk.internal.reflect.NativeConstructorAccessorImpl.newInstance0(Native Method)
	at java.base/jdk.internal.reflect.NativeConstructorAccessorImpl.newInstance(NativeConstructorAccessorImpl.java:77)
	at java.base/jdk.internal.reflect.DelegatingConstructorAccessorImpl.newInstance(DelegatingConstructorAccessorImpl.java:45)
	at org.openqa.selenium.remote.http.W3CHttpResponseCodec.createException(W3CHttpResponseCodec.java:187)
	at org.openqa.selenium.remote.http.W3CHttpResponseCodec.decode(W3CHttpResponseCodec.java:122)
	at org.openqa.selenium.remote.http.W3CHttpResponseCodec.decode(W3CHttpResponseCodec.java:49)
	at org.openqa.selenium.remote.HttpCommandExecutor.execute(HttpCommandExecutor.java:158)
	at org.openqa.selenium.remote.service.DriverCommandExecutor.execute(DriverCommandExecutor.java:83)
	at org.openqa.selenium.remote.RemoteWebDriver.execute(RemoteWebDriver.java:552)
	at com.kms.katalon.selenium.driver.CChromeDriver.execute(CChromeDriver.java:19)
	at org.openqa.selenium.remote.RemoteWebElement.execute(RemoteWebElement.java:285)
	at org.openqa.selenium.remote.RemoteWebElement.click(RemoteWebElement.java:84)
	at jdk.internal.reflect.GeneratedMethodAccessor12.invoke(Unknown Source)
	at java.base/jdk.internal.reflect.DelegatingMethodAccessorImpl.invoke(DelegatingMethodAccessorImpl.java:43)
	at org.openqa.selenium.support.events.EventFiringWebDriver$EventFiringWebElement.lambda$new$0(EventFiringWebDriver.java:404)
	at jdk.proxy2/jdk.proxy2.$Proxy23.click(Unknown Source)
	at org.openqa.selenium.support.events.EventFiringWebDriver$EventFiringWebElement.click(EventFiringWebDriver.java:417)
	at TC_08_Nhập số tiền đúng và chọn kì đối soát đã có trước đó và nhấn xác nhận.run(TC_08_Nhập số tiền đúng và chọn kì đối soát đã có trước đó và nhấn xác nhận:29)
	at com.kms.katalon.core.main.ScriptEngine.run(ScriptEngine.java:194)
	at com.kms.katalon.core.main.ScriptEngine.runScriptAsRawText(ScriptEngine.java:119)
	at com.kms.katalon.core.main.TestCaseExecutor.runScript(TestCaseExecutor.java:448)
	at com.kms.katalon.core.main.TestCaseExecutor.doExecute(TestCaseExecutor.java:439)
	at com.kms.katalon.core.main.TestCaseExecutor.processExecutionPhase(TestCaseExecutor.java:418)
	at com.kms.katalon.core.main.TestCaseExecutor.accessMainPhase(TestCaseExecutor.java:410)
	at com.kms.katalon.core.main.TestCaseExecutor.execute(TestCaseExecutor.java:285)
	at com.kms.katalon.core.common.CommonExecutor.accessTestCaseMainPhase(CommonExecutor.java:65)
	at com.kms.katalon.core.main.TestSuiteExecutor.accessTestSuiteMainPhase(TestSuiteExecutor.java:150)
	at com.kms.katalon.core.main.TestSuiteExecutor.execute(TestSuiteExecutor.java:106)
	at com.kms.katalon.core.main.TestCaseMain.startTestSuite(TestCaseMain.java:180)
	at TempTestSuite1728747306042.run(TempTestSuite1728747306042.groovy:35)
	at java.base/jdk.internal.reflect.NativeMethodAccessorImpl.invoke0(Native Method)
	at java.base/jdk.internal.reflect.NativeMethodAccessorImpl.invoke(NativeMethodAccessorImpl.java:77)
	at java.base/jdk.internal.reflect.DelegatingMethodAccessorImpl.invoke(DelegatingMethodAccessorImpl.java:43)


12-10-2024T22:40:50 - [TEST_STEP][PASSED] - Start listener action : sampleBeforeTestCase: Navigate to 'https://stg-cms-console.9pay.mobi/login' successfully

12-10-2024T22:40:50 - [TEST_STEP][PASSED] - testCaseId = testCaseContext.getTestCaseId(): null

12-10-2024T22:40:50 - [TEST_STEP][PASSED] - url = <not implemented yet for class: org.codehaus.groovy.ast.expr.EmptyExpression>: null

12-10-2024T22:40:50 - [TEST_STEP][PASSED] - if (testCaseId == "Test Cases/Quản lý tài khoản merchant/Quản lý dịch vụ merchant/TC_14_Kiểm tra thay đổi sau khi cấu hình VA trên MCV"): null

12-10-2024T22:40:50 - [TEST_STEP][PASSED] - else: null

12-10-2024T22:40:50 - [TEST_STEP][PASSED] - url = "https://stg-cms-console.9pay.mobi/login": null

12-10-2024T22:40:50 - [TEST_STEP][PASSED] - openBrowser(""): Browser is opened with url: ''

12-10-2024T22:40:50 - [MESSAGE][WARNING] - A browser is already opened. Closing browser and opening a new one

12-10-2024T22:40:50 - [MESSAGE][INFO] - Starting 'Chrome' driver

12-10-2024T22:40:50 - [MESSAGE][INFO] - Action delay is set to 0 milliseconds

12-10-2024T22:40:51 - [MESSAGE][PASSED] - Browser is opened with url: ''

12-10-2024T22:40:51 - [TEST_STEP][PASSED] - maximizeWindow(): Current window maximized

12-10-2024T22:40:51 - [MESSAGE][PASSED] - Current window maximized

12-10-2024T22:40:51 - [TEST_STEP][PASSED] - navigateToUrl(url): Navigate to 'https://stg-cms-console.9pay.mobi/login' successfully

12-10-2024T22:40:54 - [MESSAGE][PASSED] - Navigate to 'https://stg-cms-console.9pay.mobi/login' successfully

12-10-2024T22:40:54 - [TEST_STEP][PASSED] - driver = getWebDriver(): null

12-10-2024T22:40:54 - [TEST_STEP][PASSED] - callTestCase(findTestCase("Test Cases/Login/LoginCommon"), [:], STOP_ON_FAILURE): Call Test Case 'Test Cases/Login/LoginCommon' successfully

12-10-2024T22:40:54 - [TEST_CASE][PASSED] - Test Cases/Login/LoginCommon: Test Cases/Login/LoginCommon

12-10-2024T22:40:54 - [TEST_STEP][PASSED] - driver = getWebDriver(): null

12-10-2024T22:40:54 - [TEST_STEP][PASSED] - sendKeys(findTestObject("Quản lý tài khoản merchant/Quản lý dịch vụ merchant/userNameTextbox"), userAccount): Keys 'dannt@9pay.vn' sent to object: 'Object Repository/Quản lý tài khoản merchant/Quản lý dịch vụ merchant/userNameTextbox'

12-10-2024T22:40:55 - [MESSAGE][PASSED] - Keys 'dannt@9pay.vn' sent to object: 'Object Repository/Quản lý tài khoản merchant/Quản lý dịch vụ merchant/userNameTextbox'

12-10-2024T22:40:55 - [TEST_STEP][PASSED] - sendKeys(findTestObject("Quản lý tài khoản merchant/Quản lý dịch vụ merchant/passwordTextbox"), password): Keys 'dannt@9pay.vn' sent to object: 'Object Repository/Quản lý tài khoản merchant/Quản lý dịch vụ merchant/passwordTextbox'

12-10-2024T22:40:57 - [MESSAGE][PASSED] - Keys 'dannt@9pay.vn' sent to object: 'Object Repository/Quản lý tài khoản merchant/Quản lý dịch vụ merchant/passwordTextbox'

12-10-2024T22:40:57 - [TEST_STEP][PASSED] - click(findTestObject("Quản lý tài khoản merchant/Quản lý dịch vụ merchant/loginButton")): Object: 'Object Repository/Quản lý tài khoản merchant/Quản lý dịch vụ merchant/loginButton' is clicked on

12-10-2024T22:40:59 - [MESSAGE][PASSED] - Object: 'Object Repository/Quản lý tài khoản merchant/Quản lý dịch vụ merchant/loginButton' is clicked on

12-10-2024T22:40:59 - [MESSAGE][PASSED] - Call Test Case 'Test Cases/Login/LoginCommon' successfully

12-10-2024T22:40:59 - [TEST_STEP][PASSED] - waitForElementVisible(findTestObject("Trang chủ/userName"), 20, STOP_ON_FAILURE): Object 'Object Repository/Trang chủ/userName' is visible

12-10-2024T22:41:11 - [MESSAGE][PASSED] - Object 'Object Repository/Trang chủ/userName' is visible

12-10-2024T22:41:11 - [TEST_STEP][PASSED] - callTestCase(findTestCase("Test Cases/Quản lý tài khoản merchant/Quản lý danh sách tài khoản/CustomFunctions Deposit"), [:], STOP_ON_FAILURE): Call Test Case 'Test Cases/Quản lý tài khoản merchant/Quản lý danh sách tài khoản/CustomFunctions Deposit' successfully

12-10-2024T22:41:11 - [TEST_CASE][PASSED] - Test Cases/Quản lý tài khoản merchant/Quản lý danh sách tài khoản/CustomFunctions Deposit: Test Cases/Quản lý tài khoản merchant/Quản lý danh sách tài khoản/CustomFunctions Deposit

12-10-2024T22:41:11 - [TEST_STEP][PASSED] - driver = getWebDriver(): null

12-10-2024T22:41:11 - [TEST_STEP][PASSED] - element1 = driver.findElement(By.xpath("//span[contains(text(),'Quản lý tài khoản merchant')]")): null

12-10-2024T22:41:13 - [TEST_STEP][PASSED] - actions = new org.openqa.selenium.interactions.Actions(driver): null

12-10-2024T22:41:13 - [TEST_STEP][PASSED] - click().perform(): null

12-10-2024T22:41:18 - [TEST_STEP][PASSED] - wait = new org.openqa.selenium.support.ui.WebDriverWait(com.kms.katalon.core.webui.driver.DriverFactory.getWebDriver(), 15): null

12-10-2024T22:41:18 - [TEST_STEP][PASSED] - xpath(xpathManagerListAccount))).click(): null

12-10-2024T22:41:20 - [MESSAGE][PASSED] - Call Test Case 'Test Cases/Quản lý tài khoản merchant/Quản lý danh sách tài khoản/CustomFunctions Deposit' successfully

12-10-2024T22:41:20 - [TEST_STEP][PASSED] - wait = new org.openqa.selenium.support.ui.WebDriverWait(com.kms.katalon.core.webui.driver.DriverFactory.getWebDriver(), 20): null

12-10-2024T22:41:20 - [TEST_STEP][PASSED] - userCode = wait.until(ExpectedConditions.visibilityOfElementLocated(By.xpath(xpathUserCode))): null

12-10-2024T22:41:24 - [TEST_STEP][PASSED] - println(userCode.getText()): null

12-10-2024T22:41:24 - [TEST_STEP][PASSED] - xpath(xpathBtnAccount))).click(): null

12-10-2024T22:41:26 - [TEST_STEP][PASSED] - searchTextbox = wait.until(ExpectedConditions.elementToBeClickable(By.xpath(xpathSearchTextbox))): null

12-10-2024T22:41:28 - [TEST_STEP][PASSED] - searchTextbox.sendKeys("dannt11"): null

12-10-2024T22:41:28 - [TEST_STEP][ERROR] - xpath(xpathOption)).click(): Test Cases/Quản lý tài khoản merchant/Quản lý danh sách tài khoản/Nạp tiền/TC_08_Nhập số tiền đúng và chọn kì đối soát đã có trước đó và nhấn xác nhận FAILED.
Reason:
org.openqa.selenium.ElementNotInteractableException: element not interactable
  (Session info: chrome=129.0.6668.91)
Build info: version: '3.141.59', revision: 'unknown', time: 'unknown'
System info: host: 'Aidan', ip: '2405:4803:fd90:9ef0:35c5:6ea1:b1e8:64e8%en0', os.name: 'Mac OS X', os.arch: 'aarch64', os.version: '15.0.1', java.version: '17.0.7'
Driver info: com.kms.katalon.selenium.driver.CChromeDriver
Capabilities {acceptInsecureCerts: false, browserName: chrome, browserVersion: 129.0.6668.91, chrome: {chromedriverVersion: 128.0.6613.84 (606aa55c7d68..., userDataDir: /var/folders/t5/b7k67ybj7gz...}, fedcm:accounts: true, goog:chromeOptions: {debuggerAddress: localhost:54638}, javascriptEnabled: true, networkConnectionEnabled: false, pageLoadStrategy: normal, platform: MAC, platformName: MAC, proxy: Proxy(), setWindowRect: true, strictFileInteractability: false, timeouts: {implicit: 0, pageLoad: 300000, script: 30000}, unhandledPromptBehavior: dismiss and notify, webauthn:extension:credBlob: true, webauthn:extension:largeBlob: true, webauthn:extension:minPinLength: true, webauthn:extension:prf: true, webauthn:virtualAuthenticators: true}
Session ID: 59c484734612c371d73a20531965d5d4
	at java.base/jdk.internal.reflect.NativeConstructorAccessorImpl.newInstance0(Native Method)
	at java.base/jdk.internal.reflect.NativeConstructorAccessorImpl.newInstance(NativeConstructorAccessorImpl.java:77)
	at java.base/jdk.internal.reflect.DelegatingConstructorAccessorImpl.newInstance(DelegatingConstructorAccessorImpl.java:45)
	at org.openqa.selenium.remote.http.W3CHttpResponseCodec.createException(W3CHttpResponseCodec.java:187)
	at org.openqa.selenium.remote.http.W3CHttpResponseCodec.decode(W3CHttpResponseCodec.java:122)
	at org.openqa.selenium.remote.http.W3CHttpResponseCodec.decode(W3CHttpResponseCodec.java:49)
	at org.openqa.selenium.remote.HttpCommandExecutor.execute(HttpCommandExecutor.java:158)
	at org.openqa.selenium.remote.service.DriverCommandExecutor.execute(DriverCommandExecutor.java:83)
	at org.openqa.selenium.remote.RemoteWebDriver.execute(RemoteWebDriver.java:552)
	at com.kms.katalon.selenium.driver.CChromeDriver.execute(CChromeDriver.java:19)
	at org.openqa.selenium.remote.RemoteWebElement.execute(RemoteWebElement.java:285)
	at org.openqa.selenium.remote.RemoteWebElement.click(RemoteWebElement.java:84)
	at jdk.internal.reflect.GeneratedMethodAccessor12.invoke(Unknown Source)
	at java.base/jdk.internal.reflect.DelegatingMethodAccessorImpl.invoke(DelegatingMethodAccessorImpl.java:43)
	at org.openqa.selenium.support.events.EventFiringWebDriver$EventFiringWebElement.lambda$new$0(EventFiringWebDriver.java:404)
	at jdk.proxy2/jdk.proxy2.$Proxy23.click(Unknown Source)
	at org.openqa.selenium.support.events.EventFiringWebDriver$EventFiringWebElement.click(EventFiringWebDriver.java:417)
	at TC_08_Nhập số tiền đúng và chọn kì đối soát đã có trước đó và nhấn xác nhận.run(TC_08_Nhập số tiền đúng và chọn kì đối soát đã có trước đó và nhấn xác nhận:29)
	at com.kms.katalon.core.main.ScriptEngine.run(ScriptEngine.java:194)
	at com.kms.katalon.core.main.ScriptEngine.runScriptAsRawText(ScriptEngine.java:119)
	at com.kms.katalon.core.main.TestCaseExecutor.runScript(TestCaseExecutor.java:448)
	at com.kms.katalon.core.main.TestCaseExecutor.doExecute(TestCaseExecutor.java:439)
	at com.kms.katalon.core.main.TestCaseExecutor.processExecutionPhase(TestCaseExecutor.java:418)
	at com.kms.katalon.core.main.TestCaseExecutor.accessMainPhase(TestCaseExecutor.java:410)
	at com.kms.katalon.core.main.TestCaseExecutor.execute(TestCaseExecutor.java:285)
	at com.kms.katalon.core.common.CommonExecutor.accessTestCaseMainPhase(CommonExecutor.java:65)
	at com.kms.katalon.core.main.TestSuiteExecutor.accessTestSuiteMainPhase(TestSuiteExecutor.java:150)
	at com.kms.katalon.core.main.TestSuiteExecutor.execute(TestSuiteExecutor.java:106)
	at com.kms.katalon.core.main.TestCaseMain.startTestSuite(TestCaseMain.java:180)
	at TempTestSuite1728747306042.run(TempTestSuite1728747306042.groovy:35)
	at java.base/jdk.internal.reflect.NativeMethodAccessorImpl.invoke0(Native Method)
	at java.base/jdk.internal.reflect.NativeMethodAccessorImpl.invoke(NativeMethodAccessorImpl.java:77)
	at java.base/jdk.internal.reflect.DelegatingMethodAccessorImpl.invoke(DelegatingMethodAccessorImpl.java:43)


12-10-2024T22:41:30 - [MESSAGE][ERROR] - Test Cases/Quản lý tài khoản merchant/Quản lý danh sách tài khoản/Nạp tiền/TC_08_Nhập số tiền đúng và chọn kì đối soát đã có trước đó và nhấn xác nhận FAILED.
Reason:
org.openqa.selenium.ElementNotInteractableException: element not interactable
  (Session info: chrome=129.0.6668.91)
Build info: version: '3.141.59', revision: 'unknown', time: 'unknown'
System info: host: 'Aidan', ip: '2405:4803:fd90:9ef0:35c5:6ea1:b1e8:64e8%en0', os.name: 'Mac OS X', os.arch: 'aarch64', os.version: '15.0.1', java.version: '17.0.7'
Driver info: com.kms.katalon.selenium.driver.CChromeDriver
Capabilities {acceptInsecureCerts: false, browserName: chrome, browserVersion: 129.0.6668.91, chrome: {chromedriverVersion: 128.0.6613.84 (606aa55c7d68..., userDataDir: /var/folders/t5/b7k67ybj7gz...}, fedcm:accounts: true, goog:chromeOptions: {debuggerAddress: localhost:54638}, javascriptEnabled: true, networkConnectionEnabled: false, pageLoadStrategy: normal, platform: MAC, platformName: MAC, proxy: Proxy(), setWindowRect: true, strictFileInteractability: false, timeouts: {implicit: 0, pageLoad: 300000, script: 30000}, unhandledPromptBehavior: dismiss and notify, webauthn:extension:credBlob: true, webauthn:extension:largeBlob: true, webauthn:extension:minPinLength: true, webauthn:extension:prf: true, webauthn:virtualAuthenticators: true}
Session ID: 59c484734612c371d73a20531965d5d4
	at java.base/jdk.internal.reflect.NativeConstructorAccessorImpl.newInstance0(Native Method)
	at java.base/jdk.internal.reflect.NativeConstructorAccessorImpl.newInstance(NativeConstructorAccessorImpl.java:77)
	at java.base/jdk.internal.reflect.DelegatingConstructorAccessorImpl.newInstance(DelegatingConstructorAccessorImpl.java:45)
	at org.openqa.selenium.remote.http.W3CHttpResponseCodec.createException(W3CHttpResponseCodec.java:187)
	at org.openqa.selenium.remote.http.W3CHttpResponseCodec.decode(W3CHttpResponseCodec.java:122)
	at org.openqa.selenium.remote.http.W3CHttpResponseCodec.decode(W3CHttpResponseCodec.java:49)
	at org.openqa.selenium.remote.HttpCommandExecutor.execute(HttpCommandExecutor.java:158)
	at org.openqa.selenium.remote.service.DriverCommandExecutor.execute(DriverCommandExecutor.java:83)
	at org.openqa.selenium.remote.RemoteWebDriver.execute(RemoteWebDriver.java:552)
	at com.kms.katalon.selenium.driver.CChromeDriver.execute(CChromeDriver.java:19)
	at org.openqa.selenium.remote.RemoteWebElement.execute(RemoteWebElement.java:285)
	at org.openqa.selenium.remote.RemoteWebElement.click(RemoteWebElement.java:84)
	at jdk.internal.reflect.GeneratedMethodAccessor12.invoke(Unknown Source)
	at java.base/jdk.internal.reflect.DelegatingMethodAccessorImpl.invoke(DelegatingMethodAccessorImpl.java:43)
	at org.openqa.selenium.support.events.EventFiringWebDriver$EventFiringWebElement.lambda$new$0(EventFiringWebDriver.java:404)
	at jdk.proxy2/jdk.proxy2.$Proxy23.click(Unknown Source)
	at org.openqa.selenium.support.events.EventFiringWebDriver$EventFiringWebElement.click(EventFiringWebDriver.java:417)
	at TC_08_Nhập số tiền đúng và chọn kì đối soát đã có trước đó và nhấn xác nhận.run(TC_08_Nhập số tiền đúng và chọn kì đối soát đã có trước đó và nhấn xác nhận:29)
	at com.kms.katalon.core.main.ScriptEngine.run(ScriptEngine.java:194)
	at com.kms.katalon.core.main.ScriptEngine.runScriptAsRawText(ScriptEngine.java:119)
	at com.kms.katalon.core.main.TestCaseExecutor.runScript(TestCaseExecutor.java:448)
	at com.kms.katalon.core.main.TestCaseExecutor.doExecute(TestCaseExecutor.java:439)
	at com.kms.katalon.core.main.TestCaseExecutor.processExecutionPhase(TestCaseExecutor.java:418)
	at com.kms.katalon.core.main.TestCaseExecutor.accessMainPhase(TestCaseExecutor.java:410)
	at com.kms.katalon.core.main.TestCaseExecutor.execute(TestCaseExecutor.java:285)
	at com.kms.katalon.core.common.CommonExecutor.accessTestCaseMainPhase(CommonExecutor.java:65)
	at com.kms.katalon.core.main.TestSuiteExecutor.accessTestSuiteMainPhase(TestSuiteExecutor.java:150)
	at com.kms.katalon.core.main.TestSuiteExecutor.execute(TestSuiteExecutor.java:106)
	at com.kms.katalon.core.main.TestCaseMain.startTestSuite(TestCaseMain.java:180)
	at TempTestSuite1728747306042.run(TempTestSuite1728747306042.groovy:35)
	at java.base/jdk.internal.reflect.NativeMethodAccessorImpl.invoke0(Native Method)
	at java.base/jdk.internal.reflect.NativeMethodAccessorImpl.invoke(NativeMethodAccessorImpl.java:77)
	at java.base/jdk.internal.reflect.DelegatingMethodAccessorImpl.invoke(DelegatingMethodAccessorImpl.java:43)


12-10-2024T22:41:30 - [TEST_STEP][PASSED] - Start listener action : sampleAfterTestCase: null

12-10-2024T22:41:30 - [TEST_STEP][PASSED] - testCaseId = testCaseContext.getTestCaseId(): null

12-10-2024T22:41:30 - [TEST_STEP][PASSED] - if (testCaseId == "Test Cases/Quản lý tài khoản merchant/Quản lý dịch vụ merchant/TC_13_Kiểm tra chức năng xác nhận cấu hình thay đổi VA"): null]]></system-out>
         <system-err><![CDATA[12-10-2024T22:40:50 - [TEST_CASE][ERROR] - Test Cases/Quản lý tài khoản merchant/Quản lý danh sách tài khoản/Nạp tiền/TC_08_Nhập số tiền đúng và chọn kì đối soát đã có trước đó và nhấn xác nhận: Test Cases/Quản lý tài khoản merchant/Quản lý danh sách tài khoản/Nạp tiền/TC_08_Nhập số tiền đúng và chọn kì đối soát đã có trước đó và nhấn xác nhận FAILED.
Reason:
org.openqa.selenium.ElementNotInteractableException: element not interactable
  (Session info: chrome=129.0.6668.91)
Build info: version: '3.141.59', revision: 'unknown', time: 'unknown'
System info: host: 'Aidan', ip: '2405:4803:fd90:9ef0:35c5:6ea1:b1e8:64e8%en0', os.name: 'Mac OS X', os.arch: 'aarch64', os.version: '15.0.1', java.version: '17.0.7'
Driver info: com.kms.katalon.selenium.driver.CChromeDriver
Capabilities {acceptInsecureCerts: false, browserName: chrome, browserVersion: 129.0.6668.91, chrome: {chromedriverVersion: 128.0.6613.84 (606aa55c7d68..., userDataDir: /var/folders/t5/b7k67ybj7gz...}, fedcm:accounts: true, goog:chromeOptions: {debuggerAddress: localhost:54638}, javascriptEnabled: true, networkConnectionEnabled: false, pageLoadStrategy: normal, platform: MAC, platformName: MAC, proxy: Proxy(), setWindowRect: true, strictFileInteractability: false, timeouts: {implicit: 0, pageLoad: 300000, script: 30000}, unhandledPromptBehavior: dismiss and notify, webauthn:extension:credBlob: true, webauthn:extension:largeBlob: true, webauthn:extension:minPinLength: true, webauthn:extension:prf: true, webauthn:virtualAuthenticators: true}
Session ID: 59c484734612c371d73a20531965d5d4
	at java.base/jdk.internal.reflect.NativeConstructorAccessorImpl.newInstance0(Native Method)
	at java.base/jdk.internal.reflect.NativeConstructorAccessorImpl.newInstance(NativeConstructorAccessorImpl.java:77)
	at java.base/jdk.internal.reflect.DelegatingConstructorAccessorImpl.newInstance(DelegatingConstructorAccessorImpl.java:45)
	at org.openqa.selenium.remote.http.W3CHttpResponseCodec.createException(W3CHttpResponseCodec.java:187)
	at org.openqa.selenium.remote.http.W3CHttpResponseCodec.decode(W3CHttpResponseCodec.java:122)
	at org.openqa.selenium.remote.http.W3CHttpResponseCodec.decode(W3CHttpResponseCodec.java:49)
	at org.openqa.selenium.remote.HttpCommandExecutor.execute(HttpCommandExecutor.java:158)
	at org.openqa.selenium.remote.service.DriverCommandExecutor.execute(DriverCommandExecutor.java:83)
	at org.openqa.selenium.remote.RemoteWebDriver.execute(RemoteWebDriver.java:552)
	at com.kms.katalon.selenium.driver.CChromeDriver.execute(CChromeDriver.java:19)
	at org.openqa.selenium.remote.RemoteWebElement.execute(RemoteWebElement.java:285)
	at org.openqa.selenium.remote.RemoteWebElement.click(RemoteWebElement.java:84)
	at jdk.internal.reflect.GeneratedMethodAccessor12.invoke(Unknown Source)
	at java.base/jdk.internal.reflect.DelegatingMethodAccessorImpl.invoke(DelegatingMethodAccessorImpl.java:43)
	at org.openqa.selenium.support.events.EventFiringWebDriver$EventFiringWebElement.lambda$new$0(EventFiringWebDriver.java:404)
	at jdk.proxy2/jdk.proxy2.$Proxy23.click(Unknown Source)
	at org.openqa.selenium.support.events.EventFiringWebDriver$EventFiringWebElement.click(EventFiringWebDriver.java:417)
	at TC_08_Nhập số tiền đúng và chọn kì đối soát đã có trước đó và nhấn xác nhận.run(TC_08_Nhập số tiền đúng và chọn kì đối soát đã có trước đó và nhấn xác nhận:29)
	at com.kms.katalon.core.main.ScriptEngine.run(ScriptEngine.java:194)
	at com.kms.katalon.core.main.ScriptEngine.runScriptAsRawText(ScriptEngine.java:119)
	at com.kms.katalon.core.main.TestCaseExecutor.runScript(TestCaseExecutor.java:448)
	at com.kms.katalon.core.main.TestCaseExecutor.doExecute(TestCaseExecutor.java:439)
	at com.kms.katalon.core.main.TestCaseExecutor.processExecutionPhase(TestCaseExecutor.java:418)
	at com.kms.katalon.core.main.TestCaseExecutor.accessMainPhase(TestCaseExecutor.java:410)
	at com.kms.katalon.core.main.TestCaseExecutor.execute(TestCaseExecutor.java:285)
	at com.kms.katalon.core.common.CommonExecutor.accessTestCaseMainPhase(CommonExecutor.java:65)
	at com.kms.katalon.core.main.TestSuiteExecutor.accessTestSuiteMainPhase(TestSuiteExecutor.java:150)
	at com.kms.katalon.core.main.TestSuiteExecutor.execute(TestSuiteExecutor.java:106)
	at com.kms.katalon.core.main.TestCaseMain.startTestSuite(TestCaseMain.java:180)
	at TempTestSuite1728747306042.run(TempTestSuite1728747306042.groovy:35)
	at java.base/jdk.internal.reflect.NativeMethodAccessorImpl.invoke0(Native Method)
	at java.base/jdk.internal.reflect.NativeMethodAccessorImpl.invoke(NativeMethodAccessorImpl.java:77)
	at java.base/jdk.internal.reflect.DelegatingMethodAccessorImpl.invoke(DelegatingMethodAccessorImpl.java:43)]]></system-err>
      </testcase>
      <testcase name="Test Cases/Quản lý tài khoản merchant/Quản lý danh sách tài khoản/Nạp tiền/TC_09_Kiểm tra khi chọn ví đúng và chọn kỳ đối soát đã tồn tại trước đó" time="52.973" classname="Test Cases/Quản lý tài khoản merchant/Quản lý danh sách tài khoản/Nạp tiền/TC_09_Kiểm tra khi chọn ví đúng và chọn kỳ đối soát đã tồn tại trước đó" status="ERROR">
         <error type="ERROR" message="Test Cases/Quản lý tài khoản merchant/Quản lý danh sách tài khoản/Nạp tiền/TC_09_Kiểm tra khi chọn ví đúng và chọn kỳ đối soát đã tồn tại trước đó FAILED.&#xa;Reason:&#xa;org.openqa.selenium.ElementNotInteractableException: element not interactable&#xa;  (Session info: chrome=129.0.6668.91)&#xa;Build info: version: '3.141.59', revision: 'unknown', time: 'unknown'&#xa;System info: host: 'Aidan', ip: '2405:4803:fd90:9ef0:35c5:6ea1:b1e8:64e8%en0', os.name: 'Mac OS X', os.arch: 'aarch64', os.version: '15.0.1', java.version: '17.0.7'&#xa;Driver info: com.kms.katalon.selenium.driver.CChromeDriver&#xa;Capabilities {acceptInsecureCerts: false, browserName: chrome, browserVersion: 129.0.6668.91, chrome: {chromedriverVersion: 128.0.6613.84 (606aa55c7d68..., userDataDir: /var/folders/t5/b7k67ybj7gz...}, fedcm:accounts: true, goog:chromeOptions: {debuggerAddress: localhost:54666}, javascriptEnabled: true, networkConnectionEnabled: false, pageLoadStrategy: normal, platform: MAC, platformName: MAC, proxy: Proxy(), setWindowRect: true, strictFileInteractability: false, timeouts: {implicit: 0, pageLoad: 300000, script: 30000}, unhandledPromptBehavior: dismiss and notify, webauthn:extension:credBlob: true, webauthn:extension:largeBlob: true, webauthn:extension:minPinLength: true, webauthn:extension:prf: true, webauthn:virtualAuthenticators: true}&#xa;Session ID: 7237878c138c58a9ac5b2102a70616ef&#xa;	at java.base/jdk.internal.reflect.NativeConstructorAccessorImpl.newInstance0(Native Method)&#xa;	at java.base/jdk.internal.reflect.NativeConstructorAccessorImpl.newInstance(NativeConstructorAccessorImpl.java:77)&#xa;	at java.base/jdk.internal.reflect.DelegatingConstructorAccessorImpl.newInstance(DelegatingConstructorAccessorImpl.java:45)&#xa;	at org.openqa.selenium.remote.http.W3CHttpResponseCodec.createException(W3CHttpResponseCodec.java:187)&#xa;	at org.openqa.selenium.remote.http.W3CHttpResponseCodec.decode(W3CHttpResponseCodec.java:122)&#xa;	at org.openqa.selenium.remote.http.W3CHttpResponseCodec.decode(W3CHttpResponseCodec.java:49)&#xa;	at org.openqa.selenium.remote.HttpCommandExecutor.execute(HttpCommandExecutor.java:158)&#xa;	at org.openqa.selenium.remote.service.DriverCommandExecutor.execute(DriverCommandExecutor.java:83)&#xa;	at org.openqa.selenium.remote.RemoteWebDriver.execute(RemoteWebDriver.java:552)&#xa;	at com.kms.katalon.selenium.driver.CChromeDriver.execute(CChromeDriver.java:19)&#xa;	at org.openqa.selenium.remote.RemoteWebElement.execute(RemoteWebElement.java:285)&#xa;	at org.openqa.selenium.remote.RemoteWebElement.click(RemoteWebElement.java:84)&#xa;	at jdk.internal.reflect.GeneratedMethodAccessor12.invoke(Unknown Source)&#xa;	at java.base/jdk.internal.reflect.DelegatingMethodAccessorImpl.invoke(DelegatingMethodAccessorImpl.java:43)&#xa;	at org.openqa.selenium.support.events.EventFiringWebDriver$EventFiringWebElement.lambda$new$0(EventFiringWebDriver.java:404)&#xa;	at jdk.proxy2/jdk.proxy2.$Proxy23.click(Unknown Source)&#xa;	at org.openqa.selenium.support.events.EventFiringWebDriver$EventFiringWebElement.click(EventFiringWebDriver.java:417)&#xa;	at TC_09_Kiểm tra khi chọn ví đúng và chọn kỳ đối soát đã tồn tại trước đó.run(TC_09_Kiểm tra khi chọn ví đúng và chọn kỳ đối soát đã tồn tại trước đó:44)&#xa;	at com.kms.katalon.core.main.ScriptEngine.run(ScriptEngine.java:194)&#xa;	at com.kms.katalon.core.main.ScriptEngine.runScriptAsRawText(ScriptEngine.java:119)&#xa;	at com.kms.katalon.core.main.TestCaseExecutor.runScript(TestCaseExecutor.java:448)&#xa;	at com.kms.katalon.core.main.TestCaseExecutor.doExecute(TestCaseExecutor.java:439)&#xa;	at com.kms.katalon.core.main.TestCaseExecutor.processExecutionPhase(TestCaseExecutor.java:418)&#xa;	at com.kms.katalon.core.main.TestCaseExecutor.accessMainPhase(TestCaseExecutor.java:410)&#xa;	at com.kms.katalon.core.main.TestCaseExecutor.execute(TestCaseExecutor.java:285)&#xa;	at com.kms.katalon.core.common.CommonExecutor.accessTestCaseMainPhase(CommonExecutor.java:65)&#xa;	at com.kms.katalon.core.main.TestSuiteExecutor.accessTestSuiteMainPhase(TestSuiteExecutor.java:150)&#xa;	at com.kms.katalon.core.main.TestSuiteExecutor.execute(TestSuiteExecutor.java:106)&#xa;	at com.kms.katalon.core.main.TestCaseMain.startTestSuite(TestCaseMain.java:180)&#xa;	at TempTestSuite1728747306042.run(TempTestSuite1728747306042.groovy:35)&#xa;	at java.base/jdk.internal.reflect.NativeMethodAccessorImpl.invoke0(Native Method)&#xa;	at java.base/jdk.internal.reflect.NativeMethodAccessorImpl.invoke(NativeMethodAccessorImpl.java:77)&#xa;	at java.base/jdk.internal.reflect.DelegatingMethodAccessorImpl.invoke(DelegatingMethodAccessorImpl.java:43)&#xa;"/>
         <system-out><![CDATA[12-10-2024T22:41:30 - [TEST_CASE][ERROR] - Test Cases/Quản lý tài khoản merchant/Quản lý danh sách tài khoản/Nạp tiền/TC_09_Kiểm tra khi chọn ví đúng và chọn kỳ đối soát đã tồn tại trước đó: Test Cases/Quản lý tài khoản merchant/Quản lý danh sách tài khoản/Nạp tiền/TC_09_Kiểm tra khi chọn ví đúng và chọn kỳ đối soát đã tồn tại trước đó FAILED.
Reason:
org.openqa.selenium.ElementNotInteractableException: element not interactable
  (Session info: chrome=129.0.6668.91)
Build info: version: '3.141.59', revision: 'unknown', time: 'unknown'
System info: host: 'Aidan', ip: '2405:4803:fd90:9ef0:35c5:6ea1:b1e8:64e8%en0', os.name: 'Mac OS X', os.arch: 'aarch64', os.version: '15.0.1', java.version: '17.0.7'
Driver info: com.kms.katalon.selenium.driver.CChromeDriver
Capabilities {acceptInsecureCerts: false, browserName: chrome, browserVersion: 129.0.6668.91, chrome: {chromedriverVersion: 128.0.6613.84 (606aa55c7d68..., userDataDir: /var/folders/t5/b7k67ybj7gz...}, fedcm:accounts: true, goog:chromeOptions: {debuggerAddress: localhost:54666}, javascriptEnabled: true, networkConnectionEnabled: false, pageLoadStrategy: normal, platform: MAC, platformName: MAC, proxy: Proxy(), setWindowRect: true, strictFileInteractability: false, timeouts: {implicit: 0, pageLoad: 300000, script: 30000}, unhandledPromptBehavior: dismiss and notify, webauthn:extension:credBlob: true, webauthn:extension:largeBlob: true, webauthn:extension:minPinLength: true, webauthn:extension:prf: true, webauthn:virtualAuthenticators: true}
Session ID: 7237878c138c58a9ac5b2102a70616ef
	at java.base/jdk.internal.reflect.NativeConstructorAccessorImpl.newInstance0(Native Method)
	at java.base/jdk.internal.reflect.NativeConstructorAccessorImpl.newInstance(NativeConstructorAccessorImpl.java:77)
	at java.base/jdk.internal.reflect.DelegatingConstructorAccessorImpl.newInstance(DelegatingConstructorAccessorImpl.java:45)
	at org.openqa.selenium.remote.http.W3CHttpResponseCodec.createException(W3CHttpResponseCodec.java:187)
	at org.openqa.selenium.remote.http.W3CHttpResponseCodec.decode(W3CHttpResponseCodec.java:122)
	at org.openqa.selenium.remote.http.W3CHttpResponseCodec.decode(W3CHttpResponseCodec.java:49)
	at org.openqa.selenium.remote.HttpCommandExecutor.execute(HttpCommandExecutor.java:158)
	at org.openqa.selenium.remote.service.DriverCommandExecutor.execute(DriverCommandExecutor.java:83)
	at org.openqa.selenium.remote.RemoteWebDriver.execute(RemoteWebDriver.java:552)
	at com.kms.katalon.selenium.driver.CChromeDriver.execute(CChromeDriver.java:19)
	at org.openqa.selenium.remote.RemoteWebElement.execute(RemoteWebElement.java:285)
	at org.openqa.selenium.remote.RemoteWebElement.click(RemoteWebElement.java:84)
	at jdk.internal.reflect.GeneratedMethodAccessor12.invoke(Unknown Source)
	at java.base/jdk.internal.reflect.DelegatingMethodAccessorImpl.invoke(DelegatingMethodAccessorImpl.java:43)
	at org.openqa.selenium.support.events.EventFiringWebDriver$EventFiringWebElement.lambda$new$0(EventFiringWebDriver.java:404)
	at jdk.proxy2/jdk.proxy2.$Proxy23.click(Unknown Source)
	at org.openqa.selenium.support.events.EventFiringWebDriver$EventFiringWebElement.click(EventFiringWebDriver.java:417)
	at TC_09_Kiểm tra khi chọn ví đúng và chọn kỳ đối soát đã tồn tại trước đó.run(TC_09_Kiểm tra khi chọn ví đúng và chọn kỳ đối soát đã tồn tại trước đó:44)
	at com.kms.katalon.core.main.ScriptEngine.run(ScriptEngine.java:194)
	at com.kms.katalon.core.main.ScriptEngine.runScriptAsRawText(ScriptEngine.java:119)
	at com.kms.katalon.core.main.TestCaseExecutor.runScript(TestCaseExecutor.java:448)
	at com.kms.katalon.core.main.TestCaseExecutor.doExecute(TestCaseExecutor.java:439)
	at com.kms.katalon.core.main.TestCaseExecutor.processExecutionPhase(TestCaseExecutor.java:418)
	at com.kms.katalon.core.main.TestCaseExecutor.accessMainPhase(TestCaseExecutor.java:410)
	at com.kms.katalon.core.main.TestCaseExecutor.execute(TestCaseExecutor.java:285)
	at com.kms.katalon.core.common.CommonExecutor.accessTestCaseMainPhase(CommonExecutor.java:65)
	at com.kms.katalon.core.main.TestSuiteExecutor.accessTestSuiteMainPhase(TestSuiteExecutor.java:150)
	at com.kms.katalon.core.main.TestSuiteExecutor.execute(TestSuiteExecutor.java:106)
	at com.kms.katalon.core.main.TestCaseMain.startTestSuite(TestCaseMain.java:180)
	at TempTestSuite1728747306042.run(TempTestSuite1728747306042.groovy:35)
	at java.base/jdk.internal.reflect.NativeMethodAccessorImpl.invoke0(Native Method)
	at java.base/jdk.internal.reflect.NativeMethodAccessorImpl.invoke(NativeMethodAccessorImpl.java:77)
	at java.base/jdk.internal.reflect.DelegatingMethodAccessorImpl.invoke(DelegatingMethodAccessorImpl.java:43)


12-10-2024T22:41:30 - [TEST_STEP][PASSED] - Start listener action : sampleBeforeTestCase: Navigate to 'https://stg-cms-console.9pay.mobi/login' successfully

12-10-2024T22:41:30 - [TEST_STEP][PASSED] - testCaseId = testCaseContext.getTestCaseId(): null

12-10-2024T22:41:30 - [TEST_STEP][PASSED] - url = <not implemented yet for class: org.codehaus.groovy.ast.expr.EmptyExpression>: null

12-10-2024T22:41:30 - [TEST_STEP][PASSED] - if (testCaseId == "Test Cases/Quản lý tài khoản merchant/Quản lý dịch vụ merchant/TC_14_Kiểm tra thay đổi sau khi cấu hình VA trên MCV"): null

12-10-2024T22:41:30 - [TEST_STEP][PASSED] - else: null

12-10-2024T22:41:30 - [TEST_STEP][PASSED] - url = "https://stg-cms-console.9pay.mobi/login": null

12-10-2024T22:41:30 - [TEST_STEP][PASSED] - openBrowser(""): Browser is opened with url: ''

12-10-2024T22:41:30 - [MESSAGE][WARNING] - A browser is already opened. Closing browser and opening a new one

12-10-2024T22:41:30 - [MESSAGE][INFO] - Starting 'Chrome' driver

12-10-2024T22:41:30 - [MESSAGE][INFO] - Action delay is set to 0 milliseconds

12-10-2024T22:41:31 - [MESSAGE][PASSED] - Browser is opened with url: ''

12-10-2024T22:41:31 - [TEST_STEP][PASSED] - maximizeWindow(): Current window maximized

12-10-2024T22:41:31 - [MESSAGE][PASSED] - Current window maximized

12-10-2024T22:41:31 - [TEST_STEP][PASSED] - navigateToUrl(url): Navigate to 'https://stg-cms-console.9pay.mobi/login' successfully

12-10-2024T22:41:35 - [MESSAGE][PASSED] - Navigate to 'https://stg-cms-console.9pay.mobi/login' successfully

12-10-2024T22:41:35 - [TEST_STEP][PASSED] - driver = getWebDriver(): null

12-10-2024T22:41:35 - [TEST_STEP][PASSED] - callTestCase(findTestCase("Test Cases/Login/LoginCommon"), [:], STOP_ON_FAILURE): Call Test Case 'Test Cases/Login/LoginCommon' successfully

12-10-2024T22:41:35 - [TEST_CASE][PASSED] - Test Cases/Login/LoginCommon: Test Cases/Login/LoginCommon

12-10-2024T22:41:35 - [TEST_STEP][PASSED] - driver = getWebDriver(): null

12-10-2024T22:41:35 - [TEST_STEP][PASSED] - sendKeys(findTestObject("Quản lý tài khoản merchant/Quản lý dịch vụ merchant/userNameTextbox"), userAccount): Keys 'dannt@9pay.vn' sent to object: 'Object Repository/Quản lý tài khoản merchant/Quản lý dịch vụ merchant/userNameTextbox'

12-10-2024T22:41:35 - [MESSAGE][PASSED] - Keys 'dannt@9pay.vn' sent to object: 'Object Repository/Quản lý tài khoản merchant/Quản lý dịch vụ merchant/userNameTextbox'

12-10-2024T22:41:35 - [TEST_STEP][PASSED] - sendKeys(findTestObject("Quản lý tài khoản merchant/Quản lý dịch vụ merchant/passwordTextbox"), password): Keys 'dannt@9pay.vn' sent to object: 'Object Repository/Quản lý tài khoản merchant/Quản lý dịch vụ merchant/passwordTextbox'

12-10-2024T22:41:36 - [MESSAGE][PASSED] - Keys 'dannt@9pay.vn' sent to object: 'Object Repository/Quản lý tài khoản merchant/Quản lý dịch vụ merchant/passwordTextbox'

12-10-2024T22:41:36 - [TEST_STEP][PASSED] - click(findTestObject("Quản lý tài khoản merchant/Quản lý dịch vụ merchant/loginButton")): Object: 'Object Repository/Quản lý tài khoản merchant/Quản lý dịch vụ merchant/loginButton' is clicked on

12-10-2024T22:41:36 - [MESSAGE][PASSED] - Object: 'Object Repository/Quản lý tài khoản merchant/Quản lý dịch vụ merchant/loginButton' is clicked on

12-10-2024T22:41:36 - [MESSAGE][PASSED] - Call Test Case 'Test Cases/Login/LoginCommon' successfully

12-10-2024T22:41:36 - [TEST_STEP][PASSED] - waitForElementVisible(findTestObject("Trang chủ/userName"), 20, STOP_ON_FAILURE): Object 'Object Repository/Trang chủ/userName' is visible

12-10-2024T22:41:37 - [MESSAGE][PASSED] - Object 'Object Repository/Trang chủ/userName' is visible

12-10-2024T22:41:37 - [TEST_STEP][PASSED] - callTestCase(findTestCase("Test Cases/Quản lý tài khoản merchant/Quản lý danh sách tài khoản/CustomFunctions Deposit"), [:], STOP_ON_FAILURE): Call Test Case 'Test Cases/Quản lý tài khoản merchant/Quản lý danh sách tài khoản/CustomFunctions Deposit' successfully

12-10-2024T22:41:37 - [TEST_CASE][PASSED] - Test Cases/Quản lý tài khoản merchant/Quản lý danh sách tài khoản/CustomFunctions Deposit: Test Cases/Quản lý tài khoản merchant/Quản lý danh sách tài khoản/CustomFunctions Deposit

12-10-2024T22:41:37 - [TEST_STEP][PASSED] - driver = getWebDriver(): null

12-10-2024T22:41:37 - [TEST_STEP][PASSED] - element1 = driver.findElement(By.xpath("//span[contains(text(),'Quản lý tài khoản merchant')]")): null

12-10-2024T22:41:47 - [TEST_STEP][PASSED] - actions = new org.openqa.selenium.interactions.Actions(driver): null

12-10-2024T22:41:47 - [TEST_STEP][PASSED] - click().perform(): null

12-10-2024T22:41:52 - [TEST_STEP][PASSED] - wait = new org.openqa.selenium.support.ui.WebDriverWait(com.kms.katalon.core.webui.driver.DriverFactory.getWebDriver(), 15): null

12-10-2024T22:41:52 - [TEST_STEP][PASSED] - xpath(xpathManagerListAccount))).click(): null

12-10-2024T22:41:54 - [MESSAGE][PASSED] - Call Test Case 'Test Cases/Quản lý tài khoản merchant/Quản lý danh sách tài khoản/CustomFunctions Deposit' successfully

12-10-2024T22:41:54 - [TEST_STEP][PASSED] - wait = new org.openqa.selenium.support.ui.WebDriverWait(com.kms.katalon.core.webui.driver.DriverFactory.getWebDriver(), 20): null

12-10-2024T22:41:54 - [TEST_STEP][PASSED] - userCode = wait.until(ExpectedConditions.visibilityOfElementLocated(By.xpath(xpathUserCode))): null

12-10-2024T22:41:58 - [TEST_STEP][PASSED] - println(userCode.getText()): null

12-10-2024T22:41:58 - [TEST_STEP][PASSED] - xpath(xpathBtnAccount))).click(): null

12-10-2024T22:42:00 - [TEST_STEP][PASSED] - searchTextbox = wait.until(ExpectedConditions.elementToBeClickable(By.xpath(xpathSearchTextbox))): null

12-10-2024T22:42:02 - [TEST_STEP][PASSED] - searchTextbox.sendKeys("dannt11"): null

12-10-2024T22:42:02 - [TEST_STEP][PASSED] - xpath(xpathOption)).click(): null

12-10-2024T22:42:04 - [TEST_STEP][PASSED] - xpath(xpathBtnSearch)).click(): null

12-10-2024T22:42:06 - [TEST_STEP][PASSED] - wait.until(ExpectedConditions.visibilityOfElementLocated(By.xpath(xpathAccountName))): null

12-10-2024T22:42:09 - [TEST_STEP][PASSED] - startElement = driver.findElement(By.xpath("//strong[contains(text(),'Thu hộ:')]")): null

12-10-2024T22:42:11 - [TEST_STEP][PASSED] - js = driver: null

12-10-2024T22:42:11 - [TEST_STEP][PASSED] - script = "return arguments[0].nextSibling.textContent;": null

12-10-2024T22:42:11 - [TEST_STEP][PASSED] - nextTextNodeContent = js.executeScript(script, startElement): null

12-10-2024T22:42:11 - [TEST_STEP][PASSED] - out.println("Thu ho " + nextTextNodeContent): null

12-10-2024T22:42:11 - [TEST_STEP][PASSED] - numericString = nextTextNodeContent.replaceAll("[^0-9]", ""): null

12-10-2024T22:42:11 - [TEST_STEP][PASSED] - thuHo = Integer.parseInt(numericString): null

12-10-2024T22:42:11 - [TEST_STEP][PASSED] - out.println("Thu ho " + thuHo): null

12-10-2024T22:42:11 - [TEST_STEP][PASSED] - xpath(xpathBtnDeposit)).click(): null

12-10-2024T22:42:13 - [TEST_STEP][PASSED] - wait.until(ExpectedConditions.visibilityOfElementLocated(By.xpath(xpathTextAccount))): null

12-10-2024T22:42:19 - [TEST_STEP][PASSED] - xpath(xpathChonVi)).click(): null

12-10-2024T22:42:21 - [TEST_STEP][ERROR] - xpath(xpathThuHo3)).click(): Test Cases/Quản lý tài khoản merchant/Quản lý danh sách tài khoản/Nạp tiền/TC_09_Kiểm tra khi chọn ví đúng và chọn kỳ đối soát đã tồn tại trước đó FAILED.
Reason:
org.openqa.selenium.ElementNotInteractableException: element not interactable
  (Session info: chrome=129.0.6668.91)
Build info: version: '3.141.59', revision: 'unknown', time: 'unknown'
System info: host: 'Aidan', ip: '2405:4803:fd90:9ef0:35c5:6ea1:b1e8:64e8%en0', os.name: 'Mac OS X', os.arch: 'aarch64', os.version: '15.0.1', java.version: '17.0.7'
Driver info: com.kms.katalon.selenium.driver.CChromeDriver
Capabilities {acceptInsecureCerts: false, browserName: chrome, browserVersion: 129.0.6668.91, chrome: {chromedriverVersion: 128.0.6613.84 (606aa55c7d68..., userDataDir: /var/folders/t5/b7k67ybj7gz...}, fedcm:accounts: true, goog:chromeOptions: {debuggerAddress: localhost:54666}, javascriptEnabled: true, networkConnectionEnabled: false, pageLoadStrategy: normal, platform: MAC, platformName: MAC, proxy: Proxy(), setWindowRect: true, strictFileInteractability: false, timeouts: {implicit: 0, pageLoad: 300000, script: 30000}, unhandledPromptBehavior: dismiss and notify, webauthn:extension:credBlob: true, webauthn:extension:largeBlob: true, webauthn:extension:minPinLength: true, webauthn:extension:prf: true, webauthn:virtualAuthenticators: true}
Session ID: 7237878c138c58a9ac5b2102a70616ef
	at java.base/jdk.internal.reflect.NativeConstructorAccessorImpl.newInstance0(Native Method)
	at java.base/jdk.internal.reflect.NativeConstructorAccessorImpl.newInstance(NativeConstructorAccessorImpl.java:77)
	at java.base/jdk.internal.reflect.DelegatingConstructorAccessorImpl.newInstance(DelegatingConstructorAccessorImpl.java:45)
	at org.openqa.selenium.remote.http.W3CHttpResponseCodec.createException(W3CHttpResponseCodec.java:187)
	at org.openqa.selenium.remote.http.W3CHttpResponseCodec.decode(W3CHttpResponseCodec.java:122)
	at org.openqa.selenium.remote.http.W3CHttpResponseCodec.decode(W3CHttpResponseCodec.java:49)
	at org.openqa.selenium.remote.HttpCommandExecutor.execute(HttpCommandExecutor.java:158)
	at org.openqa.selenium.remote.service.DriverCommandExecutor.execute(DriverCommandExecutor.java:83)
	at org.openqa.selenium.remote.RemoteWebDriver.execute(RemoteWebDriver.java:552)
	at com.kms.katalon.selenium.driver.CChromeDriver.execute(CChromeDriver.java:19)
	at org.openqa.selenium.remote.RemoteWebElement.execute(RemoteWebElement.java:285)
	at org.openqa.selenium.remote.RemoteWebElement.click(RemoteWebElement.java:84)
	at jdk.internal.reflect.GeneratedMethodAccessor12.invoke(Unknown Source)
	at java.base/jdk.internal.reflect.DelegatingMethodAccessorImpl.invoke(DelegatingMethodAccessorImpl.java:43)
	at org.openqa.selenium.support.events.EventFiringWebDriver$EventFiringWebElement.lambda$new$0(EventFiringWebDriver.java:404)
	at jdk.proxy2/jdk.proxy2.$Proxy23.click(Unknown Source)
	at org.openqa.selenium.support.events.EventFiringWebDriver$EventFiringWebElement.click(EventFiringWebDriver.java:417)
	at TC_09_Kiểm tra khi chọn ví đúng và chọn kỳ đối soát đã tồn tại trước đó.run(TC_09_Kiểm tra khi chọn ví đúng và chọn kỳ đối soát đã tồn tại trước đó:44)
	at com.kms.katalon.core.main.ScriptEngine.run(ScriptEngine.java:194)
	at com.kms.katalon.core.main.ScriptEngine.runScriptAsRawText(ScriptEngine.java:119)
	at com.kms.katalon.core.main.TestCaseExecutor.runScript(TestCaseExecutor.java:448)
	at com.kms.katalon.core.main.TestCaseExecutor.doExecute(TestCaseExecutor.java:439)
	at com.kms.katalon.core.main.TestCaseExecutor.processExecutionPhase(TestCaseExecutor.java:418)
	at com.kms.katalon.core.main.TestCaseExecutor.accessMainPhase(TestCaseExecutor.java:410)
	at com.kms.katalon.core.main.TestCaseExecutor.execute(TestCaseExecutor.java:285)
	at com.kms.katalon.core.common.CommonExecutor.accessTestCaseMainPhase(CommonExecutor.java:65)
	at com.kms.katalon.core.main.TestSuiteExecutor.accessTestSuiteMainPhase(TestSuiteExecutor.java:150)
	at com.kms.katalon.core.main.TestSuiteExecutor.execute(TestSuiteExecutor.java:106)
	at com.kms.katalon.core.main.TestCaseMain.startTestSuite(TestCaseMain.java:180)
	at TempTestSuite1728747306042.run(TempTestSuite1728747306042.groovy:35)
	at java.base/jdk.internal.reflect.NativeMethodAccessorImpl.invoke0(Native Method)
	at java.base/jdk.internal.reflect.NativeMethodAccessorImpl.invoke(NativeMethodAccessorImpl.java:77)
	at java.base/jdk.internal.reflect.DelegatingMethodAccessorImpl.invoke(DelegatingMethodAccessorImpl.java:43)


12-10-2024T22:42:23 - [MESSAGE][ERROR] - Test Cases/Quản lý tài khoản merchant/Quản lý danh sách tài khoản/Nạp tiền/TC_09_Kiểm tra khi chọn ví đúng và chọn kỳ đối soát đã tồn tại trước đó FAILED.
Reason:
org.openqa.selenium.ElementNotInteractableException: element not interactable
  (Session info: chrome=129.0.6668.91)
Build info: version: '3.141.59', revision: 'unknown', time: 'unknown'
System info: host: 'Aidan', ip: '2405:4803:fd90:9ef0:35c5:6ea1:b1e8:64e8%en0', os.name: 'Mac OS X', os.arch: 'aarch64', os.version: '15.0.1', java.version: '17.0.7'
Driver info: com.kms.katalon.selenium.driver.CChromeDriver
Capabilities {acceptInsecureCerts: false, browserName: chrome, browserVersion: 129.0.6668.91, chrome: {chromedriverVersion: 128.0.6613.84 (606aa55c7d68..., userDataDir: /var/folders/t5/b7k67ybj7gz...}, fedcm:accounts: true, goog:chromeOptions: {debuggerAddress: localhost:54666}, javascriptEnabled: true, networkConnectionEnabled: false, pageLoadStrategy: normal, platform: MAC, platformName: MAC, proxy: Proxy(), setWindowRect: true, strictFileInteractability: false, timeouts: {implicit: 0, pageLoad: 300000, script: 30000}, unhandledPromptBehavior: dismiss and notify, webauthn:extension:credBlob: true, webauthn:extension:largeBlob: true, webauthn:extension:minPinLength: true, webauthn:extension:prf: true, webauthn:virtualAuthenticators: true}
Session ID: 7237878c138c58a9ac5b2102a70616ef
	at java.base/jdk.internal.reflect.NativeConstructorAccessorImpl.newInstance0(Native Method)
	at java.base/jdk.internal.reflect.NativeConstructorAccessorImpl.newInstance(NativeConstructorAccessorImpl.java:77)
	at java.base/jdk.internal.reflect.DelegatingConstructorAccessorImpl.newInstance(DelegatingConstructorAccessorImpl.java:45)
	at org.openqa.selenium.remote.http.W3CHttpResponseCodec.createException(W3CHttpResponseCodec.java:187)
	at org.openqa.selenium.remote.http.W3CHttpResponseCodec.decode(W3CHttpResponseCodec.java:122)
	at org.openqa.selenium.remote.http.W3CHttpResponseCodec.decode(W3CHttpResponseCodec.java:49)
	at org.openqa.selenium.remote.HttpCommandExecutor.execute(HttpCommandExecutor.java:158)
	at org.openqa.selenium.remote.service.DriverCommandExecutor.execute(DriverCommandExecutor.java:83)
	at org.openqa.selenium.remote.RemoteWebDriver.execute(RemoteWebDriver.java:552)
	at com.kms.katalon.selenium.driver.CChromeDriver.execute(CChromeDriver.java:19)
	at org.openqa.selenium.remote.RemoteWebElement.execute(RemoteWebElement.java:285)
	at org.openqa.selenium.remote.RemoteWebElement.click(RemoteWebElement.java:84)
	at jdk.internal.reflect.GeneratedMethodAccessor12.invoke(Unknown Source)
	at java.base/jdk.internal.reflect.DelegatingMethodAccessorImpl.invoke(DelegatingMethodAccessorImpl.java:43)
	at org.openqa.selenium.support.events.EventFiringWebDriver$EventFiringWebElement.lambda$new$0(EventFiringWebDriver.java:404)
	at jdk.proxy2/jdk.proxy2.$Proxy23.click(Unknown Source)
	at org.openqa.selenium.support.events.EventFiringWebDriver$EventFiringWebElement.click(EventFiringWebDriver.java:417)
	at TC_09_Kiểm tra khi chọn ví đúng và chọn kỳ đối soát đã tồn tại trước đó.run(TC_09_Kiểm tra khi chọn ví đúng và chọn kỳ đối soát đã tồn tại trước đó:44)
	at com.kms.katalon.core.main.ScriptEngine.run(ScriptEngine.java:194)
	at com.kms.katalon.core.main.ScriptEngine.runScriptAsRawText(ScriptEngine.java:119)
	at com.kms.katalon.core.main.TestCaseExecutor.runScript(TestCaseExecutor.java:448)
	at com.kms.katalon.core.main.TestCaseExecutor.doExecute(TestCaseExecutor.java:439)
	at com.kms.katalon.core.main.TestCaseExecutor.processExecutionPhase(TestCaseExecutor.java:418)
	at com.kms.katalon.core.main.TestCaseExecutor.accessMainPhase(TestCaseExecutor.java:410)
	at com.kms.katalon.core.main.TestCaseExecutor.execute(TestCaseExecutor.java:285)
	at com.kms.katalon.core.common.CommonExecutor.accessTestCaseMainPhase(CommonExecutor.java:65)
	at com.kms.katalon.core.main.TestSuiteExecutor.accessTestSuiteMainPhase(TestSuiteExecutor.java:150)
	at com.kms.katalon.core.main.TestSuiteExecutor.execute(TestSuiteExecutor.java:106)
	at com.kms.katalon.core.main.TestCaseMain.startTestSuite(TestCaseMain.java:180)
	at TempTestSuite1728747306042.run(TempTestSuite1728747306042.groovy:35)
	at java.base/jdk.internal.reflect.NativeMethodAccessorImpl.invoke0(Native Method)
	at java.base/jdk.internal.reflect.NativeMethodAccessorImpl.invoke(NativeMethodAccessorImpl.java:77)
	at java.base/jdk.internal.reflect.DelegatingMethodAccessorImpl.invoke(DelegatingMethodAccessorImpl.java:43)


12-10-2024T22:42:23 - [TEST_STEP][PASSED] - Start listener action : sampleAfterTestCase: null

12-10-2024T22:42:23 - [TEST_STEP][PASSED] - testCaseId = testCaseContext.getTestCaseId(): null

12-10-2024T22:42:23 - [TEST_STEP][PASSED] - if (testCaseId == "Test Cases/Quản lý tài khoản merchant/Quản lý dịch vụ merchant/TC_13_Kiểm tra chức năng xác nhận cấu hình thay đổi VA"): null]]></system-out>
         <system-err><![CDATA[12-10-2024T22:41:30 - [TEST_CASE][ERROR] - Test Cases/Quản lý tài khoản merchant/Quản lý danh sách tài khoản/Nạp tiền/TC_09_Kiểm tra khi chọn ví đúng và chọn kỳ đối soát đã tồn tại trước đó: Test Cases/Quản lý tài khoản merchant/Quản lý danh sách tài khoản/Nạp tiền/TC_09_Kiểm tra khi chọn ví đúng và chọn kỳ đối soát đã tồn tại trước đó FAILED.
Reason:
org.openqa.selenium.ElementNotInteractableException: element not interactable
  (Session info: chrome=129.0.6668.91)
Build info: version: '3.141.59', revision: 'unknown', time: 'unknown'
System info: host: 'Aidan', ip: '2405:4803:fd90:9ef0:35c5:6ea1:b1e8:64e8%en0', os.name: 'Mac OS X', os.arch: 'aarch64', os.version: '15.0.1', java.version: '17.0.7'
Driver info: com.kms.katalon.selenium.driver.CChromeDriver
Capabilities {acceptInsecureCerts: false, browserName: chrome, browserVersion: 129.0.6668.91, chrome: {chromedriverVersion: 128.0.6613.84 (606aa55c7d68..., userDataDir: /var/folders/t5/b7k67ybj7gz...}, fedcm:accounts: true, goog:chromeOptions: {debuggerAddress: localhost:54666}, javascriptEnabled: true, networkConnectionEnabled: false, pageLoadStrategy: normal, platform: MAC, platformName: MAC, proxy: Proxy(), setWindowRect: true, strictFileInteractability: false, timeouts: {implicit: 0, pageLoad: 300000, script: 30000}, unhandledPromptBehavior: dismiss and notify, webauthn:extension:credBlob: true, webauthn:extension:largeBlob: true, webauthn:extension:minPinLength: true, webauthn:extension:prf: true, webauthn:virtualAuthenticators: true}
Session ID: 7237878c138c58a9ac5b2102a70616ef
	at java.base/jdk.internal.reflect.NativeConstructorAccessorImpl.newInstance0(Native Method)
	at java.base/jdk.internal.reflect.NativeConstructorAccessorImpl.newInstance(NativeConstructorAccessorImpl.java:77)
	at java.base/jdk.internal.reflect.DelegatingConstructorAccessorImpl.newInstance(DelegatingConstructorAccessorImpl.java:45)
	at org.openqa.selenium.remote.http.W3CHttpResponseCodec.createException(W3CHttpResponseCodec.java:187)
	at org.openqa.selenium.remote.http.W3CHttpResponseCodec.decode(W3CHttpResponseCodec.java:122)
	at org.openqa.selenium.remote.http.W3CHttpResponseCodec.decode(W3CHttpResponseCodec.java:49)
	at org.openqa.selenium.remote.HttpCommandExecutor.execute(HttpCommandExecutor.java:158)
	at org.openqa.selenium.remote.service.DriverCommandExecutor.execute(DriverCommandExecutor.java:83)
	at org.openqa.selenium.remote.RemoteWebDriver.execute(RemoteWebDriver.java:552)
	at com.kms.katalon.selenium.driver.CChromeDriver.execute(CChromeDriver.java:19)
	at org.openqa.selenium.remote.RemoteWebElement.execute(RemoteWebElement.java:285)
	at org.openqa.selenium.remote.RemoteWebElement.click(RemoteWebElement.java:84)
	at jdk.internal.reflect.GeneratedMethodAccessor12.invoke(Unknown Source)
	at java.base/jdk.internal.reflect.DelegatingMethodAccessorImpl.invoke(DelegatingMethodAccessorImpl.java:43)
	at org.openqa.selenium.support.events.EventFiringWebDriver$EventFiringWebElement.lambda$new$0(EventFiringWebDriver.java:404)
	at jdk.proxy2/jdk.proxy2.$Proxy23.click(Unknown Source)
	at org.openqa.selenium.support.events.EventFiringWebDriver$EventFiringWebElement.click(EventFiringWebDriver.java:417)
	at TC_09_Kiểm tra khi chọn ví đúng và chọn kỳ đối soát đã tồn tại trước đó.run(TC_09_Kiểm tra khi chọn ví đúng và chọn kỳ đối soát đã tồn tại trước đó:44)
	at com.kms.katalon.core.main.ScriptEngine.run(ScriptEngine.java:194)
	at com.kms.katalon.core.main.ScriptEngine.runScriptAsRawText(ScriptEngine.java:119)
	at com.kms.katalon.core.main.TestCaseExecutor.runScript(TestCaseExecutor.java:448)
	at com.kms.katalon.core.main.TestCaseExecutor.doExecute(TestCaseExecutor.java:439)
	at com.kms.katalon.core.main.TestCaseExecutor.processExecutionPhase(TestCaseExecutor.java:418)
	at com.kms.katalon.core.main.TestCaseExecutor.accessMainPhase(TestCaseExecutor.java:410)
	at com.kms.katalon.core.main.TestCaseExecutor.execute(TestCaseExecutor.java:285)
	at com.kms.katalon.core.common.CommonExecutor.accessTestCaseMainPhase(CommonExecutor.java:65)
	at com.kms.katalon.core.main.TestSuiteExecutor.accessTestSuiteMainPhase(TestSuiteExecutor.java:150)
	at com.kms.katalon.core.main.TestSuiteExecutor.execute(TestSuiteExecutor.java:106)
	at com.kms.katalon.core.main.TestCaseMain.startTestSuite(TestCaseMain.java:180)
	at TempTestSuite1728747306042.run(TempTestSuite1728747306042.groovy:35)
	at java.base/jdk.internal.reflect.NativeMethodAccessorImpl.invoke0(Native Method)
	at java.base/jdk.internal.reflect.NativeMethodAccessorImpl.invoke(NativeMethodAccessorImpl.java:77)
	at java.base/jdk.internal.reflect.DelegatingMethodAccessorImpl.invoke(DelegatingMethodAccessorImpl.java:43)]]></system-err>
      </testcase>
      <testcase name="Test Cases/Quản lý tài khoản merchant/Quản lý danh sách tài khoản/Nạp tiền/TC_10_Kiểm tra khi chọn ví đúng và chọn loại giao dịch là hoàn phí" time="23.589" classname="Test Cases/Quản lý tài khoản merchant/Quản lý danh sách tài khoản/Nạp tiền/TC_10_Kiểm tra khi chọn ví đúng và chọn loại giao dịch là hoàn phí" status="ERROR">
         <error type="ERROR" message="Test Cases/Quản lý tài khoản merchant/Quản lý danh sách tài khoản/Nạp tiền/TC_10_Kiểm tra khi chọn ví đúng và chọn loại giao dịch là hoàn phí FAILED.&#xa;Reason:&#xa;org.openqa.selenium.NoSuchElementException: no such element: Unable to locate element: {&quot;method&quot;:&quot;xpath&quot;,&quot;selector&quot;:&quot;//input[@placeholder='Nhập số tiền']&quot;}&#xa;  (Session info: chrome=129.0.6668.91)&#xa;For documentation on this error, please visit: https://www.seleniumhq.org/exceptions/no_such_element.html&#xa;Build info: version: '3.141.59', revision: 'unknown', time: 'unknown'&#xa;System info: host: 'Aidan', ip: '2405:4803:fd90:9ef0:35c5:6ea1:b1e8:64e8%en0', os.name: 'Mac OS X', os.arch: 'aarch64', os.version: '15.0.1', java.version: '17.0.7'&#xa;Driver info: com.kms.katalon.selenium.driver.CChromeDriver&#xa;Capabilities {acceptInsecureCerts: false, browserName: chrome, browserVersion: 129.0.6668.91, chrome: {chromedriverVersion: 128.0.6613.84 (606aa55c7d68..., userDataDir: /var/folders/t5/b7k67ybj7gz...}, fedcm:accounts: true, goog:chromeOptions: {debuggerAddress: localhost:54695}, javascriptEnabled: true, networkConnectionEnabled: false, pageLoadStrategy: normal, platform: MAC, platformName: MAC, proxy: Proxy(), setWindowRect: true, strictFileInteractability: false, timeouts: {implicit: 0, pageLoad: 300000, script: 30000}, unhandledPromptBehavior: dismiss and notify, webauthn:extension:credBlob: true, webauthn:extension:largeBlob: true, webauthn:extension:minPinLength: true, webauthn:extension:prf: true, webauthn:virtualAuthenticators: true}&#xa;Session ID: 89adb38cebfe910ff3e6e6878b913356&#xa;*** Element info: {Using=xpath, value=//input[@placeholder='Nhập số tiền']}&#xa;	at jdk.internal.reflect.GeneratedConstructorAccessor21.newInstance(Unknown Source)&#xa;	at java.base/jdk.internal.reflect.DelegatingConstructorAccessorImpl.newInstance(DelegatingConstructorAccessorImpl.java:45)&#xa;	at org.openqa.selenium.remote.http.W3CHttpResponseCodec.createException(W3CHttpResponseCodec.java:187)&#xa;	at org.openqa.selenium.remote.http.W3CHttpResponseCodec.decode(W3CHttpResponseCodec.java:122)&#xa;	at org.openqa.selenium.remote.http.W3CHttpResponseCodec.decode(W3CHttpResponseCodec.java:49)&#xa;	at org.openqa.selenium.remote.HttpCommandExecutor.execute(HttpCommandExecutor.java:158)&#xa;	at org.openqa.selenium.remote.service.DriverCommandExecutor.execute(DriverCommandExecutor.java:83)&#xa;	at org.openqa.selenium.remote.RemoteWebDriver.execute(RemoteWebDriver.java:552)&#xa;	at com.kms.katalon.selenium.driver.CChromeDriver.execute(CChromeDriver.java:19)&#xa;	at org.openqa.selenium.remote.RemoteWebDriver.findElement(RemoteWebDriver.java:323)&#xa;	at org.openqa.selenium.remote.RemoteWebDriver.findElementByXPath(RemoteWebDriver.java:428)&#xa;	at org.openqa.selenium.By$ByXPath.findElement(By.java:353)&#xa;	at org.openqa.selenium.remote.RemoteWebDriver.findElement(RemoteWebDriver.java:315)&#xa;	at jdk.internal.reflect.GeneratedMethodAccessor9.invoke(Unknown Source)&#xa;	at java.base/jdk.internal.reflect.DelegatingMethodAccessorImpl.invoke(DelegatingMethodAccessorImpl.java:43)&#xa;	at org.openqa.selenium.support.events.EventFiringWebDriver.lambda$new$1(EventFiringWebDriver.java:105)&#xa;	at jdk.proxy2/jdk.proxy2.$Proxy22.findElement(Unknown Source)&#xa;	at org.openqa.selenium.support.events.EventFiringWebDriver.findElement(EventFiringWebDriver.java:194)&#xa;	at TC_10_Kiểm tra khi chọn ví đúng và chọn loại giao dịch là hoàn phí.run(TC_10_Kiểm tra khi chọn ví đúng và chọn loại giao dịch là hoàn phí:51)&#xa;	at com.kms.katalon.core.main.ScriptEngine.run(ScriptEngine.java:194)&#xa;	at com.kms.katalon.core.main.ScriptEngine.runScriptAsRawText(ScriptEngine.java:119)&#xa;	at com.kms.katalon.core.main.TestCaseExecutor.runScript(TestCaseExecutor.java:448)&#xa;	at com.kms.katalon.core.main.TestCaseExecutor.doExecute(TestCaseExecutor.java:439)&#xa;	at com.kms.katalon.core.main.TestCaseExecutor.processExecutionPhase(TestCaseExecutor.java:418)&#xa;	at com.kms.katalon.core.main.TestCaseExecutor.accessMainPhase(TestCaseExecutor.java:410)&#xa;	at com.kms.katalon.core.main.TestCaseExecutor.execute(TestCaseExecutor.java:285)&#xa;	at com.kms.katalon.core.common.CommonExecutor.accessTestCaseMainPhase(CommonExecutor.java:65)&#xa;	at com.kms.katalon.core.main.TestSuiteExecutor.accessTestSuiteMainPhase(TestSuiteExecutor.java:150)&#xa;	at com.kms.katalon.core.main.TestSuiteExecutor.execute(TestSuiteExecutor.java:106)&#xa;	at com.kms.katalon.core.main.TestCaseMain.startTestSuite(TestCaseMain.java:180)&#xa;	at TempTestSuite1728747306042.run(TempTestSuite1728747306042.groovy:35)&#xa;	at java.base/jdk.internal.reflect.NativeMethodAccessorImpl.invoke0(Native Method)&#xa;	at java.base/jdk.internal.reflect.NativeMethodAccessorImpl.invoke(NativeMethodAccessorImpl.java:77)&#xa;	at java.base/jdk.internal.reflect.DelegatingMethodAccessorImpl.invoke(DelegatingMethodAccessorImpl.java:43)&#xa;"/>
         <system-out><![CDATA[12-10-2024T22:42:23 - [TEST_CASE][ERROR] - Test Cases/Quản lý tài khoản merchant/Quản lý danh sách tài khoản/Nạp tiền/TC_10_Kiểm tra khi chọn ví đúng và chọn loại giao dịch là hoàn phí: Test Cases/Quản lý tài khoản merchant/Quản lý danh sách tài khoản/Nạp tiền/TC_10_Kiểm tra khi chọn ví đúng và chọn loại giao dịch là hoàn phí FAILED.
Reason:
org.openqa.selenium.NoSuchElementException: no such element: Unable to locate element: {"method":"xpath","selector":"//input[@placeholder='Nhập số tiền']"}
  (Session info: chrome=129.0.6668.91)
For documentation on this error, please visit: https://www.seleniumhq.org/exceptions/no_such_element.html
Build info: version: '3.141.59', revision: 'unknown', time: 'unknown'
System info: host: 'Aidan', ip: '2405:4803:fd90:9ef0:35c5:6ea1:b1e8:64e8%en0', os.name: 'Mac OS X', os.arch: 'aarch64', os.version: '15.0.1', java.version: '17.0.7'
Driver info: com.kms.katalon.selenium.driver.CChromeDriver
Capabilities {acceptInsecureCerts: false, browserName: chrome, browserVersion: 129.0.6668.91, chrome: {chromedriverVersion: 128.0.6613.84 (606aa55c7d68..., userDataDir: /var/folders/t5/b7k67ybj7gz...}, fedcm:accounts: true, goog:chromeOptions: {debuggerAddress: localhost:54695}, javascriptEnabled: true, networkConnectionEnabled: false, pageLoadStrategy: normal, platform: MAC, platformName: MAC, proxy: Proxy(), setWindowRect: true, strictFileInteractability: false, timeouts: {implicit: 0, pageLoad: 300000, script: 30000}, unhandledPromptBehavior: dismiss and notify, webauthn:extension:credBlob: true, webauthn:extension:largeBlob: true, webauthn:extension:minPinLength: true, webauthn:extension:prf: true, webauthn:virtualAuthenticators: true}
Session ID: 89adb38cebfe910ff3e6e6878b913356
*** Element info: {Using=xpath, value=//input[@placeholder='Nhập số tiền']}
	at jdk.internal.reflect.GeneratedConstructorAccessor21.newInstance(Unknown Source)
	at java.base/jdk.internal.reflect.DelegatingConstructorAccessorImpl.newInstance(DelegatingConstructorAccessorImpl.java:45)
	at org.openqa.selenium.remote.http.W3CHttpResponseCodec.createException(W3CHttpResponseCodec.java:187)
	at org.openqa.selenium.remote.http.W3CHttpResponseCodec.decode(W3CHttpResponseCodec.java:122)
	at org.openqa.selenium.remote.http.W3CHttpResponseCodec.decode(W3CHttpResponseCodec.java:49)
	at org.openqa.selenium.remote.HttpCommandExecutor.execute(HttpCommandExecutor.java:158)
	at org.openqa.selenium.remote.service.DriverCommandExecutor.execute(DriverCommandExecutor.java:83)
	at org.openqa.selenium.remote.RemoteWebDriver.execute(RemoteWebDriver.java:552)
	at com.kms.katalon.selenium.driver.CChromeDriver.execute(CChromeDriver.java:19)
	at org.openqa.selenium.remote.RemoteWebDriver.findElement(RemoteWebDriver.java:323)
	at org.openqa.selenium.remote.RemoteWebDriver.findElementByXPath(RemoteWebDriver.java:428)
	at org.openqa.selenium.By$ByXPath.findElement(By.java:353)
	at org.openqa.selenium.remote.RemoteWebDriver.findElement(RemoteWebDriver.java:315)
	at jdk.internal.reflect.GeneratedMethodAccessor9.invoke(Unknown Source)
	at java.base/jdk.internal.reflect.DelegatingMethodAccessorImpl.invoke(DelegatingMethodAccessorImpl.java:43)
	at org.openqa.selenium.support.events.EventFiringWebDriver.lambda$new$1(EventFiringWebDriver.java:105)
	at jdk.proxy2/jdk.proxy2.$Proxy22.findElement(Unknown Source)
	at org.openqa.selenium.support.events.EventFiringWebDriver.findElement(EventFiringWebDriver.java:194)
	at TC_10_Kiểm tra khi chọn ví đúng và chọn loại giao dịch là hoàn phí.run(TC_10_Kiểm tra khi chọn ví đúng và chọn loại giao dịch là hoàn phí:51)
	at com.kms.katalon.core.main.ScriptEngine.run(ScriptEngine.java:194)
	at com.kms.katalon.core.main.ScriptEngine.runScriptAsRawText(ScriptEngine.java:119)
	at com.kms.katalon.core.main.TestCaseExecutor.runScript(TestCaseExecutor.java:448)
	at com.kms.katalon.core.main.TestCaseExecutor.doExecute(TestCaseExecutor.java:439)
	at com.kms.katalon.core.main.TestCaseExecutor.processExecutionPhase(TestCaseExecutor.java:418)
	at com.kms.katalon.core.main.TestCaseExecutor.accessMainPhase(TestCaseExecutor.java:410)
	at com.kms.katalon.core.main.TestCaseExecutor.execute(TestCaseExecutor.java:285)
	at com.kms.katalon.core.common.CommonExecutor.accessTestCaseMainPhase(CommonExecutor.java:65)
	at com.kms.katalon.core.main.TestSuiteExecutor.accessTestSuiteMainPhase(TestSuiteExecutor.java:150)
	at com.kms.katalon.core.main.TestSuiteExecutor.execute(TestSuiteExecutor.java:106)
	at com.kms.katalon.core.main.TestCaseMain.startTestSuite(TestCaseMain.java:180)
	at TempTestSuite1728747306042.run(TempTestSuite1728747306042.groovy:35)
	at java.base/jdk.internal.reflect.NativeMethodAccessorImpl.invoke0(Native Method)
	at java.base/jdk.internal.reflect.NativeMethodAccessorImpl.invoke(NativeMethodAccessorImpl.java:77)
	at java.base/jdk.internal.reflect.DelegatingMethodAccessorImpl.invoke(DelegatingMethodAccessorImpl.java:43)


12-10-2024T22:42:23 - [TEST_STEP][PASSED] - Start listener action : sampleBeforeTestCase: Navigate to 'https://stg-cms-console.9pay.mobi/login' successfully

12-10-2024T22:42:23 - [TEST_STEP][PASSED] - testCaseId = testCaseContext.getTestCaseId(): null

12-10-2024T22:42:23 - [TEST_STEP][PASSED] - url = <not implemented yet for class: org.codehaus.groovy.ast.expr.EmptyExpression>: null

12-10-2024T22:42:23 - [TEST_STEP][PASSED] - if (testCaseId == "Test Cases/Quản lý tài khoản merchant/Quản lý dịch vụ merchant/TC_14_Kiểm tra thay đổi sau khi cấu hình VA trên MCV"): null

12-10-2024T22:42:23 - [TEST_STEP][PASSED] - else: null

12-10-2024T22:42:23 - [TEST_STEP][PASSED] - url = "https://stg-cms-console.9pay.mobi/login": null

12-10-2024T22:42:23 - [TEST_STEP][PASSED] - openBrowser(""): Browser is opened with url: ''

12-10-2024T22:42:23 - [MESSAGE][WARNING] - A browser is already opened. Closing browser and opening a new one

12-10-2024T22:42:23 - [MESSAGE][INFO] - Starting 'Chrome' driver

12-10-2024T22:42:23 - [MESSAGE][INFO] - Action delay is set to 0 milliseconds

12-10-2024T22:42:24 - [MESSAGE][PASSED] - Browser is opened with url: ''

12-10-2024T22:42:24 - [TEST_STEP][PASSED] - maximizeWindow(): Current window maximized

12-10-2024T22:42:24 - [MESSAGE][PASSED] - Current window maximized

12-10-2024T22:42:24 - [TEST_STEP][PASSED] - navigateToUrl(url): Navigate to 'https://stg-cms-console.9pay.mobi/login' successfully

12-10-2024T22:42:27 - [MESSAGE][PASSED] - Navigate to 'https://stg-cms-console.9pay.mobi/login' successfully

12-10-2024T22:42:27 - [TEST_STEP][PASSED] - driver = getWebDriver(): null

12-10-2024T22:42:27 - [TEST_STEP][PASSED] - callTestCase(findTestCase("Test Cases/Login/LoginCommon"), [:], STOP_ON_FAILURE): Call Test Case 'Test Cases/Login/LoginCommon' successfully

12-10-2024T22:42:27 - [TEST_CASE][PASSED] - Test Cases/Login/LoginCommon: Test Cases/Login/LoginCommon

12-10-2024T22:42:27 - [TEST_STEP][PASSED] - driver = getWebDriver(): null

12-10-2024T22:42:27 - [TEST_STEP][PASSED] - sendKeys(findTestObject("Quản lý tài khoản merchant/Quản lý dịch vụ merchant/userNameTextbox"), userAccount): Keys 'dannt@9pay.vn' sent to object: 'Object Repository/Quản lý tài khoản merchant/Quản lý dịch vụ merchant/userNameTextbox'

12-10-2024T22:42:27 - [MESSAGE][PASSED] - Keys 'dannt@9pay.vn' sent to object: 'Object Repository/Quản lý tài khoản merchant/Quản lý dịch vụ merchant/userNameTextbox'

12-10-2024T22:42:27 - [TEST_STEP][PASSED] - sendKeys(findTestObject("Quản lý tài khoản merchant/Quản lý dịch vụ merchant/passwordTextbox"), password): Keys 'dannt@9pay.vn' sent to object: 'Object Repository/Quản lý tài khoản merchant/Quản lý dịch vụ merchant/passwordTextbox'

12-10-2024T22:42:27 - [MESSAGE][PASSED] - Keys 'dannt@9pay.vn' sent to object: 'Object Repository/Quản lý tài khoản merchant/Quản lý dịch vụ merchant/passwordTextbox'

12-10-2024T22:42:27 - [TEST_STEP][PASSED] - click(findTestObject("Quản lý tài khoản merchant/Quản lý dịch vụ merchant/loginButton")): Object: 'Object Repository/Quản lý tài khoản merchant/Quản lý dịch vụ merchant/loginButton' is clicked on

12-10-2024T22:42:28 - [MESSAGE][PASSED] - Object: 'Object Repository/Quản lý tài khoản merchant/Quản lý dịch vụ merchant/loginButton' is clicked on

12-10-2024T22:42:28 - [MESSAGE][PASSED] - Call Test Case 'Test Cases/Login/LoginCommon' successfully

12-10-2024T22:42:28 - [TEST_STEP][PASSED] - waitForElementVisible(findTestObject("Trang chủ/userName"), 10, STOP_ON_FAILURE): Object 'Object Repository/Trang chủ/userName' is visible

12-10-2024T22:42:29 - [MESSAGE][PASSED] - Object 'Object Repository/Trang chủ/userName' is visible

12-10-2024T22:42:29 - [TEST_STEP][PASSED] - callTestCase(findTestCase("Test Cases/Quản lý tài khoản merchant/Quản lý danh sách tài khoản/CustomFunctions Deposit"), [:], STOP_ON_FAILURE): Call Test Case 'Test Cases/Quản lý tài khoản merchant/Quản lý danh sách tài khoản/CustomFunctions Deposit' successfully

12-10-2024T22:42:30 - [TEST_CASE][PASSED] - Test Cases/Quản lý tài khoản merchant/Quản lý danh sách tài khoản/CustomFunctions Deposit: Test Cases/Quản lý tài khoản merchant/Quản lý danh sách tài khoản/CustomFunctions Deposit

12-10-2024T22:42:30 - [TEST_STEP][PASSED] - driver = getWebDriver(): null

12-10-2024T22:42:30 - [TEST_STEP][PASSED] - element1 = driver.findElement(By.xpath("//span[contains(text(),'Quản lý tài khoản merchant')]")): null

12-10-2024T22:42:31 - [TEST_STEP][PASSED] - actions = new org.openqa.selenium.interactions.Actions(driver): null

12-10-2024T22:42:31 - [TEST_STEP][PASSED] - click().perform(): null

12-10-2024T22:42:32 - [TEST_STEP][PASSED] - wait = new org.openqa.selenium.support.ui.WebDriverWait(com.kms.katalon.core.webui.driver.DriverFactory.getWebDriver(), 15): null

12-10-2024T22:42:32 - [TEST_STEP][PASSED] - xpath(xpathManagerListAccount))).click(): null

12-10-2024T22:42:32 - [MESSAGE][PASSED] - Call Test Case 'Test Cases/Quản lý tài khoản merchant/Quản lý danh sách tài khoản/CustomFunctions Deposit' successfully

12-10-2024T22:42:32 - [TEST_STEP][PASSED] - wait = new org.openqa.selenium.support.ui.WebDriverWait(com.kms.katalon.core.webui.driver.DriverFactory.getWebDriver(), 20): null

12-10-2024T22:42:32 - [TEST_STEP][PASSED] - userCode = wait.until(ExpectedConditions.visibilityOfElementLocated(By.xpath(xpathUserCode))): null

12-10-2024T22:42:35 - [TEST_STEP][PASSED] - println(userCode.getText()): null

12-10-2024T22:42:35 - [TEST_STEP][PASSED] - xpath(xpathBtnAccount))).click(): null

12-10-2024T22:42:35 - [TEST_STEP][PASSED] - searchTextbox = wait.until(ExpectedConditions.elementToBeClickable(By.xpath(xpathSearchTextbox))): null

12-10-2024T22:42:36 - [TEST_STEP][PASSED] - searchTextbox.sendKeys("dannt11"): null

12-10-2024T22:42:36 - [TEST_STEP][PASSED] - xpath(xpathOption)).click(): null

12-10-2024T22:42:36 - [TEST_STEP][PASSED] - xpath(xpathBtnSearch)).click(): null

12-10-2024T22:42:37 - [TEST_STEP][PASSED] - wait.until(ExpectedConditions.visibilityOfElementLocated(By.xpath(xpathAccountName))): null

12-10-2024T22:42:37 - [TEST_STEP][PASSED] - startElement = driver.findElement(By.xpath("//strong[contains(text(),'Thu hộ:')]")): null

12-10-2024T22:42:38 - [TEST_STEP][PASSED] - js = driver: null

12-10-2024T22:42:38 - [TEST_STEP][PASSED] - script = "return arguments[0].nextSibling.textContent;": null

12-10-2024T22:42:38 - [TEST_STEP][PASSED] - nextTextNodeContent = js.executeScript(script, startElement): null

12-10-2024T22:42:38 - [TEST_STEP][PASSED] - out.println("Thu ho " + nextTextNodeContent): null

12-10-2024T22:42:38 - [TEST_STEP][PASSED] - numericString = nextTextNodeContent.replaceAll("[^0-9]", ""): null

12-10-2024T22:42:38 - [TEST_STEP][PASSED] - thuHo = Integer.parseInt(numericString): null

12-10-2024T22:42:38 - [TEST_STEP][PASSED] - out.println("Thu ho " + thuHo): null

12-10-2024T22:42:38 - [TEST_STEP][PASSED] - xpath(xpathBtnDeposit)).click(): null

12-10-2024T22:42:38 - [TEST_STEP][PASSED] - wait.until(ExpectedConditions.visibilityOfElementLocated(By.xpath(xpathTextAccount))): null

12-10-2024T22:42:44 - [TEST_STEP][PASSED] - xpath(xpathChonVi)).click(): null

12-10-2024T22:42:44 - [TEST_STEP][PASSED] - xpath(xpathThuHo3)).click(): null

12-10-2024T22:42:44 - [TEST_STEP][PASSED] - xpath(xpathOptionNapTien)).click(): null

12-10-2024T22:42:45 - [TEST_STEP][PASSED] - xpath(xpathOptionHoanPhi)).click(): null

12-10-2024T22:42:45 - [TEST_STEP][PASSED] - xpath(xpathDay)).click(): null

12-10-2024T22:42:45 - [TEST_STEP][PASSED] - xpath(xpathHomNay)).click(): null

12-10-2024T22:42:46 - [TEST_STEP][PASSED] - xpath(xpathBtnContinue)).click(): null

12-10-2024T22:42:46 - [TEST_STEP][ERROR] - xpath(xpathDepositTextbox)).sendKeys("150000"): Test Cases/Quản lý tài khoản merchant/Quản lý danh sách tài khoản/Nạp tiền/TC_10_Kiểm tra khi chọn ví đúng và chọn loại giao dịch là hoàn phí FAILED.
Reason:
org.openqa.selenium.NoSuchElementException: no such element: Unable to locate element: {"method":"xpath","selector":"//input[@placeholder='Nhập số tiền']"}
  (Session info: chrome=129.0.6668.91)
For documentation on this error, please visit: https://www.seleniumhq.org/exceptions/no_such_element.html
Build info: version: '3.141.59', revision: 'unknown', time: 'unknown'
System info: host: 'Aidan', ip: '2405:4803:fd90:9ef0:35c5:6ea1:b1e8:64e8%en0', os.name: 'Mac OS X', os.arch: 'aarch64', os.version: '15.0.1', java.version: '17.0.7'
Driver info: com.kms.katalon.selenium.driver.CChromeDriver
Capabilities {acceptInsecureCerts: false, browserName: chrome, browserVersion: 129.0.6668.91, chrome: {chromedriverVersion: 128.0.6613.84 (606aa55c7d68..., userDataDir: /var/folders/t5/b7k67ybj7gz...}, fedcm:accounts: true, goog:chromeOptions: {debuggerAddress: localhost:54695}, javascriptEnabled: true, networkConnectionEnabled: false, pageLoadStrategy: normal, platform: MAC, platformName: MAC, proxy: Proxy(), setWindowRect: true, strictFileInteractability: false, timeouts: {implicit: 0, pageLoad: 300000, script: 30000}, unhandledPromptBehavior: dismiss and notify, webauthn:extension:credBlob: true, webauthn:extension:largeBlob: true, webauthn:extension:minPinLength: true, webauthn:extension:prf: true, webauthn:virtualAuthenticators: true}
Session ID: 89adb38cebfe910ff3e6e6878b913356
*** Element info: {Using=xpath, value=//input[@placeholder='Nhập số tiền']}
	at jdk.internal.reflect.GeneratedConstructorAccessor21.newInstance(Unknown Source)
	at java.base/jdk.internal.reflect.DelegatingConstructorAccessorImpl.newInstance(DelegatingConstructorAccessorImpl.java:45)
	at org.openqa.selenium.remote.http.W3CHttpResponseCodec.createException(W3CHttpResponseCodec.java:187)
	at org.openqa.selenium.remote.http.W3CHttpResponseCodec.decode(W3CHttpResponseCodec.java:122)
	at org.openqa.selenium.remote.http.W3CHttpResponseCodec.decode(W3CHttpResponseCodec.java:49)
	at org.openqa.selenium.remote.HttpCommandExecutor.execute(HttpCommandExecutor.java:158)
	at org.openqa.selenium.remote.service.DriverCommandExecutor.execute(DriverCommandExecutor.java:83)
	at org.openqa.selenium.remote.RemoteWebDriver.execute(RemoteWebDriver.java:552)
	at com.kms.katalon.selenium.driver.CChromeDriver.execute(CChromeDriver.java:19)
	at org.openqa.selenium.remote.RemoteWebDriver.findElement(RemoteWebDriver.java:323)
	at org.openqa.selenium.remote.RemoteWebDriver.findElementByXPath(RemoteWebDriver.java:428)
	at org.openqa.selenium.By$ByXPath.findElement(By.java:353)
	at org.openqa.selenium.remote.RemoteWebDriver.findElement(RemoteWebDriver.java:315)
	at jdk.internal.reflect.GeneratedMethodAccessor9.invoke(Unknown Source)
	at java.base/jdk.internal.reflect.DelegatingMethodAccessorImpl.invoke(DelegatingMethodAccessorImpl.java:43)
	at org.openqa.selenium.support.events.EventFiringWebDriver.lambda$new$1(EventFiringWebDriver.java:105)
	at jdk.proxy2/jdk.proxy2.$Proxy22.findElement(Unknown Source)
	at org.openqa.selenium.support.events.EventFiringWebDriver.findElement(EventFiringWebDriver.java:194)
	at TC_10_Kiểm tra khi chọn ví đúng và chọn loại giao dịch là hoàn phí.run(TC_10_Kiểm tra khi chọn ví đúng và chọn loại giao dịch là hoàn phí:51)
	at com.kms.katalon.core.main.ScriptEngine.run(ScriptEngine.java:194)
	at com.kms.katalon.core.main.ScriptEngine.runScriptAsRawText(ScriptEngine.java:119)
	at com.kms.katalon.core.main.TestCaseExecutor.runScript(TestCaseExecutor.java:448)
	at com.kms.katalon.core.main.TestCaseExecutor.doExecute(TestCaseExecutor.java:439)
	at com.kms.katalon.core.main.TestCaseExecutor.processExecutionPhase(TestCaseExecutor.java:418)
	at com.kms.katalon.core.main.TestCaseExecutor.accessMainPhase(TestCaseExecutor.java:410)
	at com.kms.katalon.core.main.TestCaseExecutor.execute(TestCaseExecutor.java:285)
	at com.kms.katalon.core.common.CommonExecutor.accessTestCaseMainPhase(CommonExecutor.java:65)
	at com.kms.katalon.core.main.TestSuiteExecutor.accessTestSuiteMainPhase(TestSuiteExecutor.java:150)
	at com.kms.katalon.core.main.TestSuiteExecutor.execute(TestSuiteExecutor.java:106)
	at com.kms.katalon.core.main.TestCaseMain.startTestSuite(TestCaseMain.java:180)
	at TempTestSuite1728747306042.run(TempTestSuite1728747306042.groovy:35)
	at java.base/jdk.internal.reflect.NativeMethodAccessorImpl.invoke0(Native Method)
	at java.base/jdk.internal.reflect.NativeMethodAccessorImpl.invoke(NativeMethodAccessorImpl.java:77)
	at java.base/jdk.internal.reflect.DelegatingMethodAccessorImpl.invoke(DelegatingMethodAccessorImpl.java:43)


12-10-2024T22:42:47 - [MESSAGE][ERROR] - Test Cases/Quản lý tài khoản merchant/Quản lý danh sách tài khoản/Nạp tiền/TC_10_Kiểm tra khi chọn ví đúng và chọn loại giao dịch là hoàn phí FAILED.
Reason:
org.openqa.selenium.NoSuchElementException: no such element: Unable to locate element: {"method":"xpath","selector":"//input[@placeholder='Nhập số tiền']"}
  (Session info: chrome=129.0.6668.91)
For documentation on this error, please visit: https://www.seleniumhq.org/exceptions/no_such_element.html
Build info: version: '3.141.59', revision: 'unknown', time: 'unknown'
System info: host: 'Aidan', ip: '2405:4803:fd90:9ef0:35c5:6ea1:b1e8:64e8%en0', os.name: 'Mac OS X', os.arch: 'aarch64', os.version: '15.0.1', java.version: '17.0.7'
Driver info: com.kms.katalon.selenium.driver.CChromeDriver
Capabilities {acceptInsecureCerts: false, browserName: chrome, browserVersion: 129.0.6668.91, chrome: {chromedriverVersion: 128.0.6613.84 (606aa55c7d68..., userDataDir: /var/folders/t5/b7k67ybj7gz...}, fedcm:accounts: true, goog:chromeOptions: {debuggerAddress: localhost:54695}, javascriptEnabled: true, networkConnectionEnabled: false, pageLoadStrategy: normal, platform: MAC, platformName: MAC, proxy: Proxy(), setWindowRect: true, strictFileInteractability: false, timeouts: {implicit: 0, pageLoad: 300000, script: 30000}, unhandledPromptBehavior: dismiss and notify, webauthn:extension:credBlob: true, webauthn:extension:largeBlob: true, webauthn:extension:minPinLength: true, webauthn:extension:prf: true, webauthn:virtualAuthenticators: true}
Session ID: 89adb38cebfe910ff3e6e6878b913356
*** Element info: {Using=xpath, value=//input[@placeholder='Nhập số tiền']}
	at jdk.internal.reflect.GeneratedConstructorAccessor21.newInstance(Unknown Source)
	at java.base/jdk.internal.reflect.DelegatingConstructorAccessorImpl.newInstance(DelegatingConstructorAccessorImpl.java:45)
	at org.openqa.selenium.remote.http.W3CHttpResponseCodec.createException(W3CHttpResponseCodec.java:187)
	at org.openqa.selenium.remote.http.W3CHttpResponseCodec.decode(W3CHttpResponseCodec.java:122)
	at org.openqa.selenium.remote.http.W3CHttpResponseCodec.decode(W3CHttpResponseCodec.java:49)
	at org.openqa.selenium.remote.HttpCommandExecutor.execute(HttpCommandExecutor.java:158)
	at org.openqa.selenium.remote.service.DriverCommandExecutor.execute(DriverCommandExecutor.java:83)
	at org.openqa.selenium.remote.RemoteWebDriver.execute(RemoteWebDriver.java:552)
	at com.kms.katalon.selenium.driver.CChromeDriver.execute(CChromeDriver.java:19)
	at org.openqa.selenium.remote.RemoteWebDriver.findElement(RemoteWebDriver.java:323)
	at org.openqa.selenium.remote.RemoteWebDriver.findElementByXPath(RemoteWebDriver.java:428)
	at org.openqa.selenium.By$ByXPath.findElement(By.java:353)
	at org.openqa.selenium.remote.RemoteWebDriver.findElement(RemoteWebDriver.java:315)
	at jdk.internal.reflect.GeneratedMethodAccessor9.invoke(Unknown Source)
	at java.base/jdk.internal.reflect.DelegatingMethodAccessorImpl.invoke(DelegatingMethodAccessorImpl.java:43)
	at org.openqa.selenium.support.events.EventFiringWebDriver.lambda$new$1(EventFiringWebDriver.java:105)
	at jdk.proxy2/jdk.proxy2.$Proxy22.findElement(Unknown Source)
	at org.openqa.selenium.support.events.EventFiringWebDriver.findElement(EventFiringWebDriver.java:194)
	at TC_10_Kiểm tra khi chọn ví đúng và chọn loại giao dịch là hoàn phí.run(TC_10_Kiểm tra khi chọn ví đúng và chọn loại giao dịch là hoàn phí:51)
	at com.kms.katalon.core.main.ScriptEngine.run(ScriptEngine.java:194)
	at com.kms.katalon.core.main.ScriptEngine.runScriptAsRawText(ScriptEngine.java:119)
	at com.kms.katalon.core.main.TestCaseExecutor.runScript(TestCaseExecutor.java:448)
	at com.kms.katalon.core.main.TestCaseExecutor.doExecute(TestCaseExecutor.java:439)
	at com.kms.katalon.core.main.TestCaseExecutor.processExecutionPhase(TestCaseExecutor.java:418)
	at com.kms.katalon.core.main.TestCaseExecutor.accessMainPhase(TestCaseExecutor.java:410)
	at com.kms.katalon.core.main.TestCaseExecutor.execute(TestCaseExecutor.java:285)
	at com.kms.katalon.core.common.CommonExecutor.accessTestCaseMainPhase(CommonExecutor.java:65)
	at com.kms.katalon.core.main.TestSuiteExecutor.accessTestSuiteMainPhase(TestSuiteExecutor.java:150)
	at com.kms.katalon.core.main.TestSuiteExecutor.execute(TestSuiteExecutor.java:106)
	at com.kms.katalon.core.main.TestCaseMain.startTestSuite(TestCaseMain.java:180)
	at TempTestSuite1728747306042.run(TempTestSuite1728747306042.groovy:35)
	at java.base/jdk.internal.reflect.NativeMethodAccessorImpl.invoke0(Native Method)
	at java.base/jdk.internal.reflect.NativeMethodAccessorImpl.invoke(NativeMethodAccessorImpl.java:77)
	at java.base/jdk.internal.reflect.DelegatingMethodAccessorImpl.invoke(DelegatingMethodAccessorImpl.java:43)


12-10-2024T22:42:47 - [TEST_STEP][PASSED] - Start listener action : sampleAfterTestCase: null

12-10-2024T22:42:47 - [TEST_STEP][PASSED] - testCaseId = testCaseContext.getTestCaseId(): null

12-10-2024T22:42:47 - [TEST_STEP][PASSED] - if (testCaseId == "Test Cases/Quản lý tài khoản merchant/Quản lý dịch vụ merchant/TC_13_Kiểm tra chức năng xác nhận cấu hình thay đổi VA"): null]]></system-out>
         <system-err><![CDATA[12-10-2024T22:42:23 - [TEST_CASE][ERROR] - Test Cases/Quản lý tài khoản merchant/Quản lý danh sách tài khoản/Nạp tiền/TC_10_Kiểm tra khi chọn ví đúng và chọn loại giao dịch là hoàn phí: Test Cases/Quản lý tài khoản merchant/Quản lý danh sách tài khoản/Nạp tiền/TC_10_Kiểm tra khi chọn ví đúng và chọn loại giao dịch là hoàn phí FAILED.
Reason:
org.openqa.selenium.NoSuchElementException: no such element: Unable to locate element: {"method":"xpath","selector":"//input[@placeholder='Nhập số tiền']"}
  (Session info: chrome=129.0.6668.91)
For documentation on this error, please visit: https://www.seleniumhq.org/exceptions/no_such_element.html
Build info: version: '3.141.59', revision: 'unknown', time: 'unknown'
System info: host: 'Aidan', ip: '2405:4803:fd90:9ef0:35c5:6ea1:b1e8:64e8%en0', os.name: 'Mac OS X', os.arch: 'aarch64', os.version: '15.0.1', java.version: '17.0.7'
Driver info: com.kms.katalon.selenium.driver.CChromeDriver
Capabilities {acceptInsecureCerts: false, browserName: chrome, browserVersion: 129.0.6668.91, chrome: {chromedriverVersion: 128.0.6613.84 (606aa55c7d68..., userDataDir: /var/folders/t5/b7k67ybj7gz...}, fedcm:accounts: true, goog:chromeOptions: {debuggerAddress: localhost:54695}, javascriptEnabled: true, networkConnectionEnabled: false, pageLoadStrategy: normal, platform: MAC, platformName: MAC, proxy: Proxy(), setWindowRect: true, strictFileInteractability: false, timeouts: {implicit: 0, pageLoad: 300000, script: 30000}, unhandledPromptBehavior: dismiss and notify, webauthn:extension:credBlob: true, webauthn:extension:largeBlob: true, webauthn:extension:minPinLength: true, webauthn:extension:prf: true, webauthn:virtualAuthenticators: true}
Session ID: 89adb38cebfe910ff3e6e6878b913356
*** Element info: {Using=xpath, value=//input[@placeholder='Nhập số tiền']}
	at jdk.internal.reflect.GeneratedConstructorAccessor21.newInstance(Unknown Source)
	at java.base/jdk.internal.reflect.DelegatingConstructorAccessorImpl.newInstance(DelegatingConstructorAccessorImpl.java:45)
	at org.openqa.selenium.remote.http.W3CHttpResponseCodec.createException(W3CHttpResponseCodec.java:187)
	at org.openqa.selenium.remote.http.W3CHttpResponseCodec.decode(W3CHttpResponseCodec.java:122)
	at org.openqa.selenium.remote.http.W3CHttpResponseCodec.decode(W3CHttpResponseCodec.java:49)
	at org.openqa.selenium.remote.HttpCommandExecutor.execute(HttpCommandExecutor.java:158)
	at org.openqa.selenium.remote.service.DriverCommandExecutor.execute(DriverCommandExecutor.java:83)
	at org.openqa.selenium.remote.RemoteWebDriver.execute(RemoteWebDriver.java:552)
	at com.kms.katalon.selenium.driver.CChromeDriver.execute(CChromeDriver.java:19)
	at org.openqa.selenium.remote.RemoteWebDriver.findElement(RemoteWebDriver.java:323)
	at org.openqa.selenium.remote.RemoteWebDriver.findElementByXPath(RemoteWebDriver.java:428)
	at org.openqa.selenium.By$ByXPath.findElement(By.java:353)
	at org.openqa.selenium.remote.RemoteWebDriver.findElement(RemoteWebDriver.java:315)
	at jdk.internal.reflect.GeneratedMethodAccessor9.invoke(Unknown Source)
	at java.base/jdk.internal.reflect.DelegatingMethodAccessorImpl.invoke(DelegatingMethodAccessorImpl.java:43)
	at org.openqa.selenium.support.events.EventFiringWebDriver.lambda$new$1(EventFiringWebDriver.java:105)
	at jdk.proxy2/jdk.proxy2.$Proxy22.findElement(Unknown Source)
	at org.openqa.selenium.support.events.EventFiringWebDriver.findElement(EventFiringWebDriver.java:194)
	at TC_10_Kiểm tra khi chọn ví đúng và chọn loại giao dịch là hoàn phí.run(TC_10_Kiểm tra khi chọn ví đúng và chọn loại giao dịch là hoàn phí:51)
	at com.kms.katalon.core.main.ScriptEngine.run(ScriptEngine.java:194)
	at com.kms.katalon.core.main.ScriptEngine.runScriptAsRawText(ScriptEngine.java:119)
	at com.kms.katalon.core.main.TestCaseExecutor.runScript(TestCaseExecutor.java:448)
	at com.kms.katalon.core.main.TestCaseExecutor.doExecute(TestCaseExecutor.java:439)
	at com.kms.katalon.core.main.TestCaseExecutor.processExecutionPhase(TestCaseExecutor.java:418)
	at com.kms.katalon.core.main.TestCaseExecutor.accessMainPhase(TestCaseExecutor.java:410)
	at com.kms.katalon.core.main.TestCaseExecutor.execute(TestCaseExecutor.java:285)
	at com.kms.katalon.core.common.CommonExecutor.accessTestCaseMainPhase(CommonExecutor.java:65)
	at com.kms.katalon.core.main.TestSuiteExecutor.accessTestSuiteMainPhase(TestSuiteExecutor.java:150)
	at com.kms.katalon.core.main.TestSuiteExecutor.execute(TestSuiteExecutor.java:106)
	at com.kms.katalon.core.main.TestCaseMain.startTestSuite(TestCaseMain.java:180)
	at TempTestSuite1728747306042.run(TempTestSuite1728747306042.groovy:35)
	at java.base/jdk.internal.reflect.NativeMethodAccessorImpl.invoke0(Native Method)
	at java.base/jdk.internal.reflect.NativeMethodAccessorImpl.invoke(NativeMethodAccessorImpl.java:77)
	at java.base/jdk.internal.reflect.DelegatingMethodAccessorImpl.invoke(DelegatingMethodAccessorImpl.java:43)]]></system-err>
      </testcase>
      <testcase name="Test Cases/Quản lý tài khoản merchant/Quản lý danh sách tài khoản/Nạp tiền/TC_11_Kiểm tra khi hoàn tiền sau khi đã duyệt" time="33.159" classname="Test Cases/Quản lý tài khoản merchant/Quản lý danh sách tài khoản/Nạp tiền/TC_11_Kiểm tra khi hoàn tiền sau khi đã duyệt" status="ERROR">
         <error type="ERROR" message="Test Cases/Quản lý tài khoản merchant/Quản lý danh sách tài khoản/Nạp tiền/TC_11_Kiểm tra khi hoàn tiền sau khi đã duyệt FAILED.&#xa;Reason:&#xa;org.openqa.selenium.NoSuchElementException: no such element: Unable to locate element: {&quot;method&quot;:&quot;xpath&quot;,&quot;selector&quot;:&quot;//button[contains(text(),'Đồng ý')]&quot;}&#xa;  (Session info: chrome=129.0.6668.91)&#xa;For documentation on this error, please visit: https://www.seleniumhq.org/exceptions/no_such_element.html&#xa;Build info: version: '3.141.59', revision: 'unknown', time: 'unknown'&#xa;System info: host: 'Aidan', ip: '2405:4803:fd90:9ef0:35c5:6ea1:b1e8:64e8%en0', os.name: 'Mac OS X', os.arch: 'aarch64', os.version: '15.0.1', java.version: '17.0.7'&#xa;Driver info: com.kms.katalon.selenium.driver.CChromeDriver&#xa;Capabilities {acceptInsecureCerts: false, browserName: chrome, browserVersion: 129.0.6668.91, chrome: {chromedriverVersion: 128.0.6613.84 (606aa55c7d68..., userDataDir: /var/folders/t5/b7k67ybj7gz...}, fedcm:accounts: true, goog:chromeOptions: {debuggerAddress: localhost:54721}, javascriptEnabled: true, networkConnectionEnabled: false, pageLoadStrategy: normal, platform: MAC, platformName: MAC, proxy: Proxy(), setWindowRect: true, strictFileInteractability: false, timeouts: {implicit: 0, pageLoad: 300000, script: 30000}, unhandledPromptBehavior: dismiss and notify, webauthn:extension:credBlob: true, webauthn:extension:largeBlob: true, webauthn:extension:minPinLength: true, webauthn:extension:prf: true, webauthn:virtualAuthenticators: true}&#xa;Session ID: d58902c67903fa1fc5b92448f64eaa83&#xa;*** Element info: {Using=xpath, value=//button[contains(text(),'Đồng ý')]}&#xa;	at jdk.internal.reflect.GeneratedConstructorAccessor21.newInstance(Unknown Source)&#xa;	at java.base/jdk.internal.reflect.DelegatingConstructorAccessorImpl.newInstance(DelegatingConstructorAccessorImpl.java:45)&#xa;	at org.openqa.selenium.remote.http.W3CHttpResponseCodec.createException(W3CHttpResponseCodec.java:187)&#xa;	at org.openqa.selenium.remote.http.W3CHttpResponseCodec.decode(W3CHttpResponseCodec.java:122)&#xa;	at org.openqa.selenium.remote.http.W3CHttpResponseCodec.decode(W3CHttpResponseCodec.java:49)&#xa;	at org.openqa.selenium.remote.HttpCommandExecutor.execute(HttpCommandExecutor.java:158)&#xa;	at org.openqa.selenium.remote.service.DriverCommandExecutor.execute(DriverCommandExecutor.java:83)&#xa;	at org.openqa.selenium.remote.RemoteWebDriver.execute(RemoteWebDriver.java:552)&#xa;	at com.kms.katalon.selenium.driver.CChromeDriver.execute(CChromeDriver.java:19)&#xa;	at org.openqa.selenium.remote.RemoteWebDriver.findElement(RemoteWebDriver.java:323)&#xa;	at org.openqa.selenium.remote.RemoteWebDriver.findElementByXPath(RemoteWebDriver.java:428)&#xa;	at org.openqa.selenium.By$ByXPath.findElement(By.java:353)&#xa;	at org.openqa.selenium.remote.RemoteWebDriver.findElement(RemoteWebDriver.java:315)&#xa;	at jdk.internal.reflect.GeneratedMethodAccessor9.invoke(Unknown Source)&#xa;	at java.base/jdk.internal.reflect.DelegatingMethodAccessorImpl.invoke(DelegatingMethodAccessorImpl.java:43)&#xa;	at org.openqa.selenium.support.events.EventFiringWebDriver.lambda$new$1(EventFiringWebDriver.java:105)&#xa;	at jdk.proxy2/jdk.proxy2.$Proxy22.findElement(Unknown Source)&#xa;	at org.openqa.selenium.support.events.EventFiringWebDriver.findElement(EventFiringWebDriver.java:194)&#xa;	at TC_11_Kiểm tra khi hoàn tiền sau khi đã duyệt.run(TC_11_Kiểm tra khi hoàn tiền sau khi đã duyệt:52)&#xa;	at com.kms.katalon.core.main.ScriptEngine.run(ScriptEngine.java:194)&#xa;	at com.kms.katalon.core.main.ScriptEngine.runScriptAsRawText(ScriptEngine.java:119)&#xa;	at com.kms.katalon.core.main.TestCaseExecutor.runScript(TestCaseExecutor.java:448)&#xa;	at com.kms.katalon.core.main.TestCaseExecutor.doExecute(TestCaseExecutor.java:439)&#xa;	at com.kms.katalon.core.main.TestCaseExecutor.processExecutionPhase(TestCaseExecutor.java:418)&#xa;	at com.kms.katalon.core.main.TestCaseExecutor.accessMainPhase(TestCaseExecutor.java:410)&#xa;	at com.kms.katalon.core.main.TestCaseExecutor.execute(TestCaseExecutor.java:285)&#xa;	at com.kms.katalon.core.common.CommonExecutor.accessTestCaseMainPhase(CommonExecutor.java:65)&#xa;	at com.kms.katalon.core.main.TestSuiteExecutor.accessTestSuiteMainPhase(TestSuiteExecutor.java:150)&#xa;	at com.kms.katalon.core.main.TestSuiteExecutor.execute(TestSuiteExecutor.java:106)&#xa;	at com.kms.katalon.core.main.TestCaseMain.startTestSuite(TestCaseMain.java:180)&#xa;	at TempTestSuite1728747306042.run(TempTestSuite1728747306042.groovy:35)&#xa;	at java.base/jdk.internal.reflect.NativeMethodAccessorImpl.invoke0(Native Method)&#xa;	at java.base/jdk.internal.reflect.NativeMethodAccessorImpl.invoke(NativeMethodAccessorImpl.java:77)&#xa;	at java.base/jdk.internal.reflect.DelegatingMethodAccessorImpl.invoke(DelegatingMethodAccessorImpl.java:43)&#xa;"/>
         <system-out><![CDATA[12-10-2024T22:42:47 - [TEST_CASE][ERROR] - Test Cases/Quản lý tài khoản merchant/Quản lý danh sách tài khoản/Nạp tiền/TC_11_Kiểm tra khi hoàn tiền sau khi đã duyệt: Test Cases/Quản lý tài khoản merchant/Quản lý danh sách tài khoản/Nạp tiền/TC_11_Kiểm tra khi hoàn tiền sau khi đã duyệt FAILED.
Reason:
org.openqa.selenium.NoSuchElementException: no such element: Unable to locate element: {"method":"xpath","selector":"//button[contains(text(),'Đồng ý')]"}
  (Session info: chrome=129.0.6668.91)
For documentation on this error, please visit: https://www.seleniumhq.org/exceptions/no_such_element.html
Build info: version: '3.141.59', revision: 'unknown', time: 'unknown'
System info: host: 'Aidan', ip: '2405:4803:fd90:9ef0:35c5:6ea1:b1e8:64e8%en0', os.name: 'Mac OS X', os.arch: 'aarch64', os.version: '15.0.1', java.version: '17.0.7'
Driver info: com.kms.katalon.selenium.driver.CChromeDriver
Capabilities {acceptInsecureCerts: false, browserName: chrome, browserVersion: 129.0.6668.91, chrome: {chromedriverVersion: 128.0.6613.84 (606aa55c7d68..., userDataDir: /var/folders/t5/b7k67ybj7gz...}, fedcm:accounts: true, goog:chromeOptions: {debuggerAddress: localhost:54721}, javascriptEnabled: true, networkConnectionEnabled: false, pageLoadStrategy: normal, platform: MAC, platformName: MAC, proxy: Proxy(), setWindowRect: true, strictFileInteractability: false, timeouts: {implicit: 0, pageLoad: 300000, script: 30000}, unhandledPromptBehavior: dismiss and notify, webauthn:extension:credBlob: true, webauthn:extension:largeBlob: true, webauthn:extension:minPinLength: true, webauthn:extension:prf: true, webauthn:virtualAuthenticators: true}
Session ID: d58902c67903fa1fc5b92448f64eaa83
*** Element info: {Using=xpath, value=//button[contains(text(),'Đồng ý')]}
	at jdk.internal.reflect.GeneratedConstructorAccessor21.newInstance(Unknown Source)
	at java.base/jdk.internal.reflect.DelegatingConstructorAccessorImpl.newInstance(DelegatingConstructorAccessorImpl.java:45)
	at org.openqa.selenium.remote.http.W3CHttpResponseCodec.createException(W3CHttpResponseCodec.java:187)
	at org.openqa.selenium.remote.http.W3CHttpResponseCodec.decode(W3CHttpResponseCodec.java:122)
	at org.openqa.selenium.remote.http.W3CHttpResponseCodec.decode(W3CHttpResponseCodec.java:49)
	at org.openqa.selenium.remote.HttpCommandExecutor.execute(HttpCommandExecutor.java:158)
	at org.openqa.selenium.remote.service.DriverCommandExecutor.execute(DriverCommandExecutor.java:83)
	at org.openqa.selenium.remote.RemoteWebDriver.execute(RemoteWebDriver.java:552)
	at com.kms.katalon.selenium.driver.CChromeDriver.execute(CChromeDriver.java:19)
	at org.openqa.selenium.remote.RemoteWebDriver.findElement(RemoteWebDriver.java:323)
	at org.openqa.selenium.remote.RemoteWebDriver.findElementByXPath(RemoteWebDriver.java:428)
	at org.openqa.selenium.By$ByXPath.findElement(By.java:353)
	at org.openqa.selenium.remote.RemoteWebDriver.findElement(RemoteWebDriver.java:315)
	at jdk.internal.reflect.GeneratedMethodAccessor9.invoke(Unknown Source)
	at java.base/jdk.internal.reflect.DelegatingMethodAccessorImpl.invoke(DelegatingMethodAccessorImpl.java:43)
	at org.openqa.selenium.support.events.EventFiringWebDriver.lambda$new$1(EventFiringWebDriver.java:105)
	at jdk.proxy2/jdk.proxy2.$Proxy22.findElement(Unknown Source)
	at org.openqa.selenium.support.events.EventFiringWebDriver.findElement(EventFiringWebDriver.java:194)
	at TC_11_Kiểm tra khi hoàn tiền sau khi đã duyệt.run(TC_11_Kiểm tra khi hoàn tiền sau khi đã duyệt:52)
	at com.kms.katalon.core.main.ScriptEngine.run(ScriptEngine.java:194)
	at com.kms.katalon.core.main.ScriptEngine.runScriptAsRawText(ScriptEngine.java:119)
	at com.kms.katalon.core.main.TestCaseExecutor.runScript(TestCaseExecutor.java:448)
	at com.kms.katalon.core.main.TestCaseExecutor.doExecute(TestCaseExecutor.java:439)
	at com.kms.katalon.core.main.TestCaseExecutor.processExecutionPhase(TestCaseExecutor.java:418)
	at com.kms.katalon.core.main.TestCaseExecutor.accessMainPhase(TestCaseExecutor.java:410)
	at com.kms.katalon.core.main.TestCaseExecutor.execute(TestCaseExecutor.java:285)
	at com.kms.katalon.core.common.CommonExecutor.accessTestCaseMainPhase(CommonExecutor.java:65)
	at com.kms.katalon.core.main.TestSuiteExecutor.accessTestSuiteMainPhase(TestSuiteExecutor.java:150)
	at com.kms.katalon.core.main.TestSuiteExecutor.execute(TestSuiteExecutor.java:106)
	at com.kms.katalon.core.main.TestCaseMain.startTestSuite(TestCaseMain.java:180)
	at TempTestSuite1728747306042.run(TempTestSuite1728747306042.groovy:35)
	at java.base/jdk.internal.reflect.NativeMethodAccessorImpl.invoke0(Native Method)
	at java.base/jdk.internal.reflect.NativeMethodAccessorImpl.invoke(NativeMethodAccessorImpl.java:77)
	at java.base/jdk.internal.reflect.DelegatingMethodAccessorImpl.invoke(DelegatingMethodAccessorImpl.java:43)


12-10-2024T22:42:47 - [TEST_STEP][PASSED] - Start listener action : sampleBeforeTestCase: Navigate to 'https://stg-cms-console.9pay.mobi/login' successfully

12-10-2024T22:42:47 - [TEST_STEP][PASSED] - testCaseId = testCaseContext.getTestCaseId(): null

12-10-2024T22:42:47 - [TEST_STEP][PASSED] - url = <not implemented yet for class: org.codehaus.groovy.ast.expr.EmptyExpression>: null

12-10-2024T22:42:47 - [TEST_STEP][PASSED] - if (testCaseId == "Test Cases/Quản lý tài khoản merchant/Quản lý dịch vụ merchant/TC_14_Kiểm tra thay đổi sau khi cấu hình VA trên MCV"): null

12-10-2024T22:42:47 - [TEST_STEP][PASSED] - else: null

12-10-2024T22:42:47 - [TEST_STEP][PASSED] - url = "https://stg-cms-console.9pay.mobi/login": null

12-10-2024T22:42:47 - [TEST_STEP][PASSED] - openBrowser(""): Browser is opened with url: ''

12-10-2024T22:42:47 - [MESSAGE][WARNING] - A browser is already opened. Closing browser and opening a new one

12-10-2024T22:42:47 - [MESSAGE][INFO] - Starting 'Chrome' driver

12-10-2024T22:42:47 - [MESSAGE][INFO] - Action delay is set to 0 milliseconds

12-10-2024T22:42:48 - [MESSAGE][PASSED] - Browser is opened with url: ''

12-10-2024T22:42:48 - [TEST_STEP][PASSED] - maximizeWindow(): Current window maximized

12-10-2024T22:42:48 - [MESSAGE][PASSED] - Current window maximized

12-10-2024T22:42:48 - [TEST_STEP][PASSED] - navigateToUrl(url): Navigate to 'https://stg-cms-console.9pay.mobi/login' successfully

12-10-2024T22:42:50 - [MESSAGE][PASSED] - Navigate to 'https://stg-cms-console.9pay.mobi/login' successfully

12-10-2024T22:42:50 - [TEST_STEP][PASSED] - driver = getWebDriver(): null

12-10-2024T22:42:50 - [TEST_STEP][PASSED] - callTestCase(findTestCase("Test Cases/Login/LoginCommon"), [:], STOP_ON_FAILURE): Call Test Case 'Test Cases/Login/LoginCommon' successfully

12-10-2024T22:42:50 - [TEST_CASE][PASSED] - Test Cases/Login/LoginCommon: Test Cases/Login/LoginCommon

12-10-2024T22:42:50 - [TEST_STEP][PASSED] - driver = getWebDriver(): null

12-10-2024T22:42:50 - [TEST_STEP][PASSED] - sendKeys(findTestObject("Quản lý tài khoản merchant/Quản lý dịch vụ merchant/userNameTextbox"), userAccount): Keys 'dannt@9pay.vn' sent to object: 'Object Repository/Quản lý tài khoản merchant/Quản lý dịch vụ merchant/userNameTextbox'

12-10-2024T22:42:50 - [MESSAGE][PASSED] - Keys 'dannt@9pay.vn' sent to object: 'Object Repository/Quản lý tài khoản merchant/Quản lý dịch vụ merchant/userNameTextbox'

12-10-2024T22:42:50 - [TEST_STEP][PASSED] - sendKeys(findTestObject("Quản lý tài khoản merchant/Quản lý dịch vụ merchant/passwordTextbox"), password): Keys 'dannt@9pay.vn' sent to object: 'Object Repository/Quản lý tài khoản merchant/Quản lý dịch vụ merchant/passwordTextbox'

12-10-2024T22:42:51 - [MESSAGE][PASSED] - Keys 'dannt@9pay.vn' sent to object: 'Object Repository/Quản lý tài khoản merchant/Quản lý dịch vụ merchant/passwordTextbox'

12-10-2024T22:42:51 - [TEST_STEP][PASSED] - click(findTestObject("Quản lý tài khoản merchant/Quản lý dịch vụ merchant/loginButton")): Object: 'Object Repository/Quản lý tài khoản merchant/Quản lý dịch vụ merchant/loginButton' is clicked on

12-10-2024T22:42:51 - [MESSAGE][PASSED] - Object: 'Object Repository/Quản lý tài khoản merchant/Quản lý dịch vụ merchant/loginButton' is clicked on

12-10-2024T22:42:51 - [MESSAGE][PASSED] - Call Test Case 'Test Cases/Login/LoginCommon' successfully

12-10-2024T22:42:51 - [TEST_STEP][PASSED] - waitForElementVisible(findTestObject("Trang chủ/userName"), 10, STOP_ON_FAILURE): Object 'Object Repository/Trang chủ/userName' is visible

12-10-2024T22:42:53 - [MESSAGE][PASSED] - Object 'Object Repository/Trang chủ/userName' is visible

12-10-2024T22:42:53 - [TEST_STEP][PASSED] - callTestCase(findTestCase("Test Cases/Quản lý tài khoản merchant/Quản lý danh sách tài khoản/CustomFunctions Deposit"), [:], STOP_ON_FAILURE): Call Test Case 'Test Cases/Quản lý tài khoản merchant/Quản lý danh sách tài khoản/CustomFunctions Deposit' successfully

12-10-2024T22:42:53 - [TEST_CASE][PASSED] - Test Cases/Quản lý tài khoản merchant/Quản lý danh sách tài khoản/CustomFunctions Deposit: Test Cases/Quản lý tài khoản merchant/Quản lý danh sách tài khoản/CustomFunctions Deposit

12-10-2024T22:42:53 - [TEST_STEP][PASSED] - driver = getWebDriver(): null

12-10-2024T22:42:53 - [TEST_STEP][PASSED] - element1 = driver.findElement(By.xpath("//span[contains(text(),'Quản lý tài khoản merchant')]")): null

12-10-2024T22:42:58 - [TEST_STEP][PASSED] - actions = new org.openqa.selenium.interactions.Actions(driver): null

12-10-2024T22:42:58 - [TEST_STEP][PASSED] - click().perform(): null

12-10-2024T22:42:59 - [TEST_STEP][PASSED] - wait = new org.openqa.selenium.support.ui.WebDriverWait(com.kms.katalon.core.webui.driver.DriverFactory.getWebDriver(), 15): null

12-10-2024T22:42:59 - [TEST_STEP][PASSED] - xpath(xpathManagerListAccount))).click(): null

12-10-2024T22:42:59 - [MESSAGE][PASSED] - Call Test Case 'Test Cases/Quản lý tài khoản merchant/Quản lý danh sách tài khoản/CustomFunctions Deposit' successfully

12-10-2024T22:42:59 - [TEST_STEP][PASSED] - wait = new org.openqa.selenium.support.ui.WebDriverWait(com.kms.katalon.core.webui.driver.DriverFactory.getWebDriver(), 20): null

12-10-2024T22:42:59 - [TEST_STEP][PASSED] - userCode = wait.until(ExpectedConditions.visibilityOfElementLocated(By.xpath(xpathUserCode))): null

12-10-2024T22:43:10 - [TEST_STEP][PASSED] - println(userCode.getText()): null

12-10-2024T22:43:10 - [TEST_STEP][PASSED] - xpath(xpathBtnAccount))).click(): null

12-10-2024T22:43:10 - [TEST_STEP][PASSED] - searchTextbox = wait.until(ExpectedConditions.elementToBeClickable(By.xpath(xpathSearchTextbox))): null

12-10-2024T22:43:10 - [TEST_STEP][PASSED] - searchTextbox.sendKeys("dannt11"): null

12-10-2024T22:43:10 - [TEST_STEP][PASSED] - xpath(xpathOption)).click(): null

12-10-2024T22:43:11 - [TEST_STEP][PASSED] - xpath(xpathBtnSearch)).click(): null

12-10-2024T22:43:11 - [TEST_STEP][PASSED] - wait.until(ExpectedConditions.visibilityOfElementLocated(By.xpath(xpathAccountName))): null

12-10-2024T22:43:12 - [TEST_STEP][PASSED] - startElement = driver.findElement(By.xpath("//strong[contains(text(),'Thu hộ:')]")): null

12-10-2024T22:43:12 - [TEST_STEP][PASSED] - js = driver: null

12-10-2024T22:43:12 - [TEST_STEP][PASSED] - script = "return arguments[0].nextSibling.textContent;": null

12-10-2024T22:43:12 - [TEST_STEP][PASSED] - nextTextNodeContent = js.executeScript(script, startElement): null

12-10-2024T22:43:12 - [TEST_STEP][PASSED] - out.println("Thu ho " + nextTextNodeContent): null

12-10-2024T22:43:12 - [TEST_STEP][PASSED] - numericString = nextTextNodeContent.replaceAll("[^0-9]", ""): null

12-10-2024T22:43:12 - [TEST_STEP][PASSED] - thuHo = Integer.parseInt(numericString): null

12-10-2024T22:43:12 - [TEST_STEP][PASSED] - out.println("Thu ho " + thuHo): null

12-10-2024T22:43:12 - [TEST_STEP][PASSED] - xpath(xpathBtnDeposit)).click(): null

12-10-2024T22:43:13 - [TEST_STEP][PASSED] - wait.until(ExpectedConditions.visibilityOfElementLocated(By.xpath(xpathTextAccount))): null

12-10-2024T22:43:18 - [TEST_STEP][PASSED] - xpath(xpathChonVi)).click(): null

12-10-2024T22:43:18 - [TEST_STEP][PASSED] - xpath(xpathThuHo3)).click(): null

12-10-2024T22:43:18 - [TEST_STEP][PASSED] - xpath(xpathDay)).click(): null

12-10-2024T22:43:19 - [TEST_STEP][PASSED] - xpath(xpathHomNay)).click(): null

12-10-2024T22:43:19 - [TEST_STEP][PASSED] - xpath(xpathBtnContinue)).click(): null

12-10-2024T22:43:19 - [TEST_STEP][ERROR] - xpath(BtnOkXpath)).click(): Test Cases/Quản lý tài khoản merchant/Quản lý danh sách tài khoản/Nạp tiền/TC_11_Kiểm tra khi hoàn tiền sau khi đã duyệt FAILED.
Reason:
org.openqa.selenium.NoSuchElementException: no such element: Unable to locate element: {"method":"xpath","selector":"//button[contains(text(),'Đồng ý')]"}
  (Session info: chrome=129.0.6668.91)
For documentation on this error, please visit: https://www.seleniumhq.org/exceptions/no_such_element.html
Build info: version: '3.141.59', revision: 'unknown', time: 'unknown'
System info: host: 'Aidan', ip: '2405:4803:fd90:9ef0:35c5:6ea1:b1e8:64e8%en0', os.name: 'Mac OS X', os.arch: 'aarch64', os.version: '15.0.1', java.version: '17.0.7'
Driver info: com.kms.katalon.selenium.driver.CChromeDriver
Capabilities {acceptInsecureCerts: false, browserName: chrome, browserVersion: 129.0.6668.91, chrome: {chromedriverVersion: 128.0.6613.84 (606aa55c7d68..., userDataDir: /var/folders/t5/b7k67ybj7gz...}, fedcm:accounts: true, goog:chromeOptions: {debuggerAddress: localhost:54721}, javascriptEnabled: true, networkConnectionEnabled: false, pageLoadStrategy: normal, platform: MAC, platformName: MAC, proxy: Proxy(), setWindowRect: true, strictFileInteractability: false, timeouts: {implicit: 0, pageLoad: 300000, script: 30000}, unhandledPromptBehavior: dismiss and notify, webauthn:extension:credBlob: true, webauthn:extension:largeBlob: true, webauthn:extension:minPinLength: true, webauthn:extension:prf: true, webauthn:virtualAuthenticators: true}
Session ID: d58902c67903fa1fc5b92448f64eaa83
*** Element info: {Using=xpath, value=//button[contains(text(),'Đồng ý')]}
	at jdk.internal.reflect.GeneratedConstructorAccessor21.newInstance(Unknown Source)
	at java.base/jdk.internal.reflect.DelegatingConstructorAccessorImpl.newInstance(DelegatingConstructorAccessorImpl.java:45)
	at org.openqa.selenium.remote.http.W3CHttpResponseCodec.createException(W3CHttpResponseCodec.java:187)
	at org.openqa.selenium.remote.http.W3CHttpResponseCodec.decode(W3CHttpResponseCodec.java:122)
	at org.openqa.selenium.remote.http.W3CHttpResponseCodec.decode(W3CHttpResponseCodec.java:49)
	at org.openqa.selenium.remote.HttpCommandExecutor.execute(HttpCommandExecutor.java:158)
	at org.openqa.selenium.remote.service.DriverCommandExecutor.execute(DriverCommandExecutor.java:83)
	at org.openqa.selenium.remote.RemoteWebDriver.execute(RemoteWebDriver.java:552)
	at com.kms.katalon.selenium.driver.CChromeDriver.execute(CChromeDriver.java:19)
	at org.openqa.selenium.remote.RemoteWebDriver.findElement(RemoteWebDriver.java:323)
	at org.openqa.selenium.remote.RemoteWebDriver.findElementByXPath(RemoteWebDriver.java:428)
	at org.openqa.selenium.By$ByXPath.findElement(By.java:353)
	at org.openqa.selenium.remote.RemoteWebDriver.findElement(RemoteWebDriver.java:315)
	at jdk.internal.reflect.GeneratedMethodAccessor9.invoke(Unknown Source)
	at java.base/jdk.internal.reflect.DelegatingMethodAccessorImpl.invoke(DelegatingMethodAccessorImpl.java:43)
	at org.openqa.selenium.support.events.EventFiringWebDriver.lambda$new$1(EventFiringWebDriver.java:105)
	at jdk.proxy2/jdk.proxy2.$Proxy22.findElement(Unknown Source)
	at org.openqa.selenium.support.events.EventFiringWebDriver.findElement(EventFiringWebDriver.java:194)
	at TC_11_Kiểm tra khi hoàn tiền sau khi đã duyệt.run(TC_11_Kiểm tra khi hoàn tiền sau khi đã duyệt:52)
	at com.kms.katalon.core.main.ScriptEngine.run(ScriptEngine.java:194)
	at com.kms.katalon.core.main.ScriptEngine.runScriptAsRawText(ScriptEngine.java:119)
	at com.kms.katalon.core.main.TestCaseExecutor.runScript(TestCaseExecutor.java:448)
	at com.kms.katalon.core.main.TestCaseExecutor.doExecute(TestCaseExecutor.java:439)
	at com.kms.katalon.core.main.TestCaseExecutor.processExecutionPhase(TestCaseExecutor.java:418)
	at com.kms.katalon.core.main.TestCaseExecutor.accessMainPhase(TestCaseExecutor.java:410)
	at com.kms.katalon.core.main.TestCaseExecutor.execute(TestCaseExecutor.java:285)
	at com.kms.katalon.core.common.CommonExecutor.accessTestCaseMainPhase(CommonExecutor.java:65)
	at com.kms.katalon.core.main.TestSuiteExecutor.accessTestSuiteMainPhase(TestSuiteExecutor.java:150)
	at com.kms.katalon.core.main.TestSuiteExecutor.execute(TestSuiteExecutor.java:106)
	at com.kms.katalon.core.main.TestCaseMain.startTestSuite(TestCaseMain.java:180)
	at TempTestSuite1728747306042.run(TempTestSuite1728747306042.groovy:35)
	at java.base/jdk.internal.reflect.NativeMethodAccessorImpl.invoke0(Native Method)
	at java.base/jdk.internal.reflect.NativeMethodAccessorImpl.invoke(NativeMethodAccessorImpl.java:77)
	at java.base/jdk.internal.reflect.DelegatingMethodAccessorImpl.invoke(DelegatingMethodAccessorImpl.java:43)


12-10-2024T22:43:20 - [MESSAGE][ERROR] - Test Cases/Quản lý tài khoản merchant/Quản lý danh sách tài khoản/Nạp tiền/TC_11_Kiểm tra khi hoàn tiền sau khi đã duyệt FAILED.
Reason:
org.openqa.selenium.NoSuchElementException: no such element: Unable to locate element: {"method":"xpath","selector":"//button[contains(text(),'Đồng ý')]"}
  (Session info: chrome=129.0.6668.91)
For documentation on this error, please visit: https://www.seleniumhq.org/exceptions/no_such_element.html
Build info: version: '3.141.59', revision: 'unknown', time: 'unknown'
System info: host: 'Aidan', ip: '2405:4803:fd90:9ef0:35c5:6ea1:b1e8:64e8%en0', os.name: 'Mac OS X', os.arch: 'aarch64', os.version: '15.0.1', java.version: '17.0.7'
Driver info: com.kms.katalon.selenium.driver.CChromeDriver
Capabilities {acceptInsecureCerts: false, browserName: chrome, browserVersion: 129.0.6668.91, chrome: {chromedriverVersion: 128.0.6613.84 (606aa55c7d68..., userDataDir: /var/folders/t5/b7k67ybj7gz...}, fedcm:accounts: true, goog:chromeOptions: {debuggerAddress: localhost:54721}, javascriptEnabled: true, networkConnectionEnabled: false, pageLoadStrategy: normal, platform: MAC, platformName: MAC, proxy: Proxy(), setWindowRect: true, strictFileInteractability: false, timeouts: {implicit: 0, pageLoad: 300000, script: 30000}, unhandledPromptBehavior: dismiss and notify, webauthn:extension:credBlob: true, webauthn:extension:largeBlob: true, webauthn:extension:minPinLength: true, webauthn:extension:prf: true, webauthn:virtualAuthenticators: true}
Session ID: d58902c67903fa1fc5b92448f64eaa83
*** Element info: {Using=xpath, value=//button[contains(text(),'Đồng ý')]}
	at jdk.internal.reflect.GeneratedConstructorAccessor21.newInstance(Unknown Source)
	at java.base/jdk.internal.reflect.DelegatingConstructorAccessorImpl.newInstance(DelegatingConstructorAccessorImpl.java:45)
	at org.openqa.selenium.remote.http.W3CHttpResponseCodec.createException(W3CHttpResponseCodec.java:187)
	at org.openqa.selenium.remote.http.W3CHttpResponseCodec.decode(W3CHttpResponseCodec.java:122)
	at org.openqa.selenium.remote.http.W3CHttpResponseCodec.decode(W3CHttpResponseCodec.java:49)
	at org.openqa.selenium.remote.HttpCommandExecutor.execute(HttpCommandExecutor.java:158)
	at org.openqa.selenium.remote.service.DriverCommandExecutor.execute(DriverCommandExecutor.java:83)
	at org.openqa.selenium.remote.RemoteWebDriver.execute(RemoteWebDriver.java:552)
	at com.kms.katalon.selenium.driver.CChromeDriver.execute(CChromeDriver.java:19)
	at org.openqa.selenium.remote.RemoteWebDriver.findElement(RemoteWebDriver.java:323)
	at org.openqa.selenium.remote.RemoteWebDriver.findElementByXPath(RemoteWebDriver.java:428)
	at org.openqa.selenium.By$ByXPath.findElement(By.java:353)
	at org.openqa.selenium.remote.RemoteWebDriver.findElement(RemoteWebDriver.java:315)
	at jdk.internal.reflect.GeneratedMethodAccessor9.invoke(Unknown Source)
	at java.base/jdk.internal.reflect.DelegatingMethodAccessorImpl.invoke(DelegatingMethodAccessorImpl.java:43)
	at org.openqa.selenium.support.events.EventFiringWebDriver.lambda$new$1(EventFiringWebDriver.java:105)
	at jdk.proxy2/jdk.proxy2.$Proxy22.findElement(Unknown Source)
	at org.openqa.selenium.support.events.EventFiringWebDriver.findElement(EventFiringWebDriver.java:194)
	at TC_11_Kiểm tra khi hoàn tiền sau khi đã duyệt.run(TC_11_Kiểm tra khi hoàn tiền sau khi đã duyệt:52)
	at com.kms.katalon.core.main.ScriptEngine.run(ScriptEngine.java:194)
	at com.kms.katalon.core.main.ScriptEngine.runScriptAsRawText(ScriptEngine.java:119)
	at com.kms.katalon.core.main.TestCaseExecutor.runScript(TestCaseExecutor.java:448)
	at com.kms.katalon.core.main.TestCaseExecutor.doExecute(TestCaseExecutor.java:439)
	at com.kms.katalon.core.main.TestCaseExecutor.processExecutionPhase(TestCaseExecutor.java:418)
	at com.kms.katalon.core.main.TestCaseExecutor.accessMainPhase(TestCaseExecutor.java:410)
	at com.kms.katalon.core.main.TestCaseExecutor.execute(TestCaseExecutor.java:285)
	at com.kms.katalon.core.common.CommonExecutor.accessTestCaseMainPhase(CommonExecutor.java:65)
	at com.kms.katalon.core.main.TestSuiteExecutor.accessTestSuiteMainPhase(TestSuiteExecutor.java:150)
	at com.kms.katalon.core.main.TestSuiteExecutor.execute(TestSuiteExecutor.java:106)
	at com.kms.katalon.core.main.TestCaseMain.startTestSuite(TestCaseMain.java:180)
	at TempTestSuite1728747306042.run(TempTestSuite1728747306042.groovy:35)
	at java.base/jdk.internal.reflect.NativeMethodAccessorImpl.invoke0(Native Method)
	at java.base/jdk.internal.reflect.NativeMethodAccessorImpl.invoke(NativeMethodAccessorImpl.java:77)
	at java.base/jdk.internal.reflect.DelegatingMethodAccessorImpl.invoke(DelegatingMethodAccessorImpl.java:43)


12-10-2024T22:43:20 - [TEST_STEP][PASSED] - Start listener action : sampleAfterTestCase: null

12-10-2024T22:43:20 - [TEST_STEP][PASSED] - testCaseId = testCaseContext.getTestCaseId(): null

12-10-2024T22:43:20 - [TEST_STEP][PASSED] - if (testCaseId == "Test Cases/Quản lý tài khoản merchant/Quản lý dịch vụ merchant/TC_13_Kiểm tra chức năng xác nhận cấu hình thay đổi VA"): null]]></system-out>
         <system-err><![CDATA[12-10-2024T22:42:47 - [TEST_CASE][ERROR] - Test Cases/Quản lý tài khoản merchant/Quản lý danh sách tài khoản/Nạp tiền/TC_11_Kiểm tra khi hoàn tiền sau khi đã duyệt: Test Cases/Quản lý tài khoản merchant/Quản lý danh sách tài khoản/Nạp tiền/TC_11_Kiểm tra khi hoàn tiền sau khi đã duyệt FAILED.
Reason:
org.openqa.selenium.NoSuchElementException: no such element: Unable to locate element: {"method":"xpath","selector":"//button[contains(text(),'Đồng ý')]"}
  (Session info: chrome=129.0.6668.91)
For documentation on this error, please visit: https://www.seleniumhq.org/exceptions/no_such_element.html
Build info: version: '3.141.59', revision: 'unknown', time: 'unknown'
System info: host: 'Aidan', ip: '2405:4803:fd90:9ef0:35c5:6ea1:b1e8:64e8%en0', os.name: 'Mac OS X', os.arch: 'aarch64', os.version: '15.0.1', java.version: '17.0.7'
Driver info: com.kms.katalon.selenium.driver.CChromeDriver
Capabilities {acceptInsecureCerts: false, browserName: chrome, browserVersion: 129.0.6668.91, chrome: {chromedriverVersion: 128.0.6613.84 (606aa55c7d68..., userDataDir: /var/folders/t5/b7k67ybj7gz...}, fedcm:accounts: true, goog:chromeOptions: {debuggerAddress: localhost:54721}, javascriptEnabled: true, networkConnectionEnabled: false, pageLoadStrategy: normal, platform: MAC, platformName: MAC, proxy: Proxy(), setWindowRect: true, strictFileInteractability: false, timeouts: {implicit: 0, pageLoad: 300000, script: 30000}, unhandledPromptBehavior: dismiss and notify, webauthn:extension:credBlob: true, webauthn:extension:largeBlob: true, webauthn:extension:minPinLength: true, webauthn:extension:prf: true, webauthn:virtualAuthenticators: true}
Session ID: d58902c67903fa1fc5b92448f64eaa83
*** Element info: {Using=xpath, value=//button[contains(text(),'Đồng ý')]}
	at jdk.internal.reflect.GeneratedConstructorAccessor21.newInstance(Unknown Source)
	at java.base/jdk.internal.reflect.DelegatingConstructorAccessorImpl.newInstance(DelegatingConstructorAccessorImpl.java:45)
	at org.openqa.selenium.remote.http.W3CHttpResponseCodec.createException(W3CHttpResponseCodec.java:187)
	at org.openqa.selenium.remote.http.W3CHttpResponseCodec.decode(W3CHttpResponseCodec.java:122)
	at org.openqa.selenium.remote.http.W3CHttpResponseCodec.decode(W3CHttpResponseCodec.java:49)
	at org.openqa.selenium.remote.HttpCommandExecutor.execute(HttpCommandExecutor.java:158)
	at org.openqa.selenium.remote.service.DriverCommandExecutor.execute(DriverCommandExecutor.java:83)
	at org.openqa.selenium.remote.RemoteWebDriver.execute(RemoteWebDriver.java:552)
	at com.kms.katalon.selenium.driver.CChromeDriver.execute(CChromeDriver.java:19)
	at org.openqa.selenium.remote.RemoteWebDriver.findElement(RemoteWebDriver.java:323)
	at org.openqa.selenium.remote.RemoteWebDriver.findElementByXPath(RemoteWebDriver.java:428)
	at org.openqa.selenium.By$ByXPath.findElement(By.java:353)
	at org.openqa.selenium.remote.RemoteWebDriver.findElement(RemoteWebDriver.java:315)
	at jdk.internal.reflect.GeneratedMethodAccessor9.invoke(Unknown Source)
	at java.base/jdk.internal.reflect.DelegatingMethodAccessorImpl.invoke(DelegatingMethodAccessorImpl.java:43)
	at org.openqa.selenium.support.events.EventFiringWebDriver.lambda$new$1(EventFiringWebDriver.java:105)
	at jdk.proxy2/jdk.proxy2.$Proxy22.findElement(Unknown Source)
	at org.openqa.selenium.support.events.EventFiringWebDriver.findElement(EventFiringWebDriver.java:194)
	at TC_11_Kiểm tra khi hoàn tiền sau khi đã duyệt.run(TC_11_Kiểm tra khi hoàn tiền sau khi đã duyệt:52)
	at com.kms.katalon.core.main.ScriptEngine.run(ScriptEngine.java:194)
	at com.kms.katalon.core.main.ScriptEngine.runScriptAsRawText(ScriptEngine.java:119)
	at com.kms.katalon.core.main.TestCaseExecutor.runScript(TestCaseExecutor.java:448)
	at com.kms.katalon.core.main.TestCaseExecutor.doExecute(TestCaseExecutor.java:439)
	at com.kms.katalon.core.main.TestCaseExecutor.processExecutionPhase(TestCaseExecutor.java:418)
	at com.kms.katalon.core.main.TestCaseExecutor.accessMainPhase(TestCaseExecutor.java:410)
	at com.kms.katalon.core.main.TestCaseExecutor.execute(TestCaseExecutor.java:285)
	at com.kms.katalon.core.common.CommonExecutor.accessTestCaseMainPhase(CommonExecutor.java:65)
	at com.kms.katalon.core.main.TestSuiteExecutor.accessTestSuiteMainPhase(TestSuiteExecutor.java:150)
	at com.kms.katalon.core.main.TestSuiteExecutor.execute(TestSuiteExecutor.java:106)
	at com.kms.katalon.core.main.TestCaseMain.startTestSuite(TestCaseMain.java:180)
	at TempTestSuite1728747306042.run(TempTestSuite1728747306042.groovy:35)
	at java.base/jdk.internal.reflect.NativeMethodAccessorImpl.invoke0(Native Method)
	at java.base/jdk.internal.reflect.NativeMethodAccessorImpl.invoke(NativeMethodAccessorImpl.java:77)
	at java.base/jdk.internal.reflect.DelegatingMethodAccessorImpl.invoke(DelegatingMethodAccessorImpl.java:43)]]></system-err>
      </testcase>
      <system-out><![CDATA[12-10-2024T22:35:11 - [TEST_SUITE][ERROR] - Nạp tiền: Test Cases/Quản lý tài khoản merchant/Quản lý danh sách tài khoản/Nạp tiền/TC_02_Kiểm tra khi để trống các trường trong màn Nạp tiền FAILED.
Reason:
org.openqa.selenium.TimeoutException: Expected condition failed: waiting for visibility of element located by By.xpath: //span[@class='filter-option pull-left'][normalize-space()='dannt11'] (tried for 20 second(s) with 500 milliseconds interval)
	at org.openqa.selenium.support.ui.WebDriverWait.timeoutException(WebDriverWait.java:95)
	at org.openqa.selenium.support.ui.FluentWait.until(FluentWait.java:272)
	at TC_02_Kiểm tra khi để trống các trường trong màn Nạp tiền.run(TC_02_Kiểm tra khi để trống các trường trong màn Nạp tiền:40)
	at com.kms.katalon.core.main.ScriptEngine.run(ScriptEngine.java:194)
	at com.kms.katalon.core.main.ScriptEngine.runScriptAsRawText(ScriptEngine.java:119)
	at com.kms.katalon.core.main.TestCaseExecutor.runScript(TestCaseExecutor.java:448)
	at com.kms.katalon.core.main.TestCaseExecutor.doExecute(TestCaseExecutor.java:439)
	at com.kms.katalon.core.main.TestCaseExecutor.processExecutionPhase(TestCaseExecutor.java:418)
	at com.kms.katalon.core.main.TestCaseExecutor.accessMainPhase(TestCaseExecutor.java:410)
	at com.kms.katalon.core.main.TestCaseExecutor.execute(TestCaseExecutor.java:285)
	at com.kms.katalon.core.common.CommonExecutor.accessTestCaseMainPhase(CommonExecutor.java:65)
	at com.kms.katalon.core.main.TestSuiteExecutor.accessTestSuiteMainPhase(TestSuiteExecutor.java:150)
	at com.kms.katalon.core.main.TestSuiteExecutor.execute(TestSuiteExecutor.java:106)
	at com.kms.katalon.core.main.TestCaseMain.startTestSuite(TestCaseMain.java:180)
	at TempTestSuite1728747306042.run(TempTestSuite1728747306042.groovy:35)
	at java.base/jdk.internal.reflect.NativeMethodAccessorImpl.invoke0(Native Method)
	at java.base/jdk.internal.reflect.NativeMethodAccessorImpl.invoke(NativeMethodAccessorImpl.java:77)
	at java.base/jdk.internal.reflect.DelegatingMethodAccessorImpl.invoke(DelegatingMethodAccessorImpl.java:43)
Caused by: org.openqa.selenium.NoSuchElementException: no such element: Unable to locate element: {"method":"xpath","selector":"//span[@class='filter-option pull-left'][normalize-space()='dannt11']"}
  (Session info: chrome=129.0.6668.91)
For documentation on this error, please visit: https://www.seleniumhq.org/exceptions/no_such_element.html
Build info: version: '3.141.59', revision: 'unknown', time: 'unknown'
System info: host: 'Aidan', ip: '2405:4803:fd90:9ef0:35c5:6ea1:b1e8:64e8%en0', os.name: 'Mac OS X', os.arch: 'aarch64', os.version: '15.0.1', java.version: '17.0.7'
Driver info: com.kms.katalon.selenium.driver.CChromeDriver
Capabilities {acceptInsecureCerts: false, browserName: chrome, browserVersion: 129.0.6668.91, chrome: {chromedriverVersion: 128.0.6613.84 (606aa55c7d68..., userDataDir: /var/folders/t5/b7k67ybj7gz...}, fedcm:accounts: true, goog:chromeOptions: {debuggerAddress: localhost:54476}, javascriptEnabled: true, networkConnectionEnabled: false, pageLoadStrategy: normal, platform: MAC, platformName: MAC, proxy: Proxy(), setWindowRect: true, strictFileInteractability: false, timeouts: {implicit: 0, pageLoad: 300000, script: 30000}, unhandledPromptBehavior: dismiss and notify, webauthn:extension:credBlob: true, webauthn:extension:largeBlob: true, webauthn:extension:minPinLength: true, webauthn:extension:prf: true, webauthn:virtualAuthenticators: true}
Session ID: 25afc7689f9af6efb17fd8f3060666e5
*** Element info: {Using=xpath, value=//span[@class='filter-option pull-left'][normalize-space()='dannt11']}
	at jdk.internal.reflect.GeneratedConstructorAccessor21.newInstance(Unknown Source)
	at java.base/jdk.internal.reflect.DelegatingConstructorAccessorImpl.newInstance(DelegatingConstructorAccessorImpl.java:45)
	at org.openqa.selenium.remote.http.W3CHttpResponseCodec.createException(W3CHttpResponseCodec.java:187)
	at org.openqa.selenium.remote.http.W3CHttpResponseCodec.decode(W3CHttpResponseCodec.java:122)
	at org.openqa.selenium.remote.http.W3CHttpResponseCodec.decode(W3CHttpResponseCodec.java:49)
	at org.openqa.selenium.remote.HttpCommandExecutor.execute(HttpCommandExecutor.java:158)
	at org.openqa.selenium.remote.service.DriverCommandExecutor.execute(DriverCommandExecutor.java:83)
	at org.openqa.selenium.remote.RemoteWebDriver.execute(RemoteWebDriver.java:552)
	at com.kms.katalon.selenium.driver.CChromeDriver.execute(CChromeDriver.java:19)
	at org.openqa.selenium.remote.RemoteWebDriver.findElement(RemoteWebDriver.java:323)
	at org.openqa.selenium.remote.RemoteWebDriver.findElementByXPath(RemoteWebDriver.java:428)
	at org.openqa.selenium.By$ByXPath.findElement(By.java:353)
	at org.openqa.selenium.remote.RemoteWebDriver.findElement(RemoteWebDriver.java:315)
	at jdk.internal.reflect.GeneratedMethodAccessor9.invoke(Unknown Source)
	at java.base/jdk.internal.reflect.DelegatingMethodAccessorImpl.invoke(DelegatingMethodAccessorImpl.java:43)
	at org.openqa.selenium.support.events.EventFiringWebDriver.lambda$new$1(EventFiringWebDriver.java:105)
	at jdk.proxy2/jdk.proxy2.$Proxy22.findElement(Unknown Source)
	at org.openqa.selenium.support.events.EventFiringWebDriver.findElement(EventFiringWebDriver.java:194)
	at org.openqa.selenium.support.ui.ExpectedConditions$7.apply(ExpectedConditions.java:205)
	at org.openqa.selenium.support.ui.ExpectedConditions$7.apply(ExpectedConditions.java:201)
	at org.openqa.selenium.support.ui.FluentWait.until(FluentWait.java:249)
	... 16 more]]></system-out>
      <system-err><![CDATA[12-10-2024T22:35:11 - [TEST_SUITE][ERROR] - Nạp tiền: Test Cases/Quản lý tài khoản merchant/Quản lý danh sách tài khoản/Nạp tiền/TC_02_Kiểm tra khi để trống các trường trong màn Nạp tiền FAILED.
Reason:
org.openqa.selenium.TimeoutException: Expected condition failed: waiting for visibility of element located by By.xpath: //span[@class='filter-option pull-left'][normalize-space()='dannt11'] (tried for 20 second(s) with 500 milliseconds interval)
	at org.openqa.selenium.support.ui.WebDriverWait.timeoutException(WebDriverWait.java:95)
	at org.openqa.selenium.support.ui.FluentWait.until(FluentWait.java:272)
	at TC_02_Kiểm tra khi để trống các trường trong màn Nạp tiền.run(TC_02_Kiểm tra khi để trống các trường trong màn Nạp tiền:40)
	at com.kms.katalon.core.main.ScriptEngine.run(ScriptEngine.java:194)
	at com.kms.katalon.core.main.ScriptEngine.runScriptAsRawText(ScriptEngine.java:119)
	at com.kms.katalon.core.main.TestCaseExecutor.runScript(TestCaseExecutor.java:448)
	at com.kms.katalon.core.main.TestCaseExecutor.doExecute(TestCaseExecutor.java:439)
	at com.kms.katalon.core.main.TestCaseExecutor.processExecutionPhase(TestCaseExecutor.java:418)
	at com.kms.katalon.core.main.TestCaseExecutor.accessMainPhase(TestCaseExecutor.java:410)
	at com.kms.katalon.core.main.TestCaseExecutor.execute(TestCaseExecutor.java:285)
	at com.kms.katalon.core.common.CommonExecutor.accessTestCaseMainPhase(CommonExecutor.java:65)
	at com.kms.katalon.core.main.TestSuiteExecutor.accessTestSuiteMainPhase(TestSuiteExecutor.java:150)
	at com.kms.katalon.core.main.TestSuiteExecutor.execute(TestSuiteExecutor.java:106)
	at com.kms.katalon.core.main.TestCaseMain.startTestSuite(TestCaseMain.java:180)
	at TempTestSuite1728747306042.run(TempTestSuite1728747306042.groovy:35)
	at java.base/jdk.internal.reflect.NativeMethodAccessorImpl.invoke0(Native Method)
	at java.base/jdk.internal.reflect.NativeMethodAccessorImpl.invoke(NativeMethodAccessorImpl.java:77)
	at java.base/jdk.internal.reflect.DelegatingMethodAccessorImpl.invoke(DelegatingMethodAccessorImpl.java:43)
Caused by: org.openqa.selenium.NoSuchElementException: no such element: Unable to locate element: {"method":"xpath","selector":"//span[@class='filter-option pull-left'][normalize-space()='dannt11']"}
  (Session info: chrome=129.0.6668.91)
For documentation on this error, please visit: https://www.seleniumhq.org/exceptions/no_such_element.html
Build info: version: '3.141.59', revision: 'unknown', time: 'unknown'
System info: host: 'Aidan', ip: '2405:4803:fd90:9ef0:35c5:6ea1:b1e8:64e8%en0', os.name: 'Mac OS X', os.arch: 'aarch64', os.version: '15.0.1', java.version: '17.0.7'
Driver info: com.kms.katalon.selenium.driver.CChromeDriver
Capabilities {acceptInsecureCerts: false, browserName: chrome, browserVersion: 129.0.6668.91, chrome: {chromedriverVersion: 128.0.6613.84 (606aa55c7d68..., userDataDir: /var/folders/t5/b7k67ybj7gz...}, fedcm:accounts: true, goog:chromeOptions: {debuggerAddress: localhost:54476}, javascriptEnabled: true, networkConnectionEnabled: false, pageLoadStrategy: normal, platform: MAC, platformName: MAC, proxy: Proxy(), setWindowRect: true, strictFileInteractability: false, timeouts: {implicit: 0, pageLoad: 300000, script: 30000}, unhandledPromptBehavior: dismiss and notify, webauthn:extension:credBlob: true, webauthn:extension:largeBlob: true, webauthn:extension:minPinLength: true, webauthn:extension:prf: true, webauthn:virtualAuthenticators: true}
Session ID: 25afc7689f9af6efb17fd8f3060666e5
*** Element info: {Using=xpath, value=//span[@class='filter-option pull-left'][normalize-space()='dannt11']}
	at jdk.internal.reflect.GeneratedConstructorAccessor21.newInstance(Unknown Source)
	at java.base/jdk.internal.reflect.DelegatingConstructorAccessorImpl.newInstance(DelegatingConstructorAccessorImpl.java:45)
	at org.openqa.selenium.remote.http.W3CHttpResponseCodec.createException(W3CHttpResponseCodec.java:187)
	at org.openqa.selenium.remote.http.W3CHttpResponseCodec.decode(W3CHttpResponseCodec.java:122)
	at org.openqa.selenium.remote.http.W3CHttpResponseCodec.decode(W3CHttpResponseCodec.java:49)
	at org.openqa.selenium.remote.HttpCommandExecutor.execute(HttpCommandExecutor.java:158)
	at org.openqa.selenium.remote.service.DriverCommandExecutor.execute(DriverCommandExecutor.java:83)
	at org.openqa.selenium.remote.RemoteWebDriver.execute(RemoteWebDriver.java:552)
	at com.kms.katalon.selenium.driver.CChromeDriver.execute(CChromeDriver.java:19)
	at org.openqa.selenium.remote.RemoteWebDriver.findElement(RemoteWebDriver.java:323)
	at org.openqa.selenium.remote.RemoteWebDriver.findElementByXPath(RemoteWebDriver.java:428)
	at org.openqa.selenium.By$ByXPath.findElement(By.java:353)
	at org.openqa.selenium.remote.RemoteWebDriver.findElement(RemoteWebDriver.java:315)
	at jdk.internal.reflect.GeneratedMethodAccessor9.invoke(Unknown Source)
	at java.base/jdk.internal.reflect.DelegatingMethodAccessorImpl.invoke(DelegatingMethodAccessorImpl.java:43)
	at org.openqa.selenium.support.events.EventFiringWebDriver.lambda$new$1(EventFiringWebDriver.java:105)
	at jdk.proxy2/jdk.proxy2.$Proxy22.findElement(Unknown Source)
	at org.openqa.selenium.support.events.EventFiringWebDriver.findElement(EventFiringWebDriver.java:194)
	at org.openqa.selenium.support.ui.ExpectedConditions$7.apply(ExpectedConditions.java:205)
	at org.openqa.selenium.support.ui.ExpectedConditions$7.apply(ExpectedConditions.java:201)
	at org.openqa.selenium.support.ui.FluentWait.until(FluentWait.java:249)
	... 16 more]]></system-err>
   </testsuite>
</testsuites>
